<?xml version="1.0" encoding="UTF-8"?>
<testsuite name="ru.stqa.pfr.sandbox.PointTest" tests="1" skipped="0" failures="0" errors="0" timestamp="2020-09-20T10:06:06" hostname="WIN-NSFR499DEQ9" time="0.004">
  <properties/>
  <testcase name="testArea" classname="ru.stqa.pfr.sandbox.PointTest" time="0.004"/>
  <system-out><![CDATA[]]></system-out>
  <system-err><![CDATA[]]></system-err>
</testsuite>
