<?xml version="1.0" encoding="UTF-8"?>
<testsuite name="ru.stqa.pfr.sandbox.EquationTest" tests="6" skipped="0" failures="0" errors="0" timestamp="2020-09-20T10:06:06" hostname="WIN-NSFR499DEQ9" time="0.012">
  <properties/>
  <testcase name="test0" classname="ru.stqa.pfr.sandbox.EquationTest" time="0.008"/>
  <testcase name="test1" classname="ru.stqa.pfr.sandbox.EquationTest" time="0.0"/>
  <testcase name="test2" classname="ru.stqa.pfr.sandbox.EquationTest" time="0.0"/>
  <testcase name="testConstanta" classname="ru.stqa.pfr.sandbox.EquationTest" time="0.0"/>
  <testcase name="testLinear" classname="ru.stqa.pfr.sandbox.EquationTest" time="0.0"/>
  <testcase name="testZero" classname="ru.stqa.pfr.sandbox.EquationTest" time="0.0"/>
  <system-out><![CDATA[]]></system-out>
  <system-err><![CDATA[]]></system-err>
</testsuite>
