<?xml version="1.0" encoding="UTF-8"?>
<testsuite name="ru.stqa.pft.addressbook.tests.GroupCreationTests" tests="11" skipped="0" failures="0" errors="0" timestamp="2020-09-22T19:10:38" hostname="WIN-NSFR499DEQ9" time="19.251">
  <properties/>
  <testcase name="testBadGroupCreation" classname="ru.stqa.pft.addressbook.tests.GroupCreationTests" time="1.984"/>
  <testcase name="testGroupCreation[0](GroupData{id='0', name='test 0'})" classname="ru.stqa.pft.addressbook.tests.GroupCreationTests" time="1.734"/>
  <testcase name="testGroupCreation[1](GroupData{id='0', name='test 1'})" classname="ru.stqa.pft.addressbook.tests.GroupCreationTests" time="1.806"/>
  <testcase name="testGroupCreation[2](GroupData{id='0', name='test 2'})" classname="ru.stqa.pft.addressbook.tests.GroupCreationTests" time="1.796"/>
  <testcase name="testGroupCreation[3](GroupData{id='0', name='test 3'})" classname="ru.stqa.pft.addressbook.tests.GroupCreationTests" time="1.725"/>
  <testcase name="testGroupCreation[4](GroupData{id='0', name='test 4'})" classname="ru.stqa.pft.addressbook.tests.GroupCreationTests" time="1.651"/>
  <testcase name="testGroupCreation[5](GroupData{id='0', name='test 5'})" classname="ru.stqa.pft.addressbook.tests.GroupCreationTests" time="1.654"/>
  <testcase name="testGroupCreation[6](GroupData{id='0', name='test 6'})" classname="ru.stqa.pft.addressbook.tests.GroupCreationTests" time="1.679"/>
  <testcase name="testGroupCreation[7](GroupData{id='0', name='test 7'})" classname="ru.stqa.pft.addressbook.tests.GroupCreationTests" time="1.68"/>
  <testcase name="testGroupCreation[8](GroupData{id='0', name='test 8'})" classname="ru.stqa.pft.addressbook.tests.GroupCreationTests" time="1.704"/>
  <testcase name="testGroupCreation[9](GroupData{id='0', name='test 9'})" classname="ru.stqa.pft.addressbook.tests.GroupCreationTests" time="1.65"/>
  <system-out><![CDATA[22:10:38.123 [Test worker] INFO  r.s.pft.addressbook.tests.TestBase - Start testtestBadGroupCreation with parameters []
Hibernate: select groupdata0_.group_id as group_id1_2_, groupdata0_.group_footer as group_fo2_2_, groupdata0_.group_header as group_he3_2_, groupdata0_.group_name as group_na4_2_ from group_list groupdata0_
Hibernate: select contacts0_.group_id as group_id2_0_0_, contacts0_.id as id1_0_0_, contactdat1_.id as id1_1_1_, contactdat1_.address as address2_1_1_, contactdat1_.bmonth as bmonth3_1_1_, contactdat1_.byear as byear4_1_1_, contactdat1_.email as email5_1_1_, contactdat1_.email2 as email6_1_1_, contactdat1_.email3 as email7_1_1_, contactdat1_.firstname as firstnam8_1_1_, contactdat1_.home as home9_1_1_, contactdat1_.lastname as lastnam10_1_1_, contactdat1_.middlename as middlen11_1_1_, contactdat1_.mobile as mobile12_1_1_, contactdat1_.photo as photo13_1_1_, contactdat1_.work as work14_1_1_ from address_in_groups contacts0_ inner join addressbook contactdat1_ on contacts0_.id=contactdat1_.id where contacts0_.group_id=?
Hibernate: select contacts0_.group_id as group_id2_0_0_, contacts0_.id as id1_0_0_, contactdat1_.id as id1_1_1_, contactdat1_.address as address2_1_1_, contactdat1_.bmonth as bmonth3_1_1_, contactdat1_.byear as byear4_1_1_, contactdat1_.email as email5_1_1_, contactdat1_.email2 as email6_1_1_, contactdat1_.email3 as email7_1_1_, contactdat1_.firstname as firstnam8_1_1_, contactdat1_.home as home9_1_1_, contactdat1_.lastname as lastnam10_1_1_, contactdat1_.middlename as middlen11_1_1_, contactdat1_.mobile as mobile12_1_1_, contactdat1_.photo as photo13_1_1_, contactdat1_.work as work14_1_1_ from address_in_groups contacts0_ inner join addressbook contactdat1_ on contacts0_.id=contactdat1_.id where contacts0_.group_id=?
Hibernate: select contacts0_.group_id as group_id2_0_0_, contacts0_.id as id1_0_0_, contactdat1_.id as id1_1_1_, contactdat1_.address as address2_1_1_, contactdat1_.bmonth as bmonth3_1_1_, contactdat1_.byear as byear4_1_1_, contactdat1_.email as email5_1_1_, contactdat1_.email2 as email6_1_1_, contactdat1_.email3 as email7_1_1_, contactdat1_.firstname as firstnam8_1_1_, contactdat1_.home as home9_1_1_, contactdat1_.lastname as lastnam10_1_1_, contactdat1_.middlename as middlen11_1_1_, contactdat1_.mobile as mobile12_1_1_, contactdat1_.photo as photo13_1_1_, contactdat1_.work as work14_1_1_ from address_in_groups contacts0_ inner join addressbook contactdat1_ on contacts0_.id=contactdat1_.id where contacts0_.group_id=?
Hibernate: select contacts0_.group_id as group_id2_0_0_, contacts0_.id as id1_0_0_, contactdat1_.id as id1_1_1_, contactdat1_.address as address2_1_1_, contactdat1_.bmonth as bmonth3_1_1_, contactdat1_.byear as byear4_1_1_, contactdat1_.email as email5_1_1_, contactdat1_.email2 as email6_1_1_, contactdat1_.email3 as email7_1_1_, contactdat1_.firstname as firstnam8_1_1_, contactdat1_.home as home9_1_1_, contactdat1_.lastname as lastnam10_1_1_, contactdat1_.middlename as middlen11_1_1_, contactdat1_.mobile as mobile12_1_1_, contactdat1_.photo as photo13_1_1_, contactdat1_.work as work14_1_1_ from address_in_groups contacts0_ inner join addressbook contactdat1_ on contacts0_.id=contactdat1_.id where contacts0_.group_id=?
Hibernate: select contacts0_.group_id as group_id2_0_0_, contacts0_.id as id1_0_0_, contactdat1_.id as id1_1_1_, contactdat1_.address as address2_1_1_, contactdat1_.bmonth as bmonth3_1_1_, contactdat1_.byear as byear4_1_1_, contactdat1_.email as email5_1_1_, contactdat1_.email2 as email6_1_1_, contactdat1_.email3 as email7_1_1_, contactdat1_.firstname as firstnam8_1_1_, contactdat1_.home as home9_1_1_, contactdat1_.lastname as lastnam10_1_1_, contactdat1_.middlename as middlen11_1_1_, contactdat1_.mobile as mobile12_1_1_, contactdat1_.photo as photo13_1_1_, contactdat1_.work as work14_1_1_ from address_in_groups contacts0_ inner join addressbook contactdat1_ on contacts0_.id=contactdat1_.id where contacts0_.group_id=?
Hibernate: select contacts0_.group_id as group_id2_0_0_, contacts0_.id as id1_0_0_, contactdat1_.id as id1_1_1_, contactdat1_.address as address2_1_1_, contactdat1_.bmonth as bmonth3_1_1_, contactdat1_.byear as byear4_1_1_, contactdat1_.email as email5_1_1_, contactdat1_.email2 as email6_1_1_, contactdat1_.email3 as email7_1_1_, contactdat1_.firstname as firstnam8_1_1_, contactdat1_.home as home9_1_1_, contactdat1_.lastname as lastnam10_1_1_, contactdat1_.middlename as middlen11_1_1_, contactdat1_.mobile as mobile12_1_1_, contactdat1_.photo as photo13_1_1_, contactdat1_.work as work14_1_1_ from address_in_groups contacts0_ inner join addressbook contactdat1_ on contacts0_.id=contactdat1_.id where contacts0_.group_id=?
Hibernate: select contacts0_.group_id as group_id2_0_0_, contacts0_.id as id1_0_0_, contactdat1_.id as id1_1_1_, contactdat1_.address as address2_1_1_, contactdat1_.bmonth as bmonth3_1_1_, contactdat1_.byear as byear4_1_1_, contactdat1_.email as email5_1_1_, contactdat1_.email2 as email6_1_1_, contactdat1_.email3 as email7_1_1_, contactdat1_.firstname as firstnam8_1_1_, contactdat1_.home as home9_1_1_, contactdat1_.lastname as lastnam10_1_1_, contactdat1_.middlename as middlen11_1_1_, contactdat1_.mobile as mobile12_1_1_, contactdat1_.photo as photo13_1_1_, contactdat1_.work as work14_1_1_ from address_in_groups contacts0_ inner join addressbook contactdat1_ on contacts0_.id=contactdat1_.id where contacts0_.group_id=?
Hibernate: select contacts0_.group_id as group_id2_0_0_, contacts0_.id as id1_0_0_, contactdat1_.id as id1_1_1_, contactdat1_.address as address2_1_1_, contactdat1_.bmonth as bmonth3_1_1_, contactdat1_.byear as byear4_1_1_, contactdat1_.email as email5_1_1_, contactdat1_.email2 as email6_1_1_, contactdat1_.email3 as email7_1_1_, contactdat1_.firstname as firstnam8_1_1_, contactdat1_.home as home9_1_1_, contactdat1_.lastname as lastnam10_1_1_, contactdat1_.middlename as middlen11_1_1_, contactdat1_.mobile as mobile12_1_1_, contactdat1_.photo as photo13_1_1_, contactdat1_.work as work14_1_1_ from address_in_groups contacts0_ inner join addressbook contactdat1_ on contacts0_.id=contactdat1_.id where contacts0_.group_id=?
Hibernate: select contacts0_.group_id as group_id2_0_0_, contacts0_.id as id1_0_0_, contactdat1_.id as id1_1_1_, contactdat1_.address as address2_1_1_, contactdat1_.bmonth as bmonth3_1_1_, contactdat1_.byear as byear4_1_1_, contactdat1_.email as email5_1_1_, contactdat1_.email2 as email6_1_1_, contactdat1_.email3 as email7_1_1_, contactdat1_.firstname as firstnam8_1_1_, contactdat1_.home as home9_1_1_, contactdat1_.lastname as lastnam10_1_1_, contactdat1_.middlename as middlen11_1_1_, contactdat1_.mobile as mobile12_1_1_, contactdat1_.photo as photo13_1_1_, contactdat1_.work as work14_1_1_ from address_in_groups contacts0_ inner join addressbook contactdat1_ on contacts0_.id=contactdat1_.id where contacts0_.group_id=?
Hibernate: select contacts0_.group_id as group_id2_0_0_, contacts0_.id as id1_0_0_, contactdat1_.id as id1_1_1_, contactdat1_.address as address2_1_1_, contactdat1_.bmonth as bmonth3_1_1_, contactdat1_.byear as byear4_1_1_, contactdat1_.email as email5_1_1_, contactdat1_.email2 as email6_1_1_, contactdat1_.email3 as email7_1_1_, contactdat1_.firstname as firstnam8_1_1_, contactdat1_.home as home9_1_1_, contactdat1_.lastname as lastnam10_1_1_, contactdat1_.middlename as middlen11_1_1_, contactdat1_.mobile as mobile12_1_1_, contactdat1_.photo as photo13_1_1_, contactdat1_.work as work14_1_1_ from address_in_groups contacts0_ inner join addressbook contactdat1_ on contacts0_.id=contactdat1_.id where contacts0_.group_id=?
Hibernate: select contacts0_.group_id as group_id2_0_0_, contacts0_.id as id1_0_0_, contactdat1_.id as id1_1_1_, contactdat1_.address as address2_1_1_, contactdat1_.bmonth as bmonth3_1_1_, contactdat1_.byear as byear4_1_1_, contactdat1_.email as email5_1_1_, contactdat1_.email2 as email6_1_1_, contactdat1_.email3 as email7_1_1_, contactdat1_.firstname as firstnam8_1_1_, contactdat1_.home as home9_1_1_, contactdat1_.lastname as lastnam10_1_1_, contactdat1_.middlename as middlen11_1_1_, contactdat1_.mobile as mobile12_1_1_, contactdat1_.photo as photo13_1_1_, contactdat1_.work as work14_1_1_ from address_in_groups contacts0_ inner join addressbook contactdat1_ on contacts0_.id=contactdat1_.id where contacts0_.group_id=?
Hibernate: select contacts0_.group_id as group_id2_0_0_, contacts0_.id as id1_0_0_, contactdat1_.id as id1_1_1_, contactdat1_.address as address2_1_1_, contactdat1_.bmonth as bmonth3_1_1_, contactdat1_.byear as byear4_1_1_, contactdat1_.email as email5_1_1_, contactdat1_.email2 as email6_1_1_, contactdat1_.email3 as email7_1_1_, contactdat1_.firstname as firstnam8_1_1_, contactdat1_.home as home9_1_1_, contactdat1_.lastname as lastnam10_1_1_, contactdat1_.middlename as middlen11_1_1_, contactdat1_.mobile as mobile12_1_1_, contactdat1_.photo as photo13_1_1_, contactdat1_.work as work14_1_1_ from address_in_groups contacts0_ inner join addressbook contactdat1_ on contacts0_.id=contactdat1_.id where contacts0_.group_id=?
Hibernate: select contacts0_.group_id as group_id2_0_0_, contacts0_.id as id1_0_0_, contactdat1_.id as id1_1_1_, contactdat1_.address as address2_1_1_, contactdat1_.bmonth as bmonth3_1_1_, contactdat1_.byear as byear4_1_1_, contactdat1_.email as email5_1_1_, contactdat1_.email2 as email6_1_1_, contactdat1_.email3 as email7_1_1_, contactdat1_.firstname as firstnam8_1_1_, contactdat1_.home as home9_1_1_, contactdat1_.lastname as lastnam10_1_1_, contactdat1_.middlename as middlen11_1_1_, contactdat1_.mobile as mobile12_1_1_, contactdat1_.photo as photo13_1_1_, contactdat1_.work as work14_1_1_ from address_in_groups contacts0_ inner join addressbook contactdat1_ on contacts0_.id=contactdat1_.id where contacts0_.group_id=?
Hibernate: select contacts0_.group_id as group_id2_0_0_, contacts0_.id as id1_0_0_, contactdat1_.id as id1_1_1_, contactdat1_.address as address2_1_1_, contactdat1_.bmonth as bmonth3_1_1_, contactdat1_.byear as byear4_1_1_, contactdat1_.email as email5_1_1_, contactdat1_.email2 as email6_1_1_, contactdat1_.email3 as email7_1_1_, contactdat1_.firstname as firstnam8_1_1_, contactdat1_.home as home9_1_1_, contactdat1_.lastname as lastnam10_1_1_, contactdat1_.middlename as middlen11_1_1_, contactdat1_.mobile as mobile12_1_1_, contactdat1_.photo as photo13_1_1_, contactdat1_.work as work14_1_1_ from address_in_groups contacts0_ inner join addressbook contactdat1_ on contacts0_.id=contactdat1_.id where contacts0_.group_id=?
Hibernate: select contacts0_.group_id as group_id2_0_0_, contacts0_.id as id1_0_0_, contactdat1_.id as id1_1_1_, contactdat1_.address as address2_1_1_, contactdat1_.bmonth as bmonth3_1_1_, contactdat1_.byear as byear4_1_1_, contactdat1_.email as email5_1_1_, contactdat1_.email2 as email6_1_1_, contactdat1_.email3 as email7_1_1_, contactdat1_.firstname as firstnam8_1_1_, contactdat1_.home as home9_1_1_, contactdat1_.lastname as lastnam10_1_1_, contactdat1_.middlename as middlen11_1_1_, contactdat1_.mobile as mobile12_1_1_, contactdat1_.photo as photo13_1_1_, contactdat1_.work as work14_1_1_ from address_in_groups contacts0_ inner join addressbook contactdat1_ on contacts0_.id=contactdat1_.id where contacts0_.group_id=?
Hibernate: select contacts0_.group_id as group_id2_0_0_, contacts0_.id as id1_0_0_, contactdat1_.id as id1_1_1_, contactdat1_.address as address2_1_1_, contactdat1_.bmonth as bmonth3_1_1_, contactdat1_.byear as byear4_1_1_, contactdat1_.email as email5_1_1_, contactdat1_.email2 as email6_1_1_, contactdat1_.email3 as email7_1_1_, contactdat1_.firstname as firstnam8_1_1_, contactdat1_.home as home9_1_1_, contactdat1_.lastname as lastnam10_1_1_, contactdat1_.middlename as middlen11_1_1_, contactdat1_.mobile as mobile12_1_1_, contactdat1_.photo as photo13_1_1_, contactdat1_.work as work14_1_1_ from address_in_groups contacts0_ inner join addressbook contactdat1_ on contacts0_.id=contactdat1_.id where contacts0_.group_id=?
Hibernate: select contacts0_.group_id as group_id2_0_0_, contacts0_.id as id1_0_0_, contactdat1_.id as id1_1_1_, contactdat1_.address as address2_1_1_, contactdat1_.bmonth as bmonth3_1_1_, contactdat1_.byear as byear4_1_1_, contactdat1_.email as email5_1_1_, contactdat1_.email2 as email6_1_1_, contactdat1_.email3 as email7_1_1_, contactdat1_.firstname as firstnam8_1_1_, contactdat1_.home as home9_1_1_, contactdat1_.lastname as lastnam10_1_1_, contactdat1_.middlename as middlen11_1_1_, contactdat1_.mobile as mobile12_1_1_, contactdat1_.photo as photo13_1_1_, contactdat1_.work as work14_1_1_ from address_in_groups contacts0_ inner join addressbook contactdat1_ on contacts0_.id=contactdat1_.id where contacts0_.group_id=?
Hibernate: select contacts0_.group_id as group_id2_0_0_, contacts0_.id as id1_0_0_, contactdat1_.id as id1_1_1_, contactdat1_.address as address2_1_1_, contactdat1_.bmonth as bmonth3_1_1_, contactdat1_.byear as byear4_1_1_, contactdat1_.email as email5_1_1_, contactdat1_.email2 as email6_1_1_, contactdat1_.email3 as email7_1_1_, contactdat1_.firstname as firstnam8_1_1_, contactdat1_.home as home9_1_1_, contactdat1_.lastname as lastnam10_1_1_, contactdat1_.middlename as middlen11_1_1_, contactdat1_.mobile as mobile12_1_1_, contactdat1_.photo as photo13_1_1_, contactdat1_.work as work14_1_1_ from address_in_groups contacts0_ inner join addressbook contactdat1_ on contacts0_.id=contactdat1_.id where contacts0_.group_id=?
Hibernate: select contacts0_.group_id as group_id2_0_0_, contacts0_.id as id1_0_0_, contactdat1_.id as id1_1_1_, contactdat1_.address as address2_1_1_, contactdat1_.bmonth as bmonth3_1_1_, contactdat1_.byear as byear4_1_1_, contactdat1_.email as email5_1_1_, contactdat1_.email2 as email6_1_1_, contactdat1_.email3 as email7_1_1_, contactdat1_.firstname as firstnam8_1_1_, contactdat1_.home as home9_1_1_, contactdat1_.lastname as lastnam10_1_1_, contactdat1_.middlename as middlen11_1_1_, contactdat1_.mobile as mobile12_1_1_, contactdat1_.photo as photo13_1_1_, contactdat1_.work as work14_1_1_ from address_in_groups contacts0_ inner join addressbook contactdat1_ on contacts0_.id=contactdat1_.id where contacts0_.group_id=?
Hibernate: select contacts0_.group_id as group_id2_0_0_, contacts0_.id as id1_0_0_, contactdat1_.id as id1_1_1_, contactdat1_.address as address2_1_1_, contactdat1_.bmonth as bmonth3_1_1_, contactdat1_.byear as byear4_1_1_, contactdat1_.email as email5_1_1_, contactdat1_.email2 as email6_1_1_, contactdat1_.email3 as email7_1_1_, contactdat1_.firstname as firstnam8_1_1_, contactdat1_.home as home9_1_1_, contactdat1_.lastname as lastnam10_1_1_, contactdat1_.middlename as middlen11_1_1_, contactdat1_.mobile as mobile12_1_1_, contactdat1_.photo as photo13_1_1_, contactdat1_.work as work14_1_1_ from address_in_groups contacts0_ inner join addressbook contactdat1_ on contacts0_.id=contactdat1_.id where contacts0_.group_id=?
Hibernate: select contacts0_.group_id as group_id2_0_0_, contacts0_.id as id1_0_0_, contactdat1_.id as id1_1_1_, contactdat1_.address as address2_1_1_, contactdat1_.bmonth as bmonth3_1_1_, contactdat1_.byear as byear4_1_1_, contactdat1_.email as email5_1_1_, contactdat1_.email2 as email6_1_1_, contactdat1_.email3 as email7_1_1_, contactdat1_.firstname as firstnam8_1_1_, contactdat1_.home as home9_1_1_, contactdat1_.lastname as lastnam10_1_1_, contactdat1_.middlename as middlen11_1_1_, contactdat1_.mobile as mobile12_1_1_, contactdat1_.photo as photo13_1_1_, contactdat1_.work as work14_1_1_ from address_in_groups contacts0_ inner join addressbook contactdat1_ on contacts0_.id=contactdat1_.id where contacts0_.group_id=?
Hibernate: select contacts0_.group_id as group_id2_0_0_, contacts0_.id as id1_0_0_, contactdat1_.id as id1_1_1_, contactdat1_.address as address2_1_1_, contactdat1_.bmonth as bmonth3_1_1_, contactdat1_.byear as byear4_1_1_, contactdat1_.email as email5_1_1_, contactdat1_.email2 as email6_1_1_, contactdat1_.email3 as email7_1_1_, contactdat1_.firstname as firstnam8_1_1_, contactdat1_.home as home9_1_1_, contactdat1_.lastname as lastnam10_1_1_, contactdat1_.middlename as middlen11_1_1_, contactdat1_.mobile as mobile12_1_1_, contactdat1_.photo as photo13_1_1_, contactdat1_.work as work14_1_1_ from address_in_groups contacts0_ inner join addressbook contactdat1_ on contacts0_.id=contactdat1_.id where contacts0_.group_id=?
Hibernate: select contacts0_.group_id as group_id2_0_0_, contacts0_.id as id1_0_0_, contactdat1_.id as id1_1_1_, contactdat1_.address as address2_1_1_, contactdat1_.bmonth as bmonth3_1_1_, contactdat1_.byear as byear4_1_1_, contactdat1_.email as email5_1_1_, contactdat1_.email2 as email6_1_1_, contactdat1_.email3 as email7_1_1_, contactdat1_.firstname as firstnam8_1_1_, contactdat1_.home as home9_1_1_, contactdat1_.lastname as lastnam10_1_1_, contactdat1_.middlename as middlen11_1_1_, contactdat1_.mobile as mobile12_1_1_, contactdat1_.photo as photo13_1_1_, contactdat1_.work as work14_1_1_ from address_in_groups contacts0_ inner join addressbook contactdat1_ on contacts0_.id=contactdat1_.id where contacts0_.group_id=?
Hibernate: select contacts0_.group_id as group_id2_0_0_, contacts0_.id as id1_0_0_, contactdat1_.id as id1_1_1_, contactdat1_.address as address2_1_1_, contactdat1_.bmonth as bmonth3_1_1_, contactdat1_.byear as byear4_1_1_, contactdat1_.email as email5_1_1_, contactdat1_.email2 as email6_1_1_, contactdat1_.email3 as email7_1_1_, contactdat1_.firstname as firstnam8_1_1_, contactdat1_.home as home9_1_1_, contactdat1_.lastname as lastnam10_1_1_, contactdat1_.middlename as middlen11_1_1_, contactdat1_.mobile as mobile12_1_1_, contactdat1_.photo as photo13_1_1_, contactdat1_.work as work14_1_1_ from address_in_groups contacts0_ inner join addressbook contactdat1_ on contacts0_.id=contactdat1_.id where contacts0_.group_id=?
Hibernate: select contacts0_.group_id as group_id2_0_0_, contacts0_.id as id1_0_0_, contactdat1_.id as id1_1_1_, contactdat1_.address as address2_1_1_, contactdat1_.bmonth as bmonth3_1_1_, contactdat1_.byear as byear4_1_1_, contactdat1_.email as email5_1_1_, contactdat1_.email2 as email6_1_1_, contactdat1_.email3 as email7_1_1_, contactdat1_.firstname as firstnam8_1_1_, contactdat1_.home as home9_1_1_, contactdat1_.lastname as lastnam10_1_1_, contactdat1_.middlename as middlen11_1_1_, contactdat1_.mobile as mobile12_1_1_, contactdat1_.photo as photo13_1_1_, contactdat1_.work as work14_1_1_ from address_in_groups contacts0_ inner join addressbook contactdat1_ on contacts0_.id=contactdat1_.id where contacts0_.group_id=?
Hibernate: select contacts0_.group_id as group_id2_0_0_, contacts0_.id as id1_0_0_, contactdat1_.id as id1_1_1_, contactdat1_.address as address2_1_1_, contactdat1_.bmonth as bmonth3_1_1_, contactdat1_.byear as byear4_1_1_, contactdat1_.email as email5_1_1_, contactdat1_.email2 as email6_1_1_, contactdat1_.email3 as email7_1_1_, contactdat1_.firstname as firstnam8_1_1_, contactdat1_.home as home9_1_1_, contactdat1_.lastname as lastnam10_1_1_, contactdat1_.middlename as middlen11_1_1_, contactdat1_.mobile as mobile12_1_1_, contactdat1_.photo as photo13_1_1_, contactdat1_.work as work14_1_1_ from address_in_groups contacts0_ inner join addressbook contactdat1_ on contacts0_.id=contactdat1_.id where contacts0_.group_id=?
Hibernate: select contacts0_.group_id as group_id2_0_0_, contacts0_.id as id1_0_0_, contactdat1_.id as id1_1_1_, contactdat1_.address as address2_1_1_, contactdat1_.bmonth as bmonth3_1_1_, contactdat1_.byear as byear4_1_1_, contactdat1_.email as email5_1_1_, contactdat1_.email2 as email6_1_1_, contactdat1_.email3 as email7_1_1_, contactdat1_.firstname as firstnam8_1_1_, contactdat1_.home as home9_1_1_, contactdat1_.lastname as lastnam10_1_1_, contactdat1_.middlename as middlen11_1_1_, contactdat1_.mobile as mobile12_1_1_, contactdat1_.photo as photo13_1_1_, contactdat1_.work as work14_1_1_ from address_in_groups contacts0_ inner join addressbook contactdat1_ on contacts0_.id=contactdat1_.id where contacts0_.group_id=?
Hibernate: select contacts0_.group_id as group_id2_0_0_, contacts0_.id as id1_0_0_, contactdat1_.id as id1_1_1_, contactdat1_.address as address2_1_1_, contactdat1_.bmonth as bmonth3_1_1_, contactdat1_.byear as byear4_1_1_, contactdat1_.email as email5_1_1_, contactdat1_.email2 as email6_1_1_, contactdat1_.email3 as email7_1_1_, contactdat1_.firstname as firstnam8_1_1_, contactdat1_.home as home9_1_1_, contactdat1_.lastname as lastnam10_1_1_, contactdat1_.middlename as middlen11_1_1_, contactdat1_.mobile as mobile12_1_1_, contactdat1_.photo as photo13_1_1_, contactdat1_.work as work14_1_1_ from address_in_groups contacts0_ inner join addressbook contactdat1_ on contacts0_.id=contactdat1_.id where contacts0_.group_id=?
Hibernate: select contacts0_.group_id as group_id2_0_0_, contacts0_.id as id1_0_0_, contactdat1_.id as id1_1_1_, contactdat1_.address as address2_1_1_, contactdat1_.bmonth as bmonth3_1_1_, contactdat1_.byear as byear4_1_1_, contactdat1_.email as email5_1_1_, contactdat1_.email2 as email6_1_1_, contactdat1_.email3 as email7_1_1_, contactdat1_.firstname as firstnam8_1_1_, contactdat1_.home as home9_1_1_, contactdat1_.lastname as lastnam10_1_1_, contactdat1_.middlename as middlen11_1_1_, contactdat1_.mobile as mobile12_1_1_, contactdat1_.photo as photo13_1_1_, contactdat1_.work as work14_1_1_ from address_in_groups contacts0_ inner join addressbook contactdat1_ on contacts0_.id=contactdat1_.id where contacts0_.group_id=?
Hibernate: select contacts0_.group_id as group_id2_0_0_, contacts0_.id as id1_0_0_, contactdat1_.id as id1_1_1_, contactdat1_.address as address2_1_1_, contactdat1_.bmonth as bmonth3_1_1_, contactdat1_.byear as byear4_1_1_, contactdat1_.email as email5_1_1_, contactdat1_.email2 as email6_1_1_, contactdat1_.email3 as email7_1_1_, contactdat1_.firstname as firstnam8_1_1_, contactdat1_.home as home9_1_1_, contactdat1_.lastname as lastnam10_1_1_, contactdat1_.middlename as middlen11_1_1_, contactdat1_.mobile as mobile12_1_1_, contactdat1_.photo as photo13_1_1_, contactdat1_.work as work14_1_1_ from address_in_groups contacts0_ inner join addressbook contactdat1_ on contacts0_.id=contactdat1_.id where contacts0_.group_id=?
Hibernate: select contacts0_.group_id as group_id2_0_0_, contacts0_.id as id1_0_0_, contactdat1_.id as id1_1_1_, contactdat1_.address as address2_1_1_, contactdat1_.bmonth as bmonth3_1_1_, contactdat1_.byear as byear4_1_1_, contactdat1_.email as email5_1_1_, contactdat1_.email2 as email6_1_1_, contactdat1_.email3 as email7_1_1_, contactdat1_.firstname as firstnam8_1_1_, contactdat1_.home as home9_1_1_, contactdat1_.lastname as lastnam10_1_1_, contactdat1_.middlename as middlen11_1_1_, contactdat1_.mobile as mobile12_1_1_, contactdat1_.photo as photo13_1_1_, contactdat1_.work as work14_1_1_ from address_in_groups contacts0_ inner join addressbook contactdat1_ on contacts0_.id=contactdat1_.id where contacts0_.group_id=?
Hibernate: select contacts0_.group_id as group_id2_0_0_, contacts0_.id as id1_0_0_, contactdat1_.id as id1_1_1_, contactdat1_.address as address2_1_1_, contactdat1_.bmonth as bmonth3_1_1_, contactdat1_.byear as byear4_1_1_, contactdat1_.email as email5_1_1_, contactdat1_.email2 as email6_1_1_, contactdat1_.email3 as email7_1_1_, contactdat1_.firstname as firstnam8_1_1_, contactdat1_.home as home9_1_1_, contactdat1_.lastname as lastnam10_1_1_, contactdat1_.middlename as middlen11_1_1_, contactdat1_.mobile as mobile12_1_1_, contactdat1_.photo as photo13_1_1_, contactdat1_.work as work14_1_1_ from address_in_groups contacts0_ inner join addressbook contactdat1_ on contacts0_.id=contactdat1_.id where contacts0_.group_id=?
Hibernate: select contacts0_.group_id as group_id2_0_0_, contacts0_.id as id1_0_0_, contactdat1_.id as id1_1_1_, contactdat1_.address as address2_1_1_, contactdat1_.bmonth as bmonth3_1_1_, contactdat1_.byear as byear4_1_1_, contactdat1_.email as email5_1_1_, contactdat1_.email2 as email6_1_1_, contactdat1_.email3 as email7_1_1_, contactdat1_.firstname as firstnam8_1_1_, contactdat1_.home as home9_1_1_, contactdat1_.lastname as lastnam10_1_1_, contactdat1_.middlename as middlen11_1_1_, contactdat1_.mobile as mobile12_1_1_, contactdat1_.photo as photo13_1_1_, contactdat1_.work as work14_1_1_ from address_in_groups contacts0_ inner join addressbook contactdat1_ on contacts0_.id=contactdat1_.id where contacts0_.group_id=?
Hibernate: select contacts0_.group_id as group_id2_0_0_, contacts0_.id as id1_0_0_, contactdat1_.id as id1_1_1_, contactdat1_.address as address2_1_1_, contactdat1_.bmonth as bmonth3_1_1_, contactdat1_.byear as byear4_1_1_, contactdat1_.email as email5_1_1_, contactdat1_.email2 as email6_1_1_, contactdat1_.email3 as email7_1_1_, contactdat1_.firstname as firstnam8_1_1_, contactdat1_.home as home9_1_1_, contactdat1_.lastname as lastnam10_1_1_, contactdat1_.middlename as middlen11_1_1_, contactdat1_.mobile as mobile12_1_1_, contactdat1_.photo as photo13_1_1_, contactdat1_.work as work14_1_1_ from address_in_groups contacts0_ inner join addressbook contactdat1_ on contacts0_.id=contactdat1_.id where contacts0_.group_id=?
Hibernate: select contacts0_.group_id as group_id2_0_0_, contacts0_.id as id1_0_0_, contactdat1_.id as id1_1_1_, contactdat1_.address as address2_1_1_, contactdat1_.bmonth as bmonth3_1_1_, contactdat1_.byear as byear4_1_1_, contactdat1_.email as email5_1_1_, contactdat1_.email2 as email6_1_1_, contactdat1_.email3 as email7_1_1_, contactdat1_.firstname as firstnam8_1_1_, contactdat1_.home as home9_1_1_, contactdat1_.lastname as lastnam10_1_1_, contactdat1_.middlename as middlen11_1_1_, contactdat1_.mobile as mobile12_1_1_, contactdat1_.photo as photo13_1_1_, contactdat1_.work as work14_1_1_ from address_in_groups contacts0_ inner join addressbook contactdat1_ on contacts0_.id=contactdat1_.id where contacts0_.group_id=?
Hibernate: select contacts0_.group_id as group_id2_0_0_, contacts0_.id as id1_0_0_, contactdat1_.id as id1_1_1_, contactdat1_.address as address2_1_1_, contactdat1_.bmonth as bmonth3_1_1_, contactdat1_.byear as byear4_1_1_, contactdat1_.email as email5_1_1_, contactdat1_.email2 as email6_1_1_, contactdat1_.email3 as email7_1_1_, contactdat1_.firstname as firstnam8_1_1_, contactdat1_.home as home9_1_1_, contactdat1_.lastname as lastnam10_1_1_, contactdat1_.middlename as middlen11_1_1_, contactdat1_.mobile as mobile12_1_1_, contactdat1_.photo as photo13_1_1_, contactdat1_.work as work14_1_1_ from address_in_groups contacts0_ inner join addressbook contactdat1_ on contacts0_.id=contactdat1_.id where contacts0_.group_id=?
Hibernate: select contacts0_.group_id as group_id2_0_0_, contacts0_.id as id1_0_0_, contactdat1_.id as id1_1_1_, contactdat1_.address as address2_1_1_, contactdat1_.bmonth as bmonth3_1_1_, contactdat1_.byear as byear4_1_1_, contactdat1_.email as email5_1_1_, contactdat1_.email2 as email6_1_1_, contactdat1_.email3 as email7_1_1_, contactdat1_.firstname as firstnam8_1_1_, contactdat1_.home as home9_1_1_, contactdat1_.lastname as lastnam10_1_1_, contactdat1_.middlename as middlen11_1_1_, contactdat1_.mobile as mobile12_1_1_, contactdat1_.photo as photo13_1_1_, contactdat1_.work as work14_1_1_ from address_in_groups contacts0_ inner join addressbook contactdat1_ on contacts0_.id=contactdat1_.id where contacts0_.group_id=?
Hibernate: select contacts0_.group_id as group_id2_0_0_, contacts0_.id as id1_0_0_, contactdat1_.id as id1_1_1_, contactdat1_.address as address2_1_1_, contactdat1_.bmonth as bmonth3_1_1_, contactdat1_.byear as byear4_1_1_, contactdat1_.email as email5_1_1_, contactdat1_.email2 as email6_1_1_, contactdat1_.email3 as email7_1_1_, contactdat1_.firstname as firstnam8_1_1_, contactdat1_.home as home9_1_1_, contactdat1_.lastname as lastnam10_1_1_, contactdat1_.middlename as middlen11_1_1_, contactdat1_.mobile as mobile12_1_1_, contactdat1_.photo as photo13_1_1_, contactdat1_.work as work14_1_1_ from address_in_groups contacts0_ inner join addressbook contactdat1_ on contacts0_.id=contactdat1_.id where contacts0_.group_id=?
Hibernate: select contacts0_.group_id as group_id2_0_0_, contacts0_.id as id1_0_0_, contactdat1_.id as id1_1_1_, contactdat1_.address as address2_1_1_, contactdat1_.bmonth as bmonth3_1_1_, contactdat1_.byear as byear4_1_1_, contactdat1_.email as email5_1_1_, contactdat1_.email2 as email6_1_1_, contactdat1_.email3 as email7_1_1_, contactdat1_.firstname as firstnam8_1_1_, contactdat1_.home as home9_1_1_, contactdat1_.lastname as lastnam10_1_1_, contactdat1_.middlename as middlen11_1_1_, contactdat1_.mobile as mobile12_1_1_, contactdat1_.photo as photo13_1_1_, contactdat1_.work as work14_1_1_ from address_in_groups contacts0_ inner join addressbook contactdat1_ on contacts0_.id=contactdat1_.id where contacts0_.group_id=?
Hibernate: select contacts0_.group_id as group_id2_0_0_, contacts0_.id as id1_0_0_, contactdat1_.id as id1_1_1_, contactdat1_.address as address2_1_1_, contactdat1_.bmonth as bmonth3_1_1_, contactdat1_.byear as byear4_1_1_, contactdat1_.email as email5_1_1_, contactdat1_.email2 as email6_1_1_, contactdat1_.email3 as email7_1_1_, contactdat1_.firstname as firstnam8_1_1_, contactdat1_.home as home9_1_1_, contactdat1_.lastname as lastnam10_1_1_, contactdat1_.middlename as middlen11_1_1_, contactdat1_.mobile as mobile12_1_1_, contactdat1_.photo as photo13_1_1_, contactdat1_.work as work14_1_1_ from address_in_groups contacts0_ inner join addressbook contactdat1_ on contacts0_.id=contactdat1_.id where contacts0_.group_id=?
Hibernate: select contacts0_.group_id as group_id2_0_0_, contacts0_.id as id1_0_0_, contactdat1_.id as id1_1_1_, contactdat1_.address as address2_1_1_, contactdat1_.bmonth as bmonth3_1_1_, contactdat1_.byear as byear4_1_1_, contactdat1_.email as email5_1_1_, contactdat1_.email2 as email6_1_1_, contactdat1_.email3 as email7_1_1_, contactdat1_.firstname as firstnam8_1_1_, contactdat1_.home as home9_1_1_, contactdat1_.lastname as lastnam10_1_1_, contactdat1_.middlename as middlen11_1_1_, contactdat1_.mobile as mobile12_1_1_, contactdat1_.photo as photo13_1_1_, contactdat1_.work as work14_1_1_ from address_in_groups contacts0_ inner join addressbook contactdat1_ on contacts0_.id=contactdat1_.id where contacts0_.group_id=?
Hibernate: select contacts0_.group_id as group_id2_0_0_, contacts0_.id as id1_0_0_, contactdat1_.id as id1_1_1_, contactdat1_.address as address2_1_1_, contactdat1_.bmonth as bmonth3_1_1_, contactdat1_.byear as byear4_1_1_, contactdat1_.email as email5_1_1_, contactdat1_.email2 as email6_1_1_, contactdat1_.email3 as email7_1_1_, contactdat1_.firstname as firstnam8_1_1_, contactdat1_.home as home9_1_1_, contactdat1_.lastname as lastnam10_1_1_, contactdat1_.middlename as middlen11_1_1_, contactdat1_.mobile as mobile12_1_1_, contactdat1_.photo as photo13_1_1_, contactdat1_.work as work14_1_1_ from address_in_groups contacts0_ inner join addressbook contactdat1_ on contacts0_.id=contactdat1_.id where contacts0_.group_id=?
Hibernate: select contacts0_.group_id as group_id2_0_0_, contacts0_.id as id1_0_0_, contactdat1_.id as id1_1_1_, contactdat1_.address as address2_1_1_, contactdat1_.bmonth as bmonth3_1_1_, contactdat1_.byear as byear4_1_1_, contactdat1_.email as email5_1_1_, contactdat1_.email2 as email6_1_1_, contactdat1_.email3 as email7_1_1_, contactdat1_.firstname as firstnam8_1_1_, contactdat1_.home as home9_1_1_, contactdat1_.lastname as lastnam10_1_1_, contactdat1_.middlename as middlen11_1_1_, contactdat1_.mobile as mobile12_1_1_, contactdat1_.photo as photo13_1_1_, contactdat1_.work as work14_1_1_ from address_in_groups contacts0_ inner join addressbook contactdat1_ on contacts0_.id=contactdat1_.id where contacts0_.group_id=?
Hibernate: select contacts0_.group_id as group_id2_0_0_, contacts0_.id as id1_0_0_, contactdat1_.id as id1_1_1_, contactdat1_.address as address2_1_1_, contactdat1_.bmonth as bmonth3_1_1_, contactdat1_.byear as byear4_1_1_, contactdat1_.email as email5_1_1_, contactdat1_.email2 as email6_1_1_, contactdat1_.email3 as email7_1_1_, contactdat1_.firstname as firstnam8_1_1_, contactdat1_.home as home9_1_1_, contactdat1_.lastname as lastnam10_1_1_, contactdat1_.middlename as middlen11_1_1_, contactdat1_.mobile as mobile12_1_1_, contactdat1_.photo as photo13_1_1_, contactdat1_.work as work14_1_1_ from address_in_groups contacts0_ inner join addressbook contactdat1_ on contacts0_.id=contactdat1_.id where contacts0_.group_id=?
Hibernate: select contacts0_.group_id as group_id2_0_0_, contacts0_.id as id1_0_0_, contactdat1_.id as id1_1_1_, contactdat1_.address as address2_1_1_, contactdat1_.bmonth as bmonth3_1_1_, contactdat1_.byear as byear4_1_1_, contactdat1_.email as email5_1_1_, contactdat1_.email2 as email6_1_1_, contactdat1_.email3 as email7_1_1_, contactdat1_.firstname as firstnam8_1_1_, contactdat1_.home as home9_1_1_, contactdat1_.lastname as lastnam10_1_1_, contactdat1_.middlename as middlen11_1_1_, contactdat1_.mobile as mobile12_1_1_, contactdat1_.photo as photo13_1_1_, contactdat1_.work as work14_1_1_ from address_in_groups contacts0_ inner join addressbook contactdat1_ on contacts0_.id=contactdat1_.id where contacts0_.group_id=?
Hibernate: select contacts0_.group_id as group_id2_0_0_, contacts0_.id as id1_0_0_, contactdat1_.id as id1_1_1_, contactdat1_.address as address2_1_1_, contactdat1_.bmonth as bmonth3_1_1_, contactdat1_.byear as byear4_1_1_, contactdat1_.email as email5_1_1_, contactdat1_.email2 as email6_1_1_, contactdat1_.email3 as email7_1_1_, contactdat1_.firstname as firstnam8_1_1_, contactdat1_.home as home9_1_1_, contactdat1_.lastname as lastnam10_1_1_, contactdat1_.middlename as middlen11_1_1_, contactdat1_.mobile as mobile12_1_1_, contactdat1_.photo as photo13_1_1_, contactdat1_.work as work14_1_1_ from address_in_groups contacts0_ inner join addressbook contactdat1_ on contacts0_.id=contactdat1_.id where contacts0_.group_id=?
Hibernate: select contacts0_.group_id as group_id2_0_0_, contacts0_.id as id1_0_0_, contactdat1_.id as id1_1_1_, contactdat1_.address as address2_1_1_, contactdat1_.bmonth as bmonth3_1_1_, contactdat1_.byear as byear4_1_1_, contactdat1_.email as email5_1_1_, contactdat1_.email2 as email6_1_1_, contactdat1_.email3 as email7_1_1_, contactdat1_.firstname as firstnam8_1_1_, contactdat1_.home as home9_1_1_, contactdat1_.lastname as lastnam10_1_1_, contactdat1_.middlename as middlen11_1_1_, contactdat1_.mobile as mobile12_1_1_, contactdat1_.photo as photo13_1_1_, contactdat1_.work as work14_1_1_ from address_in_groups contacts0_ inner join addressbook contactdat1_ on contacts0_.id=contactdat1_.id where contacts0_.group_id=?
Hibernate: select contacts0_.group_id as group_id2_0_0_, contacts0_.id as id1_0_0_, contactdat1_.id as id1_1_1_, contactdat1_.address as address2_1_1_, contactdat1_.bmonth as bmonth3_1_1_, contactdat1_.byear as byear4_1_1_, contactdat1_.email as email5_1_1_, contactdat1_.email2 as email6_1_1_, contactdat1_.email3 as email7_1_1_, contactdat1_.firstname as firstnam8_1_1_, contactdat1_.home as home9_1_1_, contactdat1_.lastname as lastnam10_1_1_, contactdat1_.middlename as middlen11_1_1_, contactdat1_.mobile as mobile12_1_1_, contactdat1_.photo as photo13_1_1_, contactdat1_.work as work14_1_1_ from address_in_groups contacts0_ inner join addressbook contactdat1_ on contacts0_.id=contactdat1_.id where contacts0_.group_id=?
Hibernate: select contacts0_.group_id as group_id2_0_0_, contacts0_.id as id1_0_0_, contactdat1_.id as id1_1_1_, contactdat1_.address as address2_1_1_, contactdat1_.bmonth as bmonth3_1_1_, contactdat1_.byear as byear4_1_1_, contactdat1_.email as email5_1_1_, contactdat1_.email2 as email6_1_1_, contactdat1_.email3 as email7_1_1_, contactdat1_.firstname as firstnam8_1_1_, contactdat1_.home as home9_1_1_, contactdat1_.lastname as lastnam10_1_1_, contactdat1_.middlename as middlen11_1_1_, contactdat1_.mobile as mobile12_1_1_, contactdat1_.photo as photo13_1_1_, contactdat1_.work as work14_1_1_ from address_in_groups contacts0_ inner join addressbook contactdat1_ on contacts0_.id=contactdat1_.id where contacts0_.group_id=?
Hibernate: select contacts0_.group_id as group_id2_0_0_, contacts0_.id as id1_0_0_, contactdat1_.id as id1_1_1_, contactdat1_.address as address2_1_1_, contactdat1_.bmonth as bmonth3_1_1_, contactdat1_.byear as byear4_1_1_, contactdat1_.email as email5_1_1_, contactdat1_.email2 as email6_1_1_, contactdat1_.email3 as email7_1_1_, contactdat1_.firstname as firstnam8_1_1_, contactdat1_.home as home9_1_1_, contactdat1_.lastname as lastnam10_1_1_, contactdat1_.middlename as middlen11_1_1_, contactdat1_.mobile as mobile12_1_1_, contactdat1_.photo as photo13_1_1_, contactdat1_.work as work14_1_1_ from address_in_groups contacts0_ inner join addressbook contactdat1_ on contacts0_.id=contactdat1_.id where contacts0_.group_id=?
Hibernate: select contacts0_.group_id as group_id2_0_0_, contacts0_.id as id1_0_0_, contactdat1_.id as id1_1_1_, contactdat1_.address as address2_1_1_, contactdat1_.bmonth as bmonth3_1_1_, contactdat1_.byear as byear4_1_1_, contactdat1_.email as email5_1_1_, contactdat1_.email2 as email6_1_1_, contactdat1_.email3 as email7_1_1_, contactdat1_.firstname as firstnam8_1_1_, contactdat1_.home as home9_1_1_, contactdat1_.lastname as lastnam10_1_1_, contactdat1_.middlename as middlen11_1_1_, contactdat1_.mobile as mobile12_1_1_, contactdat1_.photo as photo13_1_1_, contactdat1_.work as work14_1_1_ from address_in_groups contacts0_ inner join addressbook contactdat1_ on contacts0_.id=contactdat1_.id where contacts0_.group_id=?
Hibernate: select contacts0_.group_id as group_id2_0_0_, contacts0_.id as id1_0_0_, contactdat1_.id as id1_1_1_, contactdat1_.address as address2_1_1_, contactdat1_.bmonth as bmonth3_1_1_, contactdat1_.byear as byear4_1_1_, contactdat1_.email as email5_1_1_, contactdat1_.email2 as email6_1_1_, contactdat1_.email3 as email7_1_1_, contactdat1_.firstname as firstnam8_1_1_, contactdat1_.home as home9_1_1_, contactdat1_.lastname as lastnam10_1_1_, contactdat1_.middlename as middlen11_1_1_, contactdat1_.mobile as mobile12_1_1_, contactdat1_.photo as photo13_1_1_, contactdat1_.work as work14_1_1_ from address_in_groups contacts0_ inner join addressbook contactdat1_ on contacts0_.id=contactdat1_.id where contacts0_.group_id=?
Hibernate: select contacts0_.group_id as group_id2_0_0_, contacts0_.id as id1_0_0_, contactdat1_.id as id1_1_1_, contactdat1_.address as address2_1_1_, contactdat1_.bmonth as bmonth3_1_1_, contactdat1_.byear as byear4_1_1_, contactdat1_.email as email5_1_1_, contactdat1_.email2 as email6_1_1_, contactdat1_.email3 as email7_1_1_, contactdat1_.firstname as firstnam8_1_1_, contactdat1_.home as home9_1_1_, contactdat1_.lastname as lastnam10_1_1_, contactdat1_.middlename as middlen11_1_1_, contactdat1_.mobile as mobile12_1_1_, contactdat1_.photo as photo13_1_1_, contactdat1_.work as work14_1_1_ from address_in_groups contacts0_ inner join addressbook contactdat1_ on contacts0_.id=contactdat1_.id where contacts0_.group_id=?
Hibernate: select contacts0_.group_id as group_id2_0_0_, contacts0_.id as id1_0_0_, contactdat1_.id as id1_1_1_, contactdat1_.address as address2_1_1_, contactdat1_.bmonth as bmonth3_1_1_, contactdat1_.byear as byear4_1_1_, contactdat1_.email as email5_1_1_, contactdat1_.email2 as email6_1_1_, contactdat1_.email3 as email7_1_1_, contactdat1_.firstname as firstnam8_1_1_, contactdat1_.home as home9_1_1_, contactdat1_.lastname as lastnam10_1_1_, contactdat1_.middlename as middlen11_1_1_, contactdat1_.mobile as mobile12_1_1_, contactdat1_.photo as photo13_1_1_, contactdat1_.work as work14_1_1_ from address_in_groups contacts0_ inner join addressbook contactdat1_ on contacts0_.id=contactdat1_.id where contacts0_.group_id=?
Hibernate: select contacts0_.group_id as group_id2_0_0_, contacts0_.id as id1_0_0_, contactdat1_.id as id1_1_1_, contactdat1_.address as address2_1_1_, contactdat1_.bmonth as bmonth3_1_1_, contactdat1_.byear as byear4_1_1_, contactdat1_.email as email5_1_1_, contactdat1_.email2 as email6_1_1_, contactdat1_.email3 as email7_1_1_, contactdat1_.firstname as firstnam8_1_1_, contactdat1_.home as home9_1_1_, contactdat1_.lastname as lastnam10_1_1_, contactdat1_.middlename as middlen11_1_1_, contactdat1_.mobile as mobile12_1_1_, contactdat1_.photo as photo13_1_1_, contactdat1_.work as work14_1_1_ from address_in_groups contacts0_ inner join addressbook contactdat1_ on contacts0_.id=contactdat1_.id where contacts0_.group_id=?
Hibernate: select contacts0_.group_id as group_id2_0_0_, contacts0_.id as id1_0_0_, contactdat1_.id as id1_1_1_, contactdat1_.address as address2_1_1_, contactdat1_.bmonth as bmonth3_1_1_, contactdat1_.byear as byear4_1_1_, contactdat1_.email as email5_1_1_, contactdat1_.email2 as email6_1_1_, contactdat1_.email3 as email7_1_1_, contactdat1_.firstname as firstnam8_1_1_, contactdat1_.home as home9_1_1_, contactdat1_.lastname as lastnam10_1_1_, contactdat1_.middlename as middlen11_1_1_, contactdat1_.mobile as mobile12_1_1_, contactdat1_.photo as photo13_1_1_, contactdat1_.work as work14_1_1_ from address_in_groups contacts0_ inner join addressbook contactdat1_ on contacts0_.id=contactdat1_.id where contacts0_.group_id=?
Hibernate: select contacts0_.group_id as group_id2_0_0_, contacts0_.id as id1_0_0_, contactdat1_.id as id1_1_1_, contactdat1_.address as address2_1_1_, contactdat1_.bmonth as bmonth3_1_1_, contactdat1_.byear as byear4_1_1_, contactdat1_.email as email5_1_1_, contactdat1_.email2 as email6_1_1_, contactdat1_.email3 as email7_1_1_, contactdat1_.firstname as firstnam8_1_1_, contactdat1_.home as home9_1_1_, contactdat1_.lastname as lastnam10_1_1_, contactdat1_.middlename as middlen11_1_1_, contactdat1_.mobile as mobile12_1_1_, contactdat1_.photo as photo13_1_1_, contactdat1_.work as work14_1_1_ from address_in_groups contacts0_ inner join addressbook contactdat1_ on contacts0_.id=contactdat1_.id where contacts0_.group_id=?
Hibernate: select contacts0_.group_id as group_id2_0_0_, contacts0_.id as id1_0_0_, contactdat1_.id as id1_1_1_, contactdat1_.address as address2_1_1_, contactdat1_.bmonth as bmonth3_1_1_, contactdat1_.byear as byear4_1_1_, contactdat1_.email as email5_1_1_, contactdat1_.email2 as email6_1_1_, contactdat1_.email3 as email7_1_1_, contactdat1_.firstname as firstnam8_1_1_, contactdat1_.home as home9_1_1_, contactdat1_.lastname as lastnam10_1_1_, contactdat1_.middlename as middlen11_1_1_, contactdat1_.mobile as mobile12_1_1_, contactdat1_.photo as photo13_1_1_, contactdat1_.work as work14_1_1_ from address_in_groups contacts0_ inner join addressbook contactdat1_ on contacts0_.id=contactdat1_.id where contacts0_.group_id=?
Hibernate: select contacts0_.group_id as group_id2_0_0_, contacts0_.id as id1_0_0_, contactdat1_.id as id1_1_1_, contactdat1_.address as address2_1_1_, contactdat1_.bmonth as bmonth3_1_1_, contactdat1_.byear as byear4_1_1_, contactdat1_.email as email5_1_1_, contactdat1_.email2 as email6_1_1_, contactdat1_.email3 as email7_1_1_, contactdat1_.firstname as firstnam8_1_1_, contactdat1_.home as home9_1_1_, contactdat1_.lastname as lastnam10_1_1_, contactdat1_.middlename as middlen11_1_1_, contactdat1_.mobile as mobile12_1_1_, contactdat1_.photo as photo13_1_1_, contactdat1_.work as work14_1_1_ from address_in_groups contacts0_ inner join addressbook contactdat1_ on contacts0_.id=contactdat1_.id where contacts0_.group_id=?
Hibernate: select contacts0_.group_id as group_id2_0_0_, contacts0_.id as id1_0_0_, contactdat1_.id as id1_1_1_, contactdat1_.address as address2_1_1_, contactdat1_.bmonth as bmonth3_1_1_, contactdat1_.byear as byear4_1_1_, contactdat1_.email as email5_1_1_, contactdat1_.email2 as email6_1_1_, contactdat1_.email3 as email7_1_1_, contactdat1_.firstname as firstnam8_1_1_, contactdat1_.home as home9_1_1_, contactdat1_.lastname as lastnam10_1_1_, contactdat1_.middlename as middlen11_1_1_, contactdat1_.mobile as mobile12_1_1_, contactdat1_.photo as photo13_1_1_, contactdat1_.work as work14_1_1_ from address_in_groups contacts0_ inner join addressbook contactdat1_ on contacts0_.id=contactdat1_.id where contacts0_.group_id=?
Hibernate: select contacts0_.group_id as group_id2_0_0_, contacts0_.id as id1_0_0_, contactdat1_.id as id1_1_1_, contactdat1_.address as address2_1_1_, contactdat1_.bmonth as bmonth3_1_1_, contactdat1_.byear as byear4_1_1_, contactdat1_.email as email5_1_1_, contactdat1_.email2 as email6_1_1_, contactdat1_.email3 as email7_1_1_, contactdat1_.firstname as firstnam8_1_1_, contactdat1_.home as home9_1_1_, contactdat1_.lastname as lastnam10_1_1_, contactdat1_.middlename as middlen11_1_1_, contactdat1_.mobile as mobile12_1_1_, contactdat1_.photo as photo13_1_1_, contactdat1_.work as work14_1_1_ from address_in_groups contacts0_ inner join addressbook contactdat1_ on contacts0_.id=contactdat1_.id where contacts0_.group_id=?
Hibernate: select contacts0_.group_id as group_id2_0_0_, contacts0_.id as id1_0_0_, contactdat1_.id as id1_1_1_, contactdat1_.address as address2_1_1_, contactdat1_.bmonth as bmonth3_1_1_, contactdat1_.byear as byear4_1_1_, contactdat1_.email as email5_1_1_, contactdat1_.email2 as email6_1_1_, contactdat1_.email3 as email7_1_1_, contactdat1_.firstname as firstnam8_1_1_, contactdat1_.home as home9_1_1_, contactdat1_.lastname as lastnam10_1_1_, contactdat1_.middlename as middlen11_1_1_, contactdat1_.mobile as mobile12_1_1_, contactdat1_.photo as photo13_1_1_, contactdat1_.work as work14_1_1_ from address_in_groups contacts0_ inner join addressbook contactdat1_ on contacts0_.id=contactdat1_.id where contacts0_.group_id=?
Hibernate: select contacts0_.group_id as group_id2_0_0_, contacts0_.id as id1_0_0_, contactdat1_.id as id1_1_1_, contactdat1_.address as address2_1_1_, contactdat1_.bmonth as bmonth3_1_1_, contactdat1_.byear as byear4_1_1_, contactdat1_.email as email5_1_1_, contactdat1_.email2 as email6_1_1_, contactdat1_.email3 as email7_1_1_, contactdat1_.firstname as firstnam8_1_1_, contactdat1_.home as home9_1_1_, contactdat1_.lastname as lastnam10_1_1_, contactdat1_.middlename as middlen11_1_1_, contactdat1_.mobile as mobile12_1_1_, contactdat1_.photo as photo13_1_1_, contactdat1_.work as work14_1_1_ from address_in_groups contacts0_ inner join addressbook contactdat1_ on contacts0_.id=contactdat1_.id where contacts0_.group_id=?
Hibernate: select contacts0_.group_id as group_id2_0_0_, contacts0_.id as id1_0_0_, contactdat1_.id as id1_1_1_, contactdat1_.address as address2_1_1_, contactdat1_.bmonth as bmonth3_1_1_, contactdat1_.byear as byear4_1_1_, contactdat1_.email as email5_1_1_, contactdat1_.email2 as email6_1_1_, contactdat1_.email3 as email7_1_1_, contactdat1_.firstname as firstnam8_1_1_, contactdat1_.home as home9_1_1_, contactdat1_.lastname as lastnam10_1_1_, contactdat1_.middlename as middlen11_1_1_, contactdat1_.mobile as mobile12_1_1_, contactdat1_.photo as photo13_1_1_, contactdat1_.work as work14_1_1_ from address_in_groups contacts0_ inner join addressbook contactdat1_ on contacts0_.id=contactdat1_.id where contacts0_.group_id=?
Hibernate: select contacts0_.group_id as group_id2_0_0_, contacts0_.id as id1_0_0_, contactdat1_.id as id1_1_1_, contactdat1_.address as address2_1_1_, contactdat1_.bmonth as bmonth3_1_1_, contactdat1_.byear as byear4_1_1_, contactdat1_.email as email5_1_1_, contactdat1_.email2 as email6_1_1_, contactdat1_.email3 as email7_1_1_, contactdat1_.firstname as firstnam8_1_1_, contactdat1_.home as home9_1_1_, contactdat1_.lastname as lastnam10_1_1_, contactdat1_.middlename as middlen11_1_1_, contactdat1_.mobile as mobile12_1_1_, contactdat1_.photo as photo13_1_1_, contactdat1_.work as work14_1_1_ from address_in_groups contacts0_ inner join addressbook contactdat1_ on contacts0_.id=contactdat1_.id where contacts0_.group_id=?
Hibernate: select contacts0_.group_id as group_id2_0_0_, contacts0_.id as id1_0_0_, contactdat1_.id as id1_1_1_, contactdat1_.address as address2_1_1_, contactdat1_.bmonth as bmonth3_1_1_, contactdat1_.byear as byear4_1_1_, contactdat1_.email as email5_1_1_, contactdat1_.email2 as email6_1_1_, contactdat1_.email3 as email7_1_1_, contactdat1_.firstname as firstnam8_1_1_, contactdat1_.home as home9_1_1_, contactdat1_.lastname as lastnam10_1_1_, contactdat1_.middlename as middlen11_1_1_, contactdat1_.mobile as mobile12_1_1_, contactdat1_.photo as photo13_1_1_, contactdat1_.work as work14_1_1_ from address_in_groups contacts0_ inner join addressbook contactdat1_ on contacts0_.id=contactdat1_.id where contacts0_.group_id=?
Hibernate: select groupdata0_.group_id as group_id1_2_, groupdata0_.group_footer as group_fo2_2_, groupdata0_.group_header as group_he3_2_, groupdata0_.group_name as group_na4_2_ from group_list groupdata0_
Hibernate: select contacts0_.group_id as group_id2_0_0_, contacts0_.id as id1_0_0_, contactdat1_.id as id1_1_1_, contactdat1_.address as address2_1_1_, contactdat1_.bmonth as bmonth3_1_1_, contactdat1_.byear as byear4_1_1_, contactdat1_.email as email5_1_1_, contactdat1_.email2 as email6_1_1_, contactdat1_.email3 as email7_1_1_, contactdat1_.firstname as firstnam8_1_1_, contactdat1_.home as home9_1_1_, contactdat1_.lastname as lastnam10_1_1_, contactdat1_.middlename as middlen11_1_1_, contactdat1_.mobile as mobile12_1_1_, contactdat1_.photo as photo13_1_1_, contactdat1_.work as work14_1_1_ from address_in_groups contacts0_ inner join addressbook contactdat1_ on contacts0_.id=contactdat1_.id where contacts0_.group_id=?
Hibernate: select contacts0_.group_id as group_id2_0_0_, contacts0_.id as id1_0_0_, contactdat1_.id as id1_1_1_, contactdat1_.address as address2_1_1_, contactdat1_.bmonth as bmonth3_1_1_, contactdat1_.byear as byear4_1_1_, contactdat1_.email as email5_1_1_, contactdat1_.email2 as email6_1_1_, contactdat1_.email3 as email7_1_1_, contactdat1_.firstname as firstnam8_1_1_, contactdat1_.home as home9_1_1_, contactdat1_.lastname as lastnam10_1_1_, contactdat1_.middlename as middlen11_1_1_, contactdat1_.mobile as mobile12_1_1_, contactdat1_.photo as photo13_1_1_, contactdat1_.work as work14_1_1_ from address_in_groups contacts0_ inner join addressbook contactdat1_ on contacts0_.id=contactdat1_.id where contacts0_.group_id=?
Hibernate: select contacts0_.group_id as group_id2_0_0_, contacts0_.id as id1_0_0_, contactdat1_.id as id1_1_1_, contactdat1_.address as address2_1_1_, contactdat1_.bmonth as bmonth3_1_1_, contactdat1_.byear as byear4_1_1_, contactdat1_.email as email5_1_1_, contactdat1_.email2 as email6_1_1_, contactdat1_.email3 as email7_1_1_, contactdat1_.firstname as firstnam8_1_1_, contactdat1_.home as home9_1_1_, contactdat1_.lastname as lastnam10_1_1_, contactdat1_.middlename as middlen11_1_1_, contactdat1_.mobile as mobile12_1_1_, contactdat1_.photo as photo13_1_1_, contactdat1_.work as work14_1_1_ from address_in_groups contacts0_ inner join addressbook contactdat1_ on contacts0_.id=contactdat1_.id where contacts0_.group_id=?
Hibernate: select contacts0_.group_id as group_id2_0_0_, contacts0_.id as id1_0_0_, contactdat1_.id as id1_1_1_, contactdat1_.address as address2_1_1_, contactdat1_.bmonth as bmonth3_1_1_, contactdat1_.byear as byear4_1_1_, contactdat1_.email as email5_1_1_, contactdat1_.email2 as email6_1_1_, contactdat1_.email3 as email7_1_1_, contactdat1_.firstname as firstnam8_1_1_, contactdat1_.home as home9_1_1_, contactdat1_.lastname as lastnam10_1_1_, contactdat1_.middlename as middlen11_1_1_, contactdat1_.mobile as mobile12_1_1_, contactdat1_.photo as photo13_1_1_, contactdat1_.work as work14_1_1_ from address_in_groups contacts0_ inner join addressbook contactdat1_ on contacts0_.id=contactdat1_.id where contacts0_.group_id=?
Hibernate: select contacts0_.group_id as group_id2_0_0_, contacts0_.id as id1_0_0_, contactdat1_.id as id1_1_1_, contactdat1_.address as address2_1_1_, contactdat1_.bmonth as bmonth3_1_1_, contactdat1_.byear as byear4_1_1_, contactdat1_.email as email5_1_1_, contactdat1_.email2 as email6_1_1_, contactdat1_.email3 as email7_1_1_, contactdat1_.firstname as firstnam8_1_1_, contactdat1_.home as home9_1_1_, contactdat1_.lastname as lastnam10_1_1_, contactdat1_.middlename as middlen11_1_1_, contactdat1_.mobile as mobile12_1_1_, contactdat1_.photo as photo13_1_1_, contactdat1_.work as work14_1_1_ from address_in_groups contacts0_ inner join addressbook contactdat1_ on contacts0_.id=contactdat1_.id where contacts0_.group_id=?
Hibernate: select contacts0_.group_id as group_id2_0_0_, contacts0_.id as id1_0_0_, contactdat1_.id as id1_1_1_, contactdat1_.address as address2_1_1_, contactdat1_.bmonth as bmonth3_1_1_, contactdat1_.byear as byear4_1_1_, contactdat1_.email as email5_1_1_, contactdat1_.email2 as email6_1_1_, contactdat1_.email3 as email7_1_1_, contactdat1_.firstname as firstnam8_1_1_, contactdat1_.home as home9_1_1_, contactdat1_.lastname as lastnam10_1_1_, contactdat1_.middlename as middlen11_1_1_, contactdat1_.mobile as mobile12_1_1_, contactdat1_.photo as photo13_1_1_, contactdat1_.work as work14_1_1_ from address_in_groups contacts0_ inner join addressbook contactdat1_ on contacts0_.id=contactdat1_.id where contacts0_.group_id=?
Hibernate: select contacts0_.group_id as group_id2_0_0_, contacts0_.id as id1_0_0_, contactdat1_.id as id1_1_1_, contactdat1_.address as address2_1_1_, contactdat1_.bmonth as bmonth3_1_1_, contactdat1_.byear as byear4_1_1_, contactdat1_.email as email5_1_1_, contactdat1_.email2 as email6_1_1_, contactdat1_.email3 as email7_1_1_, contactdat1_.firstname as firstnam8_1_1_, contactdat1_.home as home9_1_1_, contactdat1_.lastname as lastnam10_1_1_, contactdat1_.middlename as middlen11_1_1_, contactdat1_.mobile as mobile12_1_1_, contactdat1_.photo as photo13_1_1_, contactdat1_.work as work14_1_1_ from address_in_groups contacts0_ inner join addressbook contactdat1_ on contacts0_.id=contactdat1_.id where contacts0_.group_id=?
Hibernate: select contacts0_.group_id as group_id2_0_0_, contacts0_.id as id1_0_0_, contactdat1_.id as id1_1_1_, contactdat1_.address as address2_1_1_, contactdat1_.bmonth as bmonth3_1_1_, contactdat1_.byear as byear4_1_1_, contactdat1_.email as email5_1_1_, contactdat1_.email2 as email6_1_1_, contactdat1_.email3 as email7_1_1_, contactdat1_.firstname as firstnam8_1_1_, contactdat1_.home as home9_1_1_, contactdat1_.lastname as lastnam10_1_1_, contactdat1_.middlename as middlen11_1_1_, contactdat1_.mobile as mobile12_1_1_, contactdat1_.photo as photo13_1_1_, contactdat1_.work as work14_1_1_ from address_in_groups contacts0_ inner join addressbook contactdat1_ on contacts0_.id=contactdat1_.id where contacts0_.group_id=?
Hibernate: select contacts0_.group_id as group_id2_0_0_, contacts0_.id as id1_0_0_, contactdat1_.id as id1_1_1_, contactdat1_.address as address2_1_1_, contactdat1_.bmonth as bmonth3_1_1_, contactdat1_.byear as byear4_1_1_, contactdat1_.email as email5_1_1_, contactdat1_.email2 as email6_1_1_, contactdat1_.email3 as email7_1_1_, contactdat1_.firstname as firstnam8_1_1_, contactdat1_.home as home9_1_1_, contactdat1_.lastname as lastnam10_1_1_, contactdat1_.middlename as middlen11_1_1_, contactdat1_.mobile as mobile12_1_1_, contactdat1_.photo as photo13_1_1_, contactdat1_.work as work14_1_1_ from address_in_groups contacts0_ inner join addressbook contactdat1_ on contacts0_.id=contactdat1_.id where contacts0_.group_id=?
Hibernate: select contacts0_.group_id as group_id2_0_0_, contacts0_.id as id1_0_0_, contactdat1_.id as id1_1_1_, contactdat1_.address as address2_1_1_, contactdat1_.bmonth as bmonth3_1_1_, contactdat1_.byear as byear4_1_1_, contactdat1_.email as email5_1_1_, contactdat1_.email2 as email6_1_1_, contactdat1_.email3 as email7_1_1_, contactdat1_.firstname as firstnam8_1_1_, contactdat1_.home as home9_1_1_, contactdat1_.lastname as lastnam10_1_1_, contactdat1_.middlename as middlen11_1_1_, contactdat1_.mobile as mobile12_1_1_, contactdat1_.photo as photo13_1_1_, contactdat1_.work as work14_1_1_ from address_in_groups contacts0_ inner join addressbook contactdat1_ on contacts0_.id=contactdat1_.id where contacts0_.group_id=?
Hibernate: select contacts0_.group_id as group_id2_0_0_, contacts0_.id as id1_0_0_, contactdat1_.id as id1_1_1_, contactdat1_.address as address2_1_1_, contactdat1_.bmonth as bmonth3_1_1_, contactdat1_.byear as byear4_1_1_, contactdat1_.email as email5_1_1_, contactdat1_.email2 as email6_1_1_, contactdat1_.email3 as email7_1_1_, contactdat1_.firstname as firstnam8_1_1_, contactdat1_.home as home9_1_1_, contactdat1_.lastname as lastnam10_1_1_, contactdat1_.middlename as middlen11_1_1_, contactdat1_.mobile as mobile12_1_1_, contactdat1_.photo as photo13_1_1_, contactdat1_.work as work14_1_1_ from address_in_groups contacts0_ inner join addressbook contactdat1_ on contacts0_.id=contactdat1_.id where contacts0_.group_id=?
Hibernate: select contacts0_.group_id as group_id2_0_0_, contacts0_.id as id1_0_0_, contactdat1_.id as id1_1_1_, contactdat1_.address as address2_1_1_, contactdat1_.bmonth as bmonth3_1_1_, contactdat1_.byear as byear4_1_1_, contactdat1_.email as email5_1_1_, contactdat1_.email2 as email6_1_1_, contactdat1_.email3 as email7_1_1_, contactdat1_.firstname as firstnam8_1_1_, contactdat1_.home as home9_1_1_, contactdat1_.lastname as lastnam10_1_1_, contactdat1_.middlename as middlen11_1_1_, contactdat1_.mobile as mobile12_1_1_, contactdat1_.photo as photo13_1_1_, contactdat1_.work as work14_1_1_ from address_in_groups contacts0_ inner join addressbook contactdat1_ on contacts0_.id=contactdat1_.id where contacts0_.group_id=?
Hibernate: select contacts0_.group_id as group_id2_0_0_, contacts0_.id as id1_0_0_, contactdat1_.id as id1_1_1_, contactdat1_.address as address2_1_1_, contactdat1_.bmonth as bmonth3_1_1_, contactdat1_.byear as byear4_1_1_, contactdat1_.email as email5_1_1_, contactdat1_.email2 as email6_1_1_, contactdat1_.email3 as email7_1_1_, contactdat1_.firstname as firstnam8_1_1_, contactdat1_.home as home9_1_1_, contactdat1_.lastname as lastnam10_1_1_, contactdat1_.middlename as middlen11_1_1_, contactdat1_.mobile as mobile12_1_1_, contactdat1_.photo as photo13_1_1_, contactdat1_.work as work14_1_1_ from address_in_groups contacts0_ inner join addressbook contactdat1_ on contacts0_.id=contactdat1_.id where contacts0_.group_id=?
Hibernate: select contacts0_.group_id as group_id2_0_0_, contacts0_.id as id1_0_0_, contactdat1_.id as id1_1_1_, contactdat1_.address as address2_1_1_, contactdat1_.bmonth as bmonth3_1_1_, contactdat1_.byear as byear4_1_1_, contactdat1_.email as email5_1_1_, contactdat1_.email2 as email6_1_1_, contactdat1_.email3 as email7_1_1_, contactdat1_.firstname as firstnam8_1_1_, contactdat1_.home as home9_1_1_, contactdat1_.lastname as lastnam10_1_1_, contactdat1_.middlename as middlen11_1_1_, contactdat1_.mobile as mobile12_1_1_, contactdat1_.photo as photo13_1_1_, contactdat1_.work as work14_1_1_ from address_in_groups contacts0_ inner join addressbook contactdat1_ on contacts0_.id=contactdat1_.id where contacts0_.group_id=?
Hibernate: select contacts0_.group_id as group_id2_0_0_, contacts0_.id as id1_0_0_, contactdat1_.id as id1_1_1_, contactdat1_.address as address2_1_1_, contactdat1_.bmonth as bmonth3_1_1_, contactdat1_.byear as byear4_1_1_, contactdat1_.email as email5_1_1_, contactdat1_.email2 as email6_1_1_, contactdat1_.email3 as email7_1_1_, contactdat1_.firstname as firstnam8_1_1_, contactdat1_.home as home9_1_1_, contactdat1_.lastname as lastnam10_1_1_, contactdat1_.middlename as middlen11_1_1_, contactdat1_.mobile as mobile12_1_1_, contactdat1_.photo as photo13_1_1_, contactdat1_.work as work14_1_1_ from address_in_groups contacts0_ inner join addressbook contactdat1_ on contacts0_.id=contactdat1_.id where contacts0_.group_id=?
Hibernate: select contacts0_.group_id as group_id2_0_0_, contacts0_.id as id1_0_0_, contactdat1_.id as id1_1_1_, contactdat1_.address as address2_1_1_, contactdat1_.bmonth as bmonth3_1_1_, contactdat1_.byear as byear4_1_1_, contactdat1_.email as email5_1_1_, contactdat1_.email2 as email6_1_1_, contactdat1_.email3 as email7_1_1_, contactdat1_.firstname as firstnam8_1_1_, contactdat1_.home as home9_1_1_, contactdat1_.lastname as lastnam10_1_1_, contactdat1_.middlename as middlen11_1_1_, contactdat1_.mobile as mobile12_1_1_, contactdat1_.photo as photo13_1_1_, contactdat1_.work as work14_1_1_ from address_in_groups contacts0_ inner join addressbook contactdat1_ on contacts0_.id=contactdat1_.id where contacts0_.group_id=?
Hibernate: select contacts0_.group_id as group_id2_0_0_, contacts0_.id as id1_0_0_, contactdat1_.id as id1_1_1_, contactdat1_.address as address2_1_1_, contactdat1_.bmonth as bmonth3_1_1_, contactdat1_.byear as byear4_1_1_, contactdat1_.email as email5_1_1_, contactdat1_.email2 as email6_1_1_, contactdat1_.email3 as email7_1_1_, contactdat1_.firstname as firstnam8_1_1_, contactdat1_.home as home9_1_1_, contactdat1_.lastname as lastnam10_1_1_, contactdat1_.middlename as middlen11_1_1_, contactdat1_.mobile as mobile12_1_1_, contactdat1_.photo as photo13_1_1_, contactdat1_.work as work14_1_1_ from address_in_groups contacts0_ inner join addressbook contactdat1_ on contacts0_.id=contactdat1_.id where contacts0_.group_id=?
Hibernate: select contacts0_.group_id as group_id2_0_0_, contacts0_.id as id1_0_0_, contactdat1_.id as id1_1_1_, contactdat1_.address as address2_1_1_, contactdat1_.bmonth as bmonth3_1_1_, contactdat1_.byear as byear4_1_1_, contactdat1_.email as email5_1_1_, contactdat1_.email2 as email6_1_1_, contactdat1_.email3 as email7_1_1_, contactdat1_.firstname as firstnam8_1_1_, contactdat1_.home as home9_1_1_, contactdat1_.lastname as lastnam10_1_1_, contactdat1_.middlename as middlen11_1_1_, contactdat1_.mobile as mobile12_1_1_, contactdat1_.photo as photo13_1_1_, contactdat1_.work as work14_1_1_ from address_in_groups contacts0_ inner join addressbook contactdat1_ on contacts0_.id=contactdat1_.id where contacts0_.group_id=?
Hibernate: select contacts0_.group_id as group_id2_0_0_, contacts0_.id as id1_0_0_, contactdat1_.id as id1_1_1_, contactdat1_.address as address2_1_1_, contactdat1_.bmonth as bmonth3_1_1_, contactdat1_.byear as byear4_1_1_, contactdat1_.email as email5_1_1_, contactdat1_.email2 as email6_1_1_, contactdat1_.email3 as email7_1_1_, contactdat1_.firstname as firstnam8_1_1_, contactdat1_.home as home9_1_1_, contactdat1_.lastname as lastnam10_1_1_, contactdat1_.middlename as middlen11_1_1_, contactdat1_.mobile as mobile12_1_1_, contactdat1_.photo as photo13_1_1_, contactdat1_.work as work14_1_1_ from address_in_groups contacts0_ inner join addressbook contactdat1_ on contacts0_.id=contactdat1_.id where contacts0_.group_id=?
Hibernate: select contacts0_.group_id as group_id2_0_0_, contacts0_.id as id1_0_0_, contactdat1_.id as id1_1_1_, contactdat1_.address as address2_1_1_, contactdat1_.bmonth as bmonth3_1_1_, contactdat1_.byear as byear4_1_1_, contactdat1_.email as email5_1_1_, contactdat1_.email2 as email6_1_1_, contactdat1_.email3 as email7_1_1_, contactdat1_.firstname as firstnam8_1_1_, contactdat1_.home as home9_1_1_, contactdat1_.lastname as lastnam10_1_1_, contactdat1_.middlename as middlen11_1_1_, contactdat1_.mobile as mobile12_1_1_, contactdat1_.photo as photo13_1_1_, contactdat1_.work as work14_1_1_ from address_in_groups contacts0_ inner join addressbook contactdat1_ on contacts0_.id=contactdat1_.id where contacts0_.group_id=?
Hibernate: select contacts0_.group_id as group_id2_0_0_, contacts0_.id as id1_0_0_, contactdat1_.id as id1_1_1_, contactdat1_.address as address2_1_1_, contactdat1_.bmonth as bmonth3_1_1_, contactdat1_.byear as byear4_1_1_, contactdat1_.email as email5_1_1_, contactdat1_.email2 as email6_1_1_, contactdat1_.email3 as email7_1_1_, contactdat1_.firstname as firstnam8_1_1_, contactdat1_.home as home9_1_1_, contactdat1_.lastname as lastnam10_1_1_, contactdat1_.middlename as middlen11_1_1_, contactdat1_.mobile as mobile12_1_1_, contactdat1_.photo as photo13_1_1_, contactdat1_.work as work14_1_1_ from address_in_groups contacts0_ inner join addressbook contactdat1_ on contacts0_.id=contactdat1_.id where contacts0_.group_id=?
Hibernate: select contacts0_.group_id as group_id2_0_0_, contacts0_.id as id1_0_0_, contactdat1_.id as id1_1_1_, contactdat1_.address as address2_1_1_, contactdat1_.bmonth as bmonth3_1_1_, contactdat1_.byear as byear4_1_1_, contactdat1_.email as email5_1_1_, contactdat1_.email2 as email6_1_1_, contactdat1_.email3 as email7_1_1_, contactdat1_.firstname as firstnam8_1_1_, contactdat1_.home as home9_1_1_, contactdat1_.lastname as lastnam10_1_1_, contactdat1_.middlename as middlen11_1_1_, contactdat1_.mobile as mobile12_1_1_, contactdat1_.photo as photo13_1_1_, contactdat1_.work as work14_1_1_ from address_in_groups contacts0_ inner join addressbook contactdat1_ on contacts0_.id=contactdat1_.id where contacts0_.group_id=?
Hibernate: select contacts0_.group_id as group_id2_0_0_, contacts0_.id as id1_0_0_, contactdat1_.id as id1_1_1_, contactdat1_.address as address2_1_1_, contactdat1_.bmonth as bmonth3_1_1_, contactdat1_.byear as byear4_1_1_, contactdat1_.email as email5_1_1_, contactdat1_.email2 as email6_1_1_, contactdat1_.email3 as email7_1_1_, contactdat1_.firstname as firstnam8_1_1_, contactdat1_.home as home9_1_1_, contactdat1_.lastname as lastnam10_1_1_, contactdat1_.middlename as middlen11_1_1_, contactdat1_.mobile as mobile12_1_1_, contactdat1_.photo as photo13_1_1_, contactdat1_.work as work14_1_1_ from address_in_groups contacts0_ inner join addressbook contactdat1_ on contacts0_.id=contactdat1_.id where contacts0_.group_id=?
Hibernate: select contacts0_.group_id as group_id2_0_0_, contacts0_.id as id1_0_0_, contactdat1_.id as id1_1_1_, contactdat1_.address as address2_1_1_, contactdat1_.bmonth as bmonth3_1_1_, contactdat1_.byear as byear4_1_1_, contactdat1_.email as email5_1_1_, contactdat1_.email2 as email6_1_1_, contactdat1_.email3 as email7_1_1_, contactdat1_.firstname as firstnam8_1_1_, contactdat1_.home as home9_1_1_, contactdat1_.lastname as lastnam10_1_1_, contactdat1_.middlename as middlen11_1_1_, contactdat1_.mobile as mobile12_1_1_, contactdat1_.photo as photo13_1_1_, contactdat1_.work as work14_1_1_ from address_in_groups contacts0_ inner join addressbook contactdat1_ on contacts0_.id=contactdat1_.id where contacts0_.group_id=?
Hibernate: select contacts0_.group_id as group_id2_0_0_, contacts0_.id as id1_0_0_, contactdat1_.id as id1_1_1_, contactdat1_.address as address2_1_1_, contactdat1_.bmonth as bmonth3_1_1_, contactdat1_.byear as byear4_1_1_, contactdat1_.email as email5_1_1_, contactdat1_.email2 as email6_1_1_, contactdat1_.email3 as email7_1_1_, contactdat1_.firstname as firstnam8_1_1_, contactdat1_.home as home9_1_1_, contactdat1_.lastname as lastnam10_1_1_, contactdat1_.middlename as middlen11_1_1_, contactdat1_.mobile as mobile12_1_1_, contactdat1_.photo as photo13_1_1_, contactdat1_.work as work14_1_1_ from address_in_groups contacts0_ inner join addressbook contactdat1_ on contacts0_.id=contactdat1_.id where contacts0_.group_id=?
Hibernate: select contacts0_.group_id as group_id2_0_0_, contacts0_.id as id1_0_0_, contactdat1_.id as id1_1_1_, contactdat1_.address as address2_1_1_, contactdat1_.bmonth as bmonth3_1_1_, contactdat1_.byear as byear4_1_1_, contactdat1_.email as email5_1_1_, contactdat1_.email2 as email6_1_1_, contactdat1_.email3 as email7_1_1_, contactdat1_.firstname as firstnam8_1_1_, contactdat1_.home as home9_1_1_, contactdat1_.lastname as lastnam10_1_1_, contactdat1_.middlename as middlen11_1_1_, contactdat1_.mobile as mobile12_1_1_, contactdat1_.photo as photo13_1_1_, contactdat1_.work as work14_1_1_ from address_in_groups contacts0_ inner join addressbook contactdat1_ on contacts0_.id=contactdat1_.id where contacts0_.group_id=?
Hibernate: select contacts0_.group_id as group_id2_0_0_, contacts0_.id as id1_0_0_, contactdat1_.id as id1_1_1_, contactdat1_.address as address2_1_1_, contactdat1_.bmonth as bmonth3_1_1_, contactdat1_.byear as byear4_1_1_, contactdat1_.email as email5_1_1_, contactdat1_.email2 as email6_1_1_, contactdat1_.email3 as email7_1_1_, contactdat1_.firstname as firstnam8_1_1_, contactdat1_.home as home9_1_1_, contactdat1_.lastname as lastnam10_1_1_, contactdat1_.middlename as middlen11_1_1_, contactdat1_.mobile as mobile12_1_1_, contactdat1_.photo as photo13_1_1_, contactdat1_.work as work14_1_1_ from address_in_groups contacts0_ inner join addressbook contactdat1_ on contacts0_.id=contactdat1_.id where contacts0_.group_id=?
Hibernate: select contacts0_.group_id as group_id2_0_0_, contacts0_.id as id1_0_0_, contactdat1_.id as id1_1_1_, contactdat1_.address as address2_1_1_, contactdat1_.bmonth as bmonth3_1_1_, contactdat1_.byear as byear4_1_1_, contactdat1_.email as email5_1_1_, contactdat1_.email2 as email6_1_1_, contactdat1_.email3 as email7_1_1_, contactdat1_.firstname as firstnam8_1_1_, contactdat1_.home as home9_1_1_, contactdat1_.lastname as lastnam10_1_1_, contactdat1_.middlename as middlen11_1_1_, contactdat1_.mobile as mobile12_1_1_, contactdat1_.photo as photo13_1_1_, contactdat1_.work as work14_1_1_ from address_in_groups contacts0_ inner join addressbook contactdat1_ on contacts0_.id=contactdat1_.id where contacts0_.group_id=?
Hibernate: select contacts0_.group_id as group_id2_0_0_, contacts0_.id as id1_0_0_, contactdat1_.id as id1_1_1_, contactdat1_.address as address2_1_1_, contactdat1_.bmonth as bmonth3_1_1_, contactdat1_.byear as byear4_1_1_, contactdat1_.email as email5_1_1_, contactdat1_.email2 as email6_1_1_, contactdat1_.email3 as email7_1_1_, contactdat1_.firstname as firstnam8_1_1_, contactdat1_.home as home9_1_1_, contactdat1_.lastname as lastnam10_1_1_, contactdat1_.middlename as middlen11_1_1_, contactdat1_.mobile as mobile12_1_1_, contactdat1_.photo as photo13_1_1_, contactdat1_.work as work14_1_1_ from address_in_groups contacts0_ inner join addressbook contactdat1_ on contacts0_.id=contactdat1_.id where contacts0_.group_id=?
Hibernate: select contacts0_.group_id as group_id2_0_0_, contacts0_.id as id1_0_0_, contactdat1_.id as id1_1_1_, contactdat1_.address as address2_1_1_, contactdat1_.bmonth as bmonth3_1_1_, contactdat1_.byear as byear4_1_1_, contactdat1_.email as email5_1_1_, contactdat1_.email2 as email6_1_1_, contactdat1_.email3 as email7_1_1_, contactdat1_.firstname as firstnam8_1_1_, contactdat1_.home as home9_1_1_, contactdat1_.lastname as lastnam10_1_1_, contactdat1_.middlename as middlen11_1_1_, contactdat1_.mobile as mobile12_1_1_, contactdat1_.photo as photo13_1_1_, contactdat1_.work as work14_1_1_ from address_in_groups contacts0_ inner join addressbook contactdat1_ on contacts0_.id=contactdat1_.id where contacts0_.group_id=?
Hibernate: select contacts0_.group_id as group_id2_0_0_, contacts0_.id as id1_0_0_, contactdat1_.id as id1_1_1_, contactdat1_.address as address2_1_1_, contactdat1_.bmonth as bmonth3_1_1_, contactdat1_.byear as byear4_1_1_, contactdat1_.email as email5_1_1_, contactdat1_.email2 as email6_1_1_, contactdat1_.email3 as email7_1_1_, contactdat1_.firstname as firstnam8_1_1_, contactdat1_.home as home9_1_1_, contactdat1_.lastname as lastnam10_1_1_, contactdat1_.middlename as middlen11_1_1_, contactdat1_.mobile as mobile12_1_1_, contactdat1_.photo as photo13_1_1_, contactdat1_.work as work14_1_1_ from address_in_groups contacts0_ inner join addressbook contactdat1_ on contacts0_.id=contactdat1_.id where contacts0_.group_id=?
Hibernate: select contacts0_.group_id as group_id2_0_0_, contacts0_.id as id1_0_0_, contactdat1_.id as id1_1_1_, contactdat1_.address as address2_1_1_, contactdat1_.bmonth as bmonth3_1_1_, contactdat1_.byear as byear4_1_1_, contactdat1_.email as email5_1_1_, contactdat1_.email2 as email6_1_1_, contactdat1_.email3 as email7_1_1_, contactdat1_.firstname as firstnam8_1_1_, contactdat1_.home as home9_1_1_, contactdat1_.lastname as lastnam10_1_1_, contactdat1_.middlename as middlen11_1_1_, contactdat1_.mobile as mobile12_1_1_, contactdat1_.photo as photo13_1_1_, contactdat1_.work as work14_1_1_ from address_in_groups contacts0_ inner join addressbook contactdat1_ on contacts0_.id=contactdat1_.id where contacts0_.group_id=?
Hibernate: select contacts0_.group_id as group_id2_0_0_, contacts0_.id as id1_0_0_, contactdat1_.id as id1_1_1_, contactdat1_.address as address2_1_1_, contactdat1_.bmonth as bmonth3_1_1_, contactdat1_.byear as byear4_1_1_, contactdat1_.email as email5_1_1_, contactdat1_.email2 as email6_1_1_, contactdat1_.email3 as email7_1_1_, contactdat1_.firstname as firstnam8_1_1_, contactdat1_.home as home9_1_1_, contactdat1_.lastname as lastnam10_1_1_, contactdat1_.middlename as middlen11_1_1_, contactdat1_.mobile as mobile12_1_1_, contactdat1_.photo as photo13_1_1_, contactdat1_.work as work14_1_1_ from address_in_groups contacts0_ inner join addressbook contactdat1_ on contacts0_.id=contactdat1_.id where contacts0_.group_id=?
Hibernate: select contacts0_.group_id as group_id2_0_0_, contacts0_.id as id1_0_0_, contactdat1_.id as id1_1_1_, contactdat1_.address as address2_1_1_, contactdat1_.bmonth as bmonth3_1_1_, contactdat1_.byear as byear4_1_1_, contactdat1_.email as email5_1_1_, contactdat1_.email2 as email6_1_1_, contactdat1_.email3 as email7_1_1_, contactdat1_.firstname as firstnam8_1_1_, contactdat1_.home as home9_1_1_, contactdat1_.lastname as lastnam10_1_1_, contactdat1_.middlename as middlen11_1_1_, contactdat1_.mobile as mobile12_1_1_, contactdat1_.photo as photo13_1_1_, contactdat1_.work as work14_1_1_ from address_in_groups contacts0_ inner join addressbook contactdat1_ on contacts0_.id=contactdat1_.id where contacts0_.group_id=?
Hibernate: select contacts0_.group_id as group_id2_0_0_, contacts0_.id as id1_0_0_, contactdat1_.id as id1_1_1_, contactdat1_.address as address2_1_1_, contactdat1_.bmonth as bmonth3_1_1_, contactdat1_.byear as byear4_1_1_, contactdat1_.email as email5_1_1_, contactdat1_.email2 as email6_1_1_, contactdat1_.email3 as email7_1_1_, contactdat1_.firstname as firstnam8_1_1_, contactdat1_.home as home9_1_1_, contactdat1_.lastname as lastnam10_1_1_, contactdat1_.middlename as middlen11_1_1_, contactdat1_.mobile as mobile12_1_1_, contactdat1_.photo as photo13_1_1_, contactdat1_.work as work14_1_1_ from address_in_groups contacts0_ inner join addressbook contactdat1_ on contacts0_.id=contactdat1_.id where contacts0_.group_id=?
Hibernate: select contacts0_.group_id as group_id2_0_0_, contacts0_.id as id1_0_0_, contactdat1_.id as id1_1_1_, contactdat1_.address as address2_1_1_, contactdat1_.bmonth as bmonth3_1_1_, contactdat1_.byear as byear4_1_1_, contactdat1_.email as email5_1_1_, contactdat1_.email2 as email6_1_1_, contactdat1_.email3 as email7_1_1_, contactdat1_.firstname as firstnam8_1_1_, contactdat1_.home as home9_1_1_, contactdat1_.lastname as lastnam10_1_1_, contactdat1_.middlename as middlen11_1_1_, contactdat1_.mobile as mobile12_1_1_, contactdat1_.photo as photo13_1_1_, contactdat1_.work as work14_1_1_ from address_in_groups contacts0_ inner join addressbook contactdat1_ on contacts0_.id=contactdat1_.id where contacts0_.group_id=?
Hibernate: select contacts0_.group_id as group_id2_0_0_, contacts0_.id as id1_0_0_, contactdat1_.id as id1_1_1_, contactdat1_.address as address2_1_1_, contactdat1_.bmonth as bmonth3_1_1_, contactdat1_.byear as byear4_1_1_, contactdat1_.email as email5_1_1_, contactdat1_.email2 as email6_1_1_, contactdat1_.email3 as email7_1_1_, contactdat1_.firstname as firstnam8_1_1_, contactdat1_.home as home9_1_1_, contactdat1_.lastname as lastnam10_1_1_, contactdat1_.middlename as middlen11_1_1_, contactdat1_.mobile as mobile12_1_1_, contactdat1_.photo as photo13_1_1_, contactdat1_.work as work14_1_1_ from address_in_groups contacts0_ inner join addressbook contactdat1_ on contacts0_.id=contactdat1_.id where contacts0_.group_id=?
Hibernate: select contacts0_.group_id as group_id2_0_0_, contacts0_.id as id1_0_0_, contactdat1_.id as id1_1_1_, contactdat1_.address as address2_1_1_, contactdat1_.bmonth as bmonth3_1_1_, contactdat1_.byear as byear4_1_1_, contactdat1_.email as email5_1_1_, contactdat1_.email2 as email6_1_1_, contactdat1_.email3 as email7_1_1_, contactdat1_.firstname as firstnam8_1_1_, contactdat1_.home as home9_1_1_, contactdat1_.lastname as lastnam10_1_1_, contactdat1_.middlename as middlen11_1_1_, contactdat1_.mobile as mobile12_1_1_, contactdat1_.photo as photo13_1_1_, contactdat1_.work as work14_1_1_ from address_in_groups contacts0_ inner join addressbook contactdat1_ on contacts0_.id=contactdat1_.id where contacts0_.group_id=?
Hibernate: select contacts0_.group_id as group_id2_0_0_, contacts0_.id as id1_0_0_, contactdat1_.id as id1_1_1_, contactdat1_.address as address2_1_1_, contactdat1_.bmonth as bmonth3_1_1_, contactdat1_.byear as byear4_1_1_, contactdat1_.email as email5_1_1_, contactdat1_.email2 as email6_1_1_, contactdat1_.email3 as email7_1_1_, contactdat1_.firstname as firstnam8_1_1_, contactdat1_.home as home9_1_1_, contactdat1_.lastname as lastnam10_1_1_, contactdat1_.middlename as middlen11_1_1_, contactdat1_.mobile as mobile12_1_1_, contactdat1_.photo as photo13_1_1_, contactdat1_.work as work14_1_1_ from address_in_groups contacts0_ inner join addressbook contactdat1_ on contacts0_.id=contactdat1_.id where contacts0_.group_id=?
Hibernate: select contacts0_.group_id as group_id2_0_0_, contacts0_.id as id1_0_0_, contactdat1_.id as id1_1_1_, contactdat1_.address as address2_1_1_, contactdat1_.bmonth as bmonth3_1_1_, contactdat1_.byear as byear4_1_1_, contactdat1_.email as email5_1_1_, contactdat1_.email2 as email6_1_1_, contactdat1_.email3 as email7_1_1_, contactdat1_.firstname as firstnam8_1_1_, contactdat1_.home as home9_1_1_, contactdat1_.lastname as lastnam10_1_1_, contactdat1_.middlename as middlen11_1_1_, contactdat1_.mobile as mobile12_1_1_, contactdat1_.photo as photo13_1_1_, contactdat1_.work as work14_1_1_ from address_in_groups contacts0_ inner join addressbook contactdat1_ on contacts0_.id=contactdat1_.id where contacts0_.group_id=?
Hibernate: select contacts0_.group_id as group_id2_0_0_, contacts0_.id as id1_0_0_, contactdat1_.id as id1_1_1_, contactdat1_.address as address2_1_1_, contactdat1_.bmonth as bmonth3_1_1_, contactdat1_.byear as byear4_1_1_, contactdat1_.email as email5_1_1_, contactdat1_.email2 as email6_1_1_, contactdat1_.email3 as email7_1_1_, contactdat1_.firstname as firstnam8_1_1_, contactdat1_.home as home9_1_1_, contactdat1_.lastname as lastnam10_1_1_, contactdat1_.middlename as middlen11_1_1_, contactdat1_.mobile as mobile12_1_1_, contactdat1_.photo as photo13_1_1_, contactdat1_.work as work14_1_1_ from address_in_groups contacts0_ inner join addressbook contactdat1_ on contacts0_.id=contactdat1_.id where contacts0_.group_id=?
Hibernate: select contacts0_.group_id as group_id2_0_0_, contacts0_.id as id1_0_0_, contactdat1_.id as id1_1_1_, contactdat1_.address as address2_1_1_, contactdat1_.bmonth as bmonth3_1_1_, contactdat1_.byear as byear4_1_1_, contactdat1_.email as email5_1_1_, contactdat1_.email2 as email6_1_1_, contactdat1_.email3 as email7_1_1_, contactdat1_.firstname as firstnam8_1_1_, contactdat1_.home as home9_1_1_, contactdat1_.lastname as lastnam10_1_1_, contactdat1_.middlename as middlen11_1_1_, contactdat1_.mobile as mobile12_1_1_, contactdat1_.photo as photo13_1_1_, contactdat1_.work as work14_1_1_ from address_in_groups contacts0_ inner join addressbook contactdat1_ on contacts0_.id=contactdat1_.id where contacts0_.group_id=?
Hibernate: select contacts0_.group_id as group_id2_0_0_, contacts0_.id as id1_0_0_, contactdat1_.id as id1_1_1_, contactdat1_.address as address2_1_1_, contactdat1_.bmonth as bmonth3_1_1_, contactdat1_.byear as byear4_1_1_, contactdat1_.email as email5_1_1_, contactdat1_.email2 as email6_1_1_, contactdat1_.email3 as email7_1_1_, contactdat1_.firstname as firstnam8_1_1_, contactdat1_.home as home9_1_1_, contactdat1_.lastname as lastnam10_1_1_, contactdat1_.middlename as middlen11_1_1_, contactdat1_.mobile as mobile12_1_1_, contactdat1_.photo as photo13_1_1_, contactdat1_.work as work14_1_1_ from address_in_groups contacts0_ inner join addressbook contactdat1_ on contacts0_.id=contactdat1_.id where contacts0_.group_id=?
Hibernate: select contacts0_.group_id as group_id2_0_0_, contacts0_.id as id1_0_0_, contactdat1_.id as id1_1_1_, contactdat1_.address as address2_1_1_, contactdat1_.bmonth as bmonth3_1_1_, contactdat1_.byear as byear4_1_1_, contactdat1_.email as email5_1_1_, contactdat1_.email2 as email6_1_1_, contactdat1_.email3 as email7_1_1_, contactdat1_.firstname as firstnam8_1_1_, contactdat1_.home as home9_1_1_, contactdat1_.lastname as lastnam10_1_1_, contactdat1_.middlename as middlen11_1_1_, contactdat1_.mobile as mobile12_1_1_, contactdat1_.photo as photo13_1_1_, contactdat1_.work as work14_1_1_ from address_in_groups contacts0_ inner join addressbook contactdat1_ on contacts0_.id=contactdat1_.id where contacts0_.group_id=?
Hibernate: select contacts0_.group_id as group_id2_0_0_, contacts0_.id as id1_0_0_, contactdat1_.id as id1_1_1_, contactdat1_.address as address2_1_1_, contactdat1_.bmonth as bmonth3_1_1_, contactdat1_.byear as byear4_1_1_, contactdat1_.email as email5_1_1_, contactdat1_.email2 as email6_1_1_, contactdat1_.email3 as email7_1_1_, contactdat1_.firstname as firstnam8_1_1_, contactdat1_.home as home9_1_1_, contactdat1_.lastname as lastnam10_1_1_, contactdat1_.middlename as middlen11_1_1_, contactdat1_.mobile as mobile12_1_1_, contactdat1_.photo as photo13_1_1_, contactdat1_.work as work14_1_1_ from address_in_groups contacts0_ inner join addressbook contactdat1_ on contacts0_.id=contactdat1_.id where contacts0_.group_id=?
Hibernate: select contacts0_.group_id as group_id2_0_0_, contacts0_.id as id1_0_0_, contactdat1_.id as id1_1_1_, contactdat1_.address as address2_1_1_, contactdat1_.bmonth as bmonth3_1_1_, contactdat1_.byear as byear4_1_1_, contactdat1_.email as email5_1_1_, contactdat1_.email2 as email6_1_1_, contactdat1_.email3 as email7_1_1_, contactdat1_.firstname as firstnam8_1_1_, contactdat1_.home as home9_1_1_, contactdat1_.lastname as lastnam10_1_1_, contactdat1_.middlename as middlen11_1_1_, contactdat1_.mobile as mobile12_1_1_, contactdat1_.photo as photo13_1_1_, contactdat1_.work as work14_1_1_ from address_in_groups contacts0_ inner join addressbook contactdat1_ on contacts0_.id=contactdat1_.id where contacts0_.group_id=?
Hibernate: select contacts0_.group_id as group_id2_0_0_, contacts0_.id as id1_0_0_, contactdat1_.id as id1_1_1_, contactdat1_.address as address2_1_1_, contactdat1_.bmonth as bmonth3_1_1_, contactdat1_.byear as byear4_1_1_, contactdat1_.email as email5_1_1_, contactdat1_.email2 as email6_1_1_, contactdat1_.email3 as email7_1_1_, contactdat1_.firstname as firstnam8_1_1_, contactdat1_.home as home9_1_1_, contactdat1_.lastname as lastnam10_1_1_, contactdat1_.middlename as middlen11_1_1_, contactdat1_.mobile as mobile12_1_1_, contactdat1_.photo as photo13_1_1_, contactdat1_.work as work14_1_1_ from address_in_groups contacts0_ inner join addressbook contactdat1_ on contacts0_.id=contactdat1_.id where contacts0_.group_id=?
Hibernate: select contacts0_.group_id as group_id2_0_0_, contacts0_.id as id1_0_0_, contactdat1_.id as id1_1_1_, contactdat1_.address as address2_1_1_, contactdat1_.bmonth as bmonth3_1_1_, contactdat1_.byear as byear4_1_1_, contactdat1_.email as email5_1_1_, contactdat1_.email2 as email6_1_1_, contactdat1_.email3 as email7_1_1_, contactdat1_.firstname as firstnam8_1_1_, contactdat1_.home as home9_1_1_, contactdat1_.lastname as lastnam10_1_1_, contactdat1_.middlename as middlen11_1_1_, contactdat1_.mobile as mobile12_1_1_, contactdat1_.photo as photo13_1_1_, contactdat1_.work as work14_1_1_ from address_in_groups contacts0_ inner join addressbook contactdat1_ on contacts0_.id=contactdat1_.id where contacts0_.group_id=?
Hibernate: select contacts0_.group_id as group_id2_0_0_, contacts0_.id as id1_0_0_, contactdat1_.id as id1_1_1_, contactdat1_.address as address2_1_1_, contactdat1_.bmonth as bmonth3_1_1_, contactdat1_.byear as byear4_1_1_, contactdat1_.email as email5_1_1_, contactdat1_.email2 as email6_1_1_, contactdat1_.email3 as email7_1_1_, contactdat1_.firstname as firstnam8_1_1_, contactdat1_.home as home9_1_1_, contactdat1_.lastname as lastnam10_1_1_, contactdat1_.middlename as middlen11_1_1_, contactdat1_.mobile as mobile12_1_1_, contactdat1_.photo as photo13_1_1_, contactdat1_.work as work14_1_1_ from address_in_groups contacts0_ inner join addressbook contactdat1_ on contacts0_.id=contactdat1_.id where contacts0_.group_id=?
Hibernate: select contacts0_.group_id as group_id2_0_0_, contacts0_.id as id1_0_0_, contactdat1_.id as id1_1_1_, contactdat1_.address as address2_1_1_, contactdat1_.bmonth as bmonth3_1_1_, contactdat1_.byear as byear4_1_1_, contactdat1_.email as email5_1_1_, contactdat1_.email2 as email6_1_1_, contactdat1_.email3 as email7_1_1_, contactdat1_.firstname as firstnam8_1_1_, contactdat1_.home as home9_1_1_, contactdat1_.lastname as lastnam10_1_1_, contactdat1_.middlename as middlen11_1_1_, contactdat1_.mobile as mobile12_1_1_, contactdat1_.photo as photo13_1_1_, contactdat1_.work as work14_1_1_ from address_in_groups contacts0_ inner join addressbook contactdat1_ on contacts0_.id=contactdat1_.id where contacts0_.group_id=?
Hibernate: select contacts0_.group_id as group_id2_0_0_, contacts0_.id as id1_0_0_, contactdat1_.id as id1_1_1_, contactdat1_.address as address2_1_1_, contactdat1_.bmonth as bmonth3_1_1_, contactdat1_.byear as byear4_1_1_, contactdat1_.email as email5_1_1_, contactdat1_.email2 as email6_1_1_, contactdat1_.email3 as email7_1_1_, contactdat1_.firstname as firstnam8_1_1_, contactdat1_.home as home9_1_1_, contactdat1_.lastname as lastnam10_1_1_, contactdat1_.middlename as middlen11_1_1_, contactdat1_.mobile as mobile12_1_1_, contactdat1_.photo as photo13_1_1_, contactdat1_.work as work14_1_1_ from address_in_groups contacts0_ inner join addressbook contactdat1_ on contacts0_.id=contactdat1_.id where contacts0_.group_id=?
Hibernate: select contacts0_.group_id as group_id2_0_0_, contacts0_.id as id1_0_0_, contactdat1_.id as id1_1_1_, contactdat1_.address as address2_1_1_, contactdat1_.bmonth as bmonth3_1_1_, contactdat1_.byear as byear4_1_1_, contactdat1_.email as email5_1_1_, contactdat1_.email2 as email6_1_1_, contactdat1_.email3 as email7_1_1_, contactdat1_.firstname as firstnam8_1_1_, contactdat1_.home as home9_1_1_, contactdat1_.lastname as lastnam10_1_1_, contactdat1_.middlename as middlen11_1_1_, contactdat1_.mobile as mobile12_1_1_, contactdat1_.photo as photo13_1_1_, contactdat1_.work as work14_1_1_ from address_in_groups contacts0_ inner join addressbook contactdat1_ on contacts0_.id=contactdat1_.id where contacts0_.group_id=?
Hibernate: select contacts0_.group_id as group_id2_0_0_, contacts0_.id as id1_0_0_, contactdat1_.id as id1_1_1_, contactdat1_.address as address2_1_1_, contactdat1_.bmonth as bmonth3_1_1_, contactdat1_.byear as byear4_1_1_, contactdat1_.email as email5_1_1_, contactdat1_.email2 as email6_1_1_, contactdat1_.email3 as email7_1_1_, contactdat1_.firstname as firstnam8_1_1_, contactdat1_.home as home9_1_1_, contactdat1_.lastname as lastnam10_1_1_, contactdat1_.middlename as middlen11_1_1_, contactdat1_.mobile as mobile12_1_1_, contactdat1_.photo as photo13_1_1_, contactdat1_.work as work14_1_1_ from address_in_groups contacts0_ inner join addressbook contactdat1_ on contacts0_.id=contactdat1_.id where contacts0_.group_id=?
Hibernate: select contacts0_.group_id as group_id2_0_0_, contacts0_.id as id1_0_0_, contactdat1_.id as id1_1_1_, contactdat1_.address as address2_1_1_, contactdat1_.bmonth as bmonth3_1_1_, contactdat1_.byear as byear4_1_1_, contactdat1_.email as email5_1_1_, contactdat1_.email2 as email6_1_1_, contactdat1_.email3 as email7_1_1_, contactdat1_.firstname as firstnam8_1_1_, contactdat1_.home as home9_1_1_, contactdat1_.lastname as lastnam10_1_1_, contactdat1_.middlename as middlen11_1_1_, contactdat1_.mobile as mobile12_1_1_, contactdat1_.photo as photo13_1_1_, contactdat1_.work as work14_1_1_ from address_in_groups contacts0_ inner join addressbook contactdat1_ on contacts0_.id=contactdat1_.id where contacts0_.group_id=?
Hibernate: select contacts0_.group_id as group_id2_0_0_, contacts0_.id as id1_0_0_, contactdat1_.id as id1_1_1_, contactdat1_.address as address2_1_1_, contactdat1_.bmonth as bmonth3_1_1_, contactdat1_.byear as byear4_1_1_, contactdat1_.email as email5_1_1_, contactdat1_.email2 as email6_1_1_, contactdat1_.email3 as email7_1_1_, contactdat1_.firstname as firstnam8_1_1_, contactdat1_.home as home9_1_1_, contactdat1_.lastname as lastnam10_1_1_, contactdat1_.middlename as middlen11_1_1_, contactdat1_.mobile as mobile12_1_1_, contactdat1_.photo as photo13_1_1_, contactdat1_.work as work14_1_1_ from address_in_groups contacts0_ inner join addressbook contactdat1_ on contacts0_.id=contactdat1_.id where contacts0_.group_id=?
Hibernate: select contacts0_.group_id as group_id2_0_0_, contacts0_.id as id1_0_0_, contactdat1_.id as id1_1_1_, contactdat1_.address as address2_1_1_, contactdat1_.bmonth as bmonth3_1_1_, contactdat1_.byear as byear4_1_1_, contactdat1_.email as email5_1_1_, contactdat1_.email2 as email6_1_1_, contactdat1_.email3 as email7_1_1_, contactdat1_.firstname as firstnam8_1_1_, contactdat1_.home as home9_1_1_, contactdat1_.lastname as lastnam10_1_1_, contactdat1_.middlename as middlen11_1_1_, contactdat1_.mobile as mobile12_1_1_, contactdat1_.photo as photo13_1_1_, contactdat1_.work as work14_1_1_ from address_in_groups contacts0_ inner join addressbook contactdat1_ on contacts0_.id=contactdat1_.id where contacts0_.group_id=?
Hibernate: select contacts0_.group_id as group_id2_0_0_, contacts0_.id as id1_0_0_, contactdat1_.id as id1_1_1_, contactdat1_.address as address2_1_1_, contactdat1_.bmonth as bmonth3_1_1_, contactdat1_.byear as byear4_1_1_, contactdat1_.email as email5_1_1_, contactdat1_.email2 as email6_1_1_, contactdat1_.email3 as email7_1_1_, contactdat1_.firstname as firstnam8_1_1_, contactdat1_.home as home9_1_1_, contactdat1_.lastname as lastnam10_1_1_, contactdat1_.middlename as middlen11_1_1_, contactdat1_.mobile as mobile12_1_1_, contactdat1_.photo as photo13_1_1_, contactdat1_.work as work14_1_1_ from address_in_groups contacts0_ inner join addressbook contactdat1_ on contacts0_.id=contactdat1_.id where contacts0_.group_id=?
Hibernate: select contacts0_.group_id as group_id2_0_0_, contacts0_.id as id1_0_0_, contactdat1_.id as id1_1_1_, contactdat1_.address as address2_1_1_, contactdat1_.bmonth as bmonth3_1_1_, contactdat1_.byear as byear4_1_1_, contactdat1_.email as email5_1_1_, contactdat1_.email2 as email6_1_1_, contactdat1_.email3 as email7_1_1_, contactdat1_.firstname as firstnam8_1_1_, contactdat1_.home as home9_1_1_, contactdat1_.lastname as lastnam10_1_1_, contactdat1_.middlename as middlen11_1_1_, contactdat1_.mobile as mobile12_1_1_, contactdat1_.photo as photo13_1_1_, contactdat1_.work as work14_1_1_ from address_in_groups contacts0_ inner join addressbook contactdat1_ on contacts0_.id=contactdat1_.id where contacts0_.group_id=?
Hibernate: select contacts0_.group_id as group_id2_0_0_, contacts0_.id as id1_0_0_, contactdat1_.id as id1_1_1_, contactdat1_.address as address2_1_1_, contactdat1_.bmonth as bmonth3_1_1_, contactdat1_.byear as byear4_1_1_, contactdat1_.email as email5_1_1_, contactdat1_.email2 as email6_1_1_, contactdat1_.email3 as email7_1_1_, contactdat1_.firstname as firstnam8_1_1_, contactdat1_.home as home9_1_1_, contactdat1_.lastname as lastnam10_1_1_, contactdat1_.middlename as middlen11_1_1_, contactdat1_.mobile as mobile12_1_1_, contactdat1_.photo as photo13_1_1_, contactdat1_.work as work14_1_1_ from address_in_groups contacts0_ inner join addressbook contactdat1_ on contacts0_.id=contactdat1_.id where contacts0_.group_id=?
Hibernate: select contacts0_.group_id as group_id2_0_0_, contacts0_.id as id1_0_0_, contactdat1_.id as id1_1_1_, contactdat1_.address as address2_1_1_, contactdat1_.bmonth as bmonth3_1_1_, contactdat1_.byear as byear4_1_1_, contactdat1_.email as email5_1_1_, contactdat1_.email2 as email6_1_1_, contactdat1_.email3 as email7_1_1_, contactdat1_.firstname as firstnam8_1_1_, contactdat1_.home as home9_1_1_, contactdat1_.lastname as lastnam10_1_1_, contactdat1_.middlename as middlen11_1_1_, contactdat1_.mobile as mobile12_1_1_, contactdat1_.photo as photo13_1_1_, contactdat1_.work as work14_1_1_ from address_in_groups contacts0_ inner join addressbook contactdat1_ on contacts0_.id=contactdat1_.id where contacts0_.group_id=?
Hibernate: select contacts0_.group_id as group_id2_0_0_, contacts0_.id as id1_0_0_, contactdat1_.id as id1_1_1_, contactdat1_.address as address2_1_1_, contactdat1_.bmonth as bmonth3_1_1_, contactdat1_.byear as byear4_1_1_, contactdat1_.email as email5_1_1_, contactdat1_.email2 as email6_1_1_, contactdat1_.email3 as email7_1_1_, contactdat1_.firstname as firstnam8_1_1_, contactdat1_.home as home9_1_1_, contactdat1_.lastname as lastnam10_1_1_, contactdat1_.middlename as middlen11_1_1_, contactdat1_.mobile as mobile12_1_1_, contactdat1_.photo as photo13_1_1_, contactdat1_.work as work14_1_1_ from address_in_groups contacts0_ inner join addressbook contactdat1_ on contacts0_.id=contactdat1_.id where contacts0_.group_id=?
Hibernate: select contacts0_.group_id as group_id2_0_0_, contacts0_.id as id1_0_0_, contactdat1_.id as id1_1_1_, contactdat1_.address as address2_1_1_, contactdat1_.bmonth as bmonth3_1_1_, contactdat1_.byear as byear4_1_1_, contactdat1_.email as email5_1_1_, contactdat1_.email2 as email6_1_1_, contactdat1_.email3 as email7_1_1_, contactdat1_.firstname as firstnam8_1_1_, contactdat1_.home as home9_1_1_, contactdat1_.lastname as lastnam10_1_1_, contactdat1_.middlename as middlen11_1_1_, contactdat1_.mobile as mobile12_1_1_, contactdat1_.photo as photo13_1_1_, contactdat1_.work as work14_1_1_ from address_in_groups contacts0_ inner join addressbook contactdat1_ on contacts0_.id=contactdat1_.id where contacts0_.group_id=?
Hibernate: select contacts0_.group_id as group_id2_0_0_, contacts0_.id as id1_0_0_, contactdat1_.id as id1_1_1_, contactdat1_.address as address2_1_1_, contactdat1_.bmonth as bmonth3_1_1_, contactdat1_.byear as byear4_1_1_, contactdat1_.email as email5_1_1_, contactdat1_.email2 as email6_1_1_, contactdat1_.email3 as email7_1_1_, contactdat1_.firstname as firstnam8_1_1_, contactdat1_.home as home9_1_1_, contactdat1_.lastname as lastnam10_1_1_, contactdat1_.middlename as middlen11_1_1_, contactdat1_.mobile as mobile12_1_1_, contactdat1_.photo as photo13_1_1_, contactdat1_.work as work14_1_1_ from address_in_groups contacts0_ inner join addressbook contactdat1_ on contacts0_.id=contactdat1_.id where contacts0_.group_id=?
Hibernate: select contacts0_.group_id as group_id2_0_0_, contacts0_.id as id1_0_0_, contactdat1_.id as id1_1_1_, contactdat1_.address as address2_1_1_, contactdat1_.bmonth as bmonth3_1_1_, contactdat1_.byear as byear4_1_1_, contactdat1_.email as email5_1_1_, contactdat1_.email2 as email6_1_1_, contactdat1_.email3 as email7_1_1_, contactdat1_.firstname as firstnam8_1_1_, contactdat1_.home as home9_1_1_, contactdat1_.lastname as lastnam10_1_1_, contactdat1_.middlename as middlen11_1_1_, contactdat1_.mobile as mobile12_1_1_, contactdat1_.photo as photo13_1_1_, contactdat1_.work as work14_1_1_ from address_in_groups contacts0_ inner join addressbook contactdat1_ on contacts0_.id=contactdat1_.id where contacts0_.group_id=?
Hibernate: select contacts0_.group_id as group_id2_0_0_, contacts0_.id as id1_0_0_, contactdat1_.id as id1_1_1_, contactdat1_.address as address2_1_1_, contactdat1_.bmonth as bmonth3_1_1_, contactdat1_.byear as byear4_1_1_, contactdat1_.email as email5_1_1_, contactdat1_.email2 as email6_1_1_, contactdat1_.email3 as email7_1_1_, contactdat1_.firstname as firstnam8_1_1_, contactdat1_.home as home9_1_1_, contactdat1_.lastname as lastnam10_1_1_, contactdat1_.middlename as middlen11_1_1_, contactdat1_.mobile as mobile12_1_1_, contactdat1_.photo as photo13_1_1_, contactdat1_.work as work14_1_1_ from address_in_groups contacts0_ inner join addressbook contactdat1_ on contacts0_.id=contactdat1_.id where contacts0_.group_id=?
Hibernate: select contacts0_.group_id as group_id2_0_0_, contacts0_.id as id1_0_0_, contactdat1_.id as id1_1_1_, contactdat1_.address as address2_1_1_, contactdat1_.bmonth as bmonth3_1_1_, contactdat1_.byear as byear4_1_1_, contactdat1_.email as email5_1_1_, contactdat1_.email2 as email6_1_1_, contactdat1_.email3 as email7_1_1_, contactdat1_.firstname as firstnam8_1_1_, contactdat1_.home as home9_1_1_, contactdat1_.lastname as lastnam10_1_1_, contactdat1_.middlename as middlen11_1_1_, contactdat1_.mobile as mobile12_1_1_, contactdat1_.photo as photo13_1_1_, contactdat1_.work as work14_1_1_ from address_in_groups contacts0_ inner join addressbook contactdat1_ on contacts0_.id=contactdat1_.id where contacts0_.group_id=?
22:10:40.113 [Test worker] INFO  r.s.pft.addressbook.tests.TestBase - End testtestBadGroupCreation
22:10:40.274 [Test worker] INFO  r.s.pft.addressbook.tests.TestBase - Start testtestGroupCreation with parameters [GroupData{id='0', name='test 0'}]
Hibernate: select groupdata0_.group_id as group_id1_2_, groupdata0_.group_footer as group_fo2_2_, groupdata0_.group_header as group_he3_2_, groupdata0_.group_name as group_na4_2_ from group_list groupdata0_
Hibernate: select contacts0_.group_id as group_id2_0_0_, contacts0_.id as id1_0_0_, contactdat1_.id as id1_1_1_, contactdat1_.address as address2_1_1_, contactdat1_.bmonth as bmonth3_1_1_, contactdat1_.byear as byear4_1_1_, contactdat1_.email as email5_1_1_, contactdat1_.email2 as email6_1_1_, contactdat1_.email3 as email7_1_1_, contactdat1_.firstname as firstnam8_1_1_, contactdat1_.home as home9_1_1_, contactdat1_.lastname as lastnam10_1_1_, contactdat1_.middlename as middlen11_1_1_, contactdat1_.mobile as mobile12_1_1_, contactdat1_.photo as photo13_1_1_, contactdat1_.work as work14_1_1_ from address_in_groups contacts0_ inner join addressbook contactdat1_ on contacts0_.id=contactdat1_.id where contacts0_.group_id=?
Hibernate: select contacts0_.group_id as group_id2_0_0_, contacts0_.id as id1_0_0_, contactdat1_.id as id1_1_1_, contactdat1_.address as address2_1_1_, contactdat1_.bmonth as bmonth3_1_1_, contactdat1_.byear as byear4_1_1_, contactdat1_.email as email5_1_1_, contactdat1_.email2 as email6_1_1_, contactdat1_.email3 as email7_1_1_, contactdat1_.firstname as firstnam8_1_1_, contactdat1_.home as home9_1_1_, contactdat1_.lastname as lastnam10_1_1_, contactdat1_.middlename as middlen11_1_1_, contactdat1_.mobile as mobile12_1_1_, contactdat1_.photo as photo13_1_1_, contactdat1_.work as work14_1_1_ from address_in_groups contacts0_ inner join addressbook contactdat1_ on contacts0_.id=contactdat1_.id where contacts0_.group_id=?
Hibernate: select contacts0_.group_id as group_id2_0_0_, contacts0_.id as id1_0_0_, contactdat1_.id as id1_1_1_, contactdat1_.address as address2_1_1_, contactdat1_.bmonth as bmonth3_1_1_, contactdat1_.byear as byear4_1_1_, contactdat1_.email as email5_1_1_, contactdat1_.email2 as email6_1_1_, contactdat1_.email3 as email7_1_1_, contactdat1_.firstname as firstnam8_1_1_, contactdat1_.home as home9_1_1_, contactdat1_.lastname as lastnam10_1_1_, contactdat1_.middlename as middlen11_1_1_, contactdat1_.mobile as mobile12_1_1_, contactdat1_.photo as photo13_1_1_, contactdat1_.work as work14_1_1_ from address_in_groups contacts0_ inner join addressbook contactdat1_ on contacts0_.id=contactdat1_.id where contacts0_.group_id=?
Hibernate: select contacts0_.group_id as group_id2_0_0_, contacts0_.id as id1_0_0_, contactdat1_.id as id1_1_1_, contactdat1_.address as address2_1_1_, contactdat1_.bmonth as bmonth3_1_1_, contactdat1_.byear as byear4_1_1_, contactdat1_.email as email5_1_1_, contactdat1_.email2 as email6_1_1_, contactdat1_.email3 as email7_1_1_, contactdat1_.firstname as firstnam8_1_1_, contactdat1_.home as home9_1_1_, contactdat1_.lastname as lastnam10_1_1_, contactdat1_.middlename as middlen11_1_1_, contactdat1_.mobile as mobile12_1_1_, contactdat1_.photo as photo13_1_1_, contactdat1_.work as work14_1_1_ from address_in_groups contacts0_ inner join addressbook contactdat1_ on contacts0_.id=contactdat1_.id where contacts0_.group_id=?
Hibernate: select contacts0_.group_id as group_id2_0_0_, contacts0_.id as id1_0_0_, contactdat1_.id as id1_1_1_, contactdat1_.address as address2_1_1_, contactdat1_.bmonth as bmonth3_1_1_, contactdat1_.byear as byear4_1_1_, contactdat1_.email as email5_1_1_, contactdat1_.email2 as email6_1_1_, contactdat1_.email3 as email7_1_1_, contactdat1_.firstname as firstnam8_1_1_, contactdat1_.home as home9_1_1_, contactdat1_.lastname as lastnam10_1_1_, contactdat1_.middlename as middlen11_1_1_, contactdat1_.mobile as mobile12_1_1_, contactdat1_.photo as photo13_1_1_, contactdat1_.work as work14_1_1_ from address_in_groups contacts0_ inner join addressbook contactdat1_ on contacts0_.id=contactdat1_.id where contacts0_.group_id=?
Hibernate: select contacts0_.group_id as group_id2_0_0_, contacts0_.id as id1_0_0_, contactdat1_.id as id1_1_1_, contactdat1_.address as address2_1_1_, contactdat1_.bmonth as bmonth3_1_1_, contactdat1_.byear as byear4_1_1_, contactdat1_.email as email5_1_1_, contactdat1_.email2 as email6_1_1_, contactdat1_.email3 as email7_1_1_, contactdat1_.firstname as firstnam8_1_1_, contactdat1_.home as home9_1_1_, contactdat1_.lastname as lastnam10_1_1_, contactdat1_.middlename as middlen11_1_1_, contactdat1_.mobile as mobile12_1_1_, contactdat1_.photo as photo13_1_1_, contactdat1_.work as work14_1_1_ from address_in_groups contacts0_ inner join addressbook contactdat1_ on contacts0_.id=contactdat1_.id where contacts0_.group_id=?
Hibernate: select contacts0_.group_id as group_id2_0_0_, contacts0_.id as id1_0_0_, contactdat1_.id as id1_1_1_, contactdat1_.address as address2_1_1_, contactdat1_.bmonth as bmonth3_1_1_, contactdat1_.byear as byear4_1_1_, contactdat1_.email as email5_1_1_, contactdat1_.email2 as email6_1_1_, contactdat1_.email3 as email7_1_1_, contactdat1_.firstname as firstnam8_1_1_, contactdat1_.home as home9_1_1_, contactdat1_.lastname as lastnam10_1_1_, contactdat1_.middlename as middlen11_1_1_, contactdat1_.mobile as mobile12_1_1_, contactdat1_.photo as photo13_1_1_, contactdat1_.work as work14_1_1_ from address_in_groups contacts0_ inner join addressbook contactdat1_ on contacts0_.id=contactdat1_.id where contacts0_.group_id=?
Hibernate: select contacts0_.group_id as group_id2_0_0_, contacts0_.id as id1_0_0_, contactdat1_.id as id1_1_1_, contactdat1_.address as address2_1_1_, contactdat1_.bmonth as bmonth3_1_1_, contactdat1_.byear as byear4_1_1_, contactdat1_.email as email5_1_1_, contactdat1_.email2 as email6_1_1_, contactdat1_.email3 as email7_1_1_, contactdat1_.firstname as firstnam8_1_1_, contactdat1_.home as home9_1_1_, contactdat1_.lastname as lastnam10_1_1_, contactdat1_.middlename as middlen11_1_1_, contactdat1_.mobile as mobile12_1_1_, contactdat1_.photo as photo13_1_1_, contactdat1_.work as work14_1_1_ from address_in_groups contacts0_ inner join addressbook contactdat1_ on contacts0_.id=contactdat1_.id where contacts0_.group_id=?
Hibernate: select contacts0_.group_id as group_id2_0_0_, contacts0_.id as id1_0_0_, contactdat1_.id as id1_1_1_, contactdat1_.address as address2_1_1_, contactdat1_.bmonth as bmonth3_1_1_, contactdat1_.byear as byear4_1_1_, contactdat1_.email as email5_1_1_, contactdat1_.email2 as email6_1_1_, contactdat1_.email3 as email7_1_1_, contactdat1_.firstname as firstnam8_1_1_, contactdat1_.home as home9_1_1_, contactdat1_.lastname as lastnam10_1_1_, contactdat1_.middlename as middlen11_1_1_, contactdat1_.mobile as mobile12_1_1_, contactdat1_.photo as photo13_1_1_, contactdat1_.work as work14_1_1_ from address_in_groups contacts0_ inner join addressbook contactdat1_ on contacts0_.id=contactdat1_.id where contacts0_.group_id=?
Hibernate: select contacts0_.group_id as group_id2_0_0_, contacts0_.id as id1_0_0_, contactdat1_.id as id1_1_1_, contactdat1_.address as address2_1_1_, contactdat1_.bmonth as bmonth3_1_1_, contactdat1_.byear as byear4_1_1_, contactdat1_.email as email5_1_1_, contactdat1_.email2 as email6_1_1_, contactdat1_.email3 as email7_1_1_, contactdat1_.firstname as firstnam8_1_1_, contactdat1_.home as home9_1_1_, contactdat1_.lastname as lastnam10_1_1_, contactdat1_.middlename as middlen11_1_1_, contactdat1_.mobile as mobile12_1_1_, contactdat1_.photo as photo13_1_1_, contactdat1_.work as work14_1_1_ from address_in_groups contacts0_ inner join addressbook contactdat1_ on contacts0_.id=contactdat1_.id where contacts0_.group_id=?
Hibernate: select contacts0_.group_id as group_id2_0_0_, contacts0_.id as id1_0_0_, contactdat1_.id as id1_1_1_, contactdat1_.address as address2_1_1_, contactdat1_.bmonth as bmonth3_1_1_, contactdat1_.byear as byear4_1_1_, contactdat1_.email as email5_1_1_, contactdat1_.email2 as email6_1_1_, contactdat1_.email3 as email7_1_1_, contactdat1_.firstname as firstnam8_1_1_, contactdat1_.home as home9_1_1_, contactdat1_.lastname as lastnam10_1_1_, contactdat1_.middlename as middlen11_1_1_, contactdat1_.mobile as mobile12_1_1_, contactdat1_.photo as photo13_1_1_, contactdat1_.work as work14_1_1_ from address_in_groups contacts0_ inner join addressbook contactdat1_ on contacts0_.id=contactdat1_.id where contacts0_.group_id=?
Hibernate: select contacts0_.group_id as group_id2_0_0_, contacts0_.id as id1_0_0_, contactdat1_.id as id1_1_1_, contactdat1_.address as address2_1_1_, contactdat1_.bmonth as bmonth3_1_1_, contactdat1_.byear as byear4_1_1_, contactdat1_.email as email5_1_1_, contactdat1_.email2 as email6_1_1_, contactdat1_.email3 as email7_1_1_, contactdat1_.firstname as firstnam8_1_1_, contactdat1_.home as home9_1_1_, contactdat1_.lastname as lastnam10_1_1_, contactdat1_.middlename as middlen11_1_1_, contactdat1_.mobile as mobile12_1_1_, contactdat1_.photo as photo13_1_1_, contactdat1_.work as work14_1_1_ from address_in_groups contacts0_ inner join addressbook contactdat1_ on contacts0_.id=contactdat1_.id where contacts0_.group_id=?
Hibernate: select contacts0_.group_id as group_id2_0_0_, contacts0_.id as id1_0_0_, contactdat1_.id as id1_1_1_, contactdat1_.address as address2_1_1_, contactdat1_.bmonth as bmonth3_1_1_, contactdat1_.byear as byear4_1_1_, contactdat1_.email as email5_1_1_, contactdat1_.email2 as email6_1_1_, contactdat1_.email3 as email7_1_1_, contactdat1_.firstname as firstnam8_1_1_, contactdat1_.home as home9_1_1_, contactdat1_.lastname as lastnam10_1_1_, contactdat1_.middlename as middlen11_1_1_, contactdat1_.mobile as mobile12_1_1_, contactdat1_.photo as photo13_1_1_, contactdat1_.work as work14_1_1_ from address_in_groups contacts0_ inner join addressbook contactdat1_ on contacts0_.id=contactdat1_.id where contacts0_.group_id=?
Hibernate: select contacts0_.group_id as group_id2_0_0_, contacts0_.id as id1_0_0_, contactdat1_.id as id1_1_1_, contactdat1_.address as address2_1_1_, contactdat1_.bmonth as bmonth3_1_1_, contactdat1_.byear as byear4_1_1_, contactdat1_.email as email5_1_1_, contactdat1_.email2 as email6_1_1_, contactdat1_.email3 as email7_1_1_, contactdat1_.firstname as firstnam8_1_1_, contactdat1_.home as home9_1_1_, contactdat1_.lastname as lastnam10_1_1_, contactdat1_.middlename as middlen11_1_1_, contactdat1_.mobile as mobile12_1_1_, contactdat1_.photo as photo13_1_1_, contactdat1_.work as work14_1_1_ from address_in_groups contacts0_ inner join addressbook contactdat1_ on contacts0_.id=contactdat1_.id where contacts0_.group_id=?
Hibernate: select contacts0_.group_id as group_id2_0_0_, contacts0_.id as id1_0_0_, contactdat1_.id as id1_1_1_, contactdat1_.address as address2_1_1_, contactdat1_.bmonth as bmonth3_1_1_, contactdat1_.byear as byear4_1_1_, contactdat1_.email as email5_1_1_, contactdat1_.email2 as email6_1_1_, contactdat1_.email3 as email7_1_1_, contactdat1_.firstname as firstnam8_1_1_, contactdat1_.home as home9_1_1_, contactdat1_.lastname as lastnam10_1_1_, contactdat1_.middlename as middlen11_1_1_, contactdat1_.mobile as mobile12_1_1_, contactdat1_.photo as photo13_1_1_, contactdat1_.work as work14_1_1_ from address_in_groups contacts0_ inner join addressbook contactdat1_ on contacts0_.id=contactdat1_.id where contacts0_.group_id=?
Hibernate: select contacts0_.group_id as group_id2_0_0_, contacts0_.id as id1_0_0_, contactdat1_.id as id1_1_1_, contactdat1_.address as address2_1_1_, contactdat1_.bmonth as bmonth3_1_1_, contactdat1_.byear as byear4_1_1_, contactdat1_.email as email5_1_1_, contactdat1_.email2 as email6_1_1_, contactdat1_.email3 as email7_1_1_, contactdat1_.firstname as firstnam8_1_1_, contactdat1_.home as home9_1_1_, contactdat1_.lastname as lastnam10_1_1_, contactdat1_.middlename as middlen11_1_1_, contactdat1_.mobile as mobile12_1_1_, contactdat1_.photo as photo13_1_1_, contactdat1_.work as work14_1_1_ from address_in_groups contacts0_ inner join addressbook contactdat1_ on contacts0_.id=contactdat1_.id where contacts0_.group_id=?
Hibernate: select contacts0_.group_id as group_id2_0_0_, contacts0_.id as id1_0_0_, contactdat1_.id as id1_1_1_, contactdat1_.address as address2_1_1_, contactdat1_.bmonth as bmonth3_1_1_, contactdat1_.byear as byear4_1_1_, contactdat1_.email as email5_1_1_, contactdat1_.email2 as email6_1_1_, contactdat1_.email3 as email7_1_1_, contactdat1_.firstname as firstnam8_1_1_, contactdat1_.home as home9_1_1_, contactdat1_.lastname as lastnam10_1_1_, contactdat1_.middlename as middlen11_1_1_, contactdat1_.mobile as mobile12_1_1_, contactdat1_.photo as photo13_1_1_, contactdat1_.work as work14_1_1_ from address_in_groups contacts0_ inner join addressbook contactdat1_ on contacts0_.id=contactdat1_.id where contacts0_.group_id=?
Hibernate: select contacts0_.group_id as group_id2_0_0_, contacts0_.id as id1_0_0_, contactdat1_.id as id1_1_1_, contactdat1_.address as address2_1_1_, contactdat1_.bmonth as bmonth3_1_1_, contactdat1_.byear as byear4_1_1_, contactdat1_.email as email5_1_1_, contactdat1_.email2 as email6_1_1_, contactdat1_.email3 as email7_1_1_, contactdat1_.firstname as firstnam8_1_1_, contactdat1_.home as home9_1_1_, contactdat1_.lastname as lastnam10_1_1_, contactdat1_.middlename as middlen11_1_1_, contactdat1_.mobile as mobile12_1_1_, contactdat1_.photo as photo13_1_1_, contactdat1_.work as work14_1_1_ from address_in_groups contacts0_ inner join addressbook contactdat1_ on contacts0_.id=contactdat1_.id where contacts0_.group_id=?
Hibernate: select contacts0_.group_id as group_id2_0_0_, contacts0_.id as id1_0_0_, contactdat1_.id as id1_1_1_, contactdat1_.address as address2_1_1_, contactdat1_.bmonth as bmonth3_1_1_, contactdat1_.byear as byear4_1_1_, contactdat1_.email as email5_1_1_, contactdat1_.email2 as email6_1_1_, contactdat1_.email3 as email7_1_1_, contactdat1_.firstname as firstnam8_1_1_, contactdat1_.home as home9_1_1_, contactdat1_.lastname as lastnam10_1_1_, contactdat1_.middlename as middlen11_1_1_, contactdat1_.mobile as mobile12_1_1_, contactdat1_.photo as photo13_1_1_, contactdat1_.work as work14_1_1_ from address_in_groups contacts0_ inner join addressbook contactdat1_ on contacts0_.id=contactdat1_.id where contacts0_.group_id=?
Hibernate: select contacts0_.group_id as group_id2_0_0_, contacts0_.id as id1_0_0_, contactdat1_.id as id1_1_1_, contactdat1_.address as address2_1_1_, contactdat1_.bmonth as bmonth3_1_1_, contactdat1_.byear as byear4_1_1_, contactdat1_.email as email5_1_1_, contactdat1_.email2 as email6_1_1_, contactdat1_.email3 as email7_1_1_, contactdat1_.firstname as firstnam8_1_1_, contactdat1_.home as home9_1_1_, contactdat1_.lastname as lastnam10_1_1_, contactdat1_.middlename as middlen11_1_1_, contactdat1_.mobile as mobile12_1_1_, contactdat1_.photo as photo13_1_1_, contactdat1_.work as work14_1_1_ from address_in_groups contacts0_ inner join addressbook contactdat1_ on contacts0_.id=contactdat1_.id where contacts0_.group_id=?
Hibernate: select contacts0_.group_id as group_id2_0_0_, contacts0_.id as id1_0_0_, contactdat1_.id as id1_1_1_, contactdat1_.address as address2_1_1_, contactdat1_.bmonth as bmonth3_1_1_, contactdat1_.byear as byear4_1_1_, contactdat1_.email as email5_1_1_, contactdat1_.email2 as email6_1_1_, contactdat1_.email3 as email7_1_1_, contactdat1_.firstname as firstnam8_1_1_, contactdat1_.home as home9_1_1_, contactdat1_.lastname as lastnam10_1_1_, contactdat1_.middlename as middlen11_1_1_, contactdat1_.mobile as mobile12_1_1_, contactdat1_.photo as photo13_1_1_, contactdat1_.work as work14_1_1_ from address_in_groups contacts0_ inner join addressbook contactdat1_ on contacts0_.id=contactdat1_.id where contacts0_.group_id=?
Hibernate: select contacts0_.group_id as group_id2_0_0_, contacts0_.id as id1_0_0_, contactdat1_.id as id1_1_1_, contactdat1_.address as address2_1_1_, contactdat1_.bmonth as bmonth3_1_1_, contactdat1_.byear as byear4_1_1_, contactdat1_.email as email5_1_1_, contactdat1_.email2 as email6_1_1_, contactdat1_.email3 as email7_1_1_, contactdat1_.firstname as firstnam8_1_1_, contactdat1_.home as home9_1_1_, contactdat1_.lastname as lastnam10_1_1_, contactdat1_.middlename as middlen11_1_1_, contactdat1_.mobile as mobile12_1_1_, contactdat1_.photo as photo13_1_1_, contactdat1_.work as work14_1_1_ from address_in_groups contacts0_ inner join addressbook contactdat1_ on contacts0_.id=contactdat1_.id where contacts0_.group_id=?
Hibernate: select contacts0_.group_id as group_id2_0_0_, contacts0_.id as id1_0_0_, contactdat1_.id as id1_1_1_, contactdat1_.address as address2_1_1_, contactdat1_.bmonth as bmonth3_1_1_, contactdat1_.byear as byear4_1_1_, contactdat1_.email as email5_1_1_, contactdat1_.email2 as email6_1_1_, contactdat1_.email3 as email7_1_1_, contactdat1_.firstname as firstnam8_1_1_, contactdat1_.home as home9_1_1_, contactdat1_.lastname as lastnam10_1_1_, contactdat1_.middlename as middlen11_1_1_, contactdat1_.mobile as mobile12_1_1_, contactdat1_.photo as photo13_1_1_, contactdat1_.work as work14_1_1_ from address_in_groups contacts0_ inner join addressbook contactdat1_ on contacts0_.id=contactdat1_.id where contacts0_.group_id=?
Hibernate: select contacts0_.group_id as group_id2_0_0_, contacts0_.id as id1_0_0_, contactdat1_.id as id1_1_1_, contactdat1_.address as address2_1_1_, contactdat1_.bmonth as bmonth3_1_1_, contactdat1_.byear as byear4_1_1_, contactdat1_.email as email5_1_1_, contactdat1_.email2 as email6_1_1_, contactdat1_.email3 as email7_1_1_, contactdat1_.firstname as firstnam8_1_1_, contactdat1_.home as home9_1_1_, contactdat1_.lastname as lastnam10_1_1_, contactdat1_.middlename as middlen11_1_1_, contactdat1_.mobile as mobile12_1_1_, contactdat1_.photo as photo13_1_1_, contactdat1_.work as work14_1_1_ from address_in_groups contacts0_ inner join addressbook contactdat1_ on contacts0_.id=contactdat1_.id where contacts0_.group_id=?
Hibernate: select contacts0_.group_id as group_id2_0_0_, contacts0_.id as id1_0_0_, contactdat1_.id as id1_1_1_, contactdat1_.address as address2_1_1_, contactdat1_.bmonth as bmonth3_1_1_, contactdat1_.byear as byear4_1_1_, contactdat1_.email as email5_1_1_, contactdat1_.email2 as email6_1_1_, contactdat1_.email3 as email7_1_1_, contactdat1_.firstname as firstnam8_1_1_, contactdat1_.home as home9_1_1_, contactdat1_.lastname as lastnam10_1_1_, contactdat1_.middlename as middlen11_1_1_, contactdat1_.mobile as mobile12_1_1_, contactdat1_.photo as photo13_1_1_, contactdat1_.work as work14_1_1_ from address_in_groups contacts0_ inner join addressbook contactdat1_ on contacts0_.id=contactdat1_.id where contacts0_.group_id=?
Hibernate: select contacts0_.group_id as group_id2_0_0_, contacts0_.id as id1_0_0_, contactdat1_.id as id1_1_1_, contactdat1_.address as address2_1_1_, contactdat1_.bmonth as bmonth3_1_1_, contactdat1_.byear as byear4_1_1_, contactdat1_.email as email5_1_1_, contactdat1_.email2 as email6_1_1_, contactdat1_.email3 as email7_1_1_, contactdat1_.firstname as firstnam8_1_1_, contactdat1_.home as home9_1_1_, contactdat1_.lastname as lastnam10_1_1_, contactdat1_.middlename as middlen11_1_1_, contactdat1_.mobile as mobile12_1_1_, contactdat1_.photo as photo13_1_1_, contactdat1_.work as work14_1_1_ from address_in_groups contacts0_ inner join addressbook contactdat1_ on contacts0_.id=contactdat1_.id where contacts0_.group_id=?
Hibernate: select contacts0_.group_id as group_id2_0_0_, contacts0_.id as id1_0_0_, contactdat1_.id as id1_1_1_, contactdat1_.address as address2_1_1_, contactdat1_.bmonth as bmonth3_1_1_, contactdat1_.byear as byear4_1_1_, contactdat1_.email as email5_1_1_, contactdat1_.email2 as email6_1_1_, contactdat1_.email3 as email7_1_1_, contactdat1_.firstname as firstnam8_1_1_, contactdat1_.home as home9_1_1_, contactdat1_.lastname as lastnam10_1_1_, contactdat1_.middlename as middlen11_1_1_, contactdat1_.mobile as mobile12_1_1_, contactdat1_.photo as photo13_1_1_, contactdat1_.work as work14_1_1_ from address_in_groups contacts0_ inner join addressbook contactdat1_ on contacts0_.id=contactdat1_.id where contacts0_.group_id=?
Hibernate: select contacts0_.group_id as group_id2_0_0_, contacts0_.id as id1_0_0_, contactdat1_.id as id1_1_1_, contactdat1_.address as address2_1_1_, contactdat1_.bmonth as bmonth3_1_1_, contactdat1_.byear as byear4_1_1_, contactdat1_.email as email5_1_1_, contactdat1_.email2 as email6_1_1_, contactdat1_.email3 as email7_1_1_, contactdat1_.firstname as firstnam8_1_1_, contactdat1_.home as home9_1_1_, contactdat1_.lastname as lastnam10_1_1_, contactdat1_.middlename as middlen11_1_1_, contactdat1_.mobile as mobile12_1_1_, contactdat1_.photo as photo13_1_1_, contactdat1_.work as work14_1_1_ from address_in_groups contacts0_ inner join addressbook contactdat1_ on contacts0_.id=contactdat1_.id where contacts0_.group_id=?
Hibernate: select contacts0_.group_id as group_id2_0_0_, contacts0_.id as id1_0_0_, contactdat1_.id as id1_1_1_, contactdat1_.address as address2_1_1_, contactdat1_.bmonth as bmonth3_1_1_, contactdat1_.byear as byear4_1_1_, contactdat1_.email as email5_1_1_, contactdat1_.email2 as email6_1_1_, contactdat1_.email3 as email7_1_1_, contactdat1_.firstname as firstnam8_1_1_, contactdat1_.home as home9_1_1_, contactdat1_.lastname as lastnam10_1_1_, contactdat1_.middlename as middlen11_1_1_, contactdat1_.mobile as mobile12_1_1_, contactdat1_.photo as photo13_1_1_, contactdat1_.work as work14_1_1_ from address_in_groups contacts0_ inner join addressbook contactdat1_ on contacts0_.id=contactdat1_.id where contacts0_.group_id=?
Hibernate: select contacts0_.group_id as group_id2_0_0_, contacts0_.id as id1_0_0_, contactdat1_.id as id1_1_1_, contactdat1_.address as address2_1_1_, contactdat1_.bmonth as bmonth3_1_1_, contactdat1_.byear as byear4_1_1_, contactdat1_.email as email5_1_1_, contactdat1_.email2 as email6_1_1_, contactdat1_.email3 as email7_1_1_, contactdat1_.firstname as firstnam8_1_1_, contactdat1_.home as home9_1_1_, contactdat1_.lastname as lastnam10_1_1_, contactdat1_.middlename as middlen11_1_1_, contactdat1_.mobile as mobile12_1_1_, contactdat1_.photo as photo13_1_1_, contactdat1_.work as work14_1_1_ from address_in_groups contacts0_ inner join addressbook contactdat1_ on contacts0_.id=contactdat1_.id where contacts0_.group_id=?
Hibernate: select contacts0_.group_id as group_id2_0_0_, contacts0_.id as id1_0_0_, contactdat1_.id as id1_1_1_, contactdat1_.address as address2_1_1_, contactdat1_.bmonth as bmonth3_1_1_, contactdat1_.byear as byear4_1_1_, contactdat1_.email as email5_1_1_, contactdat1_.email2 as email6_1_1_, contactdat1_.email3 as email7_1_1_, contactdat1_.firstname as firstnam8_1_1_, contactdat1_.home as home9_1_1_, contactdat1_.lastname as lastnam10_1_1_, contactdat1_.middlename as middlen11_1_1_, contactdat1_.mobile as mobile12_1_1_, contactdat1_.photo as photo13_1_1_, contactdat1_.work as work14_1_1_ from address_in_groups contacts0_ inner join addressbook contactdat1_ on contacts0_.id=contactdat1_.id where contacts0_.group_id=?
Hibernate: select contacts0_.group_id as group_id2_0_0_, contacts0_.id as id1_0_0_, contactdat1_.id as id1_1_1_, contactdat1_.address as address2_1_1_, contactdat1_.bmonth as bmonth3_1_1_, contactdat1_.byear as byear4_1_1_, contactdat1_.email as email5_1_1_, contactdat1_.email2 as email6_1_1_, contactdat1_.email3 as email7_1_1_, contactdat1_.firstname as firstnam8_1_1_, contactdat1_.home as home9_1_1_, contactdat1_.lastname as lastnam10_1_1_, contactdat1_.middlename as middlen11_1_1_, contactdat1_.mobile as mobile12_1_1_, contactdat1_.photo as photo13_1_1_, contactdat1_.work as work14_1_1_ from address_in_groups contacts0_ inner join addressbook contactdat1_ on contacts0_.id=contactdat1_.id where contacts0_.group_id=?
Hibernate: select contacts0_.group_id as group_id2_0_0_, contacts0_.id as id1_0_0_, contactdat1_.id as id1_1_1_, contactdat1_.address as address2_1_1_, contactdat1_.bmonth as bmonth3_1_1_, contactdat1_.byear as byear4_1_1_, contactdat1_.email as email5_1_1_, contactdat1_.email2 as email6_1_1_, contactdat1_.email3 as email7_1_1_, contactdat1_.firstname as firstnam8_1_1_, contactdat1_.home as home9_1_1_, contactdat1_.lastname as lastnam10_1_1_, contactdat1_.middlename as middlen11_1_1_, contactdat1_.mobile as mobile12_1_1_, contactdat1_.photo as photo13_1_1_, contactdat1_.work as work14_1_1_ from address_in_groups contacts0_ inner join addressbook contactdat1_ on contacts0_.id=contactdat1_.id where contacts0_.group_id=?
Hibernate: select contacts0_.group_id as group_id2_0_0_, contacts0_.id as id1_0_0_, contactdat1_.id as id1_1_1_, contactdat1_.address as address2_1_1_, contactdat1_.bmonth as bmonth3_1_1_, contactdat1_.byear as byear4_1_1_, contactdat1_.email as email5_1_1_, contactdat1_.email2 as email6_1_1_, contactdat1_.email3 as email7_1_1_, contactdat1_.firstname as firstnam8_1_1_, contactdat1_.home as home9_1_1_, contactdat1_.lastname as lastnam10_1_1_, contactdat1_.middlename as middlen11_1_1_, contactdat1_.mobile as mobile12_1_1_, contactdat1_.photo as photo13_1_1_, contactdat1_.work as work14_1_1_ from address_in_groups contacts0_ inner join addressbook contactdat1_ on contacts0_.id=contactdat1_.id where contacts0_.group_id=?
Hibernate: select contacts0_.group_id as group_id2_0_0_, contacts0_.id as id1_0_0_, contactdat1_.id as id1_1_1_, contactdat1_.address as address2_1_1_, contactdat1_.bmonth as bmonth3_1_1_, contactdat1_.byear as byear4_1_1_, contactdat1_.email as email5_1_1_, contactdat1_.email2 as email6_1_1_, contactdat1_.email3 as email7_1_1_, contactdat1_.firstname as firstnam8_1_1_, contactdat1_.home as home9_1_1_, contactdat1_.lastname as lastnam10_1_1_, contactdat1_.middlename as middlen11_1_1_, contactdat1_.mobile as mobile12_1_1_, contactdat1_.photo as photo13_1_1_, contactdat1_.work as work14_1_1_ from address_in_groups contacts0_ inner join addressbook contactdat1_ on contacts0_.id=contactdat1_.id where contacts0_.group_id=?
Hibernate: select contacts0_.group_id as group_id2_0_0_, contacts0_.id as id1_0_0_, contactdat1_.id as id1_1_1_, contactdat1_.address as address2_1_1_, contactdat1_.bmonth as bmonth3_1_1_, contactdat1_.byear as byear4_1_1_, contactdat1_.email as email5_1_1_, contactdat1_.email2 as email6_1_1_, contactdat1_.email3 as email7_1_1_, contactdat1_.firstname as firstnam8_1_1_, contactdat1_.home as home9_1_1_, contactdat1_.lastname as lastnam10_1_1_, contactdat1_.middlename as middlen11_1_1_, contactdat1_.mobile as mobile12_1_1_, contactdat1_.photo as photo13_1_1_, contactdat1_.work as work14_1_1_ from address_in_groups contacts0_ inner join addressbook contactdat1_ on contacts0_.id=contactdat1_.id where contacts0_.group_id=?
Hibernate: select contacts0_.group_id as group_id2_0_0_, contacts0_.id as id1_0_0_, contactdat1_.id as id1_1_1_, contactdat1_.address as address2_1_1_, contactdat1_.bmonth as bmonth3_1_1_, contactdat1_.byear as byear4_1_1_, contactdat1_.email as email5_1_1_, contactdat1_.email2 as email6_1_1_, contactdat1_.email3 as email7_1_1_, contactdat1_.firstname as firstnam8_1_1_, contactdat1_.home as home9_1_1_, contactdat1_.lastname as lastnam10_1_1_, contactdat1_.middlename as middlen11_1_1_, contactdat1_.mobile as mobile12_1_1_, contactdat1_.photo as photo13_1_1_, contactdat1_.work as work14_1_1_ from address_in_groups contacts0_ inner join addressbook contactdat1_ on contacts0_.id=contactdat1_.id where contacts0_.group_id=?
Hibernate: select contacts0_.group_id as group_id2_0_0_, contacts0_.id as id1_0_0_, contactdat1_.id as id1_1_1_, contactdat1_.address as address2_1_1_, contactdat1_.bmonth as bmonth3_1_1_, contactdat1_.byear as byear4_1_1_, contactdat1_.email as email5_1_1_, contactdat1_.email2 as email6_1_1_, contactdat1_.email3 as email7_1_1_, contactdat1_.firstname as firstnam8_1_1_, contactdat1_.home as home9_1_1_, contactdat1_.lastname as lastnam10_1_1_, contactdat1_.middlename as middlen11_1_1_, contactdat1_.mobile as mobile12_1_1_, contactdat1_.photo as photo13_1_1_, contactdat1_.work as work14_1_1_ from address_in_groups contacts0_ inner join addressbook contactdat1_ on contacts0_.id=contactdat1_.id where contacts0_.group_id=?
Hibernate: select contacts0_.group_id as group_id2_0_0_, contacts0_.id as id1_0_0_, contactdat1_.id as id1_1_1_, contactdat1_.address as address2_1_1_, contactdat1_.bmonth as bmonth3_1_1_, contactdat1_.byear as byear4_1_1_, contactdat1_.email as email5_1_1_, contactdat1_.email2 as email6_1_1_, contactdat1_.email3 as email7_1_1_, contactdat1_.firstname as firstnam8_1_1_, contactdat1_.home as home9_1_1_, contactdat1_.lastname as lastnam10_1_1_, contactdat1_.middlename as middlen11_1_1_, contactdat1_.mobile as mobile12_1_1_, contactdat1_.photo as photo13_1_1_, contactdat1_.work as work14_1_1_ from address_in_groups contacts0_ inner join addressbook contactdat1_ on contacts0_.id=contactdat1_.id where contacts0_.group_id=?
Hibernate: select contacts0_.group_id as group_id2_0_0_, contacts0_.id as id1_0_0_, contactdat1_.id as id1_1_1_, contactdat1_.address as address2_1_1_, contactdat1_.bmonth as bmonth3_1_1_, contactdat1_.byear as byear4_1_1_, contactdat1_.email as email5_1_1_, contactdat1_.email2 as email6_1_1_, contactdat1_.email3 as email7_1_1_, contactdat1_.firstname as firstnam8_1_1_, contactdat1_.home as home9_1_1_, contactdat1_.lastname as lastnam10_1_1_, contactdat1_.middlename as middlen11_1_1_, contactdat1_.mobile as mobile12_1_1_, contactdat1_.photo as photo13_1_1_, contactdat1_.work as work14_1_1_ from address_in_groups contacts0_ inner join addressbook contactdat1_ on contacts0_.id=contactdat1_.id where contacts0_.group_id=?
Hibernate: select contacts0_.group_id as group_id2_0_0_, contacts0_.id as id1_0_0_, contactdat1_.id as id1_1_1_, contactdat1_.address as address2_1_1_, contactdat1_.bmonth as bmonth3_1_1_, contactdat1_.byear as byear4_1_1_, contactdat1_.email as email5_1_1_, contactdat1_.email2 as email6_1_1_, contactdat1_.email3 as email7_1_1_, contactdat1_.firstname as firstnam8_1_1_, contactdat1_.home as home9_1_1_, contactdat1_.lastname as lastnam10_1_1_, contactdat1_.middlename as middlen11_1_1_, contactdat1_.mobile as mobile12_1_1_, contactdat1_.photo as photo13_1_1_, contactdat1_.work as work14_1_1_ from address_in_groups contacts0_ inner join addressbook contactdat1_ on contacts0_.id=contactdat1_.id where contacts0_.group_id=?
Hibernate: select contacts0_.group_id as group_id2_0_0_, contacts0_.id as id1_0_0_, contactdat1_.id as id1_1_1_, contactdat1_.address as address2_1_1_, contactdat1_.bmonth as bmonth3_1_1_, contactdat1_.byear as byear4_1_1_, contactdat1_.email as email5_1_1_, contactdat1_.email2 as email6_1_1_, contactdat1_.email3 as email7_1_1_, contactdat1_.firstname as firstnam8_1_1_, contactdat1_.home as home9_1_1_, contactdat1_.lastname as lastnam10_1_1_, contactdat1_.middlename as middlen11_1_1_, contactdat1_.mobile as mobile12_1_1_, contactdat1_.photo as photo13_1_1_, contactdat1_.work as work14_1_1_ from address_in_groups contacts0_ inner join addressbook contactdat1_ on contacts0_.id=contactdat1_.id where contacts0_.group_id=?
Hibernate: select contacts0_.group_id as group_id2_0_0_, contacts0_.id as id1_0_0_, contactdat1_.id as id1_1_1_, contactdat1_.address as address2_1_1_, contactdat1_.bmonth as bmonth3_1_1_, contactdat1_.byear as byear4_1_1_, contactdat1_.email as email5_1_1_, contactdat1_.email2 as email6_1_1_, contactdat1_.email3 as email7_1_1_, contactdat1_.firstname as firstnam8_1_1_, contactdat1_.home as home9_1_1_, contactdat1_.lastname as lastnam10_1_1_, contactdat1_.middlename as middlen11_1_1_, contactdat1_.mobile as mobile12_1_1_, contactdat1_.photo as photo13_1_1_, contactdat1_.work as work14_1_1_ from address_in_groups contacts0_ inner join addressbook contactdat1_ on contacts0_.id=contactdat1_.id where contacts0_.group_id=?
Hibernate: select contacts0_.group_id as group_id2_0_0_, contacts0_.id as id1_0_0_, contactdat1_.id as id1_1_1_, contactdat1_.address as address2_1_1_, contactdat1_.bmonth as bmonth3_1_1_, contactdat1_.byear as byear4_1_1_, contactdat1_.email as email5_1_1_, contactdat1_.email2 as email6_1_1_, contactdat1_.email3 as email7_1_1_, contactdat1_.firstname as firstnam8_1_1_, contactdat1_.home as home9_1_1_, contactdat1_.lastname as lastnam10_1_1_, contactdat1_.middlename as middlen11_1_1_, contactdat1_.mobile as mobile12_1_1_, contactdat1_.photo as photo13_1_1_, contactdat1_.work as work14_1_1_ from address_in_groups contacts0_ inner join addressbook contactdat1_ on contacts0_.id=contactdat1_.id where contacts0_.group_id=?
Hibernate: select contacts0_.group_id as group_id2_0_0_, contacts0_.id as id1_0_0_, contactdat1_.id as id1_1_1_, contactdat1_.address as address2_1_1_, contactdat1_.bmonth as bmonth3_1_1_, contactdat1_.byear as byear4_1_1_, contactdat1_.email as email5_1_1_, contactdat1_.email2 as email6_1_1_, contactdat1_.email3 as email7_1_1_, contactdat1_.firstname as firstnam8_1_1_, contactdat1_.home as home9_1_1_, contactdat1_.lastname as lastnam10_1_1_, contactdat1_.middlename as middlen11_1_1_, contactdat1_.mobile as mobile12_1_1_, contactdat1_.photo as photo13_1_1_, contactdat1_.work as work14_1_1_ from address_in_groups contacts0_ inner join addressbook contactdat1_ on contacts0_.id=contactdat1_.id where contacts0_.group_id=?
Hibernate: select contacts0_.group_id as group_id2_0_0_, contacts0_.id as id1_0_0_, contactdat1_.id as id1_1_1_, contactdat1_.address as address2_1_1_, contactdat1_.bmonth as bmonth3_1_1_, contactdat1_.byear as byear4_1_1_, contactdat1_.email as email5_1_1_, contactdat1_.email2 as email6_1_1_, contactdat1_.email3 as email7_1_1_, contactdat1_.firstname as firstnam8_1_1_, contactdat1_.home as home9_1_1_, contactdat1_.lastname as lastnam10_1_1_, contactdat1_.middlename as middlen11_1_1_, contactdat1_.mobile as mobile12_1_1_, contactdat1_.photo as photo13_1_1_, contactdat1_.work as work14_1_1_ from address_in_groups contacts0_ inner join addressbook contactdat1_ on contacts0_.id=contactdat1_.id where contacts0_.group_id=?
Hibernate: select contacts0_.group_id as group_id2_0_0_, contacts0_.id as id1_0_0_, contactdat1_.id as id1_1_1_, contactdat1_.address as address2_1_1_, contactdat1_.bmonth as bmonth3_1_1_, contactdat1_.byear as byear4_1_1_, contactdat1_.email as email5_1_1_, contactdat1_.email2 as email6_1_1_, contactdat1_.email3 as email7_1_1_, contactdat1_.firstname as firstnam8_1_1_, contactdat1_.home as home9_1_1_, contactdat1_.lastname as lastnam10_1_1_, contactdat1_.middlename as middlen11_1_1_, contactdat1_.mobile as mobile12_1_1_, contactdat1_.photo as photo13_1_1_, contactdat1_.work as work14_1_1_ from address_in_groups contacts0_ inner join addressbook contactdat1_ on contacts0_.id=contactdat1_.id where contacts0_.group_id=?
Hibernate: select contacts0_.group_id as group_id2_0_0_, contacts0_.id as id1_0_0_, contactdat1_.id as id1_1_1_, contactdat1_.address as address2_1_1_, contactdat1_.bmonth as bmonth3_1_1_, contactdat1_.byear as byear4_1_1_, contactdat1_.email as email5_1_1_, contactdat1_.email2 as email6_1_1_, contactdat1_.email3 as email7_1_1_, contactdat1_.firstname as firstnam8_1_1_, contactdat1_.home as home9_1_1_, contactdat1_.lastname as lastnam10_1_1_, contactdat1_.middlename as middlen11_1_1_, contactdat1_.mobile as mobile12_1_1_, contactdat1_.photo as photo13_1_1_, contactdat1_.work as work14_1_1_ from address_in_groups contacts0_ inner join addressbook contactdat1_ on contacts0_.id=contactdat1_.id where contacts0_.group_id=?
Hibernate: select contacts0_.group_id as group_id2_0_0_, contacts0_.id as id1_0_0_, contactdat1_.id as id1_1_1_, contactdat1_.address as address2_1_1_, contactdat1_.bmonth as bmonth3_1_1_, contactdat1_.byear as byear4_1_1_, contactdat1_.email as email5_1_1_, contactdat1_.email2 as email6_1_1_, contactdat1_.email3 as email7_1_1_, contactdat1_.firstname as firstnam8_1_1_, contactdat1_.home as home9_1_1_, contactdat1_.lastname as lastnam10_1_1_, contactdat1_.middlename as middlen11_1_1_, contactdat1_.mobile as mobile12_1_1_, contactdat1_.photo as photo13_1_1_, contactdat1_.work as work14_1_1_ from address_in_groups contacts0_ inner join addressbook contactdat1_ on contacts0_.id=contactdat1_.id where contacts0_.group_id=?
Hibernate: select contacts0_.group_id as group_id2_0_0_, contacts0_.id as id1_0_0_, contactdat1_.id as id1_1_1_, contactdat1_.address as address2_1_1_, contactdat1_.bmonth as bmonth3_1_1_, contactdat1_.byear as byear4_1_1_, contactdat1_.email as email5_1_1_, contactdat1_.email2 as email6_1_1_, contactdat1_.email3 as email7_1_1_, contactdat1_.firstname as firstnam8_1_1_, contactdat1_.home as home9_1_1_, contactdat1_.lastname as lastnam10_1_1_, contactdat1_.middlename as middlen11_1_1_, contactdat1_.mobile as mobile12_1_1_, contactdat1_.photo as photo13_1_1_, contactdat1_.work as work14_1_1_ from address_in_groups contacts0_ inner join addressbook contactdat1_ on contacts0_.id=contactdat1_.id where contacts0_.group_id=?
Hibernate: select contacts0_.group_id as group_id2_0_0_, contacts0_.id as id1_0_0_, contactdat1_.id as id1_1_1_, contactdat1_.address as address2_1_1_, contactdat1_.bmonth as bmonth3_1_1_, contactdat1_.byear as byear4_1_1_, contactdat1_.email as email5_1_1_, contactdat1_.email2 as email6_1_1_, contactdat1_.email3 as email7_1_1_, contactdat1_.firstname as firstnam8_1_1_, contactdat1_.home as home9_1_1_, contactdat1_.lastname as lastnam10_1_1_, contactdat1_.middlename as middlen11_1_1_, contactdat1_.mobile as mobile12_1_1_, contactdat1_.photo as photo13_1_1_, contactdat1_.work as work14_1_1_ from address_in_groups contacts0_ inner join addressbook contactdat1_ on contacts0_.id=contactdat1_.id where contacts0_.group_id=?
Hibernate: select contacts0_.group_id as group_id2_0_0_, contacts0_.id as id1_0_0_, contactdat1_.id as id1_1_1_, contactdat1_.address as address2_1_1_, contactdat1_.bmonth as bmonth3_1_1_, contactdat1_.byear as byear4_1_1_, contactdat1_.email as email5_1_1_, contactdat1_.email2 as email6_1_1_, contactdat1_.email3 as email7_1_1_, contactdat1_.firstname as firstnam8_1_1_, contactdat1_.home as home9_1_1_, contactdat1_.lastname as lastnam10_1_1_, contactdat1_.middlename as middlen11_1_1_, contactdat1_.mobile as mobile12_1_1_, contactdat1_.photo as photo13_1_1_, contactdat1_.work as work14_1_1_ from address_in_groups contacts0_ inner join addressbook contactdat1_ on contacts0_.id=contactdat1_.id where contacts0_.group_id=?
Hibernate: select contacts0_.group_id as group_id2_0_0_, contacts0_.id as id1_0_0_, contactdat1_.id as id1_1_1_, contactdat1_.address as address2_1_1_, contactdat1_.bmonth as bmonth3_1_1_, contactdat1_.byear as byear4_1_1_, contactdat1_.email as email5_1_1_, contactdat1_.email2 as email6_1_1_, contactdat1_.email3 as email7_1_1_, contactdat1_.firstname as firstnam8_1_1_, contactdat1_.home as home9_1_1_, contactdat1_.lastname as lastnam10_1_1_, contactdat1_.middlename as middlen11_1_1_, contactdat1_.mobile as mobile12_1_1_, contactdat1_.photo as photo13_1_1_, contactdat1_.work as work14_1_1_ from address_in_groups contacts0_ inner join addressbook contactdat1_ on contacts0_.id=contactdat1_.id where contacts0_.group_id=?
Hibernate: select contacts0_.group_id as group_id2_0_0_, contacts0_.id as id1_0_0_, contactdat1_.id as id1_1_1_, contactdat1_.address as address2_1_1_, contactdat1_.bmonth as bmonth3_1_1_, contactdat1_.byear as byear4_1_1_, contactdat1_.email as email5_1_1_, contactdat1_.email2 as email6_1_1_, contactdat1_.email3 as email7_1_1_, contactdat1_.firstname as firstnam8_1_1_, contactdat1_.home as home9_1_1_, contactdat1_.lastname as lastnam10_1_1_, contactdat1_.middlename as middlen11_1_1_, contactdat1_.mobile as mobile12_1_1_, contactdat1_.photo as photo13_1_1_, contactdat1_.work as work14_1_1_ from address_in_groups contacts0_ inner join addressbook contactdat1_ on contacts0_.id=contactdat1_.id where contacts0_.group_id=?
Hibernate: select contacts0_.group_id as group_id2_0_0_, contacts0_.id as id1_0_0_, contactdat1_.id as id1_1_1_, contactdat1_.address as address2_1_1_, contactdat1_.bmonth as bmonth3_1_1_, contactdat1_.byear as byear4_1_1_, contactdat1_.email as email5_1_1_, contactdat1_.email2 as email6_1_1_, contactdat1_.email3 as email7_1_1_, contactdat1_.firstname as firstnam8_1_1_, contactdat1_.home as home9_1_1_, contactdat1_.lastname as lastnam10_1_1_, contactdat1_.middlename as middlen11_1_1_, contactdat1_.mobile as mobile12_1_1_, contactdat1_.photo as photo13_1_1_, contactdat1_.work as work14_1_1_ from address_in_groups contacts0_ inner join addressbook contactdat1_ on contacts0_.id=contactdat1_.id where contacts0_.group_id=?
Hibernate: select contacts0_.group_id as group_id2_0_0_, contacts0_.id as id1_0_0_, contactdat1_.id as id1_1_1_, contactdat1_.address as address2_1_1_, contactdat1_.bmonth as bmonth3_1_1_, contactdat1_.byear as byear4_1_1_, contactdat1_.email as email5_1_1_, contactdat1_.email2 as email6_1_1_, contactdat1_.email3 as email7_1_1_, contactdat1_.firstname as firstnam8_1_1_, contactdat1_.home as home9_1_1_, contactdat1_.lastname as lastnam10_1_1_, contactdat1_.middlename as middlen11_1_1_, contactdat1_.mobile as mobile12_1_1_, contactdat1_.photo as photo13_1_1_, contactdat1_.work as work14_1_1_ from address_in_groups contacts0_ inner join addressbook contactdat1_ on contacts0_.id=contactdat1_.id where contacts0_.group_id=?
Hibernate: select contacts0_.group_id as group_id2_0_0_, contacts0_.id as id1_0_0_, contactdat1_.id as id1_1_1_, contactdat1_.address as address2_1_1_, contactdat1_.bmonth as bmonth3_1_1_, contactdat1_.byear as byear4_1_1_, contactdat1_.email as email5_1_1_, contactdat1_.email2 as email6_1_1_, contactdat1_.email3 as email7_1_1_, contactdat1_.firstname as firstnam8_1_1_, contactdat1_.home as home9_1_1_, contactdat1_.lastname as lastnam10_1_1_, contactdat1_.middlename as middlen11_1_1_, contactdat1_.mobile as mobile12_1_1_, contactdat1_.photo as photo13_1_1_, contactdat1_.work as work14_1_1_ from address_in_groups contacts0_ inner join addressbook contactdat1_ on contacts0_.id=contactdat1_.id where contacts0_.group_id=?
Hibernate: select contacts0_.group_id as group_id2_0_0_, contacts0_.id as id1_0_0_, contactdat1_.id as id1_1_1_, contactdat1_.address as address2_1_1_, contactdat1_.bmonth as bmonth3_1_1_, contactdat1_.byear as byear4_1_1_, contactdat1_.email as email5_1_1_, contactdat1_.email2 as email6_1_1_, contactdat1_.email3 as email7_1_1_, contactdat1_.firstname as firstnam8_1_1_, contactdat1_.home as home9_1_1_, contactdat1_.lastname as lastnam10_1_1_, contactdat1_.middlename as middlen11_1_1_, contactdat1_.mobile as mobile12_1_1_, contactdat1_.photo as photo13_1_1_, contactdat1_.work as work14_1_1_ from address_in_groups contacts0_ inner join addressbook contactdat1_ on contacts0_.id=contactdat1_.id where contacts0_.group_id=?
Hibernate: select contacts0_.group_id as group_id2_0_0_, contacts0_.id as id1_0_0_, contactdat1_.id as id1_1_1_, contactdat1_.address as address2_1_1_, contactdat1_.bmonth as bmonth3_1_1_, contactdat1_.byear as byear4_1_1_, contactdat1_.email as email5_1_1_, contactdat1_.email2 as email6_1_1_, contactdat1_.email3 as email7_1_1_, contactdat1_.firstname as firstnam8_1_1_, contactdat1_.home as home9_1_1_, contactdat1_.lastname as lastnam10_1_1_, contactdat1_.middlename as middlen11_1_1_, contactdat1_.mobile as mobile12_1_1_, contactdat1_.photo as photo13_1_1_, contactdat1_.work as work14_1_1_ from address_in_groups contacts0_ inner join addressbook contactdat1_ on contacts0_.id=contactdat1_.id where contacts0_.group_id=?
Hibernate: select contacts0_.group_id as group_id2_0_0_, contacts0_.id as id1_0_0_, contactdat1_.id as id1_1_1_, contactdat1_.address as address2_1_1_, contactdat1_.bmonth as bmonth3_1_1_, contactdat1_.byear as byear4_1_1_, contactdat1_.email as email5_1_1_, contactdat1_.email2 as email6_1_1_, contactdat1_.email3 as email7_1_1_, contactdat1_.firstname as firstnam8_1_1_, contactdat1_.home as home9_1_1_, contactdat1_.lastname as lastnam10_1_1_, contactdat1_.middlename as middlen11_1_1_, contactdat1_.mobile as mobile12_1_1_, contactdat1_.photo as photo13_1_1_, contactdat1_.work as work14_1_1_ from address_in_groups contacts0_ inner join addressbook contactdat1_ on contacts0_.id=contactdat1_.id where contacts0_.group_id=?
Hibernate: select contacts0_.group_id as group_id2_0_0_, contacts0_.id as id1_0_0_, contactdat1_.id as id1_1_1_, contactdat1_.address as address2_1_1_, contactdat1_.bmonth as bmonth3_1_1_, contactdat1_.byear as byear4_1_1_, contactdat1_.email as email5_1_1_, contactdat1_.email2 as email6_1_1_, contactdat1_.email3 as email7_1_1_, contactdat1_.firstname as firstnam8_1_1_, contactdat1_.home as home9_1_1_, contactdat1_.lastname as lastnam10_1_1_, contactdat1_.middlename as middlen11_1_1_, contactdat1_.mobile as mobile12_1_1_, contactdat1_.photo as photo13_1_1_, contactdat1_.work as work14_1_1_ from address_in_groups contacts0_ inner join addressbook contactdat1_ on contacts0_.id=contactdat1_.id where contacts0_.group_id=?
Hibernate: select contacts0_.group_id as group_id2_0_0_, contacts0_.id as id1_0_0_, contactdat1_.id as id1_1_1_, contactdat1_.address as address2_1_1_, contactdat1_.bmonth as bmonth3_1_1_, contactdat1_.byear as byear4_1_1_, contactdat1_.email as email5_1_1_, contactdat1_.email2 as email6_1_1_, contactdat1_.email3 as email7_1_1_, contactdat1_.firstname as firstnam8_1_1_, contactdat1_.home as home9_1_1_, contactdat1_.lastname as lastnam10_1_1_, contactdat1_.middlename as middlen11_1_1_, contactdat1_.mobile as mobile12_1_1_, contactdat1_.photo as photo13_1_1_, contactdat1_.work as work14_1_1_ from address_in_groups contacts0_ inner join addressbook contactdat1_ on contacts0_.id=contactdat1_.id where contacts0_.group_id=?
Hibernate: select contacts0_.group_id as group_id2_0_0_, contacts0_.id as id1_0_0_, contactdat1_.id as id1_1_1_, contactdat1_.address as address2_1_1_, contactdat1_.bmonth as bmonth3_1_1_, contactdat1_.byear as byear4_1_1_, contactdat1_.email as email5_1_1_, contactdat1_.email2 as email6_1_1_, contactdat1_.email3 as email7_1_1_, contactdat1_.firstname as firstnam8_1_1_, contactdat1_.home as home9_1_1_, contactdat1_.lastname as lastnam10_1_1_, contactdat1_.middlename as middlen11_1_1_, contactdat1_.mobile as mobile12_1_1_, contactdat1_.photo as photo13_1_1_, contactdat1_.work as work14_1_1_ from address_in_groups contacts0_ inner join addressbook contactdat1_ on contacts0_.id=contactdat1_.id where contacts0_.group_id=?
Hibernate: select contacts0_.group_id as group_id2_0_0_, contacts0_.id as id1_0_0_, contactdat1_.id as id1_1_1_, contactdat1_.address as address2_1_1_, contactdat1_.bmonth as bmonth3_1_1_, contactdat1_.byear as byear4_1_1_, contactdat1_.email as email5_1_1_, contactdat1_.email2 as email6_1_1_, contactdat1_.email3 as email7_1_1_, contactdat1_.firstname as firstnam8_1_1_, contactdat1_.home as home9_1_1_, contactdat1_.lastname as lastnam10_1_1_, contactdat1_.middlename as middlen11_1_1_, contactdat1_.mobile as mobile12_1_1_, contactdat1_.photo as photo13_1_1_, contactdat1_.work as work14_1_1_ from address_in_groups contacts0_ inner join addressbook contactdat1_ on contacts0_.id=contactdat1_.id where contacts0_.group_id=?
Hibernate: select contacts0_.group_id as group_id2_0_0_, contacts0_.id as id1_0_0_, contactdat1_.id as id1_1_1_, contactdat1_.address as address2_1_1_, contactdat1_.bmonth as bmonth3_1_1_, contactdat1_.byear as byear4_1_1_, contactdat1_.email as email5_1_1_, contactdat1_.email2 as email6_1_1_, contactdat1_.email3 as email7_1_1_, contactdat1_.firstname as firstnam8_1_1_, contactdat1_.home as home9_1_1_, contactdat1_.lastname as lastnam10_1_1_, contactdat1_.middlename as middlen11_1_1_, contactdat1_.mobile as mobile12_1_1_, contactdat1_.photo as photo13_1_1_, contactdat1_.work as work14_1_1_ from address_in_groups contacts0_ inner join addressbook contactdat1_ on contacts0_.id=contactdat1_.id where contacts0_.group_id=?
Hibernate: select contacts0_.group_id as group_id2_0_0_, contacts0_.id as id1_0_0_, contactdat1_.id as id1_1_1_, contactdat1_.address as address2_1_1_, contactdat1_.bmonth as bmonth3_1_1_, contactdat1_.byear as byear4_1_1_, contactdat1_.email as email5_1_1_, contactdat1_.email2 as email6_1_1_, contactdat1_.email3 as email7_1_1_, contactdat1_.firstname as firstnam8_1_1_, contactdat1_.home as home9_1_1_, contactdat1_.lastname as lastnam10_1_1_, contactdat1_.middlename as middlen11_1_1_, contactdat1_.mobile as mobile12_1_1_, contactdat1_.photo as photo13_1_1_, contactdat1_.work as work14_1_1_ from address_in_groups contacts0_ inner join addressbook contactdat1_ on contacts0_.id=contactdat1_.id where contacts0_.group_id=?
Hibernate: select groupdata0_.group_id as group_id1_2_, groupdata0_.group_footer as group_fo2_2_, groupdata0_.group_header as group_he3_2_, groupdata0_.group_name as group_na4_2_ from group_list groupdata0_
Hibernate: select contacts0_.group_id as group_id2_0_0_, contacts0_.id as id1_0_0_, contactdat1_.id as id1_1_1_, contactdat1_.address as address2_1_1_, contactdat1_.bmonth as bmonth3_1_1_, contactdat1_.byear as byear4_1_1_, contactdat1_.email as email5_1_1_, contactdat1_.email2 as email6_1_1_, contactdat1_.email3 as email7_1_1_, contactdat1_.firstname as firstnam8_1_1_, contactdat1_.home as home9_1_1_, contactdat1_.lastname as lastnam10_1_1_, contactdat1_.middlename as middlen11_1_1_, contactdat1_.mobile as mobile12_1_1_, contactdat1_.photo as photo13_1_1_, contactdat1_.work as work14_1_1_ from address_in_groups contacts0_ inner join addressbook contactdat1_ on contacts0_.id=contactdat1_.id where contacts0_.group_id=?
Hibernate: select contacts0_.group_id as group_id2_0_0_, contacts0_.id as id1_0_0_, contactdat1_.id as id1_1_1_, contactdat1_.address as address2_1_1_, contactdat1_.bmonth as bmonth3_1_1_, contactdat1_.byear as byear4_1_1_, contactdat1_.email as email5_1_1_, contactdat1_.email2 as email6_1_1_, contactdat1_.email3 as email7_1_1_, contactdat1_.firstname as firstnam8_1_1_, contactdat1_.home as home9_1_1_, contactdat1_.lastname as lastnam10_1_1_, contactdat1_.middlename as middlen11_1_1_, contactdat1_.mobile as mobile12_1_1_, contactdat1_.photo as photo13_1_1_, contactdat1_.work as work14_1_1_ from address_in_groups contacts0_ inner join addressbook contactdat1_ on contacts0_.id=contactdat1_.id where contacts0_.group_id=?
Hibernate: select contacts0_.group_id as group_id2_0_0_, contacts0_.id as id1_0_0_, contactdat1_.id as id1_1_1_, contactdat1_.address as address2_1_1_, contactdat1_.bmonth as bmonth3_1_1_, contactdat1_.byear as byear4_1_1_, contactdat1_.email as email5_1_1_, contactdat1_.email2 as email6_1_1_, contactdat1_.email3 as email7_1_1_, contactdat1_.firstname as firstnam8_1_1_, contactdat1_.home as home9_1_1_, contactdat1_.lastname as lastnam10_1_1_, contactdat1_.middlename as middlen11_1_1_, contactdat1_.mobile as mobile12_1_1_, contactdat1_.photo as photo13_1_1_, contactdat1_.work as work14_1_1_ from address_in_groups contacts0_ inner join addressbook contactdat1_ on contacts0_.id=contactdat1_.id where contacts0_.group_id=?
Hibernate: select contacts0_.group_id as group_id2_0_0_, contacts0_.id as id1_0_0_, contactdat1_.id as id1_1_1_, contactdat1_.address as address2_1_1_, contactdat1_.bmonth as bmonth3_1_1_, contactdat1_.byear as byear4_1_1_, contactdat1_.email as email5_1_1_, contactdat1_.email2 as email6_1_1_, contactdat1_.email3 as email7_1_1_, contactdat1_.firstname as firstnam8_1_1_, contactdat1_.home as home9_1_1_, contactdat1_.lastname as lastnam10_1_1_, contactdat1_.middlename as middlen11_1_1_, contactdat1_.mobile as mobile12_1_1_, contactdat1_.photo as photo13_1_1_, contactdat1_.work as work14_1_1_ from address_in_groups contacts0_ inner join addressbook contactdat1_ on contacts0_.id=contactdat1_.id where contacts0_.group_id=?
Hibernate: select contacts0_.group_id as group_id2_0_0_, contacts0_.id as id1_0_0_, contactdat1_.id as id1_1_1_, contactdat1_.address as address2_1_1_, contactdat1_.bmonth as bmonth3_1_1_, contactdat1_.byear as byear4_1_1_, contactdat1_.email as email5_1_1_, contactdat1_.email2 as email6_1_1_, contactdat1_.email3 as email7_1_1_, contactdat1_.firstname as firstnam8_1_1_, contactdat1_.home as home9_1_1_, contactdat1_.lastname as lastnam10_1_1_, contactdat1_.middlename as middlen11_1_1_, contactdat1_.mobile as mobile12_1_1_, contactdat1_.photo as photo13_1_1_, contactdat1_.work as work14_1_1_ from address_in_groups contacts0_ inner join addressbook contactdat1_ on contacts0_.id=contactdat1_.id where contacts0_.group_id=?
Hibernate: select contacts0_.group_id as group_id2_0_0_, contacts0_.id as id1_0_0_, contactdat1_.id as id1_1_1_, contactdat1_.address as address2_1_1_, contactdat1_.bmonth as bmonth3_1_1_, contactdat1_.byear as byear4_1_1_, contactdat1_.email as email5_1_1_, contactdat1_.email2 as email6_1_1_, contactdat1_.email3 as email7_1_1_, contactdat1_.firstname as firstnam8_1_1_, contactdat1_.home as home9_1_1_, contactdat1_.lastname as lastnam10_1_1_, contactdat1_.middlename as middlen11_1_1_, contactdat1_.mobile as mobile12_1_1_, contactdat1_.photo as photo13_1_1_, contactdat1_.work as work14_1_1_ from address_in_groups contacts0_ inner join addressbook contactdat1_ on contacts0_.id=contactdat1_.id where contacts0_.group_id=?
Hibernate: select contacts0_.group_id as group_id2_0_0_, contacts0_.id as id1_0_0_, contactdat1_.id as id1_1_1_, contactdat1_.address as address2_1_1_, contactdat1_.bmonth as bmonth3_1_1_, contactdat1_.byear as byear4_1_1_, contactdat1_.email as email5_1_1_, contactdat1_.email2 as email6_1_1_, contactdat1_.email3 as email7_1_1_, contactdat1_.firstname as firstnam8_1_1_, contactdat1_.home as home9_1_1_, contactdat1_.lastname as lastnam10_1_1_, contactdat1_.middlename as middlen11_1_1_, contactdat1_.mobile as mobile12_1_1_, contactdat1_.photo as photo13_1_1_, contactdat1_.work as work14_1_1_ from address_in_groups contacts0_ inner join addressbook contactdat1_ on contacts0_.id=contactdat1_.id where contacts0_.group_id=?
Hibernate: select contacts0_.group_id as group_id2_0_0_, contacts0_.id as id1_0_0_, contactdat1_.id as id1_1_1_, contactdat1_.address as address2_1_1_, contactdat1_.bmonth as bmonth3_1_1_, contactdat1_.byear as byear4_1_1_, contactdat1_.email as email5_1_1_, contactdat1_.email2 as email6_1_1_, contactdat1_.email3 as email7_1_1_, contactdat1_.firstname as firstnam8_1_1_, contactdat1_.home as home9_1_1_, contactdat1_.lastname as lastnam10_1_1_, contactdat1_.middlename as middlen11_1_1_, contactdat1_.mobile as mobile12_1_1_, contactdat1_.photo as photo13_1_1_, contactdat1_.work as work14_1_1_ from address_in_groups contacts0_ inner join addressbook contactdat1_ on contacts0_.id=contactdat1_.id where contacts0_.group_id=?
Hibernate: select contacts0_.group_id as group_id2_0_0_, contacts0_.id as id1_0_0_, contactdat1_.id as id1_1_1_, contactdat1_.address as address2_1_1_, contactdat1_.bmonth as bmonth3_1_1_, contactdat1_.byear as byear4_1_1_, contactdat1_.email as email5_1_1_, contactdat1_.email2 as email6_1_1_, contactdat1_.email3 as email7_1_1_, contactdat1_.firstname as firstnam8_1_1_, contactdat1_.home as home9_1_1_, contactdat1_.lastname as lastnam10_1_1_, contactdat1_.middlename as middlen11_1_1_, contactdat1_.mobile as mobile12_1_1_, contactdat1_.photo as photo13_1_1_, contactdat1_.work as work14_1_1_ from address_in_groups contacts0_ inner join addressbook contactdat1_ on contacts0_.id=contactdat1_.id where contacts0_.group_id=?
Hibernate: select contacts0_.group_id as group_id2_0_0_, contacts0_.id as id1_0_0_, contactdat1_.id as id1_1_1_, contactdat1_.address as address2_1_1_, contactdat1_.bmonth as bmonth3_1_1_, contactdat1_.byear as byear4_1_1_, contactdat1_.email as email5_1_1_, contactdat1_.email2 as email6_1_1_, contactdat1_.email3 as email7_1_1_, contactdat1_.firstname as firstnam8_1_1_, contactdat1_.home as home9_1_1_, contactdat1_.lastname as lastnam10_1_1_, contactdat1_.middlename as middlen11_1_1_, contactdat1_.mobile as mobile12_1_1_, contactdat1_.photo as photo13_1_1_, contactdat1_.work as work14_1_1_ from address_in_groups contacts0_ inner join addressbook contactdat1_ on contacts0_.id=contactdat1_.id where contacts0_.group_id=?
Hibernate: select contacts0_.group_id as group_id2_0_0_, contacts0_.id as id1_0_0_, contactdat1_.id as id1_1_1_, contactdat1_.address as address2_1_1_, contactdat1_.bmonth as bmonth3_1_1_, contactdat1_.byear as byear4_1_1_, contactdat1_.email as email5_1_1_, contactdat1_.email2 as email6_1_1_, contactdat1_.email3 as email7_1_1_, contactdat1_.firstname as firstnam8_1_1_, contactdat1_.home as home9_1_1_, contactdat1_.lastname as lastnam10_1_1_, contactdat1_.middlename as middlen11_1_1_, contactdat1_.mobile as mobile12_1_1_, contactdat1_.photo as photo13_1_1_, contactdat1_.work as work14_1_1_ from address_in_groups contacts0_ inner join addressbook contactdat1_ on contacts0_.id=contactdat1_.id where contacts0_.group_id=?
Hibernate: select contacts0_.group_id as group_id2_0_0_, contacts0_.id as id1_0_0_, contactdat1_.id as id1_1_1_, contactdat1_.address as address2_1_1_, contactdat1_.bmonth as bmonth3_1_1_, contactdat1_.byear as byear4_1_1_, contactdat1_.email as email5_1_1_, contactdat1_.email2 as email6_1_1_, contactdat1_.email3 as email7_1_1_, contactdat1_.firstname as firstnam8_1_1_, contactdat1_.home as home9_1_1_, contactdat1_.lastname as lastnam10_1_1_, contactdat1_.middlename as middlen11_1_1_, contactdat1_.mobile as mobile12_1_1_, contactdat1_.photo as photo13_1_1_, contactdat1_.work as work14_1_1_ from address_in_groups contacts0_ inner join addressbook contactdat1_ on contacts0_.id=contactdat1_.id where contacts0_.group_id=?
Hibernate: select contacts0_.group_id as group_id2_0_0_, contacts0_.id as id1_0_0_, contactdat1_.id as id1_1_1_, contactdat1_.address as address2_1_1_, contactdat1_.bmonth as bmonth3_1_1_, contactdat1_.byear as byear4_1_1_, contactdat1_.email as email5_1_1_, contactdat1_.email2 as email6_1_1_, contactdat1_.email3 as email7_1_1_, contactdat1_.firstname as firstnam8_1_1_, contactdat1_.home as home9_1_1_, contactdat1_.lastname as lastnam10_1_1_, contactdat1_.middlename as middlen11_1_1_, contactdat1_.mobile as mobile12_1_1_, contactdat1_.photo as photo13_1_1_, contactdat1_.work as work14_1_1_ from address_in_groups contacts0_ inner join addressbook contactdat1_ on contacts0_.id=contactdat1_.id where contacts0_.group_id=?
Hibernate: select contacts0_.group_id as group_id2_0_0_, contacts0_.id as id1_0_0_, contactdat1_.id as id1_1_1_, contactdat1_.address as address2_1_1_, contactdat1_.bmonth as bmonth3_1_1_, contactdat1_.byear as byear4_1_1_, contactdat1_.email as email5_1_1_, contactdat1_.email2 as email6_1_1_, contactdat1_.email3 as email7_1_1_, contactdat1_.firstname as firstnam8_1_1_, contactdat1_.home as home9_1_1_, contactdat1_.lastname as lastnam10_1_1_, contactdat1_.middlename as middlen11_1_1_, contactdat1_.mobile as mobile12_1_1_, contactdat1_.photo as photo13_1_1_, contactdat1_.work as work14_1_1_ from address_in_groups contacts0_ inner join addressbook contactdat1_ on contacts0_.id=contactdat1_.id where contacts0_.group_id=?
Hibernate: select contacts0_.group_id as group_id2_0_0_, contacts0_.id as id1_0_0_, contactdat1_.id as id1_1_1_, contactdat1_.address as address2_1_1_, contactdat1_.bmonth as bmonth3_1_1_, contactdat1_.byear as byear4_1_1_, contactdat1_.email as email5_1_1_, contactdat1_.email2 as email6_1_1_, contactdat1_.email3 as email7_1_1_, contactdat1_.firstname as firstnam8_1_1_, contactdat1_.home as home9_1_1_, contactdat1_.lastname as lastnam10_1_1_, contactdat1_.middlename as middlen11_1_1_, contactdat1_.mobile as mobile12_1_1_, contactdat1_.photo as photo13_1_1_, contactdat1_.work as work14_1_1_ from address_in_groups contacts0_ inner join addressbook contactdat1_ on contacts0_.id=contactdat1_.id where contacts0_.group_id=?
Hibernate: select contacts0_.group_id as group_id2_0_0_, contacts0_.id as id1_0_0_, contactdat1_.id as id1_1_1_, contactdat1_.address as address2_1_1_, contactdat1_.bmonth as bmonth3_1_1_, contactdat1_.byear as byear4_1_1_, contactdat1_.email as email5_1_1_, contactdat1_.email2 as email6_1_1_, contactdat1_.email3 as email7_1_1_, contactdat1_.firstname as firstnam8_1_1_, contactdat1_.home as home9_1_1_, contactdat1_.lastname as lastnam10_1_1_, contactdat1_.middlename as middlen11_1_1_, contactdat1_.mobile as mobile12_1_1_, contactdat1_.photo as photo13_1_1_, contactdat1_.work as work14_1_1_ from address_in_groups contacts0_ inner join addressbook contactdat1_ on contacts0_.id=contactdat1_.id where contacts0_.group_id=?
Hibernate: select contacts0_.group_id as group_id2_0_0_, contacts0_.id as id1_0_0_, contactdat1_.id as id1_1_1_, contactdat1_.address as address2_1_1_, contactdat1_.bmonth as bmonth3_1_1_, contactdat1_.byear as byear4_1_1_, contactdat1_.email as email5_1_1_, contactdat1_.email2 as email6_1_1_, contactdat1_.email3 as email7_1_1_, contactdat1_.firstname as firstnam8_1_1_, contactdat1_.home as home9_1_1_, contactdat1_.lastname as lastnam10_1_1_, contactdat1_.middlename as middlen11_1_1_, contactdat1_.mobile as mobile12_1_1_, contactdat1_.photo as photo13_1_1_, contactdat1_.work as work14_1_1_ from address_in_groups contacts0_ inner join addressbook contactdat1_ on contacts0_.id=contactdat1_.id where contacts0_.group_id=?
Hibernate: select contacts0_.group_id as group_id2_0_0_, contacts0_.id as id1_0_0_, contactdat1_.id as id1_1_1_, contactdat1_.address as address2_1_1_, contactdat1_.bmonth as bmonth3_1_1_, contactdat1_.byear as byear4_1_1_, contactdat1_.email as email5_1_1_, contactdat1_.email2 as email6_1_1_, contactdat1_.email3 as email7_1_1_, contactdat1_.firstname as firstnam8_1_1_, contactdat1_.home as home9_1_1_, contactdat1_.lastname as lastnam10_1_1_, contactdat1_.middlename as middlen11_1_1_, contactdat1_.mobile as mobile12_1_1_, contactdat1_.photo as photo13_1_1_, contactdat1_.work as work14_1_1_ from address_in_groups contacts0_ inner join addressbook contactdat1_ on contacts0_.id=contactdat1_.id where contacts0_.group_id=?
Hibernate: select contacts0_.group_id as group_id2_0_0_, contacts0_.id as id1_0_0_, contactdat1_.id as id1_1_1_, contactdat1_.address as address2_1_1_, contactdat1_.bmonth as bmonth3_1_1_, contactdat1_.byear as byear4_1_1_, contactdat1_.email as email5_1_1_, contactdat1_.email2 as email6_1_1_, contactdat1_.email3 as email7_1_1_, contactdat1_.firstname as firstnam8_1_1_, contactdat1_.home as home9_1_1_, contactdat1_.lastname as lastnam10_1_1_, contactdat1_.middlename as middlen11_1_1_, contactdat1_.mobile as mobile12_1_1_, contactdat1_.photo as photo13_1_1_, contactdat1_.work as work14_1_1_ from address_in_groups contacts0_ inner join addressbook contactdat1_ on contacts0_.id=contactdat1_.id where contacts0_.group_id=?
Hibernate: select contacts0_.group_id as group_id2_0_0_, contacts0_.id as id1_0_0_, contactdat1_.id as id1_1_1_, contactdat1_.address as address2_1_1_, contactdat1_.bmonth as bmonth3_1_1_, contactdat1_.byear as byear4_1_1_, contactdat1_.email as email5_1_1_, contactdat1_.email2 as email6_1_1_, contactdat1_.email3 as email7_1_1_, contactdat1_.firstname as firstnam8_1_1_, contactdat1_.home as home9_1_1_, contactdat1_.lastname as lastnam10_1_1_, contactdat1_.middlename as middlen11_1_1_, contactdat1_.mobile as mobile12_1_1_, contactdat1_.photo as photo13_1_1_, contactdat1_.work as work14_1_1_ from address_in_groups contacts0_ inner join addressbook contactdat1_ on contacts0_.id=contactdat1_.id where contacts0_.group_id=?
Hibernate: select contacts0_.group_id as group_id2_0_0_, contacts0_.id as id1_0_0_, contactdat1_.id as id1_1_1_, contactdat1_.address as address2_1_1_, contactdat1_.bmonth as bmonth3_1_1_, contactdat1_.byear as byear4_1_1_, contactdat1_.email as email5_1_1_, contactdat1_.email2 as email6_1_1_, contactdat1_.email3 as email7_1_1_, contactdat1_.firstname as firstnam8_1_1_, contactdat1_.home as home9_1_1_, contactdat1_.lastname as lastnam10_1_1_, contactdat1_.middlename as middlen11_1_1_, contactdat1_.mobile as mobile12_1_1_, contactdat1_.photo as photo13_1_1_, contactdat1_.work as work14_1_1_ from address_in_groups contacts0_ inner join addressbook contactdat1_ on contacts0_.id=contactdat1_.id where contacts0_.group_id=?
Hibernate: select contacts0_.group_id as group_id2_0_0_, contacts0_.id as id1_0_0_, contactdat1_.id as id1_1_1_, contactdat1_.address as address2_1_1_, contactdat1_.bmonth as bmonth3_1_1_, contactdat1_.byear as byear4_1_1_, contactdat1_.email as email5_1_1_, contactdat1_.email2 as email6_1_1_, contactdat1_.email3 as email7_1_1_, contactdat1_.firstname as firstnam8_1_1_, contactdat1_.home as home9_1_1_, contactdat1_.lastname as lastnam10_1_1_, contactdat1_.middlename as middlen11_1_1_, contactdat1_.mobile as mobile12_1_1_, contactdat1_.photo as photo13_1_1_, contactdat1_.work as work14_1_1_ from address_in_groups contacts0_ inner join addressbook contactdat1_ on contacts0_.id=contactdat1_.id where contacts0_.group_id=?
Hibernate: select contacts0_.group_id as group_id2_0_0_, contacts0_.id as id1_0_0_, contactdat1_.id as id1_1_1_, contactdat1_.address as address2_1_1_, contactdat1_.bmonth as bmonth3_1_1_, contactdat1_.byear as byear4_1_1_, contactdat1_.email as email5_1_1_, contactdat1_.email2 as email6_1_1_, contactdat1_.email3 as email7_1_1_, contactdat1_.firstname as firstnam8_1_1_, contactdat1_.home as home9_1_1_, contactdat1_.lastname as lastnam10_1_1_, contactdat1_.middlename as middlen11_1_1_, contactdat1_.mobile as mobile12_1_1_, contactdat1_.photo as photo13_1_1_, contactdat1_.work as work14_1_1_ from address_in_groups contacts0_ inner join addressbook contactdat1_ on contacts0_.id=contactdat1_.id where contacts0_.group_id=?
Hibernate: select contacts0_.group_id as group_id2_0_0_, contacts0_.id as id1_0_0_, contactdat1_.id as id1_1_1_, contactdat1_.address as address2_1_1_, contactdat1_.bmonth as bmonth3_1_1_, contactdat1_.byear as byear4_1_1_, contactdat1_.email as email5_1_1_, contactdat1_.email2 as email6_1_1_, contactdat1_.email3 as email7_1_1_, contactdat1_.firstname as firstnam8_1_1_, contactdat1_.home as home9_1_1_, contactdat1_.lastname as lastnam10_1_1_, contactdat1_.middlename as middlen11_1_1_, contactdat1_.mobile as mobile12_1_1_, contactdat1_.photo as photo13_1_1_, contactdat1_.work as work14_1_1_ from address_in_groups contacts0_ inner join addressbook contactdat1_ on contacts0_.id=contactdat1_.id where contacts0_.group_id=?
Hibernate: select contacts0_.group_id as group_id2_0_0_, contacts0_.id as id1_0_0_, contactdat1_.id as id1_1_1_, contactdat1_.address as address2_1_1_, contactdat1_.bmonth as bmonth3_1_1_, contactdat1_.byear as byear4_1_1_, contactdat1_.email as email5_1_1_, contactdat1_.email2 as email6_1_1_, contactdat1_.email3 as email7_1_1_, contactdat1_.firstname as firstnam8_1_1_, contactdat1_.home as home9_1_1_, contactdat1_.lastname as lastnam10_1_1_, contactdat1_.middlename as middlen11_1_1_, contactdat1_.mobile as mobile12_1_1_, contactdat1_.photo as photo13_1_1_, contactdat1_.work as work14_1_1_ from address_in_groups contacts0_ inner join addressbook contactdat1_ on contacts0_.id=contactdat1_.id where contacts0_.group_id=?
Hibernate: select contacts0_.group_id as group_id2_0_0_, contacts0_.id as id1_0_0_, contactdat1_.id as id1_1_1_, contactdat1_.address as address2_1_1_, contactdat1_.bmonth as bmonth3_1_1_, contactdat1_.byear as byear4_1_1_, contactdat1_.email as email5_1_1_, contactdat1_.email2 as email6_1_1_, contactdat1_.email3 as email7_1_1_, contactdat1_.firstname as firstnam8_1_1_, contactdat1_.home as home9_1_1_, contactdat1_.lastname as lastnam10_1_1_, contactdat1_.middlename as middlen11_1_1_, contactdat1_.mobile as mobile12_1_1_, contactdat1_.photo as photo13_1_1_, contactdat1_.work as work14_1_1_ from address_in_groups contacts0_ inner join addressbook contactdat1_ on contacts0_.id=contactdat1_.id where contacts0_.group_id=?
Hibernate: select contacts0_.group_id as group_id2_0_0_, contacts0_.id as id1_0_0_, contactdat1_.id as id1_1_1_, contactdat1_.address as address2_1_1_, contactdat1_.bmonth as bmonth3_1_1_, contactdat1_.byear as byear4_1_1_, contactdat1_.email as email5_1_1_, contactdat1_.email2 as email6_1_1_, contactdat1_.email3 as email7_1_1_, contactdat1_.firstname as firstnam8_1_1_, contactdat1_.home as home9_1_1_, contactdat1_.lastname as lastnam10_1_1_, contactdat1_.middlename as middlen11_1_1_, contactdat1_.mobile as mobile12_1_1_, contactdat1_.photo as photo13_1_1_, contactdat1_.work as work14_1_1_ from address_in_groups contacts0_ inner join addressbook contactdat1_ on contacts0_.id=contactdat1_.id where contacts0_.group_id=?
Hibernate: select contacts0_.group_id as group_id2_0_0_, contacts0_.id as id1_0_0_, contactdat1_.id as id1_1_1_, contactdat1_.address as address2_1_1_, contactdat1_.bmonth as bmonth3_1_1_, contactdat1_.byear as byear4_1_1_, contactdat1_.email as email5_1_1_, contactdat1_.email2 as email6_1_1_, contactdat1_.email3 as email7_1_1_, contactdat1_.firstname as firstnam8_1_1_, contactdat1_.home as home9_1_1_, contactdat1_.lastname as lastnam10_1_1_, contactdat1_.middlename as middlen11_1_1_, contactdat1_.mobile as mobile12_1_1_, contactdat1_.photo as photo13_1_1_, contactdat1_.work as work14_1_1_ from address_in_groups contacts0_ inner join addressbook contactdat1_ on contacts0_.id=contactdat1_.id where contacts0_.group_id=?
Hibernate: select contacts0_.group_id as group_id2_0_0_, contacts0_.id as id1_0_0_, contactdat1_.id as id1_1_1_, contactdat1_.address as address2_1_1_, contactdat1_.bmonth as bmonth3_1_1_, contactdat1_.byear as byear4_1_1_, contactdat1_.email as email5_1_1_, contactdat1_.email2 as email6_1_1_, contactdat1_.email3 as email7_1_1_, contactdat1_.firstname as firstnam8_1_1_, contactdat1_.home as home9_1_1_, contactdat1_.lastname as lastnam10_1_1_, contactdat1_.middlename as middlen11_1_1_, contactdat1_.mobile as mobile12_1_1_, contactdat1_.photo as photo13_1_1_, contactdat1_.work as work14_1_1_ from address_in_groups contacts0_ inner join addressbook contactdat1_ on contacts0_.id=contactdat1_.id where contacts0_.group_id=?
Hibernate: select contacts0_.group_id as group_id2_0_0_, contacts0_.id as id1_0_0_, contactdat1_.id as id1_1_1_, contactdat1_.address as address2_1_1_, contactdat1_.bmonth as bmonth3_1_1_, contactdat1_.byear as byear4_1_1_, contactdat1_.email as email5_1_1_, contactdat1_.email2 as email6_1_1_, contactdat1_.email3 as email7_1_1_, contactdat1_.firstname as firstnam8_1_1_, contactdat1_.home as home9_1_1_, contactdat1_.lastname as lastnam10_1_1_, contactdat1_.middlename as middlen11_1_1_, contactdat1_.mobile as mobile12_1_1_, contactdat1_.photo as photo13_1_1_, contactdat1_.work as work14_1_1_ from address_in_groups contacts0_ inner join addressbook contactdat1_ on contacts0_.id=contactdat1_.id where contacts0_.group_id=?
Hibernate: select contacts0_.group_id as group_id2_0_0_, contacts0_.id as id1_0_0_, contactdat1_.id as id1_1_1_, contactdat1_.address as address2_1_1_, contactdat1_.bmonth as bmonth3_1_1_, contactdat1_.byear as byear4_1_1_, contactdat1_.email as email5_1_1_, contactdat1_.email2 as email6_1_1_, contactdat1_.email3 as email7_1_1_, contactdat1_.firstname as firstnam8_1_1_, contactdat1_.home as home9_1_1_, contactdat1_.lastname as lastnam10_1_1_, contactdat1_.middlename as middlen11_1_1_, contactdat1_.mobile as mobile12_1_1_, contactdat1_.photo as photo13_1_1_, contactdat1_.work as work14_1_1_ from address_in_groups contacts0_ inner join addressbook contactdat1_ on contacts0_.id=contactdat1_.id where contacts0_.group_id=?
Hibernate: select contacts0_.group_id as group_id2_0_0_, contacts0_.id as id1_0_0_, contactdat1_.id as id1_1_1_, contactdat1_.address as address2_1_1_, contactdat1_.bmonth as bmonth3_1_1_, contactdat1_.byear as byear4_1_1_, contactdat1_.email as email5_1_1_, contactdat1_.email2 as email6_1_1_, contactdat1_.email3 as email7_1_1_, contactdat1_.firstname as firstnam8_1_1_, contactdat1_.home as home9_1_1_, contactdat1_.lastname as lastnam10_1_1_, contactdat1_.middlename as middlen11_1_1_, contactdat1_.mobile as mobile12_1_1_, contactdat1_.photo as photo13_1_1_, contactdat1_.work as work14_1_1_ from address_in_groups contacts0_ inner join addressbook contactdat1_ on contacts0_.id=contactdat1_.id where contacts0_.group_id=?
Hibernate: select contacts0_.group_id as group_id2_0_0_, contacts0_.id as id1_0_0_, contactdat1_.id as id1_1_1_, contactdat1_.address as address2_1_1_, contactdat1_.bmonth as bmonth3_1_1_, contactdat1_.byear as byear4_1_1_, contactdat1_.email as email5_1_1_, contactdat1_.email2 as email6_1_1_, contactdat1_.email3 as email7_1_1_, contactdat1_.firstname as firstnam8_1_1_, contactdat1_.home as home9_1_1_, contactdat1_.lastname as lastnam10_1_1_, contactdat1_.middlename as middlen11_1_1_, contactdat1_.mobile as mobile12_1_1_, contactdat1_.photo as photo13_1_1_, contactdat1_.work as work14_1_1_ from address_in_groups contacts0_ inner join addressbook contactdat1_ on contacts0_.id=contactdat1_.id where contacts0_.group_id=?
Hibernate: select contacts0_.group_id as group_id2_0_0_, contacts0_.id as id1_0_0_, contactdat1_.id as id1_1_1_, contactdat1_.address as address2_1_1_, contactdat1_.bmonth as bmonth3_1_1_, contactdat1_.byear as byear4_1_1_, contactdat1_.email as email5_1_1_, contactdat1_.email2 as email6_1_1_, contactdat1_.email3 as email7_1_1_, contactdat1_.firstname as firstnam8_1_1_, contactdat1_.home as home9_1_1_, contactdat1_.lastname as lastnam10_1_1_, contactdat1_.middlename as middlen11_1_1_, contactdat1_.mobile as mobile12_1_1_, contactdat1_.photo as photo13_1_1_, contactdat1_.work as work14_1_1_ from address_in_groups contacts0_ inner join addressbook contactdat1_ on contacts0_.id=contactdat1_.id where contacts0_.group_id=?
Hibernate: select contacts0_.group_id as group_id2_0_0_, contacts0_.id as id1_0_0_, contactdat1_.id as id1_1_1_, contactdat1_.address as address2_1_1_, contactdat1_.bmonth as bmonth3_1_1_, contactdat1_.byear as byear4_1_1_, contactdat1_.email as email5_1_1_, contactdat1_.email2 as email6_1_1_, contactdat1_.email3 as email7_1_1_, contactdat1_.firstname as firstnam8_1_1_, contactdat1_.home as home9_1_1_, contactdat1_.lastname as lastnam10_1_1_, contactdat1_.middlename as middlen11_1_1_, contactdat1_.mobile as mobile12_1_1_, contactdat1_.photo as photo13_1_1_, contactdat1_.work as work14_1_1_ from address_in_groups contacts0_ inner join addressbook contactdat1_ on contacts0_.id=contactdat1_.id where contacts0_.group_id=?
Hibernate: select contacts0_.group_id as group_id2_0_0_, contacts0_.id as id1_0_0_, contactdat1_.id as id1_1_1_, contactdat1_.address as address2_1_1_, contactdat1_.bmonth as bmonth3_1_1_, contactdat1_.byear as byear4_1_1_, contactdat1_.email as email5_1_1_, contactdat1_.email2 as email6_1_1_, contactdat1_.email3 as email7_1_1_, contactdat1_.firstname as firstnam8_1_1_, contactdat1_.home as home9_1_1_, contactdat1_.lastname as lastnam10_1_1_, contactdat1_.middlename as middlen11_1_1_, contactdat1_.mobile as mobile12_1_1_, contactdat1_.photo as photo13_1_1_, contactdat1_.work as work14_1_1_ from address_in_groups contacts0_ inner join addressbook contactdat1_ on contacts0_.id=contactdat1_.id where contacts0_.group_id=?
Hibernate: select contacts0_.group_id as group_id2_0_0_, contacts0_.id as id1_0_0_, contactdat1_.id as id1_1_1_, contactdat1_.address as address2_1_1_, contactdat1_.bmonth as bmonth3_1_1_, contactdat1_.byear as byear4_1_1_, contactdat1_.email as email5_1_1_, contactdat1_.email2 as email6_1_1_, contactdat1_.email3 as email7_1_1_, contactdat1_.firstname as firstnam8_1_1_, contactdat1_.home as home9_1_1_, contactdat1_.lastname as lastnam10_1_1_, contactdat1_.middlename as middlen11_1_1_, contactdat1_.mobile as mobile12_1_1_, contactdat1_.photo as photo13_1_1_, contactdat1_.work as work14_1_1_ from address_in_groups contacts0_ inner join addressbook contactdat1_ on contacts0_.id=contactdat1_.id where contacts0_.group_id=?
Hibernate: select contacts0_.group_id as group_id2_0_0_, contacts0_.id as id1_0_0_, contactdat1_.id as id1_1_1_, contactdat1_.address as address2_1_1_, contactdat1_.bmonth as bmonth3_1_1_, contactdat1_.byear as byear4_1_1_, contactdat1_.email as email5_1_1_, contactdat1_.email2 as email6_1_1_, contactdat1_.email3 as email7_1_1_, contactdat1_.firstname as firstnam8_1_1_, contactdat1_.home as home9_1_1_, contactdat1_.lastname as lastnam10_1_1_, contactdat1_.middlename as middlen11_1_1_, contactdat1_.mobile as mobile12_1_1_, contactdat1_.photo as photo13_1_1_, contactdat1_.work as work14_1_1_ from address_in_groups contacts0_ inner join addressbook contactdat1_ on contacts0_.id=contactdat1_.id where contacts0_.group_id=?
Hibernate: select contacts0_.group_id as group_id2_0_0_, contacts0_.id as id1_0_0_, contactdat1_.id as id1_1_1_, contactdat1_.address as address2_1_1_, contactdat1_.bmonth as bmonth3_1_1_, contactdat1_.byear as byear4_1_1_, contactdat1_.email as email5_1_1_, contactdat1_.email2 as email6_1_1_, contactdat1_.email3 as email7_1_1_, contactdat1_.firstname as firstnam8_1_1_, contactdat1_.home as home9_1_1_, contactdat1_.lastname as lastnam10_1_1_, contactdat1_.middlename as middlen11_1_1_, contactdat1_.mobile as mobile12_1_1_, contactdat1_.photo as photo13_1_1_, contactdat1_.work as work14_1_1_ from address_in_groups contacts0_ inner join addressbook contactdat1_ on contacts0_.id=contactdat1_.id where contacts0_.group_id=?
Hibernate: select contacts0_.group_id as group_id2_0_0_, contacts0_.id as id1_0_0_, contactdat1_.id as id1_1_1_, contactdat1_.address as address2_1_1_, contactdat1_.bmonth as bmonth3_1_1_, contactdat1_.byear as byear4_1_1_, contactdat1_.email as email5_1_1_, contactdat1_.email2 as email6_1_1_, contactdat1_.email3 as email7_1_1_, contactdat1_.firstname as firstnam8_1_1_, contactdat1_.home as home9_1_1_, contactdat1_.lastname as lastnam10_1_1_, contactdat1_.middlename as middlen11_1_1_, contactdat1_.mobile as mobile12_1_1_, contactdat1_.photo as photo13_1_1_, contactdat1_.work as work14_1_1_ from address_in_groups contacts0_ inner join addressbook contactdat1_ on contacts0_.id=contactdat1_.id where contacts0_.group_id=?
Hibernate: select contacts0_.group_id as group_id2_0_0_, contacts0_.id as id1_0_0_, contactdat1_.id as id1_1_1_, contactdat1_.address as address2_1_1_, contactdat1_.bmonth as bmonth3_1_1_, contactdat1_.byear as byear4_1_1_, contactdat1_.email as email5_1_1_, contactdat1_.email2 as email6_1_1_, contactdat1_.email3 as email7_1_1_, contactdat1_.firstname as firstnam8_1_1_, contactdat1_.home as home9_1_1_, contactdat1_.lastname as lastnam10_1_1_, contactdat1_.middlename as middlen11_1_1_, contactdat1_.mobile as mobile12_1_1_, contactdat1_.photo as photo13_1_1_, contactdat1_.work as work14_1_1_ from address_in_groups contacts0_ inner join addressbook contactdat1_ on contacts0_.id=contactdat1_.id where contacts0_.group_id=?
Hibernate: select contacts0_.group_id as group_id2_0_0_, contacts0_.id as id1_0_0_, contactdat1_.id as id1_1_1_, contactdat1_.address as address2_1_1_, contactdat1_.bmonth as bmonth3_1_1_, contactdat1_.byear as byear4_1_1_, contactdat1_.email as email5_1_1_, contactdat1_.email2 as email6_1_1_, contactdat1_.email3 as email7_1_1_, contactdat1_.firstname as firstnam8_1_1_, contactdat1_.home as home9_1_1_, contactdat1_.lastname as lastnam10_1_1_, contactdat1_.middlename as middlen11_1_1_, contactdat1_.mobile as mobile12_1_1_, contactdat1_.photo as photo13_1_1_, contactdat1_.work as work14_1_1_ from address_in_groups contacts0_ inner join addressbook contactdat1_ on contacts0_.id=contactdat1_.id where contacts0_.group_id=?
Hibernate: select contacts0_.group_id as group_id2_0_0_, contacts0_.id as id1_0_0_, contactdat1_.id as id1_1_1_, contactdat1_.address as address2_1_1_, contactdat1_.bmonth as bmonth3_1_1_, contactdat1_.byear as byear4_1_1_, contactdat1_.email as email5_1_1_, contactdat1_.email2 as email6_1_1_, contactdat1_.email3 as email7_1_1_, contactdat1_.firstname as firstnam8_1_1_, contactdat1_.home as home9_1_1_, contactdat1_.lastname as lastnam10_1_1_, contactdat1_.middlename as middlen11_1_1_, contactdat1_.mobile as mobile12_1_1_, contactdat1_.photo as photo13_1_1_, contactdat1_.work as work14_1_1_ from address_in_groups contacts0_ inner join addressbook contactdat1_ on contacts0_.id=contactdat1_.id where contacts0_.group_id=?
Hibernate: select contacts0_.group_id as group_id2_0_0_, contacts0_.id as id1_0_0_, contactdat1_.id as id1_1_1_, contactdat1_.address as address2_1_1_, contactdat1_.bmonth as bmonth3_1_1_, contactdat1_.byear as byear4_1_1_, contactdat1_.email as email5_1_1_, contactdat1_.email2 as email6_1_1_, contactdat1_.email3 as email7_1_1_, contactdat1_.firstname as firstnam8_1_1_, contactdat1_.home as home9_1_1_, contactdat1_.lastname as lastnam10_1_1_, contactdat1_.middlename as middlen11_1_1_, contactdat1_.mobile as mobile12_1_1_, contactdat1_.photo as photo13_1_1_, contactdat1_.work as work14_1_1_ from address_in_groups contacts0_ inner join addressbook contactdat1_ on contacts0_.id=contactdat1_.id where contacts0_.group_id=?
Hibernate: select contacts0_.group_id as group_id2_0_0_, contacts0_.id as id1_0_0_, contactdat1_.id as id1_1_1_, contactdat1_.address as address2_1_1_, contactdat1_.bmonth as bmonth3_1_1_, contactdat1_.byear as byear4_1_1_, contactdat1_.email as email5_1_1_, contactdat1_.email2 as email6_1_1_, contactdat1_.email3 as email7_1_1_, contactdat1_.firstname as firstnam8_1_1_, contactdat1_.home as home9_1_1_, contactdat1_.lastname as lastnam10_1_1_, contactdat1_.middlename as middlen11_1_1_, contactdat1_.mobile as mobile12_1_1_, contactdat1_.photo as photo13_1_1_, contactdat1_.work as work14_1_1_ from address_in_groups contacts0_ inner join addressbook contactdat1_ on contacts0_.id=contactdat1_.id where contacts0_.group_id=?
Hibernate: select contacts0_.group_id as group_id2_0_0_, contacts0_.id as id1_0_0_, contactdat1_.id as id1_1_1_, contactdat1_.address as address2_1_1_, contactdat1_.bmonth as bmonth3_1_1_, contactdat1_.byear as byear4_1_1_, contactdat1_.email as email5_1_1_, contactdat1_.email2 as email6_1_1_, contactdat1_.email3 as email7_1_1_, contactdat1_.firstname as firstnam8_1_1_, contactdat1_.home as home9_1_1_, contactdat1_.lastname as lastnam10_1_1_, contactdat1_.middlename as middlen11_1_1_, contactdat1_.mobile as mobile12_1_1_, contactdat1_.photo as photo13_1_1_, contactdat1_.work as work14_1_1_ from address_in_groups contacts0_ inner join addressbook contactdat1_ on contacts0_.id=contactdat1_.id where contacts0_.group_id=?
Hibernate: select contacts0_.group_id as group_id2_0_0_, contacts0_.id as id1_0_0_, contactdat1_.id as id1_1_1_, contactdat1_.address as address2_1_1_, contactdat1_.bmonth as bmonth3_1_1_, contactdat1_.byear as byear4_1_1_, contactdat1_.email as email5_1_1_, contactdat1_.email2 as email6_1_1_, contactdat1_.email3 as email7_1_1_, contactdat1_.firstname as firstnam8_1_1_, contactdat1_.home as home9_1_1_, contactdat1_.lastname as lastnam10_1_1_, contactdat1_.middlename as middlen11_1_1_, contactdat1_.mobile as mobile12_1_1_, contactdat1_.photo as photo13_1_1_, contactdat1_.work as work14_1_1_ from address_in_groups contacts0_ inner join addressbook contactdat1_ on contacts0_.id=contactdat1_.id where contacts0_.group_id=?
Hibernate: select contacts0_.group_id as group_id2_0_0_, contacts0_.id as id1_0_0_, contactdat1_.id as id1_1_1_, contactdat1_.address as address2_1_1_, contactdat1_.bmonth as bmonth3_1_1_, contactdat1_.byear as byear4_1_1_, contactdat1_.email as email5_1_1_, contactdat1_.email2 as email6_1_1_, contactdat1_.email3 as email7_1_1_, contactdat1_.firstname as firstnam8_1_1_, contactdat1_.home as home9_1_1_, contactdat1_.lastname as lastnam10_1_1_, contactdat1_.middlename as middlen11_1_1_, contactdat1_.mobile as mobile12_1_1_, contactdat1_.photo as photo13_1_1_, contactdat1_.work as work14_1_1_ from address_in_groups contacts0_ inner join addressbook contactdat1_ on contacts0_.id=contactdat1_.id where contacts0_.group_id=?
Hibernate: select contacts0_.group_id as group_id2_0_0_, contacts0_.id as id1_0_0_, contactdat1_.id as id1_1_1_, contactdat1_.address as address2_1_1_, contactdat1_.bmonth as bmonth3_1_1_, contactdat1_.byear as byear4_1_1_, contactdat1_.email as email5_1_1_, contactdat1_.email2 as email6_1_1_, contactdat1_.email3 as email7_1_1_, contactdat1_.firstname as firstnam8_1_1_, contactdat1_.home as home9_1_1_, contactdat1_.lastname as lastnam10_1_1_, contactdat1_.middlename as middlen11_1_1_, contactdat1_.mobile as mobile12_1_1_, contactdat1_.photo as photo13_1_1_, contactdat1_.work as work14_1_1_ from address_in_groups contacts0_ inner join addressbook contactdat1_ on contacts0_.id=contactdat1_.id where contacts0_.group_id=?
Hibernate: select contacts0_.group_id as group_id2_0_0_, contacts0_.id as id1_0_0_, contactdat1_.id as id1_1_1_, contactdat1_.address as address2_1_1_, contactdat1_.bmonth as bmonth3_1_1_, contactdat1_.byear as byear4_1_1_, contactdat1_.email as email5_1_1_, contactdat1_.email2 as email6_1_1_, contactdat1_.email3 as email7_1_1_, contactdat1_.firstname as firstnam8_1_1_, contactdat1_.home as home9_1_1_, contactdat1_.lastname as lastnam10_1_1_, contactdat1_.middlename as middlen11_1_1_, contactdat1_.mobile as mobile12_1_1_, contactdat1_.photo as photo13_1_1_, contactdat1_.work as work14_1_1_ from address_in_groups contacts0_ inner join addressbook contactdat1_ on contacts0_.id=contactdat1_.id where contacts0_.group_id=?
Hibernate: select contacts0_.group_id as group_id2_0_0_, contacts0_.id as id1_0_0_, contactdat1_.id as id1_1_1_, contactdat1_.address as address2_1_1_, contactdat1_.bmonth as bmonth3_1_1_, contactdat1_.byear as byear4_1_1_, contactdat1_.email as email5_1_1_, contactdat1_.email2 as email6_1_1_, contactdat1_.email3 as email7_1_1_, contactdat1_.firstname as firstnam8_1_1_, contactdat1_.home as home9_1_1_, contactdat1_.lastname as lastnam10_1_1_, contactdat1_.middlename as middlen11_1_1_, contactdat1_.mobile as mobile12_1_1_, contactdat1_.photo as photo13_1_1_, contactdat1_.work as work14_1_1_ from address_in_groups contacts0_ inner join addressbook contactdat1_ on contacts0_.id=contactdat1_.id where contacts0_.group_id=?
Hibernate: select contacts0_.group_id as group_id2_0_0_, contacts0_.id as id1_0_0_, contactdat1_.id as id1_1_1_, contactdat1_.address as address2_1_1_, contactdat1_.bmonth as bmonth3_1_1_, contactdat1_.byear as byear4_1_1_, contactdat1_.email as email5_1_1_, contactdat1_.email2 as email6_1_1_, contactdat1_.email3 as email7_1_1_, contactdat1_.firstname as firstnam8_1_1_, contactdat1_.home as home9_1_1_, contactdat1_.lastname as lastnam10_1_1_, contactdat1_.middlename as middlen11_1_1_, contactdat1_.mobile as mobile12_1_1_, contactdat1_.photo as photo13_1_1_, contactdat1_.work as work14_1_1_ from address_in_groups contacts0_ inner join addressbook contactdat1_ on contacts0_.id=contactdat1_.id where contacts0_.group_id=?
Hibernate: select contacts0_.group_id as group_id2_0_0_, contacts0_.id as id1_0_0_, contactdat1_.id as id1_1_1_, contactdat1_.address as address2_1_1_, contactdat1_.bmonth as bmonth3_1_1_, contactdat1_.byear as byear4_1_1_, contactdat1_.email as email5_1_1_, contactdat1_.email2 as email6_1_1_, contactdat1_.email3 as email7_1_1_, contactdat1_.firstname as firstnam8_1_1_, contactdat1_.home as home9_1_1_, contactdat1_.lastname as lastnam10_1_1_, contactdat1_.middlename as middlen11_1_1_, contactdat1_.mobile as mobile12_1_1_, contactdat1_.photo as photo13_1_1_, contactdat1_.work as work14_1_1_ from address_in_groups contacts0_ inner join addressbook contactdat1_ on contacts0_.id=contactdat1_.id where contacts0_.group_id=?
Hibernate: select contacts0_.group_id as group_id2_0_0_, contacts0_.id as id1_0_0_, contactdat1_.id as id1_1_1_, contactdat1_.address as address2_1_1_, contactdat1_.bmonth as bmonth3_1_1_, contactdat1_.byear as byear4_1_1_, contactdat1_.email as email5_1_1_, contactdat1_.email2 as email6_1_1_, contactdat1_.email3 as email7_1_1_, contactdat1_.firstname as firstnam8_1_1_, contactdat1_.home as home9_1_1_, contactdat1_.lastname as lastnam10_1_1_, contactdat1_.middlename as middlen11_1_1_, contactdat1_.mobile as mobile12_1_1_, contactdat1_.photo as photo13_1_1_, contactdat1_.work as work14_1_1_ from address_in_groups contacts0_ inner join addressbook contactdat1_ on contacts0_.id=contactdat1_.id where contacts0_.group_id=?
Hibernate: select contacts0_.group_id as group_id2_0_0_, contacts0_.id as id1_0_0_, contactdat1_.id as id1_1_1_, contactdat1_.address as address2_1_1_, contactdat1_.bmonth as bmonth3_1_1_, contactdat1_.byear as byear4_1_1_, contactdat1_.email as email5_1_1_, contactdat1_.email2 as email6_1_1_, contactdat1_.email3 as email7_1_1_, contactdat1_.firstname as firstnam8_1_1_, contactdat1_.home as home9_1_1_, contactdat1_.lastname as lastnam10_1_1_, contactdat1_.middlename as middlen11_1_1_, contactdat1_.mobile as mobile12_1_1_, contactdat1_.photo as photo13_1_1_, contactdat1_.work as work14_1_1_ from address_in_groups contacts0_ inner join addressbook contactdat1_ on contacts0_.id=contactdat1_.id where contacts0_.group_id=?
Hibernate: select contacts0_.group_id as group_id2_0_0_, contacts0_.id as id1_0_0_, contactdat1_.id as id1_1_1_, contactdat1_.address as address2_1_1_, contactdat1_.bmonth as bmonth3_1_1_, contactdat1_.byear as byear4_1_1_, contactdat1_.email as email5_1_1_, contactdat1_.email2 as email6_1_1_, contactdat1_.email3 as email7_1_1_, contactdat1_.firstname as firstnam8_1_1_, contactdat1_.home as home9_1_1_, contactdat1_.lastname as lastnam10_1_1_, contactdat1_.middlename as middlen11_1_1_, contactdat1_.mobile as mobile12_1_1_, contactdat1_.photo as photo13_1_1_, contactdat1_.work as work14_1_1_ from address_in_groups contacts0_ inner join addressbook contactdat1_ on contacts0_.id=contactdat1_.id where contacts0_.group_id=?
Hibernate: select contacts0_.group_id as group_id2_0_0_, contacts0_.id as id1_0_0_, contactdat1_.id as id1_1_1_, contactdat1_.address as address2_1_1_, contactdat1_.bmonth as bmonth3_1_1_, contactdat1_.byear as byear4_1_1_, contactdat1_.email as email5_1_1_, contactdat1_.email2 as email6_1_1_, contactdat1_.email3 as email7_1_1_, contactdat1_.firstname as firstnam8_1_1_, contactdat1_.home as home9_1_1_, contactdat1_.lastname as lastnam10_1_1_, contactdat1_.middlename as middlen11_1_1_, contactdat1_.mobile as mobile12_1_1_, contactdat1_.photo as photo13_1_1_, contactdat1_.work as work14_1_1_ from address_in_groups contacts0_ inner join addressbook contactdat1_ on contacts0_.id=contactdat1_.id where contacts0_.group_id=?
Hibernate: select contacts0_.group_id as group_id2_0_0_, contacts0_.id as id1_0_0_, contactdat1_.id as id1_1_1_, contactdat1_.address as address2_1_1_, contactdat1_.bmonth as bmonth3_1_1_, contactdat1_.byear as byear4_1_1_, contactdat1_.email as email5_1_1_, contactdat1_.email2 as email6_1_1_, contactdat1_.email3 as email7_1_1_, contactdat1_.firstname as firstnam8_1_1_, contactdat1_.home as home9_1_1_, contactdat1_.lastname as lastnam10_1_1_, contactdat1_.middlename as middlen11_1_1_, contactdat1_.mobile as mobile12_1_1_, contactdat1_.photo as photo13_1_1_, contactdat1_.work as work14_1_1_ from address_in_groups contacts0_ inner join addressbook contactdat1_ on contacts0_.id=contactdat1_.id where contacts0_.group_id=?
Hibernate: select contacts0_.group_id as group_id2_0_0_, contacts0_.id as id1_0_0_, contactdat1_.id as id1_1_1_, contactdat1_.address as address2_1_1_, contactdat1_.bmonth as bmonth3_1_1_, contactdat1_.byear as byear4_1_1_, contactdat1_.email as email5_1_1_, contactdat1_.email2 as email6_1_1_, contactdat1_.email3 as email7_1_1_, contactdat1_.firstname as firstnam8_1_1_, contactdat1_.home as home9_1_1_, contactdat1_.lastname as lastnam10_1_1_, contactdat1_.middlename as middlen11_1_1_, contactdat1_.mobile as mobile12_1_1_, contactdat1_.photo as photo13_1_1_, contactdat1_.work as work14_1_1_ from address_in_groups contacts0_ inner join addressbook contactdat1_ on contacts0_.id=contactdat1_.id where contacts0_.group_id=?
Hibernate: select contacts0_.group_id as group_id2_0_0_, contacts0_.id as id1_0_0_, contactdat1_.id as id1_1_1_, contactdat1_.address as address2_1_1_, contactdat1_.bmonth as bmonth3_1_1_, contactdat1_.byear as byear4_1_1_, contactdat1_.email as email5_1_1_, contactdat1_.email2 as email6_1_1_, contactdat1_.email3 as email7_1_1_, contactdat1_.firstname as firstnam8_1_1_, contactdat1_.home as home9_1_1_, contactdat1_.lastname as lastnam10_1_1_, contactdat1_.middlename as middlen11_1_1_, contactdat1_.mobile as mobile12_1_1_, contactdat1_.photo as photo13_1_1_, contactdat1_.work as work14_1_1_ from address_in_groups contacts0_ inner join addressbook contactdat1_ on contacts0_.id=contactdat1_.id where contacts0_.group_id=?
Hibernate: select contacts0_.group_id as group_id2_0_0_, contacts0_.id as id1_0_0_, contactdat1_.id as id1_1_1_, contactdat1_.address as address2_1_1_, contactdat1_.bmonth as bmonth3_1_1_, contactdat1_.byear as byear4_1_1_, contactdat1_.email as email5_1_1_, contactdat1_.email2 as email6_1_1_, contactdat1_.email3 as email7_1_1_, contactdat1_.firstname as firstnam8_1_1_, contactdat1_.home as home9_1_1_, contactdat1_.lastname as lastnam10_1_1_, contactdat1_.middlename as middlen11_1_1_, contactdat1_.mobile as mobile12_1_1_, contactdat1_.photo as photo13_1_1_, contactdat1_.work as work14_1_1_ from address_in_groups contacts0_ inner join addressbook contactdat1_ on contacts0_.id=contactdat1_.id where contacts0_.group_id=?
Hibernate: select contacts0_.group_id as group_id2_0_0_, contacts0_.id as id1_0_0_, contactdat1_.id as id1_1_1_, contactdat1_.address as address2_1_1_, contactdat1_.bmonth as bmonth3_1_1_, contactdat1_.byear as byear4_1_1_, contactdat1_.email as email5_1_1_, contactdat1_.email2 as email6_1_1_, contactdat1_.email3 as email7_1_1_, contactdat1_.firstname as firstnam8_1_1_, contactdat1_.home as home9_1_1_, contactdat1_.lastname as lastnam10_1_1_, contactdat1_.middlename as middlen11_1_1_, contactdat1_.mobile as mobile12_1_1_, contactdat1_.photo as photo13_1_1_, contactdat1_.work as work14_1_1_ from address_in_groups contacts0_ inner join addressbook contactdat1_ on contacts0_.id=contactdat1_.id where contacts0_.group_id=?
Hibernate: select contacts0_.group_id as group_id2_0_0_, contacts0_.id as id1_0_0_, contactdat1_.id as id1_1_1_, contactdat1_.address as address2_1_1_, contactdat1_.bmonth as bmonth3_1_1_, contactdat1_.byear as byear4_1_1_, contactdat1_.email as email5_1_1_, contactdat1_.email2 as email6_1_1_, contactdat1_.email3 as email7_1_1_, contactdat1_.firstname as firstnam8_1_1_, contactdat1_.home as home9_1_1_, contactdat1_.lastname as lastnam10_1_1_, contactdat1_.middlename as middlen11_1_1_, contactdat1_.mobile as mobile12_1_1_, contactdat1_.photo as photo13_1_1_, contactdat1_.work as work14_1_1_ from address_in_groups contacts0_ inner join addressbook contactdat1_ on contacts0_.id=contactdat1_.id where contacts0_.group_id=?
Hibernate: select contacts0_.group_id as group_id2_0_0_, contacts0_.id as id1_0_0_, contactdat1_.id as id1_1_1_, contactdat1_.address as address2_1_1_, contactdat1_.bmonth as bmonth3_1_1_, contactdat1_.byear as byear4_1_1_, contactdat1_.email as email5_1_1_, contactdat1_.email2 as email6_1_1_, contactdat1_.email3 as email7_1_1_, contactdat1_.firstname as firstnam8_1_1_, contactdat1_.home as home9_1_1_, contactdat1_.lastname as lastnam10_1_1_, contactdat1_.middlename as middlen11_1_1_, contactdat1_.mobile as mobile12_1_1_, contactdat1_.photo as photo13_1_1_, contactdat1_.work as work14_1_1_ from address_in_groups contacts0_ inner join addressbook contactdat1_ on contacts0_.id=contactdat1_.id where contacts0_.group_id=?
Hibernate: select contacts0_.group_id as group_id2_0_0_, contacts0_.id as id1_0_0_, contactdat1_.id as id1_1_1_, contactdat1_.address as address2_1_1_, contactdat1_.bmonth as bmonth3_1_1_, contactdat1_.byear as byear4_1_1_, contactdat1_.email as email5_1_1_, contactdat1_.email2 as email6_1_1_, contactdat1_.email3 as email7_1_1_, contactdat1_.firstname as firstnam8_1_1_, contactdat1_.home as home9_1_1_, contactdat1_.lastname as lastnam10_1_1_, contactdat1_.middlename as middlen11_1_1_, contactdat1_.mobile as mobile12_1_1_, contactdat1_.photo as photo13_1_1_, contactdat1_.work as work14_1_1_ from address_in_groups contacts0_ inner join addressbook contactdat1_ on contacts0_.id=contactdat1_.id where contacts0_.group_id=?
Hibernate: select contacts0_.group_id as group_id2_0_0_, contacts0_.id as id1_0_0_, contactdat1_.id as id1_1_1_, contactdat1_.address as address2_1_1_, contactdat1_.bmonth as bmonth3_1_1_, contactdat1_.byear as byear4_1_1_, contactdat1_.email as email5_1_1_, contactdat1_.email2 as email6_1_1_, contactdat1_.email3 as email7_1_1_, contactdat1_.firstname as firstnam8_1_1_, contactdat1_.home as home9_1_1_, contactdat1_.lastname as lastnam10_1_1_, contactdat1_.middlename as middlen11_1_1_, contactdat1_.mobile as mobile12_1_1_, contactdat1_.photo as photo13_1_1_, contactdat1_.work as work14_1_1_ from address_in_groups contacts0_ inner join addressbook contactdat1_ on contacts0_.id=contactdat1_.id where contacts0_.group_id=?
Hibernate: select contacts0_.group_id as group_id2_0_0_, contacts0_.id as id1_0_0_, contactdat1_.id as id1_1_1_, contactdat1_.address as address2_1_1_, contactdat1_.bmonth as bmonth3_1_1_, contactdat1_.byear as byear4_1_1_, contactdat1_.email as email5_1_1_, contactdat1_.email2 as email6_1_1_, contactdat1_.email3 as email7_1_1_, contactdat1_.firstname as firstnam8_1_1_, contactdat1_.home as home9_1_1_, contactdat1_.lastname as lastnam10_1_1_, contactdat1_.middlename as middlen11_1_1_, contactdat1_.mobile as mobile12_1_1_, contactdat1_.photo as photo13_1_1_, contactdat1_.work as work14_1_1_ from address_in_groups contacts0_ inner join addressbook contactdat1_ on contacts0_.id=contactdat1_.id where contacts0_.group_id=?
22:10:42.011 [Test worker] INFO  r.s.pft.addressbook.tests.TestBase - End testtestGroupCreation
22:10:42.011 [Test worker] INFO  r.s.pft.addressbook.tests.TestBase - Start testtestGroupCreation with parameters [GroupData{id='0', name='test 1'}]
Hibernate: select groupdata0_.group_id as group_id1_2_, groupdata0_.group_footer as group_fo2_2_, groupdata0_.group_header as group_he3_2_, groupdata0_.group_name as group_na4_2_ from group_list groupdata0_
Hibernate: select contacts0_.group_id as group_id2_0_0_, contacts0_.id as id1_0_0_, contactdat1_.id as id1_1_1_, contactdat1_.address as address2_1_1_, contactdat1_.bmonth as bmonth3_1_1_, contactdat1_.byear as byear4_1_1_, contactdat1_.email as email5_1_1_, contactdat1_.email2 as email6_1_1_, contactdat1_.email3 as email7_1_1_, contactdat1_.firstname as firstnam8_1_1_, contactdat1_.home as home9_1_1_, contactdat1_.lastname as lastnam10_1_1_, contactdat1_.middlename as middlen11_1_1_, contactdat1_.mobile as mobile12_1_1_, contactdat1_.photo as photo13_1_1_, contactdat1_.work as work14_1_1_ from address_in_groups contacts0_ inner join addressbook contactdat1_ on contacts0_.id=contactdat1_.id where contacts0_.group_id=?
Hibernate: select contacts0_.group_id as group_id2_0_0_, contacts0_.id as id1_0_0_, contactdat1_.id as id1_1_1_, contactdat1_.address as address2_1_1_, contactdat1_.bmonth as bmonth3_1_1_, contactdat1_.byear as byear4_1_1_, contactdat1_.email as email5_1_1_, contactdat1_.email2 as email6_1_1_, contactdat1_.email3 as email7_1_1_, contactdat1_.firstname as firstnam8_1_1_, contactdat1_.home as home9_1_1_, contactdat1_.lastname as lastnam10_1_1_, contactdat1_.middlename as middlen11_1_1_, contactdat1_.mobile as mobile12_1_1_, contactdat1_.photo as photo13_1_1_, contactdat1_.work as work14_1_1_ from address_in_groups contacts0_ inner join addressbook contactdat1_ on contacts0_.id=contactdat1_.id where contacts0_.group_id=?
Hibernate: select contacts0_.group_id as group_id2_0_0_, contacts0_.id as id1_0_0_, contactdat1_.id as id1_1_1_, contactdat1_.address as address2_1_1_, contactdat1_.bmonth as bmonth3_1_1_, contactdat1_.byear as byear4_1_1_, contactdat1_.email as email5_1_1_, contactdat1_.email2 as email6_1_1_, contactdat1_.email3 as email7_1_1_, contactdat1_.firstname as firstnam8_1_1_, contactdat1_.home as home9_1_1_, contactdat1_.lastname as lastnam10_1_1_, contactdat1_.middlename as middlen11_1_1_, contactdat1_.mobile as mobile12_1_1_, contactdat1_.photo as photo13_1_1_, contactdat1_.work as work14_1_1_ from address_in_groups contacts0_ inner join addressbook contactdat1_ on contacts0_.id=contactdat1_.id where contacts0_.group_id=?
Hibernate: select contacts0_.group_id as group_id2_0_0_, contacts0_.id as id1_0_0_, contactdat1_.id as id1_1_1_, contactdat1_.address as address2_1_1_, contactdat1_.bmonth as bmonth3_1_1_, contactdat1_.byear as byear4_1_1_, contactdat1_.email as email5_1_1_, contactdat1_.email2 as email6_1_1_, contactdat1_.email3 as email7_1_1_, contactdat1_.firstname as firstnam8_1_1_, contactdat1_.home as home9_1_1_, contactdat1_.lastname as lastnam10_1_1_, contactdat1_.middlename as middlen11_1_1_, contactdat1_.mobile as mobile12_1_1_, contactdat1_.photo as photo13_1_1_, contactdat1_.work as work14_1_1_ from address_in_groups contacts0_ inner join addressbook contactdat1_ on contacts0_.id=contactdat1_.id where contacts0_.group_id=?
Hibernate: select contacts0_.group_id as group_id2_0_0_, contacts0_.id as id1_0_0_, contactdat1_.id as id1_1_1_, contactdat1_.address as address2_1_1_, contactdat1_.bmonth as bmonth3_1_1_, contactdat1_.byear as byear4_1_1_, contactdat1_.email as email5_1_1_, contactdat1_.email2 as email6_1_1_, contactdat1_.email3 as email7_1_1_, contactdat1_.firstname as firstnam8_1_1_, contactdat1_.home as home9_1_1_, contactdat1_.lastname as lastnam10_1_1_, contactdat1_.middlename as middlen11_1_1_, contactdat1_.mobile as mobile12_1_1_, contactdat1_.photo as photo13_1_1_, contactdat1_.work as work14_1_1_ from address_in_groups contacts0_ inner join addressbook contactdat1_ on contacts0_.id=contactdat1_.id where contacts0_.group_id=?
Hibernate: select contacts0_.group_id as group_id2_0_0_, contacts0_.id as id1_0_0_, contactdat1_.id as id1_1_1_, contactdat1_.address as address2_1_1_, contactdat1_.bmonth as bmonth3_1_1_, contactdat1_.byear as byear4_1_1_, contactdat1_.email as email5_1_1_, contactdat1_.email2 as email6_1_1_, contactdat1_.email3 as email7_1_1_, contactdat1_.firstname as firstnam8_1_1_, contactdat1_.home as home9_1_1_, contactdat1_.lastname as lastnam10_1_1_, contactdat1_.middlename as middlen11_1_1_, contactdat1_.mobile as mobile12_1_1_, contactdat1_.photo as photo13_1_1_, contactdat1_.work as work14_1_1_ from address_in_groups contacts0_ inner join addressbook contactdat1_ on contacts0_.id=contactdat1_.id where contacts0_.group_id=?
Hibernate: select contacts0_.group_id as group_id2_0_0_, contacts0_.id as id1_0_0_, contactdat1_.id as id1_1_1_, contactdat1_.address as address2_1_1_, contactdat1_.bmonth as bmonth3_1_1_, contactdat1_.byear as byear4_1_1_, contactdat1_.email as email5_1_1_, contactdat1_.email2 as email6_1_1_, contactdat1_.email3 as email7_1_1_, contactdat1_.firstname as firstnam8_1_1_, contactdat1_.home as home9_1_1_, contactdat1_.lastname as lastnam10_1_1_, contactdat1_.middlename as middlen11_1_1_, contactdat1_.mobile as mobile12_1_1_, contactdat1_.photo as photo13_1_1_, contactdat1_.work as work14_1_1_ from address_in_groups contacts0_ inner join addressbook contactdat1_ on contacts0_.id=contactdat1_.id where contacts0_.group_id=?
Hibernate: select contacts0_.group_id as group_id2_0_0_, contacts0_.id as id1_0_0_, contactdat1_.id as id1_1_1_, contactdat1_.address as address2_1_1_, contactdat1_.bmonth as bmonth3_1_1_, contactdat1_.byear as byear4_1_1_, contactdat1_.email as email5_1_1_, contactdat1_.email2 as email6_1_1_, contactdat1_.email3 as email7_1_1_, contactdat1_.firstname as firstnam8_1_1_, contactdat1_.home as home9_1_1_, contactdat1_.lastname as lastnam10_1_1_, contactdat1_.middlename as middlen11_1_1_, contactdat1_.mobile as mobile12_1_1_, contactdat1_.photo as photo13_1_1_, contactdat1_.work as work14_1_1_ from address_in_groups contacts0_ inner join addressbook contactdat1_ on contacts0_.id=contactdat1_.id where contacts0_.group_id=?
Hibernate: select contacts0_.group_id as group_id2_0_0_, contacts0_.id as id1_0_0_, contactdat1_.id as id1_1_1_, contactdat1_.address as address2_1_1_, contactdat1_.bmonth as bmonth3_1_1_, contactdat1_.byear as byear4_1_1_, contactdat1_.email as email5_1_1_, contactdat1_.email2 as email6_1_1_, contactdat1_.email3 as email7_1_1_, contactdat1_.firstname as firstnam8_1_1_, contactdat1_.home as home9_1_1_, contactdat1_.lastname as lastnam10_1_1_, contactdat1_.middlename as middlen11_1_1_, contactdat1_.mobile as mobile12_1_1_, contactdat1_.photo as photo13_1_1_, contactdat1_.work as work14_1_1_ from address_in_groups contacts0_ inner join addressbook contactdat1_ on contacts0_.id=contactdat1_.id where contacts0_.group_id=?
Hibernate: select contacts0_.group_id as group_id2_0_0_, contacts0_.id as id1_0_0_, contactdat1_.id as id1_1_1_, contactdat1_.address as address2_1_1_, contactdat1_.bmonth as bmonth3_1_1_, contactdat1_.byear as byear4_1_1_, contactdat1_.email as email5_1_1_, contactdat1_.email2 as email6_1_1_, contactdat1_.email3 as email7_1_1_, contactdat1_.firstname as firstnam8_1_1_, contactdat1_.home as home9_1_1_, contactdat1_.lastname as lastnam10_1_1_, contactdat1_.middlename as middlen11_1_1_, contactdat1_.mobile as mobile12_1_1_, contactdat1_.photo as photo13_1_1_, contactdat1_.work as work14_1_1_ from address_in_groups contacts0_ inner join addressbook contactdat1_ on contacts0_.id=contactdat1_.id where contacts0_.group_id=?
Hibernate: select contacts0_.group_id as group_id2_0_0_, contacts0_.id as id1_0_0_, contactdat1_.id as id1_1_1_, contactdat1_.address as address2_1_1_, contactdat1_.bmonth as bmonth3_1_1_, contactdat1_.byear as byear4_1_1_, contactdat1_.email as email5_1_1_, contactdat1_.email2 as email6_1_1_, contactdat1_.email3 as email7_1_1_, contactdat1_.firstname as firstnam8_1_1_, contactdat1_.home as home9_1_1_, contactdat1_.lastname as lastnam10_1_1_, contactdat1_.middlename as middlen11_1_1_, contactdat1_.mobile as mobile12_1_1_, contactdat1_.photo as photo13_1_1_, contactdat1_.work as work14_1_1_ from address_in_groups contacts0_ inner join addressbook contactdat1_ on contacts0_.id=contactdat1_.id where contacts0_.group_id=?
Hibernate: select contacts0_.group_id as group_id2_0_0_, contacts0_.id as id1_0_0_, contactdat1_.id as id1_1_1_, contactdat1_.address as address2_1_1_, contactdat1_.bmonth as bmonth3_1_1_, contactdat1_.byear as byear4_1_1_, contactdat1_.email as email5_1_1_, contactdat1_.email2 as email6_1_1_, contactdat1_.email3 as email7_1_1_, contactdat1_.firstname as firstnam8_1_1_, contactdat1_.home as home9_1_1_, contactdat1_.lastname as lastnam10_1_1_, contactdat1_.middlename as middlen11_1_1_, contactdat1_.mobile as mobile12_1_1_, contactdat1_.photo as photo13_1_1_, contactdat1_.work as work14_1_1_ from address_in_groups contacts0_ inner join addressbook contactdat1_ on contacts0_.id=contactdat1_.id where contacts0_.group_id=?
Hibernate: select contacts0_.group_id as group_id2_0_0_, contacts0_.id as id1_0_0_, contactdat1_.id as id1_1_1_, contactdat1_.address as address2_1_1_, contactdat1_.bmonth as bmonth3_1_1_, contactdat1_.byear as byear4_1_1_, contactdat1_.email as email5_1_1_, contactdat1_.email2 as email6_1_1_, contactdat1_.email3 as email7_1_1_, contactdat1_.firstname as firstnam8_1_1_, contactdat1_.home as home9_1_1_, contactdat1_.lastname as lastnam10_1_1_, contactdat1_.middlename as middlen11_1_1_, contactdat1_.mobile as mobile12_1_1_, contactdat1_.photo as photo13_1_1_, contactdat1_.work as work14_1_1_ from address_in_groups contacts0_ inner join addressbook contactdat1_ on contacts0_.id=contactdat1_.id where contacts0_.group_id=?
Hibernate: select contacts0_.group_id as group_id2_0_0_, contacts0_.id as id1_0_0_, contactdat1_.id as id1_1_1_, contactdat1_.address as address2_1_1_, contactdat1_.bmonth as bmonth3_1_1_, contactdat1_.byear as byear4_1_1_, contactdat1_.email as email5_1_1_, contactdat1_.email2 as email6_1_1_, contactdat1_.email3 as email7_1_1_, contactdat1_.firstname as firstnam8_1_1_, contactdat1_.home as home9_1_1_, contactdat1_.lastname as lastnam10_1_1_, contactdat1_.middlename as middlen11_1_1_, contactdat1_.mobile as mobile12_1_1_, contactdat1_.photo as photo13_1_1_, contactdat1_.work as work14_1_1_ from address_in_groups contacts0_ inner join addressbook contactdat1_ on contacts0_.id=contactdat1_.id where contacts0_.group_id=?
Hibernate: select contacts0_.group_id as group_id2_0_0_, contacts0_.id as id1_0_0_, contactdat1_.id as id1_1_1_, contactdat1_.address as address2_1_1_, contactdat1_.bmonth as bmonth3_1_1_, contactdat1_.byear as byear4_1_1_, contactdat1_.email as email5_1_1_, contactdat1_.email2 as email6_1_1_, contactdat1_.email3 as email7_1_1_, contactdat1_.firstname as firstnam8_1_1_, contactdat1_.home as home9_1_1_, contactdat1_.lastname as lastnam10_1_1_, contactdat1_.middlename as middlen11_1_1_, contactdat1_.mobile as mobile12_1_1_, contactdat1_.photo as photo13_1_1_, contactdat1_.work as work14_1_1_ from address_in_groups contacts0_ inner join addressbook contactdat1_ on contacts0_.id=contactdat1_.id where contacts0_.group_id=?
Hibernate: select contacts0_.group_id as group_id2_0_0_, contacts0_.id as id1_0_0_, contactdat1_.id as id1_1_1_, contactdat1_.address as address2_1_1_, contactdat1_.bmonth as bmonth3_1_1_, contactdat1_.byear as byear4_1_1_, contactdat1_.email as email5_1_1_, contactdat1_.email2 as email6_1_1_, contactdat1_.email3 as email7_1_1_, contactdat1_.firstname as firstnam8_1_1_, contactdat1_.home as home9_1_1_, contactdat1_.lastname as lastnam10_1_1_, contactdat1_.middlename as middlen11_1_1_, contactdat1_.mobile as mobile12_1_1_, contactdat1_.photo as photo13_1_1_, contactdat1_.work as work14_1_1_ from address_in_groups contacts0_ inner join addressbook contactdat1_ on contacts0_.id=contactdat1_.id where contacts0_.group_id=?
Hibernate: select contacts0_.group_id as group_id2_0_0_, contacts0_.id as id1_0_0_, contactdat1_.id as id1_1_1_, contactdat1_.address as address2_1_1_, contactdat1_.bmonth as bmonth3_1_1_, contactdat1_.byear as byear4_1_1_, contactdat1_.email as email5_1_1_, contactdat1_.email2 as email6_1_1_, contactdat1_.email3 as email7_1_1_, contactdat1_.firstname as firstnam8_1_1_, contactdat1_.home as home9_1_1_, contactdat1_.lastname as lastnam10_1_1_, contactdat1_.middlename as middlen11_1_1_, contactdat1_.mobile as mobile12_1_1_, contactdat1_.photo as photo13_1_1_, contactdat1_.work as work14_1_1_ from address_in_groups contacts0_ inner join addressbook contactdat1_ on contacts0_.id=contactdat1_.id where contacts0_.group_id=?
Hibernate: select contacts0_.group_id as group_id2_0_0_, contacts0_.id as id1_0_0_, contactdat1_.id as id1_1_1_, contactdat1_.address as address2_1_1_, contactdat1_.bmonth as bmonth3_1_1_, contactdat1_.byear as byear4_1_1_, contactdat1_.email as email5_1_1_, contactdat1_.email2 as email6_1_1_, contactdat1_.email3 as email7_1_1_, contactdat1_.firstname as firstnam8_1_1_, contactdat1_.home as home9_1_1_, contactdat1_.lastname as lastnam10_1_1_, contactdat1_.middlename as middlen11_1_1_, contactdat1_.mobile as mobile12_1_1_, contactdat1_.photo as photo13_1_1_, contactdat1_.work as work14_1_1_ from address_in_groups contacts0_ inner join addressbook contactdat1_ on contacts0_.id=contactdat1_.id where contacts0_.group_id=?
Hibernate: select contacts0_.group_id as group_id2_0_0_, contacts0_.id as id1_0_0_, contactdat1_.id as id1_1_1_, contactdat1_.address as address2_1_1_, contactdat1_.bmonth as bmonth3_1_1_, contactdat1_.byear as byear4_1_1_, contactdat1_.email as email5_1_1_, contactdat1_.email2 as email6_1_1_, contactdat1_.email3 as email7_1_1_, contactdat1_.firstname as firstnam8_1_1_, contactdat1_.home as home9_1_1_, contactdat1_.lastname as lastnam10_1_1_, contactdat1_.middlename as middlen11_1_1_, contactdat1_.mobile as mobile12_1_1_, contactdat1_.photo as photo13_1_1_, contactdat1_.work as work14_1_1_ from address_in_groups contacts0_ inner join addressbook contactdat1_ on contacts0_.id=contactdat1_.id where contacts0_.group_id=?
Hibernate: select contacts0_.group_id as group_id2_0_0_, contacts0_.id as id1_0_0_, contactdat1_.id as id1_1_1_, contactdat1_.address as address2_1_1_, contactdat1_.bmonth as bmonth3_1_1_, contactdat1_.byear as byear4_1_1_, contactdat1_.email as email5_1_1_, contactdat1_.email2 as email6_1_1_, contactdat1_.email3 as email7_1_1_, contactdat1_.firstname as firstnam8_1_1_, contactdat1_.home as home9_1_1_, contactdat1_.lastname as lastnam10_1_1_, contactdat1_.middlename as middlen11_1_1_, contactdat1_.mobile as mobile12_1_1_, contactdat1_.photo as photo13_1_1_, contactdat1_.work as work14_1_1_ from address_in_groups contacts0_ inner join addressbook contactdat1_ on contacts0_.id=contactdat1_.id where contacts0_.group_id=?
Hibernate: select contacts0_.group_id as group_id2_0_0_, contacts0_.id as id1_0_0_, contactdat1_.id as id1_1_1_, contactdat1_.address as address2_1_1_, contactdat1_.bmonth as bmonth3_1_1_, contactdat1_.byear as byear4_1_1_, contactdat1_.email as email5_1_1_, contactdat1_.email2 as email6_1_1_, contactdat1_.email3 as email7_1_1_, contactdat1_.firstname as firstnam8_1_1_, contactdat1_.home as home9_1_1_, contactdat1_.lastname as lastnam10_1_1_, contactdat1_.middlename as middlen11_1_1_, contactdat1_.mobile as mobile12_1_1_, contactdat1_.photo as photo13_1_1_, contactdat1_.work as work14_1_1_ from address_in_groups contacts0_ inner join addressbook contactdat1_ on contacts0_.id=contactdat1_.id where contacts0_.group_id=?
Hibernate: select contacts0_.group_id as group_id2_0_0_, contacts0_.id as id1_0_0_, contactdat1_.id as id1_1_1_, contactdat1_.address as address2_1_1_, contactdat1_.bmonth as bmonth3_1_1_, contactdat1_.byear as byear4_1_1_, contactdat1_.email as email5_1_1_, contactdat1_.email2 as email6_1_1_, contactdat1_.email3 as email7_1_1_, contactdat1_.firstname as firstnam8_1_1_, contactdat1_.home as home9_1_1_, contactdat1_.lastname as lastnam10_1_1_, contactdat1_.middlename as middlen11_1_1_, contactdat1_.mobile as mobile12_1_1_, contactdat1_.photo as photo13_1_1_, contactdat1_.work as work14_1_1_ from address_in_groups contacts0_ inner join addressbook contactdat1_ on contacts0_.id=contactdat1_.id where contacts0_.group_id=?
Hibernate: select contacts0_.group_id as group_id2_0_0_, contacts0_.id as id1_0_0_, contactdat1_.id as id1_1_1_, contactdat1_.address as address2_1_1_, contactdat1_.bmonth as bmonth3_1_1_, contactdat1_.byear as byear4_1_1_, contactdat1_.email as email5_1_1_, contactdat1_.email2 as email6_1_1_, contactdat1_.email3 as email7_1_1_, contactdat1_.firstname as firstnam8_1_1_, contactdat1_.home as home9_1_1_, contactdat1_.lastname as lastnam10_1_1_, contactdat1_.middlename as middlen11_1_1_, contactdat1_.mobile as mobile12_1_1_, contactdat1_.photo as photo13_1_1_, contactdat1_.work as work14_1_1_ from address_in_groups contacts0_ inner join addressbook contactdat1_ on contacts0_.id=contactdat1_.id where contacts0_.group_id=?
Hibernate: select contacts0_.group_id as group_id2_0_0_, contacts0_.id as id1_0_0_, contactdat1_.id as id1_1_1_, contactdat1_.address as address2_1_1_, contactdat1_.bmonth as bmonth3_1_1_, contactdat1_.byear as byear4_1_1_, contactdat1_.email as email5_1_1_, contactdat1_.email2 as email6_1_1_, contactdat1_.email3 as email7_1_1_, contactdat1_.firstname as firstnam8_1_1_, contactdat1_.home as home9_1_1_, contactdat1_.lastname as lastnam10_1_1_, contactdat1_.middlename as middlen11_1_1_, contactdat1_.mobile as mobile12_1_1_, contactdat1_.photo as photo13_1_1_, contactdat1_.work as work14_1_1_ from address_in_groups contacts0_ inner join addressbook contactdat1_ on contacts0_.id=contactdat1_.id where contacts0_.group_id=?
Hibernate: select contacts0_.group_id as group_id2_0_0_, contacts0_.id as id1_0_0_, contactdat1_.id as id1_1_1_, contactdat1_.address as address2_1_1_, contactdat1_.bmonth as bmonth3_1_1_, contactdat1_.byear as byear4_1_1_, contactdat1_.email as email5_1_1_, contactdat1_.email2 as email6_1_1_, contactdat1_.email3 as email7_1_1_, contactdat1_.firstname as firstnam8_1_1_, contactdat1_.home as home9_1_1_, contactdat1_.lastname as lastnam10_1_1_, contactdat1_.middlename as middlen11_1_1_, contactdat1_.mobile as mobile12_1_1_, contactdat1_.photo as photo13_1_1_, contactdat1_.work as work14_1_1_ from address_in_groups contacts0_ inner join addressbook contactdat1_ on contacts0_.id=contactdat1_.id where contacts0_.group_id=?
Hibernate: select contacts0_.group_id as group_id2_0_0_, contacts0_.id as id1_0_0_, contactdat1_.id as id1_1_1_, contactdat1_.address as address2_1_1_, contactdat1_.bmonth as bmonth3_1_1_, contactdat1_.byear as byear4_1_1_, contactdat1_.email as email5_1_1_, contactdat1_.email2 as email6_1_1_, contactdat1_.email3 as email7_1_1_, contactdat1_.firstname as firstnam8_1_1_, contactdat1_.home as home9_1_1_, contactdat1_.lastname as lastnam10_1_1_, contactdat1_.middlename as middlen11_1_1_, contactdat1_.mobile as mobile12_1_1_, contactdat1_.photo as photo13_1_1_, contactdat1_.work as work14_1_1_ from address_in_groups contacts0_ inner join addressbook contactdat1_ on contacts0_.id=contactdat1_.id where contacts0_.group_id=?
Hibernate: select contacts0_.group_id as group_id2_0_0_, contacts0_.id as id1_0_0_, contactdat1_.id as id1_1_1_, contactdat1_.address as address2_1_1_, contactdat1_.bmonth as bmonth3_1_1_, contactdat1_.byear as byear4_1_1_, contactdat1_.email as email5_1_1_, contactdat1_.email2 as email6_1_1_, contactdat1_.email3 as email7_1_1_, contactdat1_.firstname as firstnam8_1_1_, contactdat1_.home as home9_1_1_, contactdat1_.lastname as lastnam10_1_1_, contactdat1_.middlename as middlen11_1_1_, contactdat1_.mobile as mobile12_1_1_, contactdat1_.photo as photo13_1_1_, contactdat1_.work as work14_1_1_ from address_in_groups contacts0_ inner join addressbook contactdat1_ on contacts0_.id=contactdat1_.id where contacts0_.group_id=?
Hibernate: select contacts0_.group_id as group_id2_0_0_, contacts0_.id as id1_0_0_, contactdat1_.id as id1_1_1_, contactdat1_.address as address2_1_1_, contactdat1_.bmonth as bmonth3_1_1_, contactdat1_.byear as byear4_1_1_, contactdat1_.email as email5_1_1_, contactdat1_.email2 as email6_1_1_, contactdat1_.email3 as email7_1_1_, contactdat1_.firstname as firstnam8_1_1_, contactdat1_.home as home9_1_1_, contactdat1_.lastname as lastnam10_1_1_, contactdat1_.middlename as middlen11_1_1_, contactdat1_.mobile as mobile12_1_1_, contactdat1_.photo as photo13_1_1_, contactdat1_.work as work14_1_1_ from address_in_groups contacts0_ inner join addressbook contactdat1_ on contacts0_.id=contactdat1_.id where contacts0_.group_id=?
Hibernate: select contacts0_.group_id as group_id2_0_0_, contacts0_.id as id1_0_0_, contactdat1_.id as id1_1_1_, contactdat1_.address as address2_1_1_, contactdat1_.bmonth as bmonth3_1_1_, contactdat1_.byear as byear4_1_1_, contactdat1_.email as email5_1_1_, contactdat1_.email2 as email6_1_1_, contactdat1_.email3 as email7_1_1_, contactdat1_.firstname as firstnam8_1_1_, contactdat1_.home as home9_1_1_, contactdat1_.lastname as lastnam10_1_1_, contactdat1_.middlename as middlen11_1_1_, contactdat1_.mobile as mobile12_1_1_, contactdat1_.photo as photo13_1_1_, contactdat1_.work as work14_1_1_ from address_in_groups contacts0_ inner join addressbook contactdat1_ on contacts0_.id=contactdat1_.id where contacts0_.group_id=?
Hibernate: select contacts0_.group_id as group_id2_0_0_, contacts0_.id as id1_0_0_, contactdat1_.id as id1_1_1_, contactdat1_.address as address2_1_1_, contactdat1_.bmonth as bmonth3_1_1_, contactdat1_.byear as byear4_1_1_, contactdat1_.email as email5_1_1_, contactdat1_.email2 as email6_1_1_, contactdat1_.email3 as email7_1_1_, contactdat1_.firstname as firstnam8_1_1_, contactdat1_.home as home9_1_1_, contactdat1_.lastname as lastnam10_1_1_, contactdat1_.middlename as middlen11_1_1_, contactdat1_.mobile as mobile12_1_1_, contactdat1_.photo as photo13_1_1_, contactdat1_.work as work14_1_1_ from address_in_groups contacts0_ inner join addressbook contactdat1_ on contacts0_.id=contactdat1_.id where contacts0_.group_id=?
Hibernate: select contacts0_.group_id as group_id2_0_0_, contacts0_.id as id1_0_0_, contactdat1_.id as id1_1_1_, contactdat1_.address as address2_1_1_, contactdat1_.bmonth as bmonth3_1_1_, contactdat1_.byear as byear4_1_1_, contactdat1_.email as email5_1_1_, contactdat1_.email2 as email6_1_1_, contactdat1_.email3 as email7_1_1_, contactdat1_.firstname as firstnam8_1_1_, contactdat1_.home as home9_1_1_, contactdat1_.lastname as lastnam10_1_1_, contactdat1_.middlename as middlen11_1_1_, contactdat1_.mobile as mobile12_1_1_, contactdat1_.photo as photo13_1_1_, contactdat1_.work as work14_1_1_ from address_in_groups contacts0_ inner join addressbook contactdat1_ on contacts0_.id=contactdat1_.id where contacts0_.group_id=?
Hibernate: select contacts0_.group_id as group_id2_0_0_, contacts0_.id as id1_0_0_, contactdat1_.id as id1_1_1_, contactdat1_.address as address2_1_1_, contactdat1_.bmonth as bmonth3_1_1_, contactdat1_.byear as byear4_1_1_, contactdat1_.email as email5_1_1_, contactdat1_.email2 as email6_1_1_, contactdat1_.email3 as email7_1_1_, contactdat1_.firstname as firstnam8_1_1_, contactdat1_.home as home9_1_1_, contactdat1_.lastname as lastnam10_1_1_, contactdat1_.middlename as middlen11_1_1_, contactdat1_.mobile as mobile12_1_1_, contactdat1_.photo as photo13_1_1_, contactdat1_.work as work14_1_1_ from address_in_groups contacts0_ inner join addressbook contactdat1_ on contacts0_.id=contactdat1_.id where contacts0_.group_id=?
Hibernate: select contacts0_.group_id as group_id2_0_0_, contacts0_.id as id1_0_0_, contactdat1_.id as id1_1_1_, contactdat1_.address as address2_1_1_, contactdat1_.bmonth as bmonth3_1_1_, contactdat1_.byear as byear4_1_1_, contactdat1_.email as email5_1_1_, contactdat1_.email2 as email6_1_1_, contactdat1_.email3 as email7_1_1_, contactdat1_.firstname as firstnam8_1_1_, contactdat1_.home as home9_1_1_, contactdat1_.lastname as lastnam10_1_1_, contactdat1_.middlename as middlen11_1_1_, contactdat1_.mobile as mobile12_1_1_, contactdat1_.photo as photo13_1_1_, contactdat1_.work as work14_1_1_ from address_in_groups contacts0_ inner join addressbook contactdat1_ on contacts0_.id=contactdat1_.id where contacts0_.group_id=?
Hibernate: select contacts0_.group_id as group_id2_0_0_, contacts0_.id as id1_0_0_, contactdat1_.id as id1_1_1_, contactdat1_.address as address2_1_1_, contactdat1_.bmonth as bmonth3_1_1_, contactdat1_.byear as byear4_1_1_, contactdat1_.email as email5_1_1_, contactdat1_.email2 as email6_1_1_, contactdat1_.email3 as email7_1_1_, contactdat1_.firstname as firstnam8_1_1_, contactdat1_.home as home9_1_1_, contactdat1_.lastname as lastnam10_1_1_, contactdat1_.middlename as middlen11_1_1_, contactdat1_.mobile as mobile12_1_1_, contactdat1_.photo as photo13_1_1_, contactdat1_.work as work14_1_1_ from address_in_groups contacts0_ inner join addressbook contactdat1_ on contacts0_.id=contactdat1_.id where contacts0_.group_id=?
Hibernate: select contacts0_.group_id as group_id2_0_0_, contacts0_.id as id1_0_0_, contactdat1_.id as id1_1_1_, contactdat1_.address as address2_1_1_, contactdat1_.bmonth as bmonth3_1_1_, contactdat1_.byear as byear4_1_1_, contactdat1_.email as email5_1_1_, contactdat1_.email2 as email6_1_1_, contactdat1_.email3 as email7_1_1_, contactdat1_.firstname as firstnam8_1_1_, contactdat1_.home as home9_1_1_, contactdat1_.lastname as lastnam10_1_1_, contactdat1_.middlename as middlen11_1_1_, contactdat1_.mobile as mobile12_1_1_, contactdat1_.photo as photo13_1_1_, contactdat1_.work as work14_1_1_ from address_in_groups contacts0_ inner join addressbook contactdat1_ on contacts0_.id=contactdat1_.id where contacts0_.group_id=?
Hibernate: select contacts0_.group_id as group_id2_0_0_, contacts0_.id as id1_0_0_, contactdat1_.id as id1_1_1_, contactdat1_.address as address2_1_1_, contactdat1_.bmonth as bmonth3_1_1_, contactdat1_.byear as byear4_1_1_, contactdat1_.email as email5_1_1_, contactdat1_.email2 as email6_1_1_, contactdat1_.email3 as email7_1_1_, contactdat1_.firstname as firstnam8_1_1_, contactdat1_.home as home9_1_1_, contactdat1_.lastname as lastnam10_1_1_, contactdat1_.middlename as middlen11_1_1_, contactdat1_.mobile as mobile12_1_1_, contactdat1_.photo as photo13_1_1_, contactdat1_.work as work14_1_1_ from address_in_groups contacts0_ inner join addressbook contactdat1_ on contacts0_.id=contactdat1_.id where contacts0_.group_id=?
Hibernate: select contacts0_.group_id as group_id2_0_0_, contacts0_.id as id1_0_0_, contactdat1_.id as id1_1_1_, contactdat1_.address as address2_1_1_, contactdat1_.bmonth as bmonth3_1_1_, contactdat1_.byear as byear4_1_1_, contactdat1_.email as email5_1_1_, contactdat1_.email2 as email6_1_1_, contactdat1_.email3 as email7_1_1_, contactdat1_.firstname as firstnam8_1_1_, contactdat1_.home as home9_1_1_, contactdat1_.lastname as lastnam10_1_1_, contactdat1_.middlename as middlen11_1_1_, contactdat1_.mobile as mobile12_1_1_, contactdat1_.photo as photo13_1_1_, contactdat1_.work as work14_1_1_ from address_in_groups contacts0_ inner join addressbook contactdat1_ on contacts0_.id=contactdat1_.id where contacts0_.group_id=?
Hibernate: select contacts0_.group_id as group_id2_0_0_, contacts0_.id as id1_0_0_, contactdat1_.id as id1_1_1_, contactdat1_.address as address2_1_1_, contactdat1_.bmonth as bmonth3_1_1_, contactdat1_.byear as byear4_1_1_, contactdat1_.email as email5_1_1_, contactdat1_.email2 as email6_1_1_, contactdat1_.email3 as email7_1_1_, contactdat1_.firstname as firstnam8_1_1_, contactdat1_.home as home9_1_1_, contactdat1_.lastname as lastnam10_1_1_, contactdat1_.middlename as middlen11_1_1_, contactdat1_.mobile as mobile12_1_1_, contactdat1_.photo as photo13_1_1_, contactdat1_.work as work14_1_1_ from address_in_groups contacts0_ inner join addressbook contactdat1_ on contacts0_.id=contactdat1_.id where contacts0_.group_id=?
Hibernate: select contacts0_.group_id as group_id2_0_0_, contacts0_.id as id1_0_0_, contactdat1_.id as id1_1_1_, contactdat1_.address as address2_1_1_, contactdat1_.bmonth as bmonth3_1_1_, contactdat1_.byear as byear4_1_1_, contactdat1_.email as email5_1_1_, contactdat1_.email2 as email6_1_1_, contactdat1_.email3 as email7_1_1_, contactdat1_.firstname as firstnam8_1_1_, contactdat1_.home as home9_1_1_, contactdat1_.lastname as lastnam10_1_1_, contactdat1_.middlename as middlen11_1_1_, contactdat1_.mobile as mobile12_1_1_, contactdat1_.photo as photo13_1_1_, contactdat1_.work as work14_1_1_ from address_in_groups contacts0_ inner join addressbook contactdat1_ on contacts0_.id=contactdat1_.id where contacts0_.group_id=?
Hibernate: select contacts0_.group_id as group_id2_0_0_, contacts0_.id as id1_0_0_, contactdat1_.id as id1_1_1_, contactdat1_.address as address2_1_1_, contactdat1_.bmonth as bmonth3_1_1_, contactdat1_.byear as byear4_1_1_, contactdat1_.email as email5_1_1_, contactdat1_.email2 as email6_1_1_, contactdat1_.email3 as email7_1_1_, contactdat1_.firstname as firstnam8_1_1_, contactdat1_.home as home9_1_1_, contactdat1_.lastname as lastnam10_1_1_, contactdat1_.middlename as middlen11_1_1_, contactdat1_.mobile as mobile12_1_1_, contactdat1_.photo as photo13_1_1_, contactdat1_.work as work14_1_1_ from address_in_groups contacts0_ inner join addressbook contactdat1_ on contacts0_.id=contactdat1_.id where contacts0_.group_id=?
Hibernate: select contacts0_.group_id as group_id2_0_0_, contacts0_.id as id1_0_0_, contactdat1_.id as id1_1_1_, contactdat1_.address as address2_1_1_, contactdat1_.bmonth as bmonth3_1_1_, contactdat1_.byear as byear4_1_1_, contactdat1_.email as email5_1_1_, contactdat1_.email2 as email6_1_1_, contactdat1_.email3 as email7_1_1_, contactdat1_.firstname as firstnam8_1_1_, contactdat1_.home as home9_1_1_, contactdat1_.lastname as lastnam10_1_1_, contactdat1_.middlename as middlen11_1_1_, contactdat1_.mobile as mobile12_1_1_, contactdat1_.photo as photo13_1_1_, contactdat1_.work as work14_1_1_ from address_in_groups contacts0_ inner join addressbook contactdat1_ on contacts0_.id=contactdat1_.id where contacts0_.group_id=?
Hibernate: select contacts0_.group_id as group_id2_0_0_, contacts0_.id as id1_0_0_, contactdat1_.id as id1_1_1_, contactdat1_.address as address2_1_1_, contactdat1_.bmonth as bmonth3_1_1_, contactdat1_.byear as byear4_1_1_, contactdat1_.email as email5_1_1_, contactdat1_.email2 as email6_1_1_, contactdat1_.email3 as email7_1_1_, contactdat1_.firstname as firstnam8_1_1_, contactdat1_.home as home9_1_1_, contactdat1_.lastname as lastnam10_1_1_, contactdat1_.middlename as middlen11_1_1_, contactdat1_.mobile as mobile12_1_1_, contactdat1_.photo as photo13_1_1_, contactdat1_.work as work14_1_1_ from address_in_groups contacts0_ inner join addressbook contactdat1_ on contacts0_.id=contactdat1_.id where contacts0_.group_id=?
Hibernate: select contacts0_.group_id as group_id2_0_0_, contacts0_.id as id1_0_0_, contactdat1_.id as id1_1_1_, contactdat1_.address as address2_1_1_, contactdat1_.bmonth as bmonth3_1_1_, contactdat1_.byear as byear4_1_1_, contactdat1_.email as email5_1_1_, contactdat1_.email2 as email6_1_1_, contactdat1_.email3 as email7_1_1_, contactdat1_.firstname as firstnam8_1_1_, contactdat1_.home as home9_1_1_, contactdat1_.lastname as lastnam10_1_1_, contactdat1_.middlename as middlen11_1_1_, contactdat1_.mobile as mobile12_1_1_, contactdat1_.photo as photo13_1_1_, contactdat1_.work as work14_1_1_ from address_in_groups contacts0_ inner join addressbook contactdat1_ on contacts0_.id=contactdat1_.id where contacts0_.group_id=?
Hibernate: select contacts0_.group_id as group_id2_0_0_, contacts0_.id as id1_0_0_, contactdat1_.id as id1_1_1_, contactdat1_.address as address2_1_1_, contactdat1_.bmonth as bmonth3_1_1_, contactdat1_.byear as byear4_1_1_, contactdat1_.email as email5_1_1_, contactdat1_.email2 as email6_1_1_, contactdat1_.email3 as email7_1_1_, contactdat1_.firstname as firstnam8_1_1_, contactdat1_.home as home9_1_1_, contactdat1_.lastname as lastnam10_1_1_, contactdat1_.middlename as middlen11_1_1_, contactdat1_.mobile as mobile12_1_1_, contactdat1_.photo as photo13_1_1_, contactdat1_.work as work14_1_1_ from address_in_groups contacts0_ inner join addressbook contactdat1_ on contacts0_.id=contactdat1_.id where contacts0_.group_id=?
Hibernate: select contacts0_.group_id as group_id2_0_0_, contacts0_.id as id1_0_0_, contactdat1_.id as id1_1_1_, contactdat1_.address as address2_1_1_, contactdat1_.bmonth as bmonth3_1_1_, contactdat1_.byear as byear4_1_1_, contactdat1_.email as email5_1_1_, contactdat1_.email2 as email6_1_1_, contactdat1_.email3 as email7_1_1_, contactdat1_.firstname as firstnam8_1_1_, contactdat1_.home as home9_1_1_, contactdat1_.lastname as lastnam10_1_1_, contactdat1_.middlename as middlen11_1_1_, contactdat1_.mobile as mobile12_1_1_, contactdat1_.photo as photo13_1_1_, contactdat1_.work as work14_1_1_ from address_in_groups contacts0_ inner join addressbook contactdat1_ on contacts0_.id=contactdat1_.id where contacts0_.group_id=?
Hibernate: select contacts0_.group_id as group_id2_0_0_, contacts0_.id as id1_0_0_, contactdat1_.id as id1_1_1_, contactdat1_.address as address2_1_1_, contactdat1_.bmonth as bmonth3_1_1_, contactdat1_.byear as byear4_1_1_, contactdat1_.email as email5_1_1_, contactdat1_.email2 as email6_1_1_, contactdat1_.email3 as email7_1_1_, contactdat1_.firstname as firstnam8_1_1_, contactdat1_.home as home9_1_1_, contactdat1_.lastname as lastnam10_1_1_, contactdat1_.middlename as middlen11_1_1_, contactdat1_.mobile as mobile12_1_1_, contactdat1_.photo as photo13_1_1_, contactdat1_.work as work14_1_1_ from address_in_groups contacts0_ inner join addressbook contactdat1_ on contacts0_.id=contactdat1_.id where contacts0_.group_id=?
Hibernate: select contacts0_.group_id as group_id2_0_0_, contacts0_.id as id1_0_0_, contactdat1_.id as id1_1_1_, contactdat1_.address as address2_1_1_, contactdat1_.bmonth as bmonth3_1_1_, contactdat1_.byear as byear4_1_1_, contactdat1_.email as email5_1_1_, contactdat1_.email2 as email6_1_1_, contactdat1_.email3 as email7_1_1_, contactdat1_.firstname as firstnam8_1_1_, contactdat1_.home as home9_1_1_, contactdat1_.lastname as lastnam10_1_1_, contactdat1_.middlename as middlen11_1_1_, contactdat1_.mobile as mobile12_1_1_, contactdat1_.photo as photo13_1_1_, contactdat1_.work as work14_1_1_ from address_in_groups contacts0_ inner join addressbook contactdat1_ on contacts0_.id=contactdat1_.id where contacts0_.group_id=?
Hibernate: select contacts0_.group_id as group_id2_0_0_, contacts0_.id as id1_0_0_, contactdat1_.id as id1_1_1_, contactdat1_.address as address2_1_1_, contactdat1_.bmonth as bmonth3_1_1_, contactdat1_.byear as byear4_1_1_, contactdat1_.email as email5_1_1_, contactdat1_.email2 as email6_1_1_, contactdat1_.email3 as email7_1_1_, contactdat1_.firstname as firstnam8_1_1_, contactdat1_.home as home9_1_1_, contactdat1_.lastname as lastnam10_1_1_, contactdat1_.middlename as middlen11_1_1_, contactdat1_.mobile as mobile12_1_1_, contactdat1_.photo as photo13_1_1_, contactdat1_.work as work14_1_1_ from address_in_groups contacts0_ inner join addressbook contactdat1_ on contacts0_.id=contactdat1_.id where contacts0_.group_id=?
Hibernate: select contacts0_.group_id as group_id2_0_0_, contacts0_.id as id1_0_0_, contactdat1_.id as id1_1_1_, contactdat1_.address as address2_1_1_, contactdat1_.bmonth as bmonth3_1_1_, contactdat1_.byear as byear4_1_1_, contactdat1_.email as email5_1_1_, contactdat1_.email2 as email6_1_1_, contactdat1_.email3 as email7_1_1_, contactdat1_.firstname as firstnam8_1_1_, contactdat1_.home as home9_1_1_, contactdat1_.lastname as lastnam10_1_1_, contactdat1_.middlename as middlen11_1_1_, contactdat1_.mobile as mobile12_1_1_, contactdat1_.photo as photo13_1_1_, contactdat1_.work as work14_1_1_ from address_in_groups contacts0_ inner join addressbook contactdat1_ on contacts0_.id=contactdat1_.id where contacts0_.group_id=?
Hibernate: select contacts0_.group_id as group_id2_0_0_, contacts0_.id as id1_0_0_, contactdat1_.id as id1_1_1_, contactdat1_.address as address2_1_1_, contactdat1_.bmonth as bmonth3_1_1_, contactdat1_.byear as byear4_1_1_, contactdat1_.email as email5_1_1_, contactdat1_.email2 as email6_1_1_, contactdat1_.email3 as email7_1_1_, contactdat1_.firstname as firstnam8_1_1_, contactdat1_.home as home9_1_1_, contactdat1_.lastname as lastnam10_1_1_, contactdat1_.middlename as middlen11_1_1_, contactdat1_.mobile as mobile12_1_1_, contactdat1_.photo as photo13_1_1_, contactdat1_.work as work14_1_1_ from address_in_groups contacts0_ inner join addressbook contactdat1_ on contacts0_.id=contactdat1_.id where contacts0_.group_id=?
Hibernate: select contacts0_.group_id as group_id2_0_0_, contacts0_.id as id1_0_0_, contactdat1_.id as id1_1_1_, contactdat1_.address as address2_1_1_, contactdat1_.bmonth as bmonth3_1_1_, contactdat1_.byear as byear4_1_1_, contactdat1_.email as email5_1_1_, contactdat1_.email2 as email6_1_1_, contactdat1_.email3 as email7_1_1_, contactdat1_.firstname as firstnam8_1_1_, contactdat1_.home as home9_1_1_, contactdat1_.lastname as lastnam10_1_1_, contactdat1_.middlename as middlen11_1_1_, contactdat1_.mobile as mobile12_1_1_, contactdat1_.photo as photo13_1_1_, contactdat1_.work as work14_1_1_ from address_in_groups contacts0_ inner join addressbook contactdat1_ on contacts0_.id=contactdat1_.id where contacts0_.group_id=?
Hibernate: select contacts0_.group_id as group_id2_0_0_, contacts0_.id as id1_0_0_, contactdat1_.id as id1_1_1_, contactdat1_.address as address2_1_1_, contactdat1_.bmonth as bmonth3_1_1_, contactdat1_.byear as byear4_1_1_, contactdat1_.email as email5_1_1_, contactdat1_.email2 as email6_1_1_, contactdat1_.email3 as email7_1_1_, contactdat1_.firstname as firstnam8_1_1_, contactdat1_.home as home9_1_1_, contactdat1_.lastname as lastnam10_1_1_, contactdat1_.middlename as middlen11_1_1_, contactdat1_.mobile as mobile12_1_1_, contactdat1_.photo as photo13_1_1_, contactdat1_.work as work14_1_1_ from address_in_groups contacts0_ inner join addressbook contactdat1_ on contacts0_.id=contactdat1_.id where contacts0_.group_id=?
Hibernate: select contacts0_.group_id as group_id2_0_0_, contacts0_.id as id1_0_0_, contactdat1_.id as id1_1_1_, contactdat1_.address as address2_1_1_, contactdat1_.bmonth as bmonth3_1_1_, contactdat1_.byear as byear4_1_1_, contactdat1_.email as email5_1_1_, contactdat1_.email2 as email6_1_1_, contactdat1_.email3 as email7_1_1_, contactdat1_.firstname as firstnam8_1_1_, contactdat1_.home as home9_1_1_, contactdat1_.lastname as lastnam10_1_1_, contactdat1_.middlename as middlen11_1_1_, contactdat1_.mobile as mobile12_1_1_, contactdat1_.photo as photo13_1_1_, contactdat1_.work as work14_1_1_ from address_in_groups contacts0_ inner join addressbook contactdat1_ on contacts0_.id=contactdat1_.id where contacts0_.group_id=?
Hibernate: select contacts0_.group_id as group_id2_0_0_, contacts0_.id as id1_0_0_, contactdat1_.id as id1_1_1_, contactdat1_.address as address2_1_1_, contactdat1_.bmonth as bmonth3_1_1_, contactdat1_.byear as byear4_1_1_, contactdat1_.email as email5_1_1_, contactdat1_.email2 as email6_1_1_, contactdat1_.email3 as email7_1_1_, contactdat1_.firstname as firstnam8_1_1_, contactdat1_.home as home9_1_1_, contactdat1_.lastname as lastnam10_1_1_, contactdat1_.middlename as middlen11_1_1_, contactdat1_.mobile as mobile12_1_1_, contactdat1_.photo as photo13_1_1_, contactdat1_.work as work14_1_1_ from address_in_groups contacts0_ inner join addressbook contactdat1_ on contacts0_.id=contactdat1_.id where contacts0_.group_id=?
Hibernate: select contacts0_.group_id as group_id2_0_0_, contacts0_.id as id1_0_0_, contactdat1_.id as id1_1_1_, contactdat1_.address as address2_1_1_, contactdat1_.bmonth as bmonth3_1_1_, contactdat1_.byear as byear4_1_1_, contactdat1_.email as email5_1_1_, contactdat1_.email2 as email6_1_1_, contactdat1_.email3 as email7_1_1_, contactdat1_.firstname as firstnam8_1_1_, contactdat1_.home as home9_1_1_, contactdat1_.lastname as lastnam10_1_1_, contactdat1_.middlename as middlen11_1_1_, contactdat1_.mobile as mobile12_1_1_, contactdat1_.photo as photo13_1_1_, contactdat1_.work as work14_1_1_ from address_in_groups contacts0_ inner join addressbook contactdat1_ on contacts0_.id=contactdat1_.id where contacts0_.group_id=?
Hibernate: select contacts0_.group_id as group_id2_0_0_, contacts0_.id as id1_0_0_, contactdat1_.id as id1_1_1_, contactdat1_.address as address2_1_1_, contactdat1_.bmonth as bmonth3_1_1_, contactdat1_.byear as byear4_1_1_, contactdat1_.email as email5_1_1_, contactdat1_.email2 as email6_1_1_, contactdat1_.email3 as email7_1_1_, contactdat1_.firstname as firstnam8_1_1_, contactdat1_.home as home9_1_1_, contactdat1_.lastname as lastnam10_1_1_, contactdat1_.middlename as middlen11_1_1_, contactdat1_.mobile as mobile12_1_1_, contactdat1_.photo as photo13_1_1_, contactdat1_.work as work14_1_1_ from address_in_groups contacts0_ inner join addressbook contactdat1_ on contacts0_.id=contactdat1_.id where contacts0_.group_id=?
Hibernate: select contacts0_.group_id as group_id2_0_0_, contacts0_.id as id1_0_0_, contactdat1_.id as id1_1_1_, contactdat1_.address as address2_1_1_, contactdat1_.bmonth as bmonth3_1_1_, contactdat1_.byear as byear4_1_1_, contactdat1_.email as email5_1_1_, contactdat1_.email2 as email6_1_1_, contactdat1_.email3 as email7_1_1_, contactdat1_.firstname as firstnam8_1_1_, contactdat1_.home as home9_1_1_, contactdat1_.lastname as lastnam10_1_1_, contactdat1_.middlename as middlen11_1_1_, contactdat1_.mobile as mobile12_1_1_, contactdat1_.photo as photo13_1_1_, contactdat1_.work as work14_1_1_ from address_in_groups contacts0_ inner join addressbook contactdat1_ on contacts0_.id=contactdat1_.id where contacts0_.group_id=?
Hibernate: select contacts0_.group_id as group_id2_0_0_, contacts0_.id as id1_0_0_, contactdat1_.id as id1_1_1_, contactdat1_.address as address2_1_1_, contactdat1_.bmonth as bmonth3_1_1_, contactdat1_.byear as byear4_1_1_, contactdat1_.email as email5_1_1_, contactdat1_.email2 as email6_1_1_, contactdat1_.email3 as email7_1_1_, contactdat1_.firstname as firstnam8_1_1_, contactdat1_.home as home9_1_1_, contactdat1_.lastname as lastnam10_1_1_, contactdat1_.middlename as middlen11_1_1_, contactdat1_.mobile as mobile12_1_1_, contactdat1_.photo as photo13_1_1_, contactdat1_.work as work14_1_1_ from address_in_groups contacts0_ inner join addressbook contactdat1_ on contacts0_.id=contactdat1_.id where contacts0_.group_id=?
Hibernate: select contacts0_.group_id as group_id2_0_0_, contacts0_.id as id1_0_0_, contactdat1_.id as id1_1_1_, contactdat1_.address as address2_1_1_, contactdat1_.bmonth as bmonth3_1_1_, contactdat1_.byear as byear4_1_1_, contactdat1_.email as email5_1_1_, contactdat1_.email2 as email6_1_1_, contactdat1_.email3 as email7_1_1_, contactdat1_.firstname as firstnam8_1_1_, contactdat1_.home as home9_1_1_, contactdat1_.lastname as lastnam10_1_1_, contactdat1_.middlename as middlen11_1_1_, contactdat1_.mobile as mobile12_1_1_, contactdat1_.photo as photo13_1_1_, contactdat1_.work as work14_1_1_ from address_in_groups contacts0_ inner join addressbook contactdat1_ on contacts0_.id=contactdat1_.id where contacts0_.group_id=?
Hibernate: select contacts0_.group_id as group_id2_0_0_, contacts0_.id as id1_0_0_, contactdat1_.id as id1_1_1_, contactdat1_.address as address2_1_1_, contactdat1_.bmonth as bmonth3_1_1_, contactdat1_.byear as byear4_1_1_, contactdat1_.email as email5_1_1_, contactdat1_.email2 as email6_1_1_, contactdat1_.email3 as email7_1_1_, contactdat1_.firstname as firstnam8_1_1_, contactdat1_.home as home9_1_1_, contactdat1_.lastname as lastnam10_1_1_, contactdat1_.middlename as middlen11_1_1_, contactdat1_.mobile as mobile12_1_1_, contactdat1_.photo as photo13_1_1_, contactdat1_.work as work14_1_1_ from address_in_groups contacts0_ inner join addressbook contactdat1_ on contacts0_.id=contactdat1_.id where contacts0_.group_id=?
Hibernate: select contacts0_.group_id as group_id2_0_0_, contacts0_.id as id1_0_0_, contactdat1_.id as id1_1_1_, contactdat1_.address as address2_1_1_, contactdat1_.bmonth as bmonth3_1_1_, contactdat1_.byear as byear4_1_1_, contactdat1_.email as email5_1_1_, contactdat1_.email2 as email6_1_1_, contactdat1_.email3 as email7_1_1_, contactdat1_.firstname as firstnam8_1_1_, contactdat1_.home as home9_1_1_, contactdat1_.lastname as lastnam10_1_1_, contactdat1_.middlename as middlen11_1_1_, contactdat1_.mobile as mobile12_1_1_, contactdat1_.photo as photo13_1_1_, contactdat1_.work as work14_1_1_ from address_in_groups contacts0_ inner join addressbook contactdat1_ on contacts0_.id=contactdat1_.id where contacts0_.group_id=?
Hibernate: select contacts0_.group_id as group_id2_0_0_, contacts0_.id as id1_0_0_, contactdat1_.id as id1_1_1_, contactdat1_.address as address2_1_1_, contactdat1_.bmonth as bmonth3_1_1_, contactdat1_.byear as byear4_1_1_, contactdat1_.email as email5_1_1_, contactdat1_.email2 as email6_1_1_, contactdat1_.email3 as email7_1_1_, contactdat1_.firstname as firstnam8_1_1_, contactdat1_.home as home9_1_1_, contactdat1_.lastname as lastnam10_1_1_, contactdat1_.middlename as middlen11_1_1_, contactdat1_.mobile as mobile12_1_1_, contactdat1_.photo as photo13_1_1_, contactdat1_.work as work14_1_1_ from address_in_groups contacts0_ inner join addressbook contactdat1_ on contacts0_.id=contactdat1_.id where contacts0_.group_id=?
Hibernate: select contacts0_.group_id as group_id2_0_0_, contacts0_.id as id1_0_0_, contactdat1_.id as id1_1_1_, contactdat1_.address as address2_1_1_, contactdat1_.bmonth as bmonth3_1_1_, contactdat1_.byear as byear4_1_1_, contactdat1_.email as email5_1_1_, contactdat1_.email2 as email6_1_1_, contactdat1_.email3 as email7_1_1_, contactdat1_.firstname as firstnam8_1_1_, contactdat1_.home as home9_1_1_, contactdat1_.lastname as lastnam10_1_1_, contactdat1_.middlename as middlen11_1_1_, contactdat1_.mobile as mobile12_1_1_, contactdat1_.photo as photo13_1_1_, contactdat1_.work as work14_1_1_ from address_in_groups contacts0_ inner join addressbook contactdat1_ on contacts0_.id=contactdat1_.id where contacts0_.group_id=?
Hibernate: select contacts0_.group_id as group_id2_0_0_, contacts0_.id as id1_0_0_, contactdat1_.id as id1_1_1_, contactdat1_.address as address2_1_1_, contactdat1_.bmonth as bmonth3_1_1_, contactdat1_.byear as byear4_1_1_, contactdat1_.email as email5_1_1_, contactdat1_.email2 as email6_1_1_, contactdat1_.email3 as email7_1_1_, contactdat1_.firstname as firstnam8_1_1_, contactdat1_.home as home9_1_1_, contactdat1_.lastname as lastnam10_1_1_, contactdat1_.middlename as middlen11_1_1_, contactdat1_.mobile as mobile12_1_1_, contactdat1_.photo as photo13_1_1_, contactdat1_.work as work14_1_1_ from address_in_groups contacts0_ inner join addressbook contactdat1_ on contacts0_.id=contactdat1_.id where contacts0_.group_id=?
Hibernate: select contacts0_.group_id as group_id2_0_0_, contacts0_.id as id1_0_0_, contactdat1_.id as id1_1_1_, contactdat1_.address as address2_1_1_, contactdat1_.bmonth as bmonth3_1_1_, contactdat1_.byear as byear4_1_1_, contactdat1_.email as email5_1_1_, contactdat1_.email2 as email6_1_1_, contactdat1_.email3 as email7_1_1_, contactdat1_.firstname as firstnam8_1_1_, contactdat1_.home as home9_1_1_, contactdat1_.lastname as lastnam10_1_1_, contactdat1_.middlename as middlen11_1_1_, contactdat1_.mobile as mobile12_1_1_, contactdat1_.photo as photo13_1_1_, contactdat1_.work as work14_1_1_ from address_in_groups contacts0_ inner join addressbook contactdat1_ on contacts0_.id=contactdat1_.id where contacts0_.group_id=?
Hibernate: select contacts0_.group_id as group_id2_0_0_, contacts0_.id as id1_0_0_, contactdat1_.id as id1_1_1_, contactdat1_.address as address2_1_1_, contactdat1_.bmonth as bmonth3_1_1_, contactdat1_.byear as byear4_1_1_, contactdat1_.email as email5_1_1_, contactdat1_.email2 as email6_1_1_, contactdat1_.email3 as email7_1_1_, contactdat1_.firstname as firstnam8_1_1_, contactdat1_.home as home9_1_1_, contactdat1_.lastname as lastnam10_1_1_, contactdat1_.middlename as middlen11_1_1_, contactdat1_.mobile as mobile12_1_1_, contactdat1_.photo as photo13_1_1_, contactdat1_.work as work14_1_1_ from address_in_groups contacts0_ inner join addressbook contactdat1_ on contacts0_.id=contactdat1_.id where contacts0_.group_id=?
Hibernate: select contacts0_.group_id as group_id2_0_0_, contacts0_.id as id1_0_0_, contactdat1_.id as id1_1_1_, contactdat1_.address as address2_1_1_, contactdat1_.bmonth as bmonth3_1_1_, contactdat1_.byear as byear4_1_1_, contactdat1_.email as email5_1_1_, contactdat1_.email2 as email6_1_1_, contactdat1_.email3 as email7_1_1_, contactdat1_.firstname as firstnam8_1_1_, contactdat1_.home as home9_1_1_, contactdat1_.lastname as lastnam10_1_1_, contactdat1_.middlename as middlen11_1_1_, contactdat1_.mobile as mobile12_1_1_, contactdat1_.photo as photo13_1_1_, contactdat1_.work as work14_1_1_ from address_in_groups contacts0_ inner join addressbook contactdat1_ on contacts0_.id=contactdat1_.id where contacts0_.group_id=?
Hibernate: select groupdata0_.group_id as group_id1_2_, groupdata0_.group_footer as group_fo2_2_, groupdata0_.group_header as group_he3_2_, groupdata0_.group_name as group_na4_2_ from group_list groupdata0_
Hibernate: select contacts0_.group_id as group_id2_0_0_, contacts0_.id as id1_0_0_, contactdat1_.id as id1_1_1_, contactdat1_.address as address2_1_1_, contactdat1_.bmonth as bmonth3_1_1_, contactdat1_.byear as byear4_1_1_, contactdat1_.email as email5_1_1_, contactdat1_.email2 as email6_1_1_, contactdat1_.email3 as email7_1_1_, contactdat1_.firstname as firstnam8_1_1_, contactdat1_.home as home9_1_1_, contactdat1_.lastname as lastnam10_1_1_, contactdat1_.middlename as middlen11_1_1_, contactdat1_.mobile as mobile12_1_1_, contactdat1_.photo as photo13_1_1_, contactdat1_.work as work14_1_1_ from address_in_groups contacts0_ inner join addressbook contactdat1_ on contacts0_.id=contactdat1_.id where contacts0_.group_id=?
Hibernate: select contacts0_.group_id as group_id2_0_0_, contacts0_.id as id1_0_0_, contactdat1_.id as id1_1_1_, contactdat1_.address as address2_1_1_, contactdat1_.bmonth as bmonth3_1_1_, contactdat1_.byear as byear4_1_1_, contactdat1_.email as email5_1_1_, contactdat1_.email2 as email6_1_1_, contactdat1_.email3 as email7_1_1_, contactdat1_.firstname as firstnam8_1_1_, contactdat1_.home as home9_1_1_, contactdat1_.lastname as lastnam10_1_1_, contactdat1_.middlename as middlen11_1_1_, contactdat1_.mobile as mobile12_1_1_, contactdat1_.photo as photo13_1_1_, contactdat1_.work as work14_1_1_ from address_in_groups contacts0_ inner join addressbook contactdat1_ on contacts0_.id=contactdat1_.id where contacts0_.group_id=?
Hibernate: select contacts0_.group_id as group_id2_0_0_, contacts0_.id as id1_0_0_, contactdat1_.id as id1_1_1_, contactdat1_.address as address2_1_1_, contactdat1_.bmonth as bmonth3_1_1_, contactdat1_.byear as byear4_1_1_, contactdat1_.email as email5_1_1_, contactdat1_.email2 as email6_1_1_, contactdat1_.email3 as email7_1_1_, contactdat1_.firstname as firstnam8_1_1_, contactdat1_.home as home9_1_1_, contactdat1_.lastname as lastnam10_1_1_, contactdat1_.middlename as middlen11_1_1_, contactdat1_.mobile as mobile12_1_1_, contactdat1_.photo as photo13_1_1_, contactdat1_.work as work14_1_1_ from address_in_groups contacts0_ inner join addressbook contactdat1_ on contacts0_.id=contactdat1_.id where contacts0_.group_id=?
Hibernate: select contacts0_.group_id as group_id2_0_0_, contacts0_.id as id1_0_0_, contactdat1_.id as id1_1_1_, contactdat1_.address as address2_1_1_, contactdat1_.bmonth as bmonth3_1_1_, contactdat1_.byear as byear4_1_1_, contactdat1_.email as email5_1_1_, contactdat1_.email2 as email6_1_1_, contactdat1_.email3 as email7_1_1_, contactdat1_.firstname as firstnam8_1_1_, contactdat1_.home as home9_1_1_, contactdat1_.lastname as lastnam10_1_1_, contactdat1_.middlename as middlen11_1_1_, contactdat1_.mobile as mobile12_1_1_, contactdat1_.photo as photo13_1_1_, contactdat1_.work as work14_1_1_ from address_in_groups contacts0_ inner join addressbook contactdat1_ on contacts0_.id=contactdat1_.id where contacts0_.group_id=?
Hibernate: select contacts0_.group_id as group_id2_0_0_, contacts0_.id as id1_0_0_, contactdat1_.id as id1_1_1_, contactdat1_.address as address2_1_1_, contactdat1_.bmonth as bmonth3_1_1_, contactdat1_.byear as byear4_1_1_, contactdat1_.email as email5_1_1_, contactdat1_.email2 as email6_1_1_, contactdat1_.email3 as email7_1_1_, contactdat1_.firstname as firstnam8_1_1_, contactdat1_.home as home9_1_1_, contactdat1_.lastname as lastnam10_1_1_, contactdat1_.middlename as middlen11_1_1_, contactdat1_.mobile as mobile12_1_1_, contactdat1_.photo as photo13_1_1_, contactdat1_.work as work14_1_1_ from address_in_groups contacts0_ inner join addressbook contactdat1_ on contacts0_.id=contactdat1_.id where contacts0_.group_id=?
Hibernate: select contacts0_.group_id as group_id2_0_0_, contacts0_.id as id1_0_0_, contactdat1_.id as id1_1_1_, contactdat1_.address as address2_1_1_, contactdat1_.bmonth as bmonth3_1_1_, contactdat1_.byear as byear4_1_1_, contactdat1_.email as email5_1_1_, contactdat1_.email2 as email6_1_1_, contactdat1_.email3 as email7_1_1_, contactdat1_.firstname as firstnam8_1_1_, contactdat1_.home as home9_1_1_, contactdat1_.lastname as lastnam10_1_1_, contactdat1_.middlename as middlen11_1_1_, contactdat1_.mobile as mobile12_1_1_, contactdat1_.photo as photo13_1_1_, contactdat1_.work as work14_1_1_ from address_in_groups contacts0_ inner join addressbook contactdat1_ on contacts0_.id=contactdat1_.id where contacts0_.group_id=?
Hibernate: select contacts0_.group_id as group_id2_0_0_, contacts0_.id as id1_0_0_, contactdat1_.id as id1_1_1_, contactdat1_.address as address2_1_1_, contactdat1_.bmonth as bmonth3_1_1_, contactdat1_.byear as byear4_1_1_, contactdat1_.email as email5_1_1_, contactdat1_.email2 as email6_1_1_, contactdat1_.email3 as email7_1_1_, contactdat1_.firstname as firstnam8_1_1_, contactdat1_.home as home9_1_1_, contactdat1_.lastname as lastnam10_1_1_, contactdat1_.middlename as middlen11_1_1_, contactdat1_.mobile as mobile12_1_1_, contactdat1_.photo as photo13_1_1_, contactdat1_.work as work14_1_1_ from address_in_groups contacts0_ inner join addressbook contactdat1_ on contacts0_.id=contactdat1_.id where contacts0_.group_id=?
Hibernate: select contacts0_.group_id as group_id2_0_0_, contacts0_.id as id1_0_0_, contactdat1_.id as id1_1_1_, contactdat1_.address as address2_1_1_, contactdat1_.bmonth as bmonth3_1_1_, contactdat1_.byear as byear4_1_1_, contactdat1_.email as email5_1_1_, contactdat1_.email2 as email6_1_1_, contactdat1_.email3 as email7_1_1_, contactdat1_.firstname as firstnam8_1_1_, contactdat1_.home as home9_1_1_, contactdat1_.lastname as lastnam10_1_1_, contactdat1_.middlename as middlen11_1_1_, contactdat1_.mobile as mobile12_1_1_, contactdat1_.photo as photo13_1_1_, contactdat1_.work as work14_1_1_ from address_in_groups contacts0_ inner join addressbook contactdat1_ on contacts0_.id=contactdat1_.id where contacts0_.group_id=?
Hibernate: select contacts0_.group_id as group_id2_0_0_, contacts0_.id as id1_0_0_, contactdat1_.id as id1_1_1_, contactdat1_.address as address2_1_1_, contactdat1_.bmonth as bmonth3_1_1_, contactdat1_.byear as byear4_1_1_, contactdat1_.email as email5_1_1_, contactdat1_.email2 as email6_1_1_, contactdat1_.email3 as email7_1_1_, contactdat1_.firstname as firstnam8_1_1_, contactdat1_.home as home9_1_1_, contactdat1_.lastname as lastnam10_1_1_, contactdat1_.middlename as middlen11_1_1_, contactdat1_.mobile as mobile12_1_1_, contactdat1_.photo as photo13_1_1_, contactdat1_.work as work14_1_1_ from address_in_groups contacts0_ inner join addressbook contactdat1_ on contacts0_.id=contactdat1_.id where contacts0_.group_id=?
Hibernate: select contacts0_.group_id as group_id2_0_0_, contacts0_.id as id1_0_0_, contactdat1_.id as id1_1_1_, contactdat1_.address as address2_1_1_, contactdat1_.bmonth as bmonth3_1_1_, contactdat1_.byear as byear4_1_1_, contactdat1_.email as email5_1_1_, contactdat1_.email2 as email6_1_1_, contactdat1_.email3 as email7_1_1_, contactdat1_.firstname as firstnam8_1_1_, contactdat1_.home as home9_1_1_, contactdat1_.lastname as lastnam10_1_1_, contactdat1_.middlename as middlen11_1_1_, contactdat1_.mobile as mobile12_1_1_, contactdat1_.photo as photo13_1_1_, contactdat1_.work as work14_1_1_ from address_in_groups contacts0_ inner join addressbook contactdat1_ on contacts0_.id=contactdat1_.id where contacts0_.group_id=?
Hibernate: select contacts0_.group_id as group_id2_0_0_, contacts0_.id as id1_0_0_, contactdat1_.id as id1_1_1_, contactdat1_.address as address2_1_1_, contactdat1_.bmonth as bmonth3_1_1_, contactdat1_.byear as byear4_1_1_, contactdat1_.email as email5_1_1_, contactdat1_.email2 as email6_1_1_, contactdat1_.email3 as email7_1_1_, contactdat1_.firstname as firstnam8_1_1_, contactdat1_.home as home9_1_1_, contactdat1_.lastname as lastnam10_1_1_, contactdat1_.middlename as middlen11_1_1_, contactdat1_.mobile as mobile12_1_1_, contactdat1_.photo as photo13_1_1_, contactdat1_.work as work14_1_1_ from address_in_groups contacts0_ inner join addressbook contactdat1_ on contacts0_.id=contactdat1_.id where contacts0_.group_id=?
Hibernate: select contacts0_.group_id as group_id2_0_0_, contacts0_.id as id1_0_0_, contactdat1_.id as id1_1_1_, contactdat1_.address as address2_1_1_, contactdat1_.bmonth as bmonth3_1_1_, contactdat1_.byear as byear4_1_1_, contactdat1_.email as email5_1_1_, contactdat1_.email2 as email6_1_1_, contactdat1_.email3 as email7_1_1_, contactdat1_.firstname as firstnam8_1_1_, contactdat1_.home as home9_1_1_, contactdat1_.lastname as lastnam10_1_1_, contactdat1_.middlename as middlen11_1_1_, contactdat1_.mobile as mobile12_1_1_, contactdat1_.photo as photo13_1_1_, contactdat1_.work as work14_1_1_ from address_in_groups contacts0_ inner join addressbook contactdat1_ on contacts0_.id=contactdat1_.id where contacts0_.group_id=?
Hibernate: select contacts0_.group_id as group_id2_0_0_, contacts0_.id as id1_0_0_, contactdat1_.id as id1_1_1_, contactdat1_.address as address2_1_1_, contactdat1_.bmonth as bmonth3_1_1_, contactdat1_.byear as byear4_1_1_, contactdat1_.email as email5_1_1_, contactdat1_.email2 as email6_1_1_, contactdat1_.email3 as email7_1_1_, contactdat1_.firstname as firstnam8_1_1_, contactdat1_.home as home9_1_1_, contactdat1_.lastname as lastnam10_1_1_, contactdat1_.middlename as middlen11_1_1_, contactdat1_.mobile as mobile12_1_1_, contactdat1_.photo as photo13_1_1_, contactdat1_.work as work14_1_1_ from address_in_groups contacts0_ inner join addressbook contactdat1_ on contacts0_.id=contactdat1_.id where contacts0_.group_id=?
Hibernate: select contacts0_.group_id as group_id2_0_0_, contacts0_.id as id1_0_0_, contactdat1_.id as id1_1_1_, contactdat1_.address as address2_1_1_, contactdat1_.bmonth as bmonth3_1_1_, contactdat1_.byear as byear4_1_1_, contactdat1_.email as email5_1_1_, contactdat1_.email2 as email6_1_1_, contactdat1_.email3 as email7_1_1_, contactdat1_.firstname as firstnam8_1_1_, contactdat1_.home as home9_1_1_, contactdat1_.lastname as lastnam10_1_1_, contactdat1_.middlename as middlen11_1_1_, contactdat1_.mobile as mobile12_1_1_, contactdat1_.photo as photo13_1_1_, contactdat1_.work as work14_1_1_ from address_in_groups contacts0_ inner join addressbook contactdat1_ on contacts0_.id=contactdat1_.id where contacts0_.group_id=?
Hibernate: select contacts0_.group_id as group_id2_0_0_, contacts0_.id as id1_0_0_, contactdat1_.id as id1_1_1_, contactdat1_.address as address2_1_1_, contactdat1_.bmonth as bmonth3_1_1_, contactdat1_.byear as byear4_1_1_, contactdat1_.email as email5_1_1_, contactdat1_.email2 as email6_1_1_, contactdat1_.email3 as email7_1_1_, contactdat1_.firstname as firstnam8_1_1_, contactdat1_.home as home9_1_1_, contactdat1_.lastname as lastnam10_1_1_, contactdat1_.middlename as middlen11_1_1_, contactdat1_.mobile as mobile12_1_1_, contactdat1_.photo as photo13_1_1_, contactdat1_.work as work14_1_1_ from address_in_groups contacts0_ inner join addressbook contactdat1_ on contacts0_.id=contactdat1_.id where contacts0_.group_id=?
Hibernate: select contacts0_.group_id as group_id2_0_0_, contacts0_.id as id1_0_0_, contactdat1_.id as id1_1_1_, contactdat1_.address as address2_1_1_, contactdat1_.bmonth as bmonth3_1_1_, contactdat1_.byear as byear4_1_1_, contactdat1_.email as email5_1_1_, contactdat1_.email2 as email6_1_1_, contactdat1_.email3 as email7_1_1_, contactdat1_.firstname as firstnam8_1_1_, contactdat1_.home as home9_1_1_, contactdat1_.lastname as lastnam10_1_1_, contactdat1_.middlename as middlen11_1_1_, contactdat1_.mobile as mobile12_1_1_, contactdat1_.photo as photo13_1_1_, contactdat1_.work as work14_1_1_ from address_in_groups contacts0_ inner join addressbook contactdat1_ on contacts0_.id=contactdat1_.id where contacts0_.group_id=?
Hibernate: select contacts0_.group_id as group_id2_0_0_, contacts0_.id as id1_0_0_, contactdat1_.id as id1_1_1_, contactdat1_.address as address2_1_1_, contactdat1_.bmonth as bmonth3_1_1_, contactdat1_.byear as byear4_1_1_, contactdat1_.email as email5_1_1_, contactdat1_.email2 as email6_1_1_, contactdat1_.email3 as email7_1_1_, contactdat1_.firstname as firstnam8_1_1_, contactdat1_.home as home9_1_1_, contactdat1_.lastname as lastnam10_1_1_, contactdat1_.middlename as middlen11_1_1_, contactdat1_.mobile as mobile12_1_1_, contactdat1_.photo as photo13_1_1_, contactdat1_.work as work14_1_1_ from address_in_groups contacts0_ inner join addressbook contactdat1_ on contacts0_.id=contactdat1_.id where contacts0_.group_id=?
Hibernate: select contacts0_.group_id as group_id2_0_0_, contacts0_.id as id1_0_0_, contactdat1_.id as id1_1_1_, contactdat1_.address as address2_1_1_, contactdat1_.bmonth as bmonth3_1_1_, contactdat1_.byear as byear4_1_1_, contactdat1_.email as email5_1_1_, contactdat1_.email2 as email6_1_1_, contactdat1_.email3 as email7_1_1_, contactdat1_.firstname as firstnam8_1_1_, contactdat1_.home as home9_1_1_, contactdat1_.lastname as lastnam10_1_1_, contactdat1_.middlename as middlen11_1_1_, contactdat1_.mobile as mobile12_1_1_, contactdat1_.photo as photo13_1_1_, contactdat1_.work as work14_1_1_ from address_in_groups contacts0_ inner join addressbook contactdat1_ on contacts0_.id=contactdat1_.id where contacts0_.group_id=?
Hibernate: select contacts0_.group_id as group_id2_0_0_, contacts0_.id as id1_0_0_, contactdat1_.id as id1_1_1_, contactdat1_.address as address2_1_1_, contactdat1_.bmonth as bmonth3_1_1_, contactdat1_.byear as byear4_1_1_, contactdat1_.email as email5_1_1_, contactdat1_.email2 as email6_1_1_, contactdat1_.email3 as email7_1_1_, contactdat1_.firstname as firstnam8_1_1_, contactdat1_.home as home9_1_1_, contactdat1_.lastname as lastnam10_1_1_, contactdat1_.middlename as middlen11_1_1_, contactdat1_.mobile as mobile12_1_1_, contactdat1_.photo as photo13_1_1_, contactdat1_.work as work14_1_1_ from address_in_groups contacts0_ inner join addressbook contactdat1_ on contacts0_.id=contactdat1_.id where contacts0_.group_id=?
Hibernate: select contacts0_.group_id as group_id2_0_0_, contacts0_.id as id1_0_0_, contactdat1_.id as id1_1_1_, contactdat1_.address as address2_1_1_, contactdat1_.bmonth as bmonth3_1_1_, contactdat1_.byear as byear4_1_1_, contactdat1_.email as email5_1_1_, contactdat1_.email2 as email6_1_1_, contactdat1_.email3 as email7_1_1_, contactdat1_.firstname as firstnam8_1_1_, contactdat1_.home as home9_1_1_, contactdat1_.lastname as lastnam10_1_1_, contactdat1_.middlename as middlen11_1_1_, contactdat1_.mobile as mobile12_1_1_, contactdat1_.photo as photo13_1_1_, contactdat1_.work as work14_1_1_ from address_in_groups contacts0_ inner join addressbook contactdat1_ on contacts0_.id=contactdat1_.id where contacts0_.group_id=?
Hibernate: select contacts0_.group_id as group_id2_0_0_, contacts0_.id as id1_0_0_, contactdat1_.id as id1_1_1_, contactdat1_.address as address2_1_1_, contactdat1_.bmonth as bmonth3_1_1_, contactdat1_.byear as byear4_1_1_, contactdat1_.email as email5_1_1_, contactdat1_.email2 as email6_1_1_, contactdat1_.email3 as email7_1_1_, contactdat1_.firstname as firstnam8_1_1_, contactdat1_.home as home9_1_1_, contactdat1_.lastname as lastnam10_1_1_, contactdat1_.middlename as middlen11_1_1_, contactdat1_.mobile as mobile12_1_1_, contactdat1_.photo as photo13_1_1_, contactdat1_.work as work14_1_1_ from address_in_groups contacts0_ inner join addressbook contactdat1_ on contacts0_.id=contactdat1_.id where contacts0_.group_id=?
Hibernate: select contacts0_.group_id as group_id2_0_0_, contacts0_.id as id1_0_0_, contactdat1_.id as id1_1_1_, contactdat1_.address as address2_1_1_, contactdat1_.bmonth as bmonth3_1_1_, contactdat1_.byear as byear4_1_1_, contactdat1_.email as email5_1_1_, contactdat1_.email2 as email6_1_1_, contactdat1_.email3 as email7_1_1_, contactdat1_.firstname as firstnam8_1_1_, contactdat1_.home as home9_1_1_, contactdat1_.lastname as lastnam10_1_1_, contactdat1_.middlename as middlen11_1_1_, contactdat1_.mobile as mobile12_1_1_, contactdat1_.photo as photo13_1_1_, contactdat1_.work as work14_1_1_ from address_in_groups contacts0_ inner join addressbook contactdat1_ on contacts0_.id=contactdat1_.id where contacts0_.group_id=?
Hibernate: select contacts0_.group_id as group_id2_0_0_, contacts0_.id as id1_0_0_, contactdat1_.id as id1_1_1_, contactdat1_.address as address2_1_1_, contactdat1_.bmonth as bmonth3_1_1_, contactdat1_.byear as byear4_1_1_, contactdat1_.email as email5_1_1_, contactdat1_.email2 as email6_1_1_, contactdat1_.email3 as email7_1_1_, contactdat1_.firstname as firstnam8_1_1_, contactdat1_.home as home9_1_1_, contactdat1_.lastname as lastnam10_1_1_, contactdat1_.middlename as middlen11_1_1_, contactdat1_.mobile as mobile12_1_1_, contactdat1_.photo as photo13_1_1_, contactdat1_.work as work14_1_1_ from address_in_groups contacts0_ inner join addressbook contactdat1_ on contacts0_.id=contactdat1_.id where contacts0_.group_id=?
Hibernate: select contacts0_.group_id as group_id2_0_0_, contacts0_.id as id1_0_0_, contactdat1_.id as id1_1_1_, contactdat1_.address as address2_1_1_, contactdat1_.bmonth as bmonth3_1_1_, contactdat1_.byear as byear4_1_1_, contactdat1_.email as email5_1_1_, contactdat1_.email2 as email6_1_1_, contactdat1_.email3 as email7_1_1_, contactdat1_.firstname as firstnam8_1_1_, contactdat1_.home as home9_1_1_, contactdat1_.lastname as lastnam10_1_1_, contactdat1_.middlename as middlen11_1_1_, contactdat1_.mobile as mobile12_1_1_, contactdat1_.photo as photo13_1_1_, contactdat1_.work as work14_1_1_ from address_in_groups contacts0_ inner join addressbook contactdat1_ on contacts0_.id=contactdat1_.id where contacts0_.group_id=?
Hibernate: select contacts0_.group_id as group_id2_0_0_, contacts0_.id as id1_0_0_, contactdat1_.id as id1_1_1_, contactdat1_.address as address2_1_1_, contactdat1_.bmonth as bmonth3_1_1_, contactdat1_.byear as byear4_1_1_, contactdat1_.email as email5_1_1_, contactdat1_.email2 as email6_1_1_, contactdat1_.email3 as email7_1_1_, contactdat1_.firstname as firstnam8_1_1_, contactdat1_.home as home9_1_1_, contactdat1_.lastname as lastnam10_1_1_, contactdat1_.middlename as middlen11_1_1_, contactdat1_.mobile as mobile12_1_1_, contactdat1_.photo as photo13_1_1_, contactdat1_.work as work14_1_1_ from address_in_groups contacts0_ inner join addressbook contactdat1_ on contacts0_.id=contactdat1_.id where contacts0_.group_id=?
Hibernate: select contacts0_.group_id as group_id2_0_0_, contacts0_.id as id1_0_0_, contactdat1_.id as id1_1_1_, contactdat1_.address as address2_1_1_, contactdat1_.bmonth as bmonth3_1_1_, contactdat1_.byear as byear4_1_1_, contactdat1_.email as email5_1_1_, contactdat1_.email2 as email6_1_1_, contactdat1_.email3 as email7_1_1_, contactdat1_.firstname as firstnam8_1_1_, contactdat1_.home as home9_1_1_, contactdat1_.lastname as lastnam10_1_1_, contactdat1_.middlename as middlen11_1_1_, contactdat1_.mobile as mobile12_1_1_, contactdat1_.photo as photo13_1_1_, contactdat1_.work as work14_1_1_ from address_in_groups contacts0_ inner join addressbook contactdat1_ on contacts0_.id=contactdat1_.id where contacts0_.group_id=?
Hibernate: select contacts0_.group_id as group_id2_0_0_, contacts0_.id as id1_0_0_, contactdat1_.id as id1_1_1_, contactdat1_.address as address2_1_1_, contactdat1_.bmonth as bmonth3_1_1_, contactdat1_.byear as byear4_1_1_, contactdat1_.email as email5_1_1_, contactdat1_.email2 as email6_1_1_, contactdat1_.email3 as email7_1_1_, contactdat1_.firstname as firstnam8_1_1_, contactdat1_.home as home9_1_1_, contactdat1_.lastname as lastnam10_1_1_, contactdat1_.middlename as middlen11_1_1_, contactdat1_.mobile as mobile12_1_1_, contactdat1_.photo as photo13_1_1_, contactdat1_.work as work14_1_1_ from address_in_groups contacts0_ inner join addressbook contactdat1_ on contacts0_.id=contactdat1_.id where contacts0_.group_id=?
Hibernate: select contacts0_.group_id as group_id2_0_0_, contacts0_.id as id1_0_0_, contactdat1_.id as id1_1_1_, contactdat1_.address as address2_1_1_, contactdat1_.bmonth as bmonth3_1_1_, contactdat1_.byear as byear4_1_1_, contactdat1_.email as email5_1_1_, contactdat1_.email2 as email6_1_1_, contactdat1_.email3 as email7_1_1_, contactdat1_.firstname as firstnam8_1_1_, contactdat1_.home as home9_1_1_, contactdat1_.lastname as lastnam10_1_1_, contactdat1_.middlename as middlen11_1_1_, contactdat1_.mobile as mobile12_1_1_, contactdat1_.photo as photo13_1_1_, contactdat1_.work as work14_1_1_ from address_in_groups contacts0_ inner join addressbook contactdat1_ on contacts0_.id=contactdat1_.id where contacts0_.group_id=?
Hibernate: select contacts0_.group_id as group_id2_0_0_, contacts0_.id as id1_0_0_, contactdat1_.id as id1_1_1_, contactdat1_.address as address2_1_1_, contactdat1_.bmonth as bmonth3_1_1_, contactdat1_.byear as byear4_1_1_, contactdat1_.email as email5_1_1_, contactdat1_.email2 as email6_1_1_, contactdat1_.email3 as email7_1_1_, contactdat1_.firstname as firstnam8_1_1_, contactdat1_.home as home9_1_1_, contactdat1_.lastname as lastnam10_1_1_, contactdat1_.middlename as middlen11_1_1_, contactdat1_.mobile as mobile12_1_1_, contactdat1_.photo as photo13_1_1_, contactdat1_.work as work14_1_1_ from address_in_groups contacts0_ inner join addressbook contactdat1_ on contacts0_.id=contactdat1_.id where contacts0_.group_id=?
Hibernate: select contacts0_.group_id as group_id2_0_0_, contacts0_.id as id1_0_0_, contactdat1_.id as id1_1_1_, contactdat1_.address as address2_1_1_, contactdat1_.bmonth as bmonth3_1_1_, contactdat1_.byear as byear4_1_1_, contactdat1_.email as email5_1_1_, contactdat1_.email2 as email6_1_1_, contactdat1_.email3 as email7_1_1_, contactdat1_.firstname as firstnam8_1_1_, contactdat1_.home as home9_1_1_, contactdat1_.lastname as lastnam10_1_1_, contactdat1_.middlename as middlen11_1_1_, contactdat1_.mobile as mobile12_1_1_, contactdat1_.photo as photo13_1_1_, contactdat1_.work as work14_1_1_ from address_in_groups contacts0_ inner join addressbook contactdat1_ on contacts0_.id=contactdat1_.id where contacts0_.group_id=?
Hibernate: select contacts0_.group_id as group_id2_0_0_, contacts0_.id as id1_0_0_, contactdat1_.id as id1_1_1_, contactdat1_.address as address2_1_1_, contactdat1_.bmonth as bmonth3_1_1_, contactdat1_.byear as byear4_1_1_, contactdat1_.email as email5_1_1_, contactdat1_.email2 as email6_1_1_, contactdat1_.email3 as email7_1_1_, contactdat1_.firstname as firstnam8_1_1_, contactdat1_.home as home9_1_1_, contactdat1_.lastname as lastnam10_1_1_, contactdat1_.middlename as middlen11_1_1_, contactdat1_.mobile as mobile12_1_1_, contactdat1_.photo as photo13_1_1_, contactdat1_.work as work14_1_1_ from address_in_groups contacts0_ inner join addressbook contactdat1_ on contacts0_.id=contactdat1_.id where contacts0_.group_id=?
Hibernate: select contacts0_.group_id as group_id2_0_0_, contacts0_.id as id1_0_0_, contactdat1_.id as id1_1_1_, contactdat1_.address as address2_1_1_, contactdat1_.bmonth as bmonth3_1_1_, contactdat1_.byear as byear4_1_1_, contactdat1_.email as email5_1_1_, contactdat1_.email2 as email6_1_1_, contactdat1_.email3 as email7_1_1_, contactdat1_.firstname as firstnam8_1_1_, contactdat1_.home as home9_1_1_, contactdat1_.lastname as lastnam10_1_1_, contactdat1_.middlename as middlen11_1_1_, contactdat1_.mobile as mobile12_1_1_, contactdat1_.photo as photo13_1_1_, contactdat1_.work as work14_1_1_ from address_in_groups contacts0_ inner join addressbook contactdat1_ on contacts0_.id=contactdat1_.id where contacts0_.group_id=?
Hibernate: select contacts0_.group_id as group_id2_0_0_, contacts0_.id as id1_0_0_, contactdat1_.id as id1_1_1_, contactdat1_.address as address2_1_1_, contactdat1_.bmonth as bmonth3_1_1_, contactdat1_.byear as byear4_1_1_, contactdat1_.email as email5_1_1_, contactdat1_.email2 as email6_1_1_, contactdat1_.email3 as email7_1_1_, contactdat1_.firstname as firstnam8_1_1_, contactdat1_.home as home9_1_1_, contactdat1_.lastname as lastnam10_1_1_, contactdat1_.middlename as middlen11_1_1_, contactdat1_.mobile as mobile12_1_1_, contactdat1_.photo as photo13_1_1_, contactdat1_.work as work14_1_1_ from address_in_groups contacts0_ inner join addressbook contactdat1_ on contacts0_.id=contactdat1_.id where contacts0_.group_id=?
Hibernate: select contacts0_.group_id as group_id2_0_0_, contacts0_.id as id1_0_0_, contactdat1_.id as id1_1_1_, contactdat1_.address as address2_1_1_, contactdat1_.bmonth as bmonth3_1_1_, contactdat1_.byear as byear4_1_1_, contactdat1_.email as email5_1_1_, contactdat1_.email2 as email6_1_1_, contactdat1_.email3 as email7_1_1_, contactdat1_.firstname as firstnam8_1_1_, contactdat1_.home as home9_1_1_, contactdat1_.lastname as lastnam10_1_1_, contactdat1_.middlename as middlen11_1_1_, contactdat1_.mobile as mobile12_1_1_, contactdat1_.photo as photo13_1_1_, contactdat1_.work as work14_1_1_ from address_in_groups contacts0_ inner join addressbook contactdat1_ on contacts0_.id=contactdat1_.id where contacts0_.group_id=?
Hibernate: select contacts0_.group_id as group_id2_0_0_, contacts0_.id as id1_0_0_, contactdat1_.id as id1_1_1_, contactdat1_.address as address2_1_1_, contactdat1_.bmonth as bmonth3_1_1_, contactdat1_.byear as byear4_1_1_, contactdat1_.email as email5_1_1_, contactdat1_.email2 as email6_1_1_, contactdat1_.email3 as email7_1_1_, contactdat1_.firstname as firstnam8_1_1_, contactdat1_.home as home9_1_1_, contactdat1_.lastname as lastnam10_1_1_, contactdat1_.middlename as middlen11_1_1_, contactdat1_.mobile as mobile12_1_1_, contactdat1_.photo as photo13_1_1_, contactdat1_.work as work14_1_1_ from address_in_groups contacts0_ inner join addressbook contactdat1_ on contacts0_.id=contactdat1_.id where contacts0_.group_id=?
Hibernate: select contacts0_.group_id as group_id2_0_0_, contacts0_.id as id1_0_0_, contactdat1_.id as id1_1_1_, contactdat1_.address as address2_1_1_, contactdat1_.bmonth as bmonth3_1_1_, contactdat1_.byear as byear4_1_1_, contactdat1_.email as email5_1_1_, contactdat1_.email2 as email6_1_1_, contactdat1_.email3 as email7_1_1_, contactdat1_.firstname as firstnam8_1_1_, contactdat1_.home as home9_1_1_, contactdat1_.lastname as lastnam10_1_1_, contactdat1_.middlename as middlen11_1_1_, contactdat1_.mobile as mobile12_1_1_, contactdat1_.photo as photo13_1_1_, contactdat1_.work as work14_1_1_ from address_in_groups contacts0_ inner join addressbook contactdat1_ on contacts0_.id=contactdat1_.id where contacts0_.group_id=?
Hibernate: select contacts0_.group_id as group_id2_0_0_, contacts0_.id as id1_0_0_, contactdat1_.id as id1_1_1_, contactdat1_.address as address2_1_1_, contactdat1_.bmonth as bmonth3_1_1_, contactdat1_.byear as byear4_1_1_, contactdat1_.email as email5_1_1_, contactdat1_.email2 as email6_1_1_, contactdat1_.email3 as email7_1_1_, contactdat1_.firstname as firstnam8_1_1_, contactdat1_.home as home9_1_1_, contactdat1_.lastname as lastnam10_1_1_, contactdat1_.middlename as middlen11_1_1_, contactdat1_.mobile as mobile12_1_1_, contactdat1_.photo as photo13_1_1_, contactdat1_.work as work14_1_1_ from address_in_groups contacts0_ inner join addressbook contactdat1_ on contacts0_.id=contactdat1_.id where contacts0_.group_id=?
Hibernate: select contacts0_.group_id as group_id2_0_0_, contacts0_.id as id1_0_0_, contactdat1_.id as id1_1_1_, contactdat1_.address as address2_1_1_, contactdat1_.bmonth as bmonth3_1_1_, contactdat1_.byear as byear4_1_1_, contactdat1_.email as email5_1_1_, contactdat1_.email2 as email6_1_1_, contactdat1_.email3 as email7_1_1_, contactdat1_.firstname as firstnam8_1_1_, contactdat1_.home as home9_1_1_, contactdat1_.lastname as lastnam10_1_1_, contactdat1_.middlename as middlen11_1_1_, contactdat1_.mobile as mobile12_1_1_, contactdat1_.photo as photo13_1_1_, contactdat1_.work as work14_1_1_ from address_in_groups contacts0_ inner join addressbook contactdat1_ on contacts0_.id=contactdat1_.id where contacts0_.group_id=?
Hibernate: select contacts0_.group_id as group_id2_0_0_, contacts0_.id as id1_0_0_, contactdat1_.id as id1_1_1_, contactdat1_.address as address2_1_1_, contactdat1_.bmonth as bmonth3_1_1_, contactdat1_.byear as byear4_1_1_, contactdat1_.email as email5_1_1_, contactdat1_.email2 as email6_1_1_, contactdat1_.email3 as email7_1_1_, contactdat1_.firstname as firstnam8_1_1_, contactdat1_.home as home9_1_1_, contactdat1_.lastname as lastnam10_1_1_, contactdat1_.middlename as middlen11_1_1_, contactdat1_.mobile as mobile12_1_1_, contactdat1_.photo as photo13_1_1_, contactdat1_.work as work14_1_1_ from address_in_groups contacts0_ inner join addressbook contactdat1_ on contacts0_.id=contactdat1_.id where contacts0_.group_id=?
Hibernate: select contacts0_.group_id as group_id2_0_0_, contacts0_.id as id1_0_0_, contactdat1_.id as id1_1_1_, contactdat1_.address as address2_1_1_, contactdat1_.bmonth as bmonth3_1_1_, contactdat1_.byear as byear4_1_1_, contactdat1_.email as email5_1_1_, contactdat1_.email2 as email6_1_1_, contactdat1_.email3 as email7_1_1_, contactdat1_.firstname as firstnam8_1_1_, contactdat1_.home as home9_1_1_, contactdat1_.lastname as lastnam10_1_1_, contactdat1_.middlename as middlen11_1_1_, contactdat1_.mobile as mobile12_1_1_, contactdat1_.photo as photo13_1_1_, contactdat1_.work as work14_1_1_ from address_in_groups contacts0_ inner join addressbook contactdat1_ on contacts0_.id=contactdat1_.id where contacts0_.group_id=?
Hibernate: select contacts0_.group_id as group_id2_0_0_, contacts0_.id as id1_0_0_, contactdat1_.id as id1_1_1_, contactdat1_.address as address2_1_1_, contactdat1_.bmonth as bmonth3_1_1_, contactdat1_.byear as byear4_1_1_, contactdat1_.email as email5_1_1_, contactdat1_.email2 as email6_1_1_, contactdat1_.email3 as email7_1_1_, contactdat1_.firstname as firstnam8_1_1_, contactdat1_.home as home9_1_1_, contactdat1_.lastname as lastnam10_1_1_, contactdat1_.middlename as middlen11_1_1_, contactdat1_.mobile as mobile12_1_1_, contactdat1_.photo as photo13_1_1_, contactdat1_.work as work14_1_1_ from address_in_groups contacts0_ inner join addressbook contactdat1_ on contacts0_.id=contactdat1_.id where contacts0_.group_id=?
Hibernate: select contacts0_.group_id as group_id2_0_0_, contacts0_.id as id1_0_0_, contactdat1_.id as id1_1_1_, contactdat1_.address as address2_1_1_, contactdat1_.bmonth as bmonth3_1_1_, contactdat1_.byear as byear4_1_1_, contactdat1_.email as email5_1_1_, contactdat1_.email2 as email6_1_1_, contactdat1_.email3 as email7_1_1_, contactdat1_.firstname as firstnam8_1_1_, contactdat1_.home as home9_1_1_, contactdat1_.lastname as lastnam10_1_1_, contactdat1_.middlename as middlen11_1_1_, contactdat1_.mobile as mobile12_1_1_, contactdat1_.photo as photo13_1_1_, contactdat1_.work as work14_1_1_ from address_in_groups contacts0_ inner join addressbook contactdat1_ on contacts0_.id=contactdat1_.id where contacts0_.group_id=?
Hibernate: select contacts0_.group_id as group_id2_0_0_, contacts0_.id as id1_0_0_, contactdat1_.id as id1_1_1_, contactdat1_.address as address2_1_1_, contactdat1_.bmonth as bmonth3_1_1_, contactdat1_.byear as byear4_1_1_, contactdat1_.email as email5_1_1_, contactdat1_.email2 as email6_1_1_, contactdat1_.email3 as email7_1_1_, contactdat1_.firstname as firstnam8_1_1_, contactdat1_.home as home9_1_1_, contactdat1_.lastname as lastnam10_1_1_, contactdat1_.middlename as middlen11_1_1_, contactdat1_.mobile as mobile12_1_1_, contactdat1_.photo as photo13_1_1_, contactdat1_.work as work14_1_1_ from address_in_groups contacts0_ inner join addressbook contactdat1_ on contacts0_.id=contactdat1_.id where contacts0_.group_id=?
Hibernate: select contacts0_.group_id as group_id2_0_0_, contacts0_.id as id1_0_0_, contactdat1_.id as id1_1_1_, contactdat1_.address as address2_1_1_, contactdat1_.bmonth as bmonth3_1_1_, contactdat1_.byear as byear4_1_1_, contactdat1_.email as email5_1_1_, contactdat1_.email2 as email6_1_1_, contactdat1_.email3 as email7_1_1_, contactdat1_.firstname as firstnam8_1_1_, contactdat1_.home as home9_1_1_, contactdat1_.lastname as lastnam10_1_1_, contactdat1_.middlename as middlen11_1_1_, contactdat1_.mobile as mobile12_1_1_, contactdat1_.photo as photo13_1_1_, contactdat1_.work as work14_1_1_ from address_in_groups contacts0_ inner join addressbook contactdat1_ on contacts0_.id=contactdat1_.id where contacts0_.group_id=?
Hibernate: select contacts0_.group_id as group_id2_0_0_, contacts0_.id as id1_0_0_, contactdat1_.id as id1_1_1_, contactdat1_.address as address2_1_1_, contactdat1_.bmonth as bmonth3_1_1_, contactdat1_.byear as byear4_1_1_, contactdat1_.email as email5_1_1_, contactdat1_.email2 as email6_1_1_, contactdat1_.email3 as email7_1_1_, contactdat1_.firstname as firstnam8_1_1_, contactdat1_.home as home9_1_1_, contactdat1_.lastname as lastnam10_1_1_, contactdat1_.middlename as middlen11_1_1_, contactdat1_.mobile as mobile12_1_1_, contactdat1_.photo as photo13_1_1_, contactdat1_.work as work14_1_1_ from address_in_groups contacts0_ inner join addressbook contactdat1_ on contacts0_.id=contactdat1_.id where contacts0_.group_id=?
Hibernate: select contacts0_.group_id as group_id2_0_0_, contacts0_.id as id1_0_0_, contactdat1_.id as id1_1_1_, contactdat1_.address as address2_1_1_, contactdat1_.bmonth as bmonth3_1_1_, contactdat1_.byear as byear4_1_1_, contactdat1_.email as email5_1_1_, contactdat1_.email2 as email6_1_1_, contactdat1_.email3 as email7_1_1_, contactdat1_.firstname as firstnam8_1_1_, contactdat1_.home as home9_1_1_, contactdat1_.lastname as lastnam10_1_1_, contactdat1_.middlename as middlen11_1_1_, contactdat1_.mobile as mobile12_1_1_, contactdat1_.photo as photo13_1_1_, contactdat1_.work as work14_1_1_ from address_in_groups contacts0_ inner join addressbook contactdat1_ on contacts0_.id=contactdat1_.id where contacts0_.group_id=?
Hibernate: select contacts0_.group_id as group_id2_0_0_, contacts0_.id as id1_0_0_, contactdat1_.id as id1_1_1_, contactdat1_.address as address2_1_1_, contactdat1_.bmonth as bmonth3_1_1_, contactdat1_.byear as byear4_1_1_, contactdat1_.email as email5_1_1_, contactdat1_.email2 as email6_1_1_, contactdat1_.email3 as email7_1_1_, contactdat1_.firstname as firstnam8_1_1_, contactdat1_.home as home9_1_1_, contactdat1_.lastname as lastnam10_1_1_, contactdat1_.middlename as middlen11_1_1_, contactdat1_.mobile as mobile12_1_1_, contactdat1_.photo as photo13_1_1_, contactdat1_.work as work14_1_1_ from address_in_groups contacts0_ inner join addressbook contactdat1_ on contacts0_.id=contactdat1_.id where contacts0_.group_id=?
Hibernate: select contacts0_.group_id as group_id2_0_0_, contacts0_.id as id1_0_0_, contactdat1_.id as id1_1_1_, contactdat1_.address as address2_1_1_, contactdat1_.bmonth as bmonth3_1_1_, contactdat1_.byear as byear4_1_1_, contactdat1_.email as email5_1_1_, contactdat1_.email2 as email6_1_1_, contactdat1_.email3 as email7_1_1_, contactdat1_.firstname as firstnam8_1_1_, contactdat1_.home as home9_1_1_, contactdat1_.lastname as lastnam10_1_1_, contactdat1_.middlename as middlen11_1_1_, contactdat1_.mobile as mobile12_1_1_, contactdat1_.photo as photo13_1_1_, contactdat1_.work as work14_1_1_ from address_in_groups contacts0_ inner join addressbook contactdat1_ on contacts0_.id=contactdat1_.id where contacts0_.group_id=?
Hibernate: select contacts0_.group_id as group_id2_0_0_, contacts0_.id as id1_0_0_, contactdat1_.id as id1_1_1_, contactdat1_.address as address2_1_1_, contactdat1_.bmonth as bmonth3_1_1_, contactdat1_.byear as byear4_1_1_, contactdat1_.email as email5_1_1_, contactdat1_.email2 as email6_1_1_, contactdat1_.email3 as email7_1_1_, contactdat1_.firstname as firstnam8_1_1_, contactdat1_.home as home9_1_1_, contactdat1_.lastname as lastnam10_1_1_, contactdat1_.middlename as middlen11_1_1_, contactdat1_.mobile as mobile12_1_1_, contactdat1_.photo as photo13_1_1_, contactdat1_.work as work14_1_1_ from address_in_groups contacts0_ inner join addressbook contactdat1_ on contacts0_.id=contactdat1_.id where contacts0_.group_id=?
Hibernate: select contacts0_.group_id as group_id2_0_0_, contacts0_.id as id1_0_0_, contactdat1_.id as id1_1_1_, contactdat1_.address as address2_1_1_, contactdat1_.bmonth as bmonth3_1_1_, contactdat1_.byear as byear4_1_1_, contactdat1_.email as email5_1_1_, contactdat1_.email2 as email6_1_1_, contactdat1_.email3 as email7_1_1_, contactdat1_.firstname as firstnam8_1_1_, contactdat1_.home as home9_1_1_, contactdat1_.lastname as lastnam10_1_1_, contactdat1_.middlename as middlen11_1_1_, contactdat1_.mobile as mobile12_1_1_, contactdat1_.photo as photo13_1_1_, contactdat1_.work as work14_1_1_ from address_in_groups contacts0_ inner join addressbook contactdat1_ on contacts0_.id=contactdat1_.id where contacts0_.group_id=?
Hibernate: select contacts0_.group_id as group_id2_0_0_, contacts0_.id as id1_0_0_, contactdat1_.id as id1_1_1_, contactdat1_.address as address2_1_1_, contactdat1_.bmonth as bmonth3_1_1_, contactdat1_.byear as byear4_1_1_, contactdat1_.email as email5_1_1_, contactdat1_.email2 as email6_1_1_, contactdat1_.email3 as email7_1_1_, contactdat1_.firstname as firstnam8_1_1_, contactdat1_.home as home9_1_1_, contactdat1_.lastname as lastnam10_1_1_, contactdat1_.middlename as middlen11_1_1_, contactdat1_.mobile as mobile12_1_1_, contactdat1_.photo as photo13_1_1_, contactdat1_.work as work14_1_1_ from address_in_groups contacts0_ inner join addressbook contactdat1_ on contacts0_.id=contactdat1_.id where contacts0_.group_id=?
Hibernate: select contacts0_.group_id as group_id2_0_0_, contacts0_.id as id1_0_0_, contactdat1_.id as id1_1_1_, contactdat1_.address as address2_1_1_, contactdat1_.bmonth as bmonth3_1_1_, contactdat1_.byear as byear4_1_1_, contactdat1_.email as email5_1_1_, contactdat1_.email2 as email6_1_1_, contactdat1_.email3 as email7_1_1_, contactdat1_.firstname as firstnam8_1_1_, contactdat1_.home as home9_1_1_, contactdat1_.lastname as lastnam10_1_1_, contactdat1_.middlename as middlen11_1_1_, contactdat1_.mobile as mobile12_1_1_, contactdat1_.photo as photo13_1_1_, contactdat1_.work as work14_1_1_ from address_in_groups contacts0_ inner join addressbook contactdat1_ on contacts0_.id=contactdat1_.id where contacts0_.group_id=?
Hibernate: select contacts0_.group_id as group_id2_0_0_, contacts0_.id as id1_0_0_, contactdat1_.id as id1_1_1_, contactdat1_.address as address2_1_1_, contactdat1_.bmonth as bmonth3_1_1_, contactdat1_.byear as byear4_1_1_, contactdat1_.email as email5_1_1_, contactdat1_.email2 as email6_1_1_, contactdat1_.email3 as email7_1_1_, contactdat1_.firstname as firstnam8_1_1_, contactdat1_.home as home9_1_1_, contactdat1_.lastname as lastnam10_1_1_, contactdat1_.middlename as middlen11_1_1_, contactdat1_.mobile as mobile12_1_1_, contactdat1_.photo as photo13_1_1_, contactdat1_.work as work14_1_1_ from address_in_groups contacts0_ inner join addressbook contactdat1_ on contacts0_.id=contactdat1_.id where contacts0_.group_id=?
Hibernate: select contacts0_.group_id as group_id2_0_0_, contacts0_.id as id1_0_0_, contactdat1_.id as id1_1_1_, contactdat1_.address as address2_1_1_, contactdat1_.bmonth as bmonth3_1_1_, contactdat1_.byear as byear4_1_1_, contactdat1_.email as email5_1_1_, contactdat1_.email2 as email6_1_1_, contactdat1_.email3 as email7_1_1_, contactdat1_.firstname as firstnam8_1_1_, contactdat1_.home as home9_1_1_, contactdat1_.lastname as lastnam10_1_1_, contactdat1_.middlename as middlen11_1_1_, contactdat1_.mobile as mobile12_1_1_, contactdat1_.photo as photo13_1_1_, contactdat1_.work as work14_1_1_ from address_in_groups contacts0_ inner join addressbook contactdat1_ on contacts0_.id=contactdat1_.id where contacts0_.group_id=?
Hibernate: select contacts0_.group_id as group_id2_0_0_, contacts0_.id as id1_0_0_, contactdat1_.id as id1_1_1_, contactdat1_.address as address2_1_1_, contactdat1_.bmonth as bmonth3_1_1_, contactdat1_.byear as byear4_1_1_, contactdat1_.email as email5_1_1_, contactdat1_.email2 as email6_1_1_, contactdat1_.email3 as email7_1_1_, contactdat1_.firstname as firstnam8_1_1_, contactdat1_.home as home9_1_1_, contactdat1_.lastname as lastnam10_1_1_, contactdat1_.middlename as middlen11_1_1_, contactdat1_.mobile as mobile12_1_1_, contactdat1_.photo as photo13_1_1_, contactdat1_.work as work14_1_1_ from address_in_groups contacts0_ inner join addressbook contactdat1_ on contacts0_.id=contactdat1_.id where contacts0_.group_id=?
Hibernate: select contacts0_.group_id as group_id2_0_0_, contacts0_.id as id1_0_0_, contactdat1_.id as id1_1_1_, contactdat1_.address as address2_1_1_, contactdat1_.bmonth as bmonth3_1_1_, contactdat1_.byear as byear4_1_1_, contactdat1_.email as email5_1_1_, contactdat1_.email2 as email6_1_1_, contactdat1_.email3 as email7_1_1_, contactdat1_.firstname as firstnam8_1_1_, contactdat1_.home as home9_1_1_, contactdat1_.lastname as lastnam10_1_1_, contactdat1_.middlename as middlen11_1_1_, contactdat1_.mobile as mobile12_1_1_, contactdat1_.photo as photo13_1_1_, contactdat1_.work as work14_1_1_ from address_in_groups contacts0_ inner join addressbook contactdat1_ on contacts0_.id=contactdat1_.id where contacts0_.group_id=?
Hibernate: select contacts0_.group_id as group_id2_0_0_, contacts0_.id as id1_0_0_, contactdat1_.id as id1_1_1_, contactdat1_.address as address2_1_1_, contactdat1_.bmonth as bmonth3_1_1_, contactdat1_.byear as byear4_1_1_, contactdat1_.email as email5_1_1_, contactdat1_.email2 as email6_1_1_, contactdat1_.email3 as email7_1_1_, contactdat1_.firstname as firstnam8_1_1_, contactdat1_.home as home9_1_1_, contactdat1_.lastname as lastnam10_1_1_, contactdat1_.middlename as middlen11_1_1_, contactdat1_.mobile as mobile12_1_1_, contactdat1_.photo as photo13_1_1_, contactdat1_.work as work14_1_1_ from address_in_groups contacts0_ inner join addressbook contactdat1_ on contacts0_.id=contactdat1_.id where contacts0_.group_id=?
Hibernate: select contacts0_.group_id as group_id2_0_0_, contacts0_.id as id1_0_0_, contactdat1_.id as id1_1_1_, contactdat1_.address as address2_1_1_, contactdat1_.bmonth as bmonth3_1_1_, contactdat1_.byear as byear4_1_1_, contactdat1_.email as email5_1_1_, contactdat1_.email2 as email6_1_1_, contactdat1_.email3 as email7_1_1_, contactdat1_.firstname as firstnam8_1_1_, contactdat1_.home as home9_1_1_, contactdat1_.lastname as lastnam10_1_1_, contactdat1_.middlename as middlen11_1_1_, contactdat1_.mobile as mobile12_1_1_, contactdat1_.photo as photo13_1_1_, contactdat1_.work as work14_1_1_ from address_in_groups contacts0_ inner join addressbook contactdat1_ on contacts0_.id=contactdat1_.id where contacts0_.group_id=?
Hibernate: select contacts0_.group_id as group_id2_0_0_, contacts0_.id as id1_0_0_, contactdat1_.id as id1_1_1_, contactdat1_.address as address2_1_1_, contactdat1_.bmonth as bmonth3_1_1_, contactdat1_.byear as byear4_1_1_, contactdat1_.email as email5_1_1_, contactdat1_.email2 as email6_1_1_, contactdat1_.email3 as email7_1_1_, contactdat1_.firstname as firstnam8_1_1_, contactdat1_.home as home9_1_1_, contactdat1_.lastname as lastnam10_1_1_, contactdat1_.middlename as middlen11_1_1_, contactdat1_.mobile as mobile12_1_1_, contactdat1_.photo as photo13_1_1_, contactdat1_.work as work14_1_1_ from address_in_groups contacts0_ inner join addressbook contactdat1_ on contacts0_.id=contactdat1_.id where contacts0_.group_id=?
Hibernate: select contacts0_.group_id as group_id2_0_0_, contacts0_.id as id1_0_0_, contactdat1_.id as id1_1_1_, contactdat1_.address as address2_1_1_, contactdat1_.bmonth as bmonth3_1_1_, contactdat1_.byear as byear4_1_1_, contactdat1_.email as email5_1_1_, contactdat1_.email2 as email6_1_1_, contactdat1_.email3 as email7_1_1_, contactdat1_.firstname as firstnam8_1_1_, contactdat1_.home as home9_1_1_, contactdat1_.lastname as lastnam10_1_1_, contactdat1_.middlename as middlen11_1_1_, contactdat1_.mobile as mobile12_1_1_, contactdat1_.photo as photo13_1_1_, contactdat1_.work as work14_1_1_ from address_in_groups contacts0_ inner join addressbook contactdat1_ on contacts0_.id=contactdat1_.id where contacts0_.group_id=?
Hibernate: select contacts0_.group_id as group_id2_0_0_, contacts0_.id as id1_0_0_, contactdat1_.id as id1_1_1_, contactdat1_.address as address2_1_1_, contactdat1_.bmonth as bmonth3_1_1_, contactdat1_.byear as byear4_1_1_, contactdat1_.email as email5_1_1_, contactdat1_.email2 as email6_1_1_, contactdat1_.email3 as email7_1_1_, contactdat1_.firstname as firstnam8_1_1_, contactdat1_.home as home9_1_1_, contactdat1_.lastname as lastnam10_1_1_, contactdat1_.middlename as middlen11_1_1_, contactdat1_.mobile as mobile12_1_1_, contactdat1_.photo as photo13_1_1_, contactdat1_.work as work14_1_1_ from address_in_groups contacts0_ inner join addressbook contactdat1_ on contacts0_.id=contactdat1_.id where contacts0_.group_id=?
Hibernate: select contacts0_.group_id as group_id2_0_0_, contacts0_.id as id1_0_0_, contactdat1_.id as id1_1_1_, contactdat1_.address as address2_1_1_, contactdat1_.bmonth as bmonth3_1_1_, contactdat1_.byear as byear4_1_1_, contactdat1_.email as email5_1_1_, contactdat1_.email2 as email6_1_1_, contactdat1_.email3 as email7_1_1_, contactdat1_.firstname as firstnam8_1_1_, contactdat1_.home as home9_1_1_, contactdat1_.lastname as lastnam10_1_1_, contactdat1_.middlename as middlen11_1_1_, contactdat1_.mobile as mobile12_1_1_, contactdat1_.photo as photo13_1_1_, contactdat1_.work as work14_1_1_ from address_in_groups contacts0_ inner join addressbook contactdat1_ on contacts0_.id=contactdat1_.id where contacts0_.group_id=?
Hibernate: select contacts0_.group_id as group_id2_0_0_, contacts0_.id as id1_0_0_, contactdat1_.id as id1_1_1_, contactdat1_.address as address2_1_1_, contactdat1_.bmonth as bmonth3_1_1_, contactdat1_.byear as byear4_1_1_, contactdat1_.email as email5_1_1_, contactdat1_.email2 as email6_1_1_, contactdat1_.email3 as email7_1_1_, contactdat1_.firstname as firstnam8_1_1_, contactdat1_.home as home9_1_1_, contactdat1_.lastname as lastnam10_1_1_, contactdat1_.middlename as middlen11_1_1_, contactdat1_.mobile as mobile12_1_1_, contactdat1_.photo as photo13_1_1_, contactdat1_.work as work14_1_1_ from address_in_groups contacts0_ inner join addressbook contactdat1_ on contacts0_.id=contactdat1_.id where contacts0_.group_id=?
Hibernate: select contacts0_.group_id as group_id2_0_0_, contacts0_.id as id1_0_0_, contactdat1_.id as id1_1_1_, contactdat1_.address as address2_1_1_, contactdat1_.bmonth as bmonth3_1_1_, contactdat1_.byear as byear4_1_1_, contactdat1_.email as email5_1_1_, contactdat1_.email2 as email6_1_1_, contactdat1_.email3 as email7_1_1_, contactdat1_.firstname as firstnam8_1_1_, contactdat1_.home as home9_1_1_, contactdat1_.lastname as lastnam10_1_1_, contactdat1_.middlename as middlen11_1_1_, contactdat1_.mobile as mobile12_1_1_, contactdat1_.photo as photo13_1_1_, contactdat1_.work as work14_1_1_ from address_in_groups contacts0_ inner join addressbook contactdat1_ on contacts0_.id=contactdat1_.id where contacts0_.group_id=?
Hibernate: select contacts0_.group_id as group_id2_0_0_, contacts0_.id as id1_0_0_, contactdat1_.id as id1_1_1_, contactdat1_.address as address2_1_1_, contactdat1_.bmonth as bmonth3_1_1_, contactdat1_.byear as byear4_1_1_, contactdat1_.email as email5_1_1_, contactdat1_.email2 as email6_1_1_, contactdat1_.email3 as email7_1_1_, contactdat1_.firstname as firstnam8_1_1_, contactdat1_.home as home9_1_1_, contactdat1_.lastname as lastnam10_1_1_, contactdat1_.middlename as middlen11_1_1_, contactdat1_.mobile as mobile12_1_1_, contactdat1_.photo as photo13_1_1_, contactdat1_.work as work14_1_1_ from address_in_groups contacts0_ inner join addressbook contactdat1_ on contacts0_.id=contactdat1_.id where contacts0_.group_id=?
Hibernate: select contacts0_.group_id as group_id2_0_0_, contacts0_.id as id1_0_0_, contactdat1_.id as id1_1_1_, contactdat1_.address as address2_1_1_, contactdat1_.bmonth as bmonth3_1_1_, contactdat1_.byear as byear4_1_1_, contactdat1_.email as email5_1_1_, contactdat1_.email2 as email6_1_1_, contactdat1_.email3 as email7_1_1_, contactdat1_.firstname as firstnam8_1_1_, contactdat1_.home as home9_1_1_, contactdat1_.lastname as lastnam10_1_1_, contactdat1_.middlename as middlen11_1_1_, contactdat1_.mobile as mobile12_1_1_, contactdat1_.photo as photo13_1_1_, contactdat1_.work as work14_1_1_ from address_in_groups contacts0_ inner join addressbook contactdat1_ on contacts0_.id=contactdat1_.id where contacts0_.group_id=?
Hibernate: select contacts0_.group_id as group_id2_0_0_, contacts0_.id as id1_0_0_, contactdat1_.id as id1_1_1_, contactdat1_.address as address2_1_1_, contactdat1_.bmonth as bmonth3_1_1_, contactdat1_.byear as byear4_1_1_, contactdat1_.email as email5_1_1_, contactdat1_.email2 as email6_1_1_, contactdat1_.email3 as email7_1_1_, contactdat1_.firstname as firstnam8_1_1_, contactdat1_.home as home9_1_1_, contactdat1_.lastname as lastnam10_1_1_, contactdat1_.middlename as middlen11_1_1_, contactdat1_.mobile as mobile12_1_1_, contactdat1_.photo as photo13_1_1_, contactdat1_.work as work14_1_1_ from address_in_groups contacts0_ inner join addressbook contactdat1_ on contacts0_.id=contactdat1_.id where contacts0_.group_id=?
Hibernate: select contacts0_.group_id as group_id2_0_0_, contacts0_.id as id1_0_0_, contactdat1_.id as id1_1_1_, contactdat1_.address as address2_1_1_, contactdat1_.bmonth as bmonth3_1_1_, contactdat1_.byear as byear4_1_1_, contactdat1_.email as email5_1_1_, contactdat1_.email2 as email6_1_1_, contactdat1_.email3 as email7_1_1_, contactdat1_.firstname as firstnam8_1_1_, contactdat1_.home as home9_1_1_, contactdat1_.lastname as lastnam10_1_1_, contactdat1_.middlename as middlen11_1_1_, contactdat1_.mobile as mobile12_1_1_, contactdat1_.photo as photo13_1_1_, contactdat1_.work as work14_1_1_ from address_in_groups contacts0_ inner join addressbook contactdat1_ on contacts0_.id=contactdat1_.id where contacts0_.group_id=?
22:10:43.817 [Test worker] INFO  r.s.pft.addressbook.tests.TestBase - End testtestGroupCreation
22:10:43.817 [Test worker] INFO  r.s.pft.addressbook.tests.TestBase - Start testtestGroupCreation with parameters [GroupData{id='0', name='test 2'}]
Hibernate: select groupdata0_.group_id as group_id1_2_, groupdata0_.group_footer as group_fo2_2_, groupdata0_.group_header as group_he3_2_, groupdata0_.group_name as group_na4_2_ from group_list groupdata0_
Hibernate: select contacts0_.group_id as group_id2_0_0_, contacts0_.id as id1_0_0_, contactdat1_.id as id1_1_1_, contactdat1_.address as address2_1_1_, contactdat1_.bmonth as bmonth3_1_1_, contactdat1_.byear as byear4_1_1_, contactdat1_.email as email5_1_1_, contactdat1_.email2 as email6_1_1_, contactdat1_.email3 as email7_1_1_, contactdat1_.firstname as firstnam8_1_1_, contactdat1_.home as home9_1_1_, contactdat1_.lastname as lastnam10_1_1_, contactdat1_.middlename as middlen11_1_1_, contactdat1_.mobile as mobile12_1_1_, contactdat1_.photo as photo13_1_1_, contactdat1_.work as work14_1_1_ from address_in_groups contacts0_ inner join addressbook contactdat1_ on contacts0_.id=contactdat1_.id where contacts0_.group_id=?
Hibernate: select contacts0_.group_id as group_id2_0_0_, contacts0_.id as id1_0_0_, contactdat1_.id as id1_1_1_, contactdat1_.address as address2_1_1_, contactdat1_.bmonth as bmonth3_1_1_, contactdat1_.byear as byear4_1_1_, contactdat1_.email as email5_1_1_, contactdat1_.email2 as email6_1_1_, contactdat1_.email3 as email7_1_1_, contactdat1_.firstname as firstnam8_1_1_, contactdat1_.home as home9_1_1_, contactdat1_.lastname as lastnam10_1_1_, contactdat1_.middlename as middlen11_1_1_, contactdat1_.mobile as mobile12_1_1_, contactdat1_.photo as photo13_1_1_, contactdat1_.work as work14_1_1_ from address_in_groups contacts0_ inner join addressbook contactdat1_ on contacts0_.id=contactdat1_.id where contacts0_.group_id=?
Hibernate: select contacts0_.group_id as group_id2_0_0_, contacts0_.id as id1_0_0_, contactdat1_.id as id1_1_1_, contactdat1_.address as address2_1_1_, contactdat1_.bmonth as bmonth3_1_1_, contactdat1_.byear as byear4_1_1_, contactdat1_.email as email5_1_1_, contactdat1_.email2 as email6_1_1_, contactdat1_.email3 as email7_1_1_, contactdat1_.firstname as firstnam8_1_1_, contactdat1_.home as home9_1_1_, contactdat1_.lastname as lastnam10_1_1_, contactdat1_.middlename as middlen11_1_1_, contactdat1_.mobile as mobile12_1_1_, contactdat1_.photo as photo13_1_1_, contactdat1_.work as work14_1_1_ from address_in_groups contacts0_ inner join addressbook contactdat1_ on contacts0_.id=contactdat1_.id where contacts0_.group_id=?
Hibernate: select contacts0_.group_id as group_id2_0_0_, contacts0_.id as id1_0_0_, contactdat1_.id as id1_1_1_, contactdat1_.address as address2_1_1_, contactdat1_.bmonth as bmonth3_1_1_, contactdat1_.byear as byear4_1_1_, contactdat1_.email as email5_1_1_, contactdat1_.email2 as email6_1_1_, contactdat1_.email3 as email7_1_1_, contactdat1_.firstname as firstnam8_1_1_, contactdat1_.home as home9_1_1_, contactdat1_.lastname as lastnam10_1_1_, contactdat1_.middlename as middlen11_1_1_, contactdat1_.mobile as mobile12_1_1_, contactdat1_.photo as photo13_1_1_, contactdat1_.work as work14_1_1_ from address_in_groups contacts0_ inner join addressbook contactdat1_ on contacts0_.id=contactdat1_.id where contacts0_.group_id=?
Hibernate: select contacts0_.group_id as group_id2_0_0_, contacts0_.id as id1_0_0_, contactdat1_.id as id1_1_1_, contactdat1_.address as address2_1_1_, contactdat1_.bmonth as bmonth3_1_1_, contactdat1_.byear as byear4_1_1_, contactdat1_.email as email5_1_1_, contactdat1_.email2 as email6_1_1_, contactdat1_.email3 as email7_1_1_, contactdat1_.firstname as firstnam8_1_1_, contactdat1_.home as home9_1_1_, contactdat1_.lastname as lastnam10_1_1_, contactdat1_.middlename as middlen11_1_1_, contactdat1_.mobile as mobile12_1_1_, contactdat1_.photo as photo13_1_1_, contactdat1_.work as work14_1_1_ from address_in_groups contacts0_ inner join addressbook contactdat1_ on contacts0_.id=contactdat1_.id where contacts0_.group_id=?
Hibernate: select contacts0_.group_id as group_id2_0_0_, contacts0_.id as id1_0_0_, contactdat1_.id as id1_1_1_, contactdat1_.address as address2_1_1_, contactdat1_.bmonth as bmonth3_1_1_, contactdat1_.byear as byear4_1_1_, contactdat1_.email as email5_1_1_, contactdat1_.email2 as email6_1_1_, contactdat1_.email3 as email7_1_1_, contactdat1_.firstname as firstnam8_1_1_, contactdat1_.home as home9_1_1_, contactdat1_.lastname as lastnam10_1_1_, contactdat1_.middlename as middlen11_1_1_, contactdat1_.mobile as mobile12_1_1_, contactdat1_.photo as photo13_1_1_, contactdat1_.work as work14_1_1_ from address_in_groups contacts0_ inner join addressbook contactdat1_ on contacts0_.id=contactdat1_.id where contacts0_.group_id=?
Hibernate: select contacts0_.group_id as group_id2_0_0_, contacts0_.id as id1_0_0_, contactdat1_.id as id1_1_1_, contactdat1_.address as address2_1_1_, contactdat1_.bmonth as bmonth3_1_1_, contactdat1_.byear as byear4_1_1_, contactdat1_.email as email5_1_1_, contactdat1_.email2 as email6_1_1_, contactdat1_.email3 as email7_1_1_, contactdat1_.firstname as firstnam8_1_1_, contactdat1_.home as home9_1_1_, contactdat1_.lastname as lastnam10_1_1_, contactdat1_.middlename as middlen11_1_1_, contactdat1_.mobile as mobile12_1_1_, contactdat1_.photo as photo13_1_1_, contactdat1_.work as work14_1_1_ from address_in_groups contacts0_ inner join addressbook contactdat1_ on contacts0_.id=contactdat1_.id where contacts0_.group_id=?
Hibernate: select contacts0_.group_id as group_id2_0_0_, contacts0_.id as id1_0_0_, contactdat1_.id as id1_1_1_, contactdat1_.address as address2_1_1_, contactdat1_.bmonth as bmonth3_1_1_, contactdat1_.byear as byear4_1_1_, contactdat1_.email as email5_1_1_, contactdat1_.email2 as email6_1_1_, contactdat1_.email3 as email7_1_1_, contactdat1_.firstname as firstnam8_1_1_, contactdat1_.home as home9_1_1_, contactdat1_.lastname as lastnam10_1_1_, contactdat1_.middlename as middlen11_1_1_, contactdat1_.mobile as mobile12_1_1_, contactdat1_.photo as photo13_1_1_, contactdat1_.work as work14_1_1_ from address_in_groups contacts0_ inner join addressbook contactdat1_ on contacts0_.id=contactdat1_.id where contacts0_.group_id=?
Hibernate: select contacts0_.group_id as group_id2_0_0_, contacts0_.id as id1_0_0_, contactdat1_.id as id1_1_1_, contactdat1_.address as address2_1_1_, contactdat1_.bmonth as bmonth3_1_1_, contactdat1_.byear as byear4_1_1_, contactdat1_.email as email5_1_1_, contactdat1_.email2 as email6_1_1_, contactdat1_.email3 as email7_1_1_, contactdat1_.firstname as firstnam8_1_1_, contactdat1_.home as home9_1_1_, contactdat1_.lastname as lastnam10_1_1_, contactdat1_.middlename as middlen11_1_1_, contactdat1_.mobile as mobile12_1_1_, contactdat1_.photo as photo13_1_1_, contactdat1_.work as work14_1_1_ from address_in_groups contacts0_ inner join addressbook contactdat1_ on contacts0_.id=contactdat1_.id where contacts0_.group_id=?
Hibernate: select contacts0_.group_id as group_id2_0_0_, contacts0_.id as id1_0_0_, contactdat1_.id as id1_1_1_, contactdat1_.address as address2_1_1_, contactdat1_.bmonth as bmonth3_1_1_, contactdat1_.byear as byear4_1_1_, contactdat1_.email as email5_1_1_, contactdat1_.email2 as email6_1_1_, contactdat1_.email3 as email7_1_1_, contactdat1_.firstname as firstnam8_1_1_, contactdat1_.home as home9_1_1_, contactdat1_.lastname as lastnam10_1_1_, contactdat1_.middlename as middlen11_1_1_, contactdat1_.mobile as mobile12_1_1_, contactdat1_.photo as photo13_1_1_, contactdat1_.work as work14_1_1_ from address_in_groups contacts0_ inner join addressbook contactdat1_ on contacts0_.id=contactdat1_.id where contacts0_.group_id=?
Hibernate: select contacts0_.group_id as group_id2_0_0_, contacts0_.id as id1_0_0_, contactdat1_.id as id1_1_1_, contactdat1_.address as address2_1_1_, contactdat1_.bmonth as bmonth3_1_1_, contactdat1_.byear as byear4_1_1_, contactdat1_.email as email5_1_1_, contactdat1_.email2 as email6_1_1_, contactdat1_.email3 as email7_1_1_, contactdat1_.firstname as firstnam8_1_1_, contactdat1_.home as home9_1_1_, contactdat1_.lastname as lastnam10_1_1_, contactdat1_.middlename as middlen11_1_1_, contactdat1_.mobile as mobile12_1_1_, contactdat1_.photo as photo13_1_1_, contactdat1_.work as work14_1_1_ from address_in_groups contacts0_ inner join addressbook contactdat1_ on contacts0_.id=contactdat1_.id where contacts0_.group_id=?
Hibernate: select contacts0_.group_id as group_id2_0_0_, contacts0_.id as id1_0_0_, contactdat1_.id as id1_1_1_, contactdat1_.address as address2_1_1_, contactdat1_.bmonth as bmonth3_1_1_, contactdat1_.byear as byear4_1_1_, contactdat1_.email as email5_1_1_, contactdat1_.email2 as email6_1_1_, contactdat1_.email3 as email7_1_1_, contactdat1_.firstname as firstnam8_1_1_, contactdat1_.home as home9_1_1_, contactdat1_.lastname as lastnam10_1_1_, contactdat1_.middlename as middlen11_1_1_, contactdat1_.mobile as mobile12_1_1_, contactdat1_.photo as photo13_1_1_, contactdat1_.work as work14_1_1_ from address_in_groups contacts0_ inner join addressbook contactdat1_ on contacts0_.id=contactdat1_.id where contacts0_.group_id=?
Hibernate: select contacts0_.group_id as group_id2_0_0_, contacts0_.id as id1_0_0_, contactdat1_.id as id1_1_1_, contactdat1_.address as address2_1_1_, contactdat1_.bmonth as bmonth3_1_1_, contactdat1_.byear as byear4_1_1_, contactdat1_.email as email5_1_1_, contactdat1_.email2 as email6_1_1_, contactdat1_.email3 as email7_1_1_, contactdat1_.firstname as firstnam8_1_1_, contactdat1_.home as home9_1_1_, contactdat1_.lastname as lastnam10_1_1_, contactdat1_.middlename as middlen11_1_1_, contactdat1_.mobile as mobile12_1_1_, contactdat1_.photo as photo13_1_1_, contactdat1_.work as work14_1_1_ from address_in_groups contacts0_ inner join addressbook contactdat1_ on contacts0_.id=contactdat1_.id where contacts0_.group_id=?
Hibernate: select contacts0_.group_id as group_id2_0_0_, contacts0_.id as id1_0_0_, contactdat1_.id as id1_1_1_, contactdat1_.address as address2_1_1_, contactdat1_.bmonth as bmonth3_1_1_, contactdat1_.byear as byear4_1_1_, contactdat1_.email as email5_1_1_, contactdat1_.email2 as email6_1_1_, contactdat1_.email3 as email7_1_1_, contactdat1_.firstname as firstnam8_1_1_, contactdat1_.home as home9_1_1_, contactdat1_.lastname as lastnam10_1_1_, contactdat1_.middlename as middlen11_1_1_, contactdat1_.mobile as mobile12_1_1_, contactdat1_.photo as photo13_1_1_, contactdat1_.work as work14_1_1_ from address_in_groups contacts0_ inner join addressbook contactdat1_ on contacts0_.id=contactdat1_.id where contacts0_.group_id=?
Hibernate: select contacts0_.group_id as group_id2_0_0_, contacts0_.id as id1_0_0_, contactdat1_.id as id1_1_1_, contactdat1_.address as address2_1_1_, contactdat1_.bmonth as bmonth3_1_1_, contactdat1_.byear as byear4_1_1_, contactdat1_.email as email5_1_1_, contactdat1_.email2 as email6_1_1_, contactdat1_.email3 as email7_1_1_, contactdat1_.firstname as firstnam8_1_1_, contactdat1_.home as home9_1_1_, contactdat1_.lastname as lastnam10_1_1_, contactdat1_.middlename as middlen11_1_1_, contactdat1_.mobile as mobile12_1_1_, contactdat1_.photo as photo13_1_1_, contactdat1_.work as work14_1_1_ from address_in_groups contacts0_ inner join addressbook contactdat1_ on contacts0_.id=contactdat1_.id where contacts0_.group_id=?
Hibernate: select contacts0_.group_id as group_id2_0_0_, contacts0_.id as id1_0_0_, contactdat1_.id as id1_1_1_, contactdat1_.address as address2_1_1_, contactdat1_.bmonth as bmonth3_1_1_, contactdat1_.byear as byear4_1_1_, contactdat1_.email as email5_1_1_, contactdat1_.email2 as email6_1_1_, contactdat1_.email3 as email7_1_1_, contactdat1_.firstname as firstnam8_1_1_, contactdat1_.home as home9_1_1_, contactdat1_.lastname as lastnam10_1_1_, contactdat1_.middlename as middlen11_1_1_, contactdat1_.mobile as mobile12_1_1_, contactdat1_.photo as photo13_1_1_, contactdat1_.work as work14_1_1_ from address_in_groups contacts0_ inner join addressbook contactdat1_ on contacts0_.id=contactdat1_.id where contacts0_.group_id=?
Hibernate: select contacts0_.group_id as group_id2_0_0_, contacts0_.id as id1_0_0_, contactdat1_.id as id1_1_1_, contactdat1_.address as address2_1_1_, contactdat1_.bmonth as bmonth3_1_1_, contactdat1_.byear as byear4_1_1_, contactdat1_.email as email5_1_1_, contactdat1_.email2 as email6_1_1_, contactdat1_.email3 as email7_1_1_, contactdat1_.firstname as firstnam8_1_1_, contactdat1_.home as home9_1_1_, contactdat1_.lastname as lastnam10_1_1_, contactdat1_.middlename as middlen11_1_1_, contactdat1_.mobile as mobile12_1_1_, contactdat1_.photo as photo13_1_1_, contactdat1_.work as work14_1_1_ from address_in_groups contacts0_ inner join addressbook contactdat1_ on contacts0_.id=contactdat1_.id where contacts0_.group_id=?
Hibernate: select contacts0_.group_id as group_id2_0_0_, contacts0_.id as id1_0_0_, contactdat1_.id as id1_1_1_, contactdat1_.address as address2_1_1_, contactdat1_.bmonth as bmonth3_1_1_, contactdat1_.byear as byear4_1_1_, contactdat1_.email as email5_1_1_, contactdat1_.email2 as email6_1_1_, contactdat1_.email3 as email7_1_1_, contactdat1_.firstname as firstnam8_1_1_, contactdat1_.home as home9_1_1_, contactdat1_.lastname as lastnam10_1_1_, contactdat1_.middlename as middlen11_1_1_, contactdat1_.mobile as mobile12_1_1_, contactdat1_.photo as photo13_1_1_, contactdat1_.work as work14_1_1_ from address_in_groups contacts0_ inner join addressbook contactdat1_ on contacts0_.id=contactdat1_.id where contacts0_.group_id=?
Hibernate: select contacts0_.group_id as group_id2_0_0_, contacts0_.id as id1_0_0_, contactdat1_.id as id1_1_1_, contactdat1_.address as address2_1_1_, contactdat1_.bmonth as bmonth3_1_1_, contactdat1_.byear as byear4_1_1_, contactdat1_.email as email5_1_1_, contactdat1_.email2 as email6_1_1_, contactdat1_.email3 as email7_1_1_, contactdat1_.firstname as firstnam8_1_1_, contactdat1_.home as home9_1_1_, contactdat1_.lastname as lastnam10_1_1_, contactdat1_.middlename as middlen11_1_1_, contactdat1_.mobile as mobile12_1_1_, contactdat1_.photo as photo13_1_1_, contactdat1_.work as work14_1_1_ from address_in_groups contacts0_ inner join addressbook contactdat1_ on contacts0_.id=contactdat1_.id where contacts0_.group_id=?
Hibernate: select contacts0_.group_id as group_id2_0_0_, contacts0_.id as id1_0_0_, contactdat1_.id as id1_1_1_, contactdat1_.address as address2_1_1_, contactdat1_.bmonth as bmonth3_1_1_, contactdat1_.byear as byear4_1_1_, contactdat1_.email as email5_1_1_, contactdat1_.email2 as email6_1_1_, contactdat1_.email3 as email7_1_1_, contactdat1_.firstname as firstnam8_1_1_, contactdat1_.home as home9_1_1_, contactdat1_.lastname as lastnam10_1_1_, contactdat1_.middlename as middlen11_1_1_, contactdat1_.mobile as mobile12_1_1_, contactdat1_.photo as photo13_1_1_, contactdat1_.work as work14_1_1_ from address_in_groups contacts0_ inner join addressbook contactdat1_ on contacts0_.id=contactdat1_.id where contacts0_.group_id=?
Hibernate: select contacts0_.group_id as group_id2_0_0_, contacts0_.id as id1_0_0_, contactdat1_.id as id1_1_1_, contactdat1_.address as address2_1_1_, contactdat1_.bmonth as bmonth3_1_1_, contactdat1_.byear as byear4_1_1_, contactdat1_.email as email5_1_1_, contactdat1_.email2 as email6_1_1_, contactdat1_.email3 as email7_1_1_, contactdat1_.firstname as firstnam8_1_1_, contactdat1_.home as home9_1_1_, contactdat1_.lastname as lastnam10_1_1_, contactdat1_.middlename as middlen11_1_1_, contactdat1_.mobile as mobile12_1_1_, contactdat1_.photo as photo13_1_1_, contactdat1_.work as work14_1_1_ from address_in_groups contacts0_ inner join addressbook contactdat1_ on contacts0_.id=contactdat1_.id where contacts0_.group_id=?
Hibernate: select contacts0_.group_id as group_id2_0_0_, contacts0_.id as id1_0_0_, contactdat1_.id as id1_1_1_, contactdat1_.address as address2_1_1_, contactdat1_.bmonth as bmonth3_1_1_, contactdat1_.byear as byear4_1_1_, contactdat1_.email as email5_1_1_, contactdat1_.email2 as email6_1_1_, contactdat1_.email3 as email7_1_1_, contactdat1_.firstname as firstnam8_1_1_, contactdat1_.home as home9_1_1_, contactdat1_.lastname as lastnam10_1_1_, contactdat1_.middlename as middlen11_1_1_, contactdat1_.mobile as mobile12_1_1_, contactdat1_.photo as photo13_1_1_, contactdat1_.work as work14_1_1_ from address_in_groups contacts0_ inner join addressbook contactdat1_ on contacts0_.id=contactdat1_.id where contacts0_.group_id=?
Hibernate: select contacts0_.group_id as group_id2_0_0_, contacts0_.id as id1_0_0_, contactdat1_.id as id1_1_1_, contactdat1_.address as address2_1_1_, contactdat1_.bmonth as bmonth3_1_1_, contactdat1_.byear as byear4_1_1_, contactdat1_.email as email5_1_1_, contactdat1_.email2 as email6_1_1_, contactdat1_.email3 as email7_1_1_, contactdat1_.firstname as firstnam8_1_1_, contactdat1_.home as home9_1_1_, contactdat1_.lastname as lastnam10_1_1_, contactdat1_.middlename as middlen11_1_1_, contactdat1_.mobile as mobile12_1_1_, contactdat1_.photo as photo13_1_1_, contactdat1_.work as work14_1_1_ from address_in_groups contacts0_ inner join addressbook contactdat1_ on contacts0_.id=contactdat1_.id where contacts0_.group_id=?
Hibernate: select contacts0_.group_id as group_id2_0_0_, contacts0_.id as id1_0_0_, contactdat1_.id as id1_1_1_, contactdat1_.address as address2_1_1_, contactdat1_.bmonth as bmonth3_1_1_, contactdat1_.byear as byear4_1_1_, contactdat1_.email as email5_1_1_, contactdat1_.email2 as email6_1_1_, contactdat1_.email3 as email7_1_1_, contactdat1_.firstname as firstnam8_1_1_, contactdat1_.home as home9_1_1_, contactdat1_.lastname as lastnam10_1_1_, contactdat1_.middlename as middlen11_1_1_, contactdat1_.mobile as mobile12_1_1_, contactdat1_.photo as photo13_1_1_, contactdat1_.work as work14_1_1_ from address_in_groups contacts0_ inner join addressbook contactdat1_ on contacts0_.id=contactdat1_.id where contacts0_.group_id=?
Hibernate: select contacts0_.group_id as group_id2_0_0_, contacts0_.id as id1_0_0_, contactdat1_.id as id1_1_1_, contactdat1_.address as address2_1_1_, contactdat1_.bmonth as bmonth3_1_1_, contactdat1_.byear as byear4_1_1_, contactdat1_.email as email5_1_1_, contactdat1_.email2 as email6_1_1_, contactdat1_.email3 as email7_1_1_, contactdat1_.firstname as firstnam8_1_1_, contactdat1_.home as home9_1_1_, contactdat1_.lastname as lastnam10_1_1_, contactdat1_.middlename as middlen11_1_1_, contactdat1_.mobile as mobile12_1_1_, contactdat1_.photo as photo13_1_1_, contactdat1_.work as work14_1_1_ from address_in_groups contacts0_ inner join addressbook contactdat1_ on contacts0_.id=contactdat1_.id where contacts0_.group_id=?
Hibernate: select contacts0_.group_id as group_id2_0_0_, contacts0_.id as id1_0_0_, contactdat1_.id as id1_1_1_, contactdat1_.address as address2_1_1_, contactdat1_.bmonth as bmonth3_1_1_, contactdat1_.byear as byear4_1_1_, contactdat1_.email as email5_1_1_, contactdat1_.email2 as email6_1_1_, contactdat1_.email3 as email7_1_1_, contactdat1_.firstname as firstnam8_1_1_, contactdat1_.home as home9_1_1_, contactdat1_.lastname as lastnam10_1_1_, contactdat1_.middlename as middlen11_1_1_, contactdat1_.mobile as mobile12_1_1_, contactdat1_.photo as photo13_1_1_, contactdat1_.work as work14_1_1_ from address_in_groups contacts0_ inner join addressbook contactdat1_ on contacts0_.id=contactdat1_.id where contacts0_.group_id=?
Hibernate: select contacts0_.group_id as group_id2_0_0_, contacts0_.id as id1_0_0_, contactdat1_.id as id1_1_1_, contactdat1_.address as address2_1_1_, contactdat1_.bmonth as bmonth3_1_1_, contactdat1_.byear as byear4_1_1_, contactdat1_.email as email5_1_1_, contactdat1_.email2 as email6_1_1_, contactdat1_.email3 as email7_1_1_, contactdat1_.firstname as firstnam8_1_1_, contactdat1_.home as home9_1_1_, contactdat1_.lastname as lastnam10_1_1_, contactdat1_.middlename as middlen11_1_1_, contactdat1_.mobile as mobile12_1_1_, contactdat1_.photo as photo13_1_1_, contactdat1_.work as work14_1_1_ from address_in_groups contacts0_ inner join addressbook contactdat1_ on contacts0_.id=contactdat1_.id where contacts0_.group_id=?
Hibernate: select contacts0_.group_id as group_id2_0_0_, contacts0_.id as id1_0_0_, contactdat1_.id as id1_1_1_, contactdat1_.address as address2_1_1_, contactdat1_.bmonth as bmonth3_1_1_, contactdat1_.byear as byear4_1_1_, contactdat1_.email as email5_1_1_, contactdat1_.email2 as email6_1_1_, contactdat1_.email3 as email7_1_1_, contactdat1_.firstname as firstnam8_1_1_, contactdat1_.home as home9_1_1_, contactdat1_.lastname as lastnam10_1_1_, contactdat1_.middlename as middlen11_1_1_, contactdat1_.mobile as mobile12_1_1_, contactdat1_.photo as photo13_1_1_, contactdat1_.work as work14_1_1_ from address_in_groups contacts0_ inner join addressbook contactdat1_ on contacts0_.id=contactdat1_.id where contacts0_.group_id=?
Hibernate: select contacts0_.group_id as group_id2_0_0_, contacts0_.id as id1_0_0_, contactdat1_.id as id1_1_1_, contactdat1_.address as address2_1_1_, contactdat1_.bmonth as bmonth3_1_1_, contactdat1_.byear as byear4_1_1_, contactdat1_.email as email5_1_1_, contactdat1_.email2 as email6_1_1_, contactdat1_.email3 as email7_1_1_, contactdat1_.firstname as firstnam8_1_1_, contactdat1_.home as home9_1_1_, contactdat1_.lastname as lastnam10_1_1_, contactdat1_.middlename as middlen11_1_1_, contactdat1_.mobile as mobile12_1_1_, contactdat1_.photo as photo13_1_1_, contactdat1_.work as work14_1_1_ from address_in_groups contacts0_ inner join addressbook contactdat1_ on contacts0_.id=contactdat1_.id where contacts0_.group_id=?
Hibernate: select contacts0_.group_id as group_id2_0_0_, contacts0_.id as id1_0_0_, contactdat1_.id as id1_1_1_, contactdat1_.address as address2_1_1_, contactdat1_.bmonth as bmonth3_1_1_, contactdat1_.byear as byear4_1_1_, contactdat1_.email as email5_1_1_, contactdat1_.email2 as email6_1_1_, contactdat1_.email3 as email7_1_1_, contactdat1_.firstname as firstnam8_1_1_, contactdat1_.home as home9_1_1_, contactdat1_.lastname as lastnam10_1_1_, contactdat1_.middlename as middlen11_1_1_, contactdat1_.mobile as mobile12_1_1_, contactdat1_.photo as photo13_1_1_, contactdat1_.work as work14_1_1_ from address_in_groups contacts0_ inner join addressbook contactdat1_ on contacts0_.id=contactdat1_.id where contacts0_.group_id=?
Hibernate: select contacts0_.group_id as group_id2_0_0_, contacts0_.id as id1_0_0_, contactdat1_.id as id1_1_1_, contactdat1_.address as address2_1_1_, contactdat1_.bmonth as bmonth3_1_1_, contactdat1_.byear as byear4_1_1_, contactdat1_.email as email5_1_1_, contactdat1_.email2 as email6_1_1_, contactdat1_.email3 as email7_1_1_, contactdat1_.firstname as firstnam8_1_1_, contactdat1_.home as home9_1_1_, contactdat1_.lastname as lastnam10_1_1_, contactdat1_.middlename as middlen11_1_1_, contactdat1_.mobile as mobile12_1_1_, contactdat1_.photo as photo13_1_1_, contactdat1_.work as work14_1_1_ from address_in_groups contacts0_ inner join addressbook contactdat1_ on contacts0_.id=contactdat1_.id where contacts0_.group_id=?
Hibernate: select contacts0_.group_id as group_id2_0_0_, contacts0_.id as id1_0_0_, contactdat1_.id as id1_1_1_, contactdat1_.address as address2_1_1_, contactdat1_.bmonth as bmonth3_1_1_, contactdat1_.byear as byear4_1_1_, contactdat1_.email as email5_1_1_, contactdat1_.email2 as email6_1_1_, contactdat1_.email3 as email7_1_1_, contactdat1_.firstname as firstnam8_1_1_, contactdat1_.home as home9_1_1_, contactdat1_.lastname as lastnam10_1_1_, contactdat1_.middlename as middlen11_1_1_, contactdat1_.mobile as mobile12_1_1_, contactdat1_.photo as photo13_1_1_, contactdat1_.work as work14_1_1_ from address_in_groups contacts0_ inner join addressbook contactdat1_ on contacts0_.id=contactdat1_.id where contacts0_.group_id=?
Hibernate: select contacts0_.group_id as group_id2_0_0_, contacts0_.id as id1_0_0_, contactdat1_.id as id1_1_1_, contactdat1_.address as address2_1_1_, contactdat1_.bmonth as bmonth3_1_1_, contactdat1_.byear as byear4_1_1_, contactdat1_.email as email5_1_1_, contactdat1_.email2 as email6_1_1_, contactdat1_.email3 as email7_1_1_, contactdat1_.firstname as firstnam8_1_1_, contactdat1_.home as home9_1_1_, contactdat1_.lastname as lastnam10_1_1_, contactdat1_.middlename as middlen11_1_1_, contactdat1_.mobile as mobile12_1_1_, contactdat1_.photo as photo13_1_1_, contactdat1_.work as work14_1_1_ from address_in_groups contacts0_ inner join addressbook contactdat1_ on contacts0_.id=contactdat1_.id where contacts0_.group_id=?
Hibernate: select contacts0_.group_id as group_id2_0_0_, contacts0_.id as id1_0_0_, contactdat1_.id as id1_1_1_, contactdat1_.address as address2_1_1_, contactdat1_.bmonth as bmonth3_1_1_, contactdat1_.byear as byear4_1_1_, contactdat1_.email as email5_1_1_, contactdat1_.email2 as email6_1_1_, contactdat1_.email3 as email7_1_1_, contactdat1_.firstname as firstnam8_1_1_, contactdat1_.home as home9_1_1_, contactdat1_.lastname as lastnam10_1_1_, contactdat1_.middlename as middlen11_1_1_, contactdat1_.mobile as mobile12_1_1_, contactdat1_.photo as photo13_1_1_, contactdat1_.work as work14_1_1_ from address_in_groups contacts0_ inner join addressbook contactdat1_ on contacts0_.id=contactdat1_.id where contacts0_.group_id=?
Hibernate: select contacts0_.group_id as group_id2_0_0_, contacts0_.id as id1_0_0_, contactdat1_.id as id1_1_1_, contactdat1_.address as address2_1_1_, contactdat1_.bmonth as bmonth3_1_1_, contactdat1_.byear as byear4_1_1_, contactdat1_.email as email5_1_1_, contactdat1_.email2 as email6_1_1_, contactdat1_.email3 as email7_1_1_, contactdat1_.firstname as firstnam8_1_1_, contactdat1_.home as home9_1_1_, contactdat1_.lastname as lastnam10_1_1_, contactdat1_.middlename as middlen11_1_1_, contactdat1_.mobile as mobile12_1_1_, contactdat1_.photo as photo13_1_1_, contactdat1_.work as work14_1_1_ from address_in_groups contacts0_ inner join addressbook contactdat1_ on contacts0_.id=contactdat1_.id where contacts0_.group_id=?
Hibernate: select contacts0_.group_id as group_id2_0_0_, contacts0_.id as id1_0_0_, contactdat1_.id as id1_1_1_, contactdat1_.address as address2_1_1_, contactdat1_.bmonth as bmonth3_1_1_, contactdat1_.byear as byear4_1_1_, contactdat1_.email as email5_1_1_, contactdat1_.email2 as email6_1_1_, contactdat1_.email3 as email7_1_1_, contactdat1_.firstname as firstnam8_1_1_, contactdat1_.home as home9_1_1_, contactdat1_.lastname as lastnam10_1_1_, contactdat1_.middlename as middlen11_1_1_, contactdat1_.mobile as mobile12_1_1_, contactdat1_.photo as photo13_1_1_, contactdat1_.work as work14_1_1_ from address_in_groups contacts0_ inner join addressbook contactdat1_ on contacts0_.id=contactdat1_.id where contacts0_.group_id=?
Hibernate: select contacts0_.group_id as group_id2_0_0_, contacts0_.id as id1_0_0_, contactdat1_.id as id1_1_1_, contactdat1_.address as address2_1_1_, contactdat1_.bmonth as bmonth3_1_1_, contactdat1_.byear as byear4_1_1_, contactdat1_.email as email5_1_1_, contactdat1_.email2 as email6_1_1_, contactdat1_.email3 as email7_1_1_, contactdat1_.firstname as firstnam8_1_1_, contactdat1_.home as home9_1_1_, contactdat1_.lastname as lastnam10_1_1_, contactdat1_.middlename as middlen11_1_1_, contactdat1_.mobile as mobile12_1_1_, contactdat1_.photo as photo13_1_1_, contactdat1_.work as work14_1_1_ from address_in_groups contacts0_ inner join addressbook contactdat1_ on contacts0_.id=contactdat1_.id where contacts0_.group_id=?
Hibernate: select contacts0_.group_id as group_id2_0_0_, contacts0_.id as id1_0_0_, contactdat1_.id as id1_1_1_, contactdat1_.address as address2_1_1_, contactdat1_.bmonth as bmonth3_1_1_, contactdat1_.byear as byear4_1_1_, contactdat1_.email as email5_1_1_, contactdat1_.email2 as email6_1_1_, contactdat1_.email3 as email7_1_1_, contactdat1_.firstname as firstnam8_1_1_, contactdat1_.home as home9_1_1_, contactdat1_.lastname as lastnam10_1_1_, contactdat1_.middlename as middlen11_1_1_, contactdat1_.mobile as mobile12_1_1_, contactdat1_.photo as photo13_1_1_, contactdat1_.work as work14_1_1_ from address_in_groups contacts0_ inner join addressbook contactdat1_ on contacts0_.id=contactdat1_.id where contacts0_.group_id=?
Hibernate: select contacts0_.group_id as group_id2_0_0_, contacts0_.id as id1_0_0_, contactdat1_.id as id1_1_1_, contactdat1_.address as address2_1_1_, contactdat1_.bmonth as bmonth3_1_1_, contactdat1_.byear as byear4_1_1_, contactdat1_.email as email5_1_1_, contactdat1_.email2 as email6_1_1_, contactdat1_.email3 as email7_1_1_, contactdat1_.firstname as firstnam8_1_1_, contactdat1_.home as home9_1_1_, contactdat1_.lastname as lastnam10_1_1_, contactdat1_.middlename as middlen11_1_1_, contactdat1_.mobile as mobile12_1_1_, contactdat1_.photo as photo13_1_1_, contactdat1_.work as work14_1_1_ from address_in_groups contacts0_ inner join addressbook contactdat1_ on contacts0_.id=contactdat1_.id where contacts0_.group_id=?
Hibernate: select contacts0_.group_id as group_id2_0_0_, contacts0_.id as id1_0_0_, contactdat1_.id as id1_1_1_, contactdat1_.address as address2_1_1_, contactdat1_.bmonth as bmonth3_1_1_, contactdat1_.byear as byear4_1_1_, contactdat1_.email as email5_1_1_, contactdat1_.email2 as email6_1_1_, contactdat1_.email3 as email7_1_1_, contactdat1_.firstname as firstnam8_1_1_, contactdat1_.home as home9_1_1_, contactdat1_.lastname as lastnam10_1_1_, contactdat1_.middlename as middlen11_1_1_, contactdat1_.mobile as mobile12_1_1_, contactdat1_.photo as photo13_1_1_, contactdat1_.work as work14_1_1_ from address_in_groups contacts0_ inner join addressbook contactdat1_ on contacts0_.id=contactdat1_.id where contacts0_.group_id=?
Hibernate: select contacts0_.group_id as group_id2_0_0_, contacts0_.id as id1_0_0_, contactdat1_.id as id1_1_1_, contactdat1_.address as address2_1_1_, contactdat1_.bmonth as bmonth3_1_1_, contactdat1_.byear as byear4_1_1_, contactdat1_.email as email5_1_1_, contactdat1_.email2 as email6_1_1_, contactdat1_.email3 as email7_1_1_, contactdat1_.firstname as firstnam8_1_1_, contactdat1_.home as home9_1_1_, contactdat1_.lastname as lastnam10_1_1_, contactdat1_.middlename as middlen11_1_1_, contactdat1_.mobile as mobile12_1_1_, contactdat1_.photo as photo13_1_1_, contactdat1_.work as work14_1_1_ from address_in_groups contacts0_ inner join addressbook contactdat1_ on contacts0_.id=contactdat1_.id where contacts0_.group_id=?
Hibernate: select contacts0_.group_id as group_id2_0_0_, contacts0_.id as id1_0_0_, contactdat1_.id as id1_1_1_, contactdat1_.address as address2_1_1_, contactdat1_.bmonth as bmonth3_1_1_, contactdat1_.byear as byear4_1_1_, contactdat1_.email as email5_1_1_, contactdat1_.email2 as email6_1_1_, contactdat1_.email3 as email7_1_1_, contactdat1_.firstname as firstnam8_1_1_, contactdat1_.home as home9_1_1_, contactdat1_.lastname as lastnam10_1_1_, contactdat1_.middlename as middlen11_1_1_, contactdat1_.mobile as mobile12_1_1_, contactdat1_.photo as photo13_1_1_, contactdat1_.work as work14_1_1_ from address_in_groups contacts0_ inner join addressbook contactdat1_ on contacts0_.id=contactdat1_.id where contacts0_.group_id=?
Hibernate: select contacts0_.group_id as group_id2_0_0_, contacts0_.id as id1_0_0_, contactdat1_.id as id1_1_1_, contactdat1_.address as address2_1_1_, contactdat1_.bmonth as bmonth3_1_1_, contactdat1_.byear as byear4_1_1_, contactdat1_.email as email5_1_1_, contactdat1_.email2 as email6_1_1_, contactdat1_.email3 as email7_1_1_, contactdat1_.firstname as firstnam8_1_1_, contactdat1_.home as home9_1_1_, contactdat1_.lastname as lastnam10_1_1_, contactdat1_.middlename as middlen11_1_1_, contactdat1_.mobile as mobile12_1_1_, contactdat1_.photo as photo13_1_1_, contactdat1_.work as work14_1_1_ from address_in_groups contacts0_ inner join addressbook contactdat1_ on contacts0_.id=contactdat1_.id where contacts0_.group_id=?
Hibernate: select contacts0_.group_id as group_id2_0_0_, contacts0_.id as id1_0_0_, contactdat1_.id as id1_1_1_, contactdat1_.address as address2_1_1_, contactdat1_.bmonth as bmonth3_1_1_, contactdat1_.byear as byear4_1_1_, contactdat1_.email as email5_1_1_, contactdat1_.email2 as email6_1_1_, contactdat1_.email3 as email7_1_1_, contactdat1_.firstname as firstnam8_1_1_, contactdat1_.home as home9_1_1_, contactdat1_.lastname as lastnam10_1_1_, contactdat1_.middlename as middlen11_1_1_, contactdat1_.mobile as mobile12_1_1_, contactdat1_.photo as photo13_1_1_, contactdat1_.work as work14_1_1_ from address_in_groups contacts0_ inner join addressbook contactdat1_ on contacts0_.id=contactdat1_.id where contacts0_.group_id=?
Hibernate: select contacts0_.group_id as group_id2_0_0_, contacts0_.id as id1_0_0_, contactdat1_.id as id1_1_1_, contactdat1_.address as address2_1_1_, contactdat1_.bmonth as bmonth3_1_1_, contactdat1_.byear as byear4_1_1_, contactdat1_.email as email5_1_1_, contactdat1_.email2 as email6_1_1_, contactdat1_.email3 as email7_1_1_, contactdat1_.firstname as firstnam8_1_1_, contactdat1_.home as home9_1_1_, contactdat1_.lastname as lastnam10_1_1_, contactdat1_.middlename as middlen11_1_1_, contactdat1_.mobile as mobile12_1_1_, contactdat1_.photo as photo13_1_1_, contactdat1_.work as work14_1_1_ from address_in_groups contacts0_ inner join addressbook contactdat1_ on contacts0_.id=contactdat1_.id where contacts0_.group_id=?
Hibernate: select contacts0_.group_id as group_id2_0_0_, contacts0_.id as id1_0_0_, contactdat1_.id as id1_1_1_, contactdat1_.address as address2_1_1_, contactdat1_.bmonth as bmonth3_1_1_, contactdat1_.byear as byear4_1_1_, contactdat1_.email as email5_1_1_, contactdat1_.email2 as email6_1_1_, contactdat1_.email3 as email7_1_1_, contactdat1_.firstname as firstnam8_1_1_, contactdat1_.home as home9_1_1_, contactdat1_.lastname as lastnam10_1_1_, contactdat1_.middlename as middlen11_1_1_, contactdat1_.mobile as mobile12_1_1_, contactdat1_.photo as photo13_1_1_, contactdat1_.work as work14_1_1_ from address_in_groups contacts0_ inner join addressbook contactdat1_ on contacts0_.id=contactdat1_.id where contacts0_.group_id=?
Hibernate: select contacts0_.group_id as group_id2_0_0_, contacts0_.id as id1_0_0_, contactdat1_.id as id1_1_1_, contactdat1_.address as address2_1_1_, contactdat1_.bmonth as bmonth3_1_1_, contactdat1_.byear as byear4_1_1_, contactdat1_.email as email5_1_1_, contactdat1_.email2 as email6_1_1_, contactdat1_.email3 as email7_1_1_, contactdat1_.firstname as firstnam8_1_1_, contactdat1_.home as home9_1_1_, contactdat1_.lastname as lastnam10_1_1_, contactdat1_.middlename as middlen11_1_1_, contactdat1_.mobile as mobile12_1_1_, contactdat1_.photo as photo13_1_1_, contactdat1_.work as work14_1_1_ from address_in_groups contacts0_ inner join addressbook contactdat1_ on contacts0_.id=contactdat1_.id where contacts0_.group_id=?
Hibernate: select contacts0_.group_id as group_id2_0_0_, contacts0_.id as id1_0_0_, contactdat1_.id as id1_1_1_, contactdat1_.address as address2_1_1_, contactdat1_.bmonth as bmonth3_1_1_, contactdat1_.byear as byear4_1_1_, contactdat1_.email as email5_1_1_, contactdat1_.email2 as email6_1_1_, contactdat1_.email3 as email7_1_1_, contactdat1_.firstname as firstnam8_1_1_, contactdat1_.home as home9_1_1_, contactdat1_.lastname as lastnam10_1_1_, contactdat1_.middlename as middlen11_1_1_, contactdat1_.mobile as mobile12_1_1_, contactdat1_.photo as photo13_1_1_, contactdat1_.work as work14_1_1_ from address_in_groups contacts0_ inner join addressbook contactdat1_ on contacts0_.id=contactdat1_.id where contacts0_.group_id=?
Hibernate: select contacts0_.group_id as group_id2_0_0_, contacts0_.id as id1_0_0_, contactdat1_.id as id1_1_1_, contactdat1_.address as address2_1_1_, contactdat1_.bmonth as bmonth3_1_1_, contactdat1_.byear as byear4_1_1_, contactdat1_.email as email5_1_1_, contactdat1_.email2 as email6_1_1_, contactdat1_.email3 as email7_1_1_, contactdat1_.firstname as firstnam8_1_1_, contactdat1_.home as home9_1_1_, contactdat1_.lastname as lastnam10_1_1_, contactdat1_.middlename as middlen11_1_1_, contactdat1_.mobile as mobile12_1_1_, contactdat1_.photo as photo13_1_1_, contactdat1_.work as work14_1_1_ from address_in_groups contacts0_ inner join addressbook contactdat1_ on contacts0_.id=contactdat1_.id where contacts0_.group_id=?
Hibernate: select contacts0_.group_id as group_id2_0_0_, contacts0_.id as id1_0_0_, contactdat1_.id as id1_1_1_, contactdat1_.address as address2_1_1_, contactdat1_.bmonth as bmonth3_1_1_, contactdat1_.byear as byear4_1_1_, contactdat1_.email as email5_1_1_, contactdat1_.email2 as email6_1_1_, contactdat1_.email3 as email7_1_1_, contactdat1_.firstname as firstnam8_1_1_, contactdat1_.home as home9_1_1_, contactdat1_.lastname as lastnam10_1_1_, contactdat1_.middlename as middlen11_1_1_, contactdat1_.mobile as mobile12_1_1_, contactdat1_.photo as photo13_1_1_, contactdat1_.work as work14_1_1_ from address_in_groups contacts0_ inner join addressbook contactdat1_ on contacts0_.id=contactdat1_.id where contacts0_.group_id=?
Hibernate: select contacts0_.group_id as group_id2_0_0_, contacts0_.id as id1_0_0_, contactdat1_.id as id1_1_1_, contactdat1_.address as address2_1_1_, contactdat1_.bmonth as bmonth3_1_1_, contactdat1_.byear as byear4_1_1_, contactdat1_.email as email5_1_1_, contactdat1_.email2 as email6_1_1_, contactdat1_.email3 as email7_1_1_, contactdat1_.firstname as firstnam8_1_1_, contactdat1_.home as home9_1_1_, contactdat1_.lastname as lastnam10_1_1_, contactdat1_.middlename as middlen11_1_1_, contactdat1_.mobile as mobile12_1_1_, contactdat1_.photo as photo13_1_1_, contactdat1_.work as work14_1_1_ from address_in_groups contacts0_ inner join addressbook contactdat1_ on contacts0_.id=contactdat1_.id where contacts0_.group_id=?
Hibernate: select contacts0_.group_id as group_id2_0_0_, contacts0_.id as id1_0_0_, contactdat1_.id as id1_1_1_, contactdat1_.address as address2_1_1_, contactdat1_.bmonth as bmonth3_1_1_, contactdat1_.byear as byear4_1_1_, contactdat1_.email as email5_1_1_, contactdat1_.email2 as email6_1_1_, contactdat1_.email3 as email7_1_1_, contactdat1_.firstname as firstnam8_1_1_, contactdat1_.home as home9_1_1_, contactdat1_.lastname as lastnam10_1_1_, contactdat1_.middlename as middlen11_1_1_, contactdat1_.mobile as mobile12_1_1_, contactdat1_.photo as photo13_1_1_, contactdat1_.work as work14_1_1_ from address_in_groups contacts0_ inner join addressbook contactdat1_ on contacts0_.id=contactdat1_.id where contacts0_.group_id=?
Hibernate: select contacts0_.group_id as group_id2_0_0_, contacts0_.id as id1_0_0_, contactdat1_.id as id1_1_1_, contactdat1_.address as address2_1_1_, contactdat1_.bmonth as bmonth3_1_1_, contactdat1_.byear as byear4_1_1_, contactdat1_.email as email5_1_1_, contactdat1_.email2 as email6_1_1_, contactdat1_.email3 as email7_1_1_, contactdat1_.firstname as firstnam8_1_1_, contactdat1_.home as home9_1_1_, contactdat1_.lastname as lastnam10_1_1_, contactdat1_.middlename as middlen11_1_1_, contactdat1_.mobile as mobile12_1_1_, contactdat1_.photo as photo13_1_1_, contactdat1_.work as work14_1_1_ from address_in_groups contacts0_ inner join addressbook contactdat1_ on contacts0_.id=contactdat1_.id where contacts0_.group_id=?
Hibernate: select contacts0_.group_id as group_id2_0_0_, contacts0_.id as id1_0_0_, contactdat1_.id as id1_1_1_, contactdat1_.address as address2_1_1_, contactdat1_.bmonth as bmonth3_1_1_, contactdat1_.byear as byear4_1_1_, contactdat1_.email as email5_1_1_, contactdat1_.email2 as email6_1_1_, contactdat1_.email3 as email7_1_1_, contactdat1_.firstname as firstnam8_1_1_, contactdat1_.home as home9_1_1_, contactdat1_.lastname as lastnam10_1_1_, contactdat1_.middlename as middlen11_1_1_, contactdat1_.mobile as mobile12_1_1_, contactdat1_.photo as photo13_1_1_, contactdat1_.work as work14_1_1_ from address_in_groups contacts0_ inner join addressbook contactdat1_ on contacts0_.id=contactdat1_.id where contacts0_.group_id=?
Hibernate: select contacts0_.group_id as group_id2_0_0_, contacts0_.id as id1_0_0_, contactdat1_.id as id1_1_1_, contactdat1_.address as address2_1_1_, contactdat1_.bmonth as bmonth3_1_1_, contactdat1_.byear as byear4_1_1_, contactdat1_.email as email5_1_1_, contactdat1_.email2 as email6_1_1_, contactdat1_.email3 as email7_1_1_, contactdat1_.firstname as firstnam8_1_1_, contactdat1_.home as home9_1_1_, contactdat1_.lastname as lastnam10_1_1_, contactdat1_.middlename as middlen11_1_1_, contactdat1_.mobile as mobile12_1_1_, contactdat1_.photo as photo13_1_1_, contactdat1_.work as work14_1_1_ from address_in_groups contacts0_ inner join addressbook contactdat1_ on contacts0_.id=contactdat1_.id where contacts0_.group_id=?
Hibernate: select contacts0_.group_id as group_id2_0_0_, contacts0_.id as id1_0_0_, contactdat1_.id as id1_1_1_, contactdat1_.address as address2_1_1_, contactdat1_.bmonth as bmonth3_1_1_, contactdat1_.byear as byear4_1_1_, contactdat1_.email as email5_1_1_, contactdat1_.email2 as email6_1_1_, contactdat1_.email3 as email7_1_1_, contactdat1_.firstname as firstnam8_1_1_, contactdat1_.home as home9_1_1_, contactdat1_.lastname as lastnam10_1_1_, contactdat1_.middlename as middlen11_1_1_, contactdat1_.mobile as mobile12_1_1_, contactdat1_.photo as photo13_1_1_, contactdat1_.work as work14_1_1_ from address_in_groups contacts0_ inner join addressbook contactdat1_ on contacts0_.id=contactdat1_.id where contacts0_.group_id=?
Hibernate: select contacts0_.group_id as group_id2_0_0_, contacts0_.id as id1_0_0_, contactdat1_.id as id1_1_1_, contactdat1_.address as address2_1_1_, contactdat1_.bmonth as bmonth3_1_1_, contactdat1_.byear as byear4_1_1_, contactdat1_.email as email5_1_1_, contactdat1_.email2 as email6_1_1_, contactdat1_.email3 as email7_1_1_, contactdat1_.firstname as firstnam8_1_1_, contactdat1_.home as home9_1_1_, contactdat1_.lastname as lastnam10_1_1_, contactdat1_.middlename as middlen11_1_1_, contactdat1_.mobile as mobile12_1_1_, contactdat1_.photo as photo13_1_1_, contactdat1_.work as work14_1_1_ from address_in_groups contacts0_ inner join addressbook contactdat1_ on contacts0_.id=contactdat1_.id where contacts0_.group_id=?
Hibernate: select contacts0_.group_id as group_id2_0_0_, contacts0_.id as id1_0_0_, contactdat1_.id as id1_1_1_, contactdat1_.address as address2_1_1_, contactdat1_.bmonth as bmonth3_1_1_, contactdat1_.byear as byear4_1_1_, contactdat1_.email as email5_1_1_, contactdat1_.email2 as email6_1_1_, contactdat1_.email3 as email7_1_1_, contactdat1_.firstname as firstnam8_1_1_, contactdat1_.home as home9_1_1_, contactdat1_.lastname as lastnam10_1_1_, contactdat1_.middlename as middlen11_1_1_, contactdat1_.mobile as mobile12_1_1_, contactdat1_.photo as photo13_1_1_, contactdat1_.work as work14_1_1_ from address_in_groups contacts0_ inner join addressbook contactdat1_ on contacts0_.id=contactdat1_.id where contacts0_.group_id=?
Hibernate: select contacts0_.group_id as group_id2_0_0_, contacts0_.id as id1_0_0_, contactdat1_.id as id1_1_1_, contactdat1_.address as address2_1_1_, contactdat1_.bmonth as bmonth3_1_1_, contactdat1_.byear as byear4_1_1_, contactdat1_.email as email5_1_1_, contactdat1_.email2 as email6_1_1_, contactdat1_.email3 as email7_1_1_, contactdat1_.firstname as firstnam8_1_1_, contactdat1_.home as home9_1_1_, contactdat1_.lastname as lastnam10_1_1_, contactdat1_.middlename as middlen11_1_1_, contactdat1_.mobile as mobile12_1_1_, contactdat1_.photo as photo13_1_1_, contactdat1_.work as work14_1_1_ from address_in_groups contacts0_ inner join addressbook contactdat1_ on contacts0_.id=contactdat1_.id where contacts0_.group_id=?
Hibernate: select contacts0_.group_id as group_id2_0_0_, contacts0_.id as id1_0_0_, contactdat1_.id as id1_1_1_, contactdat1_.address as address2_1_1_, contactdat1_.bmonth as bmonth3_1_1_, contactdat1_.byear as byear4_1_1_, contactdat1_.email as email5_1_1_, contactdat1_.email2 as email6_1_1_, contactdat1_.email3 as email7_1_1_, contactdat1_.firstname as firstnam8_1_1_, contactdat1_.home as home9_1_1_, contactdat1_.lastname as lastnam10_1_1_, contactdat1_.middlename as middlen11_1_1_, contactdat1_.mobile as mobile12_1_1_, contactdat1_.photo as photo13_1_1_, contactdat1_.work as work14_1_1_ from address_in_groups contacts0_ inner join addressbook contactdat1_ on contacts0_.id=contactdat1_.id where contacts0_.group_id=?
Hibernate: select contacts0_.group_id as group_id2_0_0_, contacts0_.id as id1_0_0_, contactdat1_.id as id1_1_1_, contactdat1_.address as address2_1_1_, contactdat1_.bmonth as bmonth3_1_1_, contactdat1_.byear as byear4_1_1_, contactdat1_.email as email5_1_1_, contactdat1_.email2 as email6_1_1_, contactdat1_.email3 as email7_1_1_, contactdat1_.firstname as firstnam8_1_1_, contactdat1_.home as home9_1_1_, contactdat1_.lastname as lastnam10_1_1_, contactdat1_.middlename as middlen11_1_1_, contactdat1_.mobile as mobile12_1_1_, contactdat1_.photo as photo13_1_1_, contactdat1_.work as work14_1_1_ from address_in_groups contacts0_ inner join addressbook contactdat1_ on contacts0_.id=contactdat1_.id where contacts0_.group_id=?
Hibernate: select contacts0_.group_id as group_id2_0_0_, contacts0_.id as id1_0_0_, contactdat1_.id as id1_1_1_, contactdat1_.address as address2_1_1_, contactdat1_.bmonth as bmonth3_1_1_, contactdat1_.byear as byear4_1_1_, contactdat1_.email as email5_1_1_, contactdat1_.email2 as email6_1_1_, contactdat1_.email3 as email7_1_1_, contactdat1_.firstname as firstnam8_1_1_, contactdat1_.home as home9_1_1_, contactdat1_.lastname as lastnam10_1_1_, contactdat1_.middlename as middlen11_1_1_, contactdat1_.mobile as mobile12_1_1_, contactdat1_.photo as photo13_1_1_, contactdat1_.work as work14_1_1_ from address_in_groups contacts0_ inner join addressbook contactdat1_ on contacts0_.id=contactdat1_.id where contacts0_.group_id=?
Hibernate: select contacts0_.group_id as group_id2_0_0_, contacts0_.id as id1_0_0_, contactdat1_.id as id1_1_1_, contactdat1_.address as address2_1_1_, contactdat1_.bmonth as bmonth3_1_1_, contactdat1_.byear as byear4_1_1_, contactdat1_.email as email5_1_1_, contactdat1_.email2 as email6_1_1_, contactdat1_.email3 as email7_1_1_, contactdat1_.firstname as firstnam8_1_1_, contactdat1_.home as home9_1_1_, contactdat1_.lastname as lastnam10_1_1_, contactdat1_.middlename as middlen11_1_1_, contactdat1_.mobile as mobile12_1_1_, contactdat1_.photo as photo13_1_1_, contactdat1_.work as work14_1_1_ from address_in_groups contacts0_ inner join addressbook contactdat1_ on contacts0_.id=contactdat1_.id where contacts0_.group_id=?
Hibernate: select contacts0_.group_id as group_id2_0_0_, contacts0_.id as id1_0_0_, contactdat1_.id as id1_1_1_, contactdat1_.address as address2_1_1_, contactdat1_.bmonth as bmonth3_1_1_, contactdat1_.byear as byear4_1_1_, contactdat1_.email as email5_1_1_, contactdat1_.email2 as email6_1_1_, contactdat1_.email3 as email7_1_1_, contactdat1_.firstname as firstnam8_1_1_, contactdat1_.home as home9_1_1_, contactdat1_.lastname as lastnam10_1_1_, contactdat1_.middlename as middlen11_1_1_, contactdat1_.mobile as mobile12_1_1_, contactdat1_.photo as photo13_1_1_, contactdat1_.work as work14_1_1_ from address_in_groups contacts0_ inner join addressbook contactdat1_ on contacts0_.id=contactdat1_.id where contacts0_.group_id=?
Hibernate: select contacts0_.group_id as group_id2_0_0_, contacts0_.id as id1_0_0_, contactdat1_.id as id1_1_1_, contactdat1_.address as address2_1_1_, contactdat1_.bmonth as bmonth3_1_1_, contactdat1_.byear as byear4_1_1_, contactdat1_.email as email5_1_1_, contactdat1_.email2 as email6_1_1_, contactdat1_.email3 as email7_1_1_, contactdat1_.firstname as firstnam8_1_1_, contactdat1_.home as home9_1_1_, contactdat1_.lastname as lastnam10_1_1_, contactdat1_.middlename as middlen11_1_1_, contactdat1_.mobile as mobile12_1_1_, contactdat1_.photo as photo13_1_1_, contactdat1_.work as work14_1_1_ from address_in_groups contacts0_ inner join addressbook contactdat1_ on contacts0_.id=contactdat1_.id where contacts0_.group_id=?
Hibernate: select contacts0_.group_id as group_id2_0_0_, contacts0_.id as id1_0_0_, contactdat1_.id as id1_1_1_, contactdat1_.address as address2_1_1_, contactdat1_.bmonth as bmonth3_1_1_, contactdat1_.byear as byear4_1_1_, contactdat1_.email as email5_1_1_, contactdat1_.email2 as email6_1_1_, contactdat1_.email3 as email7_1_1_, contactdat1_.firstname as firstnam8_1_1_, contactdat1_.home as home9_1_1_, contactdat1_.lastname as lastnam10_1_1_, contactdat1_.middlename as middlen11_1_1_, contactdat1_.mobile as mobile12_1_1_, contactdat1_.photo as photo13_1_1_, contactdat1_.work as work14_1_1_ from address_in_groups contacts0_ inner join addressbook contactdat1_ on contacts0_.id=contactdat1_.id where contacts0_.group_id=?
Hibernate: select contacts0_.group_id as group_id2_0_0_, contacts0_.id as id1_0_0_, contactdat1_.id as id1_1_1_, contactdat1_.address as address2_1_1_, contactdat1_.bmonth as bmonth3_1_1_, contactdat1_.byear as byear4_1_1_, contactdat1_.email as email5_1_1_, contactdat1_.email2 as email6_1_1_, contactdat1_.email3 as email7_1_1_, contactdat1_.firstname as firstnam8_1_1_, contactdat1_.home as home9_1_1_, contactdat1_.lastname as lastnam10_1_1_, contactdat1_.middlename as middlen11_1_1_, contactdat1_.mobile as mobile12_1_1_, contactdat1_.photo as photo13_1_1_, contactdat1_.work as work14_1_1_ from address_in_groups contacts0_ inner join addressbook contactdat1_ on contacts0_.id=contactdat1_.id where contacts0_.group_id=?
Hibernate: select contacts0_.group_id as group_id2_0_0_, contacts0_.id as id1_0_0_, contactdat1_.id as id1_1_1_, contactdat1_.address as address2_1_1_, contactdat1_.bmonth as bmonth3_1_1_, contactdat1_.byear as byear4_1_1_, contactdat1_.email as email5_1_1_, contactdat1_.email2 as email6_1_1_, contactdat1_.email3 as email7_1_1_, contactdat1_.firstname as firstnam8_1_1_, contactdat1_.home as home9_1_1_, contactdat1_.lastname as lastnam10_1_1_, contactdat1_.middlename as middlen11_1_1_, contactdat1_.mobile as mobile12_1_1_, contactdat1_.photo as photo13_1_1_, contactdat1_.work as work14_1_1_ from address_in_groups contacts0_ inner join addressbook contactdat1_ on contacts0_.id=contactdat1_.id where contacts0_.group_id=?
Hibernate: select groupdata0_.group_id as group_id1_2_, groupdata0_.group_footer as group_fo2_2_, groupdata0_.group_header as group_he3_2_, groupdata0_.group_name as group_na4_2_ from group_list groupdata0_
Hibernate: select contacts0_.group_id as group_id2_0_0_, contacts0_.id as id1_0_0_, contactdat1_.id as id1_1_1_, contactdat1_.address as address2_1_1_, contactdat1_.bmonth as bmonth3_1_1_, contactdat1_.byear as byear4_1_1_, contactdat1_.email as email5_1_1_, contactdat1_.email2 as email6_1_1_, contactdat1_.email3 as email7_1_1_, contactdat1_.firstname as firstnam8_1_1_, contactdat1_.home as home9_1_1_, contactdat1_.lastname as lastnam10_1_1_, contactdat1_.middlename as middlen11_1_1_, contactdat1_.mobile as mobile12_1_1_, contactdat1_.photo as photo13_1_1_, contactdat1_.work as work14_1_1_ from address_in_groups contacts0_ inner join addressbook contactdat1_ on contacts0_.id=contactdat1_.id where contacts0_.group_id=?
Hibernate: select contacts0_.group_id as group_id2_0_0_, contacts0_.id as id1_0_0_, contactdat1_.id as id1_1_1_, contactdat1_.address as address2_1_1_, contactdat1_.bmonth as bmonth3_1_1_, contactdat1_.byear as byear4_1_1_, contactdat1_.email as email5_1_1_, contactdat1_.email2 as email6_1_1_, contactdat1_.email3 as email7_1_1_, contactdat1_.firstname as firstnam8_1_1_, contactdat1_.home as home9_1_1_, contactdat1_.lastname as lastnam10_1_1_, contactdat1_.middlename as middlen11_1_1_, contactdat1_.mobile as mobile12_1_1_, contactdat1_.photo as photo13_1_1_, contactdat1_.work as work14_1_1_ from address_in_groups contacts0_ inner join addressbook contactdat1_ on contacts0_.id=contactdat1_.id where contacts0_.group_id=?
Hibernate: select contacts0_.group_id as group_id2_0_0_, contacts0_.id as id1_0_0_, contactdat1_.id as id1_1_1_, contactdat1_.address as address2_1_1_, contactdat1_.bmonth as bmonth3_1_1_, contactdat1_.byear as byear4_1_1_, contactdat1_.email as email5_1_1_, contactdat1_.email2 as email6_1_1_, contactdat1_.email3 as email7_1_1_, contactdat1_.firstname as firstnam8_1_1_, contactdat1_.home as home9_1_1_, contactdat1_.lastname as lastnam10_1_1_, contactdat1_.middlename as middlen11_1_1_, contactdat1_.mobile as mobile12_1_1_, contactdat1_.photo as photo13_1_1_, contactdat1_.work as work14_1_1_ from address_in_groups contacts0_ inner join addressbook contactdat1_ on contacts0_.id=contactdat1_.id where contacts0_.group_id=?
Hibernate: select contacts0_.group_id as group_id2_0_0_, contacts0_.id as id1_0_0_, contactdat1_.id as id1_1_1_, contactdat1_.address as address2_1_1_, contactdat1_.bmonth as bmonth3_1_1_, contactdat1_.byear as byear4_1_1_, contactdat1_.email as email5_1_1_, contactdat1_.email2 as email6_1_1_, contactdat1_.email3 as email7_1_1_, contactdat1_.firstname as firstnam8_1_1_, contactdat1_.home as home9_1_1_, contactdat1_.lastname as lastnam10_1_1_, contactdat1_.middlename as middlen11_1_1_, contactdat1_.mobile as mobile12_1_1_, contactdat1_.photo as photo13_1_1_, contactdat1_.work as work14_1_1_ from address_in_groups contacts0_ inner join addressbook contactdat1_ on contacts0_.id=contactdat1_.id where contacts0_.group_id=?
Hibernate: select contacts0_.group_id as group_id2_0_0_, contacts0_.id as id1_0_0_, contactdat1_.id as id1_1_1_, contactdat1_.address as address2_1_1_, contactdat1_.bmonth as bmonth3_1_1_, contactdat1_.byear as byear4_1_1_, contactdat1_.email as email5_1_1_, contactdat1_.email2 as email6_1_1_, contactdat1_.email3 as email7_1_1_, contactdat1_.firstname as firstnam8_1_1_, contactdat1_.home as home9_1_1_, contactdat1_.lastname as lastnam10_1_1_, contactdat1_.middlename as middlen11_1_1_, contactdat1_.mobile as mobile12_1_1_, contactdat1_.photo as photo13_1_1_, contactdat1_.work as work14_1_1_ from address_in_groups contacts0_ inner join addressbook contactdat1_ on contacts0_.id=contactdat1_.id where contacts0_.group_id=?
Hibernate: select contacts0_.group_id as group_id2_0_0_, contacts0_.id as id1_0_0_, contactdat1_.id as id1_1_1_, contactdat1_.address as address2_1_1_, contactdat1_.bmonth as bmonth3_1_1_, contactdat1_.byear as byear4_1_1_, contactdat1_.email as email5_1_1_, contactdat1_.email2 as email6_1_1_, contactdat1_.email3 as email7_1_1_, contactdat1_.firstname as firstnam8_1_1_, contactdat1_.home as home9_1_1_, contactdat1_.lastname as lastnam10_1_1_, contactdat1_.middlename as middlen11_1_1_, contactdat1_.mobile as mobile12_1_1_, contactdat1_.photo as photo13_1_1_, contactdat1_.work as work14_1_1_ from address_in_groups contacts0_ inner join addressbook contactdat1_ on contacts0_.id=contactdat1_.id where contacts0_.group_id=?
Hibernate: select contacts0_.group_id as group_id2_0_0_, contacts0_.id as id1_0_0_, contactdat1_.id as id1_1_1_, contactdat1_.address as address2_1_1_, contactdat1_.bmonth as bmonth3_1_1_, contactdat1_.byear as byear4_1_1_, contactdat1_.email as email5_1_1_, contactdat1_.email2 as email6_1_1_, contactdat1_.email3 as email7_1_1_, contactdat1_.firstname as firstnam8_1_1_, contactdat1_.home as home9_1_1_, contactdat1_.lastname as lastnam10_1_1_, contactdat1_.middlename as middlen11_1_1_, contactdat1_.mobile as mobile12_1_1_, contactdat1_.photo as photo13_1_1_, contactdat1_.work as work14_1_1_ from address_in_groups contacts0_ inner join addressbook contactdat1_ on contacts0_.id=contactdat1_.id where contacts0_.group_id=?
Hibernate: select contacts0_.group_id as group_id2_0_0_, contacts0_.id as id1_0_0_, contactdat1_.id as id1_1_1_, contactdat1_.address as address2_1_1_, contactdat1_.bmonth as bmonth3_1_1_, contactdat1_.byear as byear4_1_1_, contactdat1_.email as email5_1_1_, contactdat1_.email2 as email6_1_1_, contactdat1_.email3 as email7_1_1_, contactdat1_.firstname as firstnam8_1_1_, contactdat1_.home as home9_1_1_, contactdat1_.lastname as lastnam10_1_1_, contactdat1_.middlename as middlen11_1_1_, contactdat1_.mobile as mobile12_1_1_, contactdat1_.photo as photo13_1_1_, contactdat1_.work as work14_1_1_ from address_in_groups contacts0_ inner join addressbook contactdat1_ on contacts0_.id=contactdat1_.id where contacts0_.group_id=?
Hibernate: select contacts0_.group_id as group_id2_0_0_, contacts0_.id as id1_0_0_, contactdat1_.id as id1_1_1_, contactdat1_.address as address2_1_1_, contactdat1_.bmonth as bmonth3_1_1_, contactdat1_.byear as byear4_1_1_, contactdat1_.email as email5_1_1_, contactdat1_.email2 as email6_1_1_, contactdat1_.email3 as email7_1_1_, contactdat1_.firstname as firstnam8_1_1_, contactdat1_.home as home9_1_1_, contactdat1_.lastname as lastnam10_1_1_, contactdat1_.middlename as middlen11_1_1_, contactdat1_.mobile as mobile12_1_1_, contactdat1_.photo as photo13_1_1_, contactdat1_.work as work14_1_1_ from address_in_groups contacts0_ inner join addressbook contactdat1_ on contacts0_.id=contactdat1_.id where contacts0_.group_id=?
Hibernate: select contacts0_.group_id as group_id2_0_0_, contacts0_.id as id1_0_0_, contactdat1_.id as id1_1_1_, contactdat1_.address as address2_1_1_, contactdat1_.bmonth as bmonth3_1_1_, contactdat1_.byear as byear4_1_1_, contactdat1_.email as email5_1_1_, contactdat1_.email2 as email6_1_1_, contactdat1_.email3 as email7_1_1_, contactdat1_.firstname as firstnam8_1_1_, contactdat1_.home as home9_1_1_, contactdat1_.lastname as lastnam10_1_1_, contactdat1_.middlename as middlen11_1_1_, contactdat1_.mobile as mobile12_1_1_, contactdat1_.photo as photo13_1_1_, contactdat1_.work as work14_1_1_ from address_in_groups contacts0_ inner join addressbook contactdat1_ on contacts0_.id=contactdat1_.id where contacts0_.group_id=?
Hibernate: select contacts0_.group_id as group_id2_0_0_, contacts0_.id as id1_0_0_, contactdat1_.id as id1_1_1_, contactdat1_.address as address2_1_1_, contactdat1_.bmonth as bmonth3_1_1_, contactdat1_.byear as byear4_1_1_, contactdat1_.email as email5_1_1_, contactdat1_.email2 as email6_1_1_, contactdat1_.email3 as email7_1_1_, contactdat1_.firstname as firstnam8_1_1_, contactdat1_.home as home9_1_1_, contactdat1_.lastname as lastnam10_1_1_, contactdat1_.middlename as middlen11_1_1_, contactdat1_.mobile as mobile12_1_1_, contactdat1_.photo as photo13_1_1_, contactdat1_.work as work14_1_1_ from address_in_groups contacts0_ inner join addressbook contactdat1_ on contacts0_.id=contactdat1_.id where contacts0_.group_id=?
Hibernate: select contacts0_.group_id as group_id2_0_0_, contacts0_.id as id1_0_0_, contactdat1_.id as id1_1_1_, contactdat1_.address as address2_1_1_, contactdat1_.bmonth as bmonth3_1_1_, contactdat1_.byear as byear4_1_1_, contactdat1_.email as email5_1_1_, contactdat1_.email2 as email6_1_1_, contactdat1_.email3 as email7_1_1_, contactdat1_.firstname as firstnam8_1_1_, contactdat1_.home as home9_1_1_, contactdat1_.lastname as lastnam10_1_1_, contactdat1_.middlename as middlen11_1_1_, contactdat1_.mobile as mobile12_1_1_, contactdat1_.photo as photo13_1_1_, contactdat1_.work as work14_1_1_ from address_in_groups contacts0_ inner join addressbook contactdat1_ on contacts0_.id=contactdat1_.id where contacts0_.group_id=?
Hibernate: select contacts0_.group_id as group_id2_0_0_, contacts0_.id as id1_0_0_, contactdat1_.id as id1_1_1_, contactdat1_.address as address2_1_1_, contactdat1_.bmonth as bmonth3_1_1_, contactdat1_.byear as byear4_1_1_, contactdat1_.email as email5_1_1_, contactdat1_.email2 as email6_1_1_, contactdat1_.email3 as email7_1_1_, contactdat1_.firstname as firstnam8_1_1_, contactdat1_.home as home9_1_1_, contactdat1_.lastname as lastnam10_1_1_, contactdat1_.middlename as middlen11_1_1_, contactdat1_.mobile as mobile12_1_1_, contactdat1_.photo as photo13_1_1_, contactdat1_.work as work14_1_1_ from address_in_groups contacts0_ inner join addressbook contactdat1_ on contacts0_.id=contactdat1_.id where contacts0_.group_id=?
Hibernate: select contacts0_.group_id as group_id2_0_0_, contacts0_.id as id1_0_0_, contactdat1_.id as id1_1_1_, contactdat1_.address as address2_1_1_, contactdat1_.bmonth as bmonth3_1_1_, contactdat1_.byear as byear4_1_1_, contactdat1_.email as email5_1_1_, contactdat1_.email2 as email6_1_1_, contactdat1_.email3 as email7_1_1_, contactdat1_.firstname as firstnam8_1_1_, contactdat1_.home as home9_1_1_, contactdat1_.lastname as lastnam10_1_1_, contactdat1_.middlename as middlen11_1_1_, contactdat1_.mobile as mobile12_1_1_, contactdat1_.photo as photo13_1_1_, contactdat1_.work as work14_1_1_ from address_in_groups contacts0_ inner join addressbook contactdat1_ on contacts0_.id=contactdat1_.id where contacts0_.group_id=?
Hibernate: select contacts0_.group_id as group_id2_0_0_, contacts0_.id as id1_0_0_, contactdat1_.id as id1_1_1_, contactdat1_.address as address2_1_1_, contactdat1_.bmonth as bmonth3_1_1_, contactdat1_.byear as byear4_1_1_, contactdat1_.email as email5_1_1_, contactdat1_.email2 as email6_1_1_, contactdat1_.email3 as email7_1_1_, contactdat1_.firstname as firstnam8_1_1_, contactdat1_.home as home9_1_1_, contactdat1_.lastname as lastnam10_1_1_, contactdat1_.middlename as middlen11_1_1_, contactdat1_.mobile as mobile12_1_1_, contactdat1_.photo as photo13_1_1_, contactdat1_.work as work14_1_1_ from address_in_groups contacts0_ inner join addressbook contactdat1_ on contacts0_.id=contactdat1_.id where contacts0_.group_id=?
Hibernate: select contacts0_.group_id as group_id2_0_0_, contacts0_.id as id1_0_0_, contactdat1_.id as id1_1_1_, contactdat1_.address as address2_1_1_, contactdat1_.bmonth as bmonth3_1_1_, contactdat1_.byear as byear4_1_1_, contactdat1_.email as email5_1_1_, contactdat1_.email2 as email6_1_1_, contactdat1_.email3 as email7_1_1_, contactdat1_.firstname as firstnam8_1_1_, contactdat1_.home as home9_1_1_, contactdat1_.lastname as lastnam10_1_1_, contactdat1_.middlename as middlen11_1_1_, contactdat1_.mobile as mobile12_1_1_, contactdat1_.photo as photo13_1_1_, contactdat1_.work as work14_1_1_ from address_in_groups contacts0_ inner join addressbook contactdat1_ on contacts0_.id=contactdat1_.id where contacts0_.group_id=?
Hibernate: select contacts0_.group_id as group_id2_0_0_, contacts0_.id as id1_0_0_, contactdat1_.id as id1_1_1_, contactdat1_.address as address2_1_1_, contactdat1_.bmonth as bmonth3_1_1_, contactdat1_.byear as byear4_1_1_, contactdat1_.email as email5_1_1_, contactdat1_.email2 as email6_1_1_, contactdat1_.email3 as email7_1_1_, contactdat1_.firstname as firstnam8_1_1_, contactdat1_.home as home9_1_1_, contactdat1_.lastname as lastnam10_1_1_, contactdat1_.middlename as middlen11_1_1_, contactdat1_.mobile as mobile12_1_1_, contactdat1_.photo as photo13_1_1_, contactdat1_.work as work14_1_1_ from address_in_groups contacts0_ inner join addressbook contactdat1_ on contacts0_.id=contactdat1_.id where contacts0_.group_id=?
Hibernate: select contacts0_.group_id as group_id2_0_0_, contacts0_.id as id1_0_0_, contactdat1_.id as id1_1_1_, contactdat1_.address as address2_1_1_, contactdat1_.bmonth as bmonth3_1_1_, contactdat1_.byear as byear4_1_1_, contactdat1_.email as email5_1_1_, contactdat1_.email2 as email6_1_1_, contactdat1_.email3 as email7_1_1_, contactdat1_.firstname as firstnam8_1_1_, contactdat1_.home as home9_1_1_, contactdat1_.lastname as lastnam10_1_1_, contactdat1_.middlename as middlen11_1_1_, contactdat1_.mobile as mobile12_1_1_, contactdat1_.photo as photo13_1_1_, contactdat1_.work as work14_1_1_ from address_in_groups contacts0_ inner join addressbook contactdat1_ on contacts0_.id=contactdat1_.id where contacts0_.group_id=?
Hibernate: select contacts0_.group_id as group_id2_0_0_, contacts0_.id as id1_0_0_, contactdat1_.id as id1_1_1_, contactdat1_.address as address2_1_1_, contactdat1_.bmonth as bmonth3_1_1_, contactdat1_.byear as byear4_1_1_, contactdat1_.email as email5_1_1_, contactdat1_.email2 as email6_1_1_, contactdat1_.email3 as email7_1_1_, contactdat1_.firstname as firstnam8_1_1_, contactdat1_.home as home9_1_1_, contactdat1_.lastname as lastnam10_1_1_, contactdat1_.middlename as middlen11_1_1_, contactdat1_.mobile as mobile12_1_1_, contactdat1_.photo as photo13_1_1_, contactdat1_.work as work14_1_1_ from address_in_groups contacts0_ inner join addressbook contactdat1_ on contacts0_.id=contactdat1_.id where contacts0_.group_id=?
Hibernate: select contacts0_.group_id as group_id2_0_0_, contacts0_.id as id1_0_0_, contactdat1_.id as id1_1_1_, contactdat1_.address as address2_1_1_, contactdat1_.bmonth as bmonth3_1_1_, contactdat1_.byear as byear4_1_1_, contactdat1_.email as email5_1_1_, contactdat1_.email2 as email6_1_1_, contactdat1_.email3 as email7_1_1_, contactdat1_.firstname as firstnam8_1_1_, contactdat1_.home as home9_1_1_, contactdat1_.lastname as lastnam10_1_1_, contactdat1_.middlename as middlen11_1_1_, contactdat1_.mobile as mobile12_1_1_, contactdat1_.photo as photo13_1_1_, contactdat1_.work as work14_1_1_ from address_in_groups contacts0_ inner join addressbook contactdat1_ on contacts0_.id=contactdat1_.id where contacts0_.group_id=?
Hibernate: select contacts0_.group_id as group_id2_0_0_, contacts0_.id as id1_0_0_, contactdat1_.id as id1_1_1_, contactdat1_.address as address2_1_1_, contactdat1_.bmonth as bmonth3_1_1_, contactdat1_.byear as byear4_1_1_, contactdat1_.email as email5_1_1_, contactdat1_.email2 as email6_1_1_, contactdat1_.email3 as email7_1_1_, contactdat1_.firstname as firstnam8_1_1_, contactdat1_.home as home9_1_1_, contactdat1_.lastname as lastnam10_1_1_, contactdat1_.middlename as middlen11_1_1_, contactdat1_.mobile as mobile12_1_1_, contactdat1_.photo as photo13_1_1_, contactdat1_.work as work14_1_1_ from address_in_groups contacts0_ inner join addressbook contactdat1_ on contacts0_.id=contactdat1_.id where contacts0_.group_id=?
Hibernate: select contacts0_.group_id as group_id2_0_0_, contacts0_.id as id1_0_0_, contactdat1_.id as id1_1_1_, contactdat1_.address as address2_1_1_, contactdat1_.bmonth as bmonth3_1_1_, contactdat1_.byear as byear4_1_1_, contactdat1_.email as email5_1_1_, contactdat1_.email2 as email6_1_1_, contactdat1_.email3 as email7_1_1_, contactdat1_.firstname as firstnam8_1_1_, contactdat1_.home as home9_1_1_, contactdat1_.lastname as lastnam10_1_1_, contactdat1_.middlename as middlen11_1_1_, contactdat1_.mobile as mobile12_1_1_, contactdat1_.photo as photo13_1_1_, contactdat1_.work as work14_1_1_ from address_in_groups contacts0_ inner join addressbook contactdat1_ on contacts0_.id=contactdat1_.id where contacts0_.group_id=?
Hibernate: select contacts0_.group_id as group_id2_0_0_, contacts0_.id as id1_0_0_, contactdat1_.id as id1_1_1_, contactdat1_.address as address2_1_1_, contactdat1_.bmonth as bmonth3_1_1_, contactdat1_.byear as byear4_1_1_, contactdat1_.email as email5_1_1_, contactdat1_.email2 as email6_1_1_, contactdat1_.email3 as email7_1_1_, contactdat1_.firstname as firstnam8_1_1_, contactdat1_.home as home9_1_1_, contactdat1_.lastname as lastnam10_1_1_, contactdat1_.middlename as middlen11_1_1_, contactdat1_.mobile as mobile12_1_1_, contactdat1_.photo as photo13_1_1_, contactdat1_.work as work14_1_1_ from address_in_groups contacts0_ inner join addressbook contactdat1_ on contacts0_.id=contactdat1_.id where contacts0_.group_id=?
Hibernate: select contacts0_.group_id as group_id2_0_0_, contacts0_.id as id1_0_0_, contactdat1_.id as id1_1_1_, contactdat1_.address as address2_1_1_, contactdat1_.bmonth as bmonth3_1_1_, contactdat1_.byear as byear4_1_1_, contactdat1_.email as email5_1_1_, contactdat1_.email2 as email6_1_1_, contactdat1_.email3 as email7_1_1_, contactdat1_.firstname as firstnam8_1_1_, contactdat1_.home as home9_1_1_, contactdat1_.lastname as lastnam10_1_1_, contactdat1_.middlename as middlen11_1_1_, contactdat1_.mobile as mobile12_1_1_, contactdat1_.photo as photo13_1_1_, contactdat1_.work as work14_1_1_ from address_in_groups contacts0_ inner join addressbook contactdat1_ on contacts0_.id=contactdat1_.id where contacts0_.group_id=?
Hibernate: select contacts0_.group_id as group_id2_0_0_, contacts0_.id as id1_0_0_, contactdat1_.id as id1_1_1_, contactdat1_.address as address2_1_1_, contactdat1_.bmonth as bmonth3_1_1_, contactdat1_.byear as byear4_1_1_, contactdat1_.email as email5_1_1_, contactdat1_.email2 as email6_1_1_, contactdat1_.email3 as email7_1_1_, contactdat1_.firstname as firstnam8_1_1_, contactdat1_.home as home9_1_1_, contactdat1_.lastname as lastnam10_1_1_, contactdat1_.middlename as middlen11_1_1_, contactdat1_.mobile as mobile12_1_1_, contactdat1_.photo as photo13_1_1_, contactdat1_.work as work14_1_1_ from address_in_groups contacts0_ inner join addressbook contactdat1_ on contacts0_.id=contactdat1_.id where contacts0_.group_id=?
Hibernate: select contacts0_.group_id as group_id2_0_0_, contacts0_.id as id1_0_0_, contactdat1_.id as id1_1_1_, contactdat1_.address as address2_1_1_, contactdat1_.bmonth as bmonth3_1_1_, contactdat1_.byear as byear4_1_1_, contactdat1_.email as email5_1_1_, contactdat1_.email2 as email6_1_1_, contactdat1_.email3 as email7_1_1_, contactdat1_.firstname as firstnam8_1_1_, contactdat1_.home as home9_1_1_, contactdat1_.lastname as lastnam10_1_1_, contactdat1_.middlename as middlen11_1_1_, contactdat1_.mobile as mobile12_1_1_, contactdat1_.photo as photo13_1_1_, contactdat1_.work as work14_1_1_ from address_in_groups contacts0_ inner join addressbook contactdat1_ on contacts0_.id=contactdat1_.id where contacts0_.group_id=?
Hibernate: select contacts0_.group_id as group_id2_0_0_, contacts0_.id as id1_0_0_, contactdat1_.id as id1_1_1_, contactdat1_.address as address2_1_1_, contactdat1_.bmonth as bmonth3_1_1_, contactdat1_.byear as byear4_1_1_, contactdat1_.email as email5_1_1_, contactdat1_.email2 as email6_1_1_, contactdat1_.email3 as email7_1_1_, contactdat1_.firstname as firstnam8_1_1_, contactdat1_.home as home9_1_1_, contactdat1_.lastname as lastnam10_1_1_, contactdat1_.middlename as middlen11_1_1_, contactdat1_.mobile as mobile12_1_1_, contactdat1_.photo as photo13_1_1_, contactdat1_.work as work14_1_1_ from address_in_groups contacts0_ inner join addressbook contactdat1_ on contacts0_.id=contactdat1_.id where contacts0_.group_id=?
Hibernate: select contacts0_.group_id as group_id2_0_0_, contacts0_.id as id1_0_0_, contactdat1_.id as id1_1_1_, contactdat1_.address as address2_1_1_, contactdat1_.bmonth as bmonth3_1_1_, contactdat1_.byear as byear4_1_1_, contactdat1_.email as email5_1_1_, contactdat1_.email2 as email6_1_1_, contactdat1_.email3 as email7_1_1_, contactdat1_.firstname as firstnam8_1_1_, contactdat1_.home as home9_1_1_, contactdat1_.lastname as lastnam10_1_1_, contactdat1_.middlename as middlen11_1_1_, contactdat1_.mobile as mobile12_1_1_, contactdat1_.photo as photo13_1_1_, contactdat1_.work as work14_1_1_ from address_in_groups contacts0_ inner join addressbook contactdat1_ on contacts0_.id=contactdat1_.id where contacts0_.group_id=?
Hibernate: select contacts0_.group_id as group_id2_0_0_, contacts0_.id as id1_0_0_, contactdat1_.id as id1_1_1_, contactdat1_.address as address2_1_1_, contactdat1_.bmonth as bmonth3_1_1_, contactdat1_.byear as byear4_1_1_, contactdat1_.email as email5_1_1_, contactdat1_.email2 as email6_1_1_, contactdat1_.email3 as email7_1_1_, contactdat1_.firstname as firstnam8_1_1_, contactdat1_.home as home9_1_1_, contactdat1_.lastname as lastnam10_1_1_, contactdat1_.middlename as middlen11_1_1_, contactdat1_.mobile as mobile12_1_1_, contactdat1_.photo as photo13_1_1_, contactdat1_.work as work14_1_1_ from address_in_groups contacts0_ inner join addressbook contactdat1_ on contacts0_.id=contactdat1_.id where contacts0_.group_id=?
Hibernate: select contacts0_.group_id as group_id2_0_0_, contacts0_.id as id1_0_0_, contactdat1_.id as id1_1_1_, contactdat1_.address as address2_1_1_, contactdat1_.bmonth as bmonth3_1_1_, contactdat1_.byear as byear4_1_1_, contactdat1_.email as email5_1_1_, contactdat1_.email2 as email6_1_1_, contactdat1_.email3 as email7_1_1_, contactdat1_.firstname as firstnam8_1_1_, contactdat1_.home as home9_1_1_, contactdat1_.lastname as lastnam10_1_1_, contactdat1_.middlename as middlen11_1_1_, contactdat1_.mobile as mobile12_1_1_, contactdat1_.photo as photo13_1_1_, contactdat1_.work as work14_1_1_ from address_in_groups contacts0_ inner join addressbook contactdat1_ on contacts0_.id=contactdat1_.id where contacts0_.group_id=?
Hibernate: select contacts0_.group_id as group_id2_0_0_, contacts0_.id as id1_0_0_, contactdat1_.id as id1_1_1_, contactdat1_.address as address2_1_1_, contactdat1_.bmonth as bmonth3_1_1_, contactdat1_.byear as byear4_1_1_, contactdat1_.email as email5_1_1_, contactdat1_.email2 as email6_1_1_, contactdat1_.email3 as email7_1_1_, contactdat1_.firstname as firstnam8_1_1_, contactdat1_.home as home9_1_1_, contactdat1_.lastname as lastnam10_1_1_, contactdat1_.middlename as middlen11_1_1_, contactdat1_.mobile as mobile12_1_1_, contactdat1_.photo as photo13_1_1_, contactdat1_.work as work14_1_1_ from address_in_groups contacts0_ inner join addressbook contactdat1_ on contacts0_.id=contactdat1_.id where contacts0_.group_id=?
Hibernate: select contacts0_.group_id as group_id2_0_0_, contacts0_.id as id1_0_0_, contactdat1_.id as id1_1_1_, contactdat1_.address as address2_1_1_, contactdat1_.bmonth as bmonth3_1_1_, contactdat1_.byear as byear4_1_1_, contactdat1_.email as email5_1_1_, contactdat1_.email2 as email6_1_1_, contactdat1_.email3 as email7_1_1_, contactdat1_.firstname as firstnam8_1_1_, contactdat1_.home as home9_1_1_, contactdat1_.lastname as lastnam10_1_1_, contactdat1_.middlename as middlen11_1_1_, contactdat1_.mobile as mobile12_1_1_, contactdat1_.photo as photo13_1_1_, contactdat1_.work as work14_1_1_ from address_in_groups contacts0_ inner join addressbook contactdat1_ on contacts0_.id=contactdat1_.id where contacts0_.group_id=?
Hibernate: select contacts0_.group_id as group_id2_0_0_, contacts0_.id as id1_0_0_, contactdat1_.id as id1_1_1_, contactdat1_.address as address2_1_1_, contactdat1_.bmonth as bmonth3_1_1_, contactdat1_.byear as byear4_1_1_, contactdat1_.email as email5_1_1_, contactdat1_.email2 as email6_1_1_, contactdat1_.email3 as email7_1_1_, contactdat1_.firstname as firstnam8_1_1_, contactdat1_.home as home9_1_1_, contactdat1_.lastname as lastnam10_1_1_, contactdat1_.middlename as middlen11_1_1_, contactdat1_.mobile as mobile12_1_1_, contactdat1_.photo as photo13_1_1_, contactdat1_.work as work14_1_1_ from address_in_groups contacts0_ inner join addressbook contactdat1_ on contacts0_.id=contactdat1_.id where contacts0_.group_id=?
Hibernate: select contacts0_.group_id as group_id2_0_0_, contacts0_.id as id1_0_0_, contactdat1_.id as id1_1_1_, contactdat1_.address as address2_1_1_, contactdat1_.bmonth as bmonth3_1_1_, contactdat1_.byear as byear4_1_1_, contactdat1_.email as email5_1_1_, contactdat1_.email2 as email6_1_1_, contactdat1_.email3 as email7_1_1_, contactdat1_.firstname as firstnam8_1_1_, contactdat1_.home as home9_1_1_, contactdat1_.lastname as lastnam10_1_1_, contactdat1_.middlename as middlen11_1_1_, contactdat1_.mobile as mobile12_1_1_, contactdat1_.photo as photo13_1_1_, contactdat1_.work as work14_1_1_ from address_in_groups contacts0_ inner join addressbook contactdat1_ on contacts0_.id=contactdat1_.id where contacts0_.group_id=?
Hibernate: select contacts0_.group_id as group_id2_0_0_, contacts0_.id as id1_0_0_, contactdat1_.id as id1_1_1_, contactdat1_.address as address2_1_1_, contactdat1_.bmonth as bmonth3_1_1_, contactdat1_.byear as byear4_1_1_, contactdat1_.email as email5_1_1_, contactdat1_.email2 as email6_1_1_, contactdat1_.email3 as email7_1_1_, contactdat1_.firstname as firstnam8_1_1_, contactdat1_.home as home9_1_1_, contactdat1_.lastname as lastnam10_1_1_, contactdat1_.middlename as middlen11_1_1_, contactdat1_.mobile as mobile12_1_1_, contactdat1_.photo as photo13_1_1_, contactdat1_.work as work14_1_1_ from address_in_groups contacts0_ inner join addressbook contactdat1_ on contacts0_.id=contactdat1_.id where contacts0_.group_id=?
Hibernate: select contacts0_.group_id as group_id2_0_0_, contacts0_.id as id1_0_0_, contactdat1_.id as id1_1_1_, contactdat1_.address as address2_1_1_, contactdat1_.bmonth as bmonth3_1_1_, contactdat1_.byear as byear4_1_1_, contactdat1_.email as email5_1_1_, contactdat1_.email2 as email6_1_1_, contactdat1_.email3 as email7_1_1_, contactdat1_.firstname as firstnam8_1_1_, contactdat1_.home as home9_1_1_, contactdat1_.lastname as lastnam10_1_1_, contactdat1_.middlename as middlen11_1_1_, contactdat1_.mobile as mobile12_1_1_, contactdat1_.photo as photo13_1_1_, contactdat1_.work as work14_1_1_ from address_in_groups contacts0_ inner join addressbook contactdat1_ on contacts0_.id=contactdat1_.id where contacts0_.group_id=?
Hibernate: select contacts0_.group_id as group_id2_0_0_, contacts0_.id as id1_0_0_, contactdat1_.id as id1_1_1_, contactdat1_.address as address2_1_1_, contactdat1_.bmonth as bmonth3_1_1_, contactdat1_.byear as byear4_1_1_, contactdat1_.email as email5_1_1_, contactdat1_.email2 as email6_1_1_, contactdat1_.email3 as email7_1_1_, contactdat1_.firstname as firstnam8_1_1_, contactdat1_.home as home9_1_1_, contactdat1_.lastname as lastnam10_1_1_, contactdat1_.middlename as middlen11_1_1_, contactdat1_.mobile as mobile12_1_1_, contactdat1_.photo as photo13_1_1_, contactdat1_.work as work14_1_1_ from address_in_groups contacts0_ inner join addressbook contactdat1_ on contacts0_.id=contactdat1_.id where contacts0_.group_id=?
Hibernate: select contacts0_.group_id as group_id2_0_0_, contacts0_.id as id1_0_0_, contactdat1_.id as id1_1_1_, contactdat1_.address as address2_1_1_, contactdat1_.bmonth as bmonth3_1_1_, contactdat1_.byear as byear4_1_1_, contactdat1_.email as email5_1_1_, contactdat1_.email2 as email6_1_1_, contactdat1_.email3 as email7_1_1_, contactdat1_.firstname as firstnam8_1_1_, contactdat1_.home as home9_1_1_, contactdat1_.lastname as lastnam10_1_1_, contactdat1_.middlename as middlen11_1_1_, contactdat1_.mobile as mobile12_1_1_, contactdat1_.photo as photo13_1_1_, contactdat1_.work as work14_1_1_ from address_in_groups contacts0_ inner join addressbook contactdat1_ on contacts0_.id=contactdat1_.id where contacts0_.group_id=?
Hibernate: select contacts0_.group_id as group_id2_0_0_, contacts0_.id as id1_0_0_, contactdat1_.id as id1_1_1_, contactdat1_.address as address2_1_1_, contactdat1_.bmonth as bmonth3_1_1_, contactdat1_.byear as byear4_1_1_, contactdat1_.email as email5_1_1_, contactdat1_.email2 as email6_1_1_, contactdat1_.email3 as email7_1_1_, contactdat1_.firstname as firstnam8_1_1_, contactdat1_.home as home9_1_1_, contactdat1_.lastname as lastnam10_1_1_, contactdat1_.middlename as middlen11_1_1_, contactdat1_.mobile as mobile12_1_1_, contactdat1_.photo as photo13_1_1_, contactdat1_.work as work14_1_1_ from address_in_groups contacts0_ inner join addressbook contactdat1_ on contacts0_.id=contactdat1_.id where contacts0_.group_id=?
Hibernate: select contacts0_.group_id as group_id2_0_0_, contacts0_.id as id1_0_0_, contactdat1_.id as id1_1_1_, contactdat1_.address as address2_1_1_, contactdat1_.bmonth as bmonth3_1_1_, contactdat1_.byear as byear4_1_1_, contactdat1_.email as email5_1_1_, contactdat1_.email2 as email6_1_1_, contactdat1_.email3 as email7_1_1_, contactdat1_.firstname as firstnam8_1_1_, contactdat1_.home as home9_1_1_, contactdat1_.lastname as lastnam10_1_1_, contactdat1_.middlename as middlen11_1_1_, contactdat1_.mobile as mobile12_1_1_, contactdat1_.photo as photo13_1_1_, contactdat1_.work as work14_1_1_ from address_in_groups contacts0_ inner join addressbook contactdat1_ on contacts0_.id=contactdat1_.id where contacts0_.group_id=?
Hibernate: select contacts0_.group_id as group_id2_0_0_, contacts0_.id as id1_0_0_, contactdat1_.id as id1_1_1_, contactdat1_.address as address2_1_1_, contactdat1_.bmonth as bmonth3_1_1_, contactdat1_.byear as byear4_1_1_, contactdat1_.email as email5_1_1_, contactdat1_.email2 as email6_1_1_, contactdat1_.email3 as email7_1_1_, contactdat1_.firstname as firstnam8_1_1_, contactdat1_.home as home9_1_1_, contactdat1_.lastname as lastnam10_1_1_, contactdat1_.middlename as middlen11_1_1_, contactdat1_.mobile as mobile12_1_1_, contactdat1_.photo as photo13_1_1_, contactdat1_.work as work14_1_1_ from address_in_groups contacts0_ inner join addressbook contactdat1_ on contacts0_.id=contactdat1_.id where contacts0_.group_id=?
Hibernate: select contacts0_.group_id as group_id2_0_0_, contacts0_.id as id1_0_0_, contactdat1_.id as id1_1_1_, contactdat1_.address as address2_1_1_, contactdat1_.bmonth as bmonth3_1_1_, contactdat1_.byear as byear4_1_1_, contactdat1_.email as email5_1_1_, contactdat1_.email2 as email6_1_1_, contactdat1_.email3 as email7_1_1_, contactdat1_.firstname as firstnam8_1_1_, contactdat1_.home as home9_1_1_, contactdat1_.lastname as lastnam10_1_1_, contactdat1_.middlename as middlen11_1_1_, contactdat1_.mobile as mobile12_1_1_, contactdat1_.photo as photo13_1_1_, contactdat1_.work as work14_1_1_ from address_in_groups contacts0_ inner join addressbook contactdat1_ on contacts0_.id=contactdat1_.id where contacts0_.group_id=?
Hibernate: select contacts0_.group_id as group_id2_0_0_, contacts0_.id as id1_0_0_, contactdat1_.id as id1_1_1_, contactdat1_.address as address2_1_1_, contactdat1_.bmonth as bmonth3_1_1_, contactdat1_.byear as byear4_1_1_, contactdat1_.email as email5_1_1_, contactdat1_.email2 as email6_1_1_, contactdat1_.email3 as email7_1_1_, contactdat1_.firstname as firstnam8_1_1_, contactdat1_.home as home9_1_1_, contactdat1_.lastname as lastnam10_1_1_, contactdat1_.middlename as middlen11_1_1_, contactdat1_.mobile as mobile12_1_1_, contactdat1_.photo as photo13_1_1_, contactdat1_.work as work14_1_1_ from address_in_groups contacts0_ inner join addressbook contactdat1_ on contacts0_.id=contactdat1_.id where contacts0_.group_id=?
Hibernate: select contacts0_.group_id as group_id2_0_0_, contacts0_.id as id1_0_0_, contactdat1_.id as id1_1_1_, contactdat1_.address as address2_1_1_, contactdat1_.bmonth as bmonth3_1_1_, contactdat1_.byear as byear4_1_1_, contactdat1_.email as email5_1_1_, contactdat1_.email2 as email6_1_1_, contactdat1_.email3 as email7_1_1_, contactdat1_.firstname as firstnam8_1_1_, contactdat1_.home as home9_1_1_, contactdat1_.lastname as lastnam10_1_1_, contactdat1_.middlename as middlen11_1_1_, contactdat1_.mobile as mobile12_1_1_, contactdat1_.photo as photo13_1_1_, contactdat1_.work as work14_1_1_ from address_in_groups contacts0_ inner join addressbook contactdat1_ on contacts0_.id=contactdat1_.id where contacts0_.group_id=?
Hibernate: select contacts0_.group_id as group_id2_0_0_, contacts0_.id as id1_0_0_, contactdat1_.id as id1_1_1_, contactdat1_.address as address2_1_1_, contactdat1_.bmonth as bmonth3_1_1_, contactdat1_.byear as byear4_1_1_, contactdat1_.email as email5_1_1_, contactdat1_.email2 as email6_1_1_, contactdat1_.email3 as email7_1_1_, contactdat1_.firstname as firstnam8_1_1_, contactdat1_.home as home9_1_1_, contactdat1_.lastname as lastnam10_1_1_, contactdat1_.middlename as middlen11_1_1_, contactdat1_.mobile as mobile12_1_1_, contactdat1_.photo as photo13_1_1_, contactdat1_.work as work14_1_1_ from address_in_groups contacts0_ inner join addressbook contactdat1_ on contacts0_.id=contactdat1_.id where contacts0_.group_id=?
Hibernate: select contacts0_.group_id as group_id2_0_0_, contacts0_.id as id1_0_0_, contactdat1_.id as id1_1_1_, contactdat1_.address as address2_1_1_, contactdat1_.bmonth as bmonth3_1_1_, contactdat1_.byear as byear4_1_1_, contactdat1_.email as email5_1_1_, contactdat1_.email2 as email6_1_1_, contactdat1_.email3 as email7_1_1_, contactdat1_.firstname as firstnam8_1_1_, contactdat1_.home as home9_1_1_, contactdat1_.lastname as lastnam10_1_1_, contactdat1_.middlename as middlen11_1_1_, contactdat1_.mobile as mobile12_1_1_, contactdat1_.photo as photo13_1_1_, contactdat1_.work as work14_1_1_ from address_in_groups contacts0_ inner join addressbook contactdat1_ on contacts0_.id=contactdat1_.id where contacts0_.group_id=?
Hibernate: select contacts0_.group_id as group_id2_0_0_, contacts0_.id as id1_0_0_, contactdat1_.id as id1_1_1_, contactdat1_.address as address2_1_1_, contactdat1_.bmonth as bmonth3_1_1_, contactdat1_.byear as byear4_1_1_, contactdat1_.email as email5_1_1_, contactdat1_.email2 as email6_1_1_, contactdat1_.email3 as email7_1_1_, contactdat1_.firstname as firstnam8_1_1_, contactdat1_.home as home9_1_1_, contactdat1_.lastname as lastnam10_1_1_, contactdat1_.middlename as middlen11_1_1_, contactdat1_.mobile as mobile12_1_1_, contactdat1_.photo as photo13_1_1_, contactdat1_.work as work14_1_1_ from address_in_groups contacts0_ inner join addressbook contactdat1_ on contacts0_.id=contactdat1_.id where contacts0_.group_id=?
Hibernate: select contacts0_.group_id as group_id2_0_0_, contacts0_.id as id1_0_0_, contactdat1_.id as id1_1_1_, contactdat1_.address as address2_1_1_, contactdat1_.bmonth as bmonth3_1_1_, contactdat1_.byear as byear4_1_1_, contactdat1_.email as email5_1_1_, contactdat1_.email2 as email6_1_1_, contactdat1_.email3 as email7_1_1_, contactdat1_.firstname as firstnam8_1_1_, contactdat1_.home as home9_1_1_, contactdat1_.lastname as lastnam10_1_1_, contactdat1_.middlename as middlen11_1_1_, contactdat1_.mobile as mobile12_1_1_, contactdat1_.photo as photo13_1_1_, contactdat1_.work as work14_1_1_ from address_in_groups contacts0_ inner join addressbook contactdat1_ on contacts0_.id=contactdat1_.id where contacts0_.group_id=?
Hibernate: select contacts0_.group_id as group_id2_0_0_, contacts0_.id as id1_0_0_, contactdat1_.id as id1_1_1_, contactdat1_.address as address2_1_1_, contactdat1_.bmonth as bmonth3_1_1_, contactdat1_.byear as byear4_1_1_, contactdat1_.email as email5_1_1_, contactdat1_.email2 as email6_1_1_, contactdat1_.email3 as email7_1_1_, contactdat1_.firstname as firstnam8_1_1_, contactdat1_.home as home9_1_1_, contactdat1_.lastname as lastnam10_1_1_, contactdat1_.middlename as middlen11_1_1_, contactdat1_.mobile as mobile12_1_1_, contactdat1_.photo as photo13_1_1_, contactdat1_.work as work14_1_1_ from address_in_groups contacts0_ inner join addressbook contactdat1_ on contacts0_.id=contactdat1_.id where contacts0_.group_id=?
Hibernate: select contacts0_.group_id as group_id2_0_0_, contacts0_.id as id1_0_0_, contactdat1_.id as id1_1_1_, contactdat1_.address as address2_1_1_, contactdat1_.bmonth as bmonth3_1_1_, contactdat1_.byear as byear4_1_1_, contactdat1_.email as email5_1_1_, contactdat1_.email2 as email6_1_1_, contactdat1_.email3 as email7_1_1_, contactdat1_.firstname as firstnam8_1_1_, contactdat1_.home as home9_1_1_, contactdat1_.lastname as lastnam10_1_1_, contactdat1_.middlename as middlen11_1_1_, contactdat1_.mobile as mobile12_1_1_, contactdat1_.photo as photo13_1_1_, contactdat1_.work as work14_1_1_ from address_in_groups contacts0_ inner join addressbook contactdat1_ on contacts0_.id=contactdat1_.id where contacts0_.group_id=?
Hibernate: select contacts0_.group_id as group_id2_0_0_, contacts0_.id as id1_0_0_, contactdat1_.id as id1_1_1_, contactdat1_.address as address2_1_1_, contactdat1_.bmonth as bmonth3_1_1_, contactdat1_.byear as byear4_1_1_, contactdat1_.email as email5_1_1_, contactdat1_.email2 as email6_1_1_, contactdat1_.email3 as email7_1_1_, contactdat1_.firstname as firstnam8_1_1_, contactdat1_.home as home9_1_1_, contactdat1_.lastname as lastnam10_1_1_, contactdat1_.middlename as middlen11_1_1_, contactdat1_.mobile as mobile12_1_1_, contactdat1_.photo as photo13_1_1_, contactdat1_.work as work14_1_1_ from address_in_groups contacts0_ inner join addressbook contactdat1_ on contacts0_.id=contactdat1_.id where contacts0_.group_id=?
Hibernate: select contacts0_.group_id as group_id2_0_0_, contacts0_.id as id1_0_0_, contactdat1_.id as id1_1_1_, contactdat1_.address as address2_1_1_, contactdat1_.bmonth as bmonth3_1_1_, contactdat1_.byear as byear4_1_1_, contactdat1_.email as email5_1_1_, contactdat1_.email2 as email6_1_1_, contactdat1_.email3 as email7_1_1_, contactdat1_.firstname as firstnam8_1_1_, contactdat1_.home as home9_1_1_, contactdat1_.lastname as lastnam10_1_1_, contactdat1_.middlename as middlen11_1_1_, contactdat1_.mobile as mobile12_1_1_, contactdat1_.photo as photo13_1_1_, contactdat1_.work as work14_1_1_ from address_in_groups contacts0_ inner join addressbook contactdat1_ on contacts0_.id=contactdat1_.id where contacts0_.group_id=?
Hibernate: select contacts0_.group_id as group_id2_0_0_, contacts0_.id as id1_0_0_, contactdat1_.id as id1_1_1_, contactdat1_.address as address2_1_1_, contactdat1_.bmonth as bmonth3_1_1_, contactdat1_.byear as byear4_1_1_, contactdat1_.email as email5_1_1_, contactdat1_.email2 as email6_1_1_, contactdat1_.email3 as email7_1_1_, contactdat1_.firstname as firstnam8_1_1_, contactdat1_.home as home9_1_1_, contactdat1_.lastname as lastnam10_1_1_, contactdat1_.middlename as middlen11_1_1_, contactdat1_.mobile as mobile12_1_1_, contactdat1_.photo as photo13_1_1_, contactdat1_.work as work14_1_1_ from address_in_groups contacts0_ inner join addressbook contactdat1_ on contacts0_.id=contactdat1_.id where contacts0_.group_id=?
Hibernate: select contacts0_.group_id as group_id2_0_0_, contacts0_.id as id1_0_0_, contactdat1_.id as id1_1_1_, contactdat1_.address as address2_1_1_, contactdat1_.bmonth as bmonth3_1_1_, contactdat1_.byear as byear4_1_1_, contactdat1_.email as email5_1_1_, contactdat1_.email2 as email6_1_1_, contactdat1_.email3 as email7_1_1_, contactdat1_.firstname as firstnam8_1_1_, contactdat1_.home as home9_1_1_, contactdat1_.lastname as lastnam10_1_1_, contactdat1_.middlename as middlen11_1_1_, contactdat1_.mobile as mobile12_1_1_, contactdat1_.photo as photo13_1_1_, contactdat1_.work as work14_1_1_ from address_in_groups contacts0_ inner join addressbook contactdat1_ on contacts0_.id=contactdat1_.id where contacts0_.group_id=?
Hibernate: select contacts0_.group_id as group_id2_0_0_, contacts0_.id as id1_0_0_, contactdat1_.id as id1_1_1_, contactdat1_.address as address2_1_1_, contactdat1_.bmonth as bmonth3_1_1_, contactdat1_.byear as byear4_1_1_, contactdat1_.email as email5_1_1_, contactdat1_.email2 as email6_1_1_, contactdat1_.email3 as email7_1_1_, contactdat1_.firstname as firstnam8_1_1_, contactdat1_.home as home9_1_1_, contactdat1_.lastname as lastnam10_1_1_, contactdat1_.middlename as middlen11_1_1_, contactdat1_.mobile as mobile12_1_1_, contactdat1_.photo as photo13_1_1_, contactdat1_.work as work14_1_1_ from address_in_groups contacts0_ inner join addressbook contactdat1_ on contacts0_.id=contactdat1_.id where contacts0_.group_id=?
Hibernate: select contacts0_.group_id as group_id2_0_0_, contacts0_.id as id1_0_0_, contactdat1_.id as id1_1_1_, contactdat1_.address as address2_1_1_, contactdat1_.bmonth as bmonth3_1_1_, contactdat1_.byear as byear4_1_1_, contactdat1_.email as email5_1_1_, contactdat1_.email2 as email6_1_1_, contactdat1_.email3 as email7_1_1_, contactdat1_.firstname as firstnam8_1_1_, contactdat1_.home as home9_1_1_, contactdat1_.lastname as lastnam10_1_1_, contactdat1_.middlename as middlen11_1_1_, contactdat1_.mobile as mobile12_1_1_, contactdat1_.photo as photo13_1_1_, contactdat1_.work as work14_1_1_ from address_in_groups contacts0_ inner join addressbook contactdat1_ on contacts0_.id=contactdat1_.id where contacts0_.group_id=?
Hibernate: select contacts0_.group_id as group_id2_0_0_, contacts0_.id as id1_0_0_, contactdat1_.id as id1_1_1_, contactdat1_.address as address2_1_1_, contactdat1_.bmonth as bmonth3_1_1_, contactdat1_.byear as byear4_1_1_, contactdat1_.email as email5_1_1_, contactdat1_.email2 as email6_1_1_, contactdat1_.email3 as email7_1_1_, contactdat1_.firstname as firstnam8_1_1_, contactdat1_.home as home9_1_1_, contactdat1_.lastname as lastnam10_1_1_, contactdat1_.middlename as middlen11_1_1_, contactdat1_.mobile as mobile12_1_1_, contactdat1_.photo as photo13_1_1_, contactdat1_.work as work14_1_1_ from address_in_groups contacts0_ inner join addressbook contactdat1_ on contacts0_.id=contactdat1_.id where contacts0_.group_id=?
Hibernate: select contacts0_.group_id as group_id2_0_0_, contacts0_.id as id1_0_0_, contactdat1_.id as id1_1_1_, contactdat1_.address as address2_1_1_, contactdat1_.bmonth as bmonth3_1_1_, contactdat1_.byear as byear4_1_1_, contactdat1_.email as email5_1_1_, contactdat1_.email2 as email6_1_1_, contactdat1_.email3 as email7_1_1_, contactdat1_.firstname as firstnam8_1_1_, contactdat1_.home as home9_1_1_, contactdat1_.lastname as lastnam10_1_1_, contactdat1_.middlename as middlen11_1_1_, contactdat1_.mobile as mobile12_1_1_, contactdat1_.photo as photo13_1_1_, contactdat1_.work as work14_1_1_ from address_in_groups contacts0_ inner join addressbook contactdat1_ on contacts0_.id=contactdat1_.id where contacts0_.group_id=?
Hibernate: select contacts0_.group_id as group_id2_0_0_, contacts0_.id as id1_0_0_, contactdat1_.id as id1_1_1_, contactdat1_.address as address2_1_1_, contactdat1_.bmonth as bmonth3_1_1_, contactdat1_.byear as byear4_1_1_, contactdat1_.email as email5_1_1_, contactdat1_.email2 as email6_1_1_, contactdat1_.email3 as email7_1_1_, contactdat1_.firstname as firstnam8_1_1_, contactdat1_.home as home9_1_1_, contactdat1_.lastname as lastnam10_1_1_, contactdat1_.middlename as middlen11_1_1_, contactdat1_.mobile as mobile12_1_1_, contactdat1_.photo as photo13_1_1_, contactdat1_.work as work14_1_1_ from address_in_groups contacts0_ inner join addressbook contactdat1_ on contacts0_.id=contactdat1_.id where contacts0_.group_id=?
Hibernate: select contacts0_.group_id as group_id2_0_0_, contacts0_.id as id1_0_0_, contactdat1_.id as id1_1_1_, contactdat1_.address as address2_1_1_, contactdat1_.bmonth as bmonth3_1_1_, contactdat1_.byear as byear4_1_1_, contactdat1_.email as email5_1_1_, contactdat1_.email2 as email6_1_1_, contactdat1_.email3 as email7_1_1_, contactdat1_.firstname as firstnam8_1_1_, contactdat1_.home as home9_1_1_, contactdat1_.lastname as lastnam10_1_1_, contactdat1_.middlename as middlen11_1_1_, contactdat1_.mobile as mobile12_1_1_, contactdat1_.photo as photo13_1_1_, contactdat1_.work as work14_1_1_ from address_in_groups contacts0_ inner join addressbook contactdat1_ on contacts0_.id=contactdat1_.id where contacts0_.group_id=?
Hibernate: select contacts0_.group_id as group_id2_0_0_, contacts0_.id as id1_0_0_, contactdat1_.id as id1_1_1_, contactdat1_.address as address2_1_1_, contactdat1_.bmonth as bmonth3_1_1_, contactdat1_.byear as byear4_1_1_, contactdat1_.email as email5_1_1_, contactdat1_.email2 as email6_1_1_, contactdat1_.email3 as email7_1_1_, contactdat1_.firstname as firstnam8_1_1_, contactdat1_.home as home9_1_1_, contactdat1_.lastname as lastnam10_1_1_, contactdat1_.middlename as middlen11_1_1_, contactdat1_.mobile as mobile12_1_1_, contactdat1_.photo as photo13_1_1_, contactdat1_.work as work14_1_1_ from address_in_groups contacts0_ inner join addressbook contactdat1_ on contacts0_.id=contactdat1_.id where contacts0_.group_id=?
Hibernate: select contacts0_.group_id as group_id2_0_0_, contacts0_.id as id1_0_0_, contactdat1_.id as id1_1_1_, contactdat1_.address as address2_1_1_, contactdat1_.bmonth as bmonth3_1_1_, contactdat1_.byear as byear4_1_1_, contactdat1_.email as email5_1_1_, contactdat1_.email2 as email6_1_1_, contactdat1_.email3 as email7_1_1_, contactdat1_.firstname as firstnam8_1_1_, contactdat1_.home as home9_1_1_, contactdat1_.lastname as lastnam10_1_1_, contactdat1_.middlename as middlen11_1_1_, contactdat1_.mobile as mobile12_1_1_, contactdat1_.photo as photo13_1_1_, contactdat1_.work as work14_1_1_ from address_in_groups contacts0_ inner join addressbook contactdat1_ on contacts0_.id=contactdat1_.id where contacts0_.group_id=?
Hibernate: select contacts0_.group_id as group_id2_0_0_, contacts0_.id as id1_0_0_, contactdat1_.id as id1_1_1_, contactdat1_.address as address2_1_1_, contactdat1_.bmonth as bmonth3_1_1_, contactdat1_.byear as byear4_1_1_, contactdat1_.email as email5_1_1_, contactdat1_.email2 as email6_1_1_, contactdat1_.email3 as email7_1_1_, contactdat1_.firstname as firstnam8_1_1_, contactdat1_.home as home9_1_1_, contactdat1_.lastname as lastnam10_1_1_, contactdat1_.middlename as middlen11_1_1_, contactdat1_.mobile as mobile12_1_1_, contactdat1_.photo as photo13_1_1_, contactdat1_.work as work14_1_1_ from address_in_groups contacts0_ inner join addressbook contactdat1_ on contacts0_.id=contactdat1_.id where contacts0_.group_id=?
Hibernate: select contacts0_.group_id as group_id2_0_0_, contacts0_.id as id1_0_0_, contactdat1_.id as id1_1_1_, contactdat1_.address as address2_1_1_, contactdat1_.bmonth as bmonth3_1_1_, contactdat1_.byear as byear4_1_1_, contactdat1_.email as email5_1_1_, contactdat1_.email2 as email6_1_1_, contactdat1_.email3 as email7_1_1_, contactdat1_.firstname as firstnam8_1_1_, contactdat1_.home as home9_1_1_, contactdat1_.lastname as lastnam10_1_1_, contactdat1_.middlename as middlen11_1_1_, contactdat1_.mobile as mobile12_1_1_, contactdat1_.photo as photo13_1_1_, contactdat1_.work as work14_1_1_ from address_in_groups contacts0_ inner join addressbook contactdat1_ on contacts0_.id=contactdat1_.id where contacts0_.group_id=?
Hibernate: select contacts0_.group_id as group_id2_0_0_, contacts0_.id as id1_0_0_, contactdat1_.id as id1_1_1_, contactdat1_.address as address2_1_1_, contactdat1_.bmonth as bmonth3_1_1_, contactdat1_.byear as byear4_1_1_, contactdat1_.email as email5_1_1_, contactdat1_.email2 as email6_1_1_, contactdat1_.email3 as email7_1_1_, contactdat1_.firstname as firstnam8_1_1_, contactdat1_.home as home9_1_1_, contactdat1_.lastname as lastnam10_1_1_, contactdat1_.middlename as middlen11_1_1_, contactdat1_.mobile as mobile12_1_1_, contactdat1_.photo as photo13_1_1_, contactdat1_.work as work14_1_1_ from address_in_groups contacts0_ inner join addressbook contactdat1_ on contacts0_.id=contactdat1_.id where contacts0_.group_id=?
Hibernate: select contacts0_.group_id as group_id2_0_0_, contacts0_.id as id1_0_0_, contactdat1_.id as id1_1_1_, contactdat1_.address as address2_1_1_, contactdat1_.bmonth as bmonth3_1_1_, contactdat1_.byear as byear4_1_1_, contactdat1_.email as email5_1_1_, contactdat1_.email2 as email6_1_1_, contactdat1_.email3 as email7_1_1_, contactdat1_.firstname as firstnam8_1_1_, contactdat1_.home as home9_1_1_, contactdat1_.lastname as lastnam10_1_1_, contactdat1_.middlename as middlen11_1_1_, contactdat1_.mobile as mobile12_1_1_, contactdat1_.photo as photo13_1_1_, contactdat1_.work as work14_1_1_ from address_in_groups contacts0_ inner join addressbook contactdat1_ on contacts0_.id=contactdat1_.id where contacts0_.group_id=?
Hibernate: select contacts0_.group_id as group_id2_0_0_, contacts0_.id as id1_0_0_, contactdat1_.id as id1_1_1_, contactdat1_.address as address2_1_1_, contactdat1_.bmonth as bmonth3_1_1_, contactdat1_.byear as byear4_1_1_, contactdat1_.email as email5_1_1_, contactdat1_.email2 as email6_1_1_, contactdat1_.email3 as email7_1_1_, contactdat1_.firstname as firstnam8_1_1_, contactdat1_.home as home9_1_1_, contactdat1_.lastname as lastnam10_1_1_, contactdat1_.middlename as middlen11_1_1_, contactdat1_.mobile as mobile12_1_1_, contactdat1_.photo as photo13_1_1_, contactdat1_.work as work14_1_1_ from address_in_groups contacts0_ inner join addressbook contactdat1_ on contacts0_.id=contactdat1_.id where contacts0_.group_id=?
Hibernate: select contacts0_.group_id as group_id2_0_0_, contacts0_.id as id1_0_0_, contactdat1_.id as id1_1_1_, contactdat1_.address as address2_1_1_, contactdat1_.bmonth as bmonth3_1_1_, contactdat1_.byear as byear4_1_1_, contactdat1_.email as email5_1_1_, contactdat1_.email2 as email6_1_1_, contactdat1_.email3 as email7_1_1_, contactdat1_.firstname as firstnam8_1_1_, contactdat1_.home as home9_1_1_, contactdat1_.lastname as lastnam10_1_1_, contactdat1_.middlename as middlen11_1_1_, contactdat1_.mobile as mobile12_1_1_, contactdat1_.photo as photo13_1_1_, contactdat1_.work as work14_1_1_ from address_in_groups contacts0_ inner join addressbook contactdat1_ on contacts0_.id=contactdat1_.id where contacts0_.group_id=?
Hibernate: select contacts0_.group_id as group_id2_0_0_, contacts0_.id as id1_0_0_, contactdat1_.id as id1_1_1_, contactdat1_.address as address2_1_1_, contactdat1_.bmonth as bmonth3_1_1_, contactdat1_.byear as byear4_1_1_, contactdat1_.email as email5_1_1_, contactdat1_.email2 as email6_1_1_, contactdat1_.email3 as email7_1_1_, contactdat1_.firstname as firstnam8_1_1_, contactdat1_.home as home9_1_1_, contactdat1_.lastname as lastnam10_1_1_, contactdat1_.middlename as middlen11_1_1_, contactdat1_.mobile as mobile12_1_1_, contactdat1_.photo as photo13_1_1_, contactdat1_.work as work14_1_1_ from address_in_groups contacts0_ inner join addressbook contactdat1_ on contacts0_.id=contactdat1_.id where contacts0_.group_id=?
22:10:45.616 [Test worker] INFO  r.s.pft.addressbook.tests.TestBase - End testtestGroupCreation
22:10:45.616 [Test worker] INFO  r.s.pft.addressbook.tests.TestBase - Start testtestGroupCreation with parameters [GroupData{id='0', name='test 3'}]
Hibernate: select groupdata0_.group_id as group_id1_2_, groupdata0_.group_footer as group_fo2_2_, groupdata0_.group_header as group_he3_2_, groupdata0_.group_name as group_na4_2_ from group_list groupdata0_
Hibernate: select contacts0_.group_id as group_id2_0_0_, contacts0_.id as id1_0_0_, contactdat1_.id as id1_1_1_, contactdat1_.address as address2_1_1_, contactdat1_.bmonth as bmonth3_1_1_, contactdat1_.byear as byear4_1_1_, contactdat1_.email as email5_1_1_, contactdat1_.email2 as email6_1_1_, contactdat1_.email3 as email7_1_1_, contactdat1_.firstname as firstnam8_1_1_, contactdat1_.home as home9_1_1_, contactdat1_.lastname as lastnam10_1_1_, contactdat1_.middlename as middlen11_1_1_, contactdat1_.mobile as mobile12_1_1_, contactdat1_.photo as photo13_1_1_, contactdat1_.work as work14_1_1_ from address_in_groups contacts0_ inner join addressbook contactdat1_ on contacts0_.id=contactdat1_.id where contacts0_.group_id=?
Hibernate: select contacts0_.group_id as group_id2_0_0_, contacts0_.id as id1_0_0_, contactdat1_.id as id1_1_1_, contactdat1_.address as address2_1_1_, contactdat1_.bmonth as bmonth3_1_1_, contactdat1_.byear as byear4_1_1_, contactdat1_.email as email5_1_1_, contactdat1_.email2 as email6_1_1_, contactdat1_.email3 as email7_1_1_, contactdat1_.firstname as firstnam8_1_1_, contactdat1_.home as home9_1_1_, contactdat1_.lastname as lastnam10_1_1_, contactdat1_.middlename as middlen11_1_1_, contactdat1_.mobile as mobile12_1_1_, contactdat1_.photo as photo13_1_1_, contactdat1_.work as work14_1_1_ from address_in_groups contacts0_ inner join addressbook contactdat1_ on contacts0_.id=contactdat1_.id where contacts0_.group_id=?
Hibernate: select contacts0_.group_id as group_id2_0_0_, contacts0_.id as id1_0_0_, contactdat1_.id as id1_1_1_, contactdat1_.address as address2_1_1_, contactdat1_.bmonth as bmonth3_1_1_, contactdat1_.byear as byear4_1_1_, contactdat1_.email as email5_1_1_, contactdat1_.email2 as email6_1_1_, contactdat1_.email3 as email7_1_1_, contactdat1_.firstname as firstnam8_1_1_, contactdat1_.home as home9_1_1_, contactdat1_.lastname as lastnam10_1_1_, contactdat1_.middlename as middlen11_1_1_, contactdat1_.mobile as mobile12_1_1_, contactdat1_.photo as photo13_1_1_, contactdat1_.work as work14_1_1_ from address_in_groups contacts0_ inner join addressbook contactdat1_ on contacts0_.id=contactdat1_.id where contacts0_.group_id=?
Hibernate: select contacts0_.group_id as group_id2_0_0_, contacts0_.id as id1_0_0_, contactdat1_.id as id1_1_1_, contactdat1_.address as address2_1_1_, contactdat1_.bmonth as bmonth3_1_1_, contactdat1_.byear as byear4_1_1_, contactdat1_.email as email5_1_1_, contactdat1_.email2 as email6_1_1_, contactdat1_.email3 as email7_1_1_, contactdat1_.firstname as firstnam8_1_1_, contactdat1_.home as home9_1_1_, contactdat1_.lastname as lastnam10_1_1_, contactdat1_.middlename as middlen11_1_1_, contactdat1_.mobile as mobile12_1_1_, contactdat1_.photo as photo13_1_1_, contactdat1_.work as work14_1_1_ from address_in_groups contacts0_ inner join addressbook contactdat1_ on contacts0_.id=contactdat1_.id where contacts0_.group_id=?
Hibernate: select contacts0_.group_id as group_id2_0_0_, contacts0_.id as id1_0_0_, contactdat1_.id as id1_1_1_, contactdat1_.address as address2_1_1_, contactdat1_.bmonth as bmonth3_1_1_, contactdat1_.byear as byear4_1_1_, contactdat1_.email as email5_1_1_, contactdat1_.email2 as email6_1_1_, contactdat1_.email3 as email7_1_1_, contactdat1_.firstname as firstnam8_1_1_, contactdat1_.home as home9_1_1_, contactdat1_.lastname as lastnam10_1_1_, contactdat1_.middlename as middlen11_1_1_, contactdat1_.mobile as mobile12_1_1_, contactdat1_.photo as photo13_1_1_, contactdat1_.work as work14_1_1_ from address_in_groups contacts0_ inner join addressbook contactdat1_ on contacts0_.id=contactdat1_.id where contacts0_.group_id=?
Hibernate: select contacts0_.group_id as group_id2_0_0_, contacts0_.id as id1_0_0_, contactdat1_.id as id1_1_1_, contactdat1_.address as address2_1_1_, contactdat1_.bmonth as bmonth3_1_1_, contactdat1_.byear as byear4_1_1_, contactdat1_.email as email5_1_1_, contactdat1_.email2 as email6_1_1_, contactdat1_.email3 as email7_1_1_, contactdat1_.firstname as firstnam8_1_1_, contactdat1_.home as home9_1_1_, contactdat1_.lastname as lastnam10_1_1_, contactdat1_.middlename as middlen11_1_1_, contactdat1_.mobile as mobile12_1_1_, contactdat1_.photo as photo13_1_1_, contactdat1_.work as work14_1_1_ from address_in_groups contacts0_ inner join addressbook contactdat1_ on contacts0_.id=contactdat1_.id where contacts0_.group_id=?
Hibernate: select contacts0_.group_id as group_id2_0_0_, contacts0_.id as id1_0_0_, contactdat1_.id as id1_1_1_, contactdat1_.address as address2_1_1_, contactdat1_.bmonth as bmonth3_1_1_, contactdat1_.byear as byear4_1_1_, contactdat1_.email as email5_1_1_, contactdat1_.email2 as email6_1_1_, contactdat1_.email3 as email7_1_1_, contactdat1_.firstname as firstnam8_1_1_, contactdat1_.home as home9_1_1_, contactdat1_.lastname as lastnam10_1_1_, contactdat1_.middlename as middlen11_1_1_, contactdat1_.mobile as mobile12_1_1_, contactdat1_.photo as photo13_1_1_, contactdat1_.work as work14_1_1_ from address_in_groups contacts0_ inner join addressbook contactdat1_ on contacts0_.id=contactdat1_.id where contacts0_.group_id=?
Hibernate: select contacts0_.group_id as group_id2_0_0_, contacts0_.id as id1_0_0_, contactdat1_.id as id1_1_1_, contactdat1_.address as address2_1_1_, contactdat1_.bmonth as bmonth3_1_1_, contactdat1_.byear as byear4_1_1_, contactdat1_.email as email5_1_1_, contactdat1_.email2 as email6_1_1_, contactdat1_.email3 as email7_1_1_, contactdat1_.firstname as firstnam8_1_1_, contactdat1_.home as home9_1_1_, contactdat1_.lastname as lastnam10_1_1_, contactdat1_.middlename as middlen11_1_1_, contactdat1_.mobile as mobile12_1_1_, contactdat1_.photo as photo13_1_1_, contactdat1_.work as work14_1_1_ from address_in_groups contacts0_ inner join addressbook contactdat1_ on contacts0_.id=contactdat1_.id where contacts0_.group_id=?
Hibernate: select contacts0_.group_id as group_id2_0_0_, contacts0_.id as id1_0_0_, contactdat1_.id as id1_1_1_, contactdat1_.address as address2_1_1_, contactdat1_.bmonth as bmonth3_1_1_, contactdat1_.byear as byear4_1_1_, contactdat1_.email as email5_1_1_, contactdat1_.email2 as email6_1_1_, contactdat1_.email3 as email7_1_1_, contactdat1_.firstname as firstnam8_1_1_, contactdat1_.home as home9_1_1_, contactdat1_.lastname as lastnam10_1_1_, contactdat1_.middlename as middlen11_1_1_, contactdat1_.mobile as mobile12_1_1_, contactdat1_.photo as photo13_1_1_, contactdat1_.work as work14_1_1_ from address_in_groups contacts0_ inner join addressbook contactdat1_ on contacts0_.id=contactdat1_.id where contacts0_.group_id=?
Hibernate: select contacts0_.group_id as group_id2_0_0_, contacts0_.id as id1_0_0_, contactdat1_.id as id1_1_1_, contactdat1_.address as address2_1_1_, contactdat1_.bmonth as bmonth3_1_1_, contactdat1_.byear as byear4_1_1_, contactdat1_.email as email5_1_1_, contactdat1_.email2 as email6_1_1_, contactdat1_.email3 as email7_1_1_, contactdat1_.firstname as firstnam8_1_1_, contactdat1_.home as home9_1_1_, contactdat1_.lastname as lastnam10_1_1_, contactdat1_.middlename as middlen11_1_1_, contactdat1_.mobile as mobile12_1_1_, contactdat1_.photo as photo13_1_1_, contactdat1_.work as work14_1_1_ from address_in_groups contacts0_ inner join addressbook contactdat1_ on contacts0_.id=contactdat1_.id where contacts0_.group_id=?
Hibernate: select contacts0_.group_id as group_id2_0_0_, contacts0_.id as id1_0_0_, contactdat1_.id as id1_1_1_, contactdat1_.address as address2_1_1_, contactdat1_.bmonth as bmonth3_1_1_, contactdat1_.byear as byear4_1_1_, contactdat1_.email as email5_1_1_, contactdat1_.email2 as email6_1_1_, contactdat1_.email3 as email7_1_1_, contactdat1_.firstname as firstnam8_1_1_, contactdat1_.home as home9_1_1_, contactdat1_.lastname as lastnam10_1_1_, contactdat1_.middlename as middlen11_1_1_, contactdat1_.mobile as mobile12_1_1_, contactdat1_.photo as photo13_1_1_, contactdat1_.work as work14_1_1_ from address_in_groups contacts0_ inner join addressbook contactdat1_ on contacts0_.id=contactdat1_.id where contacts0_.group_id=?
Hibernate: select contacts0_.group_id as group_id2_0_0_, contacts0_.id as id1_0_0_, contactdat1_.id as id1_1_1_, contactdat1_.address as address2_1_1_, contactdat1_.bmonth as bmonth3_1_1_, contactdat1_.byear as byear4_1_1_, contactdat1_.email as email5_1_1_, contactdat1_.email2 as email6_1_1_, contactdat1_.email3 as email7_1_1_, contactdat1_.firstname as firstnam8_1_1_, contactdat1_.home as home9_1_1_, contactdat1_.lastname as lastnam10_1_1_, contactdat1_.middlename as middlen11_1_1_, contactdat1_.mobile as mobile12_1_1_, contactdat1_.photo as photo13_1_1_, contactdat1_.work as work14_1_1_ from address_in_groups contacts0_ inner join addressbook contactdat1_ on contacts0_.id=contactdat1_.id where contacts0_.group_id=?
Hibernate: select contacts0_.group_id as group_id2_0_0_, contacts0_.id as id1_0_0_, contactdat1_.id as id1_1_1_, contactdat1_.address as address2_1_1_, contactdat1_.bmonth as bmonth3_1_1_, contactdat1_.byear as byear4_1_1_, contactdat1_.email as email5_1_1_, contactdat1_.email2 as email6_1_1_, contactdat1_.email3 as email7_1_1_, contactdat1_.firstname as firstnam8_1_1_, contactdat1_.home as home9_1_1_, contactdat1_.lastname as lastnam10_1_1_, contactdat1_.middlename as middlen11_1_1_, contactdat1_.mobile as mobile12_1_1_, contactdat1_.photo as photo13_1_1_, contactdat1_.work as work14_1_1_ from address_in_groups contacts0_ inner join addressbook contactdat1_ on contacts0_.id=contactdat1_.id where contacts0_.group_id=?
Hibernate: select contacts0_.group_id as group_id2_0_0_, contacts0_.id as id1_0_0_, contactdat1_.id as id1_1_1_, contactdat1_.address as address2_1_1_, contactdat1_.bmonth as bmonth3_1_1_, contactdat1_.byear as byear4_1_1_, contactdat1_.email as email5_1_1_, contactdat1_.email2 as email6_1_1_, contactdat1_.email3 as email7_1_1_, contactdat1_.firstname as firstnam8_1_1_, contactdat1_.home as home9_1_1_, contactdat1_.lastname as lastnam10_1_1_, contactdat1_.middlename as middlen11_1_1_, contactdat1_.mobile as mobile12_1_1_, contactdat1_.photo as photo13_1_1_, contactdat1_.work as work14_1_1_ from address_in_groups contacts0_ inner join addressbook contactdat1_ on contacts0_.id=contactdat1_.id where contacts0_.group_id=?
Hibernate: select contacts0_.group_id as group_id2_0_0_, contacts0_.id as id1_0_0_, contactdat1_.id as id1_1_1_, contactdat1_.address as address2_1_1_, contactdat1_.bmonth as bmonth3_1_1_, contactdat1_.byear as byear4_1_1_, contactdat1_.email as email5_1_1_, contactdat1_.email2 as email6_1_1_, contactdat1_.email3 as email7_1_1_, contactdat1_.firstname as firstnam8_1_1_, contactdat1_.home as home9_1_1_, contactdat1_.lastname as lastnam10_1_1_, contactdat1_.middlename as middlen11_1_1_, contactdat1_.mobile as mobile12_1_1_, contactdat1_.photo as photo13_1_1_, contactdat1_.work as work14_1_1_ from address_in_groups contacts0_ inner join addressbook contactdat1_ on contacts0_.id=contactdat1_.id where contacts0_.group_id=?
Hibernate: select contacts0_.group_id as group_id2_0_0_, contacts0_.id as id1_0_0_, contactdat1_.id as id1_1_1_, contactdat1_.address as address2_1_1_, contactdat1_.bmonth as bmonth3_1_1_, contactdat1_.byear as byear4_1_1_, contactdat1_.email as email5_1_1_, contactdat1_.email2 as email6_1_1_, contactdat1_.email3 as email7_1_1_, contactdat1_.firstname as firstnam8_1_1_, contactdat1_.home as home9_1_1_, contactdat1_.lastname as lastnam10_1_1_, contactdat1_.middlename as middlen11_1_1_, contactdat1_.mobile as mobile12_1_1_, contactdat1_.photo as photo13_1_1_, contactdat1_.work as work14_1_1_ from address_in_groups contacts0_ inner join addressbook contactdat1_ on contacts0_.id=contactdat1_.id where contacts0_.group_id=?
Hibernate: select contacts0_.group_id as group_id2_0_0_, contacts0_.id as id1_0_0_, contactdat1_.id as id1_1_1_, contactdat1_.address as address2_1_1_, contactdat1_.bmonth as bmonth3_1_1_, contactdat1_.byear as byear4_1_1_, contactdat1_.email as email5_1_1_, contactdat1_.email2 as email6_1_1_, contactdat1_.email3 as email7_1_1_, contactdat1_.firstname as firstnam8_1_1_, contactdat1_.home as home9_1_1_, contactdat1_.lastname as lastnam10_1_1_, contactdat1_.middlename as middlen11_1_1_, contactdat1_.mobile as mobile12_1_1_, contactdat1_.photo as photo13_1_1_, contactdat1_.work as work14_1_1_ from address_in_groups contacts0_ inner join addressbook contactdat1_ on contacts0_.id=contactdat1_.id where contacts0_.group_id=?
Hibernate: select contacts0_.group_id as group_id2_0_0_, contacts0_.id as id1_0_0_, contactdat1_.id as id1_1_1_, contactdat1_.address as address2_1_1_, contactdat1_.bmonth as bmonth3_1_1_, contactdat1_.byear as byear4_1_1_, contactdat1_.email as email5_1_1_, contactdat1_.email2 as email6_1_1_, contactdat1_.email3 as email7_1_1_, contactdat1_.firstname as firstnam8_1_1_, contactdat1_.home as home9_1_1_, contactdat1_.lastname as lastnam10_1_1_, contactdat1_.middlename as middlen11_1_1_, contactdat1_.mobile as mobile12_1_1_, contactdat1_.photo as photo13_1_1_, contactdat1_.work as work14_1_1_ from address_in_groups contacts0_ inner join addressbook contactdat1_ on contacts0_.id=contactdat1_.id where contacts0_.group_id=?
Hibernate: select contacts0_.group_id as group_id2_0_0_, contacts0_.id as id1_0_0_, contactdat1_.id as id1_1_1_, contactdat1_.address as address2_1_1_, contactdat1_.bmonth as bmonth3_1_1_, contactdat1_.byear as byear4_1_1_, contactdat1_.email as email5_1_1_, contactdat1_.email2 as email6_1_1_, contactdat1_.email3 as email7_1_1_, contactdat1_.firstname as firstnam8_1_1_, contactdat1_.home as home9_1_1_, contactdat1_.lastname as lastnam10_1_1_, contactdat1_.middlename as middlen11_1_1_, contactdat1_.mobile as mobile12_1_1_, contactdat1_.photo as photo13_1_1_, contactdat1_.work as work14_1_1_ from address_in_groups contacts0_ inner join addressbook contactdat1_ on contacts0_.id=contactdat1_.id where contacts0_.group_id=?
Hibernate: select contacts0_.group_id as group_id2_0_0_, contacts0_.id as id1_0_0_, contactdat1_.id as id1_1_1_, contactdat1_.address as address2_1_1_, contactdat1_.bmonth as bmonth3_1_1_, contactdat1_.byear as byear4_1_1_, contactdat1_.email as email5_1_1_, contactdat1_.email2 as email6_1_1_, contactdat1_.email3 as email7_1_1_, contactdat1_.firstname as firstnam8_1_1_, contactdat1_.home as home9_1_1_, contactdat1_.lastname as lastnam10_1_1_, contactdat1_.middlename as middlen11_1_1_, contactdat1_.mobile as mobile12_1_1_, contactdat1_.photo as photo13_1_1_, contactdat1_.work as work14_1_1_ from address_in_groups contacts0_ inner join addressbook contactdat1_ on contacts0_.id=contactdat1_.id where contacts0_.group_id=?
Hibernate: select contacts0_.group_id as group_id2_0_0_, contacts0_.id as id1_0_0_, contactdat1_.id as id1_1_1_, contactdat1_.address as address2_1_1_, contactdat1_.bmonth as bmonth3_1_1_, contactdat1_.byear as byear4_1_1_, contactdat1_.email as email5_1_1_, contactdat1_.email2 as email6_1_1_, contactdat1_.email3 as email7_1_1_, contactdat1_.firstname as firstnam8_1_1_, contactdat1_.home as home9_1_1_, contactdat1_.lastname as lastnam10_1_1_, contactdat1_.middlename as middlen11_1_1_, contactdat1_.mobile as mobile12_1_1_, contactdat1_.photo as photo13_1_1_, contactdat1_.work as work14_1_1_ from address_in_groups contacts0_ inner join addressbook contactdat1_ on contacts0_.id=contactdat1_.id where contacts0_.group_id=?
Hibernate: select contacts0_.group_id as group_id2_0_0_, contacts0_.id as id1_0_0_, contactdat1_.id as id1_1_1_, contactdat1_.address as address2_1_1_, contactdat1_.bmonth as bmonth3_1_1_, contactdat1_.byear as byear4_1_1_, contactdat1_.email as email5_1_1_, contactdat1_.email2 as email6_1_1_, contactdat1_.email3 as email7_1_1_, contactdat1_.firstname as firstnam8_1_1_, contactdat1_.home as home9_1_1_, contactdat1_.lastname as lastnam10_1_1_, contactdat1_.middlename as middlen11_1_1_, contactdat1_.mobile as mobile12_1_1_, contactdat1_.photo as photo13_1_1_, contactdat1_.work as work14_1_1_ from address_in_groups contacts0_ inner join addressbook contactdat1_ on contacts0_.id=contactdat1_.id where contacts0_.group_id=?
Hibernate: select contacts0_.group_id as group_id2_0_0_, contacts0_.id as id1_0_0_, contactdat1_.id as id1_1_1_, contactdat1_.address as address2_1_1_, contactdat1_.bmonth as bmonth3_1_1_, contactdat1_.byear as byear4_1_1_, contactdat1_.email as email5_1_1_, contactdat1_.email2 as email6_1_1_, contactdat1_.email3 as email7_1_1_, contactdat1_.firstname as firstnam8_1_1_, contactdat1_.home as home9_1_1_, contactdat1_.lastname as lastnam10_1_1_, contactdat1_.middlename as middlen11_1_1_, contactdat1_.mobile as mobile12_1_1_, contactdat1_.photo as photo13_1_1_, contactdat1_.work as work14_1_1_ from address_in_groups contacts0_ inner join addressbook contactdat1_ on contacts0_.id=contactdat1_.id where contacts0_.group_id=?
Hibernate: select contacts0_.group_id as group_id2_0_0_, contacts0_.id as id1_0_0_, contactdat1_.id as id1_1_1_, contactdat1_.address as address2_1_1_, contactdat1_.bmonth as bmonth3_1_1_, contactdat1_.byear as byear4_1_1_, contactdat1_.email as email5_1_1_, contactdat1_.email2 as email6_1_1_, contactdat1_.email3 as email7_1_1_, contactdat1_.firstname as firstnam8_1_1_, contactdat1_.home as home9_1_1_, contactdat1_.lastname as lastnam10_1_1_, contactdat1_.middlename as middlen11_1_1_, contactdat1_.mobile as mobile12_1_1_, contactdat1_.photo as photo13_1_1_, contactdat1_.work as work14_1_1_ from address_in_groups contacts0_ inner join addressbook contactdat1_ on contacts0_.id=contactdat1_.id where contacts0_.group_id=?
Hibernate: select contacts0_.group_id as group_id2_0_0_, contacts0_.id as id1_0_0_, contactdat1_.id as id1_1_1_, contactdat1_.address as address2_1_1_, contactdat1_.bmonth as bmonth3_1_1_, contactdat1_.byear as byear4_1_1_, contactdat1_.email as email5_1_1_, contactdat1_.email2 as email6_1_1_, contactdat1_.email3 as email7_1_1_, contactdat1_.firstname as firstnam8_1_1_, contactdat1_.home as home9_1_1_, contactdat1_.lastname as lastnam10_1_1_, contactdat1_.middlename as middlen11_1_1_, contactdat1_.mobile as mobile12_1_1_, contactdat1_.photo as photo13_1_1_, contactdat1_.work as work14_1_1_ from address_in_groups contacts0_ inner join addressbook contactdat1_ on contacts0_.id=contactdat1_.id where contacts0_.group_id=?
Hibernate: select contacts0_.group_id as group_id2_0_0_, contacts0_.id as id1_0_0_, contactdat1_.id as id1_1_1_, contactdat1_.address as address2_1_1_, contactdat1_.bmonth as bmonth3_1_1_, contactdat1_.byear as byear4_1_1_, contactdat1_.email as email5_1_1_, contactdat1_.email2 as email6_1_1_, contactdat1_.email3 as email7_1_1_, contactdat1_.firstname as firstnam8_1_1_, contactdat1_.home as home9_1_1_, contactdat1_.lastname as lastnam10_1_1_, contactdat1_.middlename as middlen11_1_1_, contactdat1_.mobile as mobile12_1_1_, contactdat1_.photo as photo13_1_1_, contactdat1_.work as work14_1_1_ from address_in_groups contacts0_ inner join addressbook contactdat1_ on contacts0_.id=contactdat1_.id where contacts0_.group_id=?
Hibernate: select contacts0_.group_id as group_id2_0_0_, contacts0_.id as id1_0_0_, contactdat1_.id as id1_1_1_, contactdat1_.address as address2_1_1_, contactdat1_.bmonth as bmonth3_1_1_, contactdat1_.byear as byear4_1_1_, contactdat1_.email as email5_1_1_, contactdat1_.email2 as email6_1_1_, contactdat1_.email3 as email7_1_1_, contactdat1_.firstname as firstnam8_1_1_, contactdat1_.home as home9_1_1_, contactdat1_.lastname as lastnam10_1_1_, contactdat1_.middlename as middlen11_1_1_, contactdat1_.mobile as mobile12_1_1_, contactdat1_.photo as photo13_1_1_, contactdat1_.work as work14_1_1_ from address_in_groups contacts0_ inner join addressbook contactdat1_ on contacts0_.id=contactdat1_.id where contacts0_.group_id=?
Hibernate: select contacts0_.group_id as group_id2_0_0_, contacts0_.id as id1_0_0_, contactdat1_.id as id1_1_1_, contactdat1_.address as address2_1_1_, contactdat1_.bmonth as bmonth3_1_1_, contactdat1_.byear as byear4_1_1_, contactdat1_.email as email5_1_1_, contactdat1_.email2 as email6_1_1_, contactdat1_.email3 as email7_1_1_, contactdat1_.firstname as firstnam8_1_1_, contactdat1_.home as home9_1_1_, contactdat1_.lastname as lastnam10_1_1_, contactdat1_.middlename as middlen11_1_1_, contactdat1_.mobile as mobile12_1_1_, contactdat1_.photo as photo13_1_1_, contactdat1_.work as work14_1_1_ from address_in_groups contacts0_ inner join addressbook contactdat1_ on contacts0_.id=contactdat1_.id where contacts0_.group_id=?
Hibernate: select contacts0_.group_id as group_id2_0_0_, contacts0_.id as id1_0_0_, contactdat1_.id as id1_1_1_, contactdat1_.address as address2_1_1_, contactdat1_.bmonth as bmonth3_1_1_, contactdat1_.byear as byear4_1_1_, contactdat1_.email as email5_1_1_, contactdat1_.email2 as email6_1_1_, contactdat1_.email3 as email7_1_1_, contactdat1_.firstname as firstnam8_1_1_, contactdat1_.home as home9_1_1_, contactdat1_.lastname as lastnam10_1_1_, contactdat1_.middlename as middlen11_1_1_, contactdat1_.mobile as mobile12_1_1_, contactdat1_.photo as photo13_1_1_, contactdat1_.work as work14_1_1_ from address_in_groups contacts0_ inner join addressbook contactdat1_ on contacts0_.id=contactdat1_.id where contacts0_.group_id=?
Hibernate: select contacts0_.group_id as group_id2_0_0_, contacts0_.id as id1_0_0_, contactdat1_.id as id1_1_1_, contactdat1_.address as address2_1_1_, contactdat1_.bmonth as bmonth3_1_1_, contactdat1_.byear as byear4_1_1_, contactdat1_.email as email5_1_1_, contactdat1_.email2 as email6_1_1_, contactdat1_.email3 as email7_1_1_, contactdat1_.firstname as firstnam8_1_1_, contactdat1_.home as home9_1_1_, contactdat1_.lastname as lastnam10_1_1_, contactdat1_.middlename as middlen11_1_1_, contactdat1_.mobile as mobile12_1_1_, contactdat1_.photo as photo13_1_1_, contactdat1_.work as work14_1_1_ from address_in_groups contacts0_ inner join addressbook contactdat1_ on contacts0_.id=contactdat1_.id where contacts0_.group_id=?
Hibernate: select contacts0_.group_id as group_id2_0_0_, contacts0_.id as id1_0_0_, contactdat1_.id as id1_1_1_, contactdat1_.address as address2_1_1_, contactdat1_.bmonth as bmonth3_1_1_, contactdat1_.byear as byear4_1_1_, contactdat1_.email as email5_1_1_, contactdat1_.email2 as email6_1_1_, contactdat1_.email3 as email7_1_1_, contactdat1_.firstname as firstnam8_1_1_, contactdat1_.home as home9_1_1_, contactdat1_.lastname as lastnam10_1_1_, contactdat1_.middlename as middlen11_1_1_, contactdat1_.mobile as mobile12_1_1_, contactdat1_.photo as photo13_1_1_, contactdat1_.work as work14_1_1_ from address_in_groups contacts0_ inner join addressbook contactdat1_ on contacts0_.id=contactdat1_.id where contacts0_.group_id=?
Hibernate: select contacts0_.group_id as group_id2_0_0_, contacts0_.id as id1_0_0_, contactdat1_.id as id1_1_1_, contactdat1_.address as address2_1_1_, contactdat1_.bmonth as bmonth3_1_1_, contactdat1_.byear as byear4_1_1_, contactdat1_.email as email5_1_1_, contactdat1_.email2 as email6_1_1_, contactdat1_.email3 as email7_1_1_, contactdat1_.firstname as firstnam8_1_1_, contactdat1_.home as home9_1_1_, contactdat1_.lastname as lastnam10_1_1_, contactdat1_.middlename as middlen11_1_1_, contactdat1_.mobile as mobile12_1_1_, contactdat1_.photo as photo13_1_1_, contactdat1_.work as work14_1_1_ from address_in_groups contacts0_ inner join addressbook contactdat1_ on contacts0_.id=contactdat1_.id where contacts0_.group_id=?
Hibernate: select contacts0_.group_id as group_id2_0_0_, contacts0_.id as id1_0_0_, contactdat1_.id as id1_1_1_, contactdat1_.address as address2_1_1_, contactdat1_.bmonth as bmonth3_1_1_, contactdat1_.byear as byear4_1_1_, contactdat1_.email as email5_1_1_, contactdat1_.email2 as email6_1_1_, contactdat1_.email3 as email7_1_1_, contactdat1_.firstname as firstnam8_1_1_, contactdat1_.home as home9_1_1_, contactdat1_.lastname as lastnam10_1_1_, contactdat1_.middlename as middlen11_1_1_, contactdat1_.mobile as mobile12_1_1_, contactdat1_.photo as photo13_1_1_, contactdat1_.work as work14_1_1_ from address_in_groups contacts0_ inner join addressbook contactdat1_ on contacts0_.id=contactdat1_.id where contacts0_.group_id=?
Hibernate: select contacts0_.group_id as group_id2_0_0_, contacts0_.id as id1_0_0_, contactdat1_.id as id1_1_1_, contactdat1_.address as address2_1_1_, contactdat1_.bmonth as bmonth3_1_1_, contactdat1_.byear as byear4_1_1_, contactdat1_.email as email5_1_1_, contactdat1_.email2 as email6_1_1_, contactdat1_.email3 as email7_1_1_, contactdat1_.firstname as firstnam8_1_1_, contactdat1_.home as home9_1_1_, contactdat1_.lastname as lastnam10_1_1_, contactdat1_.middlename as middlen11_1_1_, contactdat1_.mobile as mobile12_1_1_, contactdat1_.photo as photo13_1_1_, contactdat1_.work as work14_1_1_ from address_in_groups contacts0_ inner join addressbook contactdat1_ on contacts0_.id=contactdat1_.id where contacts0_.group_id=?
Hibernate: select contacts0_.group_id as group_id2_0_0_, contacts0_.id as id1_0_0_, contactdat1_.id as id1_1_1_, contactdat1_.address as address2_1_1_, contactdat1_.bmonth as bmonth3_1_1_, contactdat1_.byear as byear4_1_1_, contactdat1_.email as email5_1_1_, contactdat1_.email2 as email6_1_1_, contactdat1_.email3 as email7_1_1_, contactdat1_.firstname as firstnam8_1_1_, contactdat1_.home as home9_1_1_, contactdat1_.lastname as lastnam10_1_1_, contactdat1_.middlename as middlen11_1_1_, contactdat1_.mobile as mobile12_1_1_, contactdat1_.photo as photo13_1_1_, contactdat1_.work as work14_1_1_ from address_in_groups contacts0_ inner join addressbook contactdat1_ on contacts0_.id=contactdat1_.id where contacts0_.group_id=?
Hibernate: select contacts0_.group_id as group_id2_0_0_, contacts0_.id as id1_0_0_, contactdat1_.id as id1_1_1_, contactdat1_.address as address2_1_1_, contactdat1_.bmonth as bmonth3_1_1_, contactdat1_.byear as byear4_1_1_, contactdat1_.email as email5_1_1_, contactdat1_.email2 as email6_1_1_, contactdat1_.email3 as email7_1_1_, contactdat1_.firstname as firstnam8_1_1_, contactdat1_.home as home9_1_1_, contactdat1_.lastname as lastnam10_1_1_, contactdat1_.middlename as middlen11_1_1_, contactdat1_.mobile as mobile12_1_1_, contactdat1_.photo as photo13_1_1_, contactdat1_.work as work14_1_1_ from address_in_groups contacts0_ inner join addressbook contactdat1_ on contacts0_.id=contactdat1_.id where contacts0_.group_id=?
Hibernate: select contacts0_.group_id as group_id2_0_0_, contacts0_.id as id1_0_0_, contactdat1_.id as id1_1_1_, contactdat1_.address as address2_1_1_, contactdat1_.bmonth as bmonth3_1_1_, contactdat1_.byear as byear4_1_1_, contactdat1_.email as email5_1_1_, contactdat1_.email2 as email6_1_1_, contactdat1_.email3 as email7_1_1_, contactdat1_.firstname as firstnam8_1_1_, contactdat1_.home as home9_1_1_, contactdat1_.lastname as lastnam10_1_1_, contactdat1_.middlename as middlen11_1_1_, contactdat1_.mobile as mobile12_1_1_, contactdat1_.photo as photo13_1_1_, contactdat1_.work as work14_1_1_ from address_in_groups contacts0_ inner join addressbook contactdat1_ on contacts0_.id=contactdat1_.id where contacts0_.group_id=?
Hibernate: select contacts0_.group_id as group_id2_0_0_, contacts0_.id as id1_0_0_, contactdat1_.id as id1_1_1_, contactdat1_.address as address2_1_1_, contactdat1_.bmonth as bmonth3_1_1_, contactdat1_.byear as byear4_1_1_, contactdat1_.email as email5_1_1_, contactdat1_.email2 as email6_1_1_, contactdat1_.email3 as email7_1_1_, contactdat1_.firstname as firstnam8_1_1_, contactdat1_.home as home9_1_1_, contactdat1_.lastname as lastnam10_1_1_, contactdat1_.middlename as middlen11_1_1_, contactdat1_.mobile as mobile12_1_1_, contactdat1_.photo as photo13_1_1_, contactdat1_.work as work14_1_1_ from address_in_groups contacts0_ inner join addressbook contactdat1_ on contacts0_.id=contactdat1_.id where contacts0_.group_id=?
Hibernate: select contacts0_.group_id as group_id2_0_0_, contacts0_.id as id1_0_0_, contactdat1_.id as id1_1_1_, contactdat1_.address as address2_1_1_, contactdat1_.bmonth as bmonth3_1_1_, contactdat1_.byear as byear4_1_1_, contactdat1_.email as email5_1_1_, contactdat1_.email2 as email6_1_1_, contactdat1_.email3 as email7_1_1_, contactdat1_.firstname as firstnam8_1_1_, contactdat1_.home as home9_1_1_, contactdat1_.lastname as lastnam10_1_1_, contactdat1_.middlename as middlen11_1_1_, contactdat1_.mobile as mobile12_1_1_, contactdat1_.photo as photo13_1_1_, contactdat1_.work as work14_1_1_ from address_in_groups contacts0_ inner join addressbook contactdat1_ on contacts0_.id=contactdat1_.id where contacts0_.group_id=?
Hibernate: select contacts0_.group_id as group_id2_0_0_, contacts0_.id as id1_0_0_, contactdat1_.id as id1_1_1_, contactdat1_.address as address2_1_1_, contactdat1_.bmonth as bmonth3_1_1_, contactdat1_.byear as byear4_1_1_, contactdat1_.email as email5_1_1_, contactdat1_.email2 as email6_1_1_, contactdat1_.email3 as email7_1_1_, contactdat1_.firstname as firstnam8_1_1_, contactdat1_.home as home9_1_1_, contactdat1_.lastname as lastnam10_1_1_, contactdat1_.middlename as middlen11_1_1_, contactdat1_.mobile as mobile12_1_1_, contactdat1_.photo as photo13_1_1_, contactdat1_.work as work14_1_1_ from address_in_groups contacts0_ inner join addressbook contactdat1_ on contacts0_.id=contactdat1_.id where contacts0_.group_id=?
Hibernate: select contacts0_.group_id as group_id2_0_0_, contacts0_.id as id1_0_0_, contactdat1_.id as id1_1_1_, contactdat1_.address as address2_1_1_, contactdat1_.bmonth as bmonth3_1_1_, contactdat1_.byear as byear4_1_1_, contactdat1_.email as email5_1_1_, contactdat1_.email2 as email6_1_1_, contactdat1_.email3 as email7_1_1_, contactdat1_.firstname as firstnam8_1_1_, contactdat1_.home as home9_1_1_, contactdat1_.lastname as lastnam10_1_1_, contactdat1_.middlename as middlen11_1_1_, contactdat1_.mobile as mobile12_1_1_, contactdat1_.photo as photo13_1_1_, contactdat1_.work as work14_1_1_ from address_in_groups contacts0_ inner join addressbook contactdat1_ on contacts0_.id=contactdat1_.id where contacts0_.group_id=?
Hibernate: select contacts0_.group_id as group_id2_0_0_, contacts0_.id as id1_0_0_, contactdat1_.id as id1_1_1_, contactdat1_.address as address2_1_1_, contactdat1_.bmonth as bmonth3_1_1_, contactdat1_.byear as byear4_1_1_, contactdat1_.email as email5_1_1_, contactdat1_.email2 as email6_1_1_, contactdat1_.email3 as email7_1_1_, contactdat1_.firstname as firstnam8_1_1_, contactdat1_.home as home9_1_1_, contactdat1_.lastname as lastnam10_1_1_, contactdat1_.middlename as middlen11_1_1_, contactdat1_.mobile as mobile12_1_1_, contactdat1_.photo as photo13_1_1_, contactdat1_.work as work14_1_1_ from address_in_groups contacts0_ inner join addressbook contactdat1_ on contacts0_.id=contactdat1_.id where contacts0_.group_id=?
Hibernate: select contacts0_.group_id as group_id2_0_0_, contacts0_.id as id1_0_0_, contactdat1_.id as id1_1_1_, contactdat1_.address as address2_1_1_, contactdat1_.bmonth as bmonth3_1_1_, contactdat1_.byear as byear4_1_1_, contactdat1_.email as email5_1_1_, contactdat1_.email2 as email6_1_1_, contactdat1_.email3 as email7_1_1_, contactdat1_.firstname as firstnam8_1_1_, contactdat1_.home as home9_1_1_, contactdat1_.lastname as lastnam10_1_1_, contactdat1_.middlename as middlen11_1_1_, contactdat1_.mobile as mobile12_1_1_, contactdat1_.photo as photo13_1_1_, contactdat1_.work as work14_1_1_ from address_in_groups contacts0_ inner join addressbook contactdat1_ on contacts0_.id=contactdat1_.id where contacts0_.group_id=?
Hibernate: select contacts0_.group_id as group_id2_0_0_, contacts0_.id as id1_0_0_, contactdat1_.id as id1_1_1_, contactdat1_.address as address2_1_1_, contactdat1_.bmonth as bmonth3_1_1_, contactdat1_.byear as byear4_1_1_, contactdat1_.email as email5_1_1_, contactdat1_.email2 as email6_1_1_, contactdat1_.email3 as email7_1_1_, contactdat1_.firstname as firstnam8_1_1_, contactdat1_.home as home9_1_1_, contactdat1_.lastname as lastnam10_1_1_, contactdat1_.middlename as middlen11_1_1_, contactdat1_.mobile as mobile12_1_1_, contactdat1_.photo as photo13_1_1_, contactdat1_.work as work14_1_1_ from address_in_groups contacts0_ inner join addressbook contactdat1_ on contacts0_.id=contactdat1_.id where contacts0_.group_id=?
Hibernate: select contacts0_.group_id as group_id2_0_0_, contacts0_.id as id1_0_0_, contactdat1_.id as id1_1_1_, contactdat1_.address as address2_1_1_, contactdat1_.bmonth as bmonth3_1_1_, contactdat1_.byear as byear4_1_1_, contactdat1_.email as email5_1_1_, contactdat1_.email2 as email6_1_1_, contactdat1_.email3 as email7_1_1_, contactdat1_.firstname as firstnam8_1_1_, contactdat1_.home as home9_1_1_, contactdat1_.lastname as lastnam10_1_1_, contactdat1_.middlename as middlen11_1_1_, contactdat1_.mobile as mobile12_1_1_, contactdat1_.photo as photo13_1_1_, contactdat1_.work as work14_1_1_ from address_in_groups contacts0_ inner join addressbook contactdat1_ on contacts0_.id=contactdat1_.id where contacts0_.group_id=?
Hibernate: select contacts0_.group_id as group_id2_0_0_, contacts0_.id as id1_0_0_, contactdat1_.id as id1_1_1_, contactdat1_.address as address2_1_1_, contactdat1_.bmonth as bmonth3_1_1_, contactdat1_.byear as byear4_1_1_, contactdat1_.email as email5_1_1_, contactdat1_.email2 as email6_1_1_, contactdat1_.email3 as email7_1_1_, contactdat1_.firstname as firstnam8_1_1_, contactdat1_.home as home9_1_1_, contactdat1_.lastname as lastnam10_1_1_, contactdat1_.middlename as middlen11_1_1_, contactdat1_.mobile as mobile12_1_1_, contactdat1_.photo as photo13_1_1_, contactdat1_.work as work14_1_1_ from address_in_groups contacts0_ inner join addressbook contactdat1_ on contacts0_.id=contactdat1_.id where contacts0_.group_id=?
Hibernate: select contacts0_.group_id as group_id2_0_0_, contacts0_.id as id1_0_0_, contactdat1_.id as id1_1_1_, contactdat1_.address as address2_1_1_, contactdat1_.bmonth as bmonth3_1_1_, contactdat1_.byear as byear4_1_1_, contactdat1_.email as email5_1_1_, contactdat1_.email2 as email6_1_1_, contactdat1_.email3 as email7_1_1_, contactdat1_.firstname as firstnam8_1_1_, contactdat1_.home as home9_1_1_, contactdat1_.lastname as lastnam10_1_1_, contactdat1_.middlename as middlen11_1_1_, contactdat1_.mobile as mobile12_1_1_, contactdat1_.photo as photo13_1_1_, contactdat1_.work as work14_1_1_ from address_in_groups contacts0_ inner join addressbook contactdat1_ on contacts0_.id=contactdat1_.id where contacts0_.group_id=?
Hibernate: select contacts0_.group_id as group_id2_0_0_, contacts0_.id as id1_0_0_, contactdat1_.id as id1_1_1_, contactdat1_.address as address2_1_1_, contactdat1_.bmonth as bmonth3_1_1_, contactdat1_.byear as byear4_1_1_, contactdat1_.email as email5_1_1_, contactdat1_.email2 as email6_1_1_, contactdat1_.email3 as email7_1_1_, contactdat1_.firstname as firstnam8_1_1_, contactdat1_.home as home9_1_1_, contactdat1_.lastname as lastnam10_1_1_, contactdat1_.middlename as middlen11_1_1_, contactdat1_.mobile as mobile12_1_1_, contactdat1_.photo as photo13_1_1_, contactdat1_.work as work14_1_1_ from address_in_groups contacts0_ inner join addressbook contactdat1_ on contacts0_.id=contactdat1_.id where contacts0_.group_id=?
Hibernate: select contacts0_.group_id as group_id2_0_0_, contacts0_.id as id1_0_0_, contactdat1_.id as id1_1_1_, contactdat1_.address as address2_1_1_, contactdat1_.bmonth as bmonth3_1_1_, contactdat1_.byear as byear4_1_1_, contactdat1_.email as email5_1_1_, contactdat1_.email2 as email6_1_1_, contactdat1_.email3 as email7_1_1_, contactdat1_.firstname as firstnam8_1_1_, contactdat1_.home as home9_1_1_, contactdat1_.lastname as lastnam10_1_1_, contactdat1_.middlename as middlen11_1_1_, contactdat1_.mobile as mobile12_1_1_, contactdat1_.photo as photo13_1_1_, contactdat1_.work as work14_1_1_ from address_in_groups contacts0_ inner join addressbook contactdat1_ on contacts0_.id=contactdat1_.id where contacts0_.group_id=?
Hibernate: select contacts0_.group_id as group_id2_0_0_, contacts0_.id as id1_0_0_, contactdat1_.id as id1_1_1_, contactdat1_.address as address2_1_1_, contactdat1_.bmonth as bmonth3_1_1_, contactdat1_.byear as byear4_1_1_, contactdat1_.email as email5_1_1_, contactdat1_.email2 as email6_1_1_, contactdat1_.email3 as email7_1_1_, contactdat1_.firstname as firstnam8_1_1_, contactdat1_.home as home9_1_1_, contactdat1_.lastname as lastnam10_1_1_, contactdat1_.middlename as middlen11_1_1_, contactdat1_.mobile as mobile12_1_1_, contactdat1_.photo as photo13_1_1_, contactdat1_.work as work14_1_1_ from address_in_groups contacts0_ inner join addressbook contactdat1_ on contacts0_.id=contactdat1_.id where contacts0_.group_id=?
Hibernate: select contacts0_.group_id as group_id2_0_0_, contacts0_.id as id1_0_0_, contactdat1_.id as id1_1_1_, contactdat1_.address as address2_1_1_, contactdat1_.bmonth as bmonth3_1_1_, contactdat1_.byear as byear4_1_1_, contactdat1_.email as email5_1_1_, contactdat1_.email2 as email6_1_1_, contactdat1_.email3 as email7_1_1_, contactdat1_.firstname as firstnam8_1_1_, contactdat1_.home as home9_1_1_, contactdat1_.lastname as lastnam10_1_1_, contactdat1_.middlename as middlen11_1_1_, contactdat1_.mobile as mobile12_1_1_, contactdat1_.photo as photo13_1_1_, contactdat1_.work as work14_1_1_ from address_in_groups contacts0_ inner join addressbook contactdat1_ on contacts0_.id=contactdat1_.id where contacts0_.group_id=?
Hibernate: select contacts0_.group_id as group_id2_0_0_, contacts0_.id as id1_0_0_, contactdat1_.id as id1_1_1_, contactdat1_.address as address2_1_1_, contactdat1_.bmonth as bmonth3_1_1_, contactdat1_.byear as byear4_1_1_, contactdat1_.email as email5_1_1_, contactdat1_.email2 as email6_1_1_, contactdat1_.email3 as email7_1_1_, contactdat1_.firstname as firstnam8_1_1_, contactdat1_.home as home9_1_1_, contactdat1_.lastname as lastnam10_1_1_, contactdat1_.middlename as middlen11_1_1_, contactdat1_.mobile as mobile12_1_1_, contactdat1_.photo as photo13_1_1_, contactdat1_.work as work14_1_1_ from address_in_groups contacts0_ inner join addressbook contactdat1_ on contacts0_.id=contactdat1_.id where contacts0_.group_id=?
Hibernate: select contacts0_.group_id as group_id2_0_0_, contacts0_.id as id1_0_0_, contactdat1_.id as id1_1_1_, contactdat1_.address as address2_1_1_, contactdat1_.bmonth as bmonth3_1_1_, contactdat1_.byear as byear4_1_1_, contactdat1_.email as email5_1_1_, contactdat1_.email2 as email6_1_1_, contactdat1_.email3 as email7_1_1_, contactdat1_.firstname as firstnam8_1_1_, contactdat1_.home as home9_1_1_, contactdat1_.lastname as lastnam10_1_1_, contactdat1_.middlename as middlen11_1_1_, contactdat1_.mobile as mobile12_1_1_, contactdat1_.photo as photo13_1_1_, contactdat1_.work as work14_1_1_ from address_in_groups contacts0_ inner join addressbook contactdat1_ on contacts0_.id=contactdat1_.id where contacts0_.group_id=?
Hibernate: select contacts0_.group_id as group_id2_0_0_, contacts0_.id as id1_0_0_, contactdat1_.id as id1_1_1_, contactdat1_.address as address2_1_1_, contactdat1_.bmonth as bmonth3_1_1_, contactdat1_.byear as byear4_1_1_, contactdat1_.email as email5_1_1_, contactdat1_.email2 as email6_1_1_, contactdat1_.email3 as email7_1_1_, contactdat1_.firstname as firstnam8_1_1_, contactdat1_.home as home9_1_1_, contactdat1_.lastname as lastnam10_1_1_, contactdat1_.middlename as middlen11_1_1_, contactdat1_.mobile as mobile12_1_1_, contactdat1_.photo as photo13_1_1_, contactdat1_.work as work14_1_1_ from address_in_groups contacts0_ inner join addressbook contactdat1_ on contacts0_.id=contactdat1_.id where contacts0_.group_id=?
Hibernate: select contacts0_.group_id as group_id2_0_0_, contacts0_.id as id1_0_0_, contactdat1_.id as id1_1_1_, contactdat1_.address as address2_1_1_, contactdat1_.bmonth as bmonth3_1_1_, contactdat1_.byear as byear4_1_1_, contactdat1_.email as email5_1_1_, contactdat1_.email2 as email6_1_1_, contactdat1_.email3 as email7_1_1_, contactdat1_.firstname as firstnam8_1_1_, contactdat1_.home as home9_1_1_, contactdat1_.lastname as lastnam10_1_1_, contactdat1_.middlename as middlen11_1_1_, contactdat1_.mobile as mobile12_1_1_, contactdat1_.photo as photo13_1_1_, contactdat1_.work as work14_1_1_ from address_in_groups contacts0_ inner join addressbook contactdat1_ on contacts0_.id=contactdat1_.id where contacts0_.group_id=?
Hibernate: select contacts0_.group_id as group_id2_0_0_, contacts0_.id as id1_0_0_, contactdat1_.id as id1_1_1_, contactdat1_.address as address2_1_1_, contactdat1_.bmonth as bmonth3_1_1_, contactdat1_.byear as byear4_1_1_, contactdat1_.email as email5_1_1_, contactdat1_.email2 as email6_1_1_, contactdat1_.email3 as email7_1_1_, contactdat1_.firstname as firstnam8_1_1_, contactdat1_.home as home9_1_1_, contactdat1_.lastname as lastnam10_1_1_, contactdat1_.middlename as middlen11_1_1_, contactdat1_.mobile as mobile12_1_1_, contactdat1_.photo as photo13_1_1_, contactdat1_.work as work14_1_1_ from address_in_groups contacts0_ inner join addressbook contactdat1_ on contacts0_.id=contactdat1_.id where contacts0_.group_id=?
Hibernate: select contacts0_.group_id as group_id2_0_0_, contacts0_.id as id1_0_0_, contactdat1_.id as id1_1_1_, contactdat1_.address as address2_1_1_, contactdat1_.bmonth as bmonth3_1_1_, contactdat1_.byear as byear4_1_1_, contactdat1_.email as email5_1_1_, contactdat1_.email2 as email6_1_1_, contactdat1_.email3 as email7_1_1_, contactdat1_.firstname as firstnam8_1_1_, contactdat1_.home as home9_1_1_, contactdat1_.lastname as lastnam10_1_1_, contactdat1_.middlename as middlen11_1_1_, contactdat1_.mobile as mobile12_1_1_, contactdat1_.photo as photo13_1_1_, contactdat1_.work as work14_1_1_ from address_in_groups contacts0_ inner join addressbook contactdat1_ on contacts0_.id=contactdat1_.id where contacts0_.group_id=?
Hibernate: select contacts0_.group_id as group_id2_0_0_, contacts0_.id as id1_0_0_, contactdat1_.id as id1_1_1_, contactdat1_.address as address2_1_1_, contactdat1_.bmonth as bmonth3_1_1_, contactdat1_.byear as byear4_1_1_, contactdat1_.email as email5_1_1_, contactdat1_.email2 as email6_1_1_, contactdat1_.email3 as email7_1_1_, contactdat1_.firstname as firstnam8_1_1_, contactdat1_.home as home9_1_1_, contactdat1_.lastname as lastnam10_1_1_, contactdat1_.middlename as middlen11_1_1_, contactdat1_.mobile as mobile12_1_1_, contactdat1_.photo as photo13_1_1_, contactdat1_.work as work14_1_1_ from address_in_groups contacts0_ inner join addressbook contactdat1_ on contacts0_.id=contactdat1_.id where contacts0_.group_id=?
Hibernate: select contacts0_.group_id as group_id2_0_0_, contacts0_.id as id1_0_0_, contactdat1_.id as id1_1_1_, contactdat1_.address as address2_1_1_, contactdat1_.bmonth as bmonth3_1_1_, contactdat1_.byear as byear4_1_1_, contactdat1_.email as email5_1_1_, contactdat1_.email2 as email6_1_1_, contactdat1_.email3 as email7_1_1_, contactdat1_.firstname as firstnam8_1_1_, contactdat1_.home as home9_1_1_, contactdat1_.lastname as lastnam10_1_1_, contactdat1_.middlename as middlen11_1_1_, contactdat1_.mobile as mobile12_1_1_, contactdat1_.photo as photo13_1_1_, contactdat1_.work as work14_1_1_ from address_in_groups contacts0_ inner join addressbook contactdat1_ on contacts0_.id=contactdat1_.id where contacts0_.group_id=?
Hibernate: select contacts0_.group_id as group_id2_0_0_, contacts0_.id as id1_0_0_, contactdat1_.id as id1_1_1_, contactdat1_.address as address2_1_1_, contactdat1_.bmonth as bmonth3_1_1_, contactdat1_.byear as byear4_1_1_, contactdat1_.email as email5_1_1_, contactdat1_.email2 as email6_1_1_, contactdat1_.email3 as email7_1_1_, contactdat1_.firstname as firstnam8_1_1_, contactdat1_.home as home9_1_1_, contactdat1_.lastname as lastnam10_1_1_, contactdat1_.middlename as middlen11_1_1_, contactdat1_.mobile as mobile12_1_1_, contactdat1_.photo as photo13_1_1_, contactdat1_.work as work14_1_1_ from address_in_groups contacts0_ inner join addressbook contactdat1_ on contacts0_.id=contactdat1_.id where contacts0_.group_id=?
Hibernate: select contacts0_.group_id as group_id2_0_0_, contacts0_.id as id1_0_0_, contactdat1_.id as id1_1_1_, contactdat1_.address as address2_1_1_, contactdat1_.bmonth as bmonth3_1_1_, contactdat1_.byear as byear4_1_1_, contactdat1_.email as email5_1_1_, contactdat1_.email2 as email6_1_1_, contactdat1_.email3 as email7_1_1_, contactdat1_.firstname as firstnam8_1_1_, contactdat1_.home as home9_1_1_, contactdat1_.lastname as lastnam10_1_1_, contactdat1_.middlename as middlen11_1_1_, contactdat1_.mobile as mobile12_1_1_, contactdat1_.photo as photo13_1_1_, contactdat1_.work as work14_1_1_ from address_in_groups contacts0_ inner join addressbook contactdat1_ on contacts0_.id=contactdat1_.id where contacts0_.group_id=?
Hibernate: select contacts0_.group_id as group_id2_0_0_, contacts0_.id as id1_0_0_, contactdat1_.id as id1_1_1_, contactdat1_.address as address2_1_1_, contactdat1_.bmonth as bmonth3_1_1_, contactdat1_.byear as byear4_1_1_, contactdat1_.email as email5_1_1_, contactdat1_.email2 as email6_1_1_, contactdat1_.email3 as email7_1_1_, contactdat1_.firstname as firstnam8_1_1_, contactdat1_.home as home9_1_1_, contactdat1_.lastname as lastnam10_1_1_, contactdat1_.middlename as middlen11_1_1_, contactdat1_.mobile as mobile12_1_1_, contactdat1_.photo as photo13_1_1_, contactdat1_.work as work14_1_1_ from address_in_groups contacts0_ inner join addressbook contactdat1_ on contacts0_.id=contactdat1_.id where contacts0_.group_id=?
Hibernate: select contacts0_.group_id as group_id2_0_0_, contacts0_.id as id1_0_0_, contactdat1_.id as id1_1_1_, contactdat1_.address as address2_1_1_, contactdat1_.bmonth as bmonth3_1_1_, contactdat1_.byear as byear4_1_1_, contactdat1_.email as email5_1_1_, contactdat1_.email2 as email6_1_1_, contactdat1_.email3 as email7_1_1_, contactdat1_.firstname as firstnam8_1_1_, contactdat1_.home as home9_1_1_, contactdat1_.lastname as lastnam10_1_1_, contactdat1_.middlename as middlen11_1_1_, contactdat1_.mobile as mobile12_1_1_, contactdat1_.photo as photo13_1_1_, contactdat1_.work as work14_1_1_ from address_in_groups contacts0_ inner join addressbook contactdat1_ on contacts0_.id=contactdat1_.id where contacts0_.group_id=?
Hibernate: select contacts0_.group_id as group_id2_0_0_, contacts0_.id as id1_0_0_, contactdat1_.id as id1_1_1_, contactdat1_.address as address2_1_1_, contactdat1_.bmonth as bmonth3_1_1_, contactdat1_.byear as byear4_1_1_, contactdat1_.email as email5_1_1_, contactdat1_.email2 as email6_1_1_, contactdat1_.email3 as email7_1_1_, contactdat1_.firstname as firstnam8_1_1_, contactdat1_.home as home9_1_1_, contactdat1_.lastname as lastnam10_1_1_, contactdat1_.middlename as middlen11_1_1_, contactdat1_.mobile as mobile12_1_1_, contactdat1_.photo as photo13_1_1_, contactdat1_.work as work14_1_1_ from address_in_groups contacts0_ inner join addressbook contactdat1_ on contacts0_.id=contactdat1_.id where contacts0_.group_id=?
Hibernate: select contacts0_.group_id as group_id2_0_0_, contacts0_.id as id1_0_0_, contactdat1_.id as id1_1_1_, contactdat1_.address as address2_1_1_, contactdat1_.bmonth as bmonth3_1_1_, contactdat1_.byear as byear4_1_1_, contactdat1_.email as email5_1_1_, contactdat1_.email2 as email6_1_1_, contactdat1_.email3 as email7_1_1_, contactdat1_.firstname as firstnam8_1_1_, contactdat1_.home as home9_1_1_, contactdat1_.lastname as lastnam10_1_1_, contactdat1_.middlename as middlen11_1_1_, contactdat1_.mobile as mobile12_1_1_, contactdat1_.photo as photo13_1_1_, contactdat1_.work as work14_1_1_ from address_in_groups contacts0_ inner join addressbook contactdat1_ on contacts0_.id=contactdat1_.id where contacts0_.group_id=?
Hibernate: select contacts0_.group_id as group_id2_0_0_, contacts0_.id as id1_0_0_, contactdat1_.id as id1_1_1_, contactdat1_.address as address2_1_1_, contactdat1_.bmonth as bmonth3_1_1_, contactdat1_.byear as byear4_1_1_, contactdat1_.email as email5_1_1_, contactdat1_.email2 as email6_1_1_, contactdat1_.email3 as email7_1_1_, contactdat1_.firstname as firstnam8_1_1_, contactdat1_.home as home9_1_1_, contactdat1_.lastname as lastnam10_1_1_, contactdat1_.middlename as middlen11_1_1_, contactdat1_.mobile as mobile12_1_1_, contactdat1_.photo as photo13_1_1_, contactdat1_.work as work14_1_1_ from address_in_groups contacts0_ inner join addressbook contactdat1_ on contacts0_.id=contactdat1_.id where contacts0_.group_id=?
Hibernate: select contacts0_.group_id as group_id2_0_0_, contacts0_.id as id1_0_0_, contactdat1_.id as id1_1_1_, contactdat1_.address as address2_1_1_, contactdat1_.bmonth as bmonth3_1_1_, contactdat1_.byear as byear4_1_1_, contactdat1_.email as email5_1_1_, contactdat1_.email2 as email6_1_1_, contactdat1_.email3 as email7_1_1_, contactdat1_.firstname as firstnam8_1_1_, contactdat1_.home as home9_1_1_, contactdat1_.lastname as lastnam10_1_1_, contactdat1_.middlename as middlen11_1_1_, contactdat1_.mobile as mobile12_1_1_, contactdat1_.photo as photo13_1_1_, contactdat1_.work as work14_1_1_ from address_in_groups contacts0_ inner join addressbook contactdat1_ on contacts0_.id=contactdat1_.id where contacts0_.group_id=?
Hibernate: select contacts0_.group_id as group_id2_0_0_, contacts0_.id as id1_0_0_, contactdat1_.id as id1_1_1_, contactdat1_.address as address2_1_1_, contactdat1_.bmonth as bmonth3_1_1_, contactdat1_.byear as byear4_1_1_, contactdat1_.email as email5_1_1_, contactdat1_.email2 as email6_1_1_, contactdat1_.email3 as email7_1_1_, contactdat1_.firstname as firstnam8_1_1_, contactdat1_.home as home9_1_1_, contactdat1_.lastname as lastnam10_1_1_, contactdat1_.middlename as middlen11_1_1_, contactdat1_.mobile as mobile12_1_1_, contactdat1_.photo as photo13_1_1_, contactdat1_.work as work14_1_1_ from address_in_groups contacts0_ inner join addressbook contactdat1_ on contacts0_.id=contactdat1_.id where contacts0_.group_id=?
Hibernate: select contacts0_.group_id as group_id2_0_0_, contacts0_.id as id1_0_0_, contactdat1_.id as id1_1_1_, contactdat1_.address as address2_1_1_, contactdat1_.bmonth as bmonth3_1_1_, contactdat1_.byear as byear4_1_1_, contactdat1_.email as email5_1_1_, contactdat1_.email2 as email6_1_1_, contactdat1_.email3 as email7_1_1_, contactdat1_.firstname as firstnam8_1_1_, contactdat1_.home as home9_1_1_, contactdat1_.lastname as lastnam10_1_1_, contactdat1_.middlename as middlen11_1_1_, contactdat1_.mobile as mobile12_1_1_, contactdat1_.photo as photo13_1_1_, contactdat1_.work as work14_1_1_ from address_in_groups contacts0_ inner join addressbook contactdat1_ on contacts0_.id=contactdat1_.id where contacts0_.group_id=?
Hibernate: select groupdata0_.group_id as group_id1_2_, groupdata0_.group_footer as group_fo2_2_, groupdata0_.group_header as group_he3_2_, groupdata0_.group_name as group_na4_2_ from group_list groupdata0_
Hibernate: select contacts0_.group_id as group_id2_0_0_, contacts0_.id as id1_0_0_, contactdat1_.id as id1_1_1_, contactdat1_.address as address2_1_1_, contactdat1_.bmonth as bmonth3_1_1_, contactdat1_.byear as byear4_1_1_, contactdat1_.email as email5_1_1_, contactdat1_.email2 as email6_1_1_, contactdat1_.email3 as email7_1_1_, contactdat1_.firstname as firstnam8_1_1_, contactdat1_.home as home9_1_1_, contactdat1_.lastname as lastnam10_1_1_, contactdat1_.middlename as middlen11_1_1_, contactdat1_.mobile as mobile12_1_1_, contactdat1_.photo as photo13_1_1_, contactdat1_.work as work14_1_1_ from address_in_groups contacts0_ inner join addressbook contactdat1_ on contacts0_.id=contactdat1_.id where contacts0_.group_id=?
Hibernate: select contacts0_.group_id as group_id2_0_0_, contacts0_.id as id1_0_0_, contactdat1_.id as id1_1_1_, contactdat1_.address as address2_1_1_, contactdat1_.bmonth as bmonth3_1_1_, contactdat1_.byear as byear4_1_1_, contactdat1_.email as email5_1_1_, contactdat1_.email2 as email6_1_1_, contactdat1_.email3 as email7_1_1_, contactdat1_.firstname as firstnam8_1_1_, contactdat1_.home as home9_1_1_, contactdat1_.lastname as lastnam10_1_1_, contactdat1_.middlename as middlen11_1_1_, contactdat1_.mobile as mobile12_1_1_, contactdat1_.photo as photo13_1_1_, contactdat1_.work as work14_1_1_ from address_in_groups contacts0_ inner join addressbook contactdat1_ on contacts0_.id=contactdat1_.id where contacts0_.group_id=?
Hibernate: select contacts0_.group_id as group_id2_0_0_, contacts0_.id as id1_0_0_, contactdat1_.id as id1_1_1_, contactdat1_.address as address2_1_1_, contactdat1_.bmonth as bmonth3_1_1_, contactdat1_.byear as byear4_1_1_, contactdat1_.email as email5_1_1_, contactdat1_.email2 as email6_1_1_, contactdat1_.email3 as email7_1_1_, contactdat1_.firstname as firstnam8_1_1_, contactdat1_.home as home9_1_1_, contactdat1_.lastname as lastnam10_1_1_, contactdat1_.middlename as middlen11_1_1_, contactdat1_.mobile as mobile12_1_1_, contactdat1_.photo as photo13_1_1_, contactdat1_.work as work14_1_1_ from address_in_groups contacts0_ inner join addressbook contactdat1_ on contacts0_.id=contactdat1_.id where contacts0_.group_id=?
Hibernate: select contacts0_.group_id as group_id2_0_0_, contacts0_.id as id1_0_0_, contactdat1_.id as id1_1_1_, contactdat1_.address as address2_1_1_, contactdat1_.bmonth as bmonth3_1_1_, contactdat1_.byear as byear4_1_1_, contactdat1_.email as email5_1_1_, contactdat1_.email2 as email6_1_1_, contactdat1_.email3 as email7_1_1_, contactdat1_.firstname as firstnam8_1_1_, contactdat1_.home as home9_1_1_, contactdat1_.lastname as lastnam10_1_1_, contactdat1_.middlename as middlen11_1_1_, contactdat1_.mobile as mobile12_1_1_, contactdat1_.photo as photo13_1_1_, contactdat1_.work as work14_1_1_ from address_in_groups contacts0_ inner join addressbook contactdat1_ on contacts0_.id=contactdat1_.id where contacts0_.group_id=?
Hibernate: select contacts0_.group_id as group_id2_0_0_, contacts0_.id as id1_0_0_, contactdat1_.id as id1_1_1_, contactdat1_.address as address2_1_1_, contactdat1_.bmonth as bmonth3_1_1_, contactdat1_.byear as byear4_1_1_, contactdat1_.email as email5_1_1_, contactdat1_.email2 as email6_1_1_, contactdat1_.email3 as email7_1_1_, contactdat1_.firstname as firstnam8_1_1_, contactdat1_.home as home9_1_1_, contactdat1_.lastname as lastnam10_1_1_, contactdat1_.middlename as middlen11_1_1_, contactdat1_.mobile as mobile12_1_1_, contactdat1_.photo as photo13_1_1_, contactdat1_.work as work14_1_1_ from address_in_groups contacts0_ inner join addressbook contactdat1_ on contacts0_.id=contactdat1_.id where contacts0_.group_id=?
Hibernate: select contacts0_.group_id as group_id2_0_0_, contacts0_.id as id1_0_0_, contactdat1_.id as id1_1_1_, contactdat1_.address as address2_1_1_, contactdat1_.bmonth as bmonth3_1_1_, contactdat1_.byear as byear4_1_1_, contactdat1_.email as email5_1_1_, contactdat1_.email2 as email6_1_1_, contactdat1_.email3 as email7_1_1_, contactdat1_.firstname as firstnam8_1_1_, contactdat1_.home as home9_1_1_, contactdat1_.lastname as lastnam10_1_1_, contactdat1_.middlename as middlen11_1_1_, contactdat1_.mobile as mobile12_1_1_, contactdat1_.photo as photo13_1_1_, contactdat1_.work as work14_1_1_ from address_in_groups contacts0_ inner join addressbook contactdat1_ on contacts0_.id=contactdat1_.id where contacts0_.group_id=?
Hibernate: select contacts0_.group_id as group_id2_0_0_, contacts0_.id as id1_0_0_, contactdat1_.id as id1_1_1_, contactdat1_.address as address2_1_1_, contactdat1_.bmonth as bmonth3_1_1_, contactdat1_.byear as byear4_1_1_, contactdat1_.email as email5_1_1_, contactdat1_.email2 as email6_1_1_, contactdat1_.email3 as email7_1_1_, contactdat1_.firstname as firstnam8_1_1_, contactdat1_.home as home9_1_1_, contactdat1_.lastname as lastnam10_1_1_, contactdat1_.middlename as middlen11_1_1_, contactdat1_.mobile as mobile12_1_1_, contactdat1_.photo as photo13_1_1_, contactdat1_.work as work14_1_1_ from address_in_groups contacts0_ inner join addressbook contactdat1_ on contacts0_.id=contactdat1_.id where contacts0_.group_id=?
Hibernate: select contacts0_.group_id as group_id2_0_0_, contacts0_.id as id1_0_0_, contactdat1_.id as id1_1_1_, contactdat1_.address as address2_1_1_, contactdat1_.bmonth as bmonth3_1_1_, contactdat1_.byear as byear4_1_1_, contactdat1_.email as email5_1_1_, contactdat1_.email2 as email6_1_1_, contactdat1_.email3 as email7_1_1_, contactdat1_.firstname as firstnam8_1_1_, contactdat1_.home as home9_1_1_, contactdat1_.lastname as lastnam10_1_1_, contactdat1_.middlename as middlen11_1_1_, contactdat1_.mobile as mobile12_1_1_, contactdat1_.photo as photo13_1_1_, contactdat1_.work as work14_1_1_ from address_in_groups contacts0_ inner join addressbook contactdat1_ on contacts0_.id=contactdat1_.id where contacts0_.group_id=?
Hibernate: select contacts0_.group_id as group_id2_0_0_, contacts0_.id as id1_0_0_, contactdat1_.id as id1_1_1_, contactdat1_.address as address2_1_1_, contactdat1_.bmonth as bmonth3_1_1_, contactdat1_.byear as byear4_1_1_, contactdat1_.email as email5_1_1_, contactdat1_.email2 as email6_1_1_, contactdat1_.email3 as email7_1_1_, contactdat1_.firstname as firstnam8_1_1_, contactdat1_.home as home9_1_1_, contactdat1_.lastname as lastnam10_1_1_, contactdat1_.middlename as middlen11_1_1_, contactdat1_.mobile as mobile12_1_1_, contactdat1_.photo as photo13_1_1_, contactdat1_.work as work14_1_1_ from address_in_groups contacts0_ inner join addressbook contactdat1_ on contacts0_.id=contactdat1_.id where contacts0_.group_id=?
Hibernate: select contacts0_.group_id as group_id2_0_0_, contacts0_.id as id1_0_0_, contactdat1_.id as id1_1_1_, contactdat1_.address as address2_1_1_, contactdat1_.bmonth as bmonth3_1_1_, contactdat1_.byear as byear4_1_1_, contactdat1_.email as email5_1_1_, contactdat1_.email2 as email6_1_1_, contactdat1_.email3 as email7_1_1_, contactdat1_.firstname as firstnam8_1_1_, contactdat1_.home as home9_1_1_, contactdat1_.lastname as lastnam10_1_1_, contactdat1_.middlename as middlen11_1_1_, contactdat1_.mobile as mobile12_1_1_, contactdat1_.photo as photo13_1_1_, contactdat1_.work as work14_1_1_ from address_in_groups contacts0_ inner join addressbook contactdat1_ on contacts0_.id=contactdat1_.id where contacts0_.group_id=?
Hibernate: select contacts0_.group_id as group_id2_0_0_, contacts0_.id as id1_0_0_, contactdat1_.id as id1_1_1_, contactdat1_.address as address2_1_1_, contactdat1_.bmonth as bmonth3_1_1_, contactdat1_.byear as byear4_1_1_, contactdat1_.email as email5_1_1_, contactdat1_.email2 as email6_1_1_, contactdat1_.email3 as email7_1_1_, contactdat1_.firstname as firstnam8_1_1_, contactdat1_.home as home9_1_1_, contactdat1_.lastname as lastnam10_1_1_, contactdat1_.middlename as middlen11_1_1_, contactdat1_.mobile as mobile12_1_1_, contactdat1_.photo as photo13_1_1_, contactdat1_.work as work14_1_1_ from address_in_groups contacts0_ inner join addressbook contactdat1_ on contacts0_.id=contactdat1_.id where contacts0_.group_id=?
Hibernate: select contacts0_.group_id as group_id2_0_0_, contacts0_.id as id1_0_0_, contactdat1_.id as id1_1_1_, contactdat1_.address as address2_1_1_, contactdat1_.bmonth as bmonth3_1_1_, contactdat1_.byear as byear4_1_1_, contactdat1_.email as email5_1_1_, contactdat1_.email2 as email6_1_1_, contactdat1_.email3 as email7_1_1_, contactdat1_.firstname as firstnam8_1_1_, contactdat1_.home as home9_1_1_, contactdat1_.lastname as lastnam10_1_1_, contactdat1_.middlename as middlen11_1_1_, contactdat1_.mobile as mobile12_1_1_, contactdat1_.photo as photo13_1_1_, contactdat1_.work as work14_1_1_ from address_in_groups contacts0_ inner join addressbook contactdat1_ on contacts0_.id=contactdat1_.id where contacts0_.group_id=?
Hibernate: select contacts0_.group_id as group_id2_0_0_, contacts0_.id as id1_0_0_, contactdat1_.id as id1_1_1_, contactdat1_.address as address2_1_1_, contactdat1_.bmonth as bmonth3_1_1_, contactdat1_.byear as byear4_1_1_, contactdat1_.email as email5_1_1_, contactdat1_.email2 as email6_1_1_, contactdat1_.email3 as email7_1_1_, contactdat1_.firstname as firstnam8_1_1_, contactdat1_.home as home9_1_1_, contactdat1_.lastname as lastnam10_1_1_, contactdat1_.middlename as middlen11_1_1_, contactdat1_.mobile as mobile12_1_1_, contactdat1_.photo as photo13_1_1_, contactdat1_.work as work14_1_1_ from address_in_groups contacts0_ inner join addressbook contactdat1_ on contacts0_.id=contactdat1_.id where contacts0_.group_id=?
Hibernate: select contacts0_.group_id as group_id2_0_0_, contacts0_.id as id1_0_0_, contactdat1_.id as id1_1_1_, contactdat1_.address as address2_1_1_, contactdat1_.bmonth as bmonth3_1_1_, contactdat1_.byear as byear4_1_1_, contactdat1_.email as email5_1_1_, contactdat1_.email2 as email6_1_1_, contactdat1_.email3 as email7_1_1_, contactdat1_.firstname as firstnam8_1_1_, contactdat1_.home as home9_1_1_, contactdat1_.lastname as lastnam10_1_1_, contactdat1_.middlename as middlen11_1_1_, contactdat1_.mobile as mobile12_1_1_, contactdat1_.photo as photo13_1_1_, contactdat1_.work as work14_1_1_ from address_in_groups contacts0_ inner join addressbook contactdat1_ on contacts0_.id=contactdat1_.id where contacts0_.group_id=?
Hibernate: select contacts0_.group_id as group_id2_0_0_, contacts0_.id as id1_0_0_, contactdat1_.id as id1_1_1_, contactdat1_.address as address2_1_1_, contactdat1_.bmonth as bmonth3_1_1_, contactdat1_.byear as byear4_1_1_, contactdat1_.email as email5_1_1_, contactdat1_.email2 as email6_1_1_, contactdat1_.email3 as email7_1_1_, contactdat1_.firstname as firstnam8_1_1_, contactdat1_.home as home9_1_1_, contactdat1_.lastname as lastnam10_1_1_, contactdat1_.middlename as middlen11_1_1_, contactdat1_.mobile as mobile12_1_1_, contactdat1_.photo as photo13_1_1_, contactdat1_.work as work14_1_1_ from address_in_groups contacts0_ inner join addressbook contactdat1_ on contacts0_.id=contactdat1_.id where contacts0_.group_id=?
Hibernate: select contacts0_.group_id as group_id2_0_0_, contacts0_.id as id1_0_0_, contactdat1_.id as id1_1_1_, contactdat1_.address as address2_1_1_, contactdat1_.bmonth as bmonth3_1_1_, contactdat1_.byear as byear4_1_1_, contactdat1_.email as email5_1_1_, contactdat1_.email2 as email6_1_1_, contactdat1_.email3 as email7_1_1_, contactdat1_.firstname as firstnam8_1_1_, contactdat1_.home as home9_1_1_, contactdat1_.lastname as lastnam10_1_1_, contactdat1_.middlename as middlen11_1_1_, contactdat1_.mobile as mobile12_1_1_, contactdat1_.photo as photo13_1_1_, contactdat1_.work as work14_1_1_ from address_in_groups contacts0_ inner join addressbook contactdat1_ on contacts0_.id=contactdat1_.id where contacts0_.group_id=?
Hibernate: select contacts0_.group_id as group_id2_0_0_, contacts0_.id as id1_0_0_, contactdat1_.id as id1_1_1_, contactdat1_.address as address2_1_1_, contactdat1_.bmonth as bmonth3_1_1_, contactdat1_.byear as byear4_1_1_, contactdat1_.email as email5_1_1_, contactdat1_.email2 as email6_1_1_, contactdat1_.email3 as email7_1_1_, contactdat1_.firstname as firstnam8_1_1_, contactdat1_.home as home9_1_1_, contactdat1_.lastname as lastnam10_1_1_, contactdat1_.middlename as middlen11_1_1_, contactdat1_.mobile as mobile12_1_1_, contactdat1_.photo as photo13_1_1_, contactdat1_.work as work14_1_1_ from address_in_groups contacts0_ inner join addressbook contactdat1_ on contacts0_.id=contactdat1_.id where contacts0_.group_id=?
Hibernate: select contacts0_.group_id as group_id2_0_0_, contacts0_.id as id1_0_0_, contactdat1_.id as id1_1_1_, contactdat1_.address as address2_1_1_, contactdat1_.bmonth as bmonth3_1_1_, contactdat1_.byear as byear4_1_1_, contactdat1_.email as email5_1_1_, contactdat1_.email2 as email6_1_1_, contactdat1_.email3 as email7_1_1_, contactdat1_.firstname as firstnam8_1_1_, contactdat1_.home as home9_1_1_, contactdat1_.lastname as lastnam10_1_1_, contactdat1_.middlename as middlen11_1_1_, contactdat1_.mobile as mobile12_1_1_, contactdat1_.photo as photo13_1_1_, contactdat1_.work as work14_1_1_ from address_in_groups contacts0_ inner join addressbook contactdat1_ on contacts0_.id=contactdat1_.id where contacts0_.group_id=?
Hibernate: select contacts0_.group_id as group_id2_0_0_, contacts0_.id as id1_0_0_, contactdat1_.id as id1_1_1_, contactdat1_.address as address2_1_1_, contactdat1_.bmonth as bmonth3_1_1_, contactdat1_.byear as byear4_1_1_, contactdat1_.email as email5_1_1_, contactdat1_.email2 as email6_1_1_, contactdat1_.email3 as email7_1_1_, contactdat1_.firstname as firstnam8_1_1_, contactdat1_.home as home9_1_1_, contactdat1_.lastname as lastnam10_1_1_, contactdat1_.middlename as middlen11_1_1_, contactdat1_.mobile as mobile12_1_1_, contactdat1_.photo as photo13_1_1_, contactdat1_.work as work14_1_1_ from address_in_groups contacts0_ inner join addressbook contactdat1_ on contacts0_.id=contactdat1_.id where contacts0_.group_id=?
Hibernate: select contacts0_.group_id as group_id2_0_0_, contacts0_.id as id1_0_0_, contactdat1_.id as id1_1_1_, contactdat1_.address as address2_1_1_, contactdat1_.bmonth as bmonth3_1_1_, contactdat1_.byear as byear4_1_1_, contactdat1_.email as email5_1_1_, contactdat1_.email2 as email6_1_1_, contactdat1_.email3 as email7_1_1_, contactdat1_.firstname as firstnam8_1_1_, contactdat1_.home as home9_1_1_, contactdat1_.lastname as lastnam10_1_1_, contactdat1_.middlename as middlen11_1_1_, contactdat1_.mobile as mobile12_1_1_, contactdat1_.photo as photo13_1_1_, contactdat1_.work as work14_1_1_ from address_in_groups contacts0_ inner join addressbook contactdat1_ on contacts0_.id=contactdat1_.id where contacts0_.group_id=?
Hibernate: select contacts0_.group_id as group_id2_0_0_, contacts0_.id as id1_0_0_, contactdat1_.id as id1_1_1_, contactdat1_.address as address2_1_1_, contactdat1_.bmonth as bmonth3_1_1_, contactdat1_.byear as byear4_1_1_, contactdat1_.email as email5_1_1_, contactdat1_.email2 as email6_1_1_, contactdat1_.email3 as email7_1_1_, contactdat1_.firstname as firstnam8_1_1_, contactdat1_.home as home9_1_1_, contactdat1_.lastname as lastnam10_1_1_, contactdat1_.middlename as middlen11_1_1_, contactdat1_.mobile as mobile12_1_1_, contactdat1_.photo as photo13_1_1_, contactdat1_.work as work14_1_1_ from address_in_groups contacts0_ inner join addressbook contactdat1_ on contacts0_.id=contactdat1_.id where contacts0_.group_id=?
Hibernate: select contacts0_.group_id as group_id2_0_0_, contacts0_.id as id1_0_0_, contactdat1_.id as id1_1_1_, contactdat1_.address as address2_1_1_, contactdat1_.bmonth as bmonth3_1_1_, contactdat1_.byear as byear4_1_1_, contactdat1_.email as email5_1_1_, contactdat1_.email2 as email6_1_1_, contactdat1_.email3 as email7_1_1_, contactdat1_.firstname as firstnam8_1_1_, contactdat1_.home as home9_1_1_, contactdat1_.lastname as lastnam10_1_1_, contactdat1_.middlename as middlen11_1_1_, contactdat1_.mobile as mobile12_1_1_, contactdat1_.photo as photo13_1_1_, contactdat1_.work as work14_1_1_ from address_in_groups contacts0_ inner join addressbook contactdat1_ on contacts0_.id=contactdat1_.id where contacts0_.group_id=?
Hibernate: select contacts0_.group_id as group_id2_0_0_, contacts0_.id as id1_0_0_, contactdat1_.id as id1_1_1_, contactdat1_.address as address2_1_1_, contactdat1_.bmonth as bmonth3_1_1_, contactdat1_.byear as byear4_1_1_, contactdat1_.email as email5_1_1_, contactdat1_.email2 as email6_1_1_, contactdat1_.email3 as email7_1_1_, contactdat1_.firstname as firstnam8_1_1_, contactdat1_.home as home9_1_1_, contactdat1_.lastname as lastnam10_1_1_, contactdat1_.middlename as middlen11_1_1_, contactdat1_.mobile as mobile12_1_1_, contactdat1_.photo as photo13_1_1_, contactdat1_.work as work14_1_1_ from address_in_groups contacts0_ inner join addressbook contactdat1_ on contacts0_.id=contactdat1_.id where contacts0_.group_id=?
Hibernate: select contacts0_.group_id as group_id2_0_0_, contacts0_.id as id1_0_0_, contactdat1_.id as id1_1_1_, contactdat1_.address as address2_1_1_, contactdat1_.bmonth as bmonth3_1_1_, contactdat1_.byear as byear4_1_1_, contactdat1_.email as email5_1_1_, contactdat1_.email2 as email6_1_1_, contactdat1_.email3 as email7_1_1_, contactdat1_.firstname as firstnam8_1_1_, contactdat1_.home as home9_1_1_, contactdat1_.lastname as lastnam10_1_1_, contactdat1_.middlename as middlen11_1_1_, contactdat1_.mobile as mobile12_1_1_, contactdat1_.photo as photo13_1_1_, contactdat1_.work as work14_1_1_ from address_in_groups contacts0_ inner join addressbook contactdat1_ on contacts0_.id=contactdat1_.id where contacts0_.group_id=?
Hibernate: select contacts0_.group_id as group_id2_0_0_, contacts0_.id as id1_0_0_, contactdat1_.id as id1_1_1_, contactdat1_.address as address2_1_1_, contactdat1_.bmonth as bmonth3_1_1_, contactdat1_.byear as byear4_1_1_, contactdat1_.email as email5_1_1_, contactdat1_.email2 as email6_1_1_, contactdat1_.email3 as email7_1_1_, contactdat1_.firstname as firstnam8_1_1_, contactdat1_.home as home9_1_1_, contactdat1_.lastname as lastnam10_1_1_, contactdat1_.middlename as middlen11_1_1_, contactdat1_.mobile as mobile12_1_1_, contactdat1_.photo as photo13_1_1_, contactdat1_.work as work14_1_1_ from address_in_groups contacts0_ inner join addressbook contactdat1_ on contacts0_.id=contactdat1_.id where contacts0_.group_id=?
Hibernate: select contacts0_.group_id as group_id2_0_0_, contacts0_.id as id1_0_0_, contactdat1_.id as id1_1_1_, contactdat1_.address as address2_1_1_, contactdat1_.bmonth as bmonth3_1_1_, contactdat1_.byear as byear4_1_1_, contactdat1_.email as email5_1_1_, contactdat1_.email2 as email6_1_1_, contactdat1_.email3 as email7_1_1_, contactdat1_.firstname as firstnam8_1_1_, contactdat1_.home as home9_1_1_, contactdat1_.lastname as lastnam10_1_1_, contactdat1_.middlename as middlen11_1_1_, contactdat1_.mobile as mobile12_1_1_, contactdat1_.photo as photo13_1_1_, contactdat1_.work as work14_1_1_ from address_in_groups contacts0_ inner join addressbook contactdat1_ on contacts0_.id=contactdat1_.id where contacts0_.group_id=?
Hibernate: select contacts0_.group_id as group_id2_0_0_, contacts0_.id as id1_0_0_, contactdat1_.id as id1_1_1_, contactdat1_.address as address2_1_1_, contactdat1_.bmonth as bmonth3_1_1_, contactdat1_.byear as byear4_1_1_, contactdat1_.email as email5_1_1_, contactdat1_.email2 as email6_1_1_, contactdat1_.email3 as email7_1_1_, contactdat1_.firstname as firstnam8_1_1_, contactdat1_.home as home9_1_1_, contactdat1_.lastname as lastnam10_1_1_, contactdat1_.middlename as middlen11_1_1_, contactdat1_.mobile as mobile12_1_1_, contactdat1_.photo as photo13_1_1_, contactdat1_.work as work14_1_1_ from address_in_groups contacts0_ inner join addressbook contactdat1_ on contacts0_.id=contactdat1_.id where contacts0_.group_id=?
Hibernate: select contacts0_.group_id as group_id2_0_0_, contacts0_.id as id1_0_0_, contactdat1_.id as id1_1_1_, contactdat1_.address as address2_1_1_, contactdat1_.bmonth as bmonth3_1_1_, contactdat1_.byear as byear4_1_1_, contactdat1_.email as email5_1_1_, contactdat1_.email2 as email6_1_1_, contactdat1_.email3 as email7_1_1_, contactdat1_.firstname as firstnam8_1_1_, contactdat1_.home as home9_1_1_, contactdat1_.lastname as lastnam10_1_1_, contactdat1_.middlename as middlen11_1_1_, contactdat1_.mobile as mobile12_1_1_, contactdat1_.photo as photo13_1_1_, contactdat1_.work as work14_1_1_ from address_in_groups contacts0_ inner join addressbook contactdat1_ on contacts0_.id=contactdat1_.id where contacts0_.group_id=?
Hibernate: select contacts0_.group_id as group_id2_0_0_, contacts0_.id as id1_0_0_, contactdat1_.id as id1_1_1_, contactdat1_.address as address2_1_1_, contactdat1_.bmonth as bmonth3_1_1_, contactdat1_.byear as byear4_1_1_, contactdat1_.email as email5_1_1_, contactdat1_.email2 as email6_1_1_, contactdat1_.email3 as email7_1_1_, contactdat1_.firstname as firstnam8_1_1_, contactdat1_.home as home9_1_1_, contactdat1_.lastname as lastnam10_1_1_, contactdat1_.middlename as middlen11_1_1_, contactdat1_.mobile as mobile12_1_1_, contactdat1_.photo as photo13_1_1_, contactdat1_.work as work14_1_1_ from address_in_groups contacts0_ inner join addressbook contactdat1_ on contacts0_.id=contactdat1_.id where contacts0_.group_id=?
Hibernate: select contacts0_.group_id as group_id2_0_0_, contacts0_.id as id1_0_0_, contactdat1_.id as id1_1_1_, contactdat1_.address as address2_1_1_, contactdat1_.bmonth as bmonth3_1_1_, contactdat1_.byear as byear4_1_1_, contactdat1_.email as email5_1_1_, contactdat1_.email2 as email6_1_1_, contactdat1_.email3 as email7_1_1_, contactdat1_.firstname as firstnam8_1_1_, contactdat1_.home as home9_1_1_, contactdat1_.lastname as lastnam10_1_1_, contactdat1_.middlename as middlen11_1_1_, contactdat1_.mobile as mobile12_1_1_, contactdat1_.photo as photo13_1_1_, contactdat1_.work as work14_1_1_ from address_in_groups contacts0_ inner join addressbook contactdat1_ on contacts0_.id=contactdat1_.id where contacts0_.group_id=?
Hibernate: select contacts0_.group_id as group_id2_0_0_, contacts0_.id as id1_0_0_, contactdat1_.id as id1_1_1_, contactdat1_.address as address2_1_1_, contactdat1_.bmonth as bmonth3_1_1_, contactdat1_.byear as byear4_1_1_, contactdat1_.email as email5_1_1_, contactdat1_.email2 as email6_1_1_, contactdat1_.email3 as email7_1_1_, contactdat1_.firstname as firstnam8_1_1_, contactdat1_.home as home9_1_1_, contactdat1_.lastname as lastnam10_1_1_, contactdat1_.middlename as middlen11_1_1_, contactdat1_.mobile as mobile12_1_1_, contactdat1_.photo as photo13_1_1_, contactdat1_.work as work14_1_1_ from address_in_groups contacts0_ inner join addressbook contactdat1_ on contacts0_.id=contactdat1_.id where contacts0_.group_id=?
Hibernate: select contacts0_.group_id as group_id2_0_0_, contacts0_.id as id1_0_0_, contactdat1_.id as id1_1_1_, contactdat1_.address as address2_1_1_, contactdat1_.bmonth as bmonth3_1_1_, contactdat1_.byear as byear4_1_1_, contactdat1_.email as email5_1_1_, contactdat1_.email2 as email6_1_1_, contactdat1_.email3 as email7_1_1_, contactdat1_.firstname as firstnam8_1_1_, contactdat1_.home as home9_1_1_, contactdat1_.lastname as lastnam10_1_1_, contactdat1_.middlename as middlen11_1_1_, contactdat1_.mobile as mobile12_1_1_, contactdat1_.photo as photo13_1_1_, contactdat1_.work as work14_1_1_ from address_in_groups contacts0_ inner join addressbook contactdat1_ on contacts0_.id=contactdat1_.id where contacts0_.group_id=?
Hibernate: select contacts0_.group_id as group_id2_0_0_, contacts0_.id as id1_0_0_, contactdat1_.id as id1_1_1_, contactdat1_.address as address2_1_1_, contactdat1_.bmonth as bmonth3_1_1_, contactdat1_.byear as byear4_1_1_, contactdat1_.email as email5_1_1_, contactdat1_.email2 as email6_1_1_, contactdat1_.email3 as email7_1_1_, contactdat1_.firstname as firstnam8_1_1_, contactdat1_.home as home9_1_1_, contactdat1_.lastname as lastnam10_1_1_, contactdat1_.middlename as middlen11_1_1_, contactdat1_.mobile as mobile12_1_1_, contactdat1_.photo as photo13_1_1_, contactdat1_.work as work14_1_1_ from address_in_groups contacts0_ inner join addressbook contactdat1_ on contacts0_.id=contactdat1_.id where contacts0_.group_id=?
Hibernate: select contacts0_.group_id as group_id2_0_0_, contacts0_.id as id1_0_0_, contactdat1_.id as id1_1_1_, contactdat1_.address as address2_1_1_, contactdat1_.bmonth as bmonth3_1_1_, contactdat1_.byear as byear4_1_1_, contactdat1_.email as email5_1_1_, contactdat1_.email2 as email6_1_1_, contactdat1_.email3 as email7_1_1_, contactdat1_.firstname as firstnam8_1_1_, contactdat1_.home as home9_1_1_, contactdat1_.lastname as lastnam10_1_1_, contactdat1_.middlename as middlen11_1_1_, contactdat1_.mobile as mobile12_1_1_, contactdat1_.photo as photo13_1_1_, contactdat1_.work as work14_1_1_ from address_in_groups contacts0_ inner join addressbook contactdat1_ on contacts0_.id=contactdat1_.id where contacts0_.group_id=?
Hibernate: select contacts0_.group_id as group_id2_0_0_, contacts0_.id as id1_0_0_, contactdat1_.id as id1_1_1_, contactdat1_.address as address2_1_1_, contactdat1_.bmonth as bmonth3_1_1_, contactdat1_.byear as byear4_1_1_, contactdat1_.email as email5_1_1_, contactdat1_.email2 as email6_1_1_, contactdat1_.email3 as email7_1_1_, contactdat1_.firstname as firstnam8_1_1_, contactdat1_.home as home9_1_1_, contactdat1_.lastname as lastnam10_1_1_, contactdat1_.middlename as middlen11_1_1_, contactdat1_.mobile as mobile12_1_1_, contactdat1_.photo as photo13_1_1_, contactdat1_.work as work14_1_1_ from address_in_groups contacts0_ inner join addressbook contactdat1_ on contacts0_.id=contactdat1_.id where contacts0_.group_id=?
Hibernate: select contacts0_.group_id as group_id2_0_0_, contacts0_.id as id1_0_0_, contactdat1_.id as id1_1_1_, contactdat1_.address as address2_1_1_, contactdat1_.bmonth as bmonth3_1_1_, contactdat1_.byear as byear4_1_1_, contactdat1_.email as email5_1_1_, contactdat1_.email2 as email6_1_1_, contactdat1_.email3 as email7_1_1_, contactdat1_.firstname as firstnam8_1_1_, contactdat1_.home as home9_1_1_, contactdat1_.lastname as lastnam10_1_1_, contactdat1_.middlename as middlen11_1_1_, contactdat1_.mobile as mobile12_1_1_, contactdat1_.photo as photo13_1_1_, contactdat1_.work as work14_1_1_ from address_in_groups contacts0_ inner join addressbook contactdat1_ on contacts0_.id=contactdat1_.id where contacts0_.group_id=?
Hibernate: select contacts0_.group_id as group_id2_0_0_, contacts0_.id as id1_0_0_, contactdat1_.id as id1_1_1_, contactdat1_.address as address2_1_1_, contactdat1_.bmonth as bmonth3_1_1_, contactdat1_.byear as byear4_1_1_, contactdat1_.email as email5_1_1_, contactdat1_.email2 as email6_1_1_, contactdat1_.email3 as email7_1_1_, contactdat1_.firstname as firstnam8_1_1_, contactdat1_.home as home9_1_1_, contactdat1_.lastname as lastnam10_1_1_, contactdat1_.middlename as middlen11_1_1_, contactdat1_.mobile as mobile12_1_1_, contactdat1_.photo as photo13_1_1_, contactdat1_.work as work14_1_1_ from address_in_groups contacts0_ inner join addressbook contactdat1_ on contacts0_.id=contactdat1_.id where contacts0_.group_id=?
Hibernate: select contacts0_.group_id as group_id2_0_0_, contacts0_.id as id1_0_0_, contactdat1_.id as id1_1_1_, contactdat1_.address as address2_1_1_, contactdat1_.bmonth as bmonth3_1_1_, contactdat1_.byear as byear4_1_1_, contactdat1_.email as email5_1_1_, contactdat1_.email2 as email6_1_1_, contactdat1_.email3 as email7_1_1_, contactdat1_.firstname as firstnam8_1_1_, contactdat1_.home as home9_1_1_, contactdat1_.lastname as lastnam10_1_1_, contactdat1_.middlename as middlen11_1_1_, contactdat1_.mobile as mobile12_1_1_, contactdat1_.photo as photo13_1_1_, contactdat1_.work as work14_1_1_ from address_in_groups contacts0_ inner join addressbook contactdat1_ on contacts0_.id=contactdat1_.id where contacts0_.group_id=?
Hibernate: select contacts0_.group_id as group_id2_0_0_, contacts0_.id as id1_0_0_, contactdat1_.id as id1_1_1_, contactdat1_.address as address2_1_1_, contactdat1_.bmonth as bmonth3_1_1_, contactdat1_.byear as byear4_1_1_, contactdat1_.email as email5_1_1_, contactdat1_.email2 as email6_1_1_, contactdat1_.email3 as email7_1_1_, contactdat1_.firstname as firstnam8_1_1_, contactdat1_.home as home9_1_1_, contactdat1_.lastname as lastnam10_1_1_, contactdat1_.middlename as middlen11_1_1_, contactdat1_.mobile as mobile12_1_1_, contactdat1_.photo as photo13_1_1_, contactdat1_.work as work14_1_1_ from address_in_groups contacts0_ inner join addressbook contactdat1_ on contacts0_.id=contactdat1_.id where contacts0_.group_id=?
Hibernate: select contacts0_.group_id as group_id2_0_0_, contacts0_.id as id1_0_0_, contactdat1_.id as id1_1_1_, contactdat1_.address as address2_1_1_, contactdat1_.bmonth as bmonth3_1_1_, contactdat1_.byear as byear4_1_1_, contactdat1_.email as email5_1_1_, contactdat1_.email2 as email6_1_1_, contactdat1_.email3 as email7_1_1_, contactdat1_.firstname as firstnam8_1_1_, contactdat1_.home as home9_1_1_, contactdat1_.lastname as lastnam10_1_1_, contactdat1_.middlename as middlen11_1_1_, contactdat1_.mobile as mobile12_1_1_, contactdat1_.photo as photo13_1_1_, contactdat1_.work as work14_1_1_ from address_in_groups contacts0_ inner join addressbook contactdat1_ on contacts0_.id=contactdat1_.id where contacts0_.group_id=?
Hibernate: select contacts0_.group_id as group_id2_0_0_, contacts0_.id as id1_0_0_, contactdat1_.id as id1_1_1_, contactdat1_.address as address2_1_1_, contactdat1_.bmonth as bmonth3_1_1_, contactdat1_.byear as byear4_1_1_, contactdat1_.email as email5_1_1_, contactdat1_.email2 as email6_1_1_, contactdat1_.email3 as email7_1_1_, contactdat1_.firstname as firstnam8_1_1_, contactdat1_.home as home9_1_1_, contactdat1_.lastname as lastnam10_1_1_, contactdat1_.middlename as middlen11_1_1_, contactdat1_.mobile as mobile12_1_1_, contactdat1_.photo as photo13_1_1_, contactdat1_.work as work14_1_1_ from address_in_groups contacts0_ inner join addressbook contactdat1_ on contacts0_.id=contactdat1_.id where contacts0_.group_id=?
Hibernate: select contacts0_.group_id as group_id2_0_0_, contacts0_.id as id1_0_0_, contactdat1_.id as id1_1_1_, contactdat1_.address as address2_1_1_, contactdat1_.bmonth as bmonth3_1_1_, contactdat1_.byear as byear4_1_1_, contactdat1_.email as email5_1_1_, contactdat1_.email2 as email6_1_1_, contactdat1_.email3 as email7_1_1_, contactdat1_.firstname as firstnam8_1_1_, contactdat1_.home as home9_1_1_, contactdat1_.lastname as lastnam10_1_1_, contactdat1_.middlename as middlen11_1_1_, contactdat1_.mobile as mobile12_1_1_, contactdat1_.photo as photo13_1_1_, contactdat1_.work as work14_1_1_ from address_in_groups contacts0_ inner join addressbook contactdat1_ on contacts0_.id=contactdat1_.id where contacts0_.group_id=?
Hibernate: select contacts0_.group_id as group_id2_0_0_, contacts0_.id as id1_0_0_, contactdat1_.id as id1_1_1_, contactdat1_.address as address2_1_1_, contactdat1_.bmonth as bmonth3_1_1_, contactdat1_.byear as byear4_1_1_, contactdat1_.email as email5_1_1_, contactdat1_.email2 as email6_1_1_, contactdat1_.email3 as email7_1_1_, contactdat1_.firstname as firstnam8_1_1_, contactdat1_.home as home9_1_1_, contactdat1_.lastname as lastnam10_1_1_, contactdat1_.middlename as middlen11_1_1_, contactdat1_.mobile as mobile12_1_1_, contactdat1_.photo as photo13_1_1_, contactdat1_.work as work14_1_1_ from address_in_groups contacts0_ inner join addressbook contactdat1_ on contacts0_.id=contactdat1_.id where contacts0_.group_id=?
Hibernate: select contacts0_.group_id as group_id2_0_0_, contacts0_.id as id1_0_0_, contactdat1_.id as id1_1_1_, contactdat1_.address as address2_1_1_, contactdat1_.bmonth as bmonth3_1_1_, contactdat1_.byear as byear4_1_1_, contactdat1_.email as email5_1_1_, contactdat1_.email2 as email6_1_1_, contactdat1_.email3 as email7_1_1_, contactdat1_.firstname as firstnam8_1_1_, contactdat1_.home as home9_1_1_, contactdat1_.lastname as lastnam10_1_1_, contactdat1_.middlename as middlen11_1_1_, contactdat1_.mobile as mobile12_1_1_, contactdat1_.photo as photo13_1_1_, contactdat1_.work as work14_1_1_ from address_in_groups contacts0_ inner join addressbook contactdat1_ on contacts0_.id=contactdat1_.id where contacts0_.group_id=?
Hibernate: select contacts0_.group_id as group_id2_0_0_, contacts0_.id as id1_0_0_, contactdat1_.id as id1_1_1_, contactdat1_.address as address2_1_1_, contactdat1_.bmonth as bmonth3_1_1_, contactdat1_.byear as byear4_1_1_, contactdat1_.email as email5_1_1_, contactdat1_.email2 as email6_1_1_, contactdat1_.email3 as email7_1_1_, contactdat1_.firstname as firstnam8_1_1_, contactdat1_.home as home9_1_1_, contactdat1_.lastname as lastnam10_1_1_, contactdat1_.middlename as middlen11_1_1_, contactdat1_.mobile as mobile12_1_1_, contactdat1_.photo as photo13_1_1_, contactdat1_.work as work14_1_1_ from address_in_groups contacts0_ inner join addressbook contactdat1_ on contacts0_.id=contactdat1_.id where contacts0_.group_id=?
Hibernate: select contacts0_.group_id as group_id2_0_0_, contacts0_.id as id1_0_0_, contactdat1_.id as id1_1_1_, contactdat1_.address as address2_1_1_, contactdat1_.bmonth as bmonth3_1_1_, contactdat1_.byear as byear4_1_1_, contactdat1_.email as email5_1_1_, contactdat1_.email2 as email6_1_1_, contactdat1_.email3 as email7_1_1_, contactdat1_.firstname as firstnam8_1_1_, contactdat1_.home as home9_1_1_, contactdat1_.lastname as lastnam10_1_1_, contactdat1_.middlename as middlen11_1_1_, contactdat1_.mobile as mobile12_1_1_, contactdat1_.photo as photo13_1_1_, contactdat1_.work as work14_1_1_ from address_in_groups contacts0_ inner join addressbook contactdat1_ on contacts0_.id=contactdat1_.id where contacts0_.group_id=?
Hibernate: select contacts0_.group_id as group_id2_0_0_, contacts0_.id as id1_0_0_, contactdat1_.id as id1_1_1_, contactdat1_.address as address2_1_1_, contactdat1_.bmonth as bmonth3_1_1_, contactdat1_.byear as byear4_1_1_, contactdat1_.email as email5_1_1_, contactdat1_.email2 as email6_1_1_, contactdat1_.email3 as email7_1_1_, contactdat1_.firstname as firstnam8_1_1_, contactdat1_.home as home9_1_1_, contactdat1_.lastname as lastnam10_1_1_, contactdat1_.middlename as middlen11_1_1_, contactdat1_.mobile as mobile12_1_1_, contactdat1_.photo as photo13_1_1_, contactdat1_.work as work14_1_1_ from address_in_groups contacts0_ inner join addressbook contactdat1_ on contacts0_.id=contactdat1_.id where contacts0_.group_id=?
Hibernate: select contacts0_.group_id as group_id2_0_0_, contacts0_.id as id1_0_0_, contactdat1_.id as id1_1_1_, contactdat1_.address as address2_1_1_, contactdat1_.bmonth as bmonth3_1_1_, contactdat1_.byear as byear4_1_1_, contactdat1_.email as email5_1_1_, contactdat1_.email2 as email6_1_1_, contactdat1_.email3 as email7_1_1_, contactdat1_.firstname as firstnam8_1_1_, contactdat1_.home as home9_1_1_, contactdat1_.lastname as lastnam10_1_1_, contactdat1_.middlename as middlen11_1_1_, contactdat1_.mobile as mobile12_1_1_, contactdat1_.photo as photo13_1_1_, contactdat1_.work as work14_1_1_ from address_in_groups contacts0_ inner join addressbook contactdat1_ on contacts0_.id=contactdat1_.id where contacts0_.group_id=?
Hibernate: select contacts0_.group_id as group_id2_0_0_, contacts0_.id as id1_0_0_, contactdat1_.id as id1_1_1_, contactdat1_.address as address2_1_1_, contactdat1_.bmonth as bmonth3_1_1_, contactdat1_.byear as byear4_1_1_, contactdat1_.email as email5_1_1_, contactdat1_.email2 as email6_1_1_, contactdat1_.email3 as email7_1_1_, contactdat1_.firstname as firstnam8_1_1_, contactdat1_.home as home9_1_1_, contactdat1_.lastname as lastnam10_1_1_, contactdat1_.middlename as middlen11_1_1_, contactdat1_.mobile as mobile12_1_1_, contactdat1_.photo as photo13_1_1_, contactdat1_.work as work14_1_1_ from address_in_groups contacts0_ inner join addressbook contactdat1_ on contacts0_.id=contactdat1_.id where contacts0_.group_id=?
Hibernate: select contacts0_.group_id as group_id2_0_0_, contacts0_.id as id1_0_0_, contactdat1_.id as id1_1_1_, contactdat1_.address as address2_1_1_, contactdat1_.bmonth as bmonth3_1_1_, contactdat1_.byear as byear4_1_1_, contactdat1_.email as email5_1_1_, contactdat1_.email2 as email6_1_1_, contactdat1_.email3 as email7_1_1_, contactdat1_.firstname as firstnam8_1_1_, contactdat1_.home as home9_1_1_, contactdat1_.lastname as lastnam10_1_1_, contactdat1_.middlename as middlen11_1_1_, contactdat1_.mobile as mobile12_1_1_, contactdat1_.photo as photo13_1_1_, contactdat1_.work as work14_1_1_ from address_in_groups contacts0_ inner join addressbook contactdat1_ on contacts0_.id=contactdat1_.id where contacts0_.group_id=?
Hibernate: select contacts0_.group_id as group_id2_0_0_, contacts0_.id as id1_0_0_, contactdat1_.id as id1_1_1_, contactdat1_.address as address2_1_1_, contactdat1_.bmonth as bmonth3_1_1_, contactdat1_.byear as byear4_1_1_, contactdat1_.email as email5_1_1_, contactdat1_.email2 as email6_1_1_, contactdat1_.email3 as email7_1_1_, contactdat1_.firstname as firstnam8_1_1_, contactdat1_.home as home9_1_1_, contactdat1_.lastname as lastnam10_1_1_, contactdat1_.middlename as middlen11_1_1_, contactdat1_.mobile as mobile12_1_1_, contactdat1_.photo as photo13_1_1_, contactdat1_.work as work14_1_1_ from address_in_groups contacts0_ inner join addressbook contactdat1_ on contacts0_.id=contactdat1_.id where contacts0_.group_id=?
Hibernate: select contacts0_.group_id as group_id2_0_0_, contacts0_.id as id1_0_0_, contactdat1_.id as id1_1_1_, contactdat1_.address as address2_1_1_, contactdat1_.bmonth as bmonth3_1_1_, contactdat1_.byear as byear4_1_1_, contactdat1_.email as email5_1_1_, contactdat1_.email2 as email6_1_1_, contactdat1_.email3 as email7_1_1_, contactdat1_.firstname as firstnam8_1_1_, contactdat1_.home as home9_1_1_, contactdat1_.lastname as lastnam10_1_1_, contactdat1_.middlename as middlen11_1_1_, contactdat1_.mobile as mobile12_1_1_, contactdat1_.photo as photo13_1_1_, contactdat1_.work as work14_1_1_ from address_in_groups contacts0_ inner join addressbook contactdat1_ on contacts0_.id=contactdat1_.id where contacts0_.group_id=?
Hibernate: select contacts0_.group_id as group_id2_0_0_, contacts0_.id as id1_0_0_, contactdat1_.id as id1_1_1_, contactdat1_.address as address2_1_1_, contactdat1_.bmonth as bmonth3_1_1_, contactdat1_.byear as byear4_1_1_, contactdat1_.email as email5_1_1_, contactdat1_.email2 as email6_1_1_, contactdat1_.email3 as email7_1_1_, contactdat1_.firstname as firstnam8_1_1_, contactdat1_.home as home9_1_1_, contactdat1_.lastname as lastnam10_1_1_, contactdat1_.middlename as middlen11_1_1_, contactdat1_.mobile as mobile12_1_1_, contactdat1_.photo as photo13_1_1_, contactdat1_.work as work14_1_1_ from address_in_groups contacts0_ inner join addressbook contactdat1_ on contacts0_.id=contactdat1_.id where contacts0_.group_id=?
Hibernate: select contacts0_.group_id as group_id2_0_0_, contacts0_.id as id1_0_0_, contactdat1_.id as id1_1_1_, contactdat1_.address as address2_1_1_, contactdat1_.bmonth as bmonth3_1_1_, contactdat1_.byear as byear4_1_1_, contactdat1_.email as email5_1_1_, contactdat1_.email2 as email6_1_1_, contactdat1_.email3 as email7_1_1_, contactdat1_.firstname as firstnam8_1_1_, contactdat1_.home as home9_1_1_, contactdat1_.lastname as lastnam10_1_1_, contactdat1_.middlename as middlen11_1_1_, contactdat1_.mobile as mobile12_1_1_, contactdat1_.photo as photo13_1_1_, contactdat1_.work as work14_1_1_ from address_in_groups contacts0_ inner join addressbook contactdat1_ on contacts0_.id=contactdat1_.id where contacts0_.group_id=?
Hibernate: select contacts0_.group_id as group_id2_0_0_, contacts0_.id as id1_0_0_, contactdat1_.id as id1_1_1_, contactdat1_.address as address2_1_1_, contactdat1_.bmonth as bmonth3_1_1_, contactdat1_.byear as byear4_1_1_, contactdat1_.email as email5_1_1_, contactdat1_.email2 as email6_1_1_, contactdat1_.email3 as email7_1_1_, contactdat1_.firstname as firstnam8_1_1_, contactdat1_.home as home9_1_1_, contactdat1_.lastname as lastnam10_1_1_, contactdat1_.middlename as middlen11_1_1_, contactdat1_.mobile as mobile12_1_1_, contactdat1_.photo as photo13_1_1_, contactdat1_.work as work14_1_1_ from address_in_groups contacts0_ inner join addressbook contactdat1_ on contacts0_.id=contactdat1_.id where contacts0_.group_id=?
Hibernate: select contacts0_.group_id as group_id2_0_0_, contacts0_.id as id1_0_0_, contactdat1_.id as id1_1_1_, contactdat1_.address as address2_1_1_, contactdat1_.bmonth as bmonth3_1_1_, contactdat1_.byear as byear4_1_1_, contactdat1_.email as email5_1_1_, contactdat1_.email2 as email6_1_1_, contactdat1_.email3 as email7_1_1_, contactdat1_.firstname as firstnam8_1_1_, contactdat1_.home as home9_1_1_, contactdat1_.lastname as lastnam10_1_1_, contactdat1_.middlename as middlen11_1_1_, contactdat1_.mobile as mobile12_1_1_, contactdat1_.photo as photo13_1_1_, contactdat1_.work as work14_1_1_ from address_in_groups contacts0_ inner join addressbook contactdat1_ on contacts0_.id=contactdat1_.id where contacts0_.group_id=?
Hibernate: select contacts0_.group_id as group_id2_0_0_, contacts0_.id as id1_0_0_, contactdat1_.id as id1_1_1_, contactdat1_.address as address2_1_1_, contactdat1_.bmonth as bmonth3_1_1_, contactdat1_.byear as byear4_1_1_, contactdat1_.email as email5_1_1_, contactdat1_.email2 as email6_1_1_, contactdat1_.email3 as email7_1_1_, contactdat1_.firstname as firstnam8_1_1_, contactdat1_.home as home9_1_1_, contactdat1_.lastname as lastnam10_1_1_, contactdat1_.middlename as middlen11_1_1_, contactdat1_.mobile as mobile12_1_1_, contactdat1_.photo as photo13_1_1_, contactdat1_.work as work14_1_1_ from address_in_groups contacts0_ inner join addressbook contactdat1_ on contacts0_.id=contactdat1_.id where contacts0_.group_id=?
Hibernate: select contacts0_.group_id as group_id2_0_0_, contacts0_.id as id1_0_0_, contactdat1_.id as id1_1_1_, contactdat1_.address as address2_1_1_, contactdat1_.bmonth as bmonth3_1_1_, contactdat1_.byear as byear4_1_1_, contactdat1_.email as email5_1_1_, contactdat1_.email2 as email6_1_1_, contactdat1_.email3 as email7_1_1_, contactdat1_.firstname as firstnam8_1_1_, contactdat1_.home as home9_1_1_, contactdat1_.lastname as lastnam10_1_1_, contactdat1_.middlename as middlen11_1_1_, contactdat1_.mobile as mobile12_1_1_, contactdat1_.photo as photo13_1_1_, contactdat1_.work as work14_1_1_ from address_in_groups contacts0_ inner join addressbook contactdat1_ on contacts0_.id=contactdat1_.id where contacts0_.group_id=?
Hibernate: select contacts0_.group_id as group_id2_0_0_, contacts0_.id as id1_0_0_, contactdat1_.id as id1_1_1_, contactdat1_.address as address2_1_1_, contactdat1_.bmonth as bmonth3_1_1_, contactdat1_.byear as byear4_1_1_, contactdat1_.email as email5_1_1_, contactdat1_.email2 as email6_1_1_, contactdat1_.email3 as email7_1_1_, contactdat1_.firstname as firstnam8_1_1_, contactdat1_.home as home9_1_1_, contactdat1_.lastname as lastnam10_1_1_, contactdat1_.middlename as middlen11_1_1_, contactdat1_.mobile as mobile12_1_1_, contactdat1_.photo as photo13_1_1_, contactdat1_.work as work14_1_1_ from address_in_groups contacts0_ inner join addressbook contactdat1_ on contacts0_.id=contactdat1_.id where contacts0_.group_id=?
Hibernate: select contacts0_.group_id as group_id2_0_0_, contacts0_.id as id1_0_0_, contactdat1_.id as id1_1_1_, contactdat1_.address as address2_1_1_, contactdat1_.bmonth as bmonth3_1_1_, contactdat1_.byear as byear4_1_1_, contactdat1_.email as email5_1_1_, contactdat1_.email2 as email6_1_1_, contactdat1_.email3 as email7_1_1_, contactdat1_.firstname as firstnam8_1_1_, contactdat1_.home as home9_1_1_, contactdat1_.lastname as lastnam10_1_1_, contactdat1_.middlename as middlen11_1_1_, contactdat1_.mobile as mobile12_1_1_, contactdat1_.photo as photo13_1_1_, contactdat1_.work as work14_1_1_ from address_in_groups contacts0_ inner join addressbook contactdat1_ on contacts0_.id=contactdat1_.id where contacts0_.group_id=?
Hibernate: select contacts0_.group_id as group_id2_0_0_, contacts0_.id as id1_0_0_, contactdat1_.id as id1_1_1_, contactdat1_.address as address2_1_1_, contactdat1_.bmonth as bmonth3_1_1_, contactdat1_.byear as byear4_1_1_, contactdat1_.email as email5_1_1_, contactdat1_.email2 as email6_1_1_, contactdat1_.email3 as email7_1_1_, contactdat1_.firstname as firstnam8_1_1_, contactdat1_.home as home9_1_1_, contactdat1_.lastname as lastnam10_1_1_, contactdat1_.middlename as middlen11_1_1_, contactdat1_.mobile as mobile12_1_1_, contactdat1_.photo as photo13_1_1_, contactdat1_.work as work14_1_1_ from address_in_groups contacts0_ inner join addressbook contactdat1_ on contacts0_.id=contactdat1_.id where contacts0_.group_id=?
Hibernate: select contacts0_.group_id as group_id2_0_0_, contacts0_.id as id1_0_0_, contactdat1_.id as id1_1_1_, contactdat1_.address as address2_1_1_, contactdat1_.bmonth as bmonth3_1_1_, contactdat1_.byear as byear4_1_1_, contactdat1_.email as email5_1_1_, contactdat1_.email2 as email6_1_1_, contactdat1_.email3 as email7_1_1_, contactdat1_.firstname as firstnam8_1_1_, contactdat1_.home as home9_1_1_, contactdat1_.lastname as lastnam10_1_1_, contactdat1_.middlename as middlen11_1_1_, contactdat1_.mobile as mobile12_1_1_, contactdat1_.photo as photo13_1_1_, contactdat1_.work as work14_1_1_ from address_in_groups contacts0_ inner join addressbook contactdat1_ on contacts0_.id=contactdat1_.id where contacts0_.group_id=?
Hibernate: select contacts0_.group_id as group_id2_0_0_, contacts0_.id as id1_0_0_, contactdat1_.id as id1_1_1_, contactdat1_.address as address2_1_1_, contactdat1_.bmonth as bmonth3_1_1_, contactdat1_.byear as byear4_1_1_, contactdat1_.email as email5_1_1_, contactdat1_.email2 as email6_1_1_, contactdat1_.email3 as email7_1_1_, contactdat1_.firstname as firstnam8_1_1_, contactdat1_.home as home9_1_1_, contactdat1_.lastname as lastnam10_1_1_, contactdat1_.middlename as middlen11_1_1_, contactdat1_.mobile as mobile12_1_1_, contactdat1_.photo as photo13_1_1_, contactdat1_.work as work14_1_1_ from address_in_groups contacts0_ inner join addressbook contactdat1_ on contacts0_.id=contactdat1_.id where contacts0_.group_id=?
Hibernate: select contacts0_.group_id as group_id2_0_0_, contacts0_.id as id1_0_0_, contactdat1_.id as id1_1_1_, contactdat1_.address as address2_1_1_, contactdat1_.bmonth as bmonth3_1_1_, contactdat1_.byear as byear4_1_1_, contactdat1_.email as email5_1_1_, contactdat1_.email2 as email6_1_1_, contactdat1_.email3 as email7_1_1_, contactdat1_.firstname as firstnam8_1_1_, contactdat1_.home as home9_1_1_, contactdat1_.lastname as lastnam10_1_1_, contactdat1_.middlename as middlen11_1_1_, contactdat1_.mobile as mobile12_1_1_, contactdat1_.photo as photo13_1_1_, contactdat1_.work as work14_1_1_ from address_in_groups contacts0_ inner join addressbook contactdat1_ on contacts0_.id=contactdat1_.id where contacts0_.group_id=?
Hibernate: select contacts0_.group_id as group_id2_0_0_, contacts0_.id as id1_0_0_, contactdat1_.id as id1_1_1_, contactdat1_.address as address2_1_1_, contactdat1_.bmonth as bmonth3_1_1_, contactdat1_.byear as byear4_1_1_, contactdat1_.email as email5_1_1_, contactdat1_.email2 as email6_1_1_, contactdat1_.email3 as email7_1_1_, contactdat1_.firstname as firstnam8_1_1_, contactdat1_.home as home9_1_1_, contactdat1_.lastname as lastnam10_1_1_, contactdat1_.middlename as middlen11_1_1_, contactdat1_.mobile as mobile12_1_1_, contactdat1_.photo as photo13_1_1_, contactdat1_.work as work14_1_1_ from address_in_groups contacts0_ inner join addressbook contactdat1_ on contacts0_.id=contactdat1_.id where contacts0_.group_id=?
Hibernate: select contacts0_.group_id as group_id2_0_0_, contacts0_.id as id1_0_0_, contactdat1_.id as id1_1_1_, contactdat1_.address as address2_1_1_, contactdat1_.bmonth as bmonth3_1_1_, contactdat1_.byear as byear4_1_1_, contactdat1_.email as email5_1_1_, contactdat1_.email2 as email6_1_1_, contactdat1_.email3 as email7_1_1_, contactdat1_.firstname as firstnam8_1_1_, contactdat1_.home as home9_1_1_, contactdat1_.lastname as lastnam10_1_1_, contactdat1_.middlename as middlen11_1_1_, contactdat1_.mobile as mobile12_1_1_, contactdat1_.photo as photo13_1_1_, contactdat1_.work as work14_1_1_ from address_in_groups contacts0_ inner join addressbook contactdat1_ on contacts0_.id=contactdat1_.id where contacts0_.group_id=?
Hibernate: select contacts0_.group_id as group_id2_0_0_, contacts0_.id as id1_0_0_, contactdat1_.id as id1_1_1_, contactdat1_.address as address2_1_1_, contactdat1_.bmonth as bmonth3_1_1_, contactdat1_.byear as byear4_1_1_, contactdat1_.email as email5_1_1_, contactdat1_.email2 as email6_1_1_, contactdat1_.email3 as email7_1_1_, contactdat1_.firstname as firstnam8_1_1_, contactdat1_.home as home9_1_1_, contactdat1_.lastname as lastnam10_1_1_, contactdat1_.middlename as middlen11_1_1_, contactdat1_.mobile as mobile12_1_1_, contactdat1_.photo as photo13_1_1_, contactdat1_.work as work14_1_1_ from address_in_groups contacts0_ inner join addressbook contactdat1_ on contacts0_.id=contactdat1_.id where contacts0_.group_id=?
Hibernate: select contacts0_.group_id as group_id2_0_0_, contacts0_.id as id1_0_0_, contactdat1_.id as id1_1_1_, contactdat1_.address as address2_1_1_, contactdat1_.bmonth as bmonth3_1_1_, contactdat1_.byear as byear4_1_1_, contactdat1_.email as email5_1_1_, contactdat1_.email2 as email6_1_1_, contactdat1_.email3 as email7_1_1_, contactdat1_.firstname as firstnam8_1_1_, contactdat1_.home as home9_1_1_, contactdat1_.lastname as lastnam10_1_1_, contactdat1_.middlename as middlen11_1_1_, contactdat1_.mobile as mobile12_1_1_, contactdat1_.photo as photo13_1_1_, contactdat1_.work as work14_1_1_ from address_in_groups contacts0_ inner join addressbook contactdat1_ on contacts0_.id=contactdat1_.id where contacts0_.group_id=?
Hibernate: select contacts0_.group_id as group_id2_0_0_, contacts0_.id as id1_0_0_, contactdat1_.id as id1_1_1_, contactdat1_.address as address2_1_1_, contactdat1_.bmonth as bmonth3_1_1_, contactdat1_.byear as byear4_1_1_, contactdat1_.email as email5_1_1_, contactdat1_.email2 as email6_1_1_, contactdat1_.email3 as email7_1_1_, contactdat1_.firstname as firstnam8_1_1_, contactdat1_.home as home9_1_1_, contactdat1_.lastname as lastnam10_1_1_, contactdat1_.middlename as middlen11_1_1_, contactdat1_.mobile as mobile12_1_1_, contactdat1_.photo as photo13_1_1_, contactdat1_.work as work14_1_1_ from address_in_groups contacts0_ inner join addressbook contactdat1_ on contacts0_.id=contactdat1_.id where contacts0_.group_id=?
Hibernate: select contacts0_.group_id as group_id2_0_0_, contacts0_.id as id1_0_0_, contactdat1_.id as id1_1_1_, contactdat1_.address as address2_1_1_, contactdat1_.bmonth as bmonth3_1_1_, contactdat1_.byear as byear4_1_1_, contactdat1_.email as email5_1_1_, contactdat1_.email2 as email6_1_1_, contactdat1_.email3 as email7_1_1_, contactdat1_.firstname as firstnam8_1_1_, contactdat1_.home as home9_1_1_, contactdat1_.lastname as lastnam10_1_1_, contactdat1_.middlename as middlen11_1_1_, contactdat1_.mobile as mobile12_1_1_, contactdat1_.photo as photo13_1_1_, contactdat1_.work as work14_1_1_ from address_in_groups contacts0_ inner join addressbook contactdat1_ on contacts0_.id=contactdat1_.id where contacts0_.group_id=?
22:10:47.341 [Test worker] INFO  r.s.pft.addressbook.tests.TestBase - End testtestGroupCreation
22:10:47.344 [Test worker] INFO  r.s.pft.addressbook.tests.TestBase - Start testtestGroupCreation with parameters [GroupData{id='0', name='test 4'}]
Hibernate: select groupdata0_.group_id as group_id1_2_, groupdata0_.group_footer as group_fo2_2_, groupdata0_.group_header as group_he3_2_, groupdata0_.group_name as group_na4_2_ from group_list groupdata0_
Hibernate: select contacts0_.group_id as group_id2_0_0_, contacts0_.id as id1_0_0_, contactdat1_.id as id1_1_1_, contactdat1_.address as address2_1_1_, contactdat1_.bmonth as bmonth3_1_1_, contactdat1_.byear as byear4_1_1_, contactdat1_.email as email5_1_1_, contactdat1_.email2 as email6_1_1_, contactdat1_.email3 as email7_1_1_, contactdat1_.firstname as firstnam8_1_1_, contactdat1_.home as home9_1_1_, contactdat1_.lastname as lastnam10_1_1_, contactdat1_.middlename as middlen11_1_1_, contactdat1_.mobile as mobile12_1_1_, contactdat1_.photo as photo13_1_1_, contactdat1_.work as work14_1_1_ from address_in_groups contacts0_ inner join addressbook contactdat1_ on contacts0_.id=contactdat1_.id where contacts0_.group_id=?
Hibernate: select contacts0_.group_id as group_id2_0_0_, contacts0_.id as id1_0_0_, contactdat1_.id as id1_1_1_, contactdat1_.address as address2_1_1_, contactdat1_.bmonth as bmonth3_1_1_, contactdat1_.byear as byear4_1_1_, contactdat1_.email as email5_1_1_, contactdat1_.email2 as email6_1_1_, contactdat1_.email3 as email7_1_1_, contactdat1_.firstname as firstnam8_1_1_, contactdat1_.home as home9_1_1_, contactdat1_.lastname as lastnam10_1_1_, contactdat1_.middlename as middlen11_1_1_, contactdat1_.mobile as mobile12_1_1_, contactdat1_.photo as photo13_1_1_, contactdat1_.work as work14_1_1_ from address_in_groups contacts0_ inner join addressbook contactdat1_ on contacts0_.id=contactdat1_.id where contacts0_.group_id=?
Hibernate: select contacts0_.group_id as group_id2_0_0_, contacts0_.id as id1_0_0_, contactdat1_.id as id1_1_1_, contactdat1_.address as address2_1_1_, contactdat1_.bmonth as bmonth3_1_1_, contactdat1_.byear as byear4_1_1_, contactdat1_.email as email5_1_1_, contactdat1_.email2 as email6_1_1_, contactdat1_.email3 as email7_1_1_, contactdat1_.firstname as firstnam8_1_1_, contactdat1_.home as home9_1_1_, contactdat1_.lastname as lastnam10_1_1_, contactdat1_.middlename as middlen11_1_1_, contactdat1_.mobile as mobile12_1_1_, contactdat1_.photo as photo13_1_1_, contactdat1_.work as work14_1_1_ from address_in_groups contacts0_ inner join addressbook contactdat1_ on contacts0_.id=contactdat1_.id where contacts0_.group_id=?
Hibernate: select contacts0_.group_id as group_id2_0_0_, contacts0_.id as id1_0_0_, contactdat1_.id as id1_1_1_, contactdat1_.address as address2_1_1_, contactdat1_.bmonth as bmonth3_1_1_, contactdat1_.byear as byear4_1_1_, contactdat1_.email as email5_1_1_, contactdat1_.email2 as email6_1_1_, contactdat1_.email3 as email7_1_1_, contactdat1_.firstname as firstnam8_1_1_, contactdat1_.home as home9_1_1_, contactdat1_.lastname as lastnam10_1_1_, contactdat1_.middlename as middlen11_1_1_, contactdat1_.mobile as mobile12_1_1_, contactdat1_.photo as photo13_1_1_, contactdat1_.work as work14_1_1_ from address_in_groups contacts0_ inner join addressbook contactdat1_ on contacts0_.id=contactdat1_.id where contacts0_.group_id=?
Hibernate: select contacts0_.group_id as group_id2_0_0_, contacts0_.id as id1_0_0_, contactdat1_.id as id1_1_1_, contactdat1_.address as address2_1_1_, contactdat1_.bmonth as bmonth3_1_1_, contactdat1_.byear as byear4_1_1_, contactdat1_.email as email5_1_1_, contactdat1_.email2 as email6_1_1_, contactdat1_.email3 as email7_1_1_, contactdat1_.firstname as firstnam8_1_1_, contactdat1_.home as home9_1_1_, contactdat1_.lastname as lastnam10_1_1_, contactdat1_.middlename as middlen11_1_1_, contactdat1_.mobile as mobile12_1_1_, contactdat1_.photo as photo13_1_1_, contactdat1_.work as work14_1_1_ from address_in_groups contacts0_ inner join addressbook contactdat1_ on contacts0_.id=contactdat1_.id where contacts0_.group_id=?
Hibernate: select contacts0_.group_id as group_id2_0_0_, contacts0_.id as id1_0_0_, contactdat1_.id as id1_1_1_, contactdat1_.address as address2_1_1_, contactdat1_.bmonth as bmonth3_1_1_, contactdat1_.byear as byear4_1_1_, contactdat1_.email as email5_1_1_, contactdat1_.email2 as email6_1_1_, contactdat1_.email3 as email7_1_1_, contactdat1_.firstname as firstnam8_1_1_, contactdat1_.home as home9_1_1_, contactdat1_.lastname as lastnam10_1_1_, contactdat1_.middlename as middlen11_1_1_, contactdat1_.mobile as mobile12_1_1_, contactdat1_.photo as photo13_1_1_, contactdat1_.work as work14_1_1_ from address_in_groups contacts0_ inner join addressbook contactdat1_ on contacts0_.id=contactdat1_.id where contacts0_.group_id=?
Hibernate: select contacts0_.group_id as group_id2_0_0_, contacts0_.id as id1_0_0_, contactdat1_.id as id1_1_1_, contactdat1_.address as address2_1_1_, contactdat1_.bmonth as bmonth3_1_1_, contactdat1_.byear as byear4_1_1_, contactdat1_.email as email5_1_1_, contactdat1_.email2 as email6_1_1_, contactdat1_.email3 as email7_1_1_, contactdat1_.firstname as firstnam8_1_1_, contactdat1_.home as home9_1_1_, contactdat1_.lastname as lastnam10_1_1_, contactdat1_.middlename as middlen11_1_1_, contactdat1_.mobile as mobile12_1_1_, contactdat1_.photo as photo13_1_1_, contactdat1_.work as work14_1_1_ from address_in_groups contacts0_ inner join addressbook contactdat1_ on contacts0_.id=contactdat1_.id where contacts0_.group_id=?
Hibernate: select contacts0_.group_id as group_id2_0_0_, contacts0_.id as id1_0_0_, contactdat1_.id as id1_1_1_, contactdat1_.address as address2_1_1_, contactdat1_.bmonth as bmonth3_1_1_, contactdat1_.byear as byear4_1_1_, contactdat1_.email as email5_1_1_, contactdat1_.email2 as email6_1_1_, contactdat1_.email3 as email7_1_1_, contactdat1_.firstname as firstnam8_1_1_, contactdat1_.home as home9_1_1_, contactdat1_.lastname as lastnam10_1_1_, contactdat1_.middlename as middlen11_1_1_, contactdat1_.mobile as mobile12_1_1_, contactdat1_.photo as photo13_1_1_, contactdat1_.work as work14_1_1_ from address_in_groups contacts0_ inner join addressbook contactdat1_ on contacts0_.id=contactdat1_.id where contacts0_.group_id=?
Hibernate: select contacts0_.group_id as group_id2_0_0_, contacts0_.id as id1_0_0_, contactdat1_.id as id1_1_1_, contactdat1_.address as address2_1_1_, contactdat1_.bmonth as bmonth3_1_1_, contactdat1_.byear as byear4_1_1_, contactdat1_.email as email5_1_1_, contactdat1_.email2 as email6_1_1_, contactdat1_.email3 as email7_1_1_, contactdat1_.firstname as firstnam8_1_1_, contactdat1_.home as home9_1_1_, contactdat1_.lastname as lastnam10_1_1_, contactdat1_.middlename as middlen11_1_1_, contactdat1_.mobile as mobile12_1_1_, contactdat1_.photo as photo13_1_1_, contactdat1_.work as work14_1_1_ from address_in_groups contacts0_ inner join addressbook contactdat1_ on contacts0_.id=contactdat1_.id where contacts0_.group_id=?
Hibernate: select contacts0_.group_id as group_id2_0_0_, contacts0_.id as id1_0_0_, contactdat1_.id as id1_1_1_, contactdat1_.address as address2_1_1_, contactdat1_.bmonth as bmonth3_1_1_, contactdat1_.byear as byear4_1_1_, contactdat1_.email as email5_1_1_, contactdat1_.email2 as email6_1_1_, contactdat1_.email3 as email7_1_1_, contactdat1_.firstname as firstnam8_1_1_, contactdat1_.home as home9_1_1_, contactdat1_.lastname as lastnam10_1_1_, contactdat1_.middlename as middlen11_1_1_, contactdat1_.mobile as mobile12_1_1_, contactdat1_.photo as photo13_1_1_, contactdat1_.work as work14_1_1_ from address_in_groups contacts0_ inner join addressbook contactdat1_ on contacts0_.id=contactdat1_.id where contacts0_.group_id=?
Hibernate: select contacts0_.group_id as group_id2_0_0_, contacts0_.id as id1_0_0_, contactdat1_.id as id1_1_1_, contactdat1_.address as address2_1_1_, contactdat1_.bmonth as bmonth3_1_1_, contactdat1_.byear as byear4_1_1_, contactdat1_.email as email5_1_1_, contactdat1_.email2 as email6_1_1_, contactdat1_.email3 as email7_1_1_, contactdat1_.firstname as firstnam8_1_1_, contactdat1_.home as home9_1_1_, contactdat1_.lastname as lastnam10_1_1_, contactdat1_.middlename as middlen11_1_1_, contactdat1_.mobile as mobile12_1_1_, contactdat1_.photo as photo13_1_1_, contactdat1_.work as work14_1_1_ from address_in_groups contacts0_ inner join addressbook contactdat1_ on contacts0_.id=contactdat1_.id where contacts0_.group_id=?
Hibernate: select contacts0_.group_id as group_id2_0_0_, contacts0_.id as id1_0_0_, contactdat1_.id as id1_1_1_, contactdat1_.address as address2_1_1_, contactdat1_.bmonth as bmonth3_1_1_, contactdat1_.byear as byear4_1_1_, contactdat1_.email as email5_1_1_, contactdat1_.email2 as email6_1_1_, contactdat1_.email3 as email7_1_1_, contactdat1_.firstname as firstnam8_1_1_, contactdat1_.home as home9_1_1_, contactdat1_.lastname as lastnam10_1_1_, contactdat1_.middlename as middlen11_1_1_, contactdat1_.mobile as mobile12_1_1_, contactdat1_.photo as photo13_1_1_, contactdat1_.work as work14_1_1_ from address_in_groups contacts0_ inner join addressbook contactdat1_ on contacts0_.id=contactdat1_.id where contacts0_.group_id=?
Hibernate: select contacts0_.group_id as group_id2_0_0_, contacts0_.id as id1_0_0_, contactdat1_.id as id1_1_1_, contactdat1_.address as address2_1_1_, contactdat1_.bmonth as bmonth3_1_1_, contactdat1_.byear as byear4_1_1_, contactdat1_.email as email5_1_1_, contactdat1_.email2 as email6_1_1_, contactdat1_.email3 as email7_1_1_, contactdat1_.firstname as firstnam8_1_1_, contactdat1_.home as home9_1_1_, contactdat1_.lastname as lastnam10_1_1_, contactdat1_.middlename as middlen11_1_1_, contactdat1_.mobile as mobile12_1_1_, contactdat1_.photo as photo13_1_1_, contactdat1_.work as work14_1_1_ from address_in_groups contacts0_ inner join addressbook contactdat1_ on contacts0_.id=contactdat1_.id where contacts0_.group_id=?
Hibernate: select contacts0_.group_id as group_id2_0_0_, contacts0_.id as id1_0_0_, contactdat1_.id as id1_1_1_, contactdat1_.address as address2_1_1_, contactdat1_.bmonth as bmonth3_1_1_, contactdat1_.byear as byear4_1_1_, contactdat1_.email as email5_1_1_, contactdat1_.email2 as email6_1_1_, contactdat1_.email3 as email7_1_1_, contactdat1_.firstname as firstnam8_1_1_, contactdat1_.home as home9_1_1_, contactdat1_.lastname as lastnam10_1_1_, contactdat1_.middlename as middlen11_1_1_, contactdat1_.mobile as mobile12_1_1_, contactdat1_.photo as photo13_1_1_, contactdat1_.work as work14_1_1_ from address_in_groups contacts0_ inner join addressbook contactdat1_ on contacts0_.id=contactdat1_.id where contacts0_.group_id=?
Hibernate: select contacts0_.group_id as group_id2_0_0_, contacts0_.id as id1_0_0_, contactdat1_.id as id1_1_1_, contactdat1_.address as address2_1_1_, contactdat1_.bmonth as bmonth3_1_1_, contactdat1_.byear as byear4_1_1_, contactdat1_.email as email5_1_1_, contactdat1_.email2 as email6_1_1_, contactdat1_.email3 as email7_1_1_, contactdat1_.firstname as firstnam8_1_1_, contactdat1_.home as home9_1_1_, contactdat1_.lastname as lastnam10_1_1_, contactdat1_.middlename as middlen11_1_1_, contactdat1_.mobile as mobile12_1_1_, contactdat1_.photo as photo13_1_1_, contactdat1_.work as work14_1_1_ from address_in_groups contacts0_ inner join addressbook contactdat1_ on contacts0_.id=contactdat1_.id where contacts0_.group_id=?
Hibernate: select contacts0_.group_id as group_id2_0_0_, contacts0_.id as id1_0_0_, contactdat1_.id as id1_1_1_, contactdat1_.address as address2_1_1_, contactdat1_.bmonth as bmonth3_1_1_, contactdat1_.byear as byear4_1_1_, contactdat1_.email as email5_1_1_, contactdat1_.email2 as email6_1_1_, contactdat1_.email3 as email7_1_1_, contactdat1_.firstname as firstnam8_1_1_, contactdat1_.home as home9_1_1_, contactdat1_.lastname as lastnam10_1_1_, contactdat1_.middlename as middlen11_1_1_, contactdat1_.mobile as mobile12_1_1_, contactdat1_.photo as photo13_1_1_, contactdat1_.work as work14_1_1_ from address_in_groups contacts0_ inner join addressbook contactdat1_ on contacts0_.id=contactdat1_.id where contacts0_.group_id=?
Hibernate: select contacts0_.group_id as group_id2_0_0_, contacts0_.id as id1_0_0_, contactdat1_.id as id1_1_1_, contactdat1_.address as address2_1_1_, contactdat1_.bmonth as bmonth3_1_1_, contactdat1_.byear as byear4_1_1_, contactdat1_.email as email5_1_1_, contactdat1_.email2 as email6_1_1_, contactdat1_.email3 as email7_1_1_, contactdat1_.firstname as firstnam8_1_1_, contactdat1_.home as home9_1_1_, contactdat1_.lastname as lastnam10_1_1_, contactdat1_.middlename as middlen11_1_1_, contactdat1_.mobile as mobile12_1_1_, contactdat1_.photo as photo13_1_1_, contactdat1_.work as work14_1_1_ from address_in_groups contacts0_ inner join addressbook contactdat1_ on contacts0_.id=contactdat1_.id where contacts0_.group_id=?
Hibernate: select contacts0_.group_id as group_id2_0_0_, contacts0_.id as id1_0_0_, contactdat1_.id as id1_1_1_, contactdat1_.address as address2_1_1_, contactdat1_.bmonth as bmonth3_1_1_, contactdat1_.byear as byear4_1_1_, contactdat1_.email as email5_1_1_, contactdat1_.email2 as email6_1_1_, contactdat1_.email3 as email7_1_1_, contactdat1_.firstname as firstnam8_1_1_, contactdat1_.home as home9_1_1_, contactdat1_.lastname as lastnam10_1_1_, contactdat1_.middlename as middlen11_1_1_, contactdat1_.mobile as mobile12_1_1_, contactdat1_.photo as photo13_1_1_, contactdat1_.work as work14_1_1_ from address_in_groups contacts0_ inner join addressbook contactdat1_ on contacts0_.id=contactdat1_.id where contacts0_.group_id=?
Hibernate: select contacts0_.group_id as group_id2_0_0_, contacts0_.id as id1_0_0_, contactdat1_.id as id1_1_1_, contactdat1_.address as address2_1_1_, contactdat1_.bmonth as bmonth3_1_1_, contactdat1_.byear as byear4_1_1_, contactdat1_.email as email5_1_1_, contactdat1_.email2 as email6_1_1_, contactdat1_.email3 as email7_1_1_, contactdat1_.firstname as firstnam8_1_1_, contactdat1_.home as home9_1_1_, contactdat1_.lastname as lastnam10_1_1_, contactdat1_.middlename as middlen11_1_1_, contactdat1_.mobile as mobile12_1_1_, contactdat1_.photo as photo13_1_1_, contactdat1_.work as work14_1_1_ from address_in_groups contacts0_ inner join addressbook contactdat1_ on contacts0_.id=contactdat1_.id where contacts0_.group_id=?
Hibernate: select contacts0_.group_id as group_id2_0_0_, contacts0_.id as id1_0_0_, contactdat1_.id as id1_1_1_, contactdat1_.address as address2_1_1_, contactdat1_.bmonth as bmonth3_1_1_, contactdat1_.byear as byear4_1_1_, contactdat1_.email as email5_1_1_, contactdat1_.email2 as email6_1_1_, contactdat1_.email3 as email7_1_1_, contactdat1_.firstname as firstnam8_1_1_, contactdat1_.home as home9_1_1_, contactdat1_.lastname as lastnam10_1_1_, contactdat1_.middlename as middlen11_1_1_, contactdat1_.mobile as mobile12_1_1_, contactdat1_.photo as photo13_1_1_, contactdat1_.work as work14_1_1_ from address_in_groups contacts0_ inner join addressbook contactdat1_ on contacts0_.id=contactdat1_.id where contacts0_.group_id=?
Hibernate: select contacts0_.group_id as group_id2_0_0_, contacts0_.id as id1_0_0_, contactdat1_.id as id1_1_1_, contactdat1_.address as address2_1_1_, contactdat1_.bmonth as bmonth3_1_1_, contactdat1_.byear as byear4_1_1_, contactdat1_.email as email5_1_1_, contactdat1_.email2 as email6_1_1_, contactdat1_.email3 as email7_1_1_, contactdat1_.firstname as firstnam8_1_1_, contactdat1_.home as home9_1_1_, contactdat1_.lastname as lastnam10_1_1_, contactdat1_.middlename as middlen11_1_1_, contactdat1_.mobile as mobile12_1_1_, contactdat1_.photo as photo13_1_1_, contactdat1_.work as work14_1_1_ from address_in_groups contacts0_ inner join addressbook contactdat1_ on contacts0_.id=contactdat1_.id where contacts0_.group_id=?
Hibernate: select contacts0_.group_id as group_id2_0_0_, contacts0_.id as id1_0_0_, contactdat1_.id as id1_1_1_, contactdat1_.address as address2_1_1_, contactdat1_.bmonth as bmonth3_1_1_, contactdat1_.byear as byear4_1_1_, contactdat1_.email as email5_1_1_, contactdat1_.email2 as email6_1_1_, contactdat1_.email3 as email7_1_1_, contactdat1_.firstname as firstnam8_1_1_, contactdat1_.home as home9_1_1_, contactdat1_.lastname as lastnam10_1_1_, contactdat1_.middlename as middlen11_1_1_, contactdat1_.mobile as mobile12_1_1_, contactdat1_.photo as photo13_1_1_, contactdat1_.work as work14_1_1_ from address_in_groups contacts0_ inner join addressbook contactdat1_ on contacts0_.id=contactdat1_.id where contacts0_.group_id=?
Hibernate: select contacts0_.group_id as group_id2_0_0_, contacts0_.id as id1_0_0_, contactdat1_.id as id1_1_1_, contactdat1_.address as address2_1_1_, contactdat1_.bmonth as bmonth3_1_1_, contactdat1_.byear as byear4_1_1_, contactdat1_.email as email5_1_1_, contactdat1_.email2 as email6_1_1_, contactdat1_.email3 as email7_1_1_, contactdat1_.firstname as firstnam8_1_1_, contactdat1_.home as home9_1_1_, contactdat1_.lastname as lastnam10_1_1_, contactdat1_.middlename as middlen11_1_1_, contactdat1_.mobile as mobile12_1_1_, contactdat1_.photo as photo13_1_1_, contactdat1_.work as work14_1_1_ from address_in_groups contacts0_ inner join addressbook contactdat1_ on contacts0_.id=contactdat1_.id where contacts0_.group_id=?
Hibernate: select contacts0_.group_id as group_id2_0_0_, contacts0_.id as id1_0_0_, contactdat1_.id as id1_1_1_, contactdat1_.address as address2_1_1_, contactdat1_.bmonth as bmonth3_1_1_, contactdat1_.byear as byear4_1_1_, contactdat1_.email as email5_1_1_, contactdat1_.email2 as email6_1_1_, contactdat1_.email3 as email7_1_1_, contactdat1_.firstname as firstnam8_1_1_, contactdat1_.home as home9_1_1_, contactdat1_.lastname as lastnam10_1_1_, contactdat1_.middlename as middlen11_1_1_, contactdat1_.mobile as mobile12_1_1_, contactdat1_.photo as photo13_1_1_, contactdat1_.work as work14_1_1_ from address_in_groups contacts0_ inner join addressbook contactdat1_ on contacts0_.id=contactdat1_.id where contacts0_.group_id=?
Hibernate: select contacts0_.group_id as group_id2_0_0_, contacts0_.id as id1_0_0_, contactdat1_.id as id1_1_1_, contactdat1_.address as address2_1_1_, contactdat1_.bmonth as bmonth3_1_1_, contactdat1_.byear as byear4_1_1_, contactdat1_.email as email5_1_1_, contactdat1_.email2 as email6_1_1_, contactdat1_.email3 as email7_1_1_, contactdat1_.firstname as firstnam8_1_1_, contactdat1_.home as home9_1_1_, contactdat1_.lastname as lastnam10_1_1_, contactdat1_.middlename as middlen11_1_1_, contactdat1_.mobile as mobile12_1_1_, contactdat1_.photo as photo13_1_1_, contactdat1_.work as work14_1_1_ from address_in_groups contacts0_ inner join addressbook contactdat1_ on contacts0_.id=contactdat1_.id where contacts0_.group_id=?
Hibernate: select contacts0_.group_id as group_id2_0_0_, contacts0_.id as id1_0_0_, contactdat1_.id as id1_1_1_, contactdat1_.address as address2_1_1_, contactdat1_.bmonth as bmonth3_1_1_, contactdat1_.byear as byear4_1_1_, contactdat1_.email as email5_1_1_, contactdat1_.email2 as email6_1_1_, contactdat1_.email3 as email7_1_1_, contactdat1_.firstname as firstnam8_1_1_, contactdat1_.home as home9_1_1_, contactdat1_.lastname as lastnam10_1_1_, contactdat1_.middlename as middlen11_1_1_, contactdat1_.mobile as mobile12_1_1_, contactdat1_.photo as photo13_1_1_, contactdat1_.work as work14_1_1_ from address_in_groups contacts0_ inner join addressbook contactdat1_ on contacts0_.id=contactdat1_.id where contacts0_.group_id=?
Hibernate: select contacts0_.group_id as group_id2_0_0_, contacts0_.id as id1_0_0_, contactdat1_.id as id1_1_1_, contactdat1_.address as address2_1_1_, contactdat1_.bmonth as bmonth3_1_1_, contactdat1_.byear as byear4_1_1_, contactdat1_.email as email5_1_1_, contactdat1_.email2 as email6_1_1_, contactdat1_.email3 as email7_1_1_, contactdat1_.firstname as firstnam8_1_1_, contactdat1_.home as home9_1_1_, contactdat1_.lastname as lastnam10_1_1_, contactdat1_.middlename as middlen11_1_1_, contactdat1_.mobile as mobile12_1_1_, contactdat1_.photo as photo13_1_1_, contactdat1_.work as work14_1_1_ from address_in_groups contacts0_ inner join addressbook contactdat1_ on contacts0_.id=contactdat1_.id where contacts0_.group_id=?
Hibernate: select contacts0_.group_id as group_id2_0_0_, contacts0_.id as id1_0_0_, contactdat1_.id as id1_1_1_, contactdat1_.address as address2_1_1_, contactdat1_.bmonth as bmonth3_1_1_, contactdat1_.byear as byear4_1_1_, contactdat1_.email as email5_1_1_, contactdat1_.email2 as email6_1_1_, contactdat1_.email3 as email7_1_1_, contactdat1_.firstname as firstnam8_1_1_, contactdat1_.home as home9_1_1_, contactdat1_.lastname as lastnam10_1_1_, contactdat1_.middlename as middlen11_1_1_, contactdat1_.mobile as mobile12_1_1_, contactdat1_.photo as photo13_1_1_, contactdat1_.work as work14_1_1_ from address_in_groups contacts0_ inner join addressbook contactdat1_ on contacts0_.id=contactdat1_.id where contacts0_.group_id=?
Hibernate: select contacts0_.group_id as group_id2_0_0_, contacts0_.id as id1_0_0_, contactdat1_.id as id1_1_1_, contactdat1_.address as address2_1_1_, contactdat1_.bmonth as bmonth3_1_1_, contactdat1_.byear as byear4_1_1_, contactdat1_.email as email5_1_1_, contactdat1_.email2 as email6_1_1_, contactdat1_.email3 as email7_1_1_, contactdat1_.firstname as firstnam8_1_1_, contactdat1_.home as home9_1_1_, contactdat1_.lastname as lastnam10_1_1_, contactdat1_.middlename as middlen11_1_1_, contactdat1_.mobile as mobile12_1_1_, contactdat1_.photo as photo13_1_1_, contactdat1_.work as work14_1_1_ from address_in_groups contacts0_ inner join addressbook contactdat1_ on contacts0_.id=contactdat1_.id where contacts0_.group_id=?
Hibernate: select contacts0_.group_id as group_id2_0_0_, contacts0_.id as id1_0_0_, contactdat1_.id as id1_1_1_, contactdat1_.address as address2_1_1_, contactdat1_.bmonth as bmonth3_1_1_, contactdat1_.byear as byear4_1_1_, contactdat1_.email as email5_1_1_, contactdat1_.email2 as email6_1_1_, contactdat1_.email3 as email7_1_1_, contactdat1_.firstname as firstnam8_1_1_, contactdat1_.home as home9_1_1_, contactdat1_.lastname as lastnam10_1_1_, contactdat1_.middlename as middlen11_1_1_, contactdat1_.mobile as mobile12_1_1_, contactdat1_.photo as photo13_1_1_, contactdat1_.work as work14_1_1_ from address_in_groups contacts0_ inner join addressbook contactdat1_ on contacts0_.id=contactdat1_.id where contacts0_.group_id=?
Hibernate: select contacts0_.group_id as group_id2_0_0_, contacts0_.id as id1_0_0_, contactdat1_.id as id1_1_1_, contactdat1_.address as address2_1_1_, contactdat1_.bmonth as bmonth3_1_1_, contactdat1_.byear as byear4_1_1_, contactdat1_.email as email5_1_1_, contactdat1_.email2 as email6_1_1_, contactdat1_.email3 as email7_1_1_, contactdat1_.firstname as firstnam8_1_1_, contactdat1_.home as home9_1_1_, contactdat1_.lastname as lastnam10_1_1_, contactdat1_.middlename as middlen11_1_1_, contactdat1_.mobile as mobile12_1_1_, contactdat1_.photo as photo13_1_1_, contactdat1_.work as work14_1_1_ from address_in_groups contacts0_ inner join addressbook contactdat1_ on contacts0_.id=contactdat1_.id where contacts0_.group_id=?
Hibernate: select contacts0_.group_id as group_id2_0_0_, contacts0_.id as id1_0_0_, contactdat1_.id as id1_1_1_, contactdat1_.address as address2_1_1_, contactdat1_.bmonth as bmonth3_1_1_, contactdat1_.byear as byear4_1_1_, contactdat1_.email as email5_1_1_, contactdat1_.email2 as email6_1_1_, contactdat1_.email3 as email7_1_1_, contactdat1_.firstname as firstnam8_1_1_, contactdat1_.home as home9_1_1_, contactdat1_.lastname as lastnam10_1_1_, contactdat1_.middlename as middlen11_1_1_, contactdat1_.mobile as mobile12_1_1_, contactdat1_.photo as photo13_1_1_, contactdat1_.work as work14_1_1_ from address_in_groups contacts0_ inner join addressbook contactdat1_ on contacts0_.id=contactdat1_.id where contacts0_.group_id=?
Hibernate: select contacts0_.group_id as group_id2_0_0_, contacts0_.id as id1_0_0_, contactdat1_.id as id1_1_1_, contactdat1_.address as address2_1_1_, contactdat1_.bmonth as bmonth3_1_1_, contactdat1_.byear as byear4_1_1_, contactdat1_.email as email5_1_1_, contactdat1_.email2 as email6_1_1_, contactdat1_.email3 as email7_1_1_, contactdat1_.firstname as firstnam8_1_1_, contactdat1_.home as home9_1_1_, contactdat1_.lastname as lastnam10_1_1_, contactdat1_.middlename as middlen11_1_1_, contactdat1_.mobile as mobile12_1_1_, contactdat1_.photo as photo13_1_1_, contactdat1_.work as work14_1_1_ from address_in_groups contacts0_ inner join addressbook contactdat1_ on contacts0_.id=contactdat1_.id where contacts0_.group_id=?
Hibernate: select contacts0_.group_id as group_id2_0_0_, contacts0_.id as id1_0_0_, contactdat1_.id as id1_1_1_, contactdat1_.address as address2_1_1_, contactdat1_.bmonth as bmonth3_1_1_, contactdat1_.byear as byear4_1_1_, contactdat1_.email as email5_1_1_, contactdat1_.email2 as email6_1_1_, contactdat1_.email3 as email7_1_1_, contactdat1_.firstname as firstnam8_1_1_, contactdat1_.home as home9_1_1_, contactdat1_.lastname as lastnam10_1_1_, contactdat1_.middlename as middlen11_1_1_, contactdat1_.mobile as mobile12_1_1_, contactdat1_.photo as photo13_1_1_, contactdat1_.work as work14_1_1_ from address_in_groups contacts0_ inner join addressbook contactdat1_ on contacts0_.id=contactdat1_.id where contacts0_.group_id=?
Hibernate: select contacts0_.group_id as group_id2_0_0_, contacts0_.id as id1_0_0_, contactdat1_.id as id1_1_1_, contactdat1_.address as address2_1_1_, contactdat1_.bmonth as bmonth3_1_1_, contactdat1_.byear as byear4_1_1_, contactdat1_.email as email5_1_1_, contactdat1_.email2 as email6_1_1_, contactdat1_.email3 as email7_1_1_, contactdat1_.firstname as firstnam8_1_1_, contactdat1_.home as home9_1_1_, contactdat1_.lastname as lastnam10_1_1_, contactdat1_.middlename as middlen11_1_1_, contactdat1_.mobile as mobile12_1_1_, contactdat1_.photo as photo13_1_1_, contactdat1_.work as work14_1_1_ from address_in_groups contacts0_ inner join addressbook contactdat1_ on contacts0_.id=contactdat1_.id where contacts0_.group_id=?
Hibernate: select contacts0_.group_id as group_id2_0_0_, contacts0_.id as id1_0_0_, contactdat1_.id as id1_1_1_, contactdat1_.address as address2_1_1_, contactdat1_.bmonth as bmonth3_1_1_, contactdat1_.byear as byear4_1_1_, contactdat1_.email as email5_1_1_, contactdat1_.email2 as email6_1_1_, contactdat1_.email3 as email7_1_1_, contactdat1_.firstname as firstnam8_1_1_, contactdat1_.home as home9_1_1_, contactdat1_.lastname as lastnam10_1_1_, contactdat1_.middlename as middlen11_1_1_, contactdat1_.mobile as mobile12_1_1_, contactdat1_.photo as photo13_1_1_, contactdat1_.work as work14_1_1_ from address_in_groups contacts0_ inner join addressbook contactdat1_ on contacts0_.id=contactdat1_.id where contacts0_.group_id=?
Hibernate: select contacts0_.group_id as group_id2_0_0_, contacts0_.id as id1_0_0_, contactdat1_.id as id1_1_1_, contactdat1_.address as address2_1_1_, contactdat1_.bmonth as bmonth3_1_1_, contactdat1_.byear as byear4_1_1_, contactdat1_.email as email5_1_1_, contactdat1_.email2 as email6_1_1_, contactdat1_.email3 as email7_1_1_, contactdat1_.firstname as firstnam8_1_1_, contactdat1_.home as home9_1_1_, contactdat1_.lastname as lastnam10_1_1_, contactdat1_.middlename as middlen11_1_1_, contactdat1_.mobile as mobile12_1_1_, contactdat1_.photo as photo13_1_1_, contactdat1_.work as work14_1_1_ from address_in_groups contacts0_ inner join addressbook contactdat1_ on contacts0_.id=contactdat1_.id where contacts0_.group_id=?
Hibernate: select contacts0_.group_id as group_id2_0_0_, contacts0_.id as id1_0_0_, contactdat1_.id as id1_1_1_, contactdat1_.address as address2_1_1_, contactdat1_.bmonth as bmonth3_1_1_, contactdat1_.byear as byear4_1_1_, contactdat1_.email as email5_1_1_, contactdat1_.email2 as email6_1_1_, contactdat1_.email3 as email7_1_1_, contactdat1_.firstname as firstnam8_1_1_, contactdat1_.home as home9_1_1_, contactdat1_.lastname as lastnam10_1_1_, contactdat1_.middlename as middlen11_1_1_, contactdat1_.mobile as mobile12_1_1_, contactdat1_.photo as photo13_1_1_, contactdat1_.work as work14_1_1_ from address_in_groups contacts0_ inner join addressbook contactdat1_ on contacts0_.id=contactdat1_.id where contacts0_.group_id=?
Hibernate: select contacts0_.group_id as group_id2_0_0_, contacts0_.id as id1_0_0_, contactdat1_.id as id1_1_1_, contactdat1_.address as address2_1_1_, contactdat1_.bmonth as bmonth3_1_1_, contactdat1_.byear as byear4_1_1_, contactdat1_.email as email5_1_1_, contactdat1_.email2 as email6_1_1_, contactdat1_.email3 as email7_1_1_, contactdat1_.firstname as firstnam8_1_1_, contactdat1_.home as home9_1_1_, contactdat1_.lastname as lastnam10_1_1_, contactdat1_.middlename as middlen11_1_1_, contactdat1_.mobile as mobile12_1_1_, contactdat1_.photo as photo13_1_1_, contactdat1_.work as work14_1_1_ from address_in_groups contacts0_ inner join addressbook contactdat1_ on contacts0_.id=contactdat1_.id where contacts0_.group_id=?
Hibernate: select contacts0_.group_id as group_id2_0_0_, contacts0_.id as id1_0_0_, contactdat1_.id as id1_1_1_, contactdat1_.address as address2_1_1_, contactdat1_.bmonth as bmonth3_1_1_, contactdat1_.byear as byear4_1_1_, contactdat1_.email as email5_1_1_, contactdat1_.email2 as email6_1_1_, contactdat1_.email3 as email7_1_1_, contactdat1_.firstname as firstnam8_1_1_, contactdat1_.home as home9_1_1_, contactdat1_.lastname as lastnam10_1_1_, contactdat1_.middlename as middlen11_1_1_, contactdat1_.mobile as mobile12_1_1_, contactdat1_.photo as photo13_1_1_, contactdat1_.work as work14_1_1_ from address_in_groups contacts0_ inner join addressbook contactdat1_ on contacts0_.id=contactdat1_.id where contacts0_.group_id=?
Hibernate: select contacts0_.group_id as group_id2_0_0_, contacts0_.id as id1_0_0_, contactdat1_.id as id1_1_1_, contactdat1_.address as address2_1_1_, contactdat1_.bmonth as bmonth3_1_1_, contactdat1_.byear as byear4_1_1_, contactdat1_.email as email5_1_1_, contactdat1_.email2 as email6_1_1_, contactdat1_.email3 as email7_1_1_, contactdat1_.firstname as firstnam8_1_1_, contactdat1_.home as home9_1_1_, contactdat1_.lastname as lastnam10_1_1_, contactdat1_.middlename as middlen11_1_1_, contactdat1_.mobile as mobile12_1_1_, contactdat1_.photo as photo13_1_1_, contactdat1_.work as work14_1_1_ from address_in_groups contacts0_ inner join addressbook contactdat1_ on contacts0_.id=contactdat1_.id where contacts0_.group_id=?
Hibernate: select contacts0_.group_id as group_id2_0_0_, contacts0_.id as id1_0_0_, contactdat1_.id as id1_1_1_, contactdat1_.address as address2_1_1_, contactdat1_.bmonth as bmonth3_1_1_, contactdat1_.byear as byear4_1_1_, contactdat1_.email as email5_1_1_, contactdat1_.email2 as email6_1_1_, contactdat1_.email3 as email7_1_1_, contactdat1_.firstname as firstnam8_1_1_, contactdat1_.home as home9_1_1_, contactdat1_.lastname as lastnam10_1_1_, contactdat1_.middlename as middlen11_1_1_, contactdat1_.mobile as mobile12_1_1_, contactdat1_.photo as photo13_1_1_, contactdat1_.work as work14_1_1_ from address_in_groups contacts0_ inner join addressbook contactdat1_ on contacts0_.id=contactdat1_.id where contacts0_.group_id=?
Hibernate: select contacts0_.group_id as group_id2_0_0_, contacts0_.id as id1_0_0_, contactdat1_.id as id1_1_1_, contactdat1_.address as address2_1_1_, contactdat1_.bmonth as bmonth3_1_1_, contactdat1_.byear as byear4_1_1_, contactdat1_.email as email5_1_1_, contactdat1_.email2 as email6_1_1_, contactdat1_.email3 as email7_1_1_, contactdat1_.firstname as firstnam8_1_1_, contactdat1_.home as home9_1_1_, contactdat1_.lastname as lastnam10_1_1_, contactdat1_.middlename as middlen11_1_1_, contactdat1_.mobile as mobile12_1_1_, contactdat1_.photo as photo13_1_1_, contactdat1_.work as work14_1_1_ from address_in_groups contacts0_ inner join addressbook contactdat1_ on contacts0_.id=contactdat1_.id where contacts0_.group_id=?
Hibernate: select contacts0_.group_id as group_id2_0_0_, contacts0_.id as id1_0_0_, contactdat1_.id as id1_1_1_, contactdat1_.address as address2_1_1_, contactdat1_.bmonth as bmonth3_1_1_, contactdat1_.byear as byear4_1_1_, contactdat1_.email as email5_1_1_, contactdat1_.email2 as email6_1_1_, contactdat1_.email3 as email7_1_1_, contactdat1_.firstname as firstnam8_1_1_, contactdat1_.home as home9_1_1_, contactdat1_.lastname as lastnam10_1_1_, contactdat1_.middlename as middlen11_1_1_, contactdat1_.mobile as mobile12_1_1_, contactdat1_.photo as photo13_1_1_, contactdat1_.work as work14_1_1_ from address_in_groups contacts0_ inner join addressbook contactdat1_ on contacts0_.id=contactdat1_.id where contacts0_.group_id=?
Hibernate: select contacts0_.group_id as group_id2_0_0_, contacts0_.id as id1_0_0_, contactdat1_.id as id1_1_1_, contactdat1_.address as address2_1_1_, contactdat1_.bmonth as bmonth3_1_1_, contactdat1_.byear as byear4_1_1_, contactdat1_.email as email5_1_1_, contactdat1_.email2 as email6_1_1_, contactdat1_.email3 as email7_1_1_, contactdat1_.firstname as firstnam8_1_1_, contactdat1_.home as home9_1_1_, contactdat1_.lastname as lastnam10_1_1_, contactdat1_.middlename as middlen11_1_1_, contactdat1_.mobile as mobile12_1_1_, contactdat1_.photo as photo13_1_1_, contactdat1_.work as work14_1_1_ from address_in_groups contacts0_ inner join addressbook contactdat1_ on contacts0_.id=contactdat1_.id where contacts0_.group_id=?
Hibernate: select contacts0_.group_id as group_id2_0_0_, contacts0_.id as id1_0_0_, contactdat1_.id as id1_1_1_, contactdat1_.address as address2_1_1_, contactdat1_.bmonth as bmonth3_1_1_, contactdat1_.byear as byear4_1_1_, contactdat1_.email as email5_1_1_, contactdat1_.email2 as email6_1_1_, contactdat1_.email3 as email7_1_1_, contactdat1_.firstname as firstnam8_1_1_, contactdat1_.home as home9_1_1_, contactdat1_.lastname as lastnam10_1_1_, contactdat1_.middlename as middlen11_1_1_, contactdat1_.mobile as mobile12_1_1_, contactdat1_.photo as photo13_1_1_, contactdat1_.work as work14_1_1_ from address_in_groups contacts0_ inner join addressbook contactdat1_ on contacts0_.id=contactdat1_.id where contacts0_.group_id=?
Hibernate: select contacts0_.group_id as group_id2_0_0_, contacts0_.id as id1_0_0_, contactdat1_.id as id1_1_1_, contactdat1_.address as address2_1_1_, contactdat1_.bmonth as bmonth3_1_1_, contactdat1_.byear as byear4_1_1_, contactdat1_.email as email5_1_1_, contactdat1_.email2 as email6_1_1_, contactdat1_.email3 as email7_1_1_, contactdat1_.firstname as firstnam8_1_1_, contactdat1_.home as home9_1_1_, contactdat1_.lastname as lastnam10_1_1_, contactdat1_.middlename as middlen11_1_1_, contactdat1_.mobile as mobile12_1_1_, contactdat1_.photo as photo13_1_1_, contactdat1_.work as work14_1_1_ from address_in_groups contacts0_ inner join addressbook contactdat1_ on contacts0_.id=contactdat1_.id where contacts0_.group_id=?
Hibernate: select contacts0_.group_id as group_id2_0_0_, contacts0_.id as id1_0_0_, contactdat1_.id as id1_1_1_, contactdat1_.address as address2_1_1_, contactdat1_.bmonth as bmonth3_1_1_, contactdat1_.byear as byear4_1_1_, contactdat1_.email as email5_1_1_, contactdat1_.email2 as email6_1_1_, contactdat1_.email3 as email7_1_1_, contactdat1_.firstname as firstnam8_1_1_, contactdat1_.home as home9_1_1_, contactdat1_.lastname as lastnam10_1_1_, contactdat1_.middlename as middlen11_1_1_, contactdat1_.mobile as mobile12_1_1_, contactdat1_.photo as photo13_1_1_, contactdat1_.work as work14_1_1_ from address_in_groups contacts0_ inner join addressbook contactdat1_ on contacts0_.id=contactdat1_.id where contacts0_.group_id=?
Hibernate: select contacts0_.group_id as group_id2_0_0_, contacts0_.id as id1_0_0_, contactdat1_.id as id1_1_1_, contactdat1_.address as address2_1_1_, contactdat1_.bmonth as bmonth3_1_1_, contactdat1_.byear as byear4_1_1_, contactdat1_.email as email5_1_1_, contactdat1_.email2 as email6_1_1_, contactdat1_.email3 as email7_1_1_, contactdat1_.firstname as firstnam8_1_1_, contactdat1_.home as home9_1_1_, contactdat1_.lastname as lastnam10_1_1_, contactdat1_.middlename as middlen11_1_1_, contactdat1_.mobile as mobile12_1_1_, contactdat1_.photo as photo13_1_1_, contactdat1_.work as work14_1_1_ from address_in_groups contacts0_ inner join addressbook contactdat1_ on contacts0_.id=contactdat1_.id where contacts0_.group_id=?
Hibernate: select contacts0_.group_id as group_id2_0_0_, contacts0_.id as id1_0_0_, contactdat1_.id as id1_1_1_, contactdat1_.address as address2_1_1_, contactdat1_.bmonth as bmonth3_1_1_, contactdat1_.byear as byear4_1_1_, contactdat1_.email as email5_1_1_, contactdat1_.email2 as email6_1_1_, contactdat1_.email3 as email7_1_1_, contactdat1_.firstname as firstnam8_1_1_, contactdat1_.home as home9_1_1_, contactdat1_.lastname as lastnam10_1_1_, contactdat1_.middlename as middlen11_1_1_, contactdat1_.mobile as mobile12_1_1_, contactdat1_.photo as photo13_1_1_, contactdat1_.work as work14_1_1_ from address_in_groups contacts0_ inner join addressbook contactdat1_ on contacts0_.id=contactdat1_.id where contacts0_.group_id=?
Hibernate: select contacts0_.group_id as group_id2_0_0_, contacts0_.id as id1_0_0_, contactdat1_.id as id1_1_1_, contactdat1_.address as address2_1_1_, contactdat1_.bmonth as bmonth3_1_1_, contactdat1_.byear as byear4_1_1_, contactdat1_.email as email5_1_1_, contactdat1_.email2 as email6_1_1_, contactdat1_.email3 as email7_1_1_, contactdat1_.firstname as firstnam8_1_1_, contactdat1_.home as home9_1_1_, contactdat1_.lastname as lastnam10_1_1_, contactdat1_.middlename as middlen11_1_1_, contactdat1_.mobile as mobile12_1_1_, contactdat1_.photo as photo13_1_1_, contactdat1_.work as work14_1_1_ from address_in_groups contacts0_ inner join addressbook contactdat1_ on contacts0_.id=contactdat1_.id where contacts0_.group_id=?
Hibernate: select contacts0_.group_id as group_id2_0_0_, contacts0_.id as id1_0_0_, contactdat1_.id as id1_1_1_, contactdat1_.address as address2_1_1_, contactdat1_.bmonth as bmonth3_1_1_, contactdat1_.byear as byear4_1_1_, contactdat1_.email as email5_1_1_, contactdat1_.email2 as email6_1_1_, contactdat1_.email3 as email7_1_1_, contactdat1_.firstname as firstnam8_1_1_, contactdat1_.home as home9_1_1_, contactdat1_.lastname as lastnam10_1_1_, contactdat1_.middlename as middlen11_1_1_, contactdat1_.mobile as mobile12_1_1_, contactdat1_.photo as photo13_1_1_, contactdat1_.work as work14_1_1_ from address_in_groups contacts0_ inner join addressbook contactdat1_ on contacts0_.id=contactdat1_.id where contacts0_.group_id=?
Hibernate: select contacts0_.group_id as group_id2_0_0_, contacts0_.id as id1_0_0_, contactdat1_.id as id1_1_1_, contactdat1_.address as address2_1_1_, contactdat1_.bmonth as bmonth3_1_1_, contactdat1_.byear as byear4_1_1_, contactdat1_.email as email5_1_1_, contactdat1_.email2 as email6_1_1_, contactdat1_.email3 as email7_1_1_, contactdat1_.firstname as firstnam8_1_1_, contactdat1_.home as home9_1_1_, contactdat1_.lastname as lastnam10_1_1_, contactdat1_.middlename as middlen11_1_1_, contactdat1_.mobile as mobile12_1_1_, contactdat1_.photo as photo13_1_1_, contactdat1_.work as work14_1_1_ from address_in_groups contacts0_ inner join addressbook contactdat1_ on contacts0_.id=contactdat1_.id where contacts0_.group_id=?
Hibernate: select contacts0_.group_id as group_id2_0_0_, contacts0_.id as id1_0_0_, contactdat1_.id as id1_1_1_, contactdat1_.address as address2_1_1_, contactdat1_.bmonth as bmonth3_1_1_, contactdat1_.byear as byear4_1_1_, contactdat1_.email as email5_1_1_, contactdat1_.email2 as email6_1_1_, contactdat1_.email3 as email7_1_1_, contactdat1_.firstname as firstnam8_1_1_, contactdat1_.home as home9_1_1_, contactdat1_.lastname as lastnam10_1_1_, contactdat1_.middlename as middlen11_1_1_, contactdat1_.mobile as mobile12_1_1_, contactdat1_.photo as photo13_1_1_, contactdat1_.work as work14_1_1_ from address_in_groups contacts0_ inner join addressbook contactdat1_ on contacts0_.id=contactdat1_.id where contacts0_.group_id=?
Hibernate: select contacts0_.group_id as group_id2_0_0_, contacts0_.id as id1_0_0_, contactdat1_.id as id1_1_1_, contactdat1_.address as address2_1_1_, contactdat1_.bmonth as bmonth3_1_1_, contactdat1_.byear as byear4_1_1_, contactdat1_.email as email5_1_1_, contactdat1_.email2 as email6_1_1_, contactdat1_.email3 as email7_1_1_, contactdat1_.firstname as firstnam8_1_1_, contactdat1_.home as home9_1_1_, contactdat1_.lastname as lastnam10_1_1_, contactdat1_.middlename as middlen11_1_1_, contactdat1_.mobile as mobile12_1_1_, contactdat1_.photo as photo13_1_1_, contactdat1_.work as work14_1_1_ from address_in_groups contacts0_ inner join addressbook contactdat1_ on contacts0_.id=contactdat1_.id where contacts0_.group_id=?
Hibernate: select contacts0_.group_id as group_id2_0_0_, contacts0_.id as id1_0_0_, contactdat1_.id as id1_1_1_, contactdat1_.address as address2_1_1_, contactdat1_.bmonth as bmonth3_1_1_, contactdat1_.byear as byear4_1_1_, contactdat1_.email as email5_1_1_, contactdat1_.email2 as email6_1_1_, contactdat1_.email3 as email7_1_1_, contactdat1_.firstname as firstnam8_1_1_, contactdat1_.home as home9_1_1_, contactdat1_.lastname as lastnam10_1_1_, contactdat1_.middlename as middlen11_1_1_, contactdat1_.mobile as mobile12_1_1_, contactdat1_.photo as photo13_1_1_, contactdat1_.work as work14_1_1_ from address_in_groups contacts0_ inner join addressbook contactdat1_ on contacts0_.id=contactdat1_.id where contacts0_.group_id=?
Hibernate: select contacts0_.group_id as group_id2_0_0_, contacts0_.id as id1_0_0_, contactdat1_.id as id1_1_1_, contactdat1_.address as address2_1_1_, contactdat1_.bmonth as bmonth3_1_1_, contactdat1_.byear as byear4_1_1_, contactdat1_.email as email5_1_1_, contactdat1_.email2 as email6_1_1_, contactdat1_.email3 as email7_1_1_, contactdat1_.firstname as firstnam8_1_1_, contactdat1_.home as home9_1_1_, contactdat1_.lastname as lastnam10_1_1_, contactdat1_.middlename as middlen11_1_1_, contactdat1_.mobile as mobile12_1_1_, contactdat1_.photo as photo13_1_1_, contactdat1_.work as work14_1_1_ from address_in_groups contacts0_ inner join addressbook contactdat1_ on contacts0_.id=contactdat1_.id where contacts0_.group_id=?
Hibernate: select contacts0_.group_id as group_id2_0_0_, contacts0_.id as id1_0_0_, contactdat1_.id as id1_1_1_, contactdat1_.address as address2_1_1_, contactdat1_.bmonth as bmonth3_1_1_, contactdat1_.byear as byear4_1_1_, contactdat1_.email as email5_1_1_, contactdat1_.email2 as email6_1_1_, contactdat1_.email3 as email7_1_1_, contactdat1_.firstname as firstnam8_1_1_, contactdat1_.home as home9_1_1_, contactdat1_.lastname as lastnam10_1_1_, contactdat1_.middlename as middlen11_1_1_, contactdat1_.mobile as mobile12_1_1_, contactdat1_.photo as photo13_1_1_, contactdat1_.work as work14_1_1_ from address_in_groups contacts0_ inner join addressbook contactdat1_ on contacts0_.id=contactdat1_.id where contacts0_.group_id=?
Hibernate: select contacts0_.group_id as group_id2_0_0_, contacts0_.id as id1_0_0_, contactdat1_.id as id1_1_1_, contactdat1_.address as address2_1_1_, contactdat1_.bmonth as bmonth3_1_1_, contactdat1_.byear as byear4_1_1_, contactdat1_.email as email5_1_1_, contactdat1_.email2 as email6_1_1_, contactdat1_.email3 as email7_1_1_, contactdat1_.firstname as firstnam8_1_1_, contactdat1_.home as home9_1_1_, contactdat1_.lastname as lastnam10_1_1_, contactdat1_.middlename as middlen11_1_1_, contactdat1_.mobile as mobile12_1_1_, contactdat1_.photo as photo13_1_1_, contactdat1_.work as work14_1_1_ from address_in_groups contacts0_ inner join addressbook contactdat1_ on contacts0_.id=contactdat1_.id where contacts0_.group_id=?
Hibernate: select contacts0_.group_id as group_id2_0_0_, contacts0_.id as id1_0_0_, contactdat1_.id as id1_1_1_, contactdat1_.address as address2_1_1_, contactdat1_.bmonth as bmonth3_1_1_, contactdat1_.byear as byear4_1_1_, contactdat1_.email as email5_1_1_, contactdat1_.email2 as email6_1_1_, contactdat1_.email3 as email7_1_1_, contactdat1_.firstname as firstnam8_1_1_, contactdat1_.home as home9_1_1_, contactdat1_.lastname as lastnam10_1_1_, contactdat1_.middlename as middlen11_1_1_, contactdat1_.mobile as mobile12_1_1_, contactdat1_.photo as photo13_1_1_, contactdat1_.work as work14_1_1_ from address_in_groups contacts0_ inner join addressbook contactdat1_ on contacts0_.id=contactdat1_.id where contacts0_.group_id=?
Hibernate: select contacts0_.group_id as group_id2_0_0_, contacts0_.id as id1_0_0_, contactdat1_.id as id1_1_1_, contactdat1_.address as address2_1_1_, contactdat1_.bmonth as bmonth3_1_1_, contactdat1_.byear as byear4_1_1_, contactdat1_.email as email5_1_1_, contactdat1_.email2 as email6_1_1_, contactdat1_.email3 as email7_1_1_, contactdat1_.firstname as firstnam8_1_1_, contactdat1_.home as home9_1_1_, contactdat1_.lastname as lastnam10_1_1_, contactdat1_.middlename as middlen11_1_1_, contactdat1_.mobile as mobile12_1_1_, contactdat1_.photo as photo13_1_1_, contactdat1_.work as work14_1_1_ from address_in_groups contacts0_ inner join addressbook contactdat1_ on contacts0_.id=contactdat1_.id where contacts0_.group_id=?
Hibernate: select contacts0_.group_id as group_id2_0_0_, contacts0_.id as id1_0_0_, contactdat1_.id as id1_1_1_, contactdat1_.address as address2_1_1_, contactdat1_.bmonth as bmonth3_1_1_, contactdat1_.byear as byear4_1_1_, contactdat1_.email as email5_1_1_, contactdat1_.email2 as email6_1_1_, contactdat1_.email3 as email7_1_1_, contactdat1_.firstname as firstnam8_1_1_, contactdat1_.home as home9_1_1_, contactdat1_.lastname as lastnam10_1_1_, contactdat1_.middlename as middlen11_1_1_, contactdat1_.mobile as mobile12_1_1_, contactdat1_.photo as photo13_1_1_, contactdat1_.work as work14_1_1_ from address_in_groups contacts0_ inner join addressbook contactdat1_ on contacts0_.id=contactdat1_.id where contacts0_.group_id=?
Hibernate: select contacts0_.group_id as group_id2_0_0_, contacts0_.id as id1_0_0_, contactdat1_.id as id1_1_1_, contactdat1_.address as address2_1_1_, contactdat1_.bmonth as bmonth3_1_1_, contactdat1_.byear as byear4_1_1_, contactdat1_.email as email5_1_1_, contactdat1_.email2 as email6_1_1_, contactdat1_.email3 as email7_1_1_, contactdat1_.firstname as firstnam8_1_1_, contactdat1_.home as home9_1_1_, contactdat1_.lastname as lastnam10_1_1_, contactdat1_.middlename as middlen11_1_1_, contactdat1_.mobile as mobile12_1_1_, contactdat1_.photo as photo13_1_1_, contactdat1_.work as work14_1_1_ from address_in_groups contacts0_ inner join addressbook contactdat1_ on contacts0_.id=contactdat1_.id where contacts0_.group_id=?
Hibernate: select contacts0_.group_id as group_id2_0_0_, contacts0_.id as id1_0_0_, contactdat1_.id as id1_1_1_, contactdat1_.address as address2_1_1_, contactdat1_.bmonth as bmonth3_1_1_, contactdat1_.byear as byear4_1_1_, contactdat1_.email as email5_1_1_, contactdat1_.email2 as email6_1_1_, contactdat1_.email3 as email7_1_1_, contactdat1_.firstname as firstnam8_1_1_, contactdat1_.home as home9_1_1_, contactdat1_.lastname as lastnam10_1_1_, contactdat1_.middlename as middlen11_1_1_, contactdat1_.mobile as mobile12_1_1_, contactdat1_.photo as photo13_1_1_, contactdat1_.work as work14_1_1_ from address_in_groups contacts0_ inner join addressbook contactdat1_ on contacts0_.id=contactdat1_.id where contacts0_.group_id=?
Hibernate: select contacts0_.group_id as group_id2_0_0_, contacts0_.id as id1_0_0_, contactdat1_.id as id1_1_1_, contactdat1_.address as address2_1_1_, contactdat1_.bmonth as bmonth3_1_1_, contactdat1_.byear as byear4_1_1_, contactdat1_.email as email5_1_1_, contactdat1_.email2 as email6_1_1_, contactdat1_.email3 as email7_1_1_, contactdat1_.firstname as firstnam8_1_1_, contactdat1_.home as home9_1_1_, contactdat1_.lastname as lastnam10_1_1_, contactdat1_.middlename as middlen11_1_1_, contactdat1_.mobile as mobile12_1_1_, contactdat1_.photo as photo13_1_1_, contactdat1_.work as work14_1_1_ from address_in_groups contacts0_ inner join addressbook contactdat1_ on contacts0_.id=contactdat1_.id where contacts0_.group_id=?
Hibernate: select contacts0_.group_id as group_id2_0_0_, contacts0_.id as id1_0_0_, contactdat1_.id as id1_1_1_, contactdat1_.address as address2_1_1_, contactdat1_.bmonth as bmonth3_1_1_, contactdat1_.byear as byear4_1_1_, contactdat1_.email as email5_1_1_, contactdat1_.email2 as email6_1_1_, contactdat1_.email3 as email7_1_1_, contactdat1_.firstname as firstnam8_1_1_, contactdat1_.home as home9_1_1_, contactdat1_.lastname as lastnam10_1_1_, contactdat1_.middlename as middlen11_1_1_, contactdat1_.mobile as mobile12_1_1_, contactdat1_.photo as photo13_1_1_, contactdat1_.work as work14_1_1_ from address_in_groups contacts0_ inner join addressbook contactdat1_ on contacts0_.id=contactdat1_.id where contacts0_.group_id=?
Hibernate: select contacts0_.group_id as group_id2_0_0_, contacts0_.id as id1_0_0_, contactdat1_.id as id1_1_1_, contactdat1_.address as address2_1_1_, contactdat1_.bmonth as bmonth3_1_1_, contactdat1_.byear as byear4_1_1_, contactdat1_.email as email5_1_1_, contactdat1_.email2 as email6_1_1_, contactdat1_.email3 as email7_1_1_, contactdat1_.firstname as firstnam8_1_1_, contactdat1_.home as home9_1_1_, contactdat1_.lastname as lastnam10_1_1_, contactdat1_.middlename as middlen11_1_1_, contactdat1_.mobile as mobile12_1_1_, contactdat1_.photo as photo13_1_1_, contactdat1_.work as work14_1_1_ from address_in_groups contacts0_ inner join addressbook contactdat1_ on contacts0_.id=contactdat1_.id where contacts0_.group_id=?
Hibernate: select contacts0_.group_id as group_id2_0_0_, contacts0_.id as id1_0_0_, contactdat1_.id as id1_1_1_, contactdat1_.address as address2_1_1_, contactdat1_.bmonth as bmonth3_1_1_, contactdat1_.byear as byear4_1_1_, contactdat1_.email as email5_1_1_, contactdat1_.email2 as email6_1_1_, contactdat1_.email3 as email7_1_1_, contactdat1_.firstname as firstnam8_1_1_, contactdat1_.home as home9_1_1_, contactdat1_.lastname as lastnam10_1_1_, contactdat1_.middlename as middlen11_1_1_, contactdat1_.mobile as mobile12_1_1_, contactdat1_.photo as photo13_1_1_, contactdat1_.work as work14_1_1_ from address_in_groups contacts0_ inner join addressbook contactdat1_ on contacts0_.id=contactdat1_.id where contacts0_.group_id=?
Hibernate: select contacts0_.group_id as group_id2_0_0_, contacts0_.id as id1_0_0_, contactdat1_.id as id1_1_1_, contactdat1_.address as address2_1_1_, contactdat1_.bmonth as bmonth3_1_1_, contactdat1_.byear as byear4_1_1_, contactdat1_.email as email5_1_1_, contactdat1_.email2 as email6_1_1_, contactdat1_.email3 as email7_1_1_, contactdat1_.firstname as firstnam8_1_1_, contactdat1_.home as home9_1_1_, contactdat1_.lastname as lastnam10_1_1_, contactdat1_.middlename as middlen11_1_1_, contactdat1_.mobile as mobile12_1_1_, contactdat1_.photo as photo13_1_1_, contactdat1_.work as work14_1_1_ from address_in_groups contacts0_ inner join addressbook contactdat1_ on contacts0_.id=contactdat1_.id where contacts0_.group_id=?
Hibernate: select contacts0_.group_id as group_id2_0_0_, contacts0_.id as id1_0_0_, contactdat1_.id as id1_1_1_, contactdat1_.address as address2_1_1_, contactdat1_.bmonth as bmonth3_1_1_, contactdat1_.byear as byear4_1_1_, contactdat1_.email as email5_1_1_, contactdat1_.email2 as email6_1_1_, contactdat1_.email3 as email7_1_1_, contactdat1_.firstname as firstnam8_1_1_, contactdat1_.home as home9_1_1_, contactdat1_.lastname as lastnam10_1_1_, contactdat1_.middlename as middlen11_1_1_, contactdat1_.mobile as mobile12_1_1_, contactdat1_.photo as photo13_1_1_, contactdat1_.work as work14_1_1_ from address_in_groups contacts0_ inner join addressbook contactdat1_ on contacts0_.id=contactdat1_.id where contacts0_.group_id=?
Hibernate: select groupdata0_.group_id as group_id1_2_, groupdata0_.group_footer as group_fo2_2_, groupdata0_.group_header as group_he3_2_, groupdata0_.group_name as group_na4_2_ from group_list groupdata0_
Hibernate: select contacts0_.group_id as group_id2_0_0_, contacts0_.id as id1_0_0_, contactdat1_.id as id1_1_1_, contactdat1_.address as address2_1_1_, contactdat1_.bmonth as bmonth3_1_1_, contactdat1_.byear as byear4_1_1_, contactdat1_.email as email5_1_1_, contactdat1_.email2 as email6_1_1_, contactdat1_.email3 as email7_1_1_, contactdat1_.firstname as firstnam8_1_1_, contactdat1_.home as home9_1_1_, contactdat1_.lastname as lastnam10_1_1_, contactdat1_.middlename as middlen11_1_1_, contactdat1_.mobile as mobile12_1_1_, contactdat1_.photo as photo13_1_1_, contactdat1_.work as work14_1_1_ from address_in_groups contacts0_ inner join addressbook contactdat1_ on contacts0_.id=contactdat1_.id where contacts0_.group_id=?
Hibernate: select contacts0_.group_id as group_id2_0_0_, contacts0_.id as id1_0_0_, contactdat1_.id as id1_1_1_, contactdat1_.address as address2_1_1_, contactdat1_.bmonth as bmonth3_1_1_, contactdat1_.byear as byear4_1_1_, contactdat1_.email as email5_1_1_, contactdat1_.email2 as email6_1_1_, contactdat1_.email3 as email7_1_1_, contactdat1_.firstname as firstnam8_1_1_, contactdat1_.home as home9_1_1_, contactdat1_.lastname as lastnam10_1_1_, contactdat1_.middlename as middlen11_1_1_, contactdat1_.mobile as mobile12_1_1_, contactdat1_.photo as photo13_1_1_, contactdat1_.work as work14_1_1_ from address_in_groups contacts0_ inner join addressbook contactdat1_ on contacts0_.id=contactdat1_.id where contacts0_.group_id=?
Hibernate: select contacts0_.group_id as group_id2_0_0_, contacts0_.id as id1_0_0_, contactdat1_.id as id1_1_1_, contactdat1_.address as address2_1_1_, contactdat1_.bmonth as bmonth3_1_1_, contactdat1_.byear as byear4_1_1_, contactdat1_.email as email5_1_1_, contactdat1_.email2 as email6_1_1_, contactdat1_.email3 as email7_1_1_, contactdat1_.firstname as firstnam8_1_1_, contactdat1_.home as home9_1_1_, contactdat1_.lastname as lastnam10_1_1_, contactdat1_.middlename as middlen11_1_1_, contactdat1_.mobile as mobile12_1_1_, contactdat1_.photo as photo13_1_1_, contactdat1_.work as work14_1_1_ from address_in_groups contacts0_ inner join addressbook contactdat1_ on contacts0_.id=contactdat1_.id where contacts0_.group_id=?
Hibernate: select contacts0_.group_id as group_id2_0_0_, contacts0_.id as id1_0_0_, contactdat1_.id as id1_1_1_, contactdat1_.address as address2_1_1_, contactdat1_.bmonth as bmonth3_1_1_, contactdat1_.byear as byear4_1_1_, contactdat1_.email as email5_1_1_, contactdat1_.email2 as email6_1_1_, contactdat1_.email3 as email7_1_1_, contactdat1_.firstname as firstnam8_1_1_, contactdat1_.home as home9_1_1_, contactdat1_.lastname as lastnam10_1_1_, contactdat1_.middlename as middlen11_1_1_, contactdat1_.mobile as mobile12_1_1_, contactdat1_.photo as photo13_1_1_, contactdat1_.work as work14_1_1_ from address_in_groups contacts0_ inner join addressbook contactdat1_ on contacts0_.id=contactdat1_.id where contacts0_.group_id=?
Hibernate: select contacts0_.group_id as group_id2_0_0_, contacts0_.id as id1_0_0_, contactdat1_.id as id1_1_1_, contactdat1_.address as address2_1_1_, contactdat1_.bmonth as bmonth3_1_1_, contactdat1_.byear as byear4_1_1_, contactdat1_.email as email5_1_1_, contactdat1_.email2 as email6_1_1_, contactdat1_.email3 as email7_1_1_, contactdat1_.firstname as firstnam8_1_1_, contactdat1_.home as home9_1_1_, contactdat1_.lastname as lastnam10_1_1_, contactdat1_.middlename as middlen11_1_1_, contactdat1_.mobile as mobile12_1_1_, contactdat1_.photo as photo13_1_1_, contactdat1_.work as work14_1_1_ from address_in_groups contacts0_ inner join addressbook contactdat1_ on contacts0_.id=contactdat1_.id where contacts0_.group_id=?
Hibernate: select contacts0_.group_id as group_id2_0_0_, contacts0_.id as id1_0_0_, contactdat1_.id as id1_1_1_, contactdat1_.address as address2_1_1_, contactdat1_.bmonth as bmonth3_1_1_, contactdat1_.byear as byear4_1_1_, contactdat1_.email as email5_1_1_, contactdat1_.email2 as email6_1_1_, contactdat1_.email3 as email7_1_1_, contactdat1_.firstname as firstnam8_1_1_, contactdat1_.home as home9_1_1_, contactdat1_.lastname as lastnam10_1_1_, contactdat1_.middlename as middlen11_1_1_, contactdat1_.mobile as mobile12_1_1_, contactdat1_.photo as photo13_1_1_, contactdat1_.work as work14_1_1_ from address_in_groups contacts0_ inner join addressbook contactdat1_ on contacts0_.id=contactdat1_.id where contacts0_.group_id=?
Hibernate: select contacts0_.group_id as group_id2_0_0_, contacts0_.id as id1_0_0_, contactdat1_.id as id1_1_1_, contactdat1_.address as address2_1_1_, contactdat1_.bmonth as bmonth3_1_1_, contactdat1_.byear as byear4_1_1_, contactdat1_.email as email5_1_1_, contactdat1_.email2 as email6_1_1_, contactdat1_.email3 as email7_1_1_, contactdat1_.firstname as firstnam8_1_1_, contactdat1_.home as home9_1_1_, contactdat1_.lastname as lastnam10_1_1_, contactdat1_.middlename as middlen11_1_1_, contactdat1_.mobile as mobile12_1_1_, contactdat1_.photo as photo13_1_1_, contactdat1_.work as work14_1_1_ from address_in_groups contacts0_ inner join addressbook contactdat1_ on contacts0_.id=contactdat1_.id where contacts0_.group_id=?
Hibernate: select contacts0_.group_id as group_id2_0_0_, contacts0_.id as id1_0_0_, contactdat1_.id as id1_1_1_, contactdat1_.address as address2_1_1_, contactdat1_.bmonth as bmonth3_1_1_, contactdat1_.byear as byear4_1_1_, contactdat1_.email as email5_1_1_, contactdat1_.email2 as email6_1_1_, contactdat1_.email3 as email7_1_1_, contactdat1_.firstname as firstnam8_1_1_, contactdat1_.home as home9_1_1_, contactdat1_.lastname as lastnam10_1_1_, contactdat1_.middlename as middlen11_1_1_, contactdat1_.mobile as mobile12_1_1_, contactdat1_.photo as photo13_1_1_, contactdat1_.work as work14_1_1_ from address_in_groups contacts0_ inner join addressbook contactdat1_ on contacts0_.id=contactdat1_.id where contacts0_.group_id=?
Hibernate: select contacts0_.group_id as group_id2_0_0_, contacts0_.id as id1_0_0_, contactdat1_.id as id1_1_1_, contactdat1_.address as address2_1_1_, contactdat1_.bmonth as bmonth3_1_1_, contactdat1_.byear as byear4_1_1_, contactdat1_.email as email5_1_1_, contactdat1_.email2 as email6_1_1_, contactdat1_.email3 as email7_1_1_, contactdat1_.firstname as firstnam8_1_1_, contactdat1_.home as home9_1_1_, contactdat1_.lastname as lastnam10_1_1_, contactdat1_.middlename as middlen11_1_1_, contactdat1_.mobile as mobile12_1_1_, contactdat1_.photo as photo13_1_1_, contactdat1_.work as work14_1_1_ from address_in_groups contacts0_ inner join addressbook contactdat1_ on contacts0_.id=contactdat1_.id where contacts0_.group_id=?
Hibernate: select contacts0_.group_id as group_id2_0_0_, contacts0_.id as id1_0_0_, contactdat1_.id as id1_1_1_, contactdat1_.address as address2_1_1_, contactdat1_.bmonth as bmonth3_1_1_, contactdat1_.byear as byear4_1_1_, contactdat1_.email as email5_1_1_, contactdat1_.email2 as email6_1_1_, contactdat1_.email3 as email7_1_1_, contactdat1_.firstname as firstnam8_1_1_, contactdat1_.home as home9_1_1_, contactdat1_.lastname as lastnam10_1_1_, contactdat1_.middlename as middlen11_1_1_, contactdat1_.mobile as mobile12_1_1_, contactdat1_.photo as photo13_1_1_, contactdat1_.work as work14_1_1_ from address_in_groups contacts0_ inner join addressbook contactdat1_ on contacts0_.id=contactdat1_.id where contacts0_.group_id=?
Hibernate: select contacts0_.group_id as group_id2_0_0_, contacts0_.id as id1_0_0_, contactdat1_.id as id1_1_1_, contactdat1_.address as address2_1_1_, contactdat1_.bmonth as bmonth3_1_1_, contactdat1_.byear as byear4_1_1_, contactdat1_.email as email5_1_1_, contactdat1_.email2 as email6_1_1_, contactdat1_.email3 as email7_1_1_, contactdat1_.firstname as firstnam8_1_1_, contactdat1_.home as home9_1_1_, contactdat1_.lastname as lastnam10_1_1_, contactdat1_.middlename as middlen11_1_1_, contactdat1_.mobile as mobile12_1_1_, contactdat1_.photo as photo13_1_1_, contactdat1_.work as work14_1_1_ from address_in_groups contacts0_ inner join addressbook contactdat1_ on contacts0_.id=contactdat1_.id where contacts0_.group_id=?
Hibernate: select contacts0_.group_id as group_id2_0_0_, contacts0_.id as id1_0_0_, contactdat1_.id as id1_1_1_, contactdat1_.address as address2_1_1_, contactdat1_.bmonth as bmonth3_1_1_, contactdat1_.byear as byear4_1_1_, contactdat1_.email as email5_1_1_, contactdat1_.email2 as email6_1_1_, contactdat1_.email3 as email7_1_1_, contactdat1_.firstname as firstnam8_1_1_, contactdat1_.home as home9_1_1_, contactdat1_.lastname as lastnam10_1_1_, contactdat1_.middlename as middlen11_1_1_, contactdat1_.mobile as mobile12_1_1_, contactdat1_.photo as photo13_1_1_, contactdat1_.work as work14_1_1_ from address_in_groups contacts0_ inner join addressbook contactdat1_ on contacts0_.id=contactdat1_.id where contacts0_.group_id=?
Hibernate: select contacts0_.group_id as group_id2_0_0_, contacts0_.id as id1_0_0_, contactdat1_.id as id1_1_1_, contactdat1_.address as address2_1_1_, contactdat1_.bmonth as bmonth3_1_1_, contactdat1_.byear as byear4_1_1_, contactdat1_.email as email5_1_1_, contactdat1_.email2 as email6_1_1_, contactdat1_.email3 as email7_1_1_, contactdat1_.firstname as firstnam8_1_1_, contactdat1_.home as home9_1_1_, contactdat1_.lastname as lastnam10_1_1_, contactdat1_.middlename as middlen11_1_1_, contactdat1_.mobile as mobile12_1_1_, contactdat1_.photo as photo13_1_1_, contactdat1_.work as work14_1_1_ from address_in_groups contacts0_ inner join addressbook contactdat1_ on contacts0_.id=contactdat1_.id where contacts0_.group_id=?
Hibernate: select contacts0_.group_id as group_id2_0_0_, contacts0_.id as id1_0_0_, contactdat1_.id as id1_1_1_, contactdat1_.address as address2_1_1_, contactdat1_.bmonth as bmonth3_1_1_, contactdat1_.byear as byear4_1_1_, contactdat1_.email as email5_1_1_, contactdat1_.email2 as email6_1_1_, contactdat1_.email3 as email7_1_1_, contactdat1_.firstname as firstnam8_1_1_, contactdat1_.home as home9_1_1_, contactdat1_.lastname as lastnam10_1_1_, contactdat1_.middlename as middlen11_1_1_, contactdat1_.mobile as mobile12_1_1_, contactdat1_.photo as photo13_1_1_, contactdat1_.work as work14_1_1_ from address_in_groups contacts0_ inner join addressbook contactdat1_ on contacts0_.id=contactdat1_.id where contacts0_.group_id=?
Hibernate: select contacts0_.group_id as group_id2_0_0_, contacts0_.id as id1_0_0_, contactdat1_.id as id1_1_1_, contactdat1_.address as address2_1_1_, contactdat1_.bmonth as bmonth3_1_1_, contactdat1_.byear as byear4_1_1_, contactdat1_.email as email5_1_1_, contactdat1_.email2 as email6_1_1_, contactdat1_.email3 as email7_1_1_, contactdat1_.firstname as firstnam8_1_1_, contactdat1_.home as home9_1_1_, contactdat1_.lastname as lastnam10_1_1_, contactdat1_.middlename as middlen11_1_1_, contactdat1_.mobile as mobile12_1_1_, contactdat1_.photo as photo13_1_1_, contactdat1_.work as work14_1_1_ from address_in_groups contacts0_ inner join addressbook contactdat1_ on contacts0_.id=contactdat1_.id where contacts0_.group_id=?
Hibernate: select contacts0_.group_id as group_id2_0_0_, contacts0_.id as id1_0_0_, contactdat1_.id as id1_1_1_, contactdat1_.address as address2_1_1_, contactdat1_.bmonth as bmonth3_1_1_, contactdat1_.byear as byear4_1_1_, contactdat1_.email as email5_1_1_, contactdat1_.email2 as email6_1_1_, contactdat1_.email3 as email7_1_1_, contactdat1_.firstname as firstnam8_1_1_, contactdat1_.home as home9_1_1_, contactdat1_.lastname as lastnam10_1_1_, contactdat1_.middlename as middlen11_1_1_, contactdat1_.mobile as mobile12_1_1_, contactdat1_.photo as photo13_1_1_, contactdat1_.work as work14_1_1_ from address_in_groups contacts0_ inner join addressbook contactdat1_ on contacts0_.id=contactdat1_.id where contacts0_.group_id=?
Hibernate: select contacts0_.group_id as group_id2_0_0_, contacts0_.id as id1_0_0_, contactdat1_.id as id1_1_1_, contactdat1_.address as address2_1_1_, contactdat1_.bmonth as bmonth3_1_1_, contactdat1_.byear as byear4_1_1_, contactdat1_.email as email5_1_1_, contactdat1_.email2 as email6_1_1_, contactdat1_.email3 as email7_1_1_, contactdat1_.firstname as firstnam8_1_1_, contactdat1_.home as home9_1_1_, contactdat1_.lastname as lastnam10_1_1_, contactdat1_.middlename as middlen11_1_1_, contactdat1_.mobile as mobile12_1_1_, contactdat1_.photo as photo13_1_1_, contactdat1_.work as work14_1_1_ from address_in_groups contacts0_ inner join addressbook contactdat1_ on contacts0_.id=contactdat1_.id where contacts0_.group_id=?
Hibernate: select contacts0_.group_id as group_id2_0_0_, contacts0_.id as id1_0_0_, contactdat1_.id as id1_1_1_, contactdat1_.address as address2_1_1_, contactdat1_.bmonth as bmonth3_1_1_, contactdat1_.byear as byear4_1_1_, contactdat1_.email as email5_1_1_, contactdat1_.email2 as email6_1_1_, contactdat1_.email3 as email7_1_1_, contactdat1_.firstname as firstnam8_1_1_, contactdat1_.home as home9_1_1_, contactdat1_.lastname as lastnam10_1_1_, contactdat1_.middlename as middlen11_1_1_, contactdat1_.mobile as mobile12_1_1_, contactdat1_.photo as photo13_1_1_, contactdat1_.work as work14_1_1_ from address_in_groups contacts0_ inner join addressbook contactdat1_ on contacts0_.id=contactdat1_.id where contacts0_.group_id=?
Hibernate: select contacts0_.group_id as group_id2_0_0_, contacts0_.id as id1_0_0_, contactdat1_.id as id1_1_1_, contactdat1_.address as address2_1_1_, contactdat1_.bmonth as bmonth3_1_1_, contactdat1_.byear as byear4_1_1_, contactdat1_.email as email5_1_1_, contactdat1_.email2 as email6_1_1_, contactdat1_.email3 as email7_1_1_, contactdat1_.firstname as firstnam8_1_1_, contactdat1_.home as home9_1_1_, contactdat1_.lastname as lastnam10_1_1_, contactdat1_.middlename as middlen11_1_1_, contactdat1_.mobile as mobile12_1_1_, contactdat1_.photo as photo13_1_1_, contactdat1_.work as work14_1_1_ from address_in_groups contacts0_ inner join addressbook contactdat1_ on contacts0_.id=contactdat1_.id where contacts0_.group_id=?
Hibernate: select contacts0_.group_id as group_id2_0_0_, contacts0_.id as id1_0_0_, contactdat1_.id as id1_1_1_, contactdat1_.address as address2_1_1_, contactdat1_.bmonth as bmonth3_1_1_, contactdat1_.byear as byear4_1_1_, contactdat1_.email as email5_1_1_, contactdat1_.email2 as email6_1_1_, contactdat1_.email3 as email7_1_1_, contactdat1_.firstname as firstnam8_1_1_, contactdat1_.home as home9_1_1_, contactdat1_.lastname as lastnam10_1_1_, contactdat1_.middlename as middlen11_1_1_, contactdat1_.mobile as mobile12_1_1_, contactdat1_.photo as photo13_1_1_, contactdat1_.work as work14_1_1_ from address_in_groups contacts0_ inner join addressbook contactdat1_ on contacts0_.id=contactdat1_.id where contacts0_.group_id=?
Hibernate: select contacts0_.group_id as group_id2_0_0_, contacts0_.id as id1_0_0_, contactdat1_.id as id1_1_1_, contactdat1_.address as address2_1_1_, contactdat1_.bmonth as bmonth3_1_1_, contactdat1_.byear as byear4_1_1_, contactdat1_.email as email5_1_1_, contactdat1_.email2 as email6_1_1_, contactdat1_.email3 as email7_1_1_, contactdat1_.firstname as firstnam8_1_1_, contactdat1_.home as home9_1_1_, contactdat1_.lastname as lastnam10_1_1_, contactdat1_.middlename as middlen11_1_1_, contactdat1_.mobile as mobile12_1_1_, contactdat1_.photo as photo13_1_1_, contactdat1_.work as work14_1_1_ from address_in_groups contacts0_ inner join addressbook contactdat1_ on contacts0_.id=contactdat1_.id where contacts0_.group_id=?
Hibernate: select contacts0_.group_id as group_id2_0_0_, contacts0_.id as id1_0_0_, contactdat1_.id as id1_1_1_, contactdat1_.address as address2_1_1_, contactdat1_.bmonth as bmonth3_1_1_, contactdat1_.byear as byear4_1_1_, contactdat1_.email as email5_1_1_, contactdat1_.email2 as email6_1_1_, contactdat1_.email3 as email7_1_1_, contactdat1_.firstname as firstnam8_1_1_, contactdat1_.home as home9_1_1_, contactdat1_.lastname as lastnam10_1_1_, contactdat1_.middlename as middlen11_1_1_, contactdat1_.mobile as mobile12_1_1_, contactdat1_.photo as photo13_1_1_, contactdat1_.work as work14_1_1_ from address_in_groups contacts0_ inner join addressbook contactdat1_ on contacts0_.id=contactdat1_.id where contacts0_.group_id=?
Hibernate: select contacts0_.group_id as group_id2_0_0_, contacts0_.id as id1_0_0_, contactdat1_.id as id1_1_1_, contactdat1_.address as address2_1_1_, contactdat1_.bmonth as bmonth3_1_1_, contactdat1_.byear as byear4_1_1_, contactdat1_.email as email5_1_1_, contactdat1_.email2 as email6_1_1_, contactdat1_.email3 as email7_1_1_, contactdat1_.firstname as firstnam8_1_1_, contactdat1_.home as home9_1_1_, contactdat1_.lastname as lastnam10_1_1_, contactdat1_.middlename as middlen11_1_1_, contactdat1_.mobile as mobile12_1_1_, contactdat1_.photo as photo13_1_1_, contactdat1_.work as work14_1_1_ from address_in_groups contacts0_ inner join addressbook contactdat1_ on contacts0_.id=contactdat1_.id where contacts0_.group_id=?
Hibernate: select contacts0_.group_id as group_id2_0_0_, contacts0_.id as id1_0_0_, contactdat1_.id as id1_1_1_, contactdat1_.address as address2_1_1_, contactdat1_.bmonth as bmonth3_1_1_, contactdat1_.byear as byear4_1_1_, contactdat1_.email as email5_1_1_, contactdat1_.email2 as email6_1_1_, contactdat1_.email3 as email7_1_1_, contactdat1_.firstname as firstnam8_1_1_, contactdat1_.home as home9_1_1_, contactdat1_.lastname as lastnam10_1_1_, contactdat1_.middlename as middlen11_1_1_, contactdat1_.mobile as mobile12_1_1_, contactdat1_.photo as photo13_1_1_, contactdat1_.work as work14_1_1_ from address_in_groups contacts0_ inner join addressbook contactdat1_ on contacts0_.id=contactdat1_.id where contacts0_.group_id=?
Hibernate: select contacts0_.group_id as group_id2_0_0_, contacts0_.id as id1_0_0_, contactdat1_.id as id1_1_1_, contactdat1_.address as address2_1_1_, contactdat1_.bmonth as bmonth3_1_1_, contactdat1_.byear as byear4_1_1_, contactdat1_.email as email5_1_1_, contactdat1_.email2 as email6_1_1_, contactdat1_.email3 as email7_1_1_, contactdat1_.firstname as firstnam8_1_1_, contactdat1_.home as home9_1_1_, contactdat1_.lastname as lastnam10_1_1_, contactdat1_.middlename as middlen11_1_1_, contactdat1_.mobile as mobile12_1_1_, contactdat1_.photo as photo13_1_1_, contactdat1_.work as work14_1_1_ from address_in_groups contacts0_ inner join addressbook contactdat1_ on contacts0_.id=contactdat1_.id where contacts0_.group_id=?
Hibernate: select contacts0_.group_id as group_id2_0_0_, contacts0_.id as id1_0_0_, contactdat1_.id as id1_1_1_, contactdat1_.address as address2_1_1_, contactdat1_.bmonth as bmonth3_1_1_, contactdat1_.byear as byear4_1_1_, contactdat1_.email as email5_1_1_, contactdat1_.email2 as email6_1_1_, contactdat1_.email3 as email7_1_1_, contactdat1_.firstname as firstnam8_1_1_, contactdat1_.home as home9_1_1_, contactdat1_.lastname as lastnam10_1_1_, contactdat1_.middlename as middlen11_1_1_, contactdat1_.mobile as mobile12_1_1_, contactdat1_.photo as photo13_1_1_, contactdat1_.work as work14_1_1_ from address_in_groups contacts0_ inner join addressbook contactdat1_ on contacts0_.id=contactdat1_.id where contacts0_.group_id=?
Hibernate: select contacts0_.group_id as group_id2_0_0_, contacts0_.id as id1_0_0_, contactdat1_.id as id1_1_1_, contactdat1_.address as address2_1_1_, contactdat1_.bmonth as bmonth3_1_1_, contactdat1_.byear as byear4_1_1_, contactdat1_.email as email5_1_1_, contactdat1_.email2 as email6_1_1_, contactdat1_.email3 as email7_1_1_, contactdat1_.firstname as firstnam8_1_1_, contactdat1_.home as home9_1_1_, contactdat1_.lastname as lastnam10_1_1_, contactdat1_.middlename as middlen11_1_1_, contactdat1_.mobile as mobile12_1_1_, contactdat1_.photo as photo13_1_1_, contactdat1_.work as work14_1_1_ from address_in_groups contacts0_ inner join addressbook contactdat1_ on contacts0_.id=contactdat1_.id where contacts0_.group_id=?
Hibernate: select contacts0_.group_id as group_id2_0_0_, contacts0_.id as id1_0_0_, contactdat1_.id as id1_1_1_, contactdat1_.address as address2_1_1_, contactdat1_.bmonth as bmonth3_1_1_, contactdat1_.byear as byear4_1_1_, contactdat1_.email as email5_1_1_, contactdat1_.email2 as email6_1_1_, contactdat1_.email3 as email7_1_1_, contactdat1_.firstname as firstnam8_1_1_, contactdat1_.home as home9_1_1_, contactdat1_.lastname as lastnam10_1_1_, contactdat1_.middlename as middlen11_1_1_, contactdat1_.mobile as mobile12_1_1_, contactdat1_.photo as photo13_1_1_, contactdat1_.work as work14_1_1_ from address_in_groups contacts0_ inner join addressbook contactdat1_ on contacts0_.id=contactdat1_.id where contacts0_.group_id=?
Hibernate: select contacts0_.group_id as group_id2_0_0_, contacts0_.id as id1_0_0_, contactdat1_.id as id1_1_1_, contactdat1_.address as address2_1_1_, contactdat1_.bmonth as bmonth3_1_1_, contactdat1_.byear as byear4_1_1_, contactdat1_.email as email5_1_1_, contactdat1_.email2 as email6_1_1_, contactdat1_.email3 as email7_1_1_, contactdat1_.firstname as firstnam8_1_1_, contactdat1_.home as home9_1_1_, contactdat1_.lastname as lastnam10_1_1_, contactdat1_.middlename as middlen11_1_1_, contactdat1_.mobile as mobile12_1_1_, contactdat1_.photo as photo13_1_1_, contactdat1_.work as work14_1_1_ from address_in_groups contacts0_ inner join addressbook contactdat1_ on contacts0_.id=contactdat1_.id where contacts0_.group_id=?
Hibernate: select contacts0_.group_id as group_id2_0_0_, contacts0_.id as id1_0_0_, contactdat1_.id as id1_1_1_, contactdat1_.address as address2_1_1_, contactdat1_.bmonth as bmonth3_1_1_, contactdat1_.byear as byear4_1_1_, contactdat1_.email as email5_1_1_, contactdat1_.email2 as email6_1_1_, contactdat1_.email3 as email7_1_1_, contactdat1_.firstname as firstnam8_1_1_, contactdat1_.home as home9_1_1_, contactdat1_.lastname as lastnam10_1_1_, contactdat1_.middlename as middlen11_1_1_, contactdat1_.mobile as mobile12_1_1_, contactdat1_.photo as photo13_1_1_, contactdat1_.work as work14_1_1_ from address_in_groups contacts0_ inner join addressbook contactdat1_ on contacts0_.id=contactdat1_.id where contacts0_.group_id=?
Hibernate: select contacts0_.group_id as group_id2_0_0_, contacts0_.id as id1_0_0_, contactdat1_.id as id1_1_1_, contactdat1_.address as address2_1_1_, contactdat1_.bmonth as bmonth3_1_1_, contactdat1_.byear as byear4_1_1_, contactdat1_.email as email5_1_1_, contactdat1_.email2 as email6_1_1_, contactdat1_.email3 as email7_1_1_, contactdat1_.firstname as firstnam8_1_1_, contactdat1_.home as home9_1_1_, contactdat1_.lastname as lastnam10_1_1_, contactdat1_.middlename as middlen11_1_1_, contactdat1_.mobile as mobile12_1_1_, contactdat1_.photo as photo13_1_1_, contactdat1_.work as work14_1_1_ from address_in_groups contacts0_ inner join addressbook contactdat1_ on contacts0_.id=contactdat1_.id where contacts0_.group_id=?
Hibernate: select contacts0_.group_id as group_id2_0_0_, contacts0_.id as id1_0_0_, contactdat1_.id as id1_1_1_, contactdat1_.address as address2_1_1_, contactdat1_.bmonth as bmonth3_1_1_, contactdat1_.byear as byear4_1_1_, contactdat1_.email as email5_1_1_, contactdat1_.email2 as email6_1_1_, contactdat1_.email3 as email7_1_1_, contactdat1_.firstname as firstnam8_1_1_, contactdat1_.home as home9_1_1_, contactdat1_.lastname as lastnam10_1_1_, contactdat1_.middlename as middlen11_1_1_, contactdat1_.mobile as mobile12_1_1_, contactdat1_.photo as photo13_1_1_, contactdat1_.work as work14_1_1_ from address_in_groups contacts0_ inner join addressbook contactdat1_ on contacts0_.id=contactdat1_.id where contacts0_.group_id=?
Hibernate: select contacts0_.group_id as group_id2_0_0_, contacts0_.id as id1_0_0_, contactdat1_.id as id1_1_1_, contactdat1_.address as address2_1_1_, contactdat1_.bmonth as bmonth3_1_1_, contactdat1_.byear as byear4_1_1_, contactdat1_.email as email5_1_1_, contactdat1_.email2 as email6_1_1_, contactdat1_.email3 as email7_1_1_, contactdat1_.firstname as firstnam8_1_1_, contactdat1_.home as home9_1_1_, contactdat1_.lastname as lastnam10_1_1_, contactdat1_.middlename as middlen11_1_1_, contactdat1_.mobile as mobile12_1_1_, contactdat1_.photo as photo13_1_1_, contactdat1_.work as work14_1_1_ from address_in_groups contacts0_ inner join addressbook contactdat1_ on contacts0_.id=contactdat1_.id where contacts0_.group_id=?
Hibernate: select contacts0_.group_id as group_id2_0_0_, contacts0_.id as id1_0_0_, contactdat1_.id as id1_1_1_, contactdat1_.address as address2_1_1_, contactdat1_.bmonth as bmonth3_1_1_, contactdat1_.byear as byear4_1_1_, contactdat1_.email as email5_1_1_, contactdat1_.email2 as email6_1_1_, contactdat1_.email3 as email7_1_1_, contactdat1_.firstname as firstnam8_1_1_, contactdat1_.home as home9_1_1_, contactdat1_.lastname as lastnam10_1_1_, contactdat1_.middlename as middlen11_1_1_, contactdat1_.mobile as mobile12_1_1_, contactdat1_.photo as photo13_1_1_, contactdat1_.work as work14_1_1_ from address_in_groups contacts0_ inner join addressbook contactdat1_ on contacts0_.id=contactdat1_.id where contacts0_.group_id=?
Hibernate: select contacts0_.group_id as group_id2_0_0_, contacts0_.id as id1_0_0_, contactdat1_.id as id1_1_1_, contactdat1_.address as address2_1_1_, contactdat1_.bmonth as bmonth3_1_1_, contactdat1_.byear as byear4_1_1_, contactdat1_.email as email5_1_1_, contactdat1_.email2 as email6_1_1_, contactdat1_.email3 as email7_1_1_, contactdat1_.firstname as firstnam8_1_1_, contactdat1_.home as home9_1_1_, contactdat1_.lastname as lastnam10_1_1_, contactdat1_.middlename as middlen11_1_1_, contactdat1_.mobile as mobile12_1_1_, contactdat1_.photo as photo13_1_1_, contactdat1_.work as work14_1_1_ from address_in_groups contacts0_ inner join addressbook contactdat1_ on contacts0_.id=contactdat1_.id where contacts0_.group_id=?
Hibernate: select contacts0_.group_id as group_id2_0_0_, contacts0_.id as id1_0_0_, contactdat1_.id as id1_1_1_, contactdat1_.address as address2_1_1_, contactdat1_.bmonth as bmonth3_1_1_, contactdat1_.byear as byear4_1_1_, contactdat1_.email as email5_1_1_, contactdat1_.email2 as email6_1_1_, contactdat1_.email3 as email7_1_1_, contactdat1_.firstname as firstnam8_1_1_, contactdat1_.home as home9_1_1_, contactdat1_.lastname as lastnam10_1_1_, contactdat1_.middlename as middlen11_1_1_, contactdat1_.mobile as mobile12_1_1_, contactdat1_.photo as photo13_1_1_, contactdat1_.work as work14_1_1_ from address_in_groups contacts0_ inner join addressbook contactdat1_ on contacts0_.id=contactdat1_.id where contacts0_.group_id=?
Hibernate: select contacts0_.group_id as group_id2_0_0_, contacts0_.id as id1_0_0_, contactdat1_.id as id1_1_1_, contactdat1_.address as address2_1_1_, contactdat1_.bmonth as bmonth3_1_1_, contactdat1_.byear as byear4_1_1_, contactdat1_.email as email5_1_1_, contactdat1_.email2 as email6_1_1_, contactdat1_.email3 as email7_1_1_, contactdat1_.firstname as firstnam8_1_1_, contactdat1_.home as home9_1_1_, contactdat1_.lastname as lastnam10_1_1_, contactdat1_.middlename as middlen11_1_1_, contactdat1_.mobile as mobile12_1_1_, contactdat1_.photo as photo13_1_1_, contactdat1_.work as work14_1_1_ from address_in_groups contacts0_ inner join addressbook contactdat1_ on contacts0_.id=contactdat1_.id where contacts0_.group_id=?
Hibernate: select contacts0_.group_id as group_id2_0_0_, contacts0_.id as id1_0_0_, contactdat1_.id as id1_1_1_, contactdat1_.address as address2_1_1_, contactdat1_.bmonth as bmonth3_1_1_, contactdat1_.byear as byear4_1_1_, contactdat1_.email as email5_1_1_, contactdat1_.email2 as email6_1_1_, contactdat1_.email3 as email7_1_1_, contactdat1_.firstname as firstnam8_1_1_, contactdat1_.home as home9_1_1_, contactdat1_.lastname as lastnam10_1_1_, contactdat1_.middlename as middlen11_1_1_, contactdat1_.mobile as mobile12_1_1_, contactdat1_.photo as photo13_1_1_, contactdat1_.work as work14_1_1_ from address_in_groups contacts0_ inner join addressbook contactdat1_ on contacts0_.id=contactdat1_.id where contacts0_.group_id=?
Hibernate: select contacts0_.group_id as group_id2_0_0_, contacts0_.id as id1_0_0_, contactdat1_.id as id1_1_1_, contactdat1_.address as address2_1_1_, contactdat1_.bmonth as bmonth3_1_1_, contactdat1_.byear as byear4_1_1_, contactdat1_.email as email5_1_1_, contactdat1_.email2 as email6_1_1_, contactdat1_.email3 as email7_1_1_, contactdat1_.firstname as firstnam8_1_1_, contactdat1_.home as home9_1_1_, contactdat1_.lastname as lastnam10_1_1_, contactdat1_.middlename as middlen11_1_1_, contactdat1_.mobile as mobile12_1_1_, contactdat1_.photo as photo13_1_1_, contactdat1_.work as work14_1_1_ from address_in_groups contacts0_ inner join addressbook contactdat1_ on contacts0_.id=contactdat1_.id where contacts0_.group_id=?
Hibernate: select contacts0_.group_id as group_id2_0_0_, contacts0_.id as id1_0_0_, contactdat1_.id as id1_1_1_, contactdat1_.address as address2_1_1_, contactdat1_.bmonth as bmonth3_1_1_, contactdat1_.byear as byear4_1_1_, contactdat1_.email as email5_1_1_, contactdat1_.email2 as email6_1_1_, contactdat1_.email3 as email7_1_1_, contactdat1_.firstname as firstnam8_1_1_, contactdat1_.home as home9_1_1_, contactdat1_.lastname as lastnam10_1_1_, contactdat1_.middlename as middlen11_1_1_, contactdat1_.mobile as mobile12_1_1_, contactdat1_.photo as photo13_1_1_, contactdat1_.work as work14_1_1_ from address_in_groups contacts0_ inner join addressbook contactdat1_ on contacts0_.id=contactdat1_.id where contacts0_.group_id=?
Hibernate: select contacts0_.group_id as group_id2_0_0_, contacts0_.id as id1_0_0_, contactdat1_.id as id1_1_1_, contactdat1_.address as address2_1_1_, contactdat1_.bmonth as bmonth3_1_1_, contactdat1_.byear as byear4_1_1_, contactdat1_.email as email5_1_1_, contactdat1_.email2 as email6_1_1_, contactdat1_.email3 as email7_1_1_, contactdat1_.firstname as firstnam8_1_1_, contactdat1_.home as home9_1_1_, contactdat1_.lastname as lastnam10_1_1_, contactdat1_.middlename as middlen11_1_1_, contactdat1_.mobile as mobile12_1_1_, contactdat1_.photo as photo13_1_1_, contactdat1_.work as work14_1_1_ from address_in_groups contacts0_ inner join addressbook contactdat1_ on contacts0_.id=contactdat1_.id where contacts0_.group_id=?
Hibernate: select contacts0_.group_id as group_id2_0_0_, contacts0_.id as id1_0_0_, contactdat1_.id as id1_1_1_, contactdat1_.address as address2_1_1_, contactdat1_.bmonth as bmonth3_1_1_, contactdat1_.byear as byear4_1_1_, contactdat1_.email as email5_1_1_, contactdat1_.email2 as email6_1_1_, contactdat1_.email3 as email7_1_1_, contactdat1_.firstname as firstnam8_1_1_, contactdat1_.home as home9_1_1_, contactdat1_.lastname as lastnam10_1_1_, contactdat1_.middlename as middlen11_1_1_, contactdat1_.mobile as mobile12_1_1_, contactdat1_.photo as photo13_1_1_, contactdat1_.work as work14_1_1_ from address_in_groups contacts0_ inner join addressbook contactdat1_ on contacts0_.id=contactdat1_.id where contacts0_.group_id=?
Hibernate: select contacts0_.group_id as group_id2_0_0_, contacts0_.id as id1_0_0_, contactdat1_.id as id1_1_1_, contactdat1_.address as address2_1_1_, contactdat1_.bmonth as bmonth3_1_1_, contactdat1_.byear as byear4_1_1_, contactdat1_.email as email5_1_1_, contactdat1_.email2 as email6_1_1_, contactdat1_.email3 as email7_1_1_, contactdat1_.firstname as firstnam8_1_1_, contactdat1_.home as home9_1_1_, contactdat1_.lastname as lastnam10_1_1_, contactdat1_.middlename as middlen11_1_1_, contactdat1_.mobile as mobile12_1_1_, contactdat1_.photo as photo13_1_1_, contactdat1_.work as work14_1_1_ from address_in_groups contacts0_ inner join addressbook contactdat1_ on contacts0_.id=contactdat1_.id where contacts0_.group_id=?
Hibernate: select contacts0_.group_id as group_id2_0_0_, contacts0_.id as id1_0_0_, contactdat1_.id as id1_1_1_, contactdat1_.address as address2_1_1_, contactdat1_.bmonth as bmonth3_1_1_, contactdat1_.byear as byear4_1_1_, contactdat1_.email as email5_1_1_, contactdat1_.email2 as email6_1_1_, contactdat1_.email3 as email7_1_1_, contactdat1_.firstname as firstnam8_1_1_, contactdat1_.home as home9_1_1_, contactdat1_.lastname as lastnam10_1_1_, contactdat1_.middlename as middlen11_1_1_, contactdat1_.mobile as mobile12_1_1_, contactdat1_.photo as photo13_1_1_, contactdat1_.work as work14_1_1_ from address_in_groups contacts0_ inner join addressbook contactdat1_ on contacts0_.id=contactdat1_.id where contacts0_.group_id=?
Hibernate: select contacts0_.group_id as group_id2_0_0_, contacts0_.id as id1_0_0_, contactdat1_.id as id1_1_1_, contactdat1_.address as address2_1_1_, contactdat1_.bmonth as bmonth3_1_1_, contactdat1_.byear as byear4_1_1_, contactdat1_.email as email5_1_1_, contactdat1_.email2 as email6_1_1_, contactdat1_.email3 as email7_1_1_, contactdat1_.firstname as firstnam8_1_1_, contactdat1_.home as home9_1_1_, contactdat1_.lastname as lastnam10_1_1_, contactdat1_.middlename as middlen11_1_1_, contactdat1_.mobile as mobile12_1_1_, contactdat1_.photo as photo13_1_1_, contactdat1_.work as work14_1_1_ from address_in_groups contacts0_ inner join addressbook contactdat1_ on contacts0_.id=contactdat1_.id where contacts0_.group_id=?
Hibernate: select contacts0_.group_id as group_id2_0_0_, contacts0_.id as id1_0_0_, contactdat1_.id as id1_1_1_, contactdat1_.address as address2_1_1_, contactdat1_.bmonth as bmonth3_1_1_, contactdat1_.byear as byear4_1_1_, contactdat1_.email as email5_1_1_, contactdat1_.email2 as email6_1_1_, contactdat1_.email3 as email7_1_1_, contactdat1_.firstname as firstnam8_1_1_, contactdat1_.home as home9_1_1_, contactdat1_.lastname as lastnam10_1_1_, contactdat1_.middlename as middlen11_1_1_, contactdat1_.mobile as mobile12_1_1_, contactdat1_.photo as photo13_1_1_, contactdat1_.work as work14_1_1_ from address_in_groups contacts0_ inner join addressbook contactdat1_ on contacts0_.id=contactdat1_.id where contacts0_.group_id=?
Hibernate: select contacts0_.group_id as group_id2_0_0_, contacts0_.id as id1_0_0_, contactdat1_.id as id1_1_1_, contactdat1_.address as address2_1_1_, contactdat1_.bmonth as bmonth3_1_1_, contactdat1_.byear as byear4_1_1_, contactdat1_.email as email5_1_1_, contactdat1_.email2 as email6_1_1_, contactdat1_.email3 as email7_1_1_, contactdat1_.firstname as firstnam8_1_1_, contactdat1_.home as home9_1_1_, contactdat1_.lastname as lastnam10_1_1_, contactdat1_.middlename as middlen11_1_1_, contactdat1_.mobile as mobile12_1_1_, contactdat1_.photo as photo13_1_1_, contactdat1_.work as work14_1_1_ from address_in_groups contacts0_ inner join addressbook contactdat1_ on contacts0_.id=contactdat1_.id where contacts0_.group_id=?
Hibernate: select contacts0_.group_id as group_id2_0_0_, contacts0_.id as id1_0_0_, contactdat1_.id as id1_1_1_, contactdat1_.address as address2_1_1_, contactdat1_.bmonth as bmonth3_1_1_, contactdat1_.byear as byear4_1_1_, contactdat1_.email as email5_1_1_, contactdat1_.email2 as email6_1_1_, contactdat1_.email3 as email7_1_1_, contactdat1_.firstname as firstnam8_1_1_, contactdat1_.home as home9_1_1_, contactdat1_.lastname as lastnam10_1_1_, contactdat1_.middlename as middlen11_1_1_, contactdat1_.mobile as mobile12_1_1_, contactdat1_.photo as photo13_1_1_, contactdat1_.work as work14_1_1_ from address_in_groups contacts0_ inner join addressbook contactdat1_ on contacts0_.id=contactdat1_.id where contacts0_.group_id=?
Hibernate: select contacts0_.group_id as group_id2_0_0_, contacts0_.id as id1_0_0_, contactdat1_.id as id1_1_1_, contactdat1_.address as address2_1_1_, contactdat1_.bmonth as bmonth3_1_1_, contactdat1_.byear as byear4_1_1_, contactdat1_.email as email5_1_1_, contactdat1_.email2 as email6_1_1_, contactdat1_.email3 as email7_1_1_, contactdat1_.firstname as firstnam8_1_1_, contactdat1_.home as home9_1_1_, contactdat1_.lastname as lastnam10_1_1_, contactdat1_.middlename as middlen11_1_1_, contactdat1_.mobile as mobile12_1_1_, contactdat1_.photo as photo13_1_1_, contactdat1_.work as work14_1_1_ from address_in_groups contacts0_ inner join addressbook contactdat1_ on contacts0_.id=contactdat1_.id where contacts0_.group_id=?
Hibernate: select contacts0_.group_id as group_id2_0_0_, contacts0_.id as id1_0_0_, contactdat1_.id as id1_1_1_, contactdat1_.address as address2_1_1_, contactdat1_.bmonth as bmonth3_1_1_, contactdat1_.byear as byear4_1_1_, contactdat1_.email as email5_1_1_, contactdat1_.email2 as email6_1_1_, contactdat1_.email3 as email7_1_1_, contactdat1_.firstname as firstnam8_1_1_, contactdat1_.home as home9_1_1_, contactdat1_.lastname as lastnam10_1_1_, contactdat1_.middlename as middlen11_1_1_, contactdat1_.mobile as mobile12_1_1_, contactdat1_.photo as photo13_1_1_, contactdat1_.work as work14_1_1_ from address_in_groups contacts0_ inner join addressbook contactdat1_ on contacts0_.id=contactdat1_.id where contacts0_.group_id=?
Hibernate: select contacts0_.group_id as group_id2_0_0_, contacts0_.id as id1_0_0_, contactdat1_.id as id1_1_1_, contactdat1_.address as address2_1_1_, contactdat1_.bmonth as bmonth3_1_1_, contactdat1_.byear as byear4_1_1_, contactdat1_.email as email5_1_1_, contactdat1_.email2 as email6_1_1_, contactdat1_.email3 as email7_1_1_, contactdat1_.firstname as firstnam8_1_1_, contactdat1_.home as home9_1_1_, contactdat1_.lastname as lastnam10_1_1_, contactdat1_.middlename as middlen11_1_1_, contactdat1_.mobile as mobile12_1_1_, contactdat1_.photo as photo13_1_1_, contactdat1_.work as work14_1_1_ from address_in_groups contacts0_ inner join addressbook contactdat1_ on contacts0_.id=contactdat1_.id where contacts0_.group_id=?
Hibernate: select contacts0_.group_id as group_id2_0_0_, contacts0_.id as id1_0_0_, contactdat1_.id as id1_1_1_, contactdat1_.address as address2_1_1_, contactdat1_.bmonth as bmonth3_1_1_, contactdat1_.byear as byear4_1_1_, contactdat1_.email as email5_1_1_, contactdat1_.email2 as email6_1_1_, contactdat1_.email3 as email7_1_1_, contactdat1_.firstname as firstnam8_1_1_, contactdat1_.home as home9_1_1_, contactdat1_.lastname as lastnam10_1_1_, contactdat1_.middlename as middlen11_1_1_, contactdat1_.mobile as mobile12_1_1_, contactdat1_.photo as photo13_1_1_, contactdat1_.work as work14_1_1_ from address_in_groups contacts0_ inner join addressbook contactdat1_ on contacts0_.id=contactdat1_.id where contacts0_.group_id=?
Hibernate: select contacts0_.group_id as group_id2_0_0_, contacts0_.id as id1_0_0_, contactdat1_.id as id1_1_1_, contactdat1_.address as address2_1_1_, contactdat1_.bmonth as bmonth3_1_1_, contactdat1_.byear as byear4_1_1_, contactdat1_.email as email5_1_1_, contactdat1_.email2 as email6_1_1_, contactdat1_.email3 as email7_1_1_, contactdat1_.firstname as firstnam8_1_1_, contactdat1_.home as home9_1_1_, contactdat1_.lastname as lastnam10_1_1_, contactdat1_.middlename as middlen11_1_1_, contactdat1_.mobile as mobile12_1_1_, contactdat1_.photo as photo13_1_1_, contactdat1_.work as work14_1_1_ from address_in_groups contacts0_ inner join addressbook contactdat1_ on contacts0_.id=contactdat1_.id where contacts0_.group_id=?
Hibernate: select contacts0_.group_id as group_id2_0_0_, contacts0_.id as id1_0_0_, contactdat1_.id as id1_1_1_, contactdat1_.address as address2_1_1_, contactdat1_.bmonth as bmonth3_1_1_, contactdat1_.byear as byear4_1_1_, contactdat1_.email as email5_1_1_, contactdat1_.email2 as email6_1_1_, contactdat1_.email3 as email7_1_1_, contactdat1_.firstname as firstnam8_1_1_, contactdat1_.home as home9_1_1_, contactdat1_.lastname as lastnam10_1_1_, contactdat1_.middlename as middlen11_1_1_, contactdat1_.mobile as mobile12_1_1_, contactdat1_.photo as photo13_1_1_, contactdat1_.work as work14_1_1_ from address_in_groups contacts0_ inner join addressbook contactdat1_ on contacts0_.id=contactdat1_.id where contacts0_.group_id=?
Hibernate: select contacts0_.group_id as group_id2_0_0_, contacts0_.id as id1_0_0_, contactdat1_.id as id1_1_1_, contactdat1_.address as address2_1_1_, contactdat1_.bmonth as bmonth3_1_1_, contactdat1_.byear as byear4_1_1_, contactdat1_.email as email5_1_1_, contactdat1_.email2 as email6_1_1_, contactdat1_.email3 as email7_1_1_, contactdat1_.firstname as firstnam8_1_1_, contactdat1_.home as home9_1_1_, contactdat1_.lastname as lastnam10_1_1_, contactdat1_.middlename as middlen11_1_1_, contactdat1_.mobile as mobile12_1_1_, contactdat1_.photo as photo13_1_1_, contactdat1_.work as work14_1_1_ from address_in_groups contacts0_ inner join addressbook contactdat1_ on contacts0_.id=contactdat1_.id where contacts0_.group_id=?
Hibernate: select contacts0_.group_id as group_id2_0_0_, contacts0_.id as id1_0_0_, contactdat1_.id as id1_1_1_, contactdat1_.address as address2_1_1_, contactdat1_.bmonth as bmonth3_1_1_, contactdat1_.byear as byear4_1_1_, contactdat1_.email as email5_1_1_, contactdat1_.email2 as email6_1_1_, contactdat1_.email3 as email7_1_1_, contactdat1_.firstname as firstnam8_1_1_, contactdat1_.home as home9_1_1_, contactdat1_.lastname as lastnam10_1_1_, contactdat1_.middlename as middlen11_1_1_, contactdat1_.mobile as mobile12_1_1_, contactdat1_.photo as photo13_1_1_, contactdat1_.work as work14_1_1_ from address_in_groups contacts0_ inner join addressbook contactdat1_ on contacts0_.id=contactdat1_.id where contacts0_.group_id=?
Hibernate: select contacts0_.group_id as group_id2_0_0_, contacts0_.id as id1_0_0_, contactdat1_.id as id1_1_1_, contactdat1_.address as address2_1_1_, contactdat1_.bmonth as bmonth3_1_1_, contactdat1_.byear as byear4_1_1_, contactdat1_.email as email5_1_1_, contactdat1_.email2 as email6_1_1_, contactdat1_.email3 as email7_1_1_, contactdat1_.firstname as firstnam8_1_1_, contactdat1_.home as home9_1_1_, contactdat1_.lastname as lastnam10_1_1_, contactdat1_.middlename as middlen11_1_1_, contactdat1_.mobile as mobile12_1_1_, contactdat1_.photo as photo13_1_1_, contactdat1_.work as work14_1_1_ from address_in_groups contacts0_ inner join addressbook contactdat1_ on contacts0_.id=contactdat1_.id where contacts0_.group_id=?
Hibernate: select contacts0_.group_id as group_id2_0_0_, contacts0_.id as id1_0_0_, contactdat1_.id as id1_1_1_, contactdat1_.address as address2_1_1_, contactdat1_.bmonth as bmonth3_1_1_, contactdat1_.byear as byear4_1_1_, contactdat1_.email as email5_1_1_, contactdat1_.email2 as email6_1_1_, contactdat1_.email3 as email7_1_1_, contactdat1_.firstname as firstnam8_1_1_, contactdat1_.home as home9_1_1_, contactdat1_.lastname as lastnam10_1_1_, contactdat1_.middlename as middlen11_1_1_, contactdat1_.mobile as mobile12_1_1_, contactdat1_.photo as photo13_1_1_, contactdat1_.work as work14_1_1_ from address_in_groups contacts0_ inner join addressbook contactdat1_ on contacts0_.id=contactdat1_.id where contacts0_.group_id=?
Hibernate: select contacts0_.group_id as group_id2_0_0_, contacts0_.id as id1_0_0_, contactdat1_.id as id1_1_1_, contactdat1_.address as address2_1_1_, contactdat1_.bmonth as bmonth3_1_1_, contactdat1_.byear as byear4_1_1_, contactdat1_.email as email5_1_1_, contactdat1_.email2 as email6_1_1_, contactdat1_.email3 as email7_1_1_, contactdat1_.firstname as firstnam8_1_1_, contactdat1_.home as home9_1_1_, contactdat1_.lastname as lastnam10_1_1_, contactdat1_.middlename as middlen11_1_1_, contactdat1_.mobile as mobile12_1_1_, contactdat1_.photo as photo13_1_1_, contactdat1_.work as work14_1_1_ from address_in_groups contacts0_ inner join addressbook contactdat1_ on contacts0_.id=contactdat1_.id where contacts0_.group_id=?
Hibernate: select contacts0_.group_id as group_id2_0_0_, contacts0_.id as id1_0_0_, contactdat1_.id as id1_1_1_, contactdat1_.address as address2_1_1_, contactdat1_.bmonth as bmonth3_1_1_, contactdat1_.byear as byear4_1_1_, contactdat1_.email as email5_1_1_, contactdat1_.email2 as email6_1_1_, contactdat1_.email3 as email7_1_1_, contactdat1_.firstname as firstnam8_1_1_, contactdat1_.home as home9_1_1_, contactdat1_.lastname as lastnam10_1_1_, contactdat1_.middlename as middlen11_1_1_, contactdat1_.mobile as mobile12_1_1_, contactdat1_.photo as photo13_1_1_, contactdat1_.work as work14_1_1_ from address_in_groups contacts0_ inner join addressbook contactdat1_ on contacts0_.id=contactdat1_.id where contacts0_.group_id=?
Hibernate: select contacts0_.group_id as group_id2_0_0_, contacts0_.id as id1_0_0_, contactdat1_.id as id1_1_1_, contactdat1_.address as address2_1_1_, contactdat1_.bmonth as bmonth3_1_1_, contactdat1_.byear as byear4_1_1_, contactdat1_.email as email5_1_1_, contactdat1_.email2 as email6_1_1_, contactdat1_.email3 as email7_1_1_, contactdat1_.firstname as firstnam8_1_1_, contactdat1_.home as home9_1_1_, contactdat1_.lastname as lastnam10_1_1_, contactdat1_.middlename as middlen11_1_1_, contactdat1_.mobile as mobile12_1_1_, contactdat1_.photo as photo13_1_1_, contactdat1_.work as work14_1_1_ from address_in_groups contacts0_ inner join addressbook contactdat1_ on contacts0_.id=contactdat1_.id where contacts0_.group_id=?
Hibernate: select contacts0_.group_id as group_id2_0_0_, contacts0_.id as id1_0_0_, contactdat1_.id as id1_1_1_, contactdat1_.address as address2_1_1_, contactdat1_.bmonth as bmonth3_1_1_, contactdat1_.byear as byear4_1_1_, contactdat1_.email as email5_1_1_, contactdat1_.email2 as email6_1_1_, contactdat1_.email3 as email7_1_1_, contactdat1_.firstname as firstnam8_1_1_, contactdat1_.home as home9_1_1_, contactdat1_.lastname as lastnam10_1_1_, contactdat1_.middlename as middlen11_1_1_, contactdat1_.mobile as mobile12_1_1_, contactdat1_.photo as photo13_1_1_, contactdat1_.work as work14_1_1_ from address_in_groups contacts0_ inner join addressbook contactdat1_ on contacts0_.id=contactdat1_.id where contacts0_.group_id=?
Hibernate: select contacts0_.group_id as group_id2_0_0_, contacts0_.id as id1_0_0_, contactdat1_.id as id1_1_1_, contactdat1_.address as address2_1_1_, contactdat1_.bmonth as bmonth3_1_1_, contactdat1_.byear as byear4_1_1_, contactdat1_.email as email5_1_1_, contactdat1_.email2 as email6_1_1_, contactdat1_.email3 as email7_1_1_, contactdat1_.firstname as firstnam8_1_1_, contactdat1_.home as home9_1_1_, contactdat1_.lastname as lastnam10_1_1_, contactdat1_.middlename as middlen11_1_1_, contactdat1_.mobile as mobile12_1_1_, contactdat1_.photo as photo13_1_1_, contactdat1_.work as work14_1_1_ from address_in_groups contacts0_ inner join addressbook contactdat1_ on contacts0_.id=contactdat1_.id where contacts0_.group_id=?
Hibernate: select contacts0_.group_id as group_id2_0_0_, contacts0_.id as id1_0_0_, contactdat1_.id as id1_1_1_, contactdat1_.address as address2_1_1_, contactdat1_.bmonth as bmonth3_1_1_, contactdat1_.byear as byear4_1_1_, contactdat1_.email as email5_1_1_, contactdat1_.email2 as email6_1_1_, contactdat1_.email3 as email7_1_1_, contactdat1_.firstname as firstnam8_1_1_, contactdat1_.home as home9_1_1_, contactdat1_.lastname as lastnam10_1_1_, contactdat1_.middlename as middlen11_1_1_, contactdat1_.mobile as mobile12_1_1_, contactdat1_.photo as photo13_1_1_, contactdat1_.work as work14_1_1_ from address_in_groups contacts0_ inner join addressbook contactdat1_ on contacts0_.id=contactdat1_.id where contacts0_.group_id=?
Hibernate: select contacts0_.group_id as group_id2_0_0_, contacts0_.id as id1_0_0_, contactdat1_.id as id1_1_1_, contactdat1_.address as address2_1_1_, contactdat1_.bmonth as bmonth3_1_1_, contactdat1_.byear as byear4_1_1_, contactdat1_.email as email5_1_1_, contactdat1_.email2 as email6_1_1_, contactdat1_.email3 as email7_1_1_, contactdat1_.firstname as firstnam8_1_1_, contactdat1_.home as home9_1_1_, contactdat1_.lastname as lastnam10_1_1_, contactdat1_.middlename as middlen11_1_1_, contactdat1_.mobile as mobile12_1_1_, contactdat1_.photo as photo13_1_1_, contactdat1_.work as work14_1_1_ from address_in_groups contacts0_ inner join addressbook contactdat1_ on contacts0_.id=contactdat1_.id where contacts0_.group_id=?
Hibernate: select contacts0_.group_id as group_id2_0_0_, contacts0_.id as id1_0_0_, contactdat1_.id as id1_1_1_, contactdat1_.address as address2_1_1_, contactdat1_.bmonth as bmonth3_1_1_, contactdat1_.byear as byear4_1_1_, contactdat1_.email as email5_1_1_, contactdat1_.email2 as email6_1_1_, contactdat1_.email3 as email7_1_1_, contactdat1_.firstname as firstnam8_1_1_, contactdat1_.home as home9_1_1_, contactdat1_.lastname as lastnam10_1_1_, contactdat1_.middlename as middlen11_1_1_, contactdat1_.mobile as mobile12_1_1_, contactdat1_.photo as photo13_1_1_, contactdat1_.work as work14_1_1_ from address_in_groups contacts0_ inner join addressbook contactdat1_ on contacts0_.id=contactdat1_.id where contacts0_.group_id=?
Hibernate: select contacts0_.group_id as group_id2_0_0_, contacts0_.id as id1_0_0_, contactdat1_.id as id1_1_1_, contactdat1_.address as address2_1_1_, contactdat1_.bmonth as bmonth3_1_1_, contactdat1_.byear as byear4_1_1_, contactdat1_.email as email5_1_1_, contactdat1_.email2 as email6_1_1_, contactdat1_.email3 as email7_1_1_, contactdat1_.firstname as firstnam8_1_1_, contactdat1_.home as home9_1_1_, contactdat1_.lastname as lastnam10_1_1_, contactdat1_.middlename as middlen11_1_1_, contactdat1_.mobile as mobile12_1_1_, contactdat1_.photo as photo13_1_1_, contactdat1_.work as work14_1_1_ from address_in_groups contacts0_ inner join addressbook contactdat1_ on contacts0_.id=contactdat1_.id where contacts0_.group_id=?
Hibernate: select contacts0_.group_id as group_id2_0_0_, contacts0_.id as id1_0_0_, contactdat1_.id as id1_1_1_, contactdat1_.address as address2_1_1_, contactdat1_.bmonth as bmonth3_1_1_, contactdat1_.byear as byear4_1_1_, contactdat1_.email as email5_1_1_, contactdat1_.email2 as email6_1_1_, contactdat1_.email3 as email7_1_1_, contactdat1_.firstname as firstnam8_1_1_, contactdat1_.home as home9_1_1_, contactdat1_.lastname as lastnam10_1_1_, contactdat1_.middlename as middlen11_1_1_, contactdat1_.mobile as mobile12_1_1_, contactdat1_.photo as photo13_1_1_, contactdat1_.work as work14_1_1_ from address_in_groups contacts0_ inner join addressbook contactdat1_ on contacts0_.id=contactdat1_.id where contacts0_.group_id=?
Hibernate: select contacts0_.group_id as group_id2_0_0_, contacts0_.id as id1_0_0_, contactdat1_.id as id1_1_1_, contactdat1_.address as address2_1_1_, contactdat1_.bmonth as bmonth3_1_1_, contactdat1_.byear as byear4_1_1_, contactdat1_.email as email5_1_1_, contactdat1_.email2 as email6_1_1_, contactdat1_.email3 as email7_1_1_, contactdat1_.firstname as firstnam8_1_1_, contactdat1_.home as home9_1_1_, contactdat1_.lastname as lastnam10_1_1_, contactdat1_.middlename as middlen11_1_1_, contactdat1_.mobile as mobile12_1_1_, contactdat1_.photo as photo13_1_1_, contactdat1_.work as work14_1_1_ from address_in_groups contacts0_ inner join addressbook contactdat1_ on contacts0_.id=contactdat1_.id where contacts0_.group_id=?
Hibernate: select contacts0_.group_id as group_id2_0_0_, contacts0_.id as id1_0_0_, contactdat1_.id as id1_1_1_, contactdat1_.address as address2_1_1_, contactdat1_.bmonth as bmonth3_1_1_, contactdat1_.byear as byear4_1_1_, contactdat1_.email as email5_1_1_, contactdat1_.email2 as email6_1_1_, contactdat1_.email3 as email7_1_1_, contactdat1_.firstname as firstnam8_1_1_, contactdat1_.home as home9_1_1_, contactdat1_.lastname as lastnam10_1_1_, contactdat1_.middlename as middlen11_1_1_, contactdat1_.mobile as mobile12_1_1_, contactdat1_.photo as photo13_1_1_, contactdat1_.work as work14_1_1_ from address_in_groups contacts0_ inner join addressbook contactdat1_ on contacts0_.id=contactdat1_.id where contacts0_.group_id=?
Hibernate: select contacts0_.group_id as group_id2_0_0_, contacts0_.id as id1_0_0_, contactdat1_.id as id1_1_1_, contactdat1_.address as address2_1_1_, contactdat1_.bmonth as bmonth3_1_1_, contactdat1_.byear as byear4_1_1_, contactdat1_.email as email5_1_1_, contactdat1_.email2 as email6_1_1_, contactdat1_.email3 as email7_1_1_, contactdat1_.firstname as firstnam8_1_1_, contactdat1_.home as home9_1_1_, contactdat1_.lastname as lastnam10_1_1_, contactdat1_.middlename as middlen11_1_1_, contactdat1_.mobile as mobile12_1_1_, contactdat1_.photo as photo13_1_1_, contactdat1_.work as work14_1_1_ from address_in_groups contacts0_ inner join addressbook contactdat1_ on contacts0_.id=contactdat1_.id where contacts0_.group_id=?
22:10:48.995 [Test worker] INFO  r.s.pft.addressbook.tests.TestBase - End testtestGroupCreation
22:10:48.998 [Test worker] INFO  r.s.pft.addressbook.tests.TestBase - Start testtestGroupCreation with parameters [GroupData{id='0', name='test 5'}]
Hibernate: select groupdata0_.group_id as group_id1_2_, groupdata0_.group_footer as group_fo2_2_, groupdata0_.group_header as group_he3_2_, groupdata0_.group_name as group_na4_2_ from group_list groupdata0_
Hibernate: select contacts0_.group_id as group_id2_0_0_, contacts0_.id as id1_0_0_, contactdat1_.id as id1_1_1_, contactdat1_.address as address2_1_1_, contactdat1_.bmonth as bmonth3_1_1_, contactdat1_.byear as byear4_1_1_, contactdat1_.email as email5_1_1_, contactdat1_.email2 as email6_1_1_, contactdat1_.email3 as email7_1_1_, contactdat1_.firstname as firstnam8_1_1_, contactdat1_.home as home9_1_1_, contactdat1_.lastname as lastnam10_1_1_, contactdat1_.middlename as middlen11_1_1_, contactdat1_.mobile as mobile12_1_1_, contactdat1_.photo as photo13_1_1_, contactdat1_.work as work14_1_1_ from address_in_groups contacts0_ inner join addressbook contactdat1_ on contacts0_.id=contactdat1_.id where contacts0_.group_id=?
Hibernate: select contacts0_.group_id as group_id2_0_0_, contacts0_.id as id1_0_0_, contactdat1_.id as id1_1_1_, contactdat1_.address as address2_1_1_, contactdat1_.bmonth as bmonth3_1_1_, contactdat1_.byear as byear4_1_1_, contactdat1_.email as email5_1_1_, contactdat1_.email2 as email6_1_1_, contactdat1_.email3 as email7_1_1_, contactdat1_.firstname as firstnam8_1_1_, contactdat1_.home as home9_1_1_, contactdat1_.lastname as lastnam10_1_1_, contactdat1_.middlename as middlen11_1_1_, contactdat1_.mobile as mobile12_1_1_, contactdat1_.photo as photo13_1_1_, contactdat1_.work as work14_1_1_ from address_in_groups contacts0_ inner join addressbook contactdat1_ on contacts0_.id=contactdat1_.id where contacts0_.group_id=?
Hibernate: select contacts0_.group_id as group_id2_0_0_, contacts0_.id as id1_0_0_, contactdat1_.id as id1_1_1_, contactdat1_.address as address2_1_1_, contactdat1_.bmonth as bmonth3_1_1_, contactdat1_.byear as byear4_1_1_, contactdat1_.email as email5_1_1_, contactdat1_.email2 as email6_1_1_, contactdat1_.email3 as email7_1_1_, contactdat1_.firstname as firstnam8_1_1_, contactdat1_.home as home9_1_1_, contactdat1_.lastname as lastnam10_1_1_, contactdat1_.middlename as middlen11_1_1_, contactdat1_.mobile as mobile12_1_1_, contactdat1_.photo as photo13_1_1_, contactdat1_.work as work14_1_1_ from address_in_groups contacts0_ inner join addressbook contactdat1_ on contacts0_.id=contactdat1_.id where contacts0_.group_id=?
Hibernate: select contacts0_.group_id as group_id2_0_0_, contacts0_.id as id1_0_0_, contactdat1_.id as id1_1_1_, contactdat1_.address as address2_1_1_, contactdat1_.bmonth as bmonth3_1_1_, contactdat1_.byear as byear4_1_1_, contactdat1_.email as email5_1_1_, contactdat1_.email2 as email6_1_1_, contactdat1_.email3 as email7_1_1_, contactdat1_.firstname as firstnam8_1_1_, contactdat1_.home as home9_1_1_, contactdat1_.lastname as lastnam10_1_1_, contactdat1_.middlename as middlen11_1_1_, contactdat1_.mobile as mobile12_1_1_, contactdat1_.photo as photo13_1_1_, contactdat1_.work as work14_1_1_ from address_in_groups contacts0_ inner join addressbook contactdat1_ on contacts0_.id=contactdat1_.id where contacts0_.group_id=?
Hibernate: select contacts0_.group_id as group_id2_0_0_, contacts0_.id as id1_0_0_, contactdat1_.id as id1_1_1_, contactdat1_.address as address2_1_1_, contactdat1_.bmonth as bmonth3_1_1_, contactdat1_.byear as byear4_1_1_, contactdat1_.email as email5_1_1_, contactdat1_.email2 as email6_1_1_, contactdat1_.email3 as email7_1_1_, contactdat1_.firstname as firstnam8_1_1_, contactdat1_.home as home9_1_1_, contactdat1_.lastname as lastnam10_1_1_, contactdat1_.middlename as middlen11_1_1_, contactdat1_.mobile as mobile12_1_1_, contactdat1_.photo as photo13_1_1_, contactdat1_.work as work14_1_1_ from address_in_groups contacts0_ inner join addressbook contactdat1_ on contacts0_.id=contactdat1_.id where contacts0_.group_id=?
Hibernate: select contacts0_.group_id as group_id2_0_0_, contacts0_.id as id1_0_0_, contactdat1_.id as id1_1_1_, contactdat1_.address as address2_1_1_, contactdat1_.bmonth as bmonth3_1_1_, contactdat1_.byear as byear4_1_1_, contactdat1_.email as email5_1_1_, contactdat1_.email2 as email6_1_1_, contactdat1_.email3 as email7_1_1_, contactdat1_.firstname as firstnam8_1_1_, contactdat1_.home as home9_1_1_, contactdat1_.lastname as lastnam10_1_1_, contactdat1_.middlename as middlen11_1_1_, contactdat1_.mobile as mobile12_1_1_, contactdat1_.photo as photo13_1_1_, contactdat1_.work as work14_1_1_ from address_in_groups contacts0_ inner join addressbook contactdat1_ on contacts0_.id=contactdat1_.id where contacts0_.group_id=?
Hibernate: select contacts0_.group_id as group_id2_0_0_, contacts0_.id as id1_0_0_, contactdat1_.id as id1_1_1_, contactdat1_.address as address2_1_1_, contactdat1_.bmonth as bmonth3_1_1_, contactdat1_.byear as byear4_1_1_, contactdat1_.email as email5_1_1_, contactdat1_.email2 as email6_1_1_, contactdat1_.email3 as email7_1_1_, contactdat1_.firstname as firstnam8_1_1_, contactdat1_.home as home9_1_1_, contactdat1_.lastname as lastnam10_1_1_, contactdat1_.middlename as middlen11_1_1_, contactdat1_.mobile as mobile12_1_1_, contactdat1_.photo as photo13_1_1_, contactdat1_.work as work14_1_1_ from address_in_groups contacts0_ inner join addressbook contactdat1_ on contacts0_.id=contactdat1_.id where contacts0_.group_id=?
Hibernate: select contacts0_.group_id as group_id2_0_0_, contacts0_.id as id1_0_0_, contactdat1_.id as id1_1_1_, contactdat1_.address as address2_1_1_, contactdat1_.bmonth as bmonth3_1_1_, contactdat1_.byear as byear4_1_1_, contactdat1_.email as email5_1_1_, contactdat1_.email2 as email6_1_1_, contactdat1_.email3 as email7_1_1_, contactdat1_.firstname as firstnam8_1_1_, contactdat1_.home as home9_1_1_, contactdat1_.lastname as lastnam10_1_1_, contactdat1_.middlename as middlen11_1_1_, contactdat1_.mobile as mobile12_1_1_, contactdat1_.photo as photo13_1_1_, contactdat1_.work as work14_1_1_ from address_in_groups contacts0_ inner join addressbook contactdat1_ on contacts0_.id=contactdat1_.id where contacts0_.group_id=?
Hibernate: select contacts0_.group_id as group_id2_0_0_, contacts0_.id as id1_0_0_, contactdat1_.id as id1_1_1_, contactdat1_.address as address2_1_1_, contactdat1_.bmonth as bmonth3_1_1_, contactdat1_.byear as byear4_1_1_, contactdat1_.email as email5_1_1_, contactdat1_.email2 as email6_1_1_, contactdat1_.email3 as email7_1_1_, contactdat1_.firstname as firstnam8_1_1_, contactdat1_.home as home9_1_1_, contactdat1_.lastname as lastnam10_1_1_, contactdat1_.middlename as middlen11_1_1_, contactdat1_.mobile as mobile12_1_1_, contactdat1_.photo as photo13_1_1_, contactdat1_.work as work14_1_1_ from address_in_groups contacts0_ inner join addressbook contactdat1_ on contacts0_.id=contactdat1_.id where contacts0_.group_id=?
Hibernate: select contacts0_.group_id as group_id2_0_0_, contacts0_.id as id1_0_0_, contactdat1_.id as id1_1_1_, contactdat1_.address as address2_1_1_, contactdat1_.bmonth as bmonth3_1_1_, contactdat1_.byear as byear4_1_1_, contactdat1_.email as email5_1_1_, contactdat1_.email2 as email6_1_1_, contactdat1_.email3 as email7_1_1_, contactdat1_.firstname as firstnam8_1_1_, contactdat1_.home as home9_1_1_, contactdat1_.lastname as lastnam10_1_1_, contactdat1_.middlename as middlen11_1_1_, contactdat1_.mobile as mobile12_1_1_, contactdat1_.photo as photo13_1_1_, contactdat1_.work as work14_1_1_ from address_in_groups contacts0_ inner join addressbook contactdat1_ on contacts0_.id=contactdat1_.id where contacts0_.group_id=?
Hibernate: select contacts0_.group_id as group_id2_0_0_, contacts0_.id as id1_0_0_, contactdat1_.id as id1_1_1_, contactdat1_.address as address2_1_1_, contactdat1_.bmonth as bmonth3_1_1_, contactdat1_.byear as byear4_1_1_, contactdat1_.email as email5_1_1_, contactdat1_.email2 as email6_1_1_, contactdat1_.email3 as email7_1_1_, contactdat1_.firstname as firstnam8_1_1_, contactdat1_.home as home9_1_1_, contactdat1_.lastname as lastnam10_1_1_, contactdat1_.middlename as middlen11_1_1_, contactdat1_.mobile as mobile12_1_1_, contactdat1_.photo as photo13_1_1_, contactdat1_.work as work14_1_1_ from address_in_groups contacts0_ inner join addressbook contactdat1_ on contacts0_.id=contactdat1_.id where contacts0_.group_id=?
Hibernate: select contacts0_.group_id as group_id2_0_0_, contacts0_.id as id1_0_0_, contactdat1_.id as id1_1_1_, contactdat1_.address as address2_1_1_, contactdat1_.bmonth as bmonth3_1_1_, contactdat1_.byear as byear4_1_1_, contactdat1_.email as email5_1_1_, contactdat1_.email2 as email6_1_1_, contactdat1_.email3 as email7_1_1_, contactdat1_.firstname as firstnam8_1_1_, contactdat1_.home as home9_1_1_, contactdat1_.lastname as lastnam10_1_1_, contactdat1_.middlename as middlen11_1_1_, contactdat1_.mobile as mobile12_1_1_, contactdat1_.photo as photo13_1_1_, contactdat1_.work as work14_1_1_ from address_in_groups contacts0_ inner join addressbook contactdat1_ on contacts0_.id=contactdat1_.id where contacts0_.group_id=?
Hibernate: select contacts0_.group_id as group_id2_0_0_, contacts0_.id as id1_0_0_, contactdat1_.id as id1_1_1_, contactdat1_.address as address2_1_1_, contactdat1_.bmonth as bmonth3_1_1_, contactdat1_.byear as byear4_1_1_, contactdat1_.email as email5_1_1_, contactdat1_.email2 as email6_1_1_, contactdat1_.email3 as email7_1_1_, contactdat1_.firstname as firstnam8_1_1_, contactdat1_.home as home9_1_1_, contactdat1_.lastname as lastnam10_1_1_, contactdat1_.middlename as middlen11_1_1_, contactdat1_.mobile as mobile12_1_1_, contactdat1_.photo as photo13_1_1_, contactdat1_.work as work14_1_1_ from address_in_groups contacts0_ inner join addressbook contactdat1_ on contacts0_.id=contactdat1_.id where contacts0_.group_id=?
Hibernate: select contacts0_.group_id as group_id2_0_0_, contacts0_.id as id1_0_0_, contactdat1_.id as id1_1_1_, contactdat1_.address as address2_1_1_, contactdat1_.bmonth as bmonth3_1_1_, contactdat1_.byear as byear4_1_1_, contactdat1_.email as email5_1_1_, contactdat1_.email2 as email6_1_1_, contactdat1_.email3 as email7_1_1_, contactdat1_.firstname as firstnam8_1_1_, contactdat1_.home as home9_1_1_, contactdat1_.lastname as lastnam10_1_1_, contactdat1_.middlename as middlen11_1_1_, contactdat1_.mobile as mobile12_1_1_, contactdat1_.photo as photo13_1_1_, contactdat1_.work as work14_1_1_ from address_in_groups contacts0_ inner join addressbook contactdat1_ on contacts0_.id=contactdat1_.id where contacts0_.group_id=?
Hibernate: select contacts0_.group_id as group_id2_0_0_, contacts0_.id as id1_0_0_, contactdat1_.id as id1_1_1_, contactdat1_.address as address2_1_1_, contactdat1_.bmonth as bmonth3_1_1_, contactdat1_.byear as byear4_1_1_, contactdat1_.email as email5_1_1_, contactdat1_.email2 as email6_1_1_, contactdat1_.email3 as email7_1_1_, contactdat1_.firstname as firstnam8_1_1_, contactdat1_.home as home9_1_1_, contactdat1_.lastname as lastnam10_1_1_, contactdat1_.middlename as middlen11_1_1_, contactdat1_.mobile as mobile12_1_1_, contactdat1_.photo as photo13_1_1_, contactdat1_.work as work14_1_1_ from address_in_groups contacts0_ inner join addressbook contactdat1_ on contacts0_.id=contactdat1_.id where contacts0_.group_id=?
Hibernate: select contacts0_.group_id as group_id2_0_0_, contacts0_.id as id1_0_0_, contactdat1_.id as id1_1_1_, contactdat1_.address as address2_1_1_, contactdat1_.bmonth as bmonth3_1_1_, contactdat1_.byear as byear4_1_1_, contactdat1_.email as email5_1_1_, contactdat1_.email2 as email6_1_1_, contactdat1_.email3 as email7_1_1_, contactdat1_.firstname as firstnam8_1_1_, contactdat1_.home as home9_1_1_, contactdat1_.lastname as lastnam10_1_1_, contactdat1_.middlename as middlen11_1_1_, contactdat1_.mobile as mobile12_1_1_, contactdat1_.photo as photo13_1_1_, contactdat1_.work as work14_1_1_ from address_in_groups contacts0_ inner join addressbook contactdat1_ on contacts0_.id=contactdat1_.id where contacts0_.group_id=?
Hibernate: select contacts0_.group_id as group_id2_0_0_, contacts0_.id as id1_0_0_, contactdat1_.id as id1_1_1_, contactdat1_.address as address2_1_1_, contactdat1_.bmonth as bmonth3_1_1_, contactdat1_.byear as byear4_1_1_, contactdat1_.email as email5_1_1_, contactdat1_.email2 as email6_1_1_, contactdat1_.email3 as email7_1_1_, contactdat1_.firstname as firstnam8_1_1_, contactdat1_.home as home9_1_1_, contactdat1_.lastname as lastnam10_1_1_, contactdat1_.middlename as middlen11_1_1_, contactdat1_.mobile as mobile12_1_1_, contactdat1_.photo as photo13_1_1_, contactdat1_.work as work14_1_1_ from address_in_groups contacts0_ inner join addressbook contactdat1_ on contacts0_.id=contactdat1_.id where contacts0_.group_id=?
Hibernate: select contacts0_.group_id as group_id2_0_0_, contacts0_.id as id1_0_0_, contactdat1_.id as id1_1_1_, contactdat1_.address as address2_1_1_, contactdat1_.bmonth as bmonth3_1_1_, contactdat1_.byear as byear4_1_1_, contactdat1_.email as email5_1_1_, contactdat1_.email2 as email6_1_1_, contactdat1_.email3 as email7_1_1_, contactdat1_.firstname as firstnam8_1_1_, contactdat1_.home as home9_1_1_, contactdat1_.lastname as lastnam10_1_1_, contactdat1_.middlename as middlen11_1_1_, contactdat1_.mobile as mobile12_1_1_, contactdat1_.photo as photo13_1_1_, contactdat1_.work as work14_1_1_ from address_in_groups contacts0_ inner join addressbook contactdat1_ on contacts0_.id=contactdat1_.id where contacts0_.group_id=?
Hibernate: select contacts0_.group_id as group_id2_0_0_, contacts0_.id as id1_0_0_, contactdat1_.id as id1_1_1_, contactdat1_.address as address2_1_1_, contactdat1_.bmonth as bmonth3_1_1_, contactdat1_.byear as byear4_1_1_, contactdat1_.email as email5_1_1_, contactdat1_.email2 as email6_1_1_, contactdat1_.email3 as email7_1_1_, contactdat1_.firstname as firstnam8_1_1_, contactdat1_.home as home9_1_1_, contactdat1_.lastname as lastnam10_1_1_, contactdat1_.middlename as middlen11_1_1_, contactdat1_.mobile as mobile12_1_1_, contactdat1_.photo as photo13_1_1_, contactdat1_.work as work14_1_1_ from address_in_groups contacts0_ inner join addressbook contactdat1_ on contacts0_.id=contactdat1_.id where contacts0_.group_id=?
Hibernate: select contacts0_.group_id as group_id2_0_0_, contacts0_.id as id1_0_0_, contactdat1_.id as id1_1_1_, contactdat1_.address as address2_1_1_, contactdat1_.bmonth as bmonth3_1_1_, contactdat1_.byear as byear4_1_1_, contactdat1_.email as email5_1_1_, contactdat1_.email2 as email6_1_1_, contactdat1_.email3 as email7_1_1_, contactdat1_.firstname as firstnam8_1_1_, contactdat1_.home as home9_1_1_, contactdat1_.lastname as lastnam10_1_1_, contactdat1_.middlename as middlen11_1_1_, contactdat1_.mobile as mobile12_1_1_, contactdat1_.photo as photo13_1_1_, contactdat1_.work as work14_1_1_ from address_in_groups contacts0_ inner join addressbook contactdat1_ on contacts0_.id=contactdat1_.id where contacts0_.group_id=?
Hibernate: select contacts0_.group_id as group_id2_0_0_, contacts0_.id as id1_0_0_, contactdat1_.id as id1_1_1_, contactdat1_.address as address2_1_1_, contactdat1_.bmonth as bmonth3_1_1_, contactdat1_.byear as byear4_1_1_, contactdat1_.email as email5_1_1_, contactdat1_.email2 as email6_1_1_, contactdat1_.email3 as email7_1_1_, contactdat1_.firstname as firstnam8_1_1_, contactdat1_.home as home9_1_1_, contactdat1_.lastname as lastnam10_1_1_, contactdat1_.middlename as middlen11_1_1_, contactdat1_.mobile as mobile12_1_1_, contactdat1_.photo as photo13_1_1_, contactdat1_.work as work14_1_1_ from address_in_groups contacts0_ inner join addressbook contactdat1_ on contacts0_.id=contactdat1_.id where contacts0_.group_id=?
Hibernate: select contacts0_.group_id as group_id2_0_0_, contacts0_.id as id1_0_0_, contactdat1_.id as id1_1_1_, contactdat1_.address as address2_1_1_, contactdat1_.bmonth as bmonth3_1_1_, contactdat1_.byear as byear4_1_1_, contactdat1_.email as email5_1_1_, contactdat1_.email2 as email6_1_1_, contactdat1_.email3 as email7_1_1_, contactdat1_.firstname as firstnam8_1_1_, contactdat1_.home as home9_1_1_, contactdat1_.lastname as lastnam10_1_1_, contactdat1_.middlename as middlen11_1_1_, contactdat1_.mobile as mobile12_1_1_, contactdat1_.photo as photo13_1_1_, contactdat1_.work as work14_1_1_ from address_in_groups contacts0_ inner join addressbook contactdat1_ on contacts0_.id=contactdat1_.id where contacts0_.group_id=?
Hibernate: select contacts0_.group_id as group_id2_0_0_, contacts0_.id as id1_0_0_, contactdat1_.id as id1_1_1_, contactdat1_.address as address2_1_1_, contactdat1_.bmonth as bmonth3_1_1_, contactdat1_.byear as byear4_1_1_, contactdat1_.email as email5_1_1_, contactdat1_.email2 as email6_1_1_, contactdat1_.email3 as email7_1_1_, contactdat1_.firstname as firstnam8_1_1_, contactdat1_.home as home9_1_1_, contactdat1_.lastname as lastnam10_1_1_, contactdat1_.middlename as middlen11_1_1_, contactdat1_.mobile as mobile12_1_1_, contactdat1_.photo as photo13_1_1_, contactdat1_.work as work14_1_1_ from address_in_groups contacts0_ inner join addressbook contactdat1_ on contacts0_.id=contactdat1_.id where contacts0_.group_id=?
Hibernate: select contacts0_.group_id as group_id2_0_0_, contacts0_.id as id1_0_0_, contactdat1_.id as id1_1_1_, contactdat1_.address as address2_1_1_, contactdat1_.bmonth as bmonth3_1_1_, contactdat1_.byear as byear4_1_1_, contactdat1_.email as email5_1_1_, contactdat1_.email2 as email6_1_1_, contactdat1_.email3 as email7_1_1_, contactdat1_.firstname as firstnam8_1_1_, contactdat1_.home as home9_1_1_, contactdat1_.lastname as lastnam10_1_1_, contactdat1_.middlename as middlen11_1_1_, contactdat1_.mobile as mobile12_1_1_, contactdat1_.photo as photo13_1_1_, contactdat1_.work as work14_1_1_ from address_in_groups contacts0_ inner join addressbook contactdat1_ on contacts0_.id=contactdat1_.id where contacts0_.group_id=?
Hibernate: select contacts0_.group_id as group_id2_0_0_, contacts0_.id as id1_0_0_, contactdat1_.id as id1_1_1_, contactdat1_.address as address2_1_1_, contactdat1_.bmonth as bmonth3_1_1_, contactdat1_.byear as byear4_1_1_, contactdat1_.email as email5_1_1_, contactdat1_.email2 as email6_1_1_, contactdat1_.email3 as email7_1_1_, contactdat1_.firstname as firstnam8_1_1_, contactdat1_.home as home9_1_1_, contactdat1_.lastname as lastnam10_1_1_, contactdat1_.middlename as middlen11_1_1_, contactdat1_.mobile as mobile12_1_1_, contactdat1_.photo as photo13_1_1_, contactdat1_.work as work14_1_1_ from address_in_groups contacts0_ inner join addressbook contactdat1_ on contacts0_.id=contactdat1_.id where contacts0_.group_id=?
Hibernate: select contacts0_.group_id as group_id2_0_0_, contacts0_.id as id1_0_0_, contactdat1_.id as id1_1_1_, contactdat1_.address as address2_1_1_, contactdat1_.bmonth as bmonth3_1_1_, contactdat1_.byear as byear4_1_1_, contactdat1_.email as email5_1_1_, contactdat1_.email2 as email6_1_1_, contactdat1_.email3 as email7_1_1_, contactdat1_.firstname as firstnam8_1_1_, contactdat1_.home as home9_1_1_, contactdat1_.lastname as lastnam10_1_1_, contactdat1_.middlename as middlen11_1_1_, contactdat1_.mobile as mobile12_1_1_, contactdat1_.photo as photo13_1_1_, contactdat1_.work as work14_1_1_ from address_in_groups contacts0_ inner join addressbook contactdat1_ on contacts0_.id=contactdat1_.id where contacts0_.group_id=?
Hibernate: select contacts0_.group_id as group_id2_0_0_, contacts0_.id as id1_0_0_, contactdat1_.id as id1_1_1_, contactdat1_.address as address2_1_1_, contactdat1_.bmonth as bmonth3_1_1_, contactdat1_.byear as byear4_1_1_, contactdat1_.email as email5_1_1_, contactdat1_.email2 as email6_1_1_, contactdat1_.email3 as email7_1_1_, contactdat1_.firstname as firstnam8_1_1_, contactdat1_.home as home9_1_1_, contactdat1_.lastname as lastnam10_1_1_, contactdat1_.middlename as middlen11_1_1_, contactdat1_.mobile as mobile12_1_1_, contactdat1_.photo as photo13_1_1_, contactdat1_.work as work14_1_1_ from address_in_groups contacts0_ inner join addressbook contactdat1_ on contacts0_.id=contactdat1_.id where contacts0_.group_id=?
Hibernate: select contacts0_.group_id as group_id2_0_0_, contacts0_.id as id1_0_0_, contactdat1_.id as id1_1_1_, contactdat1_.address as address2_1_1_, contactdat1_.bmonth as bmonth3_1_1_, contactdat1_.byear as byear4_1_1_, contactdat1_.email as email5_1_1_, contactdat1_.email2 as email6_1_1_, contactdat1_.email3 as email7_1_1_, contactdat1_.firstname as firstnam8_1_1_, contactdat1_.home as home9_1_1_, contactdat1_.lastname as lastnam10_1_1_, contactdat1_.middlename as middlen11_1_1_, contactdat1_.mobile as mobile12_1_1_, contactdat1_.photo as photo13_1_1_, contactdat1_.work as work14_1_1_ from address_in_groups contacts0_ inner join addressbook contactdat1_ on contacts0_.id=contactdat1_.id where contacts0_.group_id=?
Hibernate: select contacts0_.group_id as group_id2_0_0_, contacts0_.id as id1_0_0_, contactdat1_.id as id1_1_1_, contactdat1_.address as address2_1_1_, contactdat1_.bmonth as bmonth3_1_1_, contactdat1_.byear as byear4_1_1_, contactdat1_.email as email5_1_1_, contactdat1_.email2 as email6_1_1_, contactdat1_.email3 as email7_1_1_, contactdat1_.firstname as firstnam8_1_1_, contactdat1_.home as home9_1_1_, contactdat1_.lastname as lastnam10_1_1_, contactdat1_.middlename as middlen11_1_1_, contactdat1_.mobile as mobile12_1_1_, contactdat1_.photo as photo13_1_1_, contactdat1_.work as work14_1_1_ from address_in_groups contacts0_ inner join addressbook contactdat1_ on contacts0_.id=contactdat1_.id where contacts0_.group_id=?
Hibernate: select contacts0_.group_id as group_id2_0_0_, contacts0_.id as id1_0_0_, contactdat1_.id as id1_1_1_, contactdat1_.address as address2_1_1_, contactdat1_.bmonth as bmonth3_1_1_, contactdat1_.byear as byear4_1_1_, contactdat1_.email as email5_1_1_, contactdat1_.email2 as email6_1_1_, contactdat1_.email3 as email7_1_1_, contactdat1_.firstname as firstnam8_1_1_, contactdat1_.home as home9_1_1_, contactdat1_.lastname as lastnam10_1_1_, contactdat1_.middlename as middlen11_1_1_, contactdat1_.mobile as mobile12_1_1_, contactdat1_.photo as photo13_1_1_, contactdat1_.work as work14_1_1_ from address_in_groups contacts0_ inner join addressbook contactdat1_ on contacts0_.id=contactdat1_.id where contacts0_.group_id=?
Hibernate: select contacts0_.group_id as group_id2_0_0_, contacts0_.id as id1_0_0_, contactdat1_.id as id1_1_1_, contactdat1_.address as address2_1_1_, contactdat1_.bmonth as bmonth3_1_1_, contactdat1_.byear as byear4_1_1_, contactdat1_.email as email5_1_1_, contactdat1_.email2 as email6_1_1_, contactdat1_.email3 as email7_1_1_, contactdat1_.firstname as firstnam8_1_1_, contactdat1_.home as home9_1_1_, contactdat1_.lastname as lastnam10_1_1_, contactdat1_.middlename as middlen11_1_1_, contactdat1_.mobile as mobile12_1_1_, contactdat1_.photo as photo13_1_1_, contactdat1_.work as work14_1_1_ from address_in_groups contacts0_ inner join addressbook contactdat1_ on contacts0_.id=contactdat1_.id where contacts0_.group_id=?
Hibernate: select contacts0_.group_id as group_id2_0_0_, contacts0_.id as id1_0_0_, contactdat1_.id as id1_1_1_, contactdat1_.address as address2_1_1_, contactdat1_.bmonth as bmonth3_1_1_, contactdat1_.byear as byear4_1_1_, contactdat1_.email as email5_1_1_, contactdat1_.email2 as email6_1_1_, contactdat1_.email3 as email7_1_1_, contactdat1_.firstname as firstnam8_1_1_, contactdat1_.home as home9_1_1_, contactdat1_.lastname as lastnam10_1_1_, contactdat1_.middlename as middlen11_1_1_, contactdat1_.mobile as mobile12_1_1_, contactdat1_.photo as photo13_1_1_, contactdat1_.work as work14_1_1_ from address_in_groups contacts0_ inner join addressbook contactdat1_ on contacts0_.id=contactdat1_.id where contacts0_.group_id=?
Hibernate: select contacts0_.group_id as group_id2_0_0_, contacts0_.id as id1_0_0_, contactdat1_.id as id1_1_1_, contactdat1_.address as address2_1_1_, contactdat1_.bmonth as bmonth3_1_1_, contactdat1_.byear as byear4_1_1_, contactdat1_.email as email5_1_1_, contactdat1_.email2 as email6_1_1_, contactdat1_.email3 as email7_1_1_, contactdat1_.firstname as firstnam8_1_1_, contactdat1_.home as home9_1_1_, contactdat1_.lastname as lastnam10_1_1_, contactdat1_.middlename as middlen11_1_1_, contactdat1_.mobile as mobile12_1_1_, contactdat1_.photo as photo13_1_1_, contactdat1_.work as work14_1_1_ from address_in_groups contacts0_ inner join addressbook contactdat1_ on contacts0_.id=contactdat1_.id where contacts0_.group_id=?
Hibernate: select contacts0_.group_id as group_id2_0_0_, contacts0_.id as id1_0_0_, contactdat1_.id as id1_1_1_, contactdat1_.address as address2_1_1_, contactdat1_.bmonth as bmonth3_1_1_, contactdat1_.byear as byear4_1_1_, contactdat1_.email as email5_1_1_, contactdat1_.email2 as email6_1_1_, contactdat1_.email3 as email7_1_1_, contactdat1_.firstname as firstnam8_1_1_, contactdat1_.home as home9_1_1_, contactdat1_.lastname as lastnam10_1_1_, contactdat1_.middlename as middlen11_1_1_, contactdat1_.mobile as mobile12_1_1_, contactdat1_.photo as photo13_1_1_, contactdat1_.work as work14_1_1_ from address_in_groups contacts0_ inner join addressbook contactdat1_ on contacts0_.id=contactdat1_.id where contacts0_.group_id=?
Hibernate: select contacts0_.group_id as group_id2_0_0_, contacts0_.id as id1_0_0_, contactdat1_.id as id1_1_1_, contactdat1_.address as address2_1_1_, contactdat1_.bmonth as bmonth3_1_1_, contactdat1_.byear as byear4_1_1_, contactdat1_.email as email5_1_1_, contactdat1_.email2 as email6_1_1_, contactdat1_.email3 as email7_1_1_, contactdat1_.firstname as firstnam8_1_1_, contactdat1_.home as home9_1_1_, contactdat1_.lastname as lastnam10_1_1_, contactdat1_.middlename as middlen11_1_1_, contactdat1_.mobile as mobile12_1_1_, contactdat1_.photo as photo13_1_1_, contactdat1_.work as work14_1_1_ from address_in_groups contacts0_ inner join addressbook contactdat1_ on contacts0_.id=contactdat1_.id where contacts0_.group_id=?
Hibernate: select contacts0_.group_id as group_id2_0_0_, contacts0_.id as id1_0_0_, contactdat1_.id as id1_1_1_, contactdat1_.address as address2_1_1_, contactdat1_.bmonth as bmonth3_1_1_, contactdat1_.byear as byear4_1_1_, contactdat1_.email as email5_1_1_, contactdat1_.email2 as email6_1_1_, contactdat1_.email3 as email7_1_1_, contactdat1_.firstname as firstnam8_1_1_, contactdat1_.home as home9_1_1_, contactdat1_.lastname as lastnam10_1_1_, contactdat1_.middlename as middlen11_1_1_, contactdat1_.mobile as mobile12_1_1_, contactdat1_.photo as photo13_1_1_, contactdat1_.work as work14_1_1_ from address_in_groups contacts0_ inner join addressbook contactdat1_ on contacts0_.id=contactdat1_.id where contacts0_.group_id=?
Hibernate: select contacts0_.group_id as group_id2_0_0_, contacts0_.id as id1_0_0_, contactdat1_.id as id1_1_1_, contactdat1_.address as address2_1_1_, contactdat1_.bmonth as bmonth3_1_1_, contactdat1_.byear as byear4_1_1_, contactdat1_.email as email5_1_1_, contactdat1_.email2 as email6_1_1_, contactdat1_.email3 as email7_1_1_, contactdat1_.firstname as firstnam8_1_1_, contactdat1_.home as home9_1_1_, contactdat1_.lastname as lastnam10_1_1_, contactdat1_.middlename as middlen11_1_1_, contactdat1_.mobile as mobile12_1_1_, contactdat1_.photo as photo13_1_1_, contactdat1_.work as work14_1_1_ from address_in_groups contacts0_ inner join addressbook contactdat1_ on contacts0_.id=contactdat1_.id where contacts0_.group_id=?
Hibernate: select contacts0_.group_id as group_id2_0_0_, contacts0_.id as id1_0_0_, contactdat1_.id as id1_1_1_, contactdat1_.address as address2_1_1_, contactdat1_.bmonth as bmonth3_1_1_, contactdat1_.byear as byear4_1_1_, contactdat1_.email as email5_1_1_, contactdat1_.email2 as email6_1_1_, contactdat1_.email3 as email7_1_1_, contactdat1_.firstname as firstnam8_1_1_, contactdat1_.home as home9_1_1_, contactdat1_.lastname as lastnam10_1_1_, contactdat1_.middlename as middlen11_1_1_, contactdat1_.mobile as mobile12_1_1_, contactdat1_.photo as photo13_1_1_, contactdat1_.work as work14_1_1_ from address_in_groups contacts0_ inner join addressbook contactdat1_ on contacts0_.id=contactdat1_.id where contacts0_.group_id=?
Hibernate: select contacts0_.group_id as group_id2_0_0_, contacts0_.id as id1_0_0_, contactdat1_.id as id1_1_1_, contactdat1_.address as address2_1_1_, contactdat1_.bmonth as bmonth3_1_1_, contactdat1_.byear as byear4_1_1_, contactdat1_.email as email5_1_1_, contactdat1_.email2 as email6_1_1_, contactdat1_.email3 as email7_1_1_, contactdat1_.firstname as firstnam8_1_1_, contactdat1_.home as home9_1_1_, contactdat1_.lastname as lastnam10_1_1_, contactdat1_.middlename as middlen11_1_1_, contactdat1_.mobile as mobile12_1_1_, contactdat1_.photo as photo13_1_1_, contactdat1_.work as work14_1_1_ from address_in_groups contacts0_ inner join addressbook contactdat1_ on contacts0_.id=contactdat1_.id where contacts0_.group_id=?
Hibernate: select contacts0_.group_id as group_id2_0_0_, contacts0_.id as id1_0_0_, contactdat1_.id as id1_1_1_, contactdat1_.address as address2_1_1_, contactdat1_.bmonth as bmonth3_1_1_, contactdat1_.byear as byear4_1_1_, contactdat1_.email as email5_1_1_, contactdat1_.email2 as email6_1_1_, contactdat1_.email3 as email7_1_1_, contactdat1_.firstname as firstnam8_1_1_, contactdat1_.home as home9_1_1_, contactdat1_.lastname as lastnam10_1_1_, contactdat1_.middlename as middlen11_1_1_, contactdat1_.mobile as mobile12_1_1_, contactdat1_.photo as photo13_1_1_, contactdat1_.work as work14_1_1_ from address_in_groups contacts0_ inner join addressbook contactdat1_ on contacts0_.id=contactdat1_.id where contacts0_.group_id=?
Hibernate: select contacts0_.group_id as group_id2_0_0_, contacts0_.id as id1_0_0_, contactdat1_.id as id1_1_1_, contactdat1_.address as address2_1_1_, contactdat1_.bmonth as bmonth3_1_1_, contactdat1_.byear as byear4_1_1_, contactdat1_.email as email5_1_1_, contactdat1_.email2 as email6_1_1_, contactdat1_.email3 as email7_1_1_, contactdat1_.firstname as firstnam8_1_1_, contactdat1_.home as home9_1_1_, contactdat1_.lastname as lastnam10_1_1_, contactdat1_.middlename as middlen11_1_1_, contactdat1_.mobile as mobile12_1_1_, contactdat1_.photo as photo13_1_1_, contactdat1_.work as work14_1_1_ from address_in_groups contacts0_ inner join addressbook contactdat1_ on contacts0_.id=contactdat1_.id where contacts0_.group_id=?
Hibernate: select contacts0_.group_id as group_id2_0_0_, contacts0_.id as id1_0_0_, contactdat1_.id as id1_1_1_, contactdat1_.address as address2_1_1_, contactdat1_.bmonth as bmonth3_1_1_, contactdat1_.byear as byear4_1_1_, contactdat1_.email as email5_1_1_, contactdat1_.email2 as email6_1_1_, contactdat1_.email3 as email7_1_1_, contactdat1_.firstname as firstnam8_1_1_, contactdat1_.home as home9_1_1_, contactdat1_.lastname as lastnam10_1_1_, contactdat1_.middlename as middlen11_1_1_, contactdat1_.mobile as mobile12_1_1_, contactdat1_.photo as photo13_1_1_, contactdat1_.work as work14_1_1_ from address_in_groups contacts0_ inner join addressbook contactdat1_ on contacts0_.id=contactdat1_.id where contacts0_.group_id=?
Hibernate: select contacts0_.group_id as group_id2_0_0_, contacts0_.id as id1_0_0_, contactdat1_.id as id1_1_1_, contactdat1_.address as address2_1_1_, contactdat1_.bmonth as bmonth3_1_1_, contactdat1_.byear as byear4_1_1_, contactdat1_.email as email5_1_1_, contactdat1_.email2 as email6_1_1_, contactdat1_.email3 as email7_1_1_, contactdat1_.firstname as firstnam8_1_1_, contactdat1_.home as home9_1_1_, contactdat1_.lastname as lastnam10_1_1_, contactdat1_.middlename as middlen11_1_1_, contactdat1_.mobile as mobile12_1_1_, contactdat1_.photo as photo13_1_1_, contactdat1_.work as work14_1_1_ from address_in_groups contacts0_ inner join addressbook contactdat1_ on contacts0_.id=contactdat1_.id where contacts0_.group_id=?
Hibernate: select contacts0_.group_id as group_id2_0_0_, contacts0_.id as id1_0_0_, contactdat1_.id as id1_1_1_, contactdat1_.address as address2_1_1_, contactdat1_.bmonth as bmonth3_1_1_, contactdat1_.byear as byear4_1_1_, contactdat1_.email as email5_1_1_, contactdat1_.email2 as email6_1_1_, contactdat1_.email3 as email7_1_1_, contactdat1_.firstname as firstnam8_1_1_, contactdat1_.home as home9_1_1_, contactdat1_.lastname as lastnam10_1_1_, contactdat1_.middlename as middlen11_1_1_, contactdat1_.mobile as mobile12_1_1_, contactdat1_.photo as photo13_1_1_, contactdat1_.work as work14_1_1_ from address_in_groups contacts0_ inner join addressbook contactdat1_ on contacts0_.id=contactdat1_.id where contacts0_.group_id=?
Hibernate: select contacts0_.group_id as group_id2_0_0_, contacts0_.id as id1_0_0_, contactdat1_.id as id1_1_1_, contactdat1_.address as address2_1_1_, contactdat1_.bmonth as bmonth3_1_1_, contactdat1_.byear as byear4_1_1_, contactdat1_.email as email5_1_1_, contactdat1_.email2 as email6_1_1_, contactdat1_.email3 as email7_1_1_, contactdat1_.firstname as firstnam8_1_1_, contactdat1_.home as home9_1_1_, contactdat1_.lastname as lastnam10_1_1_, contactdat1_.middlename as middlen11_1_1_, contactdat1_.mobile as mobile12_1_1_, contactdat1_.photo as photo13_1_1_, contactdat1_.work as work14_1_1_ from address_in_groups contacts0_ inner join addressbook contactdat1_ on contacts0_.id=contactdat1_.id where contacts0_.group_id=?
Hibernate: select contacts0_.group_id as group_id2_0_0_, contacts0_.id as id1_0_0_, contactdat1_.id as id1_1_1_, contactdat1_.address as address2_1_1_, contactdat1_.bmonth as bmonth3_1_1_, contactdat1_.byear as byear4_1_1_, contactdat1_.email as email5_1_1_, contactdat1_.email2 as email6_1_1_, contactdat1_.email3 as email7_1_1_, contactdat1_.firstname as firstnam8_1_1_, contactdat1_.home as home9_1_1_, contactdat1_.lastname as lastnam10_1_1_, contactdat1_.middlename as middlen11_1_1_, contactdat1_.mobile as mobile12_1_1_, contactdat1_.photo as photo13_1_1_, contactdat1_.work as work14_1_1_ from address_in_groups contacts0_ inner join addressbook contactdat1_ on contacts0_.id=contactdat1_.id where contacts0_.group_id=?
Hibernate: select contacts0_.group_id as group_id2_0_0_, contacts0_.id as id1_0_0_, contactdat1_.id as id1_1_1_, contactdat1_.address as address2_1_1_, contactdat1_.bmonth as bmonth3_1_1_, contactdat1_.byear as byear4_1_1_, contactdat1_.email as email5_1_1_, contactdat1_.email2 as email6_1_1_, contactdat1_.email3 as email7_1_1_, contactdat1_.firstname as firstnam8_1_1_, contactdat1_.home as home9_1_1_, contactdat1_.lastname as lastnam10_1_1_, contactdat1_.middlename as middlen11_1_1_, contactdat1_.mobile as mobile12_1_1_, contactdat1_.photo as photo13_1_1_, contactdat1_.work as work14_1_1_ from address_in_groups contacts0_ inner join addressbook contactdat1_ on contacts0_.id=contactdat1_.id where contacts0_.group_id=?
Hibernate: select contacts0_.group_id as group_id2_0_0_, contacts0_.id as id1_0_0_, contactdat1_.id as id1_1_1_, contactdat1_.address as address2_1_1_, contactdat1_.bmonth as bmonth3_1_1_, contactdat1_.byear as byear4_1_1_, contactdat1_.email as email5_1_1_, contactdat1_.email2 as email6_1_1_, contactdat1_.email3 as email7_1_1_, contactdat1_.firstname as firstnam8_1_1_, contactdat1_.home as home9_1_1_, contactdat1_.lastname as lastnam10_1_1_, contactdat1_.middlename as middlen11_1_1_, contactdat1_.mobile as mobile12_1_1_, contactdat1_.photo as photo13_1_1_, contactdat1_.work as work14_1_1_ from address_in_groups contacts0_ inner join addressbook contactdat1_ on contacts0_.id=contactdat1_.id where contacts0_.group_id=?
Hibernate: select contacts0_.group_id as group_id2_0_0_, contacts0_.id as id1_0_0_, contactdat1_.id as id1_1_1_, contactdat1_.address as address2_1_1_, contactdat1_.bmonth as bmonth3_1_1_, contactdat1_.byear as byear4_1_1_, contactdat1_.email as email5_1_1_, contactdat1_.email2 as email6_1_1_, contactdat1_.email3 as email7_1_1_, contactdat1_.firstname as firstnam8_1_1_, contactdat1_.home as home9_1_1_, contactdat1_.lastname as lastnam10_1_1_, contactdat1_.middlename as middlen11_1_1_, contactdat1_.mobile as mobile12_1_1_, contactdat1_.photo as photo13_1_1_, contactdat1_.work as work14_1_1_ from address_in_groups contacts0_ inner join addressbook contactdat1_ on contacts0_.id=contactdat1_.id where contacts0_.group_id=?
Hibernate: select contacts0_.group_id as group_id2_0_0_, contacts0_.id as id1_0_0_, contactdat1_.id as id1_1_1_, contactdat1_.address as address2_1_1_, contactdat1_.bmonth as bmonth3_1_1_, contactdat1_.byear as byear4_1_1_, contactdat1_.email as email5_1_1_, contactdat1_.email2 as email6_1_1_, contactdat1_.email3 as email7_1_1_, contactdat1_.firstname as firstnam8_1_1_, contactdat1_.home as home9_1_1_, contactdat1_.lastname as lastnam10_1_1_, contactdat1_.middlename as middlen11_1_1_, contactdat1_.mobile as mobile12_1_1_, contactdat1_.photo as photo13_1_1_, contactdat1_.work as work14_1_1_ from address_in_groups contacts0_ inner join addressbook contactdat1_ on contacts0_.id=contactdat1_.id where contacts0_.group_id=?
Hibernate: select contacts0_.group_id as group_id2_0_0_, contacts0_.id as id1_0_0_, contactdat1_.id as id1_1_1_, contactdat1_.address as address2_1_1_, contactdat1_.bmonth as bmonth3_1_1_, contactdat1_.byear as byear4_1_1_, contactdat1_.email as email5_1_1_, contactdat1_.email2 as email6_1_1_, contactdat1_.email3 as email7_1_1_, contactdat1_.firstname as firstnam8_1_1_, contactdat1_.home as home9_1_1_, contactdat1_.lastname as lastnam10_1_1_, contactdat1_.middlename as middlen11_1_1_, contactdat1_.mobile as mobile12_1_1_, contactdat1_.photo as photo13_1_1_, contactdat1_.work as work14_1_1_ from address_in_groups contacts0_ inner join addressbook contactdat1_ on contacts0_.id=contactdat1_.id where contacts0_.group_id=?
Hibernate: select contacts0_.group_id as group_id2_0_0_, contacts0_.id as id1_0_0_, contactdat1_.id as id1_1_1_, contactdat1_.address as address2_1_1_, contactdat1_.bmonth as bmonth3_1_1_, contactdat1_.byear as byear4_1_1_, contactdat1_.email as email5_1_1_, contactdat1_.email2 as email6_1_1_, contactdat1_.email3 as email7_1_1_, contactdat1_.firstname as firstnam8_1_1_, contactdat1_.home as home9_1_1_, contactdat1_.lastname as lastnam10_1_1_, contactdat1_.middlename as middlen11_1_1_, contactdat1_.mobile as mobile12_1_1_, contactdat1_.photo as photo13_1_1_, contactdat1_.work as work14_1_1_ from address_in_groups contacts0_ inner join addressbook contactdat1_ on contacts0_.id=contactdat1_.id where contacts0_.group_id=?
Hibernate: select contacts0_.group_id as group_id2_0_0_, contacts0_.id as id1_0_0_, contactdat1_.id as id1_1_1_, contactdat1_.address as address2_1_1_, contactdat1_.bmonth as bmonth3_1_1_, contactdat1_.byear as byear4_1_1_, contactdat1_.email as email5_1_1_, contactdat1_.email2 as email6_1_1_, contactdat1_.email3 as email7_1_1_, contactdat1_.firstname as firstnam8_1_1_, contactdat1_.home as home9_1_1_, contactdat1_.lastname as lastnam10_1_1_, contactdat1_.middlename as middlen11_1_1_, contactdat1_.mobile as mobile12_1_1_, contactdat1_.photo as photo13_1_1_, contactdat1_.work as work14_1_1_ from address_in_groups contacts0_ inner join addressbook contactdat1_ on contacts0_.id=contactdat1_.id where contacts0_.group_id=?
Hibernate: select contacts0_.group_id as group_id2_0_0_, contacts0_.id as id1_0_0_, contactdat1_.id as id1_1_1_, contactdat1_.address as address2_1_1_, contactdat1_.bmonth as bmonth3_1_1_, contactdat1_.byear as byear4_1_1_, contactdat1_.email as email5_1_1_, contactdat1_.email2 as email6_1_1_, contactdat1_.email3 as email7_1_1_, contactdat1_.firstname as firstnam8_1_1_, contactdat1_.home as home9_1_1_, contactdat1_.lastname as lastnam10_1_1_, contactdat1_.middlename as middlen11_1_1_, contactdat1_.mobile as mobile12_1_1_, contactdat1_.photo as photo13_1_1_, contactdat1_.work as work14_1_1_ from address_in_groups contacts0_ inner join addressbook contactdat1_ on contacts0_.id=contactdat1_.id where contacts0_.group_id=?
Hibernate: select contacts0_.group_id as group_id2_0_0_, contacts0_.id as id1_0_0_, contactdat1_.id as id1_1_1_, contactdat1_.address as address2_1_1_, contactdat1_.bmonth as bmonth3_1_1_, contactdat1_.byear as byear4_1_1_, contactdat1_.email as email5_1_1_, contactdat1_.email2 as email6_1_1_, contactdat1_.email3 as email7_1_1_, contactdat1_.firstname as firstnam8_1_1_, contactdat1_.home as home9_1_1_, contactdat1_.lastname as lastnam10_1_1_, contactdat1_.middlename as middlen11_1_1_, contactdat1_.mobile as mobile12_1_1_, contactdat1_.photo as photo13_1_1_, contactdat1_.work as work14_1_1_ from address_in_groups contacts0_ inner join addressbook contactdat1_ on contacts0_.id=contactdat1_.id where contacts0_.group_id=?
Hibernate: select contacts0_.group_id as group_id2_0_0_, contacts0_.id as id1_0_0_, contactdat1_.id as id1_1_1_, contactdat1_.address as address2_1_1_, contactdat1_.bmonth as bmonth3_1_1_, contactdat1_.byear as byear4_1_1_, contactdat1_.email as email5_1_1_, contactdat1_.email2 as email6_1_1_, contactdat1_.email3 as email7_1_1_, contactdat1_.firstname as firstnam8_1_1_, contactdat1_.home as home9_1_1_, contactdat1_.lastname as lastnam10_1_1_, contactdat1_.middlename as middlen11_1_1_, contactdat1_.mobile as mobile12_1_1_, contactdat1_.photo as photo13_1_1_, contactdat1_.work as work14_1_1_ from address_in_groups contacts0_ inner join addressbook contactdat1_ on contacts0_.id=contactdat1_.id where contacts0_.group_id=?
Hibernate: select contacts0_.group_id as group_id2_0_0_, contacts0_.id as id1_0_0_, contactdat1_.id as id1_1_1_, contactdat1_.address as address2_1_1_, contactdat1_.bmonth as bmonth3_1_1_, contactdat1_.byear as byear4_1_1_, contactdat1_.email as email5_1_1_, contactdat1_.email2 as email6_1_1_, contactdat1_.email3 as email7_1_1_, contactdat1_.firstname as firstnam8_1_1_, contactdat1_.home as home9_1_1_, contactdat1_.lastname as lastnam10_1_1_, contactdat1_.middlename as middlen11_1_1_, contactdat1_.mobile as mobile12_1_1_, contactdat1_.photo as photo13_1_1_, contactdat1_.work as work14_1_1_ from address_in_groups contacts0_ inner join addressbook contactdat1_ on contacts0_.id=contactdat1_.id where contacts0_.group_id=?
Hibernate: select contacts0_.group_id as group_id2_0_0_, contacts0_.id as id1_0_0_, contactdat1_.id as id1_1_1_, contactdat1_.address as address2_1_1_, contactdat1_.bmonth as bmonth3_1_1_, contactdat1_.byear as byear4_1_1_, contactdat1_.email as email5_1_1_, contactdat1_.email2 as email6_1_1_, contactdat1_.email3 as email7_1_1_, contactdat1_.firstname as firstnam8_1_1_, contactdat1_.home as home9_1_1_, contactdat1_.lastname as lastnam10_1_1_, contactdat1_.middlename as middlen11_1_1_, contactdat1_.mobile as mobile12_1_1_, contactdat1_.photo as photo13_1_1_, contactdat1_.work as work14_1_1_ from address_in_groups contacts0_ inner join addressbook contactdat1_ on contacts0_.id=contactdat1_.id where contacts0_.group_id=?
Hibernate: select contacts0_.group_id as group_id2_0_0_, contacts0_.id as id1_0_0_, contactdat1_.id as id1_1_1_, contactdat1_.address as address2_1_1_, contactdat1_.bmonth as bmonth3_1_1_, contactdat1_.byear as byear4_1_1_, contactdat1_.email as email5_1_1_, contactdat1_.email2 as email6_1_1_, contactdat1_.email3 as email7_1_1_, contactdat1_.firstname as firstnam8_1_1_, contactdat1_.home as home9_1_1_, contactdat1_.lastname as lastnam10_1_1_, contactdat1_.middlename as middlen11_1_1_, contactdat1_.mobile as mobile12_1_1_, contactdat1_.photo as photo13_1_1_, contactdat1_.work as work14_1_1_ from address_in_groups contacts0_ inner join addressbook contactdat1_ on contacts0_.id=contactdat1_.id where contacts0_.group_id=?
Hibernate: select contacts0_.group_id as group_id2_0_0_, contacts0_.id as id1_0_0_, contactdat1_.id as id1_1_1_, contactdat1_.address as address2_1_1_, contactdat1_.bmonth as bmonth3_1_1_, contactdat1_.byear as byear4_1_1_, contactdat1_.email as email5_1_1_, contactdat1_.email2 as email6_1_1_, contactdat1_.email3 as email7_1_1_, contactdat1_.firstname as firstnam8_1_1_, contactdat1_.home as home9_1_1_, contactdat1_.lastname as lastnam10_1_1_, contactdat1_.middlename as middlen11_1_1_, contactdat1_.mobile as mobile12_1_1_, contactdat1_.photo as photo13_1_1_, contactdat1_.work as work14_1_1_ from address_in_groups contacts0_ inner join addressbook contactdat1_ on contacts0_.id=contactdat1_.id where contacts0_.group_id=?
Hibernate: select contacts0_.group_id as group_id2_0_0_, contacts0_.id as id1_0_0_, contactdat1_.id as id1_1_1_, contactdat1_.address as address2_1_1_, contactdat1_.bmonth as bmonth3_1_1_, contactdat1_.byear as byear4_1_1_, contactdat1_.email as email5_1_1_, contactdat1_.email2 as email6_1_1_, contactdat1_.email3 as email7_1_1_, contactdat1_.firstname as firstnam8_1_1_, contactdat1_.home as home9_1_1_, contactdat1_.lastname as lastnam10_1_1_, contactdat1_.middlename as middlen11_1_1_, contactdat1_.mobile as mobile12_1_1_, contactdat1_.photo as photo13_1_1_, contactdat1_.work as work14_1_1_ from address_in_groups contacts0_ inner join addressbook contactdat1_ on contacts0_.id=contactdat1_.id where contacts0_.group_id=?
Hibernate: select contacts0_.group_id as group_id2_0_0_, contacts0_.id as id1_0_0_, contactdat1_.id as id1_1_1_, contactdat1_.address as address2_1_1_, contactdat1_.bmonth as bmonth3_1_1_, contactdat1_.byear as byear4_1_1_, contactdat1_.email as email5_1_1_, contactdat1_.email2 as email6_1_1_, contactdat1_.email3 as email7_1_1_, contactdat1_.firstname as firstnam8_1_1_, contactdat1_.home as home9_1_1_, contactdat1_.lastname as lastnam10_1_1_, contactdat1_.middlename as middlen11_1_1_, contactdat1_.mobile as mobile12_1_1_, contactdat1_.photo as photo13_1_1_, contactdat1_.work as work14_1_1_ from address_in_groups contacts0_ inner join addressbook contactdat1_ on contacts0_.id=contactdat1_.id where contacts0_.group_id=?
Hibernate: select contacts0_.group_id as group_id2_0_0_, contacts0_.id as id1_0_0_, contactdat1_.id as id1_1_1_, contactdat1_.address as address2_1_1_, contactdat1_.bmonth as bmonth3_1_1_, contactdat1_.byear as byear4_1_1_, contactdat1_.email as email5_1_1_, contactdat1_.email2 as email6_1_1_, contactdat1_.email3 as email7_1_1_, contactdat1_.firstname as firstnam8_1_1_, contactdat1_.home as home9_1_1_, contactdat1_.lastname as lastnam10_1_1_, contactdat1_.middlename as middlen11_1_1_, contactdat1_.mobile as mobile12_1_1_, contactdat1_.photo as photo13_1_1_, contactdat1_.work as work14_1_1_ from address_in_groups contacts0_ inner join addressbook contactdat1_ on contacts0_.id=contactdat1_.id where contacts0_.group_id=?
Hibernate: select contacts0_.group_id as group_id2_0_0_, contacts0_.id as id1_0_0_, contactdat1_.id as id1_1_1_, contactdat1_.address as address2_1_1_, contactdat1_.bmonth as bmonth3_1_1_, contactdat1_.byear as byear4_1_1_, contactdat1_.email as email5_1_1_, contactdat1_.email2 as email6_1_1_, contactdat1_.email3 as email7_1_1_, contactdat1_.firstname as firstnam8_1_1_, contactdat1_.home as home9_1_1_, contactdat1_.lastname as lastnam10_1_1_, contactdat1_.middlename as middlen11_1_1_, contactdat1_.mobile as mobile12_1_1_, contactdat1_.photo as photo13_1_1_, contactdat1_.work as work14_1_1_ from address_in_groups contacts0_ inner join addressbook contactdat1_ on contacts0_.id=contactdat1_.id where contacts0_.group_id=?
Hibernate: select contacts0_.group_id as group_id2_0_0_, contacts0_.id as id1_0_0_, contactdat1_.id as id1_1_1_, contactdat1_.address as address2_1_1_, contactdat1_.bmonth as bmonth3_1_1_, contactdat1_.byear as byear4_1_1_, contactdat1_.email as email5_1_1_, contactdat1_.email2 as email6_1_1_, contactdat1_.email3 as email7_1_1_, contactdat1_.firstname as firstnam8_1_1_, contactdat1_.home as home9_1_1_, contactdat1_.lastname as lastnam10_1_1_, contactdat1_.middlename as middlen11_1_1_, contactdat1_.mobile as mobile12_1_1_, contactdat1_.photo as photo13_1_1_, contactdat1_.work as work14_1_1_ from address_in_groups contacts0_ inner join addressbook contactdat1_ on contacts0_.id=contactdat1_.id where contacts0_.group_id=?
Hibernate: select contacts0_.group_id as group_id2_0_0_, contacts0_.id as id1_0_0_, contactdat1_.id as id1_1_1_, contactdat1_.address as address2_1_1_, contactdat1_.bmonth as bmonth3_1_1_, contactdat1_.byear as byear4_1_1_, contactdat1_.email as email5_1_1_, contactdat1_.email2 as email6_1_1_, contactdat1_.email3 as email7_1_1_, contactdat1_.firstname as firstnam8_1_1_, contactdat1_.home as home9_1_1_, contactdat1_.lastname as lastnam10_1_1_, contactdat1_.middlename as middlen11_1_1_, contactdat1_.mobile as mobile12_1_1_, contactdat1_.photo as photo13_1_1_, contactdat1_.work as work14_1_1_ from address_in_groups contacts0_ inner join addressbook contactdat1_ on contacts0_.id=contactdat1_.id where contacts0_.group_id=?
Hibernate: select contacts0_.group_id as group_id2_0_0_, contacts0_.id as id1_0_0_, contactdat1_.id as id1_1_1_, contactdat1_.address as address2_1_1_, contactdat1_.bmonth as bmonth3_1_1_, contactdat1_.byear as byear4_1_1_, contactdat1_.email as email5_1_1_, contactdat1_.email2 as email6_1_1_, contactdat1_.email3 as email7_1_1_, contactdat1_.firstname as firstnam8_1_1_, contactdat1_.home as home9_1_1_, contactdat1_.lastname as lastnam10_1_1_, contactdat1_.middlename as middlen11_1_1_, contactdat1_.mobile as mobile12_1_1_, contactdat1_.photo as photo13_1_1_, contactdat1_.work as work14_1_1_ from address_in_groups contacts0_ inner join addressbook contactdat1_ on contacts0_.id=contactdat1_.id where contacts0_.group_id=?
Hibernate: select contacts0_.group_id as group_id2_0_0_, contacts0_.id as id1_0_0_, contactdat1_.id as id1_1_1_, contactdat1_.address as address2_1_1_, contactdat1_.bmonth as bmonth3_1_1_, contactdat1_.byear as byear4_1_1_, contactdat1_.email as email5_1_1_, contactdat1_.email2 as email6_1_1_, contactdat1_.email3 as email7_1_1_, contactdat1_.firstname as firstnam8_1_1_, contactdat1_.home as home9_1_1_, contactdat1_.lastname as lastnam10_1_1_, contactdat1_.middlename as middlen11_1_1_, contactdat1_.mobile as mobile12_1_1_, contactdat1_.photo as photo13_1_1_, contactdat1_.work as work14_1_1_ from address_in_groups contacts0_ inner join addressbook contactdat1_ on contacts0_.id=contactdat1_.id where contacts0_.group_id=?
Hibernate: select contacts0_.group_id as group_id2_0_0_, contacts0_.id as id1_0_0_, contactdat1_.id as id1_1_1_, contactdat1_.address as address2_1_1_, contactdat1_.bmonth as bmonth3_1_1_, contactdat1_.byear as byear4_1_1_, contactdat1_.email as email5_1_1_, contactdat1_.email2 as email6_1_1_, contactdat1_.email3 as email7_1_1_, contactdat1_.firstname as firstnam8_1_1_, contactdat1_.home as home9_1_1_, contactdat1_.lastname as lastnam10_1_1_, contactdat1_.middlename as middlen11_1_1_, contactdat1_.mobile as mobile12_1_1_, contactdat1_.photo as photo13_1_1_, contactdat1_.work as work14_1_1_ from address_in_groups contacts0_ inner join addressbook contactdat1_ on contacts0_.id=contactdat1_.id where contacts0_.group_id=?
Hibernate: select contacts0_.group_id as group_id2_0_0_, contacts0_.id as id1_0_0_, contactdat1_.id as id1_1_1_, contactdat1_.address as address2_1_1_, contactdat1_.bmonth as bmonth3_1_1_, contactdat1_.byear as byear4_1_1_, contactdat1_.email as email5_1_1_, contactdat1_.email2 as email6_1_1_, contactdat1_.email3 as email7_1_1_, contactdat1_.firstname as firstnam8_1_1_, contactdat1_.home as home9_1_1_, contactdat1_.lastname as lastnam10_1_1_, contactdat1_.middlename as middlen11_1_1_, contactdat1_.mobile as mobile12_1_1_, contactdat1_.photo as photo13_1_1_, contactdat1_.work as work14_1_1_ from address_in_groups contacts0_ inner join addressbook contactdat1_ on contacts0_.id=contactdat1_.id where contacts0_.group_id=?
Hibernate: select contacts0_.group_id as group_id2_0_0_, contacts0_.id as id1_0_0_, contactdat1_.id as id1_1_1_, contactdat1_.address as address2_1_1_, contactdat1_.bmonth as bmonth3_1_1_, contactdat1_.byear as byear4_1_1_, contactdat1_.email as email5_1_1_, contactdat1_.email2 as email6_1_1_, contactdat1_.email3 as email7_1_1_, contactdat1_.firstname as firstnam8_1_1_, contactdat1_.home as home9_1_1_, contactdat1_.lastname as lastnam10_1_1_, contactdat1_.middlename as middlen11_1_1_, contactdat1_.mobile as mobile12_1_1_, contactdat1_.photo as photo13_1_1_, contactdat1_.work as work14_1_1_ from address_in_groups contacts0_ inner join addressbook contactdat1_ on contacts0_.id=contactdat1_.id where contacts0_.group_id=?
Hibernate: select groupdata0_.group_id as group_id1_2_, groupdata0_.group_footer as group_fo2_2_, groupdata0_.group_header as group_he3_2_, groupdata0_.group_name as group_na4_2_ from group_list groupdata0_
Hibernate: select contacts0_.group_id as group_id2_0_0_, contacts0_.id as id1_0_0_, contactdat1_.id as id1_1_1_, contactdat1_.address as address2_1_1_, contactdat1_.bmonth as bmonth3_1_1_, contactdat1_.byear as byear4_1_1_, contactdat1_.email as email5_1_1_, contactdat1_.email2 as email6_1_1_, contactdat1_.email3 as email7_1_1_, contactdat1_.firstname as firstnam8_1_1_, contactdat1_.home as home9_1_1_, contactdat1_.lastname as lastnam10_1_1_, contactdat1_.middlename as middlen11_1_1_, contactdat1_.mobile as mobile12_1_1_, contactdat1_.photo as photo13_1_1_, contactdat1_.work as work14_1_1_ from address_in_groups contacts0_ inner join addressbook contactdat1_ on contacts0_.id=contactdat1_.id where contacts0_.group_id=?
Hibernate: select contacts0_.group_id as group_id2_0_0_, contacts0_.id as id1_0_0_, contactdat1_.id as id1_1_1_, contactdat1_.address as address2_1_1_, contactdat1_.bmonth as bmonth3_1_1_, contactdat1_.byear as byear4_1_1_, contactdat1_.email as email5_1_1_, contactdat1_.email2 as email6_1_1_, contactdat1_.email3 as email7_1_1_, contactdat1_.firstname as firstnam8_1_1_, contactdat1_.home as home9_1_1_, contactdat1_.lastname as lastnam10_1_1_, contactdat1_.middlename as middlen11_1_1_, contactdat1_.mobile as mobile12_1_1_, contactdat1_.photo as photo13_1_1_, contactdat1_.work as work14_1_1_ from address_in_groups contacts0_ inner join addressbook contactdat1_ on contacts0_.id=contactdat1_.id where contacts0_.group_id=?
Hibernate: select contacts0_.group_id as group_id2_0_0_, contacts0_.id as id1_0_0_, contactdat1_.id as id1_1_1_, contactdat1_.address as address2_1_1_, contactdat1_.bmonth as bmonth3_1_1_, contactdat1_.byear as byear4_1_1_, contactdat1_.email as email5_1_1_, contactdat1_.email2 as email6_1_1_, contactdat1_.email3 as email7_1_1_, contactdat1_.firstname as firstnam8_1_1_, contactdat1_.home as home9_1_1_, contactdat1_.lastname as lastnam10_1_1_, contactdat1_.middlename as middlen11_1_1_, contactdat1_.mobile as mobile12_1_1_, contactdat1_.photo as photo13_1_1_, contactdat1_.work as work14_1_1_ from address_in_groups contacts0_ inner join addressbook contactdat1_ on contacts0_.id=contactdat1_.id where contacts0_.group_id=?
Hibernate: select contacts0_.group_id as group_id2_0_0_, contacts0_.id as id1_0_0_, contactdat1_.id as id1_1_1_, contactdat1_.address as address2_1_1_, contactdat1_.bmonth as bmonth3_1_1_, contactdat1_.byear as byear4_1_1_, contactdat1_.email as email5_1_1_, contactdat1_.email2 as email6_1_1_, contactdat1_.email3 as email7_1_1_, contactdat1_.firstname as firstnam8_1_1_, contactdat1_.home as home9_1_1_, contactdat1_.lastname as lastnam10_1_1_, contactdat1_.middlename as middlen11_1_1_, contactdat1_.mobile as mobile12_1_1_, contactdat1_.photo as photo13_1_1_, contactdat1_.work as work14_1_1_ from address_in_groups contacts0_ inner join addressbook contactdat1_ on contacts0_.id=contactdat1_.id where contacts0_.group_id=?
Hibernate: select contacts0_.group_id as group_id2_0_0_, contacts0_.id as id1_0_0_, contactdat1_.id as id1_1_1_, contactdat1_.address as address2_1_1_, contactdat1_.bmonth as bmonth3_1_1_, contactdat1_.byear as byear4_1_1_, contactdat1_.email as email5_1_1_, contactdat1_.email2 as email6_1_1_, contactdat1_.email3 as email7_1_1_, contactdat1_.firstname as firstnam8_1_1_, contactdat1_.home as home9_1_1_, contactdat1_.lastname as lastnam10_1_1_, contactdat1_.middlename as middlen11_1_1_, contactdat1_.mobile as mobile12_1_1_, contactdat1_.photo as photo13_1_1_, contactdat1_.work as work14_1_1_ from address_in_groups contacts0_ inner join addressbook contactdat1_ on contacts0_.id=contactdat1_.id where contacts0_.group_id=?
Hibernate: select contacts0_.group_id as group_id2_0_0_, contacts0_.id as id1_0_0_, contactdat1_.id as id1_1_1_, contactdat1_.address as address2_1_1_, contactdat1_.bmonth as bmonth3_1_1_, contactdat1_.byear as byear4_1_1_, contactdat1_.email as email5_1_1_, contactdat1_.email2 as email6_1_1_, contactdat1_.email3 as email7_1_1_, contactdat1_.firstname as firstnam8_1_1_, contactdat1_.home as home9_1_1_, contactdat1_.lastname as lastnam10_1_1_, contactdat1_.middlename as middlen11_1_1_, contactdat1_.mobile as mobile12_1_1_, contactdat1_.photo as photo13_1_1_, contactdat1_.work as work14_1_1_ from address_in_groups contacts0_ inner join addressbook contactdat1_ on contacts0_.id=contactdat1_.id where contacts0_.group_id=?
Hibernate: select contacts0_.group_id as group_id2_0_0_, contacts0_.id as id1_0_0_, contactdat1_.id as id1_1_1_, contactdat1_.address as address2_1_1_, contactdat1_.bmonth as bmonth3_1_1_, contactdat1_.byear as byear4_1_1_, contactdat1_.email as email5_1_1_, contactdat1_.email2 as email6_1_1_, contactdat1_.email3 as email7_1_1_, contactdat1_.firstname as firstnam8_1_1_, contactdat1_.home as home9_1_1_, contactdat1_.lastname as lastnam10_1_1_, contactdat1_.middlename as middlen11_1_1_, contactdat1_.mobile as mobile12_1_1_, contactdat1_.photo as photo13_1_1_, contactdat1_.work as work14_1_1_ from address_in_groups contacts0_ inner join addressbook contactdat1_ on contacts0_.id=contactdat1_.id where contacts0_.group_id=?
Hibernate: select contacts0_.group_id as group_id2_0_0_, contacts0_.id as id1_0_0_, contactdat1_.id as id1_1_1_, contactdat1_.address as address2_1_1_, contactdat1_.bmonth as bmonth3_1_1_, contactdat1_.byear as byear4_1_1_, contactdat1_.email as email5_1_1_, contactdat1_.email2 as email6_1_1_, contactdat1_.email3 as email7_1_1_, contactdat1_.firstname as firstnam8_1_1_, contactdat1_.home as home9_1_1_, contactdat1_.lastname as lastnam10_1_1_, contactdat1_.middlename as middlen11_1_1_, contactdat1_.mobile as mobile12_1_1_, contactdat1_.photo as photo13_1_1_, contactdat1_.work as work14_1_1_ from address_in_groups contacts0_ inner join addressbook contactdat1_ on contacts0_.id=contactdat1_.id where contacts0_.group_id=?
Hibernate: select contacts0_.group_id as group_id2_0_0_, contacts0_.id as id1_0_0_, contactdat1_.id as id1_1_1_, contactdat1_.address as address2_1_1_, contactdat1_.bmonth as bmonth3_1_1_, contactdat1_.byear as byear4_1_1_, contactdat1_.email as email5_1_1_, contactdat1_.email2 as email6_1_1_, contactdat1_.email3 as email7_1_1_, contactdat1_.firstname as firstnam8_1_1_, contactdat1_.home as home9_1_1_, contactdat1_.lastname as lastnam10_1_1_, contactdat1_.middlename as middlen11_1_1_, contactdat1_.mobile as mobile12_1_1_, contactdat1_.photo as photo13_1_1_, contactdat1_.work as work14_1_1_ from address_in_groups contacts0_ inner join addressbook contactdat1_ on contacts0_.id=contactdat1_.id where contacts0_.group_id=?
Hibernate: select contacts0_.group_id as group_id2_0_0_, contacts0_.id as id1_0_0_, contactdat1_.id as id1_1_1_, contactdat1_.address as address2_1_1_, contactdat1_.bmonth as bmonth3_1_1_, contactdat1_.byear as byear4_1_1_, contactdat1_.email as email5_1_1_, contactdat1_.email2 as email6_1_1_, contactdat1_.email3 as email7_1_1_, contactdat1_.firstname as firstnam8_1_1_, contactdat1_.home as home9_1_1_, contactdat1_.lastname as lastnam10_1_1_, contactdat1_.middlename as middlen11_1_1_, contactdat1_.mobile as mobile12_1_1_, contactdat1_.photo as photo13_1_1_, contactdat1_.work as work14_1_1_ from address_in_groups contacts0_ inner join addressbook contactdat1_ on contacts0_.id=contactdat1_.id where contacts0_.group_id=?
Hibernate: select contacts0_.group_id as group_id2_0_0_, contacts0_.id as id1_0_0_, contactdat1_.id as id1_1_1_, contactdat1_.address as address2_1_1_, contactdat1_.bmonth as bmonth3_1_1_, contactdat1_.byear as byear4_1_1_, contactdat1_.email as email5_1_1_, contactdat1_.email2 as email6_1_1_, contactdat1_.email3 as email7_1_1_, contactdat1_.firstname as firstnam8_1_1_, contactdat1_.home as home9_1_1_, contactdat1_.lastname as lastnam10_1_1_, contactdat1_.middlename as middlen11_1_1_, contactdat1_.mobile as mobile12_1_1_, contactdat1_.photo as photo13_1_1_, contactdat1_.work as work14_1_1_ from address_in_groups contacts0_ inner join addressbook contactdat1_ on contacts0_.id=contactdat1_.id where contacts0_.group_id=?
Hibernate: select contacts0_.group_id as group_id2_0_0_, contacts0_.id as id1_0_0_, contactdat1_.id as id1_1_1_, contactdat1_.address as address2_1_1_, contactdat1_.bmonth as bmonth3_1_1_, contactdat1_.byear as byear4_1_1_, contactdat1_.email as email5_1_1_, contactdat1_.email2 as email6_1_1_, contactdat1_.email3 as email7_1_1_, contactdat1_.firstname as firstnam8_1_1_, contactdat1_.home as home9_1_1_, contactdat1_.lastname as lastnam10_1_1_, contactdat1_.middlename as middlen11_1_1_, contactdat1_.mobile as mobile12_1_1_, contactdat1_.photo as photo13_1_1_, contactdat1_.work as work14_1_1_ from address_in_groups contacts0_ inner join addressbook contactdat1_ on contacts0_.id=contactdat1_.id where contacts0_.group_id=?
Hibernate: select contacts0_.group_id as group_id2_0_0_, contacts0_.id as id1_0_0_, contactdat1_.id as id1_1_1_, contactdat1_.address as address2_1_1_, contactdat1_.bmonth as bmonth3_1_1_, contactdat1_.byear as byear4_1_1_, contactdat1_.email as email5_1_1_, contactdat1_.email2 as email6_1_1_, contactdat1_.email3 as email7_1_1_, contactdat1_.firstname as firstnam8_1_1_, contactdat1_.home as home9_1_1_, contactdat1_.lastname as lastnam10_1_1_, contactdat1_.middlename as middlen11_1_1_, contactdat1_.mobile as mobile12_1_1_, contactdat1_.photo as photo13_1_1_, contactdat1_.work as work14_1_1_ from address_in_groups contacts0_ inner join addressbook contactdat1_ on contacts0_.id=contactdat1_.id where contacts0_.group_id=?
Hibernate: select contacts0_.group_id as group_id2_0_0_, contacts0_.id as id1_0_0_, contactdat1_.id as id1_1_1_, contactdat1_.address as address2_1_1_, contactdat1_.bmonth as bmonth3_1_1_, contactdat1_.byear as byear4_1_1_, contactdat1_.email as email5_1_1_, contactdat1_.email2 as email6_1_1_, contactdat1_.email3 as email7_1_1_, contactdat1_.firstname as firstnam8_1_1_, contactdat1_.home as home9_1_1_, contactdat1_.lastname as lastnam10_1_1_, contactdat1_.middlename as middlen11_1_1_, contactdat1_.mobile as mobile12_1_1_, contactdat1_.photo as photo13_1_1_, contactdat1_.work as work14_1_1_ from address_in_groups contacts0_ inner join addressbook contactdat1_ on contacts0_.id=contactdat1_.id where contacts0_.group_id=?
Hibernate: select contacts0_.group_id as group_id2_0_0_, contacts0_.id as id1_0_0_, contactdat1_.id as id1_1_1_, contactdat1_.address as address2_1_1_, contactdat1_.bmonth as bmonth3_1_1_, contactdat1_.byear as byear4_1_1_, contactdat1_.email as email5_1_1_, contactdat1_.email2 as email6_1_1_, contactdat1_.email3 as email7_1_1_, contactdat1_.firstname as firstnam8_1_1_, contactdat1_.home as home9_1_1_, contactdat1_.lastname as lastnam10_1_1_, contactdat1_.middlename as middlen11_1_1_, contactdat1_.mobile as mobile12_1_1_, contactdat1_.photo as photo13_1_1_, contactdat1_.work as work14_1_1_ from address_in_groups contacts0_ inner join addressbook contactdat1_ on contacts0_.id=contactdat1_.id where contacts0_.group_id=?
Hibernate: select contacts0_.group_id as group_id2_0_0_, contacts0_.id as id1_0_0_, contactdat1_.id as id1_1_1_, contactdat1_.address as address2_1_1_, contactdat1_.bmonth as bmonth3_1_1_, contactdat1_.byear as byear4_1_1_, contactdat1_.email as email5_1_1_, contactdat1_.email2 as email6_1_1_, contactdat1_.email3 as email7_1_1_, contactdat1_.firstname as firstnam8_1_1_, contactdat1_.home as home9_1_1_, contactdat1_.lastname as lastnam10_1_1_, contactdat1_.middlename as middlen11_1_1_, contactdat1_.mobile as mobile12_1_1_, contactdat1_.photo as photo13_1_1_, contactdat1_.work as work14_1_1_ from address_in_groups contacts0_ inner join addressbook contactdat1_ on contacts0_.id=contactdat1_.id where contacts0_.group_id=?
Hibernate: select contacts0_.group_id as group_id2_0_0_, contacts0_.id as id1_0_0_, contactdat1_.id as id1_1_1_, contactdat1_.address as address2_1_1_, contactdat1_.bmonth as bmonth3_1_1_, contactdat1_.byear as byear4_1_1_, contactdat1_.email as email5_1_1_, contactdat1_.email2 as email6_1_1_, contactdat1_.email3 as email7_1_1_, contactdat1_.firstname as firstnam8_1_1_, contactdat1_.home as home9_1_1_, contactdat1_.lastname as lastnam10_1_1_, contactdat1_.middlename as middlen11_1_1_, contactdat1_.mobile as mobile12_1_1_, contactdat1_.photo as photo13_1_1_, contactdat1_.work as work14_1_1_ from address_in_groups contacts0_ inner join addressbook contactdat1_ on contacts0_.id=contactdat1_.id where contacts0_.group_id=?
Hibernate: select contacts0_.group_id as group_id2_0_0_, contacts0_.id as id1_0_0_, contactdat1_.id as id1_1_1_, contactdat1_.address as address2_1_1_, contactdat1_.bmonth as bmonth3_1_1_, contactdat1_.byear as byear4_1_1_, contactdat1_.email as email5_1_1_, contactdat1_.email2 as email6_1_1_, contactdat1_.email3 as email7_1_1_, contactdat1_.firstname as firstnam8_1_1_, contactdat1_.home as home9_1_1_, contactdat1_.lastname as lastnam10_1_1_, contactdat1_.middlename as middlen11_1_1_, contactdat1_.mobile as mobile12_1_1_, contactdat1_.photo as photo13_1_1_, contactdat1_.work as work14_1_1_ from address_in_groups contacts0_ inner join addressbook contactdat1_ on contacts0_.id=contactdat1_.id where contacts0_.group_id=?
Hibernate: select contacts0_.group_id as group_id2_0_0_, contacts0_.id as id1_0_0_, contactdat1_.id as id1_1_1_, contactdat1_.address as address2_1_1_, contactdat1_.bmonth as bmonth3_1_1_, contactdat1_.byear as byear4_1_1_, contactdat1_.email as email5_1_1_, contactdat1_.email2 as email6_1_1_, contactdat1_.email3 as email7_1_1_, contactdat1_.firstname as firstnam8_1_1_, contactdat1_.home as home9_1_1_, contactdat1_.lastname as lastnam10_1_1_, contactdat1_.middlename as middlen11_1_1_, contactdat1_.mobile as mobile12_1_1_, contactdat1_.photo as photo13_1_1_, contactdat1_.work as work14_1_1_ from address_in_groups contacts0_ inner join addressbook contactdat1_ on contacts0_.id=contactdat1_.id where contacts0_.group_id=?
Hibernate: select contacts0_.group_id as group_id2_0_0_, contacts0_.id as id1_0_0_, contactdat1_.id as id1_1_1_, contactdat1_.address as address2_1_1_, contactdat1_.bmonth as bmonth3_1_1_, contactdat1_.byear as byear4_1_1_, contactdat1_.email as email5_1_1_, contactdat1_.email2 as email6_1_1_, contactdat1_.email3 as email7_1_1_, contactdat1_.firstname as firstnam8_1_1_, contactdat1_.home as home9_1_1_, contactdat1_.lastname as lastnam10_1_1_, contactdat1_.middlename as middlen11_1_1_, contactdat1_.mobile as mobile12_1_1_, contactdat1_.photo as photo13_1_1_, contactdat1_.work as work14_1_1_ from address_in_groups contacts0_ inner join addressbook contactdat1_ on contacts0_.id=contactdat1_.id where contacts0_.group_id=?
Hibernate: select contacts0_.group_id as group_id2_0_0_, contacts0_.id as id1_0_0_, contactdat1_.id as id1_1_1_, contactdat1_.address as address2_1_1_, contactdat1_.bmonth as bmonth3_1_1_, contactdat1_.byear as byear4_1_1_, contactdat1_.email as email5_1_1_, contactdat1_.email2 as email6_1_1_, contactdat1_.email3 as email7_1_1_, contactdat1_.firstname as firstnam8_1_1_, contactdat1_.home as home9_1_1_, contactdat1_.lastname as lastnam10_1_1_, contactdat1_.middlename as middlen11_1_1_, contactdat1_.mobile as mobile12_1_1_, contactdat1_.photo as photo13_1_1_, contactdat1_.work as work14_1_1_ from address_in_groups contacts0_ inner join addressbook contactdat1_ on contacts0_.id=contactdat1_.id where contacts0_.group_id=?
Hibernate: select contacts0_.group_id as group_id2_0_0_, contacts0_.id as id1_0_0_, contactdat1_.id as id1_1_1_, contactdat1_.address as address2_1_1_, contactdat1_.bmonth as bmonth3_1_1_, contactdat1_.byear as byear4_1_1_, contactdat1_.email as email5_1_1_, contactdat1_.email2 as email6_1_1_, contactdat1_.email3 as email7_1_1_, contactdat1_.firstname as firstnam8_1_1_, contactdat1_.home as home9_1_1_, contactdat1_.lastname as lastnam10_1_1_, contactdat1_.middlename as middlen11_1_1_, contactdat1_.mobile as mobile12_1_1_, contactdat1_.photo as photo13_1_1_, contactdat1_.work as work14_1_1_ from address_in_groups contacts0_ inner join addressbook contactdat1_ on contacts0_.id=contactdat1_.id where contacts0_.group_id=?
Hibernate: select contacts0_.group_id as group_id2_0_0_, contacts0_.id as id1_0_0_, contactdat1_.id as id1_1_1_, contactdat1_.address as address2_1_1_, contactdat1_.bmonth as bmonth3_1_1_, contactdat1_.byear as byear4_1_1_, contactdat1_.email as email5_1_1_, contactdat1_.email2 as email6_1_1_, contactdat1_.email3 as email7_1_1_, contactdat1_.firstname as firstnam8_1_1_, contactdat1_.home as home9_1_1_, contactdat1_.lastname as lastnam10_1_1_, contactdat1_.middlename as middlen11_1_1_, contactdat1_.mobile as mobile12_1_1_, contactdat1_.photo as photo13_1_1_, contactdat1_.work as work14_1_1_ from address_in_groups contacts0_ inner join addressbook contactdat1_ on contacts0_.id=contactdat1_.id where contacts0_.group_id=?
Hibernate: select contacts0_.group_id as group_id2_0_0_, contacts0_.id as id1_0_0_, contactdat1_.id as id1_1_1_, contactdat1_.address as address2_1_1_, contactdat1_.bmonth as bmonth3_1_1_, contactdat1_.byear as byear4_1_1_, contactdat1_.email as email5_1_1_, contactdat1_.email2 as email6_1_1_, contactdat1_.email3 as email7_1_1_, contactdat1_.firstname as firstnam8_1_1_, contactdat1_.home as home9_1_1_, contactdat1_.lastname as lastnam10_1_1_, contactdat1_.middlename as middlen11_1_1_, contactdat1_.mobile as mobile12_1_1_, contactdat1_.photo as photo13_1_1_, contactdat1_.work as work14_1_1_ from address_in_groups contacts0_ inner join addressbook contactdat1_ on contacts0_.id=contactdat1_.id where contacts0_.group_id=?
Hibernate: select contacts0_.group_id as group_id2_0_0_, contacts0_.id as id1_0_0_, contactdat1_.id as id1_1_1_, contactdat1_.address as address2_1_1_, contactdat1_.bmonth as bmonth3_1_1_, contactdat1_.byear as byear4_1_1_, contactdat1_.email as email5_1_1_, contactdat1_.email2 as email6_1_1_, contactdat1_.email3 as email7_1_1_, contactdat1_.firstname as firstnam8_1_1_, contactdat1_.home as home9_1_1_, contactdat1_.lastname as lastnam10_1_1_, contactdat1_.middlename as middlen11_1_1_, contactdat1_.mobile as mobile12_1_1_, contactdat1_.photo as photo13_1_1_, contactdat1_.work as work14_1_1_ from address_in_groups contacts0_ inner join addressbook contactdat1_ on contacts0_.id=contactdat1_.id where contacts0_.group_id=?
Hibernate: select contacts0_.group_id as group_id2_0_0_, contacts0_.id as id1_0_0_, contactdat1_.id as id1_1_1_, contactdat1_.address as address2_1_1_, contactdat1_.bmonth as bmonth3_1_1_, contactdat1_.byear as byear4_1_1_, contactdat1_.email as email5_1_1_, contactdat1_.email2 as email6_1_1_, contactdat1_.email3 as email7_1_1_, contactdat1_.firstname as firstnam8_1_1_, contactdat1_.home as home9_1_1_, contactdat1_.lastname as lastnam10_1_1_, contactdat1_.middlename as middlen11_1_1_, contactdat1_.mobile as mobile12_1_1_, contactdat1_.photo as photo13_1_1_, contactdat1_.work as work14_1_1_ from address_in_groups contacts0_ inner join addressbook contactdat1_ on contacts0_.id=contactdat1_.id where contacts0_.group_id=?
Hibernate: select contacts0_.group_id as group_id2_0_0_, contacts0_.id as id1_0_0_, contactdat1_.id as id1_1_1_, contactdat1_.address as address2_1_1_, contactdat1_.bmonth as bmonth3_1_1_, contactdat1_.byear as byear4_1_1_, contactdat1_.email as email5_1_1_, contactdat1_.email2 as email6_1_1_, contactdat1_.email3 as email7_1_1_, contactdat1_.firstname as firstnam8_1_1_, contactdat1_.home as home9_1_1_, contactdat1_.lastname as lastnam10_1_1_, contactdat1_.middlename as middlen11_1_1_, contactdat1_.mobile as mobile12_1_1_, contactdat1_.photo as photo13_1_1_, contactdat1_.work as work14_1_1_ from address_in_groups contacts0_ inner join addressbook contactdat1_ on contacts0_.id=contactdat1_.id where contacts0_.group_id=?
Hibernate: select contacts0_.group_id as group_id2_0_0_, contacts0_.id as id1_0_0_, contactdat1_.id as id1_1_1_, contactdat1_.address as address2_1_1_, contactdat1_.bmonth as bmonth3_1_1_, contactdat1_.byear as byear4_1_1_, contactdat1_.email as email5_1_1_, contactdat1_.email2 as email6_1_1_, contactdat1_.email3 as email7_1_1_, contactdat1_.firstname as firstnam8_1_1_, contactdat1_.home as home9_1_1_, contactdat1_.lastname as lastnam10_1_1_, contactdat1_.middlename as middlen11_1_1_, contactdat1_.mobile as mobile12_1_1_, contactdat1_.photo as photo13_1_1_, contactdat1_.work as work14_1_1_ from address_in_groups contacts0_ inner join addressbook contactdat1_ on contacts0_.id=contactdat1_.id where contacts0_.group_id=?
Hibernate: select contacts0_.group_id as group_id2_0_0_, contacts0_.id as id1_0_0_, contactdat1_.id as id1_1_1_, contactdat1_.address as address2_1_1_, contactdat1_.bmonth as bmonth3_1_1_, contactdat1_.byear as byear4_1_1_, contactdat1_.email as email5_1_1_, contactdat1_.email2 as email6_1_1_, contactdat1_.email3 as email7_1_1_, contactdat1_.firstname as firstnam8_1_1_, contactdat1_.home as home9_1_1_, contactdat1_.lastname as lastnam10_1_1_, contactdat1_.middlename as middlen11_1_1_, contactdat1_.mobile as mobile12_1_1_, contactdat1_.photo as photo13_1_1_, contactdat1_.work as work14_1_1_ from address_in_groups contacts0_ inner join addressbook contactdat1_ on contacts0_.id=contactdat1_.id where contacts0_.group_id=?
Hibernate: select contacts0_.group_id as group_id2_0_0_, contacts0_.id as id1_0_0_, contactdat1_.id as id1_1_1_, contactdat1_.address as address2_1_1_, contactdat1_.bmonth as bmonth3_1_1_, contactdat1_.byear as byear4_1_1_, contactdat1_.email as email5_1_1_, contactdat1_.email2 as email6_1_1_, contactdat1_.email3 as email7_1_1_, contactdat1_.firstname as firstnam8_1_1_, contactdat1_.home as home9_1_1_, contactdat1_.lastname as lastnam10_1_1_, contactdat1_.middlename as middlen11_1_1_, contactdat1_.mobile as mobile12_1_1_, contactdat1_.photo as photo13_1_1_, contactdat1_.work as work14_1_1_ from address_in_groups contacts0_ inner join addressbook contactdat1_ on contacts0_.id=contactdat1_.id where contacts0_.group_id=?
Hibernate: select contacts0_.group_id as group_id2_0_0_, contacts0_.id as id1_0_0_, contactdat1_.id as id1_1_1_, contactdat1_.address as address2_1_1_, contactdat1_.bmonth as bmonth3_1_1_, contactdat1_.byear as byear4_1_1_, contactdat1_.email as email5_1_1_, contactdat1_.email2 as email6_1_1_, contactdat1_.email3 as email7_1_1_, contactdat1_.firstname as firstnam8_1_1_, contactdat1_.home as home9_1_1_, contactdat1_.lastname as lastnam10_1_1_, contactdat1_.middlename as middlen11_1_1_, contactdat1_.mobile as mobile12_1_1_, contactdat1_.photo as photo13_1_1_, contactdat1_.work as work14_1_1_ from address_in_groups contacts0_ inner join addressbook contactdat1_ on contacts0_.id=contactdat1_.id where contacts0_.group_id=?
Hibernate: select contacts0_.group_id as group_id2_0_0_, contacts0_.id as id1_0_0_, contactdat1_.id as id1_1_1_, contactdat1_.address as address2_1_1_, contactdat1_.bmonth as bmonth3_1_1_, contactdat1_.byear as byear4_1_1_, contactdat1_.email as email5_1_1_, contactdat1_.email2 as email6_1_1_, contactdat1_.email3 as email7_1_1_, contactdat1_.firstname as firstnam8_1_1_, contactdat1_.home as home9_1_1_, contactdat1_.lastname as lastnam10_1_1_, contactdat1_.middlename as middlen11_1_1_, contactdat1_.mobile as mobile12_1_1_, contactdat1_.photo as photo13_1_1_, contactdat1_.work as work14_1_1_ from address_in_groups contacts0_ inner join addressbook contactdat1_ on contacts0_.id=contactdat1_.id where contacts0_.group_id=?
Hibernate: select contacts0_.group_id as group_id2_0_0_, contacts0_.id as id1_0_0_, contactdat1_.id as id1_1_1_, contactdat1_.address as address2_1_1_, contactdat1_.bmonth as bmonth3_1_1_, contactdat1_.byear as byear4_1_1_, contactdat1_.email as email5_1_1_, contactdat1_.email2 as email6_1_1_, contactdat1_.email3 as email7_1_1_, contactdat1_.firstname as firstnam8_1_1_, contactdat1_.home as home9_1_1_, contactdat1_.lastname as lastnam10_1_1_, contactdat1_.middlename as middlen11_1_1_, contactdat1_.mobile as mobile12_1_1_, contactdat1_.photo as photo13_1_1_, contactdat1_.work as work14_1_1_ from address_in_groups contacts0_ inner join addressbook contactdat1_ on contacts0_.id=contactdat1_.id where contacts0_.group_id=?
Hibernate: select contacts0_.group_id as group_id2_0_0_, contacts0_.id as id1_0_0_, contactdat1_.id as id1_1_1_, contactdat1_.address as address2_1_1_, contactdat1_.bmonth as bmonth3_1_1_, contactdat1_.byear as byear4_1_1_, contactdat1_.email as email5_1_1_, contactdat1_.email2 as email6_1_1_, contactdat1_.email3 as email7_1_1_, contactdat1_.firstname as firstnam8_1_1_, contactdat1_.home as home9_1_1_, contactdat1_.lastname as lastnam10_1_1_, contactdat1_.middlename as middlen11_1_1_, contactdat1_.mobile as mobile12_1_1_, contactdat1_.photo as photo13_1_1_, contactdat1_.work as work14_1_1_ from address_in_groups contacts0_ inner join addressbook contactdat1_ on contacts0_.id=contactdat1_.id where contacts0_.group_id=?
Hibernate: select contacts0_.group_id as group_id2_0_0_, contacts0_.id as id1_0_0_, contactdat1_.id as id1_1_1_, contactdat1_.address as address2_1_1_, contactdat1_.bmonth as bmonth3_1_1_, contactdat1_.byear as byear4_1_1_, contactdat1_.email as email5_1_1_, contactdat1_.email2 as email6_1_1_, contactdat1_.email3 as email7_1_1_, contactdat1_.firstname as firstnam8_1_1_, contactdat1_.home as home9_1_1_, contactdat1_.lastname as lastnam10_1_1_, contactdat1_.middlename as middlen11_1_1_, contactdat1_.mobile as mobile12_1_1_, contactdat1_.photo as photo13_1_1_, contactdat1_.work as work14_1_1_ from address_in_groups contacts0_ inner join addressbook contactdat1_ on contacts0_.id=contactdat1_.id where contacts0_.group_id=?
Hibernate: select contacts0_.group_id as group_id2_0_0_, contacts0_.id as id1_0_0_, contactdat1_.id as id1_1_1_, contactdat1_.address as address2_1_1_, contactdat1_.bmonth as bmonth3_1_1_, contactdat1_.byear as byear4_1_1_, contactdat1_.email as email5_1_1_, contactdat1_.email2 as email6_1_1_, contactdat1_.email3 as email7_1_1_, contactdat1_.firstname as firstnam8_1_1_, contactdat1_.home as home9_1_1_, contactdat1_.lastname as lastnam10_1_1_, contactdat1_.middlename as middlen11_1_1_, contactdat1_.mobile as mobile12_1_1_, contactdat1_.photo as photo13_1_1_, contactdat1_.work as work14_1_1_ from address_in_groups contacts0_ inner join addressbook contactdat1_ on contacts0_.id=contactdat1_.id where contacts0_.group_id=?
Hibernate: select contacts0_.group_id as group_id2_0_0_, contacts0_.id as id1_0_0_, contactdat1_.id as id1_1_1_, contactdat1_.address as address2_1_1_, contactdat1_.bmonth as bmonth3_1_1_, contactdat1_.byear as byear4_1_1_, contactdat1_.email as email5_1_1_, contactdat1_.email2 as email6_1_1_, contactdat1_.email3 as email7_1_1_, contactdat1_.firstname as firstnam8_1_1_, contactdat1_.home as home9_1_1_, contactdat1_.lastname as lastnam10_1_1_, contactdat1_.middlename as middlen11_1_1_, contactdat1_.mobile as mobile12_1_1_, contactdat1_.photo as photo13_1_1_, contactdat1_.work as work14_1_1_ from address_in_groups contacts0_ inner join addressbook contactdat1_ on contacts0_.id=contactdat1_.id where contacts0_.group_id=?
Hibernate: select contacts0_.group_id as group_id2_0_0_, contacts0_.id as id1_0_0_, contactdat1_.id as id1_1_1_, contactdat1_.address as address2_1_1_, contactdat1_.bmonth as bmonth3_1_1_, contactdat1_.byear as byear4_1_1_, contactdat1_.email as email5_1_1_, contactdat1_.email2 as email6_1_1_, contactdat1_.email3 as email7_1_1_, contactdat1_.firstname as firstnam8_1_1_, contactdat1_.home as home9_1_1_, contactdat1_.lastname as lastnam10_1_1_, contactdat1_.middlename as middlen11_1_1_, contactdat1_.mobile as mobile12_1_1_, contactdat1_.photo as photo13_1_1_, contactdat1_.work as work14_1_1_ from address_in_groups contacts0_ inner join addressbook contactdat1_ on contacts0_.id=contactdat1_.id where contacts0_.group_id=?
Hibernate: select contacts0_.group_id as group_id2_0_0_, contacts0_.id as id1_0_0_, contactdat1_.id as id1_1_1_, contactdat1_.address as address2_1_1_, contactdat1_.bmonth as bmonth3_1_1_, contactdat1_.byear as byear4_1_1_, contactdat1_.email as email5_1_1_, contactdat1_.email2 as email6_1_1_, contactdat1_.email3 as email7_1_1_, contactdat1_.firstname as firstnam8_1_1_, contactdat1_.home as home9_1_1_, contactdat1_.lastname as lastnam10_1_1_, contactdat1_.middlename as middlen11_1_1_, contactdat1_.mobile as mobile12_1_1_, contactdat1_.photo as photo13_1_1_, contactdat1_.work as work14_1_1_ from address_in_groups contacts0_ inner join addressbook contactdat1_ on contacts0_.id=contactdat1_.id where contacts0_.group_id=?
Hibernate: select contacts0_.group_id as group_id2_0_0_, contacts0_.id as id1_0_0_, contactdat1_.id as id1_1_1_, contactdat1_.address as address2_1_1_, contactdat1_.bmonth as bmonth3_1_1_, contactdat1_.byear as byear4_1_1_, contactdat1_.email as email5_1_1_, contactdat1_.email2 as email6_1_1_, contactdat1_.email3 as email7_1_1_, contactdat1_.firstname as firstnam8_1_1_, contactdat1_.home as home9_1_1_, contactdat1_.lastname as lastnam10_1_1_, contactdat1_.middlename as middlen11_1_1_, contactdat1_.mobile as mobile12_1_1_, contactdat1_.photo as photo13_1_1_, contactdat1_.work as work14_1_1_ from address_in_groups contacts0_ inner join addressbook contactdat1_ on contacts0_.id=contactdat1_.id where contacts0_.group_id=?
Hibernate: select contacts0_.group_id as group_id2_0_0_, contacts0_.id as id1_0_0_, contactdat1_.id as id1_1_1_, contactdat1_.address as address2_1_1_, contactdat1_.bmonth as bmonth3_1_1_, contactdat1_.byear as byear4_1_1_, contactdat1_.email as email5_1_1_, contactdat1_.email2 as email6_1_1_, contactdat1_.email3 as email7_1_1_, contactdat1_.firstname as firstnam8_1_1_, contactdat1_.home as home9_1_1_, contactdat1_.lastname as lastnam10_1_1_, contactdat1_.middlename as middlen11_1_1_, contactdat1_.mobile as mobile12_1_1_, contactdat1_.photo as photo13_1_1_, contactdat1_.work as work14_1_1_ from address_in_groups contacts0_ inner join addressbook contactdat1_ on contacts0_.id=contactdat1_.id where contacts0_.group_id=?
Hibernate: select contacts0_.group_id as group_id2_0_0_, contacts0_.id as id1_0_0_, contactdat1_.id as id1_1_1_, contactdat1_.address as address2_1_1_, contactdat1_.bmonth as bmonth3_1_1_, contactdat1_.byear as byear4_1_1_, contactdat1_.email as email5_1_1_, contactdat1_.email2 as email6_1_1_, contactdat1_.email3 as email7_1_1_, contactdat1_.firstname as firstnam8_1_1_, contactdat1_.home as home9_1_1_, contactdat1_.lastname as lastnam10_1_1_, contactdat1_.middlename as middlen11_1_1_, contactdat1_.mobile as mobile12_1_1_, contactdat1_.photo as photo13_1_1_, contactdat1_.work as work14_1_1_ from address_in_groups contacts0_ inner join addressbook contactdat1_ on contacts0_.id=contactdat1_.id where contacts0_.group_id=?
Hibernate: select contacts0_.group_id as group_id2_0_0_, contacts0_.id as id1_0_0_, contactdat1_.id as id1_1_1_, contactdat1_.address as address2_1_1_, contactdat1_.bmonth as bmonth3_1_1_, contactdat1_.byear as byear4_1_1_, contactdat1_.email as email5_1_1_, contactdat1_.email2 as email6_1_1_, contactdat1_.email3 as email7_1_1_, contactdat1_.firstname as firstnam8_1_1_, contactdat1_.home as home9_1_1_, contactdat1_.lastname as lastnam10_1_1_, contactdat1_.middlename as middlen11_1_1_, contactdat1_.mobile as mobile12_1_1_, contactdat1_.photo as photo13_1_1_, contactdat1_.work as work14_1_1_ from address_in_groups contacts0_ inner join addressbook contactdat1_ on contacts0_.id=contactdat1_.id where contacts0_.group_id=?
Hibernate: select contacts0_.group_id as group_id2_0_0_, contacts0_.id as id1_0_0_, contactdat1_.id as id1_1_1_, contactdat1_.address as address2_1_1_, contactdat1_.bmonth as bmonth3_1_1_, contactdat1_.byear as byear4_1_1_, contactdat1_.email as email5_1_1_, contactdat1_.email2 as email6_1_1_, contactdat1_.email3 as email7_1_1_, contactdat1_.firstname as firstnam8_1_1_, contactdat1_.home as home9_1_1_, contactdat1_.lastname as lastnam10_1_1_, contactdat1_.middlename as middlen11_1_1_, contactdat1_.mobile as mobile12_1_1_, contactdat1_.photo as photo13_1_1_, contactdat1_.work as work14_1_1_ from address_in_groups contacts0_ inner join addressbook contactdat1_ on contacts0_.id=contactdat1_.id where contacts0_.group_id=?
Hibernate: select contacts0_.group_id as group_id2_0_0_, contacts0_.id as id1_0_0_, contactdat1_.id as id1_1_1_, contactdat1_.address as address2_1_1_, contactdat1_.bmonth as bmonth3_1_1_, contactdat1_.byear as byear4_1_1_, contactdat1_.email as email5_1_1_, contactdat1_.email2 as email6_1_1_, contactdat1_.email3 as email7_1_1_, contactdat1_.firstname as firstnam8_1_1_, contactdat1_.home as home9_1_1_, contactdat1_.lastname as lastnam10_1_1_, contactdat1_.middlename as middlen11_1_1_, contactdat1_.mobile as mobile12_1_1_, contactdat1_.photo as photo13_1_1_, contactdat1_.work as work14_1_1_ from address_in_groups contacts0_ inner join addressbook contactdat1_ on contacts0_.id=contactdat1_.id where contacts0_.group_id=?
Hibernate: select contacts0_.group_id as group_id2_0_0_, contacts0_.id as id1_0_0_, contactdat1_.id as id1_1_1_, contactdat1_.address as address2_1_1_, contactdat1_.bmonth as bmonth3_1_1_, contactdat1_.byear as byear4_1_1_, contactdat1_.email as email5_1_1_, contactdat1_.email2 as email6_1_1_, contactdat1_.email3 as email7_1_1_, contactdat1_.firstname as firstnam8_1_1_, contactdat1_.home as home9_1_1_, contactdat1_.lastname as lastnam10_1_1_, contactdat1_.middlename as middlen11_1_1_, contactdat1_.mobile as mobile12_1_1_, contactdat1_.photo as photo13_1_1_, contactdat1_.work as work14_1_1_ from address_in_groups contacts0_ inner join addressbook contactdat1_ on contacts0_.id=contactdat1_.id where contacts0_.group_id=?
Hibernate: select contacts0_.group_id as group_id2_0_0_, contacts0_.id as id1_0_0_, contactdat1_.id as id1_1_1_, contactdat1_.address as address2_1_1_, contactdat1_.bmonth as bmonth3_1_1_, contactdat1_.byear as byear4_1_1_, contactdat1_.email as email5_1_1_, contactdat1_.email2 as email6_1_1_, contactdat1_.email3 as email7_1_1_, contactdat1_.firstname as firstnam8_1_1_, contactdat1_.home as home9_1_1_, contactdat1_.lastname as lastnam10_1_1_, contactdat1_.middlename as middlen11_1_1_, contactdat1_.mobile as mobile12_1_1_, contactdat1_.photo as photo13_1_1_, contactdat1_.work as work14_1_1_ from address_in_groups contacts0_ inner join addressbook contactdat1_ on contacts0_.id=contactdat1_.id where contacts0_.group_id=?
Hibernate: select contacts0_.group_id as group_id2_0_0_, contacts0_.id as id1_0_0_, contactdat1_.id as id1_1_1_, contactdat1_.address as address2_1_1_, contactdat1_.bmonth as bmonth3_1_1_, contactdat1_.byear as byear4_1_1_, contactdat1_.email as email5_1_1_, contactdat1_.email2 as email6_1_1_, contactdat1_.email3 as email7_1_1_, contactdat1_.firstname as firstnam8_1_1_, contactdat1_.home as home9_1_1_, contactdat1_.lastname as lastnam10_1_1_, contactdat1_.middlename as middlen11_1_1_, contactdat1_.mobile as mobile12_1_1_, contactdat1_.photo as photo13_1_1_, contactdat1_.work as work14_1_1_ from address_in_groups contacts0_ inner join addressbook contactdat1_ on contacts0_.id=contactdat1_.id where contacts0_.group_id=?
Hibernate: select contacts0_.group_id as group_id2_0_0_, contacts0_.id as id1_0_0_, contactdat1_.id as id1_1_1_, contactdat1_.address as address2_1_1_, contactdat1_.bmonth as bmonth3_1_1_, contactdat1_.byear as byear4_1_1_, contactdat1_.email as email5_1_1_, contactdat1_.email2 as email6_1_1_, contactdat1_.email3 as email7_1_1_, contactdat1_.firstname as firstnam8_1_1_, contactdat1_.home as home9_1_1_, contactdat1_.lastname as lastnam10_1_1_, contactdat1_.middlename as middlen11_1_1_, contactdat1_.mobile as mobile12_1_1_, contactdat1_.photo as photo13_1_1_, contactdat1_.work as work14_1_1_ from address_in_groups contacts0_ inner join addressbook contactdat1_ on contacts0_.id=contactdat1_.id where contacts0_.group_id=?
Hibernate: select contacts0_.group_id as group_id2_0_0_, contacts0_.id as id1_0_0_, contactdat1_.id as id1_1_1_, contactdat1_.address as address2_1_1_, contactdat1_.bmonth as bmonth3_1_1_, contactdat1_.byear as byear4_1_1_, contactdat1_.email as email5_1_1_, contactdat1_.email2 as email6_1_1_, contactdat1_.email3 as email7_1_1_, contactdat1_.firstname as firstnam8_1_1_, contactdat1_.home as home9_1_1_, contactdat1_.lastname as lastnam10_1_1_, contactdat1_.middlename as middlen11_1_1_, contactdat1_.mobile as mobile12_1_1_, contactdat1_.photo as photo13_1_1_, contactdat1_.work as work14_1_1_ from address_in_groups contacts0_ inner join addressbook contactdat1_ on contacts0_.id=contactdat1_.id where contacts0_.group_id=?
Hibernate: select contacts0_.group_id as group_id2_0_0_, contacts0_.id as id1_0_0_, contactdat1_.id as id1_1_1_, contactdat1_.address as address2_1_1_, contactdat1_.bmonth as bmonth3_1_1_, contactdat1_.byear as byear4_1_1_, contactdat1_.email as email5_1_1_, contactdat1_.email2 as email6_1_1_, contactdat1_.email3 as email7_1_1_, contactdat1_.firstname as firstnam8_1_1_, contactdat1_.home as home9_1_1_, contactdat1_.lastname as lastnam10_1_1_, contactdat1_.middlename as middlen11_1_1_, contactdat1_.mobile as mobile12_1_1_, contactdat1_.photo as photo13_1_1_, contactdat1_.work as work14_1_1_ from address_in_groups contacts0_ inner join addressbook contactdat1_ on contacts0_.id=contactdat1_.id where contacts0_.group_id=?
Hibernate: select contacts0_.group_id as group_id2_0_0_, contacts0_.id as id1_0_0_, contactdat1_.id as id1_1_1_, contactdat1_.address as address2_1_1_, contactdat1_.bmonth as bmonth3_1_1_, contactdat1_.byear as byear4_1_1_, contactdat1_.email as email5_1_1_, contactdat1_.email2 as email6_1_1_, contactdat1_.email3 as email7_1_1_, contactdat1_.firstname as firstnam8_1_1_, contactdat1_.home as home9_1_1_, contactdat1_.lastname as lastnam10_1_1_, contactdat1_.middlename as middlen11_1_1_, contactdat1_.mobile as mobile12_1_1_, contactdat1_.photo as photo13_1_1_, contactdat1_.work as work14_1_1_ from address_in_groups contacts0_ inner join addressbook contactdat1_ on contacts0_.id=contactdat1_.id where contacts0_.group_id=?
Hibernate: select contacts0_.group_id as group_id2_0_0_, contacts0_.id as id1_0_0_, contactdat1_.id as id1_1_1_, contactdat1_.address as address2_1_1_, contactdat1_.bmonth as bmonth3_1_1_, contactdat1_.byear as byear4_1_1_, contactdat1_.email as email5_1_1_, contactdat1_.email2 as email6_1_1_, contactdat1_.email3 as email7_1_1_, contactdat1_.firstname as firstnam8_1_1_, contactdat1_.home as home9_1_1_, contactdat1_.lastname as lastnam10_1_1_, contactdat1_.middlename as middlen11_1_1_, contactdat1_.mobile as mobile12_1_1_, contactdat1_.photo as photo13_1_1_, contactdat1_.work as work14_1_1_ from address_in_groups contacts0_ inner join addressbook contactdat1_ on contacts0_.id=contactdat1_.id where contacts0_.group_id=?
Hibernate: select contacts0_.group_id as group_id2_0_0_, contacts0_.id as id1_0_0_, contactdat1_.id as id1_1_1_, contactdat1_.address as address2_1_1_, contactdat1_.bmonth as bmonth3_1_1_, contactdat1_.byear as byear4_1_1_, contactdat1_.email as email5_1_1_, contactdat1_.email2 as email6_1_1_, contactdat1_.email3 as email7_1_1_, contactdat1_.firstname as firstnam8_1_1_, contactdat1_.home as home9_1_1_, contactdat1_.lastname as lastnam10_1_1_, contactdat1_.middlename as middlen11_1_1_, contactdat1_.mobile as mobile12_1_1_, contactdat1_.photo as photo13_1_1_, contactdat1_.work as work14_1_1_ from address_in_groups contacts0_ inner join addressbook contactdat1_ on contacts0_.id=contactdat1_.id where contacts0_.group_id=?
Hibernate: select contacts0_.group_id as group_id2_0_0_, contacts0_.id as id1_0_0_, contactdat1_.id as id1_1_1_, contactdat1_.address as address2_1_1_, contactdat1_.bmonth as bmonth3_1_1_, contactdat1_.byear as byear4_1_1_, contactdat1_.email as email5_1_1_, contactdat1_.email2 as email6_1_1_, contactdat1_.email3 as email7_1_1_, contactdat1_.firstname as firstnam8_1_1_, contactdat1_.home as home9_1_1_, contactdat1_.lastname as lastnam10_1_1_, contactdat1_.middlename as middlen11_1_1_, contactdat1_.mobile as mobile12_1_1_, contactdat1_.photo as photo13_1_1_, contactdat1_.work as work14_1_1_ from address_in_groups contacts0_ inner join addressbook contactdat1_ on contacts0_.id=contactdat1_.id where contacts0_.group_id=?
Hibernate: select contacts0_.group_id as group_id2_0_0_, contacts0_.id as id1_0_0_, contactdat1_.id as id1_1_1_, contactdat1_.address as address2_1_1_, contactdat1_.bmonth as bmonth3_1_1_, contactdat1_.byear as byear4_1_1_, contactdat1_.email as email5_1_1_, contactdat1_.email2 as email6_1_1_, contactdat1_.email3 as email7_1_1_, contactdat1_.firstname as firstnam8_1_1_, contactdat1_.home as home9_1_1_, contactdat1_.lastname as lastnam10_1_1_, contactdat1_.middlename as middlen11_1_1_, contactdat1_.mobile as mobile12_1_1_, contactdat1_.photo as photo13_1_1_, contactdat1_.work as work14_1_1_ from address_in_groups contacts0_ inner join addressbook contactdat1_ on contacts0_.id=contactdat1_.id where contacts0_.group_id=?
Hibernate: select contacts0_.group_id as group_id2_0_0_, contacts0_.id as id1_0_0_, contactdat1_.id as id1_1_1_, contactdat1_.address as address2_1_1_, contactdat1_.bmonth as bmonth3_1_1_, contactdat1_.byear as byear4_1_1_, contactdat1_.email as email5_1_1_, contactdat1_.email2 as email6_1_1_, contactdat1_.email3 as email7_1_1_, contactdat1_.firstname as firstnam8_1_1_, contactdat1_.home as home9_1_1_, contactdat1_.lastname as lastnam10_1_1_, contactdat1_.middlename as middlen11_1_1_, contactdat1_.mobile as mobile12_1_1_, contactdat1_.photo as photo13_1_1_, contactdat1_.work as work14_1_1_ from address_in_groups contacts0_ inner join addressbook contactdat1_ on contacts0_.id=contactdat1_.id where contacts0_.group_id=?
Hibernate: select contacts0_.group_id as group_id2_0_0_, contacts0_.id as id1_0_0_, contactdat1_.id as id1_1_1_, contactdat1_.address as address2_1_1_, contactdat1_.bmonth as bmonth3_1_1_, contactdat1_.byear as byear4_1_1_, contactdat1_.email as email5_1_1_, contactdat1_.email2 as email6_1_1_, contactdat1_.email3 as email7_1_1_, contactdat1_.firstname as firstnam8_1_1_, contactdat1_.home as home9_1_1_, contactdat1_.lastname as lastnam10_1_1_, contactdat1_.middlename as middlen11_1_1_, contactdat1_.mobile as mobile12_1_1_, contactdat1_.photo as photo13_1_1_, contactdat1_.work as work14_1_1_ from address_in_groups contacts0_ inner join addressbook contactdat1_ on contacts0_.id=contactdat1_.id where contacts0_.group_id=?
Hibernate: select contacts0_.group_id as group_id2_0_0_, contacts0_.id as id1_0_0_, contactdat1_.id as id1_1_1_, contactdat1_.address as address2_1_1_, contactdat1_.bmonth as bmonth3_1_1_, contactdat1_.byear as byear4_1_1_, contactdat1_.email as email5_1_1_, contactdat1_.email2 as email6_1_1_, contactdat1_.email3 as email7_1_1_, contactdat1_.firstname as firstnam8_1_1_, contactdat1_.home as home9_1_1_, contactdat1_.lastname as lastnam10_1_1_, contactdat1_.middlename as middlen11_1_1_, contactdat1_.mobile as mobile12_1_1_, contactdat1_.photo as photo13_1_1_, contactdat1_.work as work14_1_1_ from address_in_groups contacts0_ inner join addressbook contactdat1_ on contacts0_.id=contactdat1_.id where contacts0_.group_id=?
Hibernate: select contacts0_.group_id as group_id2_0_0_, contacts0_.id as id1_0_0_, contactdat1_.id as id1_1_1_, contactdat1_.address as address2_1_1_, contactdat1_.bmonth as bmonth3_1_1_, contactdat1_.byear as byear4_1_1_, contactdat1_.email as email5_1_1_, contactdat1_.email2 as email6_1_1_, contactdat1_.email3 as email7_1_1_, contactdat1_.firstname as firstnam8_1_1_, contactdat1_.home as home9_1_1_, contactdat1_.lastname as lastnam10_1_1_, contactdat1_.middlename as middlen11_1_1_, contactdat1_.mobile as mobile12_1_1_, contactdat1_.photo as photo13_1_1_, contactdat1_.work as work14_1_1_ from address_in_groups contacts0_ inner join addressbook contactdat1_ on contacts0_.id=contactdat1_.id where contacts0_.group_id=?
Hibernate: select contacts0_.group_id as group_id2_0_0_, contacts0_.id as id1_0_0_, contactdat1_.id as id1_1_1_, contactdat1_.address as address2_1_1_, contactdat1_.bmonth as bmonth3_1_1_, contactdat1_.byear as byear4_1_1_, contactdat1_.email as email5_1_1_, contactdat1_.email2 as email6_1_1_, contactdat1_.email3 as email7_1_1_, contactdat1_.firstname as firstnam8_1_1_, contactdat1_.home as home9_1_1_, contactdat1_.lastname as lastnam10_1_1_, contactdat1_.middlename as middlen11_1_1_, contactdat1_.mobile as mobile12_1_1_, contactdat1_.photo as photo13_1_1_, contactdat1_.work as work14_1_1_ from address_in_groups contacts0_ inner join addressbook contactdat1_ on contacts0_.id=contactdat1_.id where contacts0_.group_id=?
Hibernate: select contacts0_.group_id as group_id2_0_0_, contacts0_.id as id1_0_0_, contactdat1_.id as id1_1_1_, contactdat1_.address as address2_1_1_, contactdat1_.bmonth as bmonth3_1_1_, contactdat1_.byear as byear4_1_1_, contactdat1_.email as email5_1_1_, contactdat1_.email2 as email6_1_1_, contactdat1_.email3 as email7_1_1_, contactdat1_.firstname as firstnam8_1_1_, contactdat1_.home as home9_1_1_, contactdat1_.lastname as lastnam10_1_1_, contactdat1_.middlename as middlen11_1_1_, contactdat1_.mobile as mobile12_1_1_, contactdat1_.photo as photo13_1_1_, contactdat1_.work as work14_1_1_ from address_in_groups contacts0_ inner join addressbook contactdat1_ on contacts0_.id=contactdat1_.id where contacts0_.group_id=?
Hibernate: select contacts0_.group_id as group_id2_0_0_, contacts0_.id as id1_0_0_, contactdat1_.id as id1_1_1_, contactdat1_.address as address2_1_1_, contactdat1_.bmonth as bmonth3_1_1_, contactdat1_.byear as byear4_1_1_, contactdat1_.email as email5_1_1_, contactdat1_.email2 as email6_1_1_, contactdat1_.email3 as email7_1_1_, contactdat1_.firstname as firstnam8_1_1_, contactdat1_.home as home9_1_1_, contactdat1_.lastname as lastnam10_1_1_, contactdat1_.middlename as middlen11_1_1_, contactdat1_.mobile as mobile12_1_1_, contactdat1_.photo as photo13_1_1_, contactdat1_.work as work14_1_1_ from address_in_groups contacts0_ inner join addressbook contactdat1_ on contacts0_.id=contactdat1_.id where contacts0_.group_id=?
Hibernate: select contacts0_.group_id as group_id2_0_0_, contacts0_.id as id1_0_0_, contactdat1_.id as id1_1_1_, contactdat1_.address as address2_1_1_, contactdat1_.bmonth as bmonth3_1_1_, contactdat1_.byear as byear4_1_1_, contactdat1_.email as email5_1_1_, contactdat1_.email2 as email6_1_1_, contactdat1_.email3 as email7_1_1_, contactdat1_.firstname as firstnam8_1_1_, contactdat1_.home as home9_1_1_, contactdat1_.lastname as lastnam10_1_1_, contactdat1_.middlename as middlen11_1_1_, contactdat1_.mobile as mobile12_1_1_, contactdat1_.photo as photo13_1_1_, contactdat1_.work as work14_1_1_ from address_in_groups contacts0_ inner join addressbook contactdat1_ on contacts0_.id=contactdat1_.id where contacts0_.group_id=?
Hibernate: select contacts0_.group_id as group_id2_0_0_, contacts0_.id as id1_0_0_, contactdat1_.id as id1_1_1_, contactdat1_.address as address2_1_1_, contactdat1_.bmonth as bmonth3_1_1_, contactdat1_.byear as byear4_1_1_, contactdat1_.email as email5_1_1_, contactdat1_.email2 as email6_1_1_, contactdat1_.email3 as email7_1_1_, contactdat1_.firstname as firstnam8_1_1_, contactdat1_.home as home9_1_1_, contactdat1_.lastname as lastnam10_1_1_, contactdat1_.middlename as middlen11_1_1_, contactdat1_.mobile as mobile12_1_1_, contactdat1_.photo as photo13_1_1_, contactdat1_.work as work14_1_1_ from address_in_groups contacts0_ inner join addressbook contactdat1_ on contacts0_.id=contactdat1_.id where contacts0_.group_id=?
Hibernate: select contacts0_.group_id as group_id2_0_0_, contacts0_.id as id1_0_0_, contactdat1_.id as id1_1_1_, contactdat1_.address as address2_1_1_, contactdat1_.bmonth as bmonth3_1_1_, contactdat1_.byear as byear4_1_1_, contactdat1_.email as email5_1_1_, contactdat1_.email2 as email6_1_1_, contactdat1_.email3 as email7_1_1_, contactdat1_.firstname as firstnam8_1_1_, contactdat1_.home as home9_1_1_, contactdat1_.lastname as lastnam10_1_1_, contactdat1_.middlename as middlen11_1_1_, contactdat1_.mobile as mobile12_1_1_, contactdat1_.photo as photo13_1_1_, contactdat1_.work as work14_1_1_ from address_in_groups contacts0_ inner join addressbook contactdat1_ on contacts0_.id=contactdat1_.id where contacts0_.group_id=?
Hibernate: select contacts0_.group_id as group_id2_0_0_, contacts0_.id as id1_0_0_, contactdat1_.id as id1_1_1_, contactdat1_.address as address2_1_1_, contactdat1_.bmonth as bmonth3_1_1_, contactdat1_.byear as byear4_1_1_, contactdat1_.email as email5_1_1_, contactdat1_.email2 as email6_1_1_, contactdat1_.email3 as email7_1_1_, contactdat1_.firstname as firstnam8_1_1_, contactdat1_.home as home9_1_1_, contactdat1_.lastname as lastnam10_1_1_, contactdat1_.middlename as middlen11_1_1_, contactdat1_.mobile as mobile12_1_1_, contactdat1_.photo as photo13_1_1_, contactdat1_.work as work14_1_1_ from address_in_groups contacts0_ inner join addressbook contactdat1_ on contacts0_.id=contactdat1_.id where contacts0_.group_id=?
Hibernate: select contacts0_.group_id as group_id2_0_0_, contacts0_.id as id1_0_0_, contactdat1_.id as id1_1_1_, contactdat1_.address as address2_1_1_, contactdat1_.bmonth as bmonth3_1_1_, contactdat1_.byear as byear4_1_1_, contactdat1_.email as email5_1_1_, contactdat1_.email2 as email6_1_1_, contactdat1_.email3 as email7_1_1_, contactdat1_.firstname as firstnam8_1_1_, contactdat1_.home as home9_1_1_, contactdat1_.lastname as lastnam10_1_1_, contactdat1_.middlename as middlen11_1_1_, contactdat1_.mobile as mobile12_1_1_, contactdat1_.photo as photo13_1_1_, contactdat1_.work as work14_1_1_ from address_in_groups contacts0_ inner join addressbook contactdat1_ on contacts0_.id=contactdat1_.id where contacts0_.group_id=?
Hibernate: select contacts0_.group_id as group_id2_0_0_, contacts0_.id as id1_0_0_, contactdat1_.id as id1_1_1_, contactdat1_.address as address2_1_1_, contactdat1_.bmonth as bmonth3_1_1_, contactdat1_.byear as byear4_1_1_, contactdat1_.email as email5_1_1_, contactdat1_.email2 as email6_1_1_, contactdat1_.email3 as email7_1_1_, contactdat1_.firstname as firstnam8_1_1_, contactdat1_.home as home9_1_1_, contactdat1_.lastname as lastnam10_1_1_, contactdat1_.middlename as middlen11_1_1_, contactdat1_.mobile as mobile12_1_1_, contactdat1_.photo as photo13_1_1_, contactdat1_.work as work14_1_1_ from address_in_groups contacts0_ inner join addressbook contactdat1_ on contacts0_.id=contactdat1_.id where contacts0_.group_id=?
Hibernate: select contacts0_.group_id as group_id2_0_0_, contacts0_.id as id1_0_0_, contactdat1_.id as id1_1_1_, contactdat1_.address as address2_1_1_, contactdat1_.bmonth as bmonth3_1_1_, contactdat1_.byear as byear4_1_1_, contactdat1_.email as email5_1_1_, contactdat1_.email2 as email6_1_1_, contactdat1_.email3 as email7_1_1_, contactdat1_.firstname as firstnam8_1_1_, contactdat1_.home as home9_1_1_, contactdat1_.lastname as lastnam10_1_1_, contactdat1_.middlename as middlen11_1_1_, contactdat1_.mobile as mobile12_1_1_, contactdat1_.photo as photo13_1_1_, contactdat1_.work as work14_1_1_ from address_in_groups contacts0_ inner join addressbook contactdat1_ on contacts0_.id=contactdat1_.id where contacts0_.group_id=?
Hibernate: select contacts0_.group_id as group_id2_0_0_, contacts0_.id as id1_0_0_, contactdat1_.id as id1_1_1_, contactdat1_.address as address2_1_1_, contactdat1_.bmonth as bmonth3_1_1_, contactdat1_.byear as byear4_1_1_, contactdat1_.email as email5_1_1_, contactdat1_.email2 as email6_1_1_, contactdat1_.email3 as email7_1_1_, contactdat1_.firstname as firstnam8_1_1_, contactdat1_.home as home9_1_1_, contactdat1_.lastname as lastnam10_1_1_, contactdat1_.middlename as middlen11_1_1_, contactdat1_.mobile as mobile12_1_1_, contactdat1_.photo as photo13_1_1_, contactdat1_.work as work14_1_1_ from address_in_groups contacts0_ inner join addressbook contactdat1_ on contacts0_.id=contactdat1_.id where contacts0_.group_id=?
Hibernate: select contacts0_.group_id as group_id2_0_0_, contacts0_.id as id1_0_0_, contactdat1_.id as id1_1_1_, contactdat1_.address as address2_1_1_, contactdat1_.bmonth as bmonth3_1_1_, contactdat1_.byear as byear4_1_1_, contactdat1_.email as email5_1_1_, contactdat1_.email2 as email6_1_1_, contactdat1_.email3 as email7_1_1_, contactdat1_.firstname as firstnam8_1_1_, contactdat1_.home as home9_1_1_, contactdat1_.lastname as lastnam10_1_1_, contactdat1_.middlename as middlen11_1_1_, contactdat1_.mobile as mobile12_1_1_, contactdat1_.photo as photo13_1_1_, contactdat1_.work as work14_1_1_ from address_in_groups contacts0_ inner join addressbook contactdat1_ on contacts0_.id=contactdat1_.id where contacts0_.group_id=?
22:10:50.655 [Test worker] INFO  r.s.pft.addressbook.tests.TestBase - End testtestGroupCreation
22:10:50.655 [Test worker] INFO  r.s.pft.addressbook.tests.TestBase - Start testtestGroupCreation with parameters [GroupData{id='0', name='test 6'}]
Hibernate: select groupdata0_.group_id as group_id1_2_, groupdata0_.group_footer as group_fo2_2_, groupdata0_.group_header as group_he3_2_, groupdata0_.group_name as group_na4_2_ from group_list groupdata0_
Hibernate: select contacts0_.group_id as group_id2_0_0_, contacts0_.id as id1_0_0_, contactdat1_.id as id1_1_1_, contactdat1_.address as address2_1_1_, contactdat1_.bmonth as bmonth3_1_1_, contactdat1_.byear as byear4_1_1_, contactdat1_.email as email5_1_1_, contactdat1_.email2 as email6_1_1_, contactdat1_.email3 as email7_1_1_, contactdat1_.firstname as firstnam8_1_1_, contactdat1_.home as home9_1_1_, contactdat1_.lastname as lastnam10_1_1_, contactdat1_.middlename as middlen11_1_1_, contactdat1_.mobile as mobile12_1_1_, contactdat1_.photo as photo13_1_1_, contactdat1_.work as work14_1_1_ from address_in_groups contacts0_ inner join addressbook contactdat1_ on contacts0_.id=contactdat1_.id where contacts0_.group_id=?
Hibernate: select contacts0_.group_id as group_id2_0_0_, contacts0_.id as id1_0_0_, contactdat1_.id as id1_1_1_, contactdat1_.address as address2_1_1_, contactdat1_.bmonth as bmonth3_1_1_, contactdat1_.byear as byear4_1_1_, contactdat1_.email as email5_1_1_, contactdat1_.email2 as email6_1_1_, contactdat1_.email3 as email7_1_1_, contactdat1_.firstname as firstnam8_1_1_, contactdat1_.home as home9_1_1_, contactdat1_.lastname as lastnam10_1_1_, contactdat1_.middlename as middlen11_1_1_, contactdat1_.mobile as mobile12_1_1_, contactdat1_.photo as photo13_1_1_, contactdat1_.work as work14_1_1_ from address_in_groups contacts0_ inner join addressbook contactdat1_ on contacts0_.id=contactdat1_.id where contacts0_.group_id=?
Hibernate: select contacts0_.group_id as group_id2_0_0_, contacts0_.id as id1_0_0_, contactdat1_.id as id1_1_1_, contactdat1_.address as address2_1_1_, contactdat1_.bmonth as bmonth3_1_1_, contactdat1_.byear as byear4_1_1_, contactdat1_.email as email5_1_1_, contactdat1_.email2 as email6_1_1_, contactdat1_.email3 as email7_1_1_, contactdat1_.firstname as firstnam8_1_1_, contactdat1_.home as home9_1_1_, contactdat1_.lastname as lastnam10_1_1_, contactdat1_.middlename as middlen11_1_1_, contactdat1_.mobile as mobile12_1_1_, contactdat1_.photo as photo13_1_1_, contactdat1_.work as work14_1_1_ from address_in_groups contacts0_ inner join addressbook contactdat1_ on contacts0_.id=contactdat1_.id where contacts0_.group_id=?
Hibernate: select contacts0_.group_id as group_id2_0_0_, contacts0_.id as id1_0_0_, contactdat1_.id as id1_1_1_, contactdat1_.address as address2_1_1_, contactdat1_.bmonth as bmonth3_1_1_, contactdat1_.byear as byear4_1_1_, contactdat1_.email as email5_1_1_, contactdat1_.email2 as email6_1_1_, contactdat1_.email3 as email7_1_1_, contactdat1_.firstname as firstnam8_1_1_, contactdat1_.home as home9_1_1_, contactdat1_.lastname as lastnam10_1_1_, contactdat1_.middlename as middlen11_1_1_, contactdat1_.mobile as mobile12_1_1_, contactdat1_.photo as photo13_1_1_, contactdat1_.work as work14_1_1_ from address_in_groups contacts0_ inner join addressbook contactdat1_ on contacts0_.id=contactdat1_.id where contacts0_.group_id=?
Hibernate: select contacts0_.group_id as group_id2_0_0_, contacts0_.id as id1_0_0_, contactdat1_.id as id1_1_1_, contactdat1_.address as address2_1_1_, contactdat1_.bmonth as bmonth3_1_1_, contactdat1_.byear as byear4_1_1_, contactdat1_.email as email5_1_1_, contactdat1_.email2 as email6_1_1_, contactdat1_.email3 as email7_1_1_, contactdat1_.firstname as firstnam8_1_1_, contactdat1_.home as home9_1_1_, contactdat1_.lastname as lastnam10_1_1_, contactdat1_.middlename as middlen11_1_1_, contactdat1_.mobile as mobile12_1_1_, contactdat1_.photo as photo13_1_1_, contactdat1_.work as work14_1_1_ from address_in_groups contacts0_ inner join addressbook contactdat1_ on contacts0_.id=contactdat1_.id where contacts0_.group_id=?
Hibernate: select contacts0_.group_id as group_id2_0_0_, contacts0_.id as id1_0_0_, contactdat1_.id as id1_1_1_, contactdat1_.address as address2_1_1_, contactdat1_.bmonth as bmonth3_1_1_, contactdat1_.byear as byear4_1_1_, contactdat1_.email as email5_1_1_, contactdat1_.email2 as email6_1_1_, contactdat1_.email3 as email7_1_1_, contactdat1_.firstname as firstnam8_1_1_, contactdat1_.home as home9_1_1_, contactdat1_.lastname as lastnam10_1_1_, contactdat1_.middlename as middlen11_1_1_, contactdat1_.mobile as mobile12_1_1_, contactdat1_.photo as photo13_1_1_, contactdat1_.work as work14_1_1_ from address_in_groups contacts0_ inner join addressbook contactdat1_ on contacts0_.id=contactdat1_.id where contacts0_.group_id=?
Hibernate: select contacts0_.group_id as group_id2_0_0_, contacts0_.id as id1_0_0_, contactdat1_.id as id1_1_1_, contactdat1_.address as address2_1_1_, contactdat1_.bmonth as bmonth3_1_1_, contactdat1_.byear as byear4_1_1_, contactdat1_.email as email5_1_1_, contactdat1_.email2 as email6_1_1_, contactdat1_.email3 as email7_1_1_, contactdat1_.firstname as firstnam8_1_1_, contactdat1_.home as home9_1_1_, contactdat1_.lastname as lastnam10_1_1_, contactdat1_.middlename as middlen11_1_1_, contactdat1_.mobile as mobile12_1_1_, contactdat1_.photo as photo13_1_1_, contactdat1_.work as work14_1_1_ from address_in_groups contacts0_ inner join addressbook contactdat1_ on contacts0_.id=contactdat1_.id where contacts0_.group_id=?
Hibernate: select contacts0_.group_id as group_id2_0_0_, contacts0_.id as id1_0_0_, contactdat1_.id as id1_1_1_, contactdat1_.address as address2_1_1_, contactdat1_.bmonth as bmonth3_1_1_, contactdat1_.byear as byear4_1_1_, contactdat1_.email as email5_1_1_, contactdat1_.email2 as email6_1_1_, contactdat1_.email3 as email7_1_1_, contactdat1_.firstname as firstnam8_1_1_, contactdat1_.home as home9_1_1_, contactdat1_.lastname as lastnam10_1_1_, contactdat1_.middlename as middlen11_1_1_, contactdat1_.mobile as mobile12_1_1_, contactdat1_.photo as photo13_1_1_, contactdat1_.work as work14_1_1_ from address_in_groups contacts0_ inner join addressbook contactdat1_ on contacts0_.id=contactdat1_.id where contacts0_.group_id=?
Hibernate: select contacts0_.group_id as group_id2_0_0_, contacts0_.id as id1_0_0_, contactdat1_.id as id1_1_1_, contactdat1_.address as address2_1_1_, contactdat1_.bmonth as bmonth3_1_1_, contactdat1_.byear as byear4_1_1_, contactdat1_.email as email5_1_1_, contactdat1_.email2 as email6_1_1_, contactdat1_.email3 as email7_1_1_, contactdat1_.firstname as firstnam8_1_1_, contactdat1_.home as home9_1_1_, contactdat1_.lastname as lastnam10_1_1_, contactdat1_.middlename as middlen11_1_1_, contactdat1_.mobile as mobile12_1_1_, contactdat1_.photo as photo13_1_1_, contactdat1_.work as work14_1_1_ from address_in_groups contacts0_ inner join addressbook contactdat1_ on contacts0_.id=contactdat1_.id where contacts0_.group_id=?
Hibernate: select contacts0_.group_id as group_id2_0_0_, contacts0_.id as id1_0_0_, contactdat1_.id as id1_1_1_, contactdat1_.address as address2_1_1_, contactdat1_.bmonth as bmonth3_1_1_, contactdat1_.byear as byear4_1_1_, contactdat1_.email as email5_1_1_, contactdat1_.email2 as email6_1_1_, contactdat1_.email3 as email7_1_1_, contactdat1_.firstname as firstnam8_1_1_, contactdat1_.home as home9_1_1_, contactdat1_.lastname as lastnam10_1_1_, contactdat1_.middlename as middlen11_1_1_, contactdat1_.mobile as mobile12_1_1_, contactdat1_.photo as photo13_1_1_, contactdat1_.work as work14_1_1_ from address_in_groups contacts0_ inner join addressbook contactdat1_ on contacts0_.id=contactdat1_.id where contacts0_.group_id=?
Hibernate: select contacts0_.group_id as group_id2_0_0_, contacts0_.id as id1_0_0_, contactdat1_.id as id1_1_1_, contactdat1_.address as address2_1_1_, contactdat1_.bmonth as bmonth3_1_1_, contactdat1_.byear as byear4_1_1_, contactdat1_.email as email5_1_1_, contactdat1_.email2 as email6_1_1_, contactdat1_.email3 as email7_1_1_, contactdat1_.firstname as firstnam8_1_1_, contactdat1_.home as home9_1_1_, contactdat1_.lastname as lastnam10_1_1_, contactdat1_.middlename as middlen11_1_1_, contactdat1_.mobile as mobile12_1_1_, contactdat1_.photo as photo13_1_1_, contactdat1_.work as work14_1_1_ from address_in_groups contacts0_ inner join addressbook contactdat1_ on contacts0_.id=contactdat1_.id where contacts0_.group_id=?
Hibernate: select contacts0_.group_id as group_id2_0_0_, contacts0_.id as id1_0_0_, contactdat1_.id as id1_1_1_, contactdat1_.address as address2_1_1_, contactdat1_.bmonth as bmonth3_1_1_, contactdat1_.byear as byear4_1_1_, contactdat1_.email as email5_1_1_, contactdat1_.email2 as email6_1_1_, contactdat1_.email3 as email7_1_1_, contactdat1_.firstname as firstnam8_1_1_, contactdat1_.home as home9_1_1_, contactdat1_.lastname as lastnam10_1_1_, contactdat1_.middlename as middlen11_1_1_, contactdat1_.mobile as mobile12_1_1_, contactdat1_.photo as photo13_1_1_, contactdat1_.work as work14_1_1_ from address_in_groups contacts0_ inner join addressbook contactdat1_ on contacts0_.id=contactdat1_.id where contacts0_.group_id=?
Hibernate: select contacts0_.group_id as group_id2_0_0_, contacts0_.id as id1_0_0_, contactdat1_.id as id1_1_1_, contactdat1_.address as address2_1_1_, contactdat1_.bmonth as bmonth3_1_1_, contactdat1_.byear as byear4_1_1_, contactdat1_.email as email5_1_1_, contactdat1_.email2 as email6_1_1_, contactdat1_.email3 as email7_1_1_, contactdat1_.firstname as firstnam8_1_1_, contactdat1_.home as home9_1_1_, contactdat1_.lastname as lastnam10_1_1_, contactdat1_.middlename as middlen11_1_1_, contactdat1_.mobile as mobile12_1_1_, contactdat1_.photo as photo13_1_1_, contactdat1_.work as work14_1_1_ from address_in_groups contacts0_ inner join addressbook contactdat1_ on contacts0_.id=contactdat1_.id where contacts0_.group_id=?
Hibernate: select contacts0_.group_id as group_id2_0_0_, contacts0_.id as id1_0_0_, contactdat1_.id as id1_1_1_, contactdat1_.address as address2_1_1_, contactdat1_.bmonth as bmonth3_1_1_, contactdat1_.byear as byear4_1_1_, contactdat1_.email as email5_1_1_, contactdat1_.email2 as email6_1_1_, contactdat1_.email3 as email7_1_1_, contactdat1_.firstname as firstnam8_1_1_, contactdat1_.home as home9_1_1_, contactdat1_.lastname as lastnam10_1_1_, contactdat1_.middlename as middlen11_1_1_, contactdat1_.mobile as mobile12_1_1_, contactdat1_.photo as photo13_1_1_, contactdat1_.work as work14_1_1_ from address_in_groups contacts0_ inner join addressbook contactdat1_ on contacts0_.id=contactdat1_.id where contacts0_.group_id=?
Hibernate: select contacts0_.group_id as group_id2_0_0_, contacts0_.id as id1_0_0_, contactdat1_.id as id1_1_1_, contactdat1_.address as address2_1_1_, contactdat1_.bmonth as bmonth3_1_1_, contactdat1_.byear as byear4_1_1_, contactdat1_.email as email5_1_1_, contactdat1_.email2 as email6_1_1_, contactdat1_.email3 as email7_1_1_, contactdat1_.firstname as firstnam8_1_1_, contactdat1_.home as home9_1_1_, contactdat1_.lastname as lastnam10_1_1_, contactdat1_.middlename as middlen11_1_1_, contactdat1_.mobile as mobile12_1_1_, contactdat1_.photo as photo13_1_1_, contactdat1_.work as work14_1_1_ from address_in_groups contacts0_ inner join addressbook contactdat1_ on contacts0_.id=contactdat1_.id where contacts0_.group_id=?
Hibernate: select contacts0_.group_id as group_id2_0_0_, contacts0_.id as id1_0_0_, contactdat1_.id as id1_1_1_, contactdat1_.address as address2_1_1_, contactdat1_.bmonth as bmonth3_1_1_, contactdat1_.byear as byear4_1_1_, contactdat1_.email as email5_1_1_, contactdat1_.email2 as email6_1_1_, contactdat1_.email3 as email7_1_1_, contactdat1_.firstname as firstnam8_1_1_, contactdat1_.home as home9_1_1_, contactdat1_.lastname as lastnam10_1_1_, contactdat1_.middlename as middlen11_1_1_, contactdat1_.mobile as mobile12_1_1_, contactdat1_.photo as photo13_1_1_, contactdat1_.work as work14_1_1_ from address_in_groups contacts0_ inner join addressbook contactdat1_ on contacts0_.id=contactdat1_.id where contacts0_.group_id=?
Hibernate: select contacts0_.group_id as group_id2_0_0_, contacts0_.id as id1_0_0_, contactdat1_.id as id1_1_1_, contactdat1_.address as address2_1_1_, contactdat1_.bmonth as bmonth3_1_1_, contactdat1_.byear as byear4_1_1_, contactdat1_.email as email5_1_1_, contactdat1_.email2 as email6_1_1_, contactdat1_.email3 as email7_1_1_, contactdat1_.firstname as firstnam8_1_1_, contactdat1_.home as home9_1_1_, contactdat1_.lastname as lastnam10_1_1_, contactdat1_.middlename as middlen11_1_1_, contactdat1_.mobile as mobile12_1_1_, contactdat1_.photo as photo13_1_1_, contactdat1_.work as work14_1_1_ from address_in_groups contacts0_ inner join addressbook contactdat1_ on contacts0_.id=contactdat1_.id where contacts0_.group_id=?
Hibernate: select contacts0_.group_id as group_id2_0_0_, contacts0_.id as id1_0_0_, contactdat1_.id as id1_1_1_, contactdat1_.address as address2_1_1_, contactdat1_.bmonth as bmonth3_1_1_, contactdat1_.byear as byear4_1_1_, contactdat1_.email as email5_1_1_, contactdat1_.email2 as email6_1_1_, contactdat1_.email3 as email7_1_1_, contactdat1_.firstname as firstnam8_1_1_, contactdat1_.home as home9_1_1_, contactdat1_.lastname as lastnam10_1_1_, contactdat1_.middlename as middlen11_1_1_, contactdat1_.mobile as mobile12_1_1_, contactdat1_.photo as photo13_1_1_, contactdat1_.work as work14_1_1_ from address_in_groups contacts0_ inner join addressbook contactdat1_ on contacts0_.id=contactdat1_.id where contacts0_.group_id=?
Hibernate: select contacts0_.group_id as group_id2_0_0_, contacts0_.id as id1_0_0_, contactdat1_.id as id1_1_1_, contactdat1_.address as address2_1_1_, contactdat1_.bmonth as bmonth3_1_1_, contactdat1_.byear as byear4_1_1_, contactdat1_.email as email5_1_1_, contactdat1_.email2 as email6_1_1_, contactdat1_.email3 as email7_1_1_, contactdat1_.firstname as firstnam8_1_1_, contactdat1_.home as home9_1_1_, contactdat1_.lastname as lastnam10_1_1_, contactdat1_.middlename as middlen11_1_1_, contactdat1_.mobile as mobile12_1_1_, contactdat1_.photo as photo13_1_1_, contactdat1_.work as work14_1_1_ from address_in_groups contacts0_ inner join addressbook contactdat1_ on contacts0_.id=contactdat1_.id where contacts0_.group_id=?
Hibernate: select contacts0_.group_id as group_id2_0_0_, contacts0_.id as id1_0_0_, contactdat1_.id as id1_1_1_, contactdat1_.address as address2_1_1_, contactdat1_.bmonth as bmonth3_1_1_, contactdat1_.byear as byear4_1_1_, contactdat1_.email as email5_1_1_, contactdat1_.email2 as email6_1_1_, contactdat1_.email3 as email7_1_1_, contactdat1_.firstname as firstnam8_1_1_, contactdat1_.home as home9_1_1_, contactdat1_.lastname as lastnam10_1_1_, contactdat1_.middlename as middlen11_1_1_, contactdat1_.mobile as mobile12_1_1_, contactdat1_.photo as photo13_1_1_, contactdat1_.work as work14_1_1_ from address_in_groups contacts0_ inner join addressbook contactdat1_ on contacts0_.id=contactdat1_.id where contacts0_.group_id=?
Hibernate: select contacts0_.group_id as group_id2_0_0_, contacts0_.id as id1_0_0_, contactdat1_.id as id1_1_1_, contactdat1_.address as address2_1_1_, contactdat1_.bmonth as bmonth3_1_1_, contactdat1_.byear as byear4_1_1_, contactdat1_.email as email5_1_1_, contactdat1_.email2 as email6_1_1_, contactdat1_.email3 as email7_1_1_, contactdat1_.firstname as firstnam8_1_1_, contactdat1_.home as home9_1_1_, contactdat1_.lastname as lastnam10_1_1_, contactdat1_.middlename as middlen11_1_1_, contactdat1_.mobile as mobile12_1_1_, contactdat1_.photo as photo13_1_1_, contactdat1_.work as work14_1_1_ from address_in_groups contacts0_ inner join addressbook contactdat1_ on contacts0_.id=contactdat1_.id where contacts0_.group_id=?
Hibernate: select contacts0_.group_id as group_id2_0_0_, contacts0_.id as id1_0_0_, contactdat1_.id as id1_1_1_, contactdat1_.address as address2_1_1_, contactdat1_.bmonth as bmonth3_1_1_, contactdat1_.byear as byear4_1_1_, contactdat1_.email as email5_1_1_, contactdat1_.email2 as email6_1_1_, contactdat1_.email3 as email7_1_1_, contactdat1_.firstname as firstnam8_1_1_, contactdat1_.home as home9_1_1_, contactdat1_.lastname as lastnam10_1_1_, contactdat1_.middlename as middlen11_1_1_, contactdat1_.mobile as mobile12_1_1_, contactdat1_.photo as photo13_1_1_, contactdat1_.work as work14_1_1_ from address_in_groups contacts0_ inner join addressbook contactdat1_ on contacts0_.id=contactdat1_.id where contacts0_.group_id=?
Hibernate: select contacts0_.group_id as group_id2_0_0_, contacts0_.id as id1_0_0_, contactdat1_.id as id1_1_1_, contactdat1_.address as address2_1_1_, contactdat1_.bmonth as bmonth3_1_1_, contactdat1_.byear as byear4_1_1_, contactdat1_.email as email5_1_1_, contactdat1_.email2 as email6_1_1_, contactdat1_.email3 as email7_1_1_, contactdat1_.firstname as firstnam8_1_1_, contactdat1_.home as home9_1_1_, contactdat1_.lastname as lastnam10_1_1_, contactdat1_.middlename as middlen11_1_1_, contactdat1_.mobile as mobile12_1_1_, contactdat1_.photo as photo13_1_1_, contactdat1_.work as work14_1_1_ from address_in_groups contacts0_ inner join addressbook contactdat1_ on contacts0_.id=contactdat1_.id where contacts0_.group_id=?
Hibernate: select contacts0_.group_id as group_id2_0_0_, contacts0_.id as id1_0_0_, contactdat1_.id as id1_1_1_, contactdat1_.address as address2_1_1_, contactdat1_.bmonth as bmonth3_1_1_, contactdat1_.byear as byear4_1_1_, contactdat1_.email as email5_1_1_, contactdat1_.email2 as email6_1_1_, contactdat1_.email3 as email7_1_1_, contactdat1_.firstname as firstnam8_1_1_, contactdat1_.home as home9_1_1_, contactdat1_.lastname as lastnam10_1_1_, contactdat1_.middlename as middlen11_1_1_, contactdat1_.mobile as mobile12_1_1_, contactdat1_.photo as photo13_1_1_, contactdat1_.work as work14_1_1_ from address_in_groups contacts0_ inner join addressbook contactdat1_ on contacts0_.id=contactdat1_.id where contacts0_.group_id=?
Hibernate: select contacts0_.group_id as group_id2_0_0_, contacts0_.id as id1_0_0_, contactdat1_.id as id1_1_1_, contactdat1_.address as address2_1_1_, contactdat1_.bmonth as bmonth3_1_1_, contactdat1_.byear as byear4_1_1_, contactdat1_.email as email5_1_1_, contactdat1_.email2 as email6_1_1_, contactdat1_.email3 as email7_1_1_, contactdat1_.firstname as firstnam8_1_1_, contactdat1_.home as home9_1_1_, contactdat1_.lastname as lastnam10_1_1_, contactdat1_.middlename as middlen11_1_1_, contactdat1_.mobile as mobile12_1_1_, contactdat1_.photo as photo13_1_1_, contactdat1_.work as work14_1_1_ from address_in_groups contacts0_ inner join addressbook contactdat1_ on contacts0_.id=contactdat1_.id where contacts0_.group_id=?
Hibernate: select contacts0_.group_id as group_id2_0_0_, contacts0_.id as id1_0_0_, contactdat1_.id as id1_1_1_, contactdat1_.address as address2_1_1_, contactdat1_.bmonth as bmonth3_1_1_, contactdat1_.byear as byear4_1_1_, contactdat1_.email as email5_1_1_, contactdat1_.email2 as email6_1_1_, contactdat1_.email3 as email7_1_1_, contactdat1_.firstname as firstnam8_1_1_, contactdat1_.home as home9_1_1_, contactdat1_.lastname as lastnam10_1_1_, contactdat1_.middlename as middlen11_1_1_, contactdat1_.mobile as mobile12_1_1_, contactdat1_.photo as photo13_1_1_, contactdat1_.work as work14_1_1_ from address_in_groups contacts0_ inner join addressbook contactdat1_ on contacts0_.id=contactdat1_.id where contacts0_.group_id=?
Hibernate: select contacts0_.group_id as group_id2_0_0_, contacts0_.id as id1_0_0_, contactdat1_.id as id1_1_1_, contactdat1_.address as address2_1_1_, contactdat1_.bmonth as bmonth3_1_1_, contactdat1_.byear as byear4_1_1_, contactdat1_.email as email5_1_1_, contactdat1_.email2 as email6_1_1_, contactdat1_.email3 as email7_1_1_, contactdat1_.firstname as firstnam8_1_1_, contactdat1_.home as home9_1_1_, contactdat1_.lastname as lastnam10_1_1_, contactdat1_.middlename as middlen11_1_1_, contactdat1_.mobile as mobile12_1_1_, contactdat1_.photo as photo13_1_1_, contactdat1_.work as work14_1_1_ from address_in_groups contacts0_ inner join addressbook contactdat1_ on contacts0_.id=contactdat1_.id where contacts0_.group_id=?
Hibernate: select contacts0_.group_id as group_id2_0_0_, contacts0_.id as id1_0_0_, contactdat1_.id as id1_1_1_, contactdat1_.address as address2_1_1_, contactdat1_.bmonth as bmonth3_1_1_, contactdat1_.byear as byear4_1_1_, contactdat1_.email as email5_1_1_, contactdat1_.email2 as email6_1_1_, contactdat1_.email3 as email7_1_1_, contactdat1_.firstname as firstnam8_1_1_, contactdat1_.home as home9_1_1_, contactdat1_.lastname as lastnam10_1_1_, contactdat1_.middlename as middlen11_1_1_, contactdat1_.mobile as mobile12_1_1_, contactdat1_.photo as photo13_1_1_, contactdat1_.work as work14_1_1_ from address_in_groups contacts0_ inner join addressbook contactdat1_ on contacts0_.id=contactdat1_.id where contacts0_.group_id=?
Hibernate: select contacts0_.group_id as group_id2_0_0_, contacts0_.id as id1_0_0_, contactdat1_.id as id1_1_1_, contactdat1_.address as address2_1_1_, contactdat1_.bmonth as bmonth3_1_1_, contactdat1_.byear as byear4_1_1_, contactdat1_.email as email5_1_1_, contactdat1_.email2 as email6_1_1_, contactdat1_.email3 as email7_1_1_, contactdat1_.firstname as firstnam8_1_1_, contactdat1_.home as home9_1_1_, contactdat1_.lastname as lastnam10_1_1_, contactdat1_.middlename as middlen11_1_1_, contactdat1_.mobile as mobile12_1_1_, contactdat1_.photo as photo13_1_1_, contactdat1_.work as work14_1_1_ from address_in_groups contacts0_ inner join addressbook contactdat1_ on contacts0_.id=contactdat1_.id where contacts0_.group_id=?
Hibernate: select contacts0_.group_id as group_id2_0_0_, contacts0_.id as id1_0_0_, contactdat1_.id as id1_1_1_, contactdat1_.address as address2_1_1_, contactdat1_.bmonth as bmonth3_1_1_, contactdat1_.byear as byear4_1_1_, contactdat1_.email as email5_1_1_, contactdat1_.email2 as email6_1_1_, contactdat1_.email3 as email7_1_1_, contactdat1_.firstname as firstnam8_1_1_, contactdat1_.home as home9_1_1_, contactdat1_.lastname as lastnam10_1_1_, contactdat1_.middlename as middlen11_1_1_, contactdat1_.mobile as mobile12_1_1_, contactdat1_.photo as photo13_1_1_, contactdat1_.work as work14_1_1_ from address_in_groups contacts0_ inner join addressbook contactdat1_ on contacts0_.id=contactdat1_.id where contacts0_.group_id=?
Hibernate: select contacts0_.group_id as group_id2_0_0_, contacts0_.id as id1_0_0_, contactdat1_.id as id1_1_1_, contactdat1_.address as address2_1_1_, contactdat1_.bmonth as bmonth3_1_1_, contactdat1_.byear as byear4_1_1_, contactdat1_.email as email5_1_1_, contactdat1_.email2 as email6_1_1_, contactdat1_.email3 as email7_1_1_, contactdat1_.firstname as firstnam8_1_1_, contactdat1_.home as home9_1_1_, contactdat1_.lastname as lastnam10_1_1_, contactdat1_.middlename as middlen11_1_1_, contactdat1_.mobile as mobile12_1_1_, contactdat1_.photo as photo13_1_1_, contactdat1_.work as work14_1_1_ from address_in_groups contacts0_ inner join addressbook contactdat1_ on contacts0_.id=contactdat1_.id where contacts0_.group_id=?
Hibernate: select contacts0_.group_id as group_id2_0_0_, contacts0_.id as id1_0_0_, contactdat1_.id as id1_1_1_, contactdat1_.address as address2_1_1_, contactdat1_.bmonth as bmonth3_1_1_, contactdat1_.byear as byear4_1_1_, contactdat1_.email as email5_1_1_, contactdat1_.email2 as email6_1_1_, contactdat1_.email3 as email7_1_1_, contactdat1_.firstname as firstnam8_1_1_, contactdat1_.home as home9_1_1_, contactdat1_.lastname as lastnam10_1_1_, contactdat1_.middlename as middlen11_1_1_, contactdat1_.mobile as mobile12_1_1_, contactdat1_.photo as photo13_1_1_, contactdat1_.work as work14_1_1_ from address_in_groups contacts0_ inner join addressbook contactdat1_ on contacts0_.id=contactdat1_.id where contacts0_.group_id=?
Hibernate: select contacts0_.group_id as group_id2_0_0_, contacts0_.id as id1_0_0_, contactdat1_.id as id1_1_1_, contactdat1_.address as address2_1_1_, contactdat1_.bmonth as bmonth3_1_1_, contactdat1_.byear as byear4_1_1_, contactdat1_.email as email5_1_1_, contactdat1_.email2 as email6_1_1_, contactdat1_.email3 as email7_1_1_, contactdat1_.firstname as firstnam8_1_1_, contactdat1_.home as home9_1_1_, contactdat1_.lastname as lastnam10_1_1_, contactdat1_.middlename as middlen11_1_1_, contactdat1_.mobile as mobile12_1_1_, contactdat1_.photo as photo13_1_1_, contactdat1_.work as work14_1_1_ from address_in_groups contacts0_ inner join addressbook contactdat1_ on contacts0_.id=contactdat1_.id where contacts0_.group_id=?
Hibernate: select contacts0_.group_id as group_id2_0_0_, contacts0_.id as id1_0_0_, contactdat1_.id as id1_1_1_, contactdat1_.address as address2_1_1_, contactdat1_.bmonth as bmonth3_1_1_, contactdat1_.byear as byear4_1_1_, contactdat1_.email as email5_1_1_, contactdat1_.email2 as email6_1_1_, contactdat1_.email3 as email7_1_1_, contactdat1_.firstname as firstnam8_1_1_, contactdat1_.home as home9_1_1_, contactdat1_.lastname as lastnam10_1_1_, contactdat1_.middlename as middlen11_1_1_, contactdat1_.mobile as mobile12_1_1_, contactdat1_.photo as photo13_1_1_, contactdat1_.work as work14_1_1_ from address_in_groups contacts0_ inner join addressbook contactdat1_ on contacts0_.id=contactdat1_.id where contacts0_.group_id=?
Hibernate: select contacts0_.group_id as group_id2_0_0_, contacts0_.id as id1_0_0_, contactdat1_.id as id1_1_1_, contactdat1_.address as address2_1_1_, contactdat1_.bmonth as bmonth3_1_1_, contactdat1_.byear as byear4_1_1_, contactdat1_.email as email5_1_1_, contactdat1_.email2 as email6_1_1_, contactdat1_.email3 as email7_1_1_, contactdat1_.firstname as firstnam8_1_1_, contactdat1_.home as home9_1_1_, contactdat1_.lastname as lastnam10_1_1_, contactdat1_.middlename as middlen11_1_1_, contactdat1_.mobile as mobile12_1_1_, contactdat1_.photo as photo13_1_1_, contactdat1_.work as work14_1_1_ from address_in_groups contacts0_ inner join addressbook contactdat1_ on contacts0_.id=contactdat1_.id where contacts0_.group_id=?
Hibernate: select contacts0_.group_id as group_id2_0_0_, contacts0_.id as id1_0_0_, contactdat1_.id as id1_1_1_, contactdat1_.address as address2_1_1_, contactdat1_.bmonth as bmonth3_1_1_, contactdat1_.byear as byear4_1_1_, contactdat1_.email as email5_1_1_, contactdat1_.email2 as email6_1_1_, contactdat1_.email3 as email7_1_1_, contactdat1_.firstname as firstnam8_1_1_, contactdat1_.home as home9_1_1_, contactdat1_.lastname as lastnam10_1_1_, contactdat1_.middlename as middlen11_1_1_, contactdat1_.mobile as mobile12_1_1_, contactdat1_.photo as photo13_1_1_, contactdat1_.work as work14_1_1_ from address_in_groups contacts0_ inner join addressbook contactdat1_ on contacts0_.id=contactdat1_.id where contacts0_.group_id=?
Hibernate: select contacts0_.group_id as group_id2_0_0_, contacts0_.id as id1_0_0_, contactdat1_.id as id1_1_1_, contactdat1_.address as address2_1_1_, contactdat1_.bmonth as bmonth3_1_1_, contactdat1_.byear as byear4_1_1_, contactdat1_.email as email5_1_1_, contactdat1_.email2 as email6_1_1_, contactdat1_.email3 as email7_1_1_, contactdat1_.firstname as firstnam8_1_1_, contactdat1_.home as home9_1_1_, contactdat1_.lastname as lastnam10_1_1_, contactdat1_.middlename as middlen11_1_1_, contactdat1_.mobile as mobile12_1_1_, contactdat1_.photo as photo13_1_1_, contactdat1_.work as work14_1_1_ from address_in_groups contacts0_ inner join addressbook contactdat1_ on contacts0_.id=contactdat1_.id where contacts0_.group_id=?
Hibernate: select contacts0_.group_id as group_id2_0_0_, contacts0_.id as id1_0_0_, contactdat1_.id as id1_1_1_, contactdat1_.address as address2_1_1_, contactdat1_.bmonth as bmonth3_1_1_, contactdat1_.byear as byear4_1_1_, contactdat1_.email as email5_1_1_, contactdat1_.email2 as email6_1_1_, contactdat1_.email3 as email7_1_1_, contactdat1_.firstname as firstnam8_1_1_, contactdat1_.home as home9_1_1_, contactdat1_.lastname as lastnam10_1_1_, contactdat1_.middlename as middlen11_1_1_, contactdat1_.mobile as mobile12_1_1_, contactdat1_.photo as photo13_1_1_, contactdat1_.work as work14_1_1_ from address_in_groups contacts0_ inner join addressbook contactdat1_ on contacts0_.id=contactdat1_.id where contacts0_.group_id=?
Hibernate: select contacts0_.group_id as group_id2_0_0_, contacts0_.id as id1_0_0_, contactdat1_.id as id1_1_1_, contactdat1_.address as address2_1_1_, contactdat1_.bmonth as bmonth3_1_1_, contactdat1_.byear as byear4_1_1_, contactdat1_.email as email5_1_1_, contactdat1_.email2 as email6_1_1_, contactdat1_.email3 as email7_1_1_, contactdat1_.firstname as firstnam8_1_1_, contactdat1_.home as home9_1_1_, contactdat1_.lastname as lastnam10_1_1_, contactdat1_.middlename as middlen11_1_1_, contactdat1_.mobile as mobile12_1_1_, contactdat1_.photo as photo13_1_1_, contactdat1_.work as work14_1_1_ from address_in_groups contacts0_ inner join addressbook contactdat1_ on contacts0_.id=contactdat1_.id where contacts0_.group_id=?
Hibernate: select contacts0_.group_id as group_id2_0_0_, contacts0_.id as id1_0_0_, contactdat1_.id as id1_1_1_, contactdat1_.address as address2_1_1_, contactdat1_.bmonth as bmonth3_1_1_, contactdat1_.byear as byear4_1_1_, contactdat1_.email as email5_1_1_, contactdat1_.email2 as email6_1_1_, contactdat1_.email3 as email7_1_1_, contactdat1_.firstname as firstnam8_1_1_, contactdat1_.home as home9_1_1_, contactdat1_.lastname as lastnam10_1_1_, contactdat1_.middlename as middlen11_1_1_, contactdat1_.mobile as mobile12_1_1_, contactdat1_.photo as photo13_1_1_, contactdat1_.work as work14_1_1_ from address_in_groups contacts0_ inner join addressbook contactdat1_ on contacts0_.id=contactdat1_.id where contacts0_.group_id=?
Hibernate: select contacts0_.group_id as group_id2_0_0_, contacts0_.id as id1_0_0_, contactdat1_.id as id1_1_1_, contactdat1_.address as address2_1_1_, contactdat1_.bmonth as bmonth3_1_1_, contactdat1_.byear as byear4_1_1_, contactdat1_.email as email5_1_1_, contactdat1_.email2 as email6_1_1_, contactdat1_.email3 as email7_1_1_, contactdat1_.firstname as firstnam8_1_1_, contactdat1_.home as home9_1_1_, contactdat1_.lastname as lastnam10_1_1_, contactdat1_.middlename as middlen11_1_1_, contactdat1_.mobile as mobile12_1_1_, contactdat1_.photo as photo13_1_1_, contactdat1_.work as work14_1_1_ from address_in_groups contacts0_ inner join addressbook contactdat1_ on contacts0_.id=contactdat1_.id where contacts0_.group_id=?
Hibernate: select contacts0_.group_id as group_id2_0_0_, contacts0_.id as id1_0_0_, contactdat1_.id as id1_1_1_, contactdat1_.address as address2_1_1_, contactdat1_.bmonth as bmonth3_1_1_, contactdat1_.byear as byear4_1_1_, contactdat1_.email as email5_1_1_, contactdat1_.email2 as email6_1_1_, contactdat1_.email3 as email7_1_1_, contactdat1_.firstname as firstnam8_1_1_, contactdat1_.home as home9_1_1_, contactdat1_.lastname as lastnam10_1_1_, contactdat1_.middlename as middlen11_1_1_, contactdat1_.mobile as mobile12_1_1_, contactdat1_.photo as photo13_1_1_, contactdat1_.work as work14_1_1_ from address_in_groups contacts0_ inner join addressbook contactdat1_ on contacts0_.id=contactdat1_.id where contacts0_.group_id=?
Hibernate: select contacts0_.group_id as group_id2_0_0_, contacts0_.id as id1_0_0_, contactdat1_.id as id1_1_1_, contactdat1_.address as address2_1_1_, contactdat1_.bmonth as bmonth3_1_1_, contactdat1_.byear as byear4_1_1_, contactdat1_.email as email5_1_1_, contactdat1_.email2 as email6_1_1_, contactdat1_.email3 as email7_1_1_, contactdat1_.firstname as firstnam8_1_1_, contactdat1_.home as home9_1_1_, contactdat1_.lastname as lastnam10_1_1_, contactdat1_.middlename as middlen11_1_1_, contactdat1_.mobile as mobile12_1_1_, contactdat1_.photo as photo13_1_1_, contactdat1_.work as work14_1_1_ from address_in_groups contacts0_ inner join addressbook contactdat1_ on contacts0_.id=contactdat1_.id where contacts0_.group_id=?
Hibernate: select contacts0_.group_id as group_id2_0_0_, contacts0_.id as id1_0_0_, contactdat1_.id as id1_1_1_, contactdat1_.address as address2_1_1_, contactdat1_.bmonth as bmonth3_1_1_, contactdat1_.byear as byear4_1_1_, contactdat1_.email as email5_1_1_, contactdat1_.email2 as email6_1_1_, contactdat1_.email3 as email7_1_1_, contactdat1_.firstname as firstnam8_1_1_, contactdat1_.home as home9_1_1_, contactdat1_.lastname as lastnam10_1_1_, contactdat1_.middlename as middlen11_1_1_, contactdat1_.mobile as mobile12_1_1_, contactdat1_.photo as photo13_1_1_, contactdat1_.work as work14_1_1_ from address_in_groups contacts0_ inner join addressbook contactdat1_ on contacts0_.id=contactdat1_.id where contacts0_.group_id=?
Hibernate: select contacts0_.group_id as group_id2_0_0_, contacts0_.id as id1_0_0_, contactdat1_.id as id1_1_1_, contactdat1_.address as address2_1_1_, contactdat1_.bmonth as bmonth3_1_1_, contactdat1_.byear as byear4_1_1_, contactdat1_.email as email5_1_1_, contactdat1_.email2 as email6_1_1_, contactdat1_.email3 as email7_1_1_, contactdat1_.firstname as firstnam8_1_1_, contactdat1_.home as home9_1_1_, contactdat1_.lastname as lastnam10_1_1_, contactdat1_.middlename as middlen11_1_1_, contactdat1_.mobile as mobile12_1_1_, contactdat1_.photo as photo13_1_1_, contactdat1_.work as work14_1_1_ from address_in_groups contacts0_ inner join addressbook contactdat1_ on contacts0_.id=contactdat1_.id where contacts0_.group_id=?
Hibernate: select contacts0_.group_id as group_id2_0_0_, contacts0_.id as id1_0_0_, contactdat1_.id as id1_1_1_, contactdat1_.address as address2_1_1_, contactdat1_.bmonth as bmonth3_1_1_, contactdat1_.byear as byear4_1_1_, contactdat1_.email as email5_1_1_, contactdat1_.email2 as email6_1_1_, contactdat1_.email3 as email7_1_1_, contactdat1_.firstname as firstnam8_1_1_, contactdat1_.home as home9_1_1_, contactdat1_.lastname as lastnam10_1_1_, contactdat1_.middlename as middlen11_1_1_, contactdat1_.mobile as mobile12_1_1_, contactdat1_.photo as photo13_1_1_, contactdat1_.work as work14_1_1_ from address_in_groups contacts0_ inner join addressbook contactdat1_ on contacts0_.id=contactdat1_.id where contacts0_.group_id=?
Hibernate: select contacts0_.group_id as group_id2_0_0_, contacts0_.id as id1_0_0_, contactdat1_.id as id1_1_1_, contactdat1_.address as address2_1_1_, contactdat1_.bmonth as bmonth3_1_1_, contactdat1_.byear as byear4_1_1_, contactdat1_.email as email5_1_1_, contactdat1_.email2 as email6_1_1_, contactdat1_.email3 as email7_1_1_, contactdat1_.firstname as firstnam8_1_1_, contactdat1_.home as home9_1_1_, contactdat1_.lastname as lastnam10_1_1_, contactdat1_.middlename as middlen11_1_1_, contactdat1_.mobile as mobile12_1_1_, contactdat1_.photo as photo13_1_1_, contactdat1_.work as work14_1_1_ from address_in_groups contacts0_ inner join addressbook contactdat1_ on contacts0_.id=contactdat1_.id where contacts0_.group_id=?
Hibernate: select contacts0_.group_id as group_id2_0_0_, contacts0_.id as id1_0_0_, contactdat1_.id as id1_1_1_, contactdat1_.address as address2_1_1_, contactdat1_.bmonth as bmonth3_1_1_, contactdat1_.byear as byear4_1_1_, contactdat1_.email as email5_1_1_, contactdat1_.email2 as email6_1_1_, contactdat1_.email3 as email7_1_1_, contactdat1_.firstname as firstnam8_1_1_, contactdat1_.home as home9_1_1_, contactdat1_.lastname as lastnam10_1_1_, contactdat1_.middlename as middlen11_1_1_, contactdat1_.mobile as mobile12_1_1_, contactdat1_.photo as photo13_1_1_, contactdat1_.work as work14_1_1_ from address_in_groups contacts0_ inner join addressbook contactdat1_ on contacts0_.id=contactdat1_.id where contacts0_.group_id=?
Hibernate: select contacts0_.group_id as group_id2_0_0_, contacts0_.id as id1_0_0_, contactdat1_.id as id1_1_1_, contactdat1_.address as address2_1_1_, contactdat1_.bmonth as bmonth3_1_1_, contactdat1_.byear as byear4_1_1_, contactdat1_.email as email5_1_1_, contactdat1_.email2 as email6_1_1_, contactdat1_.email3 as email7_1_1_, contactdat1_.firstname as firstnam8_1_1_, contactdat1_.home as home9_1_1_, contactdat1_.lastname as lastnam10_1_1_, contactdat1_.middlename as middlen11_1_1_, contactdat1_.mobile as mobile12_1_1_, contactdat1_.photo as photo13_1_1_, contactdat1_.work as work14_1_1_ from address_in_groups contacts0_ inner join addressbook contactdat1_ on contacts0_.id=contactdat1_.id where contacts0_.group_id=?
Hibernate: select contacts0_.group_id as group_id2_0_0_, contacts0_.id as id1_0_0_, contactdat1_.id as id1_1_1_, contactdat1_.address as address2_1_1_, contactdat1_.bmonth as bmonth3_1_1_, contactdat1_.byear as byear4_1_1_, contactdat1_.email as email5_1_1_, contactdat1_.email2 as email6_1_1_, contactdat1_.email3 as email7_1_1_, contactdat1_.firstname as firstnam8_1_1_, contactdat1_.home as home9_1_1_, contactdat1_.lastname as lastnam10_1_1_, contactdat1_.middlename as middlen11_1_1_, contactdat1_.mobile as mobile12_1_1_, contactdat1_.photo as photo13_1_1_, contactdat1_.work as work14_1_1_ from address_in_groups contacts0_ inner join addressbook contactdat1_ on contacts0_.id=contactdat1_.id where contacts0_.group_id=?
Hibernate: select contacts0_.group_id as group_id2_0_0_, contacts0_.id as id1_0_0_, contactdat1_.id as id1_1_1_, contactdat1_.address as address2_1_1_, contactdat1_.bmonth as bmonth3_1_1_, contactdat1_.byear as byear4_1_1_, contactdat1_.email as email5_1_1_, contactdat1_.email2 as email6_1_1_, contactdat1_.email3 as email7_1_1_, contactdat1_.firstname as firstnam8_1_1_, contactdat1_.home as home9_1_1_, contactdat1_.lastname as lastnam10_1_1_, contactdat1_.middlename as middlen11_1_1_, contactdat1_.mobile as mobile12_1_1_, contactdat1_.photo as photo13_1_1_, contactdat1_.work as work14_1_1_ from address_in_groups contacts0_ inner join addressbook contactdat1_ on contacts0_.id=contactdat1_.id where contacts0_.group_id=?
Hibernate: select contacts0_.group_id as group_id2_0_0_, contacts0_.id as id1_0_0_, contactdat1_.id as id1_1_1_, contactdat1_.address as address2_1_1_, contactdat1_.bmonth as bmonth3_1_1_, contactdat1_.byear as byear4_1_1_, contactdat1_.email as email5_1_1_, contactdat1_.email2 as email6_1_1_, contactdat1_.email3 as email7_1_1_, contactdat1_.firstname as firstnam8_1_1_, contactdat1_.home as home9_1_1_, contactdat1_.lastname as lastnam10_1_1_, contactdat1_.middlename as middlen11_1_1_, contactdat1_.mobile as mobile12_1_1_, contactdat1_.photo as photo13_1_1_, contactdat1_.work as work14_1_1_ from address_in_groups contacts0_ inner join addressbook contactdat1_ on contacts0_.id=contactdat1_.id where contacts0_.group_id=?
Hibernate: select contacts0_.group_id as group_id2_0_0_, contacts0_.id as id1_0_0_, contactdat1_.id as id1_1_1_, contactdat1_.address as address2_1_1_, contactdat1_.bmonth as bmonth3_1_1_, contactdat1_.byear as byear4_1_1_, contactdat1_.email as email5_1_1_, contactdat1_.email2 as email6_1_1_, contactdat1_.email3 as email7_1_1_, contactdat1_.firstname as firstnam8_1_1_, contactdat1_.home as home9_1_1_, contactdat1_.lastname as lastnam10_1_1_, contactdat1_.middlename as middlen11_1_1_, contactdat1_.mobile as mobile12_1_1_, contactdat1_.photo as photo13_1_1_, contactdat1_.work as work14_1_1_ from address_in_groups contacts0_ inner join addressbook contactdat1_ on contacts0_.id=contactdat1_.id where contacts0_.group_id=?
Hibernate: select contacts0_.group_id as group_id2_0_0_, contacts0_.id as id1_0_0_, contactdat1_.id as id1_1_1_, contactdat1_.address as address2_1_1_, contactdat1_.bmonth as bmonth3_1_1_, contactdat1_.byear as byear4_1_1_, contactdat1_.email as email5_1_1_, contactdat1_.email2 as email6_1_1_, contactdat1_.email3 as email7_1_1_, contactdat1_.firstname as firstnam8_1_1_, contactdat1_.home as home9_1_1_, contactdat1_.lastname as lastnam10_1_1_, contactdat1_.middlename as middlen11_1_1_, contactdat1_.mobile as mobile12_1_1_, contactdat1_.photo as photo13_1_1_, contactdat1_.work as work14_1_1_ from address_in_groups contacts0_ inner join addressbook contactdat1_ on contacts0_.id=contactdat1_.id where contacts0_.group_id=?
Hibernate: select contacts0_.group_id as group_id2_0_0_, contacts0_.id as id1_0_0_, contactdat1_.id as id1_1_1_, contactdat1_.address as address2_1_1_, contactdat1_.bmonth as bmonth3_1_1_, contactdat1_.byear as byear4_1_1_, contactdat1_.email as email5_1_1_, contactdat1_.email2 as email6_1_1_, contactdat1_.email3 as email7_1_1_, contactdat1_.firstname as firstnam8_1_1_, contactdat1_.home as home9_1_1_, contactdat1_.lastname as lastnam10_1_1_, contactdat1_.middlename as middlen11_1_1_, contactdat1_.mobile as mobile12_1_1_, contactdat1_.photo as photo13_1_1_, contactdat1_.work as work14_1_1_ from address_in_groups contacts0_ inner join addressbook contactdat1_ on contacts0_.id=contactdat1_.id where contacts0_.group_id=?
Hibernate: select contacts0_.group_id as group_id2_0_0_, contacts0_.id as id1_0_0_, contactdat1_.id as id1_1_1_, contactdat1_.address as address2_1_1_, contactdat1_.bmonth as bmonth3_1_1_, contactdat1_.byear as byear4_1_1_, contactdat1_.email as email5_1_1_, contactdat1_.email2 as email6_1_1_, contactdat1_.email3 as email7_1_1_, contactdat1_.firstname as firstnam8_1_1_, contactdat1_.home as home9_1_1_, contactdat1_.lastname as lastnam10_1_1_, contactdat1_.middlename as middlen11_1_1_, contactdat1_.mobile as mobile12_1_1_, contactdat1_.photo as photo13_1_1_, contactdat1_.work as work14_1_1_ from address_in_groups contacts0_ inner join addressbook contactdat1_ on contacts0_.id=contactdat1_.id where contacts0_.group_id=?
Hibernate: select contacts0_.group_id as group_id2_0_0_, contacts0_.id as id1_0_0_, contactdat1_.id as id1_1_1_, contactdat1_.address as address2_1_1_, contactdat1_.bmonth as bmonth3_1_1_, contactdat1_.byear as byear4_1_1_, contactdat1_.email as email5_1_1_, contactdat1_.email2 as email6_1_1_, contactdat1_.email3 as email7_1_1_, contactdat1_.firstname as firstnam8_1_1_, contactdat1_.home as home9_1_1_, contactdat1_.lastname as lastnam10_1_1_, contactdat1_.middlename as middlen11_1_1_, contactdat1_.mobile as mobile12_1_1_, contactdat1_.photo as photo13_1_1_, contactdat1_.work as work14_1_1_ from address_in_groups contacts0_ inner join addressbook contactdat1_ on contacts0_.id=contactdat1_.id where contacts0_.group_id=?
Hibernate: select contacts0_.group_id as group_id2_0_0_, contacts0_.id as id1_0_0_, contactdat1_.id as id1_1_1_, contactdat1_.address as address2_1_1_, contactdat1_.bmonth as bmonth3_1_1_, contactdat1_.byear as byear4_1_1_, contactdat1_.email as email5_1_1_, contactdat1_.email2 as email6_1_1_, contactdat1_.email3 as email7_1_1_, contactdat1_.firstname as firstnam8_1_1_, contactdat1_.home as home9_1_1_, contactdat1_.lastname as lastnam10_1_1_, contactdat1_.middlename as middlen11_1_1_, contactdat1_.mobile as mobile12_1_1_, contactdat1_.photo as photo13_1_1_, contactdat1_.work as work14_1_1_ from address_in_groups contacts0_ inner join addressbook contactdat1_ on contacts0_.id=contactdat1_.id where contacts0_.group_id=?
Hibernate: select contacts0_.group_id as group_id2_0_0_, contacts0_.id as id1_0_0_, contactdat1_.id as id1_1_1_, contactdat1_.address as address2_1_1_, contactdat1_.bmonth as bmonth3_1_1_, contactdat1_.byear as byear4_1_1_, contactdat1_.email as email5_1_1_, contactdat1_.email2 as email6_1_1_, contactdat1_.email3 as email7_1_1_, contactdat1_.firstname as firstnam8_1_1_, contactdat1_.home as home9_1_1_, contactdat1_.lastname as lastnam10_1_1_, contactdat1_.middlename as middlen11_1_1_, contactdat1_.mobile as mobile12_1_1_, contactdat1_.photo as photo13_1_1_, contactdat1_.work as work14_1_1_ from address_in_groups contacts0_ inner join addressbook contactdat1_ on contacts0_.id=contactdat1_.id where contacts0_.group_id=?
Hibernate: select contacts0_.group_id as group_id2_0_0_, contacts0_.id as id1_0_0_, contactdat1_.id as id1_1_1_, contactdat1_.address as address2_1_1_, contactdat1_.bmonth as bmonth3_1_1_, contactdat1_.byear as byear4_1_1_, contactdat1_.email as email5_1_1_, contactdat1_.email2 as email6_1_1_, contactdat1_.email3 as email7_1_1_, contactdat1_.firstname as firstnam8_1_1_, contactdat1_.home as home9_1_1_, contactdat1_.lastname as lastnam10_1_1_, contactdat1_.middlename as middlen11_1_1_, contactdat1_.mobile as mobile12_1_1_, contactdat1_.photo as photo13_1_1_, contactdat1_.work as work14_1_1_ from address_in_groups contacts0_ inner join addressbook contactdat1_ on contacts0_.id=contactdat1_.id where contacts0_.group_id=?
Hibernate: select contacts0_.group_id as group_id2_0_0_, contacts0_.id as id1_0_0_, contactdat1_.id as id1_1_1_, contactdat1_.address as address2_1_1_, contactdat1_.bmonth as bmonth3_1_1_, contactdat1_.byear as byear4_1_1_, contactdat1_.email as email5_1_1_, contactdat1_.email2 as email6_1_1_, contactdat1_.email3 as email7_1_1_, contactdat1_.firstname as firstnam8_1_1_, contactdat1_.home as home9_1_1_, contactdat1_.lastname as lastnam10_1_1_, contactdat1_.middlename as middlen11_1_1_, contactdat1_.mobile as mobile12_1_1_, contactdat1_.photo as photo13_1_1_, contactdat1_.work as work14_1_1_ from address_in_groups contacts0_ inner join addressbook contactdat1_ on contacts0_.id=contactdat1_.id where contacts0_.group_id=?
Hibernate: select contacts0_.group_id as group_id2_0_0_, contacts0_.id as id1_0_0_, contactdat1_.id as id1_1_1_, contactdat1_.address as address2_1_1_, contactdat1_.bmonth as bmonth3_1_1_, contactdat1_.byear as byear4_1_1_, contactdat1_.email as email5_1_1_, contactdat1_.email2 as email6_1_1_, contactdat1_.email3 as email7_1_1_, contactdat1_.firstname as firstnam8_1_1_, contactdat1_.home as home9_1_1_, contactdat1_.lastname as lastnam10_1_1_, contactdat1_.middlename as middlen11_1_1_, contactdat1_.mobile as mobile12_1_1_, contactdat1_.photo as photo13_1_1_, contactdat1_.work as work14_1_1_ from address_in_groups contacts0_ inner join addressbook contactdat1_ on contacts0_.id=contactdat1_.id where contacts0_.group_id=?
Hibernate: select contacts0_.group_id as group_id2_0_0_, contacts0_.id as id1_0_0_, contactdat1_.id as id1_1_1_, contactdat1_.address as address2_1_1_, contactdat1_.bmonth as bmonth3_1_1_, contactdat1_.byear as byear4_1_1_, contactdat1_.email as email5_1_1_, contactdat1_.email2 as email6_1_1_, contactdat1_.email3 as email7_1_1_, contactdat1_.firstname as firstnam8_1_1_, contactdat1_.home as home9_1_1_, contactdat1_.lastname as lastnam10_1_1_, contactdat1_.middlename as middlen11_1_1_, contactdat1_.mobile as mobile12_1_1_, contactdat1_.photo as photo13_1_1_, contactdat1_.work as work14_1_1_ from address_in_groups contacts0_ inner join addressbook contactdat1_ on contacts0_.id=contactdat1_.id where contacts0_.group_id=?
Hibernate: select contacts0_.group_id as group_id2_0_0_, contacts0_.id as id1_0_0_, contactdat1_.id as id1_1_1_, contactdat1_.address as address2_1_1_, contactdat1_.bmonth as bmonth3_1_1_, contactdat1_.byear as byear4_1_1_, contactdat1_.email as email5_1_1_, contactdat1_.email2 as email6_1_1_, contactdat1_.email3 as email7_1_1_, contactdat1_.firstname as firstnam8_1_1_, contactdat1_.home as home9_1_1_, contactdat1_.lastname as lastnam10_1_1_, contactdat1_.middlename as middlen11_1_1_, contactdat1_.mobile as mobile12_1_1_, contactdat1_.photo as photo13_1_1_, contactdat1_.work as work14_1_1_ from address_in_groups contacts0_ inner join addressbook contactdat1_ on contacts0_.id=contactdat1_.id where contacts0_.group_id=?
Hibernate: select contacts0_.group_id as group_id2_0_0_, contacts0_.id as id1_0_0_, contactdat1_.id as id1_1_1_, contactdat1_.address as address2_1_1_, contactdat1_.bmonth as bmonth3_1_1_, contactdat1_.byear as byear4_1_1_, contactdat1_.email as email5_1_1_, contactdat1_.email2 as email6_1_1_, contactdat1_.email3 as email7_1_1_, contactdat1_.firstname as firstnam8_1_1_, contactdat1_.home as home9_1_1_, contactdat1_.lastname as lastnam10_1_1_, contactdat1_.middlename as middlen11_1_1_, contactdat1_.mobile as mobile12_1_1_, contactdat1_.photo as photo13_1_1_, contactdat1_.work as work14_1_1_ from address_in_groups contacts0_ inner join addressbook contactdat1_ on contacts0_.id=contactdat1_.id where contacts0_.group_id=?
Hibernate: select contacts0_.group_id as group_id2_0_0_, contacts0_.id as id1_0_0_, contactdat1_.id as id1_1_1_, contactdat1_.address as address2_1_1_, contactdat1_.bmonth as bmonth3_1_1_, contactdat1_.byear as byear4_1_1_, contactdat1_.email as email5_1_1_, contactdat1_.email2 as email6_1_1_, contactdat1_.email3 as email7_1_1_, contactdat1_.firstname as firstnam8_1_1_, contactdat1_.home as home9_1_1_, contactdat1_.lastname as lastnam10_1_1_, contactdat1_.middlename as middlen11_1_1_, contactdat1_.mobile as mobile12_1_1_, contactdat1_.photo as photo13_1_1_, contactdat1_.work as work14_1_1_ from address_in_groups contacts0_ inner join addressbook contactdat1_ on contacts0_.id=contactdat1_.id where contacts0_.group_id=?
Hibernate: select contacts0_.group_id as group_id2_0_0_, contacts0_.id as id1_0_0_, contactdat1_.id as id1_1_1_, contactdat1_.address as address2_1_1_, contactdat1_.bmonth as bmonth3_1_1_, contactdat1_.byear as byear4_1_1_, contactdat1_.email as email5_1_1_, contactdat1_.email2 as email6_1_1_, contactdat1_.email3 as email7_1_1_, contactdat1_.firstname as firstnam8_1_1_, contactdat1_.home as home9_1_1_, contactdat1_.lastname as lastnam10_1_1_, contactdat1_.middlename as middlen11_1_1_, contactdat1_.mobile as mobile12_1_1_, contactdat1_.photo as photo13_1_1_, contactdat1_.work as work14_1_1_ from address_in_groups contacts0_ inner join addressbook contactdat1_ on contacts0_.id=contactdat1_.id where contacts0_.group_id=?
Hibernate: select contacts0_.group_id as group_id2_0_0_, contacts0_.id as id1_0_0_, contactdat1_.id as id1_1_1_, contactdat1_.address as address2_1_1_, contactdat1_.bmonth as bmonth3_1_1_, contactdat1_.byear as byear4_1_1_, contactdat1_.email as email5_1_1_, contactdat1_.email2 as email6_1_1_, contactdat1_.email3 as email7_1_1_, contactdat1_.firstname as firstnam8_1_1_, contactdat1_.home as home9_1_1_, contactdat1_.lastname as lastnam10_1_1_, contactdat1_.middlename as middlen11_1_1_, contactdat1_.mobile as mobile12_1_1_, contactdat1_.photo as photo13_1_1_, contactdat1_.work as work14_1_1_ from address_in_groups contacts0_ inner join addressbook contactdat1_ on contacts0_.id=contactdat1_.id where contacts0_.group_id=?
Hibernate: select contacts0_.group_id as group_id2_0_0_, contacts0_.id as id1_0_0_, contactdat1_.id as id1_1_1_, contactdat1_.address as address2_1_1_, contactdat1_.bmonth as bmonth3_1_1_, contactdat1_.byear as byear4_1_1_, contactdat1_.email as email5_1_1_, contactdat1_.email2 as email6_1_1_, contactdat1_.email3 as email7_1_1_, contactdat1_.firstname as firstnam8_1_1_, contactdat1_.home as home9_1_1_, contactdat1_.lastname as lastnam10_1_1_, contactdat1_.middlename as middlen11_1_1_, contactdat1_.mobile as mobile12_1_1_, contactdat1_.photo as photo13_1_1_, contactdat1_.work as work14_1_1_ from address_in_groups contacts0_ inner join addressbook contactdat1_ on contacts0_.id=contactdat1_.id where contacts0_.group_id=?
Hibernate: select contacts0_.group_id as group_id2_0_0_, contacts0_.id as id1_0_0_, contactdat1_.id as id1_1_1_, contactdat1_.address as address2_1_1_, contactdat1_.bmonth as bmonth3_1_1_, contactdat1_.byear as byear4_1_1_, contactdat1_.email as email5_1_1_, contactdat1_.email2 as email6_1_1_, contactdat1_.email3 as email7_1_1_, contactdat1_.firstname as firstnam8_1_1_, contactdat1_.home as home9_1_1_, contactdat1_.lastname as lastnam10_1_1_, contactdat1_.middlename as middlen11_1_1_, contactdat1_.mobile as mobile12_1_1_, contactdat1_.photo as photo13_1_1_, contactdat1_.work as work14_1_1_ from address_in_groups contacts0_ inner join addressbook contactdat1_ on contacts0_.id=contactdat1_.id where contacts0_.group_id=?
Hibernate: select contacts0_.group_id as group_id2_0_0_, contacts0_.id as id1_0_0_, contactdat1_.id as id1_1_1_, contactdat1_.address as address2_1_1_, contactdat1_.bmonth as bmonth3_1_1_, contactdat1_.byear as byear4_1_1_, contactdat1_.email as email5_1_1_, contactdat1_.email2 as email6_1_1_, contactdat1_.email3 as email7_1_1_, contactdat1_.firstname as firstnam8_1_1_, contactdat1_.home as home9_1_1_, contactdat1_.lastname as lastnam10_1_1_, contactdat1_.middlename as middlen11_1_1_, contactdat1_.mobile as mobile12_1_1_, contactdat1_.photo as photo13_1_1_, contactdat1_.work as work14_1_1_ from address_in_groups contacts0_ inner join addressbook contactdat1_ on contacts0_.id=contactdat1_.id where contacts0_.group_id=?
Hibernate: select contacts0_.group_id as group_id2_0_0_, contacts0_.id as id1_0_0_, contactdat1_.id as id1_1_1_, contactdat1_.address as address2_1_1_, contactdat1_.bmonth as bmonth3_1_1_, contactdat1_.byear as byear4_1_1_, contactdat1_.email as email5_1_1_, contactdat1_.email2 as email6_1_1_, contactdat1_.email3 as email7_1_1_, contactdat1_.firstname as firstnam8_1_1_, contactdat1_.home as home9_1_1_, contactdat1_.lastname as lastnam10_1_1_, contactdat1_.middlename as middlen11_1_1_, contactdat1_.mobile as mobile12_1_1_, contactdat1_.photo as photo13_1_1_, contactdat1_.work as work14_1_1_ from address_in_groups contacts0_ inner join addressbook contactdat1_ on contacts0_.id=contactdat1_.id where contacts0_.group_id=?
Hibernate: select groupdata0_.group_id as group_id1_2_, groupdata0_.group_footer as group_fo2_2_, groupdata0_.group_header as group_he3_2_, groupdata0_.group_name as group_na4_2_ from group_list groupdata0_
Hibernate: select contacts0_.group_id as group_id2_0_0_, contacts0_.id as id1_0_0_, contactdat1_.id as id1_1_1_, contactdat1_.address as address2_1_1_, contactdat1_.bmonth as bmonth3_1_1_, contactdat1_.byear as byear4_1_1_, contactdat1_.email as email5_1_1_, contactdat1_.email2 as email6_1_1_, contactdat1_.email3 as email7_1_1_, contactdat1_.firstname as firstnam8_1_1_, contactdat1_.home as home9_1_1_, contactdat1_.lastname as lastnam10_1_1_, contactdat1_.middlename as middlen11_1_1_, contactdat1_.mobile as mobile12_1_1_, contactdat1_.photo as photo13_1_1_, contactdat1_.work as work14_1_1_ from address_in_groups contacts0_ inner join addressbook contactdat1_ on contacts0_.id=contactdat1_.id where contacts0_.group_id=?
Hibernate: select contacts0_.group_id as group_id2_0_0_, contacts0_.id as id1_0_0_, contactdat1_.id as id1_1_1_, contactdat1_.address as address2_1_1_, contactdat1_.bmonth as bmonth3_1_1_, contactdat1_.byear as byear4_1_1_, contactdat1_.email as email5_1_1_, contactdat1_.email2 as email6_1_1_, contactdat1_.email3 as email7_1_1_, contactdat1_.firstname as firstnam8_1_1_, contactdat1_.home as home9_1_1_, contactdat1_.lastname as lastnam10_1_1_, contactdat1_.middlename as middlen11_1_1_, contactdat1_.mobile as mobile12_1_1_, contactdat1_.photo as photo13_1_1_, contactdat1_.work as work14_1_1_ from address_in_groups contacts0_ inner join addressbook contactdat1_ on contacts0_.id=contactdat1_.id where contacts0_.group_id=?
Hibernate: select contacts0_.group_id as group_id2_0_0_, contacts0_.id as id1_0_0_, contactdat1_.id as id1_1_1_, contactdat1_.address as address2_1_1_, contactdat1_.bmonth as bmonth3_1_1_, contactdat1_.byear as byear4_1_1_, contactdat1_.email as email5_1_1_, contactdat1_.email2 as email6_1_1_, contactdat1_.email3 as email7_1_1_, contactdat1_.firstname as firstnam8_1_1_, contactdat1_.home as home9_1_1_, contactdat1_.lastname as lastnam10_1_1_, contactdat1_.middlename as middlen11_1_1_, contactdat1_.mobile as mobile12_1_1_, contactdat1_.photo as photo13_1_1_, contactdat1_.work as work14_1_1_ from address_in_groups contacts0_ inner join addressbook contactdat1_ on contacts0_.id=contactdat1_.id where contacts0_.group_id=?
Hibernate: select contacts0_.group_id as group_id2_0_0_, contacts0_.id as id1_0_0_, contactdat1_.id as id1_1_1_, contactdat1_.address as address2_1_1_, contactdat1_.bmonth as bmonth3_1_1_, contactdat1_.byear as byear4_1_1_, contactdat1_.email as email5_1_1_, contactdat1_.email2 as email6_1_1_, contactdat1_.email3 as email7_1_1_, contactdat1_.firstname as firstnam8_1_1_, contactdat1_.home as home9_1_1_, contactdat1_.lastname as lastnam10_1_1_, contactdat1_.middlename as middlen11_1_1_, contactdat1_.mobile as mobile12_1_1_, contactdat1_.photo as photo13_1_1_, contactdat1_.work as work14_1_1_ from address_in_groups contacts0_ inner join addressbook contactdat1_ on contacts0_.id=contactdat1_.id where contacts0_.group_id=?
Hibernate: select contacts0_.group_id as group_id2_0_0_, contacts0_.id as id1_0_0_, contactdat1_.id as id1_1_1_, contactdat1_.address as address2_1_1_, contactdat1_.bmonth as bmonth3_1_1_, contactdat1_.byear as byear4_1_1_, contactdat1_.email as email5_1_1_, contactdat1_.email2 as email6_1_1_, contactdat1_.email3 as email7_1_1_, contactdat1_.firstname as firstnam8_1_1_, contactdat1_.home as home9_1_1_, contactdat1_.lastname as lastnam10_1_1_, contactdat1_.middlename as middlen11_1_1_, contactdat1_.mobile as mobile12_1_1_, contactdat1_.photo as photo13_1_1_, contactdat1_.work as work14_1_1_ from address_in_groups contacts0_ inner join addressbook contactdat1_ on contacts0_.id=contactdat1_.id where contacts0_.group_id=?
Hibernate: select contacts0_.group_id as group_id2_0_0_, contacts0_.id as id1_0_0_, contactdat1_.id as id1_1_1_, contactdat1_.address as address2_1_1_, contactdat1_.bmonth as bmonth3_1_1_, contactdat1_.byear as byear4_1_1_, contactdat1_.email as email5_1_1_, contactdat1_.email2 as email6_1_1_, contactdat1_.email3 as email7_1_1_, contactdat1_.firstname as firstnam8_1_1_, contactdat1_.home as home9_1_1_, contactdat1_.lastname as lastnam10_1_1_, contactdat1_.middlename as middlen11_1_1_, contactdat1_.mobile as mobile12_1_1_, contactdat1_.photo as photo13_1_1_, contactdat1_.work as work14_1_1_ from address_in_groups contacts0_ inner join addressbook contactdat1_ on contacts0_.id=contactdat1_.id where contacts0_.group_id=?
Hibernate: select contacts0_.group_id as group_id2_0_0_, contacts0_.id as id1_0_0_, contactdat1_.id as id1_1_1_, contactdat1_.address as address2_1_1_, contactdat1_.bmonth as bmonth3_1_1_, contactdat1_.byear as byear4_1_1_, contactdat1_.email as email5_1_1_, contactdat1_.email2 as email6_1_1_, contactdat1_.email3 as email7_1_1_, contactdat1_.firstname as firstnam8_1_1_, contactdat1_.home as home9_1_1_, contactdat1_.lastname as lastnam10_1_1_, contactdat1_.middlename as middlen11_1_1_, contactdat1_.mobile as mobile12_1_1_, contactdat1_.photo as photo13_1_1_, contactdat1_.work as work14_1_1_ from address_in_groups contacts0_ inner join addressbook contactdat1_ on contacts0_.id=contactdat1_.id where contacts0_.group_id=?
Hibernate: select contacts0_.group_id as group_id2_0_0_, contacts0_.id as id1_0_0_, contactdat1_.id as id1_1_1_, contactdat1_.address as address2_1_1_, contactdat1_.bmonth as bmonth3_1_1_, contactdat1_.byear as byear4_1_1_, contactdat1_.email as email5_1_1_, contactdat1_.email2 as email6_1_1_, contactdat1_.email3 as email7_1_1_, contactdat1_.firstname as firstnam8_1_1_, contactdat1_.home as home9_1_1_, contactdat1_.lastname as lastnam10_1_1_, contactdat1_.middlename as middlen11_1_1_, contactdat1_.mobile as mobile12_1_1_, contactdat1_.photo as photo13_1_1_, contactdat1_.work as work14_1_1_ from address_in_groups contacts0_ inner join addressbook contactdat1_ on contacts0_.id=contactdat1_.id where contacts0_.group_id=?
Hibernate: select contacts0_.group_id as group_id2_0_0_, contacts0_.id as id1_0_0_, contactdat1_.id as id1_1_1_, contactdat1_.address as address2_1_1_, contactdat1_.bmonth as bmonth3_1_1_, contactdat1_.byear as byear4_1_1_, contactdat1_.email as email5_1_1_, contactdat1_.email2 as email6_1_1_, contactdat1_.email3 as email7_1_1_, contactdat1_.firstname as firstnam8_1_1_, contactdat1_.home as home9_1_1_, contactdat1_.lastname as lastnam10_1_1_, contactdat1_.middlename as middlen11_1_1_, contactdat1_.mobile as mobile12_1_1_, contactdat1_.photo as photo13_1_1_, contactdat1_.work as work14_1_1_ from address_in_groups contacts0_ inner join addressbook contactdat1_ on contacts0_.id=contactdat1_.id where contacts0_.group_id=?
Hibernate: select contacts0_.group_id as group_id2_0_0_, contacts0_.id as id1_0_0_, contactdat1_.id as id1_1_1_, contactdat1_.address as address2_1_1_, contactdat1_.bmonth as bmonth3_1_1_, contactdat1_.byear as byear4_1_1_, contactdat1_.email as email5_1_1_, contactdat1_.email2 as email6_1_1_, contactdat1_.email3 as email7_1_1_, contactdat1_.firstname as firstnam8_1_1_, contactdat1_.home as home9_1_1_, contactdat1_.lastname as lastnam10_1_1_, contactdat1_.middlename as middlen11_1_1_, contactdat1_.mobile as mobile12_1_1_, contactdat1_.photo as photo13_1_1_, contactdat1_.work as work14_1_1_ from address_in_groups contacts0_ inner join addressbook contactdat1_ on contacts0_.id=contactdat1_.id where contacts0_.group_id=?
Hibernate: select contacts0_.group_id as group_id2_0_0_, contacts0_.id as id1_0_0_, contactdat1_.id as id1_1_1_, contactdat1_.address as address2_1_1_, contactdat1_.bmonth as bmonth3_1_1_, contactdat1_.byear as byear4_1_1_, contactdat1_.email as email5_1_1_, contactdat1_.email2 as email6_1_1_, contactdat1_.email3 as email7_1_1_, contactdat1_.firstname as firstnam8_1_1_, contactdat1_.home as home9_1_1_, contactdat1_.lastname as lastnam10_1_1_, contactdat1_.middlename as middlen11_1_1_, contactdat1_.mobile as mobile12_1_1_, contactdat1_.photo as photo13_1_1_, contactdat1_.work as work14_1_1_ from address_in_groups contacts0_ inner join addressbook contactdat1_ on contacts0_.id=contactdat1_.id where contacts0_.group_id=?
Hibernate: select contacts0_.group_id as group_id2_0_0_, contacts0_.id as id1_0_0_, contactdat1_.id as id1_1_1_, contactdat1_.address as address2_1_1_, contactdat1_.bmonth as bmonth3_1_1_, contactdat1_.byear as byear4_1_1_, contactdat1_.email as email5_1_1_, contactdat1_.email2 as email6_1_1_, contactdat1_.email3 as email7_1_1_, contactdat1_.firstname as firstnam8_1_1_, contactdat1_.home as home9_1_1_, contactdat1_.lastname as lastnam10_1_1_, contactdat1_.middlename as middlen11_1_1_, contactdat1_.mobile as mobile12_1_1_, contactdat1_.photo as photo13_1_1_, contactdat1_.work as work14_1_1_ from address_in_groups contacts0_ inner join addressbook contactdat1_ on contacts0_.id=contactdat1_.id where contacts0_.group_id=?
Hibernate: select contacts0_.group_id as group_id2_0_0_, contacts0_.id as id1_0_0_, contactdat1_.id as id1_1_1_, contactdat1_.address as address2_1_1_, contactdat1_.bmonth as bmonth3_1_1_, contactdat1_.byear as byear4_1_1_, contactdat1_.email as email5_1_1_, contactdat1_.email2 as email6_1_1_, contactdat1_.email3 as email7_1_1_, contactdat1_.firstname as firstnam8_1_1_, contactdat1_.home as home9_1_1_, contactdat1_.lastname as lastnam10_1_1_, contactdat1_.middlename as middlen11_1_1_, contactdat1_.mobile as mobile12_1_1_, contactdat1_.photo as photo13_1_1_, contactdat1_.work as work14_1_1_ from address_in_groups contacts0_ inner join addressbook contactdat1_ on contacts0_.id=contactdat1_.id where contacts0_.group_id=?
Hibernate: select contacts0_.group_id as group_id2_0_0_, contacts0_.id as id1_0_0_, contactdat1_.id as id1_1_1_, contactdat1_.address as address2_1_1_, contactdat1_.bmonth as bmonth3_1_1_, contactdat1_.byear as byear4_1_1_, contactdat1_.email as email5_1_1_, contactdat1_.email2 as email6_1_1_, contactdat1_.email3 as email7_1_1_, contactdat1_.firstname as firstnam8_1_1_, contactdat1_.home as home9_1_1_, contactdat1_.lastname as lastnam10_1_1_, contactdat1_.middlename as middlen11_1_1_, contactdat1_.mobile as mobile12_1_1_, contactdat1_.photo as photo13_1_1_, contactdat1_.work as work14_1_1_ from address_in_groups contacts0_ inner join addressbook contactdat1_ on contacts0_.id=contactdat1_.id where contacts0_.group_id=?
Hibernate: select contacts0_.group_id as group_id2_0_0_, contacts0_.id as id1_0_0_, contactdat1_.id as id1_1_1_, contactdat1_.address as address2_1_1_, contactdat1_.bmonth as bmonth3_1_1_, contactdat1_.byear as byear4_1_1_, contactdat1_.email as email5_1_1_, contactdat1_.email2 as email6_1_1_, contactdat1_.email3 as email7_1_1_, contactdat1_.firstname as firstnam8_1_1_, contactdat1_.home as home9_1_1_, contactdat1_.lastname as lastnam10_1_1_, contactdat1_.middlename as middlen11_1_1_, contactdat1_.mobile as mobile12_1_1_, contactdat1_.photo as photo13_1_1_, contactdat1_.work as work14_1_1_ from address_in_groups contacts0_ inner join addressbook contactdat1_ on contacts0_.id=contactdat1_.id where contacts0_.group_id=?
Hibernate: select contacts0_.group_id as group_id2_0_0_, contacts0_.id as id1_0_0_, contactdat1_.id as id1_1_1_, contactdat1_.address as address2_1_1_, contactdat1_.bmonth as bmonth3_1_1_, contactdat1_.byear as byear4_1_1_, contactdat1_.email as email5_1_1_, contactdat1_.email2 as email6_1_1_, contactdat1_.email3 as email7_1_1_, contactdat1_.firstname as firstnam8_1_1_, contactdat1_.home as home9_1_1_, contactdat1_.lastname as lastnam10_1_1_, contactdat1_.middlename as middlen11_1_1_, contactdat1_.mobile as mobile12_1_1_, contactdat1_.photo as photo13_1_1_, contactdat1_.work as work14_1_1_ from address_in_groups contacts0_ inner join addressbook contactdat1_ on contacts0_.id=contactdat1_.id where contacts0_.group_id=?
Hibernate: select contacts0_.group_id as group_id2_0_0_, contacts0_.id as id1_0_0_, contactdat1_.id as id1_1_1_, contactdat1_.address as address2_1_1_, contactdat1_.bmonth as bmonth3_1_1_, contactdat1_.byear as byear4_1_1_, contactdat1_.email as email5_1_1_, contactdat1_.email2 as email6_1_1_, contactdat1_.email3 as email7_1_1_, contactdat1_.firstname as firstnam8_1_1_, contactdat1_.home as home9_1_1_, contactdat1_.lastname as lastnam10_1_1_, contactdat1_.middlename as middlen11_1_1_, contactdat1_.mobile as mobile12_1_1_, contactdat1_.photo as photo13_1_1_, contactdat1_.work as work14_1_1_ from address_in_groups contacts0_ inner join addressbook contactdat1_ on contacts0_.id=contactdat1_.id where contacts0_.group_id=?
Hibernate: select contacts0_.group_id as group_id2_0_0_, contacts0_.id as id1_0_0_, contactdat1_.id as id1_1_1_, contactdat1_.address as address2_1_1_, contactdat1_.bmonth as bmonth3_1_1_, contactdat1_.byear as byear4_1_1_, contactdat1_.email as email5_1_1_, contactdat1_.email2 as email6_1_1_, contactdat1_.email3 as email7_1_1_, contactdat1_.firstname as firstnam8_1_1_, contactdat1_.home as home9_1_1_, contactdat1_.lastname as lastnam10_1_1_, contactdat1_.middlename as middlen11_1_1_, contactdat1_.mobile as mobile12_1_1_, contactdat1_.photo as photo13_1_1_, contactdat1_.work as work14_1_1_ from address_in_groups contacts0_ inner join addressbook contactdat1_ on contacts0_.id=contactdat1_.id where contacts0_.group_id=?
Hibernate: select contacts0_.group_id as group_id2_0_0_, contacts0_.id as id1_0_0_, contactdat1_.id as id1_1_1_, contactdat1_.address as address2_1_1_, contactdat1_.bmonth as bmonth3_1_1_, contactdat1_.byear as byear4_1_1_, contactdat1_.email as email5_1_1_, contactdat1_.email2 as email6_1_1_, contactdat1_.email3 as email7_1_1_, contactdat1_.firstname as firstnam8_1_1_, contactdat1_.home as home9_1_1_, contactdat1_.lastname as lastnam10_1_1_, contactdat1_.middlename as middlen11_1_1_, contactdat1_.mobile as mobile12_1_1_, contactdat1_.photo as photo13_1_1_, contactdat1_.work as work14_1_1_ from address_in_groups contacts0_ inner join addressbook contactdat1_ on contacts0_.id=contactdat1_.id where contacts0_.group_id=?
Hibernate: select contacts0_.group_id as group_id2_0_0_, contacts0_.id as id1_0_0_, contactdat1_.id as id1_1_1_, contactdat1_.address as address2_1_1_, contactdat1_.bmonth as bmonth3_1_1_, contactdat1_.byear as byear4_1_1_, contactdat1_.email as email5_1_1_, contactdat1_.email2 as email6_1_1_, contactdat1_.email3 as email7_1_1_, contactdat1_.firstname as firstnam8_1_1_, contactdat1_.home as home9_1_1_, contactdat1_.lastname as lastnam10_1_1_, contactdat1_.middlename as middlen11_1_1_, contactdat1_.mobile as mobile12_1_1_, contactdat1_.photo as photo13_1_1_, contactdat1_.work as work14_1_1_ from address_in_groups contacts0_ inner join addressbook contactdat1_ on contacts0_.id=contactdat1_.id where contacts0_.group_id=?
Hibernate: select contacts0_.group_id as group_id2_0_0_, contacts0_.id as id1_0_0_, contactdat1_.id as id1_1_1_, contactdat1_.address as address2_1_1_, contactdat1_.bmonth as bmonth3_1_1_, contactdat1_.byear as byear4_1_1_, contactdat1_.email as email5_1_1_, contactdat1_.email2 as email6_1_1_, contactdat1_.email3 as email7_1_1_, contactdat1_.firstname as firstnam8_1_1_, contactdat1_.home as home9_1_1_, contactdat1_.lastname as lastnam10_1_1_, contactdat1_.middlename as middlen11_1_1_, contactdat1_.mobile as mobile12_1_1_, contactdat1_.photo as photo13_1_1_, contactdat1_.work as work14_1_1_ from address_in_groups contacts0_ inner join addressbook contactdat1_ on contacts0_.id=contactdat1_.id where contacts0_.group_id=?
Hibernate: select contacts0_.group_id as group_id2_0_0_, contacts0_.id as id1_0_0_, contactdat1_.id as id1_1_1_, contactdat1_.address as address2_1_1_, contactdat1_.bmonth as bmonth3_1_1_, contactdat1_.byear as byear4_1_1_, contactdat1_.email as email5_1_1_, contactdat1_.email2 as email6_1_1_, contactdat1_.email3 as email7_1_1_, contactdat1_.firstname as firstnam8_1_1_, contactdat1_.home as home9_1_1_, contactdat1_.lastname as lastnam10_1_1_, contactdat1_.middlename as middlen11_1_1_, contactdat1_.mobile as mobile12_1_1_, contactdat1_.photo as photo13_1_1_, contactdat1_.work as work14_1_1_ from address_in_groups contacts0_ inner join addressbook contactdat1_ on contacts0_.id=contactdat1_.id where contacts0_.group_id=?
Hibernate: select contacts0_.group_id as group_id2_0_0_, contacts0_.id as id1_0_0_, contactdat1_.id as id1_1_1_, contactdat1_.address as address2_1_1_, contactdat1_.bmonth as bmonth3_1_1_, contactdat1_.byear as byear4_1_1_, contactdat1_.email as email5_1_1_, contactdat1_.email2 as email6_1_1_, contactdat1_.email3 as email7_1_1_, contactdat1_.firstname as firstnam8_1_1_, contactdat1_.home as home9_1_1_, contactdat1_.lastname as lastnam10_1_1_, contactdat1_.middlename as middlen11_1_1_, contactdat1_.mobile as mobile12_1_1_, contactdat1_.photo as photo13_1_1_, contactdat1_.work as work14_1_1_ from address_in_groups contacts0_ inner join addressbook contactdat1_ on contacts0_.id=contactdat1_.id where contacts0_.group_id=?
Hibernate: select contacts0_.group_id as group_id2_0_0_, contacts0_.id as id1_0_0_, contactdat1_.id as id1_1_1_, contactdat1_.address as address2_1_1_, contactdat1_.bmonth as bmonth3_1_1_, contactdat1_.byear as byear4_1_1_, contactdat1_.email as email5_1_1_, contactdat1_.email2 as email6_1_1_, contactdat1_.email3 as email7_1_1_, contactdat1_.firstname as firstnam8_1_1_, contactdat1_.home as home9_1_1_, contactdat1_.lastname as lastnam10_1_1_, contactdat1_.middlename as middlen11_1_1_, contactdat1_.mobile as mobile12_1_1_, contactdat1_.photo as photo13_1_1_, contactdat1_.work as work14_1_1_ from address_in_groups contacts0_ inner join addressbook contactdat1_ on contacts0_.id=contactdat1_.id where contacts0_.group_id=?
Hibernate: select contacts0_.group_id as group_id2_0_0_, contacts0_.id as id1_0_0_, contactdat1_.id as id1_1_1_, contactdat1_.address as address2_1_1_, contactdat1_.bmonth as bmonth3_1_1_, contactdat1_.byear as byear4_1_1_, contactdat1_.email as email5_1_1_, contactdat1_.email2 as email6_1_1_, contactdat1_.email3 as email7_1_1_, contactdat1_.firstname as firstnam8_1_1_, contactdat1_.home as home9_1_1_, contactdat1_.lastname as lastnam10_1_1_, contactdat1_.middlename as middlen11_1_1_, contactdat1_.mobile as mobile12_1_1_, contactdat1_.photo as photo13_1_1_, contactdat1_.work as work14_1_1_ from address_in_groups contacts0_ inner join addressbook contactdat1_ on contacts0_.id=contactdat1_.id where contacts0_.group_id=?
Hibernate: select contacts0_.group_id as group_id2_0_0_, contacts0_.id as id1_0_0_, contactdat1_.id as id1_1_1_, contactdat1_.address as address2_1_1_, contactdat1_.bmonth as bmonth3_1_1_, contactdat1_.byear as byear4_1_1_, contactdat1_.email as email5_1_1_, contactdat1_.email2 as email6_1_1_, contactdat1_.email3 as email7_1_1_, contactdat1_.firstname as firstnam8_1_1_, contactdat1_.home as home9_1_1_, contactdat1_.lastname as lastnam10_1_1_, contactdat1_.middlename as middlen11_1_1_, contactdat1_.mobile as mobile12_1_1_, contactdat1_.photo as photo13_1_1_, contactdat1_.work as work14_1_1_ from address_in_groups contacts0_ inner join addressbook contactdat1_ on contacts0_.id=contactdat1_.id where contacts0_.group_id=?
Hibernate: select contacts0_.group_id as group_id2_0_0_, contacts0_.id as id1_0_0_, contactdat1_.id as id1_1_1_, contactdat1_.address as address2_1_1_, contactdat1_.bmonth as bmonth3_1_1_, contactdat1_.byear as byear4_1_1_, contactdat1_.email as email5_1_1_, contactdat1_.email2 as email6_1_1_, contactdat1_.email3 as email7_1_1_, contactdat1_.firstname as firstnam8_1_1_, contactdat1_.home as home9_1_1_, contactdat1_.lastname as lastnam10_1_1_, contactdat1_.middlename as middlen11_1_1_, contactdat1_.mobile as mobile12_1_1_, contactdat1_.photo as photo13_1_1_, contactdat1_.work as work14_1_1_ from address_in_groups contacts0_ inner join addressbook contactdat1_ on contacts0_.id=contactdat1_.id where contacts0_.group_id=?
Hibernate: select contacts0_.group_id as group_id2_0_0_, contacts0_.id as id1_0_0_, contactdat1_.id as id1_1_1_, contactdat1_.address as address2_1_1_, contactdat1_.bmonth as bmonth3_1_1_, contactdat1_.byear as byear4_1_1_, contactdat1_.email as email5_1_1_, contactdat1_.email2 as email6_1_1_, contactdat1_.email3 as email7_1_1_, contactdat1_.firstname as firstnam8_1_1_, contactdat1_.home as home9_1_1_, contactdat1_.lastname as lastnam10_1_1_, contactdat1_.middlename as middlen11_1_1_, contactdat1_.mobile as mobile12_1_1_, contactdat1_.photo as photo13_1_1_, contactdat1_.work as work14_1_1_ from address_in_groups contacts0_ inner join addressbook contactdat1_ on contacts0_.id=contactdat1_.id where contacts0_.group_id=?
Hibernate: select contacts0_.group_id as group_id2_0_0_, contacts0_.id as id1_0_0_, contactdat1_.id as id1_1_1_, contactdat1_.address as address2_1_1_, contactdat1_.bmonth as bmonth3_1_1_, contactdat1_.byear as byear4_1_1_, contactdat1_.email as email5_1_1_, contactdat1_.email2 as email6_1_1_, contactdat1_.email3 as email7_1_1_, contactdat1_.firstname as firstnam8_1_1_, contactdat1_.home as home9_1_1_, contactdat1_.lastname as lastnam10_1_1_, contactdat1_.middlename as middlen11_1_1_, contactdat1_.mobile as mobile12_1_1_, contactdat1_.photo as photo13_1_1_, contactdat1_.work as work14_1_1_ from address_in_groups contacts0_ inner join addressbook contactdat1_ on contacts0_.id=contactdat1_.id where contacts0_.group_id=?
Hibernate: select contacts0_.group_id as group_id2_0_0_, contacts0_.id as id1_0_0_, contactdat1_.id as id1_1_1_, contactdat1_.address as address2_1_1_, contactdat1_.bmonth as bmonth3_1_1_, contactdat1_.byear as byear4_1_1_, contactdat1_.email as email5_1_1_, contactdat1_.email2 as email6_1_1_, contactdat1_.email3 as email7_1_1_, contactdat1_.firstname as firstnam8_1_1_, contactdat1_.home as home9_1_1_, contactdat1_.lastname as lastnam10_1_1_, contactdat1_.middlename as middlen11_1_1_, contactdat1_.mobile as mobile12_1_1_, contactdat1_.photo as photo13_1_1_, contactdat1_.work as work14_1_1_ from address_in_groups contacts0_ inner join addressbook contactdat1_ on contacts0_.id=contactdat1_.id where contacts0_.group_id=?
Hibernate: select contacts0_.group_id as group_id2_0_0_, contacts0_.id as id1_0_0_, contactdat1_.id as id1_1_1_, contactdat1_.address as address2_1_1_, contactdat1_.bmonth as bmonth3_1_1_, contactdat1_.byear as byear4_1_1_, contactdat1_.email as email5_1_1_, contactdat1_.email2 as email6_1_1_, contactdat1_.email3 as email7_1_1_, contactdat1_.firstname as firstnam8_1_1_, contactdat1_.home as home9_1_1_, contactdat1_.lastname as lastnam10_1_1_, contactdat1_.middlename as middlen11_1_1_, contactdat1_.mobile as mobile12_1_1_, contactdat1_.photo as photo13_1_1_, contactdat1_.work as work14_1_1_ from address_in_groups contacts0_ inner join addressbook contactdat1_ on contacts0_.id=contactdat1_.id where contacts0_.group_id=?
Hibernate: select contacts0_.group_id as group_id2_0_0_, contacts0_.id as id1_0_0_, contactdat1_.id as id1_1_1_, contactdat1_.address as address2_1_1_, contactdat1_.bmonth as bmonth3_1_1_, contactdat1_.byear as byear4_1_1_, contactdat1_.email as email5_1_1_, contactdat1_.email2 as email6_1_1_, contactdat1_.email3 as email7_1_1_, contactdat1_.firstname as firstnam8_1_1_, contactdat1_.home as home9_1_1_, contactdat1_.lastname as lastnam10_1_1_, contactdat1_.middlename as middlen11_1_1_, contactdat1_.mobile as mobile12_1_1_, contactdat1_.photo as photo13_1_1_, contactdat1_.work as work14_1_1_ from address_in_groups contacts0_ inner join addressbook contactdat1_ on contacts0_.id=contactdat1_.id where contacts0_.group_id=?
Hibernate: select contacts0_.group_id as group_id2_0_0_, contacts0_.id as id1_0_0_, contactdat1_.id as id1_1_1_, contactdat1_.address as address2_1_1_, contactdat1_.bmonth as bmonth3_1_1_, contactdat1_.byear as byear4_1_1_, contactdat1_.email as email5_1_1_, contactdat1_.email2 as email6_1_1_, contactdat1_.email3 as email7_1_1_, contactdat1_.firstname as firstnam8_1_1_, contactdat1_.home as home9_1_1_, contactdat1_.lastname as lastnam10_1_1_, contactdat1_.middlename as middlen11_1_1_, contactdat1_.mobile as mobile12_1_1_, contactdat1_.photo as photo13_1_1_, contactdat1_.work as work14_1_1_ from address_in_groups contacts0_ inner join addressbook contactdat1_ on contacts0_.id=contactdat1_.id where contacts0_.group_id=?
Hibernate: select contacts0_.group_id as group_id2_0_0_, contacts0_.id as id1_0_0_, contactdat1_.id as id1_1_1_, contactdat1_.address as address2_1_1_, contactdat1_.bmonth as bmonth3_1_1_, contactdat1_.byear as byear4_1_1_, contactdat1_.email as email5_1_1_, contactdat1_.email2 as email6_1_1_, contactdat1_.email3 as email7_1_1_, contactdat1_.firstname as firstnam8_1_1_, contactdat1_.home as home9_1_1_, contactdat1_.lastname as lastnam10_1_1_, contactdat1_.middlename as middlen11_1_1_, contactdat1_.mobile as mobile12_1_1_, contactdat1_.photo as photo13_1_1_, contactdat1_.work as work14_1_1_ from address_in_groups contacts0_ inner join addressbook contactdat1_ on contacts0_.id=contactdat1_.id where contacts0_.group_id=?
Hibernate: select contacts0_.group_id as group_id2_0_0_, contacts0_.id as id1_0_0_, contactdat1_.id as id1_1_1_, contactdat1_.address as address2_1_1_, contactdat1_.bmonth as bmonth3_1_1_, contactdat1_.byear as byear4_1_1_, contactdat1_.email as email5_1_1_, contactdat1_.email2 as email6_1_1_, contactdat1_.email3 as email7_1_1_, contactdat1_.firstname as firstnam8_1_1_, contactdat1_.home as home9_1_1_, contactdat1_.lastname as lastnam10_1_1_, contactdat1_.middlename as middlen11_1_1_, contactdat1_.mobile as mobile12_1_1_, contactdat1_.photo as photo13_1_1_, contactdat1_.work as work14_1_1_ from address_in_groups contacts0_ inner join addressbook contactdat1_ on contacts0_.id=contactdat1_.id where contacts0_.group_id=?
Hibernate: select contacts0_.group_id as group_id2_0_0_, contacts0_.id as id1_0_0_, contactdat1_.id as id1_1_1_, contactdat1_.address as address2_1_1_, contactdat1_.bmonth as bmonth3_1_1_, contactdat1_.byear as byear4_1_1_, contactdat1_.email as email5_1_1_, contactdat1_.email2 as email6_1_1_, contactdat1_.email3 as email7_1_1_, contactdat1_.firstname as firstnam8_1_1_, contactdat1_.home as home9_1_1_, contactdat1_.lastname as lastnam10_1_1_, contactdat1_.middlename as middlen11_1_1_, contactdat1_.mobile as mobile12_1_1_, contactdat1_.photo as photo13_1_1_, contactdat1_.work as work14_1_1_ from address_in_groups contacts0_ inner join addressbook contactdat1_ on contacts0_.id=contactdat1_.id where contacts0_.group_id=?
Hibernate: select contacts0_.group_id as group_id2_0_0_, contacts0_.id as id1_0_0_, contactdat1_.id as id1_1_1_, contactdat1_.address as address2_1_1_, contactdat1_.bmonth as bmonth3_1_1_, contactdat1_.byear as byear4_1_1_, contactdat1_.email as email5_1_1_, contactdat1_.email2 as email6_1_1_, contactdat1_.email3 as email7_1_1_, contactdat1_.firstname as firstnam8_1_1_, contactdat1_.home as home9_1_1_, contactdat1_.lastname as lastnam10_1_1_, contactdat1_.middlename as middlen11_1_1_, contactdat1_.mobile as mobile12_1_1_, contactdat1_.photo as photo13_1_1_, contactdat1_.work as work14_1_1_ from address_in_groups contacts0_ inner join addressbook contactdat1_ on contacts0_.id=contactdat1_.id where contacts0_.group_id=?
Hibernate: select contacts0_.group_id as group_id2_0_0_, contacts0_.id as id1_0_0_, contactdat1_.id as id1_1_1_, contactdat1_.address as address2_1_1_, contactdat1_.bmonth as bmonth3_1_1_, contactdat1_.byear as byear4_1_1_, contactdat1_.email as email5_1_1_, contactdat1_.email2 as email6_1_1_, contactdat1_.email3 as email7_1_1_, contactdat1_.firstname as firstnam8_1_1_, contactdat1_.home as home9_1_1_, contactdat1_.lastname as lastnam10_1_1_, contactdat1_.middlename as middlen11_1_1_, contactdat1_.mobile as mobile12_1_1_, contactdat1_.photo as photo13_1_1_, contactdat1_.work as work14_1_1_ from address_in_groups contacts0_ inner join addressbook contactdat1_ on contacts0_.id=contactdat1_.id where contacts0_.group_id=?
Hibernate: select contacts0_.group_id as group_id2_0_0_, contacts0_.id as id1_0_0_, contactdat1_.id as id1_1_1_, contactdat1_.address as address2_1_1_, contactdat1_.bmonth as bmonth3_1_1_, contactdat1_.byear as byear4_1_1_, contactdat1_.email as email5_1_1_, contactdat1_.email2 as email6_1_1_, contactdat1_.email3 as email7_1_1_, contactdat1_.firstname as firstnam8_1_1_, contactdat1_.home as home9_1_1_, contactdat1_.lastname as lastnam10_1_1_, contactdat1_.middlename as middlen11_1_1_, contactdat1_.mobile as mobile12_1_1_, contactdat1_.photo as photo13_1_1_, contactdat1_.work as work14_1_1_ from address_in_groups contacts0_ inner join addressbook contactdat1_ on contacts0_.id=contactdat1_.id where contacts0_.group_id=?
Hibernate: select contacts0_.group_id as group_id2_0_0_, contacts0_.id as id1_0_0_, contactdat1_.id as id1_1_1_, contactdat1_.address as address2_1_1_, contactdat1_.bmonth as bmonth3_1_1_, contactdat1_.byear as byear4_1_1_, contactdat1_.email as email5_1_1_, contactdat1_.email2 as email6_1_1_, contactdat1_.email3 as email7_1_1_, contactdat1_.firstname as firstnam8_1_1_, contactdat1_.home as home9_1_1_, contactdat1_.lastname as lastnam10_1_1_, contactdat1_.middlename as middlen11_1_1_, contactdat1_.mobile as mobile12_1_1_, contactdat1_.photo as photo13_1_1_, contactdat1_.work as work14_1_1_ from address_in_groups contacts0_ inner join addressbook contactdat1_ on contacts0_.id=contactdat1_.id where contacts0_.group_id=?
Hibernate: select contacts0_.group_id as group_id2_0_0_, contacts0_.id as id1_0_0_, contactdat1_.id as id1_1_1_, contactdat1_.address as address2_1_1_, contactdat1_.bmonth as bmonth3_1_1_, contactdat1_.byear as byear4_1_1_, contactdat1_.email as email5_1_1_, contactdat1_.email2 as email6_1_1_, contactdat1_.email3 as email7_1_1_, contactdat1_.firstname as firstnam8_1_1_, contactdat1_.home as home9_1_1_, contactdat1_.lastname as lastnam10_1_1_, contactdat1_.middlename as middlen11_1_1_, contactdat1_.mobile as mobile12_1_1_, contactdat1_.photo as photo13_1_1_, contactdat1_.work as work14_1_1_ from address_in_groups contacts0_ inner join addressbook contactdat1_ on contacts0_.id=contactdat1_.id where contacts0_.group_id=?
Hibernate: select contacts0_.group_id as group_id2_0_0_, contacts0_.id as id1_0_0_, contactdat1_.id as id1_1_1_, contactdat1_.address as address2_1_1_, contactdat1_.bmonth as bmonth3_1_1_, contactdat1_.byear as byear4_1_1_, contactdat1_.email as email5_1_1_, contactdat1_.email2 as email6_1_1_, contactdat1_.email3 as email7_1_1_, contactdat1_.firstname as firstnam8_1_1_, contactdat1_.home as home9_1_1_, contactdat1_.lastname as lastnam10_1_1_, contactdat1_.middlename as middlen11_1_1_, contactdat1_.mobile as mobile12_1_1_, contactdat1_.photo as photo13_1_1_, contactdat1_.work as work14_1_1_ from address_in_groups contacts0_ inner join addressbook contactdat1_ on contacts0_.id=contactdat1_.id where contacts0_.group_id=?
Hibernate: select contacts0_.group_id as group_id2_0_0_, contacts0_.id as id1_0_0_, contactdat1_.id as id1_1_1_, contactdat1_.address as address2_1_1_, contactdat1_.bmonth as bmonth3_1_1_, contactdat1_.byear as byear4_1_1_, contactdat1_.email as email5_1_1_, contactdat1_.email2 as email6_1_1_, contactdat1_.email3 as email7_1_1_, contactdat1_.firstname as firstnam8_1_1_, contactdat1_.home as home9_1_1_, contactdat1_.lastname as lastnam10_1_1_, contactdat1_.middlename as middlen11_1_1_, contactdat1_.mobile as mobile12_1_1_, contactdat1_.photo as photo13_1_1_, contactdat1_.work as work14_1_1_ from address_in_groups contacts0_ inner join addressbook contactdat1_ on contacts0_.id=contactdat1_.id where contacts0_.group_id=?
Hibernate: select contacts0_.group_id as group_id2_0_0_, contacts0_.id as id1_0_0_, contactdat1_.id as id1_1_1_, contactdat1_.address as address2_1_1_, contactdat1_.bmonth as bmonth3_1_1_, contactdat1_.byear as byear4_1_1_, contactdat1_.email as email5_1_1_, contactdat1_.email2 as email6_1_1_, contactdat1_.email3 as email7_1_1_, contactdat1_.firstname as firstnam8_1_1_, contactdat1_.home as home9_1_1_, contactdat1_.lastname as lastnam10_1_1_, contactdat1_.middlename as middlen11_1_1_, contactdat1_.mobile as mobile12_1_1_, contactdat1_.photo as photo13_1_1_, contactdat1_.work as work14_1_1_ from address_in_groups contacts0_ inner join addressbook contactdat1_ on contacts0_.id=contactdat1_.id where contacts0_.group_id=?
Hibernate: select contacts0_.group_id as group_id2_0_0_, contacts0_.id as id1_0_0_, contactdat1_.id as id1_1_1_, contactdat1_.address as address2_1_1_, contactdat1_.bmonth as bmonth3_1_1_, contactdat1_.byear as byear4_1_1_, contactdat1_.email as email5_1_1_, contactdat1_.email2 as email6_1_1_, contactdat1_.email3 as email7_1_1_, contactdat1_.firstname as firstnam8_1_1_, contactdat1_.home as home9_1_1_, contactdat1_.lastname as lastnam10_1_1_, contactdat1_.middlename as middlen11_1_1_, contactdat1_.mobile as mobile12_1_1_, contactdat1_.photo as photo13_1_1_, contactdat1_.work as work14_1_1_ from address_in_groups contacts0_ inner join addressbook contactdat1_ on contacts0_.id=contactdat1_.id where contacts0_.group_id=?
Hibernate: select contacts0_.group_id as group_id2_0_0_, contacts0_.id as id1_0_0_, contactdat1_.id as id1_1_1_, contactdat1_.address as address2_1_1_, contactdat1_.bmonth as bmonth3_1_1_, contactdat1_.byear as byear4_1_1_, contactdat1_.email as email5_1_1_, contactdat1_.email2 as email6_1_1_, contactdat1_.email3 as email7_1_1_, contactdat1_.firstname as firstnam8_1_1_, contactdat1_.home as home9_1_1_, contactdat1_.lastname as lastnam10_1_1_, contactdat1_.middlename as middlen11_1_1_, contactdat1_.mobile as mobile12_1_1_, contactdat1_.photo as photo13_1_1_, contactdat1_.work as work14_1_1_ from address_in_groups contacts0_ inner join addressbook contactdat1_ on contacts0_.id=contactdat1_.id where contacts0_.group_id=?
Hibernate: select contacts0_.group_id as group_id2_0_0_, contacts0_.id as id1_0_0_, contactdat1_.id as id1_1_1_, contactdat1_.address as address2_1_1_, contactdat1_.bmonth as bmonth3_1_1_, contactdat1_.byear as byear4_1_1_, contactdat1_.email as email5_1_1_, contactdat1_.email2 as email6_1_1_, contactdat1_.email3 as email7_1_1_, contactdat1_.firstname as firstnam8_1_1_, contactdat1_.home as home9_1_1_, contactdat1_.lastname as lastnam10_1_1_, contactdat1_.middlename as middlen11_1_1_, contactdat1_.mobile as mobile12_1_1_, contactdat1_.photo as photo13_1_1_, contactdat1_.work as work14_1_1_ from address_in_groups contacts0_ inner join addressbook contactdat1_ on contacts0_.id=contactdat1_.id where contacts0_.group_id=?
Hibernate: select contacts0_.group_id as group_id2_0_0_, contacts0_.id as id1_0_0_, contactdat1_.id as id1_1_1_, contactdat1_.address as address2_1_1_, contactdat1_.bmonth as bmonth3_1_1_, contactdat1_.byear as byear4_1_1_, contactdat1_.email as email5_1_1_, contactdat1_.email2 as email6_1_1_, contactdat1_.email3 as email7_1_1_, contactdat1_.firstname as firstnam8_1_1_, contactdat1_.home as home9_1_1_, contactdat1_.lastname as lastnam10_1_1_, contactdat1_.middlename as middlen11_1_1_, contactdat1_.mobile as mobile12_1_1_, contactdat1_.photo as photo13_1_1_, contactdat1_.work as work14_1_1_ from address_in_groups contacts0_ inner join addressbook contactdat1_ on contacts0_.id=contactdat1_.id where contacts0_.group_id=?
Hibernate: select contacts0_.group_id as group_id2_0_0_, contacts0_.id as id1_0_0_, contactdat1_.id as id1_1_1_, contactdat1_.address as address2_1_1_, contactdat1_.bmonth as bmonth3_1_1_, contactdat1_.byear as byear4_1_1_, contactdat1_.email as email5_1_1_, contactdat1_.email2 as email6_1_1_, contactdat1_.email3 as email7_1_1_, contactdat1_.firstname as firstnam8_1_1_, contactdat1_.home as home9_1_1_, contactdat1_.lastname as lastnam10_1_1_, contactdat1_.middlename as middlen11_1_1_, contactdat1_.mobile as mobile12_1_1_, contactdat1_.photo as photo13_1_1_, contactdat1_.work as work14_1_1_ from address_in_groups contacts0_ inner join addressbook contactdat1_ on contacts0_.id=contactdat1_.id where contacts0_.group_id=?
Hibernate: select contacts0_.group_id as group_id2_0_0_, contacts0_.id as id1_0_0_, contactdat1_.id as id1_1_1_, contactdat1_.address as address2_1_1_, contactdat1_.bmonth as bmonth3_1_1_, contactdat1_.byear as byear4_1_1_, contactdat1_.email as email5_1_1_, contactdat1_.email2 as email6_1_1_, contactdat1_.email3 as email7_1_1_, contactdat1_.firstname as firstnam8_1_1_, contactdat1_.home as home9_1_1_, contactdat1_.lastname as lastnam10_1_1_, contactdat1_.middlename as middlen11_1_1_, contactdat1_.mobile as mobile12_1_1_, contactdat1_.photo as photo13_1_1_, contactdat1_.work as work14_1_1_ from address_in_groups contacts0_ inner join addressbook contactdat1_ on contacts0_.id=contactdat1_.id where contacts0_.group_id=?
Hibernate: select contacts0_.group_id as group_id2_0_0_, contacts0_.id as id1_0_0_, contactdat1_.id as id1_1_1_, contactdat1_.address as address2_1_1_, contactdat1_.bmonth as bmonth3_1_1_, contactdat1_.byear as byear4_1_1_, contactdat1_.email as email5_1_1_, contactdat1_.email2 as email6_1_1_, contactdat1_.email3 as email7_1_1_, contactdat1_.firstname as firstnam8_1_1_, contactdat1_.home as home9_1_1_, contactdat1_.lastname as lastnam10_1_1_, contactdat1_.middlename as middlen11_1_1_, contactdat1_.mobile as mobile12_1_1_, contactdat1_.photo as photo13_1_1_, contactdat1_.work as work14_1_1_ from address_in_groups contacts0_ inner join addressbook contactdat1_ on contacts0_.id=contactdat1_.id where contacts0_.group_id=?
Hibernate: select contacts0_.group_id as group_id2_0_0_, contacts0_.id as id1_0_0_, contactdat1_.id as id1_1_1_, contactdat1_.address as address2_1_1_, contactdat1_.bmonth as bmonth3_1_1_, contactdat1_.byear as byear4_1_1_, contactdat1_.email as email5_1_1_, contactdat1_.email2 as email6_1_1_, contactdat1_.email3 as email7_1_1_, contactdat1_.firstname as firstnam8_1_1_, contactdat1_.home as home9_1_1_, contactdat1_.lastname as lastnam10_1_1_, contactdat1_.middlename as middlen11_1_1_, contactdat1_.mobile as mobile12_1_1_, contactdat1_.photo as photo13_1_1_, contactdat1_.work as work14_1_1_ from address_in_groups contacts0_ inner join addressbook contactdat1_ on contacts0_.id=contactdat1_.id where contacts0_.group_id=?
Hibernate: select contacts0_.group_id as group_id2_0_0_, contacts0_.id as id1_0_0_, contactdat1_.id as id1_1_1_, contactdat1_.address as address2_1_1_, contactdat1_.bmonth as bmonth3_1_1_, contactdat1_.byear as byear4_1_1_, contactdat1_.email as email5_1_1_, contactdat1_.email2 as email6_1_1_, contactdat1_.email3 as email7_1_1_, contactdat1_.firstname as firstnam8_1_1_, contactdat1_.home as home9_1_1_, contactdat1_.lastname as lastnam10_1_1_, contactdat1_.middlename as middlen11_1_1_, contactdat1_.mobile as mobile12_1_1_, contactdat1_.photo as photo13_1_1_, contactdat1_.work as work14_1_1_ from address_in_groups contacts0_ inner join addressbook contactdat1_ on contacts0_.id=contactdat1_.id where contacts0_.group_id=?
Hibernate: select contacts0_.group_id as group_id2_0_0_, contacts0_.id as id1_0_0_, contactdat1_.id as id1_1_1_, contactdat1_.address as address2_1_1_, contactdat1_.bmonth as bmonth3_1_1_, contactdat1_.byear as byear4_1_1_, contactdat1_.email as email5_1_1_, contactdat1_.email2 as email6_1_1_, contactdat1_.email3 as email7_1_1_, contactdat1_.firstname as firstnam8_1_1_, contactdat1_.home as home9_1_1_, contactdat1_.lastname as lastnam10_1_1_, contactdat1_.middlename as middlen11_1_1_, contactdat1_.mobile as mobile12_1_1_, contactdat1_.photo as photo13_1_1_, contactdat1_.work as work14_1_1_ from address_in_groups contacts0_ inner join addressbook contactdat1_ on contacts0_.id=contactdat1_.id where contacts0_.group_id=?
Hibernate: select contacts0_.group_id as group_id2_0_0_, contacts0_.id as id1_0_0_, contactdat1_.id as id1_1_1_, contactdat1_.address as address2_1_1_, contactdat1_.bmonth as bmonth3_1_1_, contactdat1_.byear as byear4_1_1_, contactdat1_.email as email5_1_1_, contactdat1_.email2 as email6_1_1_, contactdat1_.email3 as email7_1_1_, contactdat1_.firstname as firstnam8_1_1_, contactdat1_.home as home9_1_1_, contactdat1_.lastname as lastnam10_1_1_, contactdat1_.middlename as middlen11_1_1_, contactdat1_.mobile as mobile12_1_1_, contactdat1_.photo as photo13_1_1_, contactdat1_.work as work14_1_1_ from address_in_groups contacts0_ inner join addressbook contactdat1_ on contacts0_.id=contactdat1_.id where contacts0_.group_id=?
Hibernate: select contacts0_.group_id as group_id2_0_0_, contacts0_.id as id1_0_0_, contactdat1_.id as id1_1_1_, contactdat1_.address as address2_1_1_, contactdat1_.bmonth as bmonth3_1_1_, contactdat1_.byear as byear4_1_1_, contactdat1_.email as email5_1_1_, contactdat1_.email2 as email6_1_1_, contactdat1_.email3 as email7_1_1_, contactdat1_.firstname as firstnam8_1_1_, contactdat1_.home as home9_1_1_, contactdat1_.lastname as lastnam10_1_1_, contactdat1_.middlename as middlen11_1_1_, contactdat1_.mobile as mobile12_1_1_, contactdat1_.photo as photo13_1_1_, contactdat1_.work as work14_1_1_ from address_in_groups contacts0_ inner join addressbook contactdat1_ on contacts0_.id=contactdat1_.id where contacts0_.group_id=?
Hibernate: select contacts0_.group_id as group_id2_0_0_, contacts0_.id as id1_0_0_, contactdat1_.id as id1_1_1_, contactdat1_.address as address2_1_1_, contactdat1_.bmonth as bmonth3_1_1_, contactdat1_.byear as byear4_1_1_, contactdat1_.email as email5_1_1_, contactdat1_.email2 as email6_1_1_, contactdat1_.email3 as email7_1_1_, contactdat1_.firstname as firstnam8_1_1_, contactdat1_.home as home9_1_1_, contactdat1_.lastname as lastnam10_1_1_, contactdat1_.middlename as middlen11_1_1_, contactdat1_.mobile as mobile12_1_1_, contactdat1_.photo as photo13_1_1_, contactdat1_.work as work14_1_1_ from address_in_groups contacts0_ inner join addressbook contactdat1_ on contacts0_.id=contactdat1_.id where contacts0_.group_id=?
Hibernate: select contacts0_.group_id as group_id2_0_0_, contacts0_.id as id1_0_0_, contactdat1_.id as id1_1_1_, contactdat1_.address as address2_1_1_, contactdat1_.bmonth as bmonth3_1_1_, contactdat1_.byear as byear4_1_1_, contactdat1_.email as email5_1_1_, contactdat1_.email2 as email6_1_1_, contactdat1_.email3 as email7_1_1_, contactdat1_.firstname as firstnam8_1_1_, contactdat1_.home as home9_1_1_, contactdat1_.lastname as lastnam10_1_1_, contactdat1_.middlename as middlen11_1_1_, contactdat1_.mobile as mobile12_1_1_, contactdat1_.photo as photo13_1_1_, contactdat1_.work as work14_1_1_ from address_in_groups contacts0_ inner join addressbook contactdat1_ on contacts0_.id=contactdat1_.id where contacts0_.group_id=?
Hibernate: select contacts0_.group_id as group_id2_0_0_, contacts0_.id as id1_0_0_, contactdat1_.id as id1_1_1_, contactdat1_.address as address2_1_1_, contactdat1_.bmonth as bmonth3_1_1_, contactdat1_.byear as byear4_1_1_, contactdat1_.email as email5_1_1_, contactdat1_.email2 as email6_1_1_, contactdat1_.email3 as email7_1_1_, contactdat1_.firstname as firstnam8_1_1_, contactdat1_.home as home9_1_1_, contactdat1_.lastname as lastnam10_1_1_, contactdat1_.middlename as middlen11_1_1_, contactdat1_.mobile as mobile12_1_1_, contactdat1_.photo as photo13_1_1_, contactdat1_.work as work14_1_1_ from address_in_groups contacts0_ inner join addressbook contactdat1_ on contacts0_.id=contactdat1_.id where contacts0_.group_id=?
Hibernate: select contacts0_.group_id as group_id2_0_0_, contacts0_.id as id1_0_0_, contactdat1_.id as id1_1_1_, contactdat1_.address as address2_1_1_, contactdat1_.bmonth as bmonth3_1_1_, contactdat1_.byear as byear4_1_1_, contactdat1_.email as email5_1_1_, contactdat1_.email2 as email6_1_1_, contactdat1_.email3 as email7_1_1_, contactdat1_.firstname as firstnam8_1_1_, contactdat1_.home as home9_1_1_, contactdat1_.lastname as lastnam10_1_1_, contactdat1_.middlename as middlen11_1_1_, contactdat1_.mobile as mobile12_1_1_, contactdat1_.photo as photo13_1_1_, contactdat1_.work as work14_1_1_ from address_in_groups contacts0_ inner join addressbook contactdat1_ on contacts0_.id=contactdat1_.id where contacts0_.group_id=?
Hibernate: select contacts0_.group_id as group_id2_0_0_, contacts0_.id as id1_0_0_, contactdat1_.id as id1_1_1_, contactdat1_.address as address2_1_1_, contactdat1_.bmonth as bmonth3_1_1_, contactdat1_.byear as byear4_1_1_, contactdat1_.email as email5_1_1_, contactdat1_.email2 as email6_1_1_, contactdat1_.email3 as email7_1_1_, contactdat1_.firstname as firstnam8_1_1_, contactdat1_.home as home9_1_1_, contactdat1_.lastname as lastnam10_1_1_, contactdat1_.middlename as middlen11_1_1_, contactdat1_.mobile as mobile12_1_1_, contactdat1_.photo as photo13_1_1_, contactdat1_.work as work14_1_1_ from address_in_groups contacts0_ inner join addressbook contactdat1_ on contacts0_.id=contactdat1_.id where contacts0_.group_id=?
Hibernate: select contacts0_.group_id as group_id2_0_0_, contacts0_.id as id1_0_0_, contactdat1_.id as id1_1_1_, contactdat1_.address as address2_1_1_, contactdat1_.bmonth as bmonth3_1_1_, contactdat1_.byear as byear4_1_1_, contactdat1_.email as email5_1_1_, contactdat1_.email2 as email6_1_1_, contactdat1_.email3 as email7_1_1_, contactdat1_.firstname as firstnam8_1_1_, contactdat1_.home as home9_1_1_, contactdat1_.lastname as lastnam10_1_1_, contactdat1_.middlename as middlen11_1_1_, contactdat1_.mobile as mobile12_1_1_, contactdat1_.photo as photo13_1_1_, contactdat1_.work as work14_1_1_ from address_in_groups contacts0_ inner join addressbook contactdat1_ on contacts0_.id=contactdat1_.id where contacts0_.group_id=?
Hibernate: select contacts0_.group_id as group_id2_0_0_, contacts0_.id as id1_0_0_, contactdat1_.id as id1_1_1_, contactdat1_.address as address2_1_1_, contactdat1_.bmonth as bmonth3_1_1_, contactdat1_.byear as byear4_1_1_, contactdat1_.email as email5_1_1_, contactdat1_.email2 as email6_1_1_, contactdat1_.email3 as email7_1_1_, contactdat1_.firstname as firstnam8_1_1_, contactdat1_.home as home9_1_1_, contactdat1_.lastname as lastnam10_1_1_, contactdat1_.middlename as middlen11_1_1_, contactdat1_.mobile as mobile12_1_1_, contactdat1_.photo as photo13_1_1_, contactdat1_.work as work14_1_1_ from address_in_groups contacts0_ inner join addressbook contactdat1_ on contacts0_.id=contactdat1_.id where contacts0_.group_id=?
Hibernate: select contacts0_.group_id as group_id2_0_0_, contacts0_.id as id1_0_0_, contactdat1_.id as id1_1_1_, contactdat1_.address as address2_1_1_, contactdat1_.bmonth as bmonth3_1_1_, contactdat1_.byear as byear4_1_1_, contactdat1_.email as email5_1_1_, contactdat1_.email2 as email6_1_1_, contactdat1_.email3 as email7_1_1_, contactdat1_.firstname as firstnam8_1_1_, contactdat1_.home as home9_1_1_, contactdat1_.lastname as lastnam10_1_1_, contactdat1_.middlename as middlen11_1_1_, contactdat1_.mobile as mobile12_1_1_, contactdat1_.photo as photo13_1_1_, contactdat1_.work as work14_1_1_ from address_in_groups contacts0_ inner join addressbook contactdat1_ on contacts0_.id=contactdat1_.id where contacts0_.group_id=?
Hibernate: select contacts0_.group_id as group_id2_0_0_, contacts0_.id as id1_0_0_, contactdat1_.id as id1_1_1_, contactdat1_.address as address2_1_1_, contactdat1_.bmonth as bmonth3_1_1_, contactdat1_.byear as byear4_1_1_, contactdat1_.email as email5_1_1_, contactdat1_.email2 as email6_1_1_, contactdat1_.email3 as email7_1_1_, contactdat1_.firstname as firstnam8_1_1_, contactdat1_.home as home9_1_1_, contactdat1_.lastname as lastnam10_1_1_, contactdat1_.middlename as middlen11_1_1_, contactdat1_.mobile as mobile12_1_1_, contactdat1_.photo as photo13_1_1_, contactdat1_.work as work14_1_1_ from address_in_groups contacts0_ inner join addressbook contactdat1_ on contacts0_.id=contactdat1_.id where contacts0_.group_id=?
Hibernate: select contacts0_.group_id as group_id2_0_0_, contacts0_.id as id1_0_0_, contactdat1_.id as id1_1_1_, contactdat1_.address as address2_1_1_, contactdat1_.bmonth as bmonth3_1_1_, contactdat1_.byear as byear4_1_1_, contactdat1_.email as email5_1_1_, contactdat1_.email2 as email6_1_1_, contactdat1_.email3 as email7_1_1_, contactdat1_.firstname as firstnam8_1_1_, contactdat1_.home as home9_1_1_, contactdat1_.lastname as lastnam10_1_1_, contactdat1_.middlename as middlen11_1_1_, contactdat1_.mobile as mobile12_1_1_, contactdat1_.photo as photo13_1_1_, contactdat1_.work as work14_1_1_ from address_in_groups contacts0_ inner join addressbook contactdat1_ on contacts0_.id=contactdat1_.id where contacts0_.group_id=?
Hibernate: select contacts0_.group_id as group_id2_0_0_, contacts0_.id as id1_0_0_, contactdat1_.id as id1_1_1_, contactdat1_.address as address2_1_1_, contactdat1_.bmonth as bmonth3_1_1_, contactdat1_.byear as byear4_1_1_, contactdat1_.email as email5_1_1_, contactdat1_.email2 as email6_1_1_, contactdat1_.email3 as email7_1_1_, contactdat1_.firstname as firstnam8_1_1_, contactdat1_.home as home9_1_1_, contactdat1_.lastname as lastnam10_1_1_, contactdat1_.middlename as middlen11_1_1_, contactdat1_.mobile as mobile12_1_1_, contactdat1_.photo as photo13_1_1_, contactdat1_.work as work14_1_1_ from address_in_groups contacts0_ inner join addressbook contactdat1_ on contacts0_.id=contactdat1_.id where contacts0_.group_id=?
Hibernate: select contacts0_.group_id as group_id2_0_0_, contacts0_.id as id1_0_0_, contactdat1_.id as id1_1_1_, contactdat1_.address as address2_1_1_, contactdat1_.bmonth as bmonth3_1_1_, contactdat1_.byear as byear4_1_1_, contactdat1_.email as email5_1_1_, contactdat1_.email2 as email6_1_1_, contactdat1_.email3 as email7_1_1_, contactdat1_.firstname as firstnam8_1_1_, contactdat1_.home as home9_1_1_, contactdat1_.lastname as lastnam10_1_1_, contactdat1_.middlename as middlen11_1_1_, contactdat1_.mobile as mobile12_1_1_, contactdat1_.photo as photo13_1_1_, contactdat1_.work as work14_1_1_ from address_in_groups contacts0_ inner join addressbook contactdat1_ on contacts0_.id=contactdat1_.id where contacts0_.group_id=?
Hibernate: select contacts0_.group_id as group_id2_0_0_, contacts0_.id as id1_0_0_, contactdat1_.id as id1_1_1_, contactdat1_.address as address2_1_1_, contactdat1_.bmonth as bmonth3_1_1_, contactdat1_.byear as byear4_1_1_, contactdat1_.email as email5_1_1_, contactdat1_.email2 as email6_1_1_, contactdat1_.email3 as email7_1_1_, contactdat1_.firstname as firstnam8_1_1_, contactdat1_.home as home9_1_1_, contactdat1_.lastname as lastnam10_1_1_, contactdat1_.middlename as middlen11_1_1_, contactdat1_.mobile as mobile12_1_1_, contactdat1_.photo as photo13_1_1_, contactdat1_.work as work14_1_1_ from address_in_groups contacts0_ inner join addressbook contactdat1_ on contacts0_.id=contactdat1_.id where contacts0_.group_id=?
Hibernate: select contacts0_.group_id as group_id2_0_0_, contacts0_.id as id1_0_0_, contactdat1_.id as id1_1_1_, contactdat1_.address as address2_1_1_, contactdat1_.bmonth as bmonth3_1_1_, contactdat1_.byear as byear4_1_1_, contactdat1_.email as email5_1_1_, contactdat1_.email2 as email6_1_1_, contactdat1_.email3 as email7_1_1_, contactdat1_.firstname as firstnam8_1_1_, contactdat1_.home as home9_1_1_, contactdat1_.lastname as lastnam10_1_1_, contactdat1_.middlename as middlen11_1_1_, contactdat1_.mobile as mobile12_1_1_, contactdat1_.photo as photo13_1_1_, contactdat1_.work as work14_1_1_ from address_in_groups contacts0_ inner join addressbook contactdat1_ on contacts0_.id=contactdat1_.id where contacts0_.group_id=?
Hibernate: select contacts0_.group_id as group_id2_0_0_, contacts0_.id as id1_0_0_, contactdat1_.id as id1_1_1_, contactdat1_.address as address2_1_1_, contactdat1_.bmonth as bmonth3_1_1_, contactdat1_.byear as byear4_1_1_, contactdat1_.email as email5_1_1_, contactdat1_.email2 as email6_1_1_, contactdat1_.email3 as email7_1_1_, contactdat1_.firstname as firstnam8_1_1_, contactdat1_.home as home9_1_1_, contactdat1_.lastname as lastnam10_1_1_, contactdat1_.middlename as middlen11_1_1_, contactdat1_.mobile as mobile12_1_1_, contactdat1_.photo as photo13_1_1_, contactdat1_.work as work14_1_1_ from address_in_groups contacts0_ inner join addressbook contactdat1_ on contacts0_.id=contactdat1_.id where contacts0_.group_id=?
Hibernate: select contacts0_.group_id as group_id2_0_0_, contacts0_.id as id1_0_0_, contactdat1_.id as id1_1_1_, contactdat1_.address as address2_1_1_, contactdat1_.bmonth as bmonth3_1_1_, contactdat1_.byear as byear4_1_1_, contactdat1_.email as email5_1_1_, contactdat1_.email2 as email6_1_1_, contactdat1_.email3 as email7_1_1_, contactdat1_.firstname as firstnam8_1_1_, contactdat1_.home as home9_1_1_, contactdat1_.lastname as lastnam10_1_1_, contactdat1_.middlename as middlen11_1_1_, contactdat1_.mobile as mobile12_1_1_, contactdat1_.photo as photo13_1_1_, contactdat1_.work as work14_1_1_ from address_in_groups contacts0_ inner join addressbook contactdat1_ on contacts0_.id=contactdat1_.id where contacts0_.group_id=?
Hibernate: select contacts0_.group_id as group_id2_0_0_, contacts0_.id as id1_0_0_, contactdat1_.id as id1_1_1_, contactdat1_.address as address2_1_1_, contactdat1_.bmonth as bmonth3_1_1_, contactdat1_.byear as byear4_1_1_, contactdat1_.email as email5_1_1_, contactdat1_.email2 as email6_1_1_, contactdat1_.email3 as email7_1_1_, contactdat1_.firstname as firstnam8_1_1_, contactdat1_.home as home9_1_1_, contactdat1_.lastname as lastnam10_1_1_, contactdat1_.middlename as middlen11_1_1_, contactdat1_.mobile as mobile12_1_1_, contactdat1_.photo as photo13_1_1_, contactdat1_.work as work14_1_1_ from address_in_groups contacts0_ inner join addressbook contactdat1_ on contacts0_.id=contactdat1_.id where contacts0_.group_id=?
22:10:52.334 [Test worker] INFO  r.s.pft.addressbook.tests.TestBase - End testtestGroupCreation
22:10:52.337 [Test worker] INFO  r.s.pft.addressbook.tests.TestBase - Start testtestGroupCreation with parameters [GroupData{id='0', name='test 7'}]
Hibernate: select groupdata0_.group_id as group_id1_2_, groupdata0_.group_footer as group_fo2_2_, groupdata0_.group_header as group_he3_2_, groupdata0_.group_name as group_na4_2_ from group_list groupdata0_
Hibernate: select contacts0_.group_id as group_id2_0_0_, contacts0_.id as id1_0_0_, contactdat1_.id as id1_1_1_, contactdat1_.address as address2_1_1_, contactdat1_.bmonth as bmonth3_1_1_, contactdat1_.byear as byear4_1_1_, contactdat1_.email as email5_1_1_, contactdat1_.email2 as email6_1_1_, contactdat1_.email3 as email7_1_1_, contactdat1_.firstname as firstnam8_1_1_, contactdat1_.home as home9_1_1_, contactdat1_.lastname as lastnam10_1_1_, contactdat1_.middlename as middlen11_1_1_, contactdat1_.mobile as mobile12_1_1_, contactdat1_.photo as photo13_1_1_, contactdat1_.work as work14_1_1_ from address_in_groups contacts0_ inner join addressbook contactdat1_ on contacts0_.id=contactdat1_.id where contacts0_.group_id=?
Hibernate: select contacts0_.group_id as group_id2_0_0_, contacts0_.id as id1_0_0_, contactdat1_.id as id1_1_1_, contactdat1_.address as address2_1_1_, contactdat1_.bmonth as bmonth3_1_1_, contactdat1_.byear as byear4_1_1_, contactdat1_.email as email5_1_1_, contactdat1_.email2 as email6_1_1_, contactdat1_.email3 as email7_1_1_, contactdat1_.firstname as firstnam8_1_1_, contactdat1_.home as home9_1_1_, contactdat1_.lastname as lastnam10_1_1_, contactdat1_.middlename as middlen11_1_1_, contactdat1_.mobile as mobile12_1_1_, contactdat1_.photo as photo13_1_1_, contactdat1_.work as work14_1_1_ from address_in_groups contacts0_ inner join addressbook contactdat1_ on contacts0_.id=contactdat1_.id where contacts0_.group_id=?
Hibernate: select contacts0_.group_id as group_id2_0_0_, contacts0_.id as id1_0_0_, contactdat1_.id as id1_1_1_, contactdat1_.address as address2_1_1_, contactdat1_.bmonth as bmonth3_1_1_, contactdat1_.byear as byear4_1_1_, contactdat1_.email as email5_1_1_, contactdat1_.email2 as email6_1_1_, contactdat1_.email3 as email7_1_1_, contactdat1_.firstname as firstnam8_1_1_, contactdat1_.home as home9_1_1_, contactdat1_.lastname as lastnam10_1_1_, contactdat1_.middlename as middlen11_1_1_, contactdat1_.mobile as mobile12_1_1_, contactdat1_.photo as photo13_1_1_, contactdat1_.work as work14_1_1_ from address_in_groups contacts0_ inner join addressbook contactdat1_ on contacts0_.id=contactdat1_.id where contacts0_.group_id=?
Hibernate: select contacts0_.group_id as group_id2_0_0_, contacts0_.id as id1_0_0_, contactdat1_.id as id1_1_1_, contactdat1_.address as address2_1_1_, contactdat1_.bmonth as bmonth3_1_1_, contactdat1_.byear as byear4_1_1_, contactdat1_.email as email5_1_1_, contactdat1_.email2 as email6_1_1_, contactdat1_.email3 as email7_1_1_, contactdat1_.firstname as firstnam8_1_1_, contactdat1_.home as home9_1_1_, contactdat1_.lastname as lastnam10_1_1_, contactdat1_.middlename as middlen11_1_1_, contactdat1_.mobile as mobile12_1_1_, contactdat1_.photo as photo13_1_1_, contactdat1_.work as work14_1_1_ from address_in_groups contacts0_ inner join addressbook contactdat1_ on contacts0_.id=contactdat1_.id where contacts0_.group_id=?
Hibernate: select contacts0_.group_id as group_id2_0_0_, contacts0_.id as id1_0_0_, contactdat1_.id as id1_1_1_, contactdat1_.address as address2_1_1_, contactdat1_.bmonth as bmonth3_1_1_, contactdat1_.byear as byear4_1_1_, contactdat1_.email as email5_1_1_, contactdat1_.email2 as email6_1_1_, contactdat1_.email3 as email7_1_1_, contactdat1_.firstname as firstnam8_1_1_, contactdat1_.home as home9_1_1_, contactdat1_.lastname as lastnam10_1_1_, contactdat1_.middlename as middlen11_1_1_, contactdat1_.mobile as mobile12_1_1_, contactdat1_.photo as photo13_1_1_, contactdat1_.work as work14_1_1_ from address_in_groups contacts0_ inner join addressbook contactdat1_ on contacts0_.id=contactdat1_.id where contacts0_.group_id=?
Hibernate: select contacts0_.group_id as group_id2_0_0_, contacts0_.id as id1_0_0_, contactdat1_.id as id1_1_1_, contactdat1_.address as address2_1_1_, contactdat1_.bmonth as bmonth3_1_1_, contactdat1_.byear as byear4_1_1_, contactdat1_.email as email5_1_1_, contactdat1_.email2 as email6_1_1_, contactdat1_.email3 as email7_1_1_, contactdat1_.firstname as firstnam8_1_1_, contactdat1_.home as home9_1_1_, contactdat1_.lastname as lastnam10_1_1_, contactdat1_.middlename as middlen11_1_1_, contactdat1_.mobile as mobile12_1_1_, contactdat1_.photo as photo13_1_1_, contactdat1_.work as work14_1_1_ from address_in_groups contacts0_ inner join addressbook contactdat1_ on contacts0_.id=contactdat1_.id where contacts0_.group_id=?
Hibernate: select contacts0_.group_id as group_id2_0_0_, contacts0_.id as id1_0_0_, contactdat1_.id as id1_1_1_, contactdat1_.address as address2_1_1_, contactdat1_.bmonth as bmonth3_1_1_, contactdat1_.byear as byear4_1_1_, contactdat1_.email as email5_1_1_, contactdat1_.email2 as email6_1_1_, contactdat1_.email3 as email7_1_1_, contactdat1_.firstname as firstnam8_1_1_, contactdat1_.home as home9_1_1_, contactdat1_.lastname as lastnam10_1_1_, contactdat1_.middlename as middlen11_1_1_, contactdat1_.mobile as mobile12_1_1_, contactdat1_.photo as photo13_1_1_, contactdat1_.work as work14_1_1_ from address_in_groups contacts0_ inner join addressbook contactdat1_ on contacts0_.id=contactdat1_.id where contacts0_.group_id=?
Hibernate: select contacts0_.group_id as group_id2_0_0_, contacts0_.id as id1_0_0_, contactdat1_.id as id1_1_1_, contactdat1_.address as address2_1_1_, contactdat1_.bmonth as bmonth3_1_1_, contactdat1_.byear as byear4_1_1_, contactdat1_.email as email5_1_1_, contactdat1_.email2 as email6_1_1_, contactdat1_.email3 as email7_1_1_, contactdat1_.firstname as firstnam8_1_1_, contactdat1_.home as home9_1_1_, contactdat1_.lastname as lastnam10_1_1_, contactdat1_.middlename as middlen11_1_1_, contactdat1_.mobile as mobile12_1_1_, contactdat1_.photo as photo13_1_1_, contactdat1_.work as work14_1_1_ from address_in_groups contacts0_ inner join addressbook contactdat1_ on contacts0_.id=contactdat1_.id where contacts0_.group_id=?
Hibernate: select contacts0_.group_id as group_id2_0_0_, contacts0_.id as id1_0_0_, contactdat1_.id as id1_1_1_, contactdat1_.address as address2_1_1_, contactdat1_.bmonth as bmonth3_1_1_, contactdat1_.byear as byear4_1_1_, contactdat1_.email as email5_1_1_, contactdat1_.email2 as email6_1_1_, contactdat1_.email3 as email7_1_1_, contactdat1_.firstname as firstnam8_1_1_, contactdat1_.home as home9_1_1_, contactdat1_.lastname as lastnam10_1_1_, contactdat1_.middlename as middlen11_1_1_, contactdat1_.mobile as mobile12_1_1_, contactdat1_.photo as photo13_1_1_, contactdat1_.work as work14_1_1_ from address_in_groups contacts0_ inner join addressbook contactdat1_ on contacts0_.id=contactdat1_.id where contacts0_.group_id=?
Hibernate: select contacts0_.group_id as group_id2_0_0_, contacts0_.id as id1_0_0_, contactdat1_.id as id1_1_1_, contactdat1_.address as address2_1_1_, contactdat1_.bmonth as bmonth3_1_1_, contactdat1_.byear as byear4_1_1_, contactdat1_.email as email5_1_1_, contactdat1_.email2 as email6_1_1_, contactdat1_.email3 as email7_1_1_, contactdat1_.firstname as firstnam8_1_1_, contactdat1_.home as home9_1_1_, contactdat1_.lastname as lastnam10_1_1_, contactdat1_.middlename as middlen11_1_1_, contactdat1_.mobile as mobile12_1_1_, contactdat1_.photo as photo13_1_1_, contactdat1_.work as work14_1_1_ from address_in_groups contacts0_ inner join addressbook contactdat1_ on contacts0_.id=contactdat1_.id where contacts0_.group_id=?
Hibernate: select contacts0_.group_id as group_id2_0_0_, contacts0_.id as id1_0_0_, contactdat1_.id as id1_1_1_, contactdat1_.address as address2_1_1_, contactdat1_.bmonth as bmonth3_1_1_, contactdat1_.byear as byear4_1_1_, contactdat1_.email as email5_1_1_, contactdat1_.email2 as email6_1_1_, contactdat1_.email3 as email7_1_1_, contactdat1_.firstname as firstnam8_1_1_, contactdat1_.home as home9_1_1_, contactdat1_.lastname as lastnam10_1_1_, contactdat1_.middlename as middlen11_1_1_, contactdat1_.mobile as mobile12_1_1_, contactdat1_.photo as photo13_1_1_, contactdat1_.work as work14_1_1_ from address_in_groups contacts0_ inner join addressbook contactdat1_ on contacts0_.id=contactdat1_.id where contacts0_.group_id=?
Hibernate: select contacts0_.group_id as group_id2_0_0_, contacts0_.id as id1_0_0_, contactdat1_.id as id1_1_1_, contactdat1_.address as address2_1_1_, contactdat1_.bmonth as bmonth3_1_1_, contactdat1_.byear as byear4_1_1_, contactdat1_.email as email5_1_1_, contactdat1_.email2 as email6_1_1_, contactdat1_.email3 as email7_1_1_, contactdat1_.firstname as firstnam8_1_1_, contactdat1_.home as home9_1_1_, contactdat1_.lastname as lastnam10_1_1_, contactdat1_.middlename as middlen11_1_1_, contactdat1_.mobile as mobile12_1_1_, contactdat1_.photo as photo13_1_1_, contactdat1_.work as work14_1_1_ from address_in_groups contacts0_ inner join addressbook contactdat1_ on contacts0_.id=contactdat1_.id where contacts0_.group_id=?
Hibernate: select contacts0_.group_id as group_id2_0_0_, contacts0_.id as id1_0_0_, contactdat1_.id as id1_1_1_, contactdat1_.address as address2_1_1_, contactdat1_.bmonth as bmonth3_1_1_, contactdat1_.byear as byear4_1_1_, contactdat1_.email as email5_1_1_, contactdat1_.email2 as email6_1_1_, contactdat1_.email3 as email7_1_1_, contactdat1_.firstname as firstnam8_1_1_, contactdat1_.home as home9_1_1_, contactdat1_.lastname as lastnam10_1_1_, contactdat1_.middlename as middlen11_1_1_, contactdat1_.mobile as mobile12_1_1_, contactdat1_.photo as photo13_1_1_, contactdat1_.work as work14_1_1_ from address_in_groups contacts0_ inner join addressbook contactdat1_ on contacts0_.id=contactdat1_.id where contacts0_.group_id=?
Hibernate: select contacts0_.group_id as group_id2_0_0_, contacts0_.id as id1_0_0_, contactdat1_.id as id1_1_1_, contactdat1_.address as address2_1_1_, contactdat1_.bmonth as bmonth3_1_1_, contactdat1_.byear as byear4_1_1_, contactdat1_.email as email5_1_1_, contactdat1_.email2 as email6_1_1_, contactdat1_.email3 as email7_1_1_, contactdat1_.firstname as firstnam8_1_1_, contactdat1_.home as home9_1_1_, contactdat1_.lastname as lastnam10_1_1_, contactdat1_.middlename as middlen11_1_1_, contactdat1_.mobile as mobile12_1_1_, contactdat1_.photo as photo13_1_1_, contactdat1_.work as work14_1_1_ from address_in_groups contacts0_ inner join addressbook contactdat1_ on contacts0_.id=contactdat1_.id where contacts0_.group_id=?
Hibernate: select contacts0_.group_id as group_id2_0_0_, contacts0_.id as id1_0_0_, contactdat1_.id as id1_1_1_, contactdat1_.address as address2_1_1_, contactdat1_.bmonth as bmonth3_1_1_, contactdat1_.byear as byear4_1_1_, contactdat1_.email as email5_1_1_, contactdat1_.email2 as email6_1_1_, contactdat1_.email3 as email7_1_1_, contactdat1_.firstname as firstnam8_1_1_, contactdat1_.home as home9_1_1_, contactdat1_.lastname as lastnam10_1_1_, contactdat1_.middlename as middlen11_1_1_, contactdat1_.mobile as mobile12_1_1_, contactdat1_.photo as photo13_1_1_, contactdat1_.work as work14_1_1_ from address_in_groups contacts0_ inner join addressbook contactdat1_ on contacts0_.id=contactdat1_.id where contacts0_.group_id=?
Hibernate: select contacts0_.group_id as group_id2_0_0_, contacts0_.id as id1_0_0_, contactdat1_.id as id1_1_1_, contactdat1_.address as address2_1_1_, contactdat1_.bmonth as bmonth3_1_1_, contactdat1_.byear as byear4_1_1_, contactdat1_.email as email5_1_1_, contactdat1_.email2 as email6_1_1_, contactdat1_.email3 as email7_1_1_, contactdat1_.firstname as firstnam8_1_1_, contactdat1_.home as home9_1_1_, contactdat1_.lastname as lastnam10_1_1_, contactdat1_.middlename as middlen11_1_1_, contactdat1_.mobile as mobile12_1_1_, contactdat1_.photo as photo13_1_1_, contactdat1_.work as work14_1_1_ from address_in_groups contacts0_ inner join addressbook contactdat1_ on contacts0_.id=contactdat1_.id where contacts0_.group_id=?
Hibernate: select contacts0_.group_id as group_id2_0_0_, contacts0_.id as id1_0_0_, contactdat1_.id as id1_1_1_, contactdat1_.address as address2_1_1_, contactdat1_.bmonth as bmonth3_1_1_, contactdat1_.byear as byear4_1_1_, contactdat1_.email as email5_1_1_, contactdat1_.email2 as email6_1_1_, contactdat1_.email3 as email7_1_1_, contactdat1_.firstname as firstnam8_1_1_, contactdat1_.home as home9_1_1_, contactdat1_.lastname as lastnam10_1_1_, contactdat1_.middlename as middlen11_1_1_, contactdat1_.mobile as mobile12_1_1_, contactdat1_.photo as photo13_1_1_, contactdat1_.work as work14_1_1_ from address_in_groups contacts0_ inner join addressbook contactdat1_ on contacts0_.id=contactdat1_.id where contacts0_.group_id=?
Hibernate: select contacts0_.group_id as group_id2_0_0_, contacts0_.id as id1_0_0_, contactdat1_.id as id1_1_1_, contactdat1_.address as address2_1_1_, contactdat1_.bmonth as bmonth3_1_1_, contactdat1_.byear as byear4_1_1_, contactdat1_.email as email5_1_1_, contactdat1_.email2 as email6_1_1_, contactdat1_.email3 as email7_1_1_, contactdat1_.firstname as firstnam8_1_1_, contactdat1_.home as home9_1_1_, contactdat1_.lastname as lastnam10_1_1_, contactdat1_.middlename as middlen11_1_1_, contactdat1_.mobile as mobile12_1_1_, contactdat1_.photo as photo13_1_1_, contactdat1_.work as work14_1_1_ from address_in_groups contacts0_ inner join addressbook contactdat1_ on contacts0_.id=contactdat1_.id where contacts0_.group_id=?
Hibernate: select contacts0_.group_id as group_id2_0_0_, contacts0_.id as id1_0_0_, contactdat1_.id as id1_1_1_, contactdat1_.address as address2_1_1_, contactdat1_.bmonth as bmonth3_1_1_, contactdat1_.byear as byear4_1_1_, contactdat1_.email as email5_1_1_, contactdat1_.email2 as email6_1_1_, contactdat1_.email3 as email7_1_1_, contactdat1_.firstname as firstnam8_1_1_, contactdat1_.home as home9_1_1_, contactdat1_.lastname as lastnam10_1_1_, contactdat1_.middlename as middlen11_1_1_, contactdat1_.mobile as mobile12_1_1_, contactdat1_.photo as photo13_1_1_, contactdat1_.work as work14_1_1_ from address_in_groups contacts0_ inner join addressbook contactdat1_ on contacts0_.id=contactdat1_.id where contacts0_.group_id=?
Hibernate: select contacts0_.group_id as group_id2_0_0_, contacts0_.id as id1_0_0_, contactdat1_.id as id1_1_1_, contactdat1_.address as address2_1_1_, contactdat1_.bmonth as bmonth3_1_1_, contactdat1_.byear as byear4_1_1_, contactdat1_.email as email5_1_1_, contactdat1_.email2 as email6_1_1_, contactdat1_.email3 as email7_1_1_, contactdat1_.firstname as firstnam8_1_1_, contactdat1_.home as home9_1_1_, contactdat1_.lastname as lastnam10_1_1_, contactdat1_.middlename as middlen11_1_1_, contactdat1_.mobile as mobile12_1_1_, contactdat1_.photo as photo13_1_1_, contactdat1_.work as work14_1_1_ from address_in_groups contacts0_ inner join addressbook contactdat1_ on contacts0_.id=contactdat1_.id where contacts0_.group_id=?
Hibernate: select contacts0_.group_id as group_id2_0_0_, contacts0_.id as id1_0_0_, contactdat1_.id as id1_1_1_, contactdat1_.address as address2_1_1_, contactdat1_.bmonth as bmonth3_1_1_, contactdat1_.byear as byear4_1_1_, contactdat1_.email as email5_1_1_, contactdat1_.email2 as email6_1_1_, contactdat1_.email3 as email7_1_1_, contactdat1_.firstname as firstnam8_1_1_, contactdat1_.home as home9_1_1_, contactdat1_.lastname as lastnam10_1_1_, contactdat1_.middlename as middlen11_1_1_, contactdat1_.mobile as mobile12_1_1_, contactdat1_.photo as photo13_1_1_, contactdat1_.work as work14_1_1_ from address_in_groups contacts0_ inner join addressbook contactdat1_ on contacts0_.id=contactdat1_.id where contacts0_.group_id=?
Hibernate: select contacts0_.group_id as group_id2_0_0_, contacts0_.id as id1_0_0_, contactdat1_.id as id1_1_1_, contactdat1_.address as address2_1_1_, contactdat1_.bmonth as bmonth3_1_1_, contactdat1_.byear as byear4_1_1_, contactdat1_.email as email5_1_1_, contactdat1_.email2 as email6_1_1_, contactdat1_.email3 as email7_1_1_, contactdat1_.firstname as firstnam8_1_1_, contactdat1_.home as home9_1_1_, contactdat1_.lastname as lastnam10_1_1_, contactdat1_.middlename as middlen11_1_1_, contactdat1_.mobile as mobile12_1_1_, contactdat1_.photo as photo13_1_1_, contactdat1_.work as work14_1_1_ from address_in_groups contacts0_ inner join addressbook contactdat1_ on contacts0_.id=contactdat1_.id where contacts0_.group_id=?
Hibernate: select contacts0_.group_id as group_id2_0_0_, contacts0_.id as id1_0_0_, contactdat1_.id as id1_1_1_, contactdat1_.address as address2_1_1_, contactdat1_.bmonth as bmonth3_1_1_, contactdat1_.byear as byear4_1_1_, contactdat1_.email as email5_1_1_, contactdat1_.email2 as email6_1_1_, contactdat1_.email3 as email7_1_1_, contactdat1_.firstname as firstnam8_1_1_, contactdat1_.home as home9_1_1_, contactdat1_.lastname as lastnam10_1_1_, contactdat1_.middlename as middlen11_1_1_, contactdat1_.mobile as mobile12_1_1_, contactdat1_.photo as photo13_1_1_, contactdat1_.work as work14_1_1_ from address_in_groups contacts0_ inner join addressbook contactdat1_ on contacts0_.id=contactdat1_.id where contacts0_.group_id=?
Hibernate: select contacts0_.group_id as group_id2_0_0_, contacts0_.id as id1_0_0_, contactdat1_.id as id1_1_1_, contactdat1_.address as address2_1_1_, contactdat1_.bmonth as bmonth3_1_1_, contactdat1_.byear as byear4_1_1_, contactdat1_.email as email5_1_1_, contactdat1_.email2 as email6_1_1_, contactdat1_.email3 as email7_1_1_, contactdat1_.firstname as firstnam8_1_1_, contactdat1_.home as home9_1_1_, contactdat1_.lastname as lastnam10_1_1_, contactdat1_.middlename as middlen11_1_1_, contactdat1_.mobile as mobile12_1_1_, contactdat1_.photo as photo13_1_1_, contactdat1_.work as work14_1_1_ from address_in_groups contacts0_ inner join addressbook contactdat1_ on contacts0_.id=contactdat1_.id where contacts0_.group_id=?
Hibernate: select contacts0_.group_id as group_id2_0_0_, contacts0_.id as id1_0_0_, contactdat1_.id as id1_1_1_, contactdat1_.address as address2_1_1_, contactdat1_.bmonth as bmonth3_1_1_, contactdat1_.byear as byear4_1_1_, contactdat1_.email as email5_1_1_, contactdat1_.email2 as email6_1_1_, contactdat1_.email3 as email7_1_1_, contactdat1_.firstname as firstnam8_1_1_, contactdat1_.home as home9_1_1_, contactdat1_.lastname as lastnam10_1_1_, contactdat1_.middlename as middlen11_1_1_, contactdat1_.mobile as mobile12_1_1_, contactdat1_.photo as photo13_1_1_, contactdat1_.work as work14_1_1_ from address_in_groups contacts0_ inner join addressbook contactdat1_ on contacts0_.id=contactdat1_.id where contacts0_.group_id=?
Hibernate: select contacts0_.group_id as group_id2_0_0_, contacts0_.id as id1_0_0_, contactdat1_.id as id1_1_1_, contactdat1_.address as address2_1_1_, contactdat1_.bmonth as bmonth3_1_1_, contactdat1_.byear as byear4_1_1_, contactdat1_.email as email5_1_1_, contactdat1_.email2 as email6_1_1_, contactdat1_.email3 as email7_1_1_, contactdat1_.firstname as firstnam8_1_1_, contactdat1_.home as home9_1_1_, contactdat1_.lastname as lastnam10_1_1_, contactdat1_.middlename as middlen11_1_1_, contactdat1_.mobile as mobile12_1_1_, contactdat1_.photo as photo13_1_1_, contactdat1_.work as work14_1_1_ from address_in_groups contacts0_ inner join addressbook contactdat1_ on contacts0_.id=contactdat1_.id where contacts0_.group_id=?
Hibernate: select contacts0_.group_id as group_id2_0_0_, contacts0_.id as id1_0_0_, contactdat1_.id as id1_1_1_, contactdat1_.address as address2_1_1_, contactdat1_.bmonth as bmonth3_1_1_, contactdat1_.byear as byear4_1_1_, contactdat1_.email as email5_1_1_, contactdat1_.email2 as email6_1_1_, contactdat1_.email3 as email7_1_1_, contactdat1_.firstname as firstnam8_1_1_, contactdat1_.home as home9_1_1_, contactdat1_.lastname as lastnam10_1_1_, contactdat1_.middlename as middlen11_1_1_, contactdat1_.mobile as mobile12_1_1_, contactdat1_.photo as photo13_1_1_, contactdat1_.work as work14_1_1_ from address_in_groups contacts0_ inner join addressbook contactdat1_ on contacts0_.id=contactdat1_.id where contacts0_.group_id=?
Hibernate: select contacts0_.group_id as group_id2_0_0_, contacts0_.id as id1_0_0_, contactdat1_.id as id1_1_1_, contactdat1_.address as address2_1_1_, contactdat1_.bmonth as bmonth3_1_1_, contactdat1_.byear as byear4_1_1_, contactdat1_.email as email5_1_1_, contactdat1_.email2 as email6_1_1_, contactdat1_.email3 as email7_1_1_, contactdat1_.firstname as firstnam8_1_1_, contactdat1_.home as home9_1_1_, contactdat1_.lastname as lastnam10_1_1_, contactdat1_.middlename as middlen11_1_1_, contactdat1_.mobile as mobile12_1_1_, contactdat1_.photo as photo13_1_1_, contactdat1_.work as work14_1_1_ from address_in_groups contacts0_ inner join addressbook contactdat1_ on contacts0_.id=contactdat1_.id where contacts0_.group_id=?
Hibernate: select contacts0_.group_id as group_id2_0_0_, contacts0_.id as id1_0_0_, contactdat1_.id as id1_1_1_, contactdat1_.address as address2_1_1_, contactdat1_.bmonth as bmonth3_1_1_, contactdat1_.byear as byear4_1_1_, contactdat1_.email as email5_1_1_, contactdat1_.email2 as email6_1_1_, contactdat1_.email3 as email7_1_1_, contactdat1_.firstname as firstnam8_1_1_, contactdat1_.home as home9_1_1_, contactdat1_.lastname as lastnam10_1_1_, contactdat1_.middlename as middlen11_1_1_, contactdat1_.mobile as mobile12_1_1_, contactdat1_.photo as photo13_1_1_, contactdat1_.work as work14_1_1_ from address_in_groups contacts0_ inner join addressbook contactdat1_ on contacts0_.id=contactdat1_.id where contacts0_.group_id=?
Hibernate: select contacts0_.group_id as group_id2_0_0_, contacts0_.id as id1_0_0_, contactdat1_.id as id1_1_1_, contactdat1_.address as address2_1_1_, contactdat1_.bmonth as bmonth3_1_1_, contactdat1_.byear as byear4_1_1_, contactdat1_.email as email5_1_1_, contactdat1_.email2 as email6_1_1_, contactdat1_.email3 as email7_1_1_, contactdat1_.firstname as firstnam8_1_1_, contactdat1_.home as home9_1_1_, contactdat1_.lastname as lastnam10_1_1_, contactdat1_.middlename as middlen11_1_1_, contactdat1_.mobile as mobile12_1_1_, contactdat1_.photo as photo13_1_1_, contactdat1_.work as work14_1_1_ from address_in_groups contacts0_ inner join addressbook contactdat1_ on contacts0_.id=contactdat1_.id where contacts0_.group_id=?
Hibernate: select contacts0_.group_id as group_id2_0_0_, contacts0_.id as id1_0_0_, contactdat1_.id as id1_1_1_, contactdat1_.address as address2_1_1_, contactdat1_.bmonth as bmonth3_1_1_, contactdat1_.byear as byear4_1_1_, contactdat1_.email as email5_1_1_, contactdat1_.email2 as email6_1_1_, contactdat1_.email3 as email7_1_1_, contactdat1_.firstname as firstnam8_1_1_, contactdat1_.home as home9_1_1_, contactdat1_.lastname as lastnam10_1_1_, contactdat1_.middlename as middlen11_1_1_, contactdat1_.mobile as mobile12_1_1_, contactdat1_.photo as photo13_1_1_, contactdat1_.work as work14_1_1_ from address_in_groups contacts0_ inner join addressbook contactdat1_ on contacts0_.id=contactdat1_.id where contacts0_.group_id=?
Hibernate: select contacts0_.group_id as group_id2_0_0_, contacts0_.id as id1_0_0_, contactdat1_.id as id1_1_1_, contactdat1_.address as address2_1_1_, contactdat1_.bmonth as bmonth3_1_1_, contactdat1_.byear as byear4_1_1_, contactdat1_.email as email5_1_1_, contactdat1_.email2 as email6_1_1_, contactdat1_.email3 as email7_1_1_, contactdat1_.firstname as firstnam8_1_1_, contactdat1_.home as home9_1_1_, contactdat1_.lastname as lastnam10_1_1_, contactdat1_.middlename as middlen11_1_1_, contactdat1_.mobile as mobile12_1_1_, contactdat1_.photo as photo13_1_1_, contactdat1_.work as work14_1_1_ from address_in_groups contacts0_ inner join addressbook contactdat1_ on contacts0_.id=contactdat1_.id where contacts0_.group_id=?
Hibernate: select contacts0_.group_id as group_id2_0_0_, contacts0_.id as id1_0_0_, contactdat1_.id as id1_1_1_, contactdat1_.address as address2_1_1_, contactdat1_.bmonth as bmonth3_1_1_, contactdat1_.byear as byear4_1_1_, contactdat1_.email as email5_1_1_, contactdat1_.email2 as email6_1_1_, contactdat1_.email3 as email7_1_1_, contactdat1_.firstname as firstnam8_1_1_, contactdat1_.home as home9_1_1_, contactdat1_.lastname as lastnam10_1_1_, contactdat1_.middlename as middlen11_1_1_, contactdat1_.mobile as mobile12_1_1_, contactdat1_.photo as photo13_1_1_, contactdat1_.work as work14_1_1_ from address_in_groups contacts0_ inner join addressbook contactdat1_ on contacts0_.id=contactdat1_.id where contacts0_.group_id=?
Hibernate: select contacts0_.group_id as group_id2_0_0_, contacts0_.id as id1_0_0_, contactdat1_.id as id1_1_1_, contactdat1_.address as address2_1_1_, contactdat1_.bmonth as bmonth3_1_1_, contactdat1_.byear as byear4_1_1_, contactdat1_.email as email5_1_1_, contactdat1_.email2 as email6_1_1_, contactdat1_.email3 as email7_1_1_, contactdat1_.firstname as firstnam8_1_1_, contactdat1_.home as home9_1_1_, contactdat1_.lastname as lastnam10_1_1_, contactdat1_.middlename as middlen11_1_1_, contactdat1_.mobile as mobile12_1_1_, contactdat1_.photo as photo13_1_1_, contactdat1_.work as work14_1_1_ from address_in_groups contacts0_ inner join addressbook contactdat1_ on contacts0_.id=contactdat1_.id where contacts0_.group_id=?
Hibernate: select contacts0_.group_id as group_id2_0_0_, contacts0_.id as id1_0_0_, contactdat1_.id as id1_1_1_, contactdat1_.address as address2_1_1_, contactdat1_.bmonth as bmonth3_1_1_, contactdat1_.byear as byear4_1_1_, contactdat1_.email as email5_1_1_, contactdat1_.email2 as email6_1_1_, contactdat1_.email3 as email7_1_1_, contactdat1_.firstname as firstnam8_1_1_, contactdat1_.home as home9_1_1_, contactdat1_.lastname as lastnam10_1_1_, contactdat1_.middlename as middlen11_1_1_, contactdat1_.mobile as mobile12_1_1_, contactdat1_.photo as photo13_1_1_, contactdat1_.work as work14_1_1_ from address_in_groups contacts0_ inner join addressbook contactdat1_ on contacts0_.id=contactdat1_.id where contacts0_.group_id=?
Hibernate: select contacts0_.group_id as group_id2_0_0_, contacts0_.id as id1_0_0_, contactdat1_.id as id1_1_1_, contactdat1_.address as address2_1_1_, contactdat1_.bmonth as bmonth3_1_1_, contactdat1_.byear as byear4_1_1_, contactdat1_.email as email5_1_1_, contactdat1_.email2 as email6_1_1_, contactdat1_.email3 as email7_1_1_, contactdat1_.firstname as firstnam8_1_1_, contactdat1_.home as home9_1_1_, contactdat1_.lastname as lastnam10_1_1_, contactdat1_.middlename as middlen11_1_1_, contactdat1_.mobile as mobile12_1_1_, contactdat1_.photo as photo13_1_1_, contactdat1_.work as work14_1_1_ from address_in_groups contacts0_ inner join addressbook contactdat1_ on contacts0_.id=contactdat1_.id where contacts0_.group_id=?
Hibernate: select contacts0_.group_id as group_id2_0_0_, contacts0_.id as id1_0_0_, contactdat1_.id as id1_1_1_, contactdat1_.address as address2_1_1_, contactdat1_.bmonth as bmonth3_1_1_, contactdat1_.byear as byear4_1_1_, contactdat1_.email as email5_1_1_, contactdat1_.email2 as email6_1_1_, contactdat1_.email3 as email7_1_1_, contactdat1_.firstname as firstnam8_1_1_, contactdat1_.home as home9_1_1_, contactdat1_.lastname as lastnam10_1_1_, contactdat1_.middlename as middlen11_1_1_, contactdat1_.mobile as mobile12_1_1_, contactdat1_.photo as photo13_1_1_, contactdat1_.work as work14_1_1_ from address_in_groups contacts0_ inner join addressbook contactdat1_ on contacts0_.id=contactdat1_.id where contacts0_.group_id=?
Hibernate: select contacts0_.group_id as group_id2_0_0_, contacts0_.id as id1_0_0_, contactdat1_.id as id1_1_1_, contactdat1_.address as address2_1_1_, contactdat1_.bmonth as bmonth3_1_1_, contactdat1_.byear as byear4_1_1_, contactdat1_.email as email5_1_1_, contactdat1_.email2 as email6_1_1_, contactdat1_.email3 as email7_1_1_, contactdat1_.firstname as firstnam8_1_1_, contactdat1_.home as home9_1_1_, contactdat1_.lastname as lastnam10_1_1_, contactdat1_.middlename as middlen11_1_1_, contactdat1_.mobile as mobile12_1_1_, contactdat1_.photo as photo13_1_1_, contactdat1_.work as work14_1_1_ from address_in_groups contacts0_ inner join addressbook contactdat1_ on contacts0_.id=contactdat1_.id where contacts0_.group_id=?
Hibernate: select contacts0_.group_id as group_id2_0_0_, contacts0_.id as id1_0_0_, contactdat1_.id as id1_1_1_, contactdat1_.address as address2_1_1_, contactdat1_.bmonth as bmonth3_1_1_, contactdat1_.byear as byear4_1_1_, contactdat1_.email as email5_1_1_, contactdat1_.email2 as email6_1_1_, contactdat1_.email3 as email7_1_1_, contactdat1_.firstname as firstnam8_1_1_, contactdat1_.home as home9_1_1_, contactdat1_.lastname as lastnam10_1_1_, contactdat1_.middlename as middlen11_1_1_, contactdat1_.mobile as mobile12_1_1_, contactdat1_.photo as photo13_1_1_, contactdat1_.work as work14_1_1_ from address_in_groups contacts0_ inner join addressbook contactdat1_ on contacts0_.id=contactdat1_.id where contacts0_.group_id=?
Hibernate: select contacts0_.group_id as group_id2_0_0_, contacts0_.id as id1_0_0_, contactdat1_.id as id1_1_1_, contactdat1_.address as address2_1_1_, contactdat1_.bmonth as bmonth3_1_1_, contactdat1_.byear as byear4_1_1_, contactdat1_.email as email5_1_1_, contactdat1_.email2 as email6_1_1_, contactdat1_.email3 as email7_1_1_, contactdat1_.firstname as firstnam8_1_1_, contactdat1_.home as home9_1_1_, contactdat1_.lastname as lastnam10_1_1_, contactdat1_.middlename as middlen11_1_1_, contactdat1_.mobile as mobile12_1_1_, contactdat1_.photo as photo13_1_1_, contactdat1_.work as work14_1_1_ from address_in_groups contacts0_ inner join addressbook contactdat1_ on contacts0_.id=contactdat1_.id where contacts0_.group_id=?
Hibernate: select contacts0_.group_id as group_id2_0_0_, contacts0_.id as id1_0_0_, contactdat1_.id as id1_1_1_, contactdat1_.address as address2_1_1_, contactdat1_.bmonth as bmonth3_1_1_, contactdat1_.byear as byear4_1_1_, contactdat1_.email as email5_1_1_, contactdat1_.email2 as email6_1_1_, contactdat1_.email3 as email7_1_1_, contactdat1_.firstname as firstnam8_1_1_, contactdat1_.home as home9_1_1_, contactdat1_.lastname as lastnam10_1_1_, contactdat1_.middlename as middlen11_1_1_, contactdat1_.mobile as mobile12_1_1_, contactdat1_.photo as photo13_1_1_, contactdat1_.work as work14_1_1_ from address_in_groups contacts0_ inner join addressbook contactdat1_ on contacts0_.id=contactdat1_.id where contacts0_.group_id=?
Hibernate: select contacts0_.group_id as group_id2_0_0_, contacts0_.id as id1_0_0_, contactdat1_.id as id1_1_1_, contactdat1_.address as address2_1_1_, contactdat1_.bmonth as bmonth3_1_1_, contactdat1_.byear as byear4_1_1_, contactdat1_.email as email5_1_1_, contactdat1_.email2 as email6_1_1_, contactdat1_.email3 as email7_1_1_, contactdat1_.firstname as firstnam8_1_1_, contactdat1_.home as home9_1_1_, contactdat1_.lastname as lastnam10_1_1_, contactdat1_.middlename as middlen11_1_1_, contactdat1_.mobile as mobile12_1_1_, contactdat1_.photo as photo13_1_1_, contactdat1_.work as work14_1_1_ from address_in_groups contacts0_ inner join addressbook contactdat1_ on contacts0_.id=contactdat1_.id where contacts0_.group_id=?
Hibernate: select contacts0_.group_id as group_id2_0_0_, contacts0_.id as id1_0_0_, contactdat1_.id as id1_1_1_, contactdat1_.address as address2_1_1_, contactdat1_.bmonth as bmonth3_1_1_, contactdat1_.byear as byear4_1_1_, contactdat1_.email as email5_1_1_, contactdat1_.email2 as email6_1_1_, contactdat1_.email3 as email7_1_1_, contactdat1_.firstname as firstnam8_1_1_, contactdat1_.home as home9_1_1_, contactdat1_.lastname as lastnam10_1_1_, contactdat1_.middlename as middlen11_1_1_, contactdat1_.mobile as mobile12_1_1_, contactdat1_.photo as photo13_1_1_, contactdat1_.work as work14_1_1_ from address_in_groups contacts0_ inner join addressbook contactdat1_ on contacts0_.id=contactdat1_.id where contacts0_.group_id=?
Hibernate: select contacts0_.group_id as group_id2_0_0_, contacts0_.id as id1_0_0_, contactdat1_.id as id1_1_1_, contactdat1_.address as address2_1_1_, contactdat1_.bmonth as bmonth3_1_1_, contactdat1_.byear as byear4_1_1_, contactdat1_.email as email5_1_1_, contactdat1_.email2 as email6_1_1_, contactdat1_.email3 as email7_1_1_, contactdat1_.firstname as firstnam8_1_1_, contactdat1_.home as home9_1_1_, contactdat1_.lastname as lastnam10_1_1_, contactdat1_.middlename as middlen11_1_1_, contactdat1_.mobile as mobile12_1_1_, contactdat1_.photo as photo13_1_1_, contactdat1_.work as work14_1_1_ from address_in_groups contacts0_ inner join addressbook contactdat1_ on contacts0_.id=contactdat1_.id where contacts0_.group_id=?
Hibernate: select contacts0_.group_id as group_id2_0_0_, contacts0_.id as id1_0_0_, contactdat1_.id as id1_1_1_, contactdat1_.address as address2_1_1_, contactdat1_.bmonth as bmonth3_1_1_, contactdat1_.byear as byear4_1_1_, contactdat1_.email as email5_1_1_, contactdat1_.email2 as email6_1_1_, contactdat1_.email3 as email7_1_1_, contactdat1_.firstname as firstnam8_1_1_, contactdat1_.home as home9_1_1_, contactdat1_.lastname as lastnam10_1_1_, contactdat1_.middlename as middlen11_1_1_, contactdat1_.mobile as mobile12_1_1_, contactdat1_.photo as photo13_1_1_, contactdat1_.work as work14_1_1_ from address_in_groups contacts0_ inner join addressbook contactdat1_ on contacts0_.id=contactdat1_.id where contacts0_.group_id=?
Hibernate: select contacts0_.group_id as group_id2_0_0_, contacts0_.id as id1_0_0_, contactdat1_.id as id1_1_1_, contactdat1_.address as address2_1_1_, contactdat1_.bmonth as bmonth3_1_1_, contactdat1_.byear as byear4_1_1_, contactdat1_.email as email5_1_1_, contactdat1_.email2 as email6_1_1_, contactdat1_.email3 as email7_1_1_, contactdat1_.firstname as firstnam8_1_1_, contactdat1_.home as home9_1_1_, contactdat1_.lastname as lastnam10_1_1_, contactdat1_.middlename as middlen11_1_1_, contactdat1_.mobile as mobile12_1_1_, contactdat1_.photo as photo13_1_1_, contactdat1_.work as work14_1_1_ from address_in_groups contacts0_ inner join addressbook contactdat1_ on contacts0_.id=contactdat1_.id where contacts0_.group_id=?
Hibernate: select contacts0_.group_id as group_id2_0_0_, contacts0_.id as id1_0_0_, contactdat1_.id as id1_1_1_, contactdat1_.address as address2_1_1_, contactdat1_.bmonth as bmonth3_1_1_, contactdat1_.byear as byear4_1_1_, contactdat1_.email as email5_1_1_, contactdat1_.email2 as email6_1_1_, contactdat1_.email3 as email7_1_1_, contactdat1_.firstname as firstnam8_1_1_, contactdat1_.home as home9_1_1_, contactdat1_.lastname as lastnam10_1_1_, contactdat1_.middlename as middlen11_1_1_, contactdat1_.mobile as mobile12_1_1_, contactdat1_.photo as photo13_1_1_, contactdat1_.work as work14_1_1_ from address_in_groups contacts0_ inner join addressbook contactdat1_ on contacts0_.id=contactdat1_.id where contacts0_.group_id=?
Hibernate: select contacts0_.group_id as group_id2_0_0_, contacts0_.id as id1_0_0_, contactdat1_.id as id1_1_1_, contactdat1_.address as address2_1_1_, contactdat1_.bmonth as bmonth3_1_1_, contactdat1_.byear as byear4_1_1_, contactdat1_.email as email5_1_1_, contactdat1_.email2 as email6_1_1_, contactdat1_.email3 as email7_1_1_, contactdat1_.firstname as firstnam8_1_1_, contactdat1_.home as home9_1_1_, contactdat1_.lastname as lastnam10_1_1_, contactdat1_.middlename as middlen11_1_1_, contactdat1_.mobile as mobile12_1_1_, contactdat1_.photo as photo13_1_1_, contactdat1_.work as work14_1_1_ from address_in_groups contacts0_ inner join addressbook contactdat1_ on contacts0_.id=contactdat1_.id where contacts0_.group_id=?
Hibernate: select contacts0_.group_id as group_id2_0_0_, contacts0_.id as id1_0_0_, contactdat1_.id as id1_1_1_, contactdat1_.address as address2_1_1_, contactdat1_.bmonth as bmonth3_1_1_, contactdat1_.byear as byear4_1_1_, contactdat1_.email as email5_1_1_, contactdat1_.email2 as email6_1_1_, contactdat1_.email3 as email7_1_1_, contactdat1_.firstname as firstnam8_1_1_, contactdat1_.home as home9_1_1_, contactdat1_.lastname as lastnam10_1_1_, contactdat1_.middlename as middlen11_1_1_, contactdat1_.mobile as mobile12_1_1_, contactdat1_.photo as photo13_1_1_, contactdat1_.work as work14_1_1_ from address_in_groups contacts0_ inner join addressbook contactdat1_ on contacts0_.id=contactdat1_.id where contacts0_.group_id=?
Hibernate: select contacts0_.group_id as group_id2_0_0_, contacts0_.id as id1_0_0_, contactdat1_.id as id1_1_1_, contactdat1_.address as address2_1_1_, contactdat1_.bmonth as bmonth3_1_1_, contactdat1_.byear as byear4_1_1_, contactdat1_.email as email5_1_1_, contactdat1_.email2 as email6_1_1_, contactdat1_.email3 as email7_1_1_, contactdat1_.firstname as firstnam8_1_1_, contactdat1_.home as home9_1_1_, contactdat1_.lastname as lastnam10_1_1_, contactdat1_.middlename as middlen11_1_1_, contactdat1_.mobile as mobile12_1_1_, contactdat1_.photo as photo13_1_1_, contactdat1_.work as work14_1_1_ from address_in_groups contacts0_ inner join addressbook contactdat1_ on contacts0_.id=contactdat1_.id where contacts0_.group_id=?
Hibernate: select contacts0_.group_id as group_id2_0_0_, contacts0_.id as id1_0_0_, contactdat1_.id as id1_1_1_, contactdat1_.address as address2_1_1_, contactdat1_.bmonth as bmonth3_1_1_, contactdat1_.byear as byear4_1_1_, contactdat1_.email as email5_1_1_, contactdat1_.email2 as email6_1_1_, contactdat1_.email3 as email7_1_1_, contactdat1_.firstname as firstnam8_1_1_, contactdat1_.home as home9_1_1_, contactdat1_.lastname as lastnam10_1_1_, contactdat1_.middlename as middlen11_1_1_, contactdat1_.mobile as mobile12_1_1_, contactdat1_.photo as photo13_1_1_, contactdat1_.work as work14_1_1_ from address_in_groups contacts0_ inner join addressbook contactdat1_ on contacts0_.id=contactdat1_.id where contacts0_.group_id=?
Hibernate: select contacts0_.group_id as group_id2_0_0_, contacts0_.id as id1_0_0_, contactdat1_.id as id1_1_1_, contactdat1_.address as address2_1_1_, contactdat1_.bmonth as bmonth3_1_1_, contactdat1_.byear as byear4_1_1_, contactdat1_.email as email5_1_1_, contactdat1_.email2 as email6_1_1_, contactdat1_.email3 as email7_1_1_, contactdat1_.firstname as firstnam8_1_1_, contactdat1_.home as home9_1_1_, contactdat1_.lastname as lastnam10_1_1_, contactdat1_.middlename as middlen11_1_1_, contactdat1_.mobile as mobile12_1_1_, contactdat1_.photo as photo13_1_1_, contactdat1_.work as work14_1_1_ from address_in_groups contacts0_ inner join addressbook contactdat1_ on contacts0_.id=contactdat1_.id where contacts0_.group_id=?
Hibernate: select contacts0_.group_id as group_id2_0_0_, contacts0_.id as id1_0_0_, contactdat1_.id as id1_1_1_, contactdat1_.address as address2_1_1_, contactdat1_.bmonth as bmonth3_1_1_, contactdat1_.byear as byear4_1_1_, contactdat1_.email as email5_1_1_, contactdat1_.email2 as email6_1_1_, contactdat1_.email3 as email7_1_1_, contactdat1_.firstname as firstnam8_1_1_, contactdat1_.home as home9_1_1_, contactdat1_.lastname as lastnam10_1_1_, contactdat1_.middlename as middlen11_1_1_, contactdat1_.mobile as mobile12_1_1_, contactdat1_.photo as photo13_1_1_, contactdat1_.work as work14_1_1_ from address_in_groups contacts0_ inner join addressbook contactdat1_ on contacts0_.id=contactdat1_.id where contacts0_.group_id=?
Hibernate: select contacts0_.group_id as group_id2_0_0_, contacts0_.id as id1_0_0_, contactdat1_.id as id1_1_1_, contactdat1_.address as address2_1_1_, contactdat1_.bmonth as bmonth3_1_1_, contactdat1_.byear as byear4_1_1_, contactdat1_.email as email5_1_1_, contactdat1_.email2 as email6_1_1_, contactdat1_.email3 as email7_1_1_, contactdat1_.firstname as firstnam8_1_1_, contactdat1_.home as home9_1_1_, contactdat1_.lastname as lastnam10_1_1_, contactdat1_.middlename as middlen11_1_1_, contactdat1_.mobile as mobile12_1_1_, contactdat1_.photo as photo13_1_1_, contactdat1_.work as work14_1_1_ from address_in_groups contacts0_ inner join addressbook contactdat1_ on contacts0_.id=contactdat1_.id where contacts0_.group_id=?
Hibernate: select contacts0_.group_id as group_id2_0_0_, contacts0_.id as id1_0_0_, contactdat1_.id as id1_1_1_, contactdat1_.address as address2_1_1_, contactdat1_.bmonth as bmonth3_1_1_, contactdat1_.byear as byear4_1_1_, contactdat1_.email as email5_1_1_, contactdat1_.email2 as email6_1_1_, contactdat1_.email3 as email7_1_1_, contactdat1_.firstname as firstnam8_1_1_, contactdat1_.home as home9_1_1_, contactdat1_.lastname as lastnam10_1_1_, contactdat1_.middlename as middlen11_1_1_, contactdat1_.mobile as mobile12_1_1_, contactdat1_.photo as photo13_1_1_, contactdat1_.work as work14_1_1_ from address_in_groups contacts0_ inner join addressbook contactdat1_ on contacts0_.id=contactdat1_.id where contacts0_.group_id=?
Hibernate: select contacts0_.group_id as group_id2_0_0_, contacts0_.id as id1_0_0_, contactdat1_.id as id1_1_1_, contactdat1_.address as address2_1_1_, contactdat1_.bmonth as bmonth3_1_1_, contactdat1_.byear as byear4_1_1_, contactdat1_.email as email5_1_1_, contactdat1_.email2 as email6_1_1_, contactdat1_.email3 as email7_1_1_, contactdat1_.firstname as firstnam8_1_1_, contactdat1_.home as home9_1_1_, contactdat1_.lastname as lastnam10_1_1_, contactdat1_.middlename as middlen11_1_1_, contactdat1_.mobile as mobile12_1_1_, contactdat1_.photo as photo13_1_1_, contactdat1_.work as work14_1_1_ from address_in_groups contacts0_ inner join addressbook contactdat1_ on contacts0_.id=contactdat1_.id where contacts0_.group_id=?
Hibernate: select contacts0_.group_id as group_id2_0_0_, contacts0_.id as id1_0_0_, contactdat1_.id as id1_1_1_, contactdat1_.address as address2_1_1_, contactdat1_.bmonth as bmonth3_1_1_, contactdat1_.byear as byear4_1_1_, contactdat1_.email as email5_1_1_, contactdat1_.email2 as email6_1_1_, contactdat1_.email3 as email7_1_1_, contactdat1_.firstname as firstnam8_1_1_, contactdat1_.home as home9_1_1_, contactdat1_.lastname as lastnam10_1_1_, contactdat1_.middlename as middlen11_1_1_, contactdat1_.mobile as mobile12_1_1_, contactdat1_.photo as photo13_1_1_, contactdat1_.work as work14_1_1_ from address_in_groups contacts0_ inner join addressbook contactdat1_ on contacts0_.id=contactdat1_.id where contacts0_.group_id=?
Hibernate: select contacts0_.group_id as group_id2_0_0_, contacts0_.id as id1_0_0_, contactdat1_.id as id1_1_1_, contactdat1_.address as address2_1_1_, contactdat1_.bmonth as bmonth3_1_1_, contactdat1_.byear as byear4_1_1_, contactdat1_.email as email5_1_1_, contactdat1_.email2 as email6_1_1_, contactdat1_.email3 as email7_1_1_, contactdat1_.firstname as firstnam8_1_1_, contactdat1_.home as home9_1_1_, contactdat1_.lastname as lastnam10_1_1_, contactdat1_.middlename as middlen11_1_1_, contactdat1_.mobile as mobile12_1_1_, contactdat1_.photo as photo13_1_1_, contactdat1_.work as work14_1_1_ from address_in_groups contacts0_ inner join addressbook contactdat1_ on contacts0_.id=contactdat1_.id where contacts0_.group_id=?
Hibernate: select contacts0_.group_id as group_id2_0_0_, contacts0_.id as id1_0_0_, contactdat1_.id as id1_1_1_, contactdat1_.address as address2_1_1_, contactdat1_.bmonth as bmonth3_1_1_, contactdat1_.byear as byear4_1_1_, contactdat1_.email as email5_1_1_, contactdat1_.email2 as email6_1_1_, contactdat1_.email3 as email7_1_1_, contactdat1_.firstname as firstnam8_1_1_, contactdat1_.home as home9_1_1_, contactdat1_.lastname as lastnam10_1_1_, contactdat1_.middlename as middlen11_1_1_, contactdat1_.mobile as mobile12_1_1_, contactdat1_.photo as photo13_1_1_, contactdat1_.work as work14_1_1_ from address_in_groups contacts0_ inner join addressbook contactdat1_ on contacts0_.id=contactdat1_.id where contacts0_.group_id=?
Hibernate: select contacts0_.group_id as group_id2_0_0_, contacts0_.id as id1_0_0_, contactdat1_.id as id1_1_1_, contactdat1_.address as address2_1_1_, contactdat1_.bmonth as bmonth3_1_1_, contactdat1_.byear as byear4_1_1_, contactdat1_.email as email5_1_1_, contactdat1_.email2 as email6_1_1_, contactdat1_.email3 as email7_1_1_, contactdat1_.firstname as firstnam8_1_1_, contactdat1_.home as home9_1_1_, contactdat1_.lastname as lastnam10_1_1_, contactdat1_.middlename as middlen11_1_1_, contactdat1_.mobile as mobile12_1_1_, contactdat1_.photo as photo13_1_1_, contactdat1_.work as work14_1_1_ from address_in_groups contacts0_ inner join addressbook contactdat1_ on contacts0_.id=contactdat1_.id where contacts0_.group_id=?
Hibernate: select contacts0_.group_id as group_id2_0_0_, contacts0_.id as id1_0_0_, contactdat1_.id as id1_1_1_, contactdat1_.address as address2_1_1_, contactdat1_.bmonth as bmonth3_1_1_, contactdat1_.byear as byear4_1_1_, contactdat1_.email as email5_1_1_, contactdat1_.email2 as email6_1_1_, contactdat1_.email3 as email7_1_1_, contactdat1_.firstname as firstnam8_1_1_, contactdat1_.home as home9_1_1_, contactdat1_.lastname as lastnam10_1_1_, contactdat1_.middlename as middlen11_1_1_, contactdat1_.mobile as mobile12_1_1_, contactdat1_.photo as photo13_1_1_, contactdat1_.work as work14_1_1_ from address_in_groups contacts0_ inner join addressbook contactdat1_ on contacts0_.id=contactdat1_.id where contacts0_.group_id=?
Hibernate: select contacts0_.group_id as group_id2_0_0_, contacts0_.id as id1_0_0_, contactdat1_.id as id1_1_1_, contactdat1_.address as address2_1_1_, contactdat1_.bmonth as bmonth3_1_1_, contactdat1_.byear as byear4_1_1_, contactdat1_.email as email5_1_1_, contactdat1_.email2 as email6_1_1_, contactdat1_.email3 as email7_1_1_, contactdat1_.firstname as firstnam8_1_1_, contactdat1_.home as home9_1_1_, contactdat1_.lastname as lastnam10_1_1_, contactdat1_.middlename as middlen11_1_1_, contactdat1_.mobile as mobile12_1_1_, contactdat1_.photo as photo13_1_1_, contactdat1_.work as work14_1_1_ from address_in_groups contacts0_ inner join addressbook contactdat1_ on contacts0_.id=contactdat1_.id where contacts0_.group_id=?
Hibernate: select contacts0_.group_id as group_id2_0_0_, contacts0_.id as id1_0_0_, contactdat1_.id as id1_1_1_, contactdat1_.address as address2_1_1_, contactdat1_.bmonth as bmonth3_1_1_, contactdat1_.byear as byear4_1_1_, contactdat1_.email as email5_1_1_, contactdat1_.email2 as email6_1_1_, contactdat1_.email3 as email7_1_1_, contactdat1_.firstname as firstnam8_1_1_, contactdat1_.home as home9_1_1_, contactdat1_.lastname as lastnam10_1_1_, contactdat1_.middlename as middlen11_1_1_, contactdat1_.mobile as mobile12_1_1_, contactdat1_.photo as photo13_1_1_, contactdat1_.work as work14_1_1_ from address_in_groups contacts0_ inner join addressbook contactdat1_ on contacts0_.id=contactdat1_.id where contacts0_.group_id=?
Hibernate: select contacts0_.group_id as group_id2_0_0_, contacts0_.id as id1_0_0_, contactdat1_.id as id1_1_1_, contactdat1_.address as address2_1_1_, contactdat1_.bmonth as bmonth3_1_1_, contactdat1_.byear as byear4_1_1_, contactdat1_.email as email5_1_1_, contactdat1_.email2 as email6_1_1_, contactdat1_.email3 as email7_1_1_, contactdat1_.firstname as firstnam8_1_1_, contactdat1_.home as home9_1_1_, contactdat1_.lastname as lastnam10_1_1_, contactdat1_.middlename as middlen11_1_1_, contactdat1_.mobile as mobile12_1_1_, contactdat1_.photo as photo13_1_1_, contactdat1_.work as work14_1_1_ from address_in_groups contacts0_ inner join addressbook contactdat1_ on contacts0_.id=contactdat1_.id where contacts0_.group_id=?
Hibernate: select contacts0_.group_id as group_id2_0_0_, contacts0_.id as id1_0_0_, contactdat1_.id as id1_1_1_, contactdat1_.address as address2_1_1_, contactdat1_.bmonth as bmonth3_1_1_, contactdat1_.byear as byear4_1_1_, contactdat1_.email as email5_1_1_, contactdat1_.email2 as email6_1_1_, contactdat1_.email3 as email7_1_1_, contactdat1_.firstname as firstnam8_1_1_, contactdat1_.home as home9_1_1_, contactdat1_.lastname as lastnam10_1_1_, contactdat1_.middlename as middlen11_1_1_, contactdat1_.mobile as mobile12_1_1_, contactdat1_.photo as photo13_1_1_, contactdat1_.work as work14_1_1_ from address_in_groups contacts0_ inner join addressbook contactdat1_ on contacts0_.id=contactdat1_.id where contacts0_.group_id=?
Hibernate: select contacts0_.group_id as group_id2_0_0_, contacts0_.id as id1_0_0_, contactdat1_.id as id1_1_1_, contactdat1_.address as address2_1_1_, contactdat1_.bmonth as bmonth3_1_1_, contactdat1_.byear as byear4_1_1_, contactdat1_.email as email5_1_1_, contactdat1_.email2 as email6_1_1_, contactdat1_.email3 as email7_1_1_, contactdat1_.firstname as firstnam8_1_1_, contactdat1_.home as home9_1_1_, contactdat1_.lastname as lastnam10_1_1_, contactdat1_.middlename as middlen11_1_1_, contactdat1_.mobile as mobile12_1_1_, contactdat1_.photo as photo13_1_1_, contactdat1_.work as work14_1_1_ from address_in_groups contacts0_ inner join addressbook contactdat1_ on contacts0_.id=contactdat1_.id where contacts0_.group_id=?
Hibernate: select contacts0_.group_id as group_id2_0_0_, contacts0_.id as id1_0_0_, contactdat1_.id as id1_1_1_, contactdat1_.address as address2_1_1_, contactdat1_.bmonth as bmonth3_1_1_, contactdat1_.byear as byear4_1_1_, contactdat1_.email as email5_1_1_, contactdat1_.email2 as email6_1_1_, contactdat1_.email3 as email7_1_1_, contactdat1_.firstname as firstnam8_1_1_, contactdat1_.home as home9_1_1_, contactdat1_.lastname as lastnam10_1_1_, contactdat1_.middlename as middlen11_1_1_, contactdat1_.mobile as mobile12_1_1_, contactdat1_.photo as photo13_1_1_, contactdat1_.work as work14_1_1_ from address_in_groups contacts0_ inner join addressbook contactdat1_ on contacts0_.id=contactdat1_.id where contacts0_.group_id=?
Hibernate: select contacts0_.group_id as group_id2_0_0_, contacts0_.id as id1_0_0_, contactdat1_.id as id1_1_1_, contactdat1_.address as address2_1_1_, contactdat1_.bmonth as bmonth3_1_1_, contactdat1_.byear as byear4_1_1_, contactdat1_.email as email5_1_1_, contactdat1_.email2 as email6_1_1_, contactdat1_.email3 as email7_1_1_, contactdat1_.firstname as firstnam8_1_1_, contactdat1_.home as home9_1_1_, contactdat1_.lastname as lastnam10_1_1_, contactdat1_.middlename as middlen11_1_1_, contactdat1_.mobile as mobile12_1_1_, contactdat1_.photo as photo13_1_1_, contactdat1_.work as work14_1_1_ from address_in_groups contacts0_ inner join addressbook contactdat1_ on contacts0_.id=contactdat1_.id where contacts0_.group_id=?
Hibernate: select contacts0_.group_id as group_id2_0_0_, contacts0_.id as id1_0_0_, contactdat1_.id as id1_1_1_, contactdat1_.address as address2_1_1_, contactdat1_.bmonth as bmonth3_1_1_, contactdat1_.byear as byear4_1_1_, contactdat1_.email as email5_1_1_, contactdat1_.email2 as email6_1_1_, contactdat1_.email3 as email7_1_1_, contactdat1_.firstname as firstnam8_1_1_, contactdat1_.home as home9_1_1_, contactdat1_.lastname as lastnam10_1_1_, contactdat1_.middlename as middlen11_1_1_, contactdat1_.mobile as mobile12_1_1_, contactdat1_.photo as photo13_1_1_, contactdat1_.work as work14_1_1_ from address_in_groups contacts0_ inner join addressbook contactdat1_ on contacts0_.id=contactdat1_.id where contacts0_.group_id=?
Hibernate: select contacts0_.group_id as group_id2_0_0_, contacts0_.id as id1_0_0_, contactdat1_.id as id1_1_1_, contactdat1_.address as address2_1_1_, contactdat1_.bmonth as bmonth3_1_1_, contactdat1_.byear as byear4_1_1_, contactdat1_.email as email5_1_1_, contactdat1_.email2 as email6_1_1_, contactdat1_.email3 as email7_1_1_, contactdat1_.firstname as firstnam8_1_1_, contactdat1_.home as home9_1_1_, contactdat1_.lastname as lastnam10_1_1_, contactdat1_.middlename as middlen11_1_1_, contactdat1_.mobile as mobile12_1_1_, contactdat1_.photo as photo13_1_1_, contactdat1_.work as work14_1_1_ from address_in_groups contacts0_ inner join addressbook contactdat1_ on contacts0_.id=contactdat1_.id where contacts0_.group_id=?
Hibernate: select contacts0_.group_id as group_id2_0_0_, contacts0_.id as id1_0_0_, contactdat1_.id as id1_1_1_, contactdat1_.address as address2_1_1_, contactdat1_.bmonth as bmonth3_1_1_, contactdat1_.byear as byear4_1_1_, contactdat1_.email as email5_1_1_, contactdat1_.email2 as email6_1_1_, contactdat1_.email3 as email7_1_1_, contactdat1_.firstname as firstnam8_1_1_, contactdat1_.home as home9_1_1_, contactdat1_.lastname as lastnam10_1_1_, contactdat1_.middlename as middlen11_1_1_, contactdat1_.mobile as mobile12_1_1_, contactdat1_.photo as photo13_1_1_, contactdat1_.work as work14_1_1_ from address_in_groups contacts0_ inner join addressbook contactdat1_ on contacts0_.id=contactdat1_.id where contacts0_.group_id=?
Hibernate: select contacts0_.group_id as group_id2_0_0_, contacts0_.id as id1_0_0_, contactdat1_.id as id1_1_1_, contactdat1_.address as address2_1_1_, contactdat1_.bmonth as bmonth3_1_1_, contactdat1_.byear as byear4_1_1_, contactdat1_.email as email5_1_1_, contactdat1_.email2 as email6_1_1_, contactdat1_.email3 as email7_1_1_, contactdat1_.firstname as firstnam8_1_1_, contactdat1_.home as home9_1_1_, contactdat1_.lastname as lastnam10_1_1_, contactdat1_.middlename as middlen11_1_1_, contactdat1_.mobile as mobile12_1_1_, contactdat1_.photo as photo13_1_1_, contactdat1_.work as work14_1_1_ from address_in_groups contacts0_ inner join addressbook contactdat1_ on contacts0_.id=contactdat1_.id where contacts0_.group_id=?
Hibernate: select contacts0_.group_id as group_id2_0_0_, contacts0_.id as id1_0_0_, contactdat1_.id as id1_1_1_, contactdat1_.address as address2_1_1_, contactdat1_.bmonth as bmonth3_1_1_, contactdat1_.byear as byear4_1_1_, contactdat1_.email as email5_1_1_, contactdat1_.email2 as email6_1_1_, contactdat1_.email3 as email7_1_1_, contactdat1_.firstname as firstnam8_1_1_, contactdat1_.home as home9_1_1_, contactdat1_.lastname as lastnam10_1_1_, contactdat1_.middlename as middlen11_1_1_, contactdat1_.mobile as mobile12_1_1_, contactdat1_.photo as photo13_1_1_, contactdat1_.work as work14_1_1_ from address_in_groups contacts0_ inner join addressbook contactdat1_ on contacts0_.id=contactdat1_.id where contacts0_.group_id=?
Hibernate: select groupdata0_.group_id as group_id1_2_, groupdata0_.group_footer as group_fo2_2_, groupdata0_.group_header as group_he3_2_, groupdata0_.group_name as group_na4_2_ from group_list groupdata0_
Hibernate: select contacts0_.group_id as group_id2_0_0_, contacts0_.id as id1_0_0_, contactdat1_.id as id1_1_1_, contactdat1_.address as address2_1_1_, contactdat1_.bmonth as bmonth3_1_1_, contactdat1_.byear as byear4_1_1_, contactdat1_.email as email5_1_1_, contactdat1_.email2 as email6_1_1_, contactdat1_.email3 as email7_1_1_, contactdat1_.firstname as firstnam8_1_1_, contactdat1_.home as home9_1_1_, contactdat1_.lastname as lastnam10_1_1_, contactdat1_.middlename as middlen11_1_1_, contactdat1_.mobile as mobile12_1_1_, contactdat1_.photo as photo13_1_1_, contactdat1_.work as work14_1_1_ from address_in_groups contacts0_ inner join addressbook contactdat1_ on contacts0_.id=contactdat1_.id where contacts0_.group_id=?
Hibernate: select contacts0_.group_id as group_id2_0_0_, contacts0_.id as id1_0_0_, contactdat1_.id as id1_1_1_, contactdat1_.address as address2_1_1_, contactdat1_.bmonth as bmonth3_1_1_, contactdat1_.byear as byear4_1_1_, contactdat1_.email as email5_1_1_, contactdat1_.email2 as email6_1_1_, contactdat1_.email3 as email7_1_1_, contactdat1_.firstname as firstnam8_1_1_, contactdat1_.home as home9_1_1_, contactdat1_.lastname as lastnam10_1_1_, contactdat1_.middlename as middlen11_1_1_, contactdat1_.mobile as mobile12_1_1_, contactdat1_.photo as photo13_1_1_, contactdat1_.work as work14_1_1_ from address_in_groups contacts0_ inner join addressbook contactdat1_ on contacts0_.id=contactdat1_.id where contacts0_.group_id=?
Hibernate: select contacts0_.group_id as group_id2_0_0_, contacts0_.id as id1_0_0_, contactdat1_.id as id1_1_1_, contactdat1_.address as address2_1_1_, contactdat1_.bmonth as bmonth3_1_1_, contactdat1_.byear as byear4_1_1_, contactdat1_.email as email5_1_1_, contactdat1_.email2 as email6_1_1_, contactdat1_.email3 as email7_1_1_, contactdat1_.firstname as firstnam8_1_1_, contactdat1_.home as home9_1_1_, contactdat1_.lastname as lastnam10_1_1_, contactdat1_.middlename as middlen11_1_1_, contactdat1_.mobile as mobile12_1_1_, contactdat1_.photo as photo13_1_1_, contactdat1_.work as work14_1_1_ from address_in_groups contacts0_ inner join addressbook contactdat1_ on contacts0_.id=contactdat1_.id where contacts0_.group_id=?
Hibernate: select contacts0_.group_id as group_id2_0_0_, contacts0_.id as id1_0_0_, contactdat1_.id as id1_1_1_, contactdat1_.address as address2_1_1_, contactdat1_.bmonth as bmonth3_1_1_, contactdat1_.byear as byear4_1_1_, contactdat1_.email as email5_1_1_, contactdat1_.email2 as email6_1_1_, contactdat1_.email3 as email7_1_1_, contactdat1_.firstname as firstnam8_1_1_, contactdat1_.home as home9_1_1_, contactdat1_.lastname as lastnam10_1_1_, contactdat1_.middlename as middlen11_1_1_, contactdat1_.mobile as mobile12_1_1_, contactdat1_.photo as photo13_1_1_, contactdat1_.work as work14_1_1_ from address_in_groups contacts0_ inner join addressbook contactdat1_ on contacts0_.id=contactdat1_.id where contacts0_.group_id=?
Hibernate: select contacts0_.group_id as group_id2_0_0_, contacts0_.id as id1_0_0_, contactdat1_.id as id1_1_1_, contactdat1_.address as address2_1_1_, contactdat1_.bmonth as bmonth3_1_1_, contactdat1_.byear as byear4_1_1_, contactdat1_.email as email5_1_1_, contactdat1_.email2 as email6_1_1_, contactdat1_.email3 as email7_1_1_, contactdat1_.firstname as firstnam8_1_1_, contactdat1_.home as home9_1_1_, contactdat1_.lastname as lastnam10_1_1_, contactdat1_.middlename as middlen11_1_1_, contactdat1_.mobile as mobile12_1_1_, contactdat1_.photo as photo13_1_1_, contactdat1_.work as work14_1_1_ from address_in_groups contacts0_ inner join addressbook contactdat1_ on contacts0_.id=contactdat1_.id where contacts0_.group_id=?
Hibernate: select contacts0_.group_id as group_id2_0_0_, contacts0_.id as id1_0_0_, contactdat1_.id as id1_1_1_, contactdat1_.address as address2_1_1_, contactdat1_.bmonth as bmonth3_1_1_, contactdat1_.byear as byear4_1_1_, contactdat1_.email as email5_1_1_, contactdat1_.email2 as email6_1_1_, contactdat1_.email3 as email7_1_1_, contactdat1_.firstname as firstnam8_1_1_, contactdat1_.home as home9_1_1_, contactdat1_.lastname as lastnam10_1_1_, contactdat1_.middlename as middlen11_1_1_, contactdat1_.mobile as mobile12_1_1_, contactdat1_.photo as photo13_1_1_, contactdat1_.work as work14_1_1_ from address_in_groups contacts0_ inner join addressbook contactdat1_ on contacts0_.id=contactdat1_.id where contacts0_.group_id=?
Hibernate: select contacts0_.group_id as group_id2_0_0_, contacts0_.id as id1_0_0_, contactdat1_.id as id1_1_1_, contactdat1_.address as address2_1_1_, contactdat1_.bmonth as bmonth3_1_1_, contactdat1_.byear as byear4_1_1_, contactdat1_.email as email5_1_1_, contactdat1_.email2 as email6_1_1_, contactdat1_.email3 as email7_1_1_, contactdat1_.firstname as firstnam8_1_1_, contactdat1_.home as home9_1_1_, contactdat1_.lastname as lastnam10_1_1_, contactdat1_.middlename as middlen11_1_1_, contactdat1_.mobile as mobile12_1_1_, contactdat1_.photo as photo13_1_1_, contactdat1_.work as work14_1_1_ from address_in_groups contacts0_ inner join addressbook contactdat1_ on contacts0_.id=contactdat1_.id where contacts0_.group_id=?
Hibernate: select contacts0_.group_id as group_id2_0_0_, contacts0_.id as id1_0_0_, contactdat1_.id as id1_1_1_, contactdat1_.address as address2_1_1_, contactdat1_.bmonth as bmonth3_1_1_, contactdat1_.byear as byear4_1_1_, contactdat1_.email as email5_1_1_, contactdat1_.email2 as email6_1_1_, contactdat1_.email3 as email7_1_1_, contactdat1_.firstname as firstnam8_1_1_, contactdat1_.home as home9_1_1_, contactdat1_.lastname as lastnam10_1_1_, contactdat1_.middlename as middlen11_1_1_, contactdat1_.mobile as mobile12_1_1_, contactdat1_.photo as photo13_1_1_, contactdat1_.work as work14_1_1_ from address_in_groups contacts0_ inner join addressbook contactdat1_ on contacts0_.id=contactdat1_.id where contacts0_.group_id=?
Hibernate: select contacts0_.group_id as group_id2_0_0_, contacts0_.id as id1_0_0_, contactdat1_.id as id1_1_1_, contactdat1_.address as address2_1_1_, contactdat1_.bmonth as bmonth3_1_1_, contactdat1_.byear as byear4_1_1_, contactdat1_.email as email5_1_1_, contactdat1_.email2 as email6_1_1_, contactdat1_.email3 as email7_1_1_, contactdat1_.firstname as firstnam8_1_1_, contactdat1_.home as home9_1_1_, contactdat1_.lastname as lastnam10_1_1_, contactdat1_.middlename as middlen11_1_1_, contactdat1_.mobile as mobile12_1_1_, contactdat1_.photo as photo13_1_1_, contactdat1_.work as work14_1_1_ from address_in_groups contacts0_ inner join addressbook contactdat1_ on contacts0_.id=contactdat1_.id where contacts0_.group_id=?
Hibernate: select contacts0_.group_id as group_id2_0_0_, contacts0_.id as id1_0_0_, contactdat1_.id as id1_1_1_, contactdat1_.address as address2_1_1_, contactdat1_.bmonth as bmonth3_1_1_, contactdat1_.byear as byear4_1_1_, contactdat1_.email as email5_1_1_, contactdat1_.email2 as email6_1_1_, contactdat1_.email3 as email7_1_1_, contactdat1_.firstname as firstnam8_1_1_, contactdat1_.home as home9_1_1_, contactdat1_.lastname as lastnam10_1_1_, contactdat1_.middlename as middlen11_1_1_, contactdat1_.mobile as mobile12_1_1_, contactdat1_.photo as photo13_1_1_, contactdat1_.work as work14_1_1_ from address_in_groups contacts0_ inner join addressbook contactdat1_ on contacts0_.id=contactdat1_.id where contacts0_.group_id=?
Hibernate: select contacts0_.group_id as group_id2_0_0_, contacts0_.id as id1_0_0_, contactdat1_.id as id1_1_1_, contactdat1_.address as address2_1_1_, contactdat1_.bmonth as bmonth3_1_1_, contactdat1_.byear as byear4_1_1_, contactdat1_.email as email5_1_1_, contactdat1_.email2 as email6_1_1_, contactdat1_.email3 as email7_1_1_, contactdat1_.firstname as firstnam8_1_1_, contactdat1_.home as home9_1_1_, contactdat1_.lastname as lastnam10_1_1_, contactdat1_.middlename as middlen11_1_1_, contactdat1_.mobile as mobile12_1_1_, contactdat1_.photo as photo13_1_1_, contactdat1_.work as work14_1_1_ from address_in_groups contacts0_ inner join addressbook contactdat1_ on contacts0_.id=contactdat1_.id where contacts0_.group_id=?
Hibernate: select contacts0_.group_id as group_id2_0_0_, contacts0_.id as id1_0_0_, contactdat1_.id as id1_1_1_, contactdat1_.address as address2_1_1_, contactdat1_.bmonth as bmonth3_1_1_, contactdat1_.byear as byear4_1_1_, contactdat1_.email as email5_1_1_, contactdat1_.email2 as email6_1_1_, contactdat1_.email3 as email7_1_1_, contactdat1_.firstname as firstnam8_1_1_, contactdat1_.home as home9_1_1_, contactdat1_.lastname as lastnam10_1_1_, contactdat1_.middlename as middlen11_1_1_, contactdat1_.mobile as mobile12_1_1_, contactdat1_.photo as photo13_1_1_, contactdat1_.work as work14_1_1_ from address_in_groups contacts0_ inner join addressbook contactdat1_ on contacts0_.id=contactdat1_.id where contacts0_.group_id=?
Hibernate: select contacts0_.group_id as group_id2_0_0_, contacts0_.id as id1_0_0_, contactdat1_.id as id1_1_1_, contactdat1_.address as address2_1_1_, contactdat1_.bmonth as bmonth3_1_1_, contactdat1_.byear as byear4_1_1_, contactdat1_.email as email5_1_1_, contactdat1_.email2 as email6_1_1_, contactdat1_.email3 as email7_1_1_, contactdat1_.firstname as firstnam8_1_1_, contactdat1_.home as home9_1_1_, contactdat1_.lastname as lastnam10_1_1_, contactdat1_.middlename as middlen11_1_1_, contactdat1_.mobile as mobile12_1_1_, contactdat1_.photo as photo13_1_1_, contactdat1_.work as work14_1_1_ from address_in_groups contacts0_ inner join addressbook contactdat1_ on contacts0_.id=contactdat1_.id where contacts0_.group_id=?
Hibernate: select contacts0_.group_id as group_id2_0_0_, contacts0_.id as id1_0_0_, contactdat1_.id as id1_1_1_, contactdat1_.address as address2_1_1_, contactdat1_.bmonth as bmonth3_1_1_, contactdat1_.byear as byear4_1_1_, contactdat1_.email as email5_1_1_, contactdat1_.email2 as email6_1_1_, contactdat1_.email3 as email7_1_1_, contactdat1_.firstname as firstnam8_1_1_, contactdat1_.home as home9_1_1_, contactdat1_.lastname as lastnam10_1_1_, contactdat1_.middlename as middlen11_1_1_, contactdat1_.mobile as mobile12_1_1_, contactdat1_.photo as photo13_1_1_, contactdat1_.work as work14_1_1_ from address_in_groups contacts0_ inner join addressbook contactdat1_ on contacts0_.id=contactdat1_.id where contacts0_.group_id=?
Hibernate: select contacts0_.group_id as group_id2_0_0_, contacts0_.id as id1_0_0_, contactdat1_.id as id1_1_1_, contactdat1_.address as address2_1_1_, contactdat1_.bmonth as bmonth3_1_1_, contactdat1_.byear as byear4_1_1_, contactdat1_.email as email5_1_1_, contactdat1_.email2 as email6_1_1_, contactdat1_.email3 as email7_1_1_, contactdat1_.firstname as firstnam8_1_1_, contactdat1_.home as home9_1_1_, contactdat1_.lastname as lastnam10_1_1_, contactdat1_.middlename as middlen11_1_1_, contactdat1_.mobile as mobile12_1_1_, contactdat1_.photo as photo13_1_1_, contactdat1_.work as work14_1_1_ from address_in_groups contacts0_ inner join addressbook contactdat1_ on contacts0_.id=contactdat1_.id where contacts0_.group_id=?
Hibernate: select contacts0_.group_id as group_id2_0_0_, contacts0_.id as id1_0_0_, contactdat1_.id as id1_1_1_, contactdat1_.address as address2_1_1_, contactdat1_.bmonth as bmonth3_1_1_, contactdat1_.byear as byear4_1_1_, contactdat1_.email as email5_1_1_, contactdat1_.email2 as email6_1_1_, contactdat1_.email3 as email7_1_1_, contactdat1_.firstname as firstnam8_1_1_, contactdat1_.home as home9_1_1_, contactdat1_.lastname as lastnam10_1_1_, contactdat1_.middlename as middlen11_1_1_, contactdat1_.mobile as mobile12_1_1_, contactdat1_.photo as photo13_1_1_, contactdat1_.work as work14_1_1_ from address_in_groups contacts0_ inner join addressbook contactdat1_ on contacts0_.id=contactdat1_.id where contacts0_.group_id=?
Hibernate: select contacts0_.group_id as group_id2_0_0_, contacts0_.id as id1_0_0_, contactdat1_.id as id1_1_1_, contactdat1_.address as address2_1_1_, contactdat1_.bmonth as bmonth3_1_1_, contactdat1_.byear as byear4_1_1_, contactdat1_.email as email5_1_1_, contactdat1_.email2 as email6_1_1_, contactdat1_.email3 as email7_1_1_, contactdat1_.firstname as firstnam8_1_1_, contactdat1_.home as home9_1_1_, contactdat1_.lastname as lastnam10_1_1_, contactdat1_.middlename as middlen11_1_1_, contactdat1_.mobile as mobile12_1_1_, contactdat1_.photo as photo13_1_1_, contactdat1_.work as work14_1_1_ from address_in_groups contacts0_ inner join addressbook contactdat1_ on contacts0_.id=contactdat1_.id where contacts0_.group_id=?
Hibernate: select contacts0_.group_id as group_id2_0_0_, contacts0_.id as id1_0_0_, contactdat1_.id as id1_1_1_, contactdat1_.address as address2_1_1_, contactdat1_.bmonth as bmonth3_1_1_, contactdat1_.byear as byear4_1_1_, contactdat1_.email as email5_1_1_, contactdat1_.email2 as email6_1_1_, contactdat1_.email3 as email7_1_1_, contactdat1_.firstname as firstnam8_1_1_, contactdat1_.home as home9_1_1_, contactdat1_.lastname as lastnam10_1_1_, contactdat1_.middlename as middlen11_1_1_, contactdat1_.mobile as mobile12_1_1_, contactdat1_.photo as photo13_1_1_, contactdat1_.work as work14_1_1_ from address_in_groups contacts0_ inner join addressbook contactdat1_ on contacts0_.id=contactdat1_.id where contacts0_.group_id=?
Hibernate: select contacts0_.group_id as group_id2_0_0_, contacts0_.id as id1_0_0_, contactdat1_.id as id1_1_1_, contactdat1_.address as address2_1_1_, contactdat1_.bmonth as bmonth3_1_1_, contactdat1_.byear as byear4_1_1_, contactdat1_.email as email5_1_1_, contactdat1_.email2 as email6_1_1_, contactdat1_.email3 as email7_1_1_, contactdat1_.firstname as firstnam8_1_1_, contactdat1_.home as home9_1_1_, contactdat1_.lastname as lastnam10_1_1_, contactdat1_.middlename as middlen11_1_1_, contactdat1_.mobile as mobile12_1_1_, contactdat1_.photo as photo13_1_1_, contactdat1_.work as work14_1_1_ from address_in_groups contacts0_ inner join addressbook contactdat1_ on contacts0_.id=contactdat1_.id where contacts0_.group_id=?
Hibernate: select contacts0_.group_id as group_id2_0_0_, contacts0_.id as id1_0_0_, contactdat1_.id as id1_1_1_, contactdat1_.address as address2_1_1_, contactdat1_.bmonth as bmonth3_1_1_, contactdat1_.byear as byear4_1_1_, contactdat1_.email as email5_1_1_, contactdat1_.email2 as email6_1_1_, contactdat1_.email3 as email7_1_1_, contactdat1_.firstname as firstnam8_1_1_, contactdat1_.home as home9_1_1_, contactdat1_.lastname as lastnam10_1_1_, contactdat1_.middlename as middlen11_1_1_, contactdat1_.mobile as mobile12_1_1_, contactdat1_.photo as photo13_1_1_, contactdat1_.work as work14_1_1_ from address_in_groups contacts0_ inner join addressbook contactdat1_ on contacts0_.id=contactdat1_.id where contacts0_.group_id=?
Hibernate: select contacts0_.group_id as group_id2_0_0_, contacts0_.id as id1_0_0_, contactdat1_.id as id1_1_1_, contactdat1_.address as address2_1_1_, contactdat1_.bmonth as bmonth3_1_1_, contactdat1_.byear as byear4_1_1_, contactdat1_.email as email5_1_1_, contactdat1_.email2 as email6_1_1_, contactdat1_.email3 as email7_1_1_, contactdat1_.firstname as firstnam8_1_1_, contactdat1_.home as home9_1_1_, contactdat1_.lastname as lastnam10_1_1_, contactdat1_.middlename as middlen11_1_1_, contactdat1_.mobile as mobile12_1_1_, contactdat1_.photo as photo13_1_1_, contactdat1_.work as work14_1_1_ from address_in_groups contacts0_ inner join addressbook contactdat1_ on contacts0_.id=contactdat1_.id where contacts0_.group_id=?
Hibernate: select contacts0_.group_id as group_id2_0_0_, contacts0_.id as id1_0_0_, contactdat1_.id as id1_1_1_, contactdat1_.address as address2_1_1_, contactdat1_.bmonth as bmonth3_1_1_, contactdat1_.byear as byear4_1_1_, contactdat1_.email as email5_1_1_, contactdat1_.email2 as email6_1_1_, contactdat1_.email3 as email7_1_1_, contactdat1_.firstname as firstnam8_1_1_, contactdat1_.home as home9_1_1_, contactdat1_.lastname as lastnam10_1_1_, contactdat1_.middlename as middlen11_1_1_, contactdat1_.mobile as mobile12_1_1_, contactdat1_.photo as photo13_1_1_, contactdat1_.work as work14_1_1_ from address_in_groups contacts0_ inner join addressbook contactdat1_ on contacts0_.id=contactdat1_.id where contacts0_.group_id=?
Hibernate: select contacts0_.group_id as group_id2_0_0_, contacts0_.id as id1_0_0_, contactdat1_.id as id1_1_1_, contactdat1_.address as address2_1_1_, contactdat1_.bmonth as bmonth3_1_1_, contactdat1_.byear as byear4_1_1_, contactdat1_.email as email5_1_1_, contactdat1_.email2 as email6_1_1_, contactdat1_.email3 as email7_1_1_, contactdat1_.firstname as firstnam8_1_1_, contactdat1_.home as home9_1_1_, contactdat1_.lastname as lastnam10_1_1_, contactdat1_.middlename as middlen11_1_1_, contactdat1_.mobile as mobile12_1_1_, contactdat1_.photo as photo13_1_1_, contactdat1_.work as work14_1_1_ from address_in_groups contacts0_ inner join addressbook contactdat1_ on contacts0_.id=contactdat1_.id where contacts0_.group_id=?
Hibernate: select contacts0_.group_id as group_id2_0_0_, contacts0_.id as id1_0_0_, contactdat1_.id as id1_1_1_, contactdat1_.address as address2_1_1_, contactdat1_.bmonth as bmonth3_1_1_, contactdat1_.byear as byear4_1_1_, contactdat1_.email as email5_1_1_, contactdat1_.email2 as email6_1_1_, contactdat1_.email3 as email7_1_1_, contactdat1_.firstname as firstnam8_1_1_, contactdat1_.home as home9_1_1_, contactdat1_.lastname as lastnam10_1_1_, contactdat1_.middlename as middlen11_1_1_, contactdat1_.mobile as mobile12_1_1_, contactdat1_.photo as photo13_1_1_, contactdat1_.work as work14_1_1_ from address_in_groups contacts0_ inner join addressbook contactdat1_ on contacts0_.id=contactdat1_.id where contacts0_.group_id=?
Hibernate: select contacts0_.group_id as group_id2_0_0_, contacts0_.id as id1_0_0_, contactdat1_.id as id1_1_1_, contactdat1_.address as address2_1_1_, contactdat1_.bmonth as bmonth3_1_1_, contactdat1_.byear as byear4_1_1_, contactdat1_.email as email5_1_1_, contactdat1_.email2 as email6_1_1_, contactdat1_.email3 as email7_1_1_, contactdat1_.firstname as firstnam8_1_1_, contactdat1_.home as home9_1_1_, contactdat1_.lastname as lastnam10_1_1_, contactdat1_.middlename as middlen11_1_1_, contactdat1_.mobile as mobile12_1_1_, contactdat1_.photo as photo13_1_1_, contactdat1_.work as work14_1_1_ from address_in_groups contacts0_ inner join addressbook contactdat1_ on contacts0_.id=contactdat1_.id where contacts0_.group_id=?
Hibernate: select contacts0_.group_id as group_id2_0_0_, contacts0_.id as id1_0_0_, contactdat1_.id as id1_1_1_, contactdat1_.address as address2_1_1_, contactdat1_.bmonth as bmonth3_1_1_, contactdat1_.byear as byear4_1_1_, contactdat1_.email as email5_1_1_, contactdat1_.email2 as email6_1_1_, contactdat1_.email3 as email7_1_1_, contactdat1_.firstname as firstnam8_1_1_, contactdat1_.home as home9_1_1_, contactdat1_.lastname as lastnam10_1_1_, contactdat1_.middlename as middlen11_1_1_, contactdat1_.mobile as mobile12_1_1_, contactdat1_.photo as photo13_1_1_, contactdat1_.work as work14_1_1_ from address_in_groups contacts0_ inner join addressbook contactdat1_ on contacts0_.id=contactdat1_.id where contacts0_.group_id=?
Hibernate: select contacts0_.group_id as group_id2_0_0_, contacts0_.id as id1_0_0_, contactdat1_.id as id1_1_1_, contactdat1_.address as address2_1_1_, contactdat1_.bmonth as bmonth3_1_1_, contactdat1_.byear as byear4_1_1_, contactdat1_.email as email5_1_1_, contactdat1_.email2 as email6_1_1_, contactdat1_.email3 as email7_1_1_, contactdat1_.firstname as firstnam8_1_1_, contactdat1_.home as home9_1_1_, contactdat1_.lastname as lastnam10_1_1_, contactdat1_.middlename as middlen11_1_1_, contactdat1_.mobile as mobile12_1_1_, contactdat1_.photo as photo13_1_1_, contactdat1_.work as work14_1_1_ from address_in_groups contacts0_ inner join addressbook contactdat1_ on contacts0_.id=contactdat1_.id where contacts0_.group_id=?
Hibernate: select contacts0_.group_id as group_id2_0_0_, contacts0_.id as id1_0_0_, contactdat1_.id as id1_1_1_, contactdat1_.address as address2_1_1_, contactdat1_.bmonth as bmonth3_1_1_, contactdat1_.byear as byear4_1_1_, contactdat1_.email as email5_1_1_, contactdat1_.email2 as email6_1_1_, contactdat1_.email3 as email7_1_1_, contactdat1_.firstname as firstnam8_1_1_, contactdat1_.home as home9_1_1_, contactdat1_.lastname as lastnam10_1_1_, contactdat1_.middlename as middlen11_1_1_, contactdat1_.mobile as mobile12_1_1_, contactdat1_.photo as photo13_1_1_, contactdat1_.work as work14_1_1_ from address_in_groups contacts0_ inner join addressbook contactdat1_ on contacts0_.id=contactdat1_.id where contacts0_.group_id=?
Hibernate: select contacts0_.group_id as group_id2_0_0_, contacts0_.id as id1_0_0_, contactdat1_.id as id1_1_1_, contactdat1_.address as address2_1_1_, contactdat1_.bmonth as bmonth3_1_1_, contactdat1_.byear as byear4_1_1_, contactdat1_.email as email5_1_1_, contactdat1_.email2 as email6_1_1_, contactdat1_.email3 as email7_1_1_, contactdat1_.firstname as firstnam8_1_1_, contactdat1_.home as home9_1_1_, contactdat1_.lastname as lastnam10_1_1_, contactdat1_.middlename as middlen11_1_1_, contactdat1_.mobile as mobile12_1_1_, contactdat1_.photo as photo13_1_1_, contactdat1_.work as work14_1_1_ from address_in_groups contacts0_ inner join addressbook contactdat1_ on contacts0_.id=contactdat1_.id where contacts0_.group_id=?
Hibernate: select contacts0_.group_id as group_id2_0_0_, contacts0_.id as id1_0_0_, contactdat1_.id as id1_1_1_, contactdat1_.address as address2_1_1_, contactdat1_.bmonth as bmonth3_1_1_, contactdat1_.byear as byear4_1_1_, contactdat1_.email as email5_1_1_, contactdat1_.email2 as email6_1_1_, contactdat1_.email3 as email7_1_1_, contactdat1_.firstname as firstnam8_1_1_, contactdat1_.home as home9_1_1_, contactdat1_.lastname as lastnam10_1_1_, contactdat1_.middlename as middlen11_1_1_, contactdat1_.mobile as mobile12_1_1_, contactdat1_.photo as photo13_1_1_, contactdat1_.work as work14_1_1_ from address_in_groups contacts0_ inner join addressbook contactdat1_ on contacts0_.id=contactdat1_.id where contacts0_.group_id=?
Hibernate: select contacts0_.group_id as group_id2_0_0_, contacts0_.id as id1_0_0_, contactdat1_.id as id1_1_1_, contactdat1_.address as address2_1_1_, contactdat1_.bmonth as bmonth3_1_1_, contactdat1_.byear as byear4_1_1_, contactdat1_.email as email5_1_1_, contactdat1_.email2 as email6_1_1_, contactdat1_.email3 as email7_1_1_, contactdat1_.firstname as firstnam8_1_1_, contactdat1_.home as home9_1_1_, contactdat1_.lastname as lastnam10_1_1_, contactdat1_.middlename as middlen11_1_1_, contactdat1_.mobile as mobile12_1_1_, contactdat1_.photo as photo13_1_1_, contactdat1_.work as work14_1_1_ from address_in_groups contacts0_ inner join addressbook contactdat1_ on contacts0_.id=contactdat1_.id where contacts0_.group_id=?
Hibernate: select contacts0_.group_id as group_id2_0_0_, contacts0_.id as id1_0_0_, contactdat1_.id as id1_1_1_, contactdat1_.address as address2_1_1_, contactdat1_.bmonth as bmonth3_1_1_, contactdat1_.byear as byear4_1_1_, contactdat1_.email as email5_1_1_, contactdat1_.email2 as email6_1_1_, contactdat1_.email3 as email7_1_1_, contactdat1_.firstname as firstnam8_1_1_, contactdat1_.home as home9_1_1_, contactdat1_.lastname as lastnam10_1_1_, contactdat1_.middlename as middlen11_1_1_, contactdat1_.mobile as mobile12_1_1_, contactdat1_.photo as photo13_1_1_, contactdat1_.work as work14_1_1_ from address_in_groups contacts0_ inner join addressbook contactdat1_ on contacts0_.id=contactdat1_.id where contacts0_.group_id=?
Hibernate: select contacts0_.group_id as group_id2_0_0_, contacts0_.id as id1_0_0_, contactdat1_.id as id1_1_1_, contactdat1_.address as address2_1_1_, contactdat1_.bmonth as bmonth3_1_1_, contactdat1_.byear as byear4_1_1_, contactdat1_.email as email5_1_1_, contactdat1_.email2 as email6_1_1_, contactdat1_.email3 as email7_1_1_, contactdat1_.firstname as firstnam8_1_1_, contactdat1_.home as home9_1_1_, contactdat1_.lastname as lastnam10_1_1_, contactdat1_.middlename as middlen11_1_1_, contactdat1_.mobile as mobile12_1_1_, contactdat1_.photo as photo13_1_1_, contactdat1_.work as work14_1_1_ from address_in_groups contacts0_ inner join addressbook contactdat1_ on contacts0_.id=contactdat1_.id where contacts0_.group_id=?
Hibernate: select contacts0_.group_id as group_id2_0_0_, contacts0_.id as id1_0_0_, contactdat1_.id as id1_1_1_, contactdat1_.address as address2_1_1_, contactdat1_.bmonth as bmonth3_1_1_, contactdat1_.byear as byear4_1_1_, contactdat1_.email as email5_1_1_, contactdat1_.email2 as email6_1_1_, contactdat1_.email3 as email7_1_1_, contactdat1_.firstname as firstnam8_1_1_, contactdat1_.home as home9_1_1_, contactdat1_.lastname as lastnam10_1_1_, contactdat1_.middlename as middlen11_1_1_, contactdat1_.mobile as mobile12_1_1_, contactdat1_.photo as photo13_1_1_, contactdat1_.work as work14_1_1_ from address_in_groups contacts0_ inner join addressbook contactdat1_ on contacts0_.id=contactdat1_.id where contacts0_.group_id=?
Hibernate: select contacts0_.group_id as group_id2_0_0_, contacts0_.id as id1_0_0_, contactdat1_.id as id1_1_1_, contactdat1_.address as address2_1_1_, contactdat1_.bmonth as bmonth3_1_1_, contactdat1_.byear as byear4_1_1_, contactdat1_.email as email5_1_1_, contactdat1_.email2 as email6_1_1_, contactdat1_.email3 as email7_1_1_, contactdat1_.firstname as firstnam8_1_1_, contactdat1_.home as home9_1_1_, contactdat1_.lastname as lastnam10_1_1_, contactdat1_.middlename as middlen11_1_1_, contactdat1_.mobile as mobile12_1_1_, contactdat1_.photo as photo13_1_1_, contactdat1_.work as work14_1_1_ from address_in_groups contacts0_ inner join addressbook contactdat1_ on contacts0_.id=contactdat1_.id where contacts0_.group_id=?
Hibernate: select contacts0_.group_id as group_id2_0_0_, contacts0_.id as id1_0_0_, contactdat1_.id as id1_1_1_, contactdat1_.address as address2_1_1_, contactdat1_.bmonth as bmonth3_1_1_, contactdat1_.byear as byear4_1_1_, contactdat1_.email as email5_1_1_, contactdat1_.email2 as email6_1_1_, contactdat1_.email3 as email7_1_1_, contactdat1_.firstname as firstnam8_1_1_, contactdat1_.home as home9_1_1_, contactdat1_.lastname as lastnam10_1_1_, contactdat1_.middlename as middlen11_1_1_, contactdat1_.mobile as mobile12_1_1_, contactdat1_.photo as photo13_1_1_, contactdat1_.work as work14_1_1_ from address_in_groups contacts0_ inner join addressbook contactdat1_ on contacts0_.id=contactdat1_.id where contacts0_.group_id=?
Hibernate: select contacts0_.group_id as group_id2_0_0_, contacts0_.id as id1_0_0_, contactdat1_.id as id1_1_1_, contactdat1_.address as address2_1_1_, contactdat1_.bmonth as bmonth3_1_1_, contactdat1_.byear as byear4_1_1_, contactdat1_.email as email5_1_1_, contactdat1_.email2 as email6_1_1_, contactdat1_.email3 as email7_1_1_, contactdat1_.firstname as firstnam8_1_1_, contactdat1_.home as home9_1_1_, contactdat1_.lastname as lastnam10_1_1_, contactdat1_.middlename as middlen11_1_1_, contactdat1_.mobile as mobile12_1_1_, contactdat1_.photo as photo13_1_1_, contactdat1_.work as work14_1_1_ from address_in_groups contacts0_ inner join addressbook contactdat1_ on contacts0_.id=contactdat1_.id where contacts0_.group_id=?
Hibernate: select contacts0_.group_id as group_id2_0_0_, contacts0_.id as id1_0_0_, contactdat1_.id as id1_1_1_, contactdat1_.address as address2_1_1_, contactdat1_.bmonth as bmonth3_1_1_, contactdat1_.byear as byear4_1_1_, contactdat1_.email as email5_1_1_, contactdat1_.email2 as email6_1_1_, contactdat1_.email3 as email7_1_1_, contactdat1_.firstname as firstnam8_1_1_, contactdat1_.home as home9_1_1_, contactdat1_.lastname as lastnam10_1_1_, contactdat1_.middlename as middlen11_1_1_, contactdat1_.mobile as mobile12_1_1_, contactdat1_.photo as photo13_1_1_, contactdat1_.work as work14_1_1_ from address_in_groups contacts0_ inner join addressbook contactdat1_ on contacts0_.id=contactdat1_.id where contacts0_.group_id=?
Hibernate: select contacts0_.group_id as group_id2_0_0_, contacts0_.id as id1_0_0_, contactdat1_.id as id1_1_1_, contactdat1_.address as address2_1_1_, contactdat1_.bmonth as bmonth3_1_1_, contactdat1_.byear as byear4_1_1_, contactdat1_.email as email5_1_1_, contactdat1_.email2 as email6_1_1_, contactdat1_.email3 as email7_1_1_, contactdat1_.firstname as firstnam8_1_1_, contactdat1_.home as home9_1_1_, contactdat1_.lastname as lastnam10_1_1_, contactdat1_.middlename as middlen11_1_1_, contactdat1_.mobile as mobile12_1_1_, contactdat1_.photo as photo13_1_1_, contactdat1_.work as work14_1_1_ from address_in_groups contacts0_ inner join addressbook contactdat1_ on contacts0_.id=contactdat1_.id where contacts0_.group_id=?
Hibernate: select contacts0_.group_id as group_id2_0_0_, contacts0_.id as id1_0_0_, contactdat1_.id as id1_1_1_, contactdat1_.address as address2_1_1_, contactdat1_.bmonth as bmonth3_1_1_, contactdat1_.byear as byear4_1_1_, contactdat1_.email as email5_1_1_, contactdat1_.email2 as email6_1_1_, contactdat1_.email3 as email7_1_1_, contactdat1_.firstname as firstnam8_1_1_, contactdat1_.home as home9_1_1_, contactdat1_.lastname as lastnam10_1_1_, contactdat1_.middlename as middlen11_1_1_, contactdat1_.mobile as mobile12_1_1_, contactdat1_.photo as photo13_1_1_, contactdat1_.work as work14_1_1_ from address_in_groups contacts0_ inner join addressbook contactdat1_ on contacts0_.id=contactdat1_.id where contacts0_.group_id=?
Hibernate: select contacts0_.group_id as group_id2_0_0_, contacts0_.id as id1_0_0_, contactdat1_.id as id1_1_1_, contactdat1_.address as address2_1_1_, contactdat1_.bmonth as bmonth3_1_1_, contactdat1_.byear as byear4_1_1_, contactdat1_.email as email5_1_1_, contactdat1_.email2 as email6_1_1_, contactdat1_.email3 as email7_1_1_, contactdat1_.firstname as firstnam8_1_1_, contactdat1_.home as home9_1_1_, contactdat1_.lastname as lastnam10_1_1_, contactdat1_.middlename as middlen11_1_1_, contactdat1_.mobile as mobile12_1_1_, contactdat1_.photo as photo13_1_1_, contactdat1_.work as work14_1_1_ from address_in_groups contacts0_ inner join addressbook contactdat1_ on contacts0_.id=contactdat1_.id where contacts0_.group_id=?
Hibernate: select contacts0_.group_id as group_id2_0_0_, contacts0_.id as id1_0_0_, contactdat1_.id as id1_1_1_, contactdat1_.address as address2_1_1_, contactdat1_.bmonth as bmonth3_1_1_, contactdat1_.byear as byear4_1_1_, contactdat1_.email as email5_1_1_, contactdat1_.email2 as email6_1_1_, contactdat1_.email3 as email7_1_1_, contactdat1_.firstname as firstnam8_1_1_, contactdat1_.home as home9_1_1_, contactdat1_.lastname as lastnam10_1_1_, contactdat1_.middlename as middlen11_1_1_, contactdat1_.mobile as mobile12_1_1_, contactdat1_.photo as photo13_1_1_, contactdat1_.work as work14_1_1_ from address_in_groups contacts0_ inner join addressbook contactdat1_ on contacts0_.id=contactdat1_.id where contacts0_.group_id=?
Hibernate: select contacts0_.group_id as group_id2_0_0_, contacts0_.id as id1_0_0_, contactdat1_.id as id1_1_1_, contactdat1_.address as address2_1_1_, contactdat1_.bmonth as bmonth3_1_1_, contactdat1_.byear as byear4_1_1_, contactdat1_.email as email5_1_1_, contactdat1_.email2 as email6_1_1_, contactdat1_.email3 as email7_1_1_, contactdat1_.firstname as firstnam8_1_1_, contactdat1_.home as home9_1_1_, contactdat1_.lastname as lastnam10_1_1_, contactdat1_.middlename as middlen11_1_1_, contactdat1_.mobile as mobile12_1_1_, contactdat1_.photo as photo13_1_1_, contactdat1_.work as work14_1_1_ from address_in_groups contacts0_ inner join addressbook contactdat1_ on contacts0_.id=contactdat1_.id where contacts0_.group_id=?
Hibernate: select contacts0_.group_id as group_id2_0_0_, contacts0_.id as id1_0_0_, contactdat1_.id as id1_1_1_, contactdat1_.address as address2_1_1_, contactdat1_.bmonth as bmonth3_1_1_, contactdat1_.byear as byear4_1_1_, contactdat1_.email as email5_1_1_, contactdat1_.email2 as email6_1_1_, contactdat1_.email3 as email7_1_1_, contactdat1_.firstname as firstnam8_1_1_, contactdat1_.home as home9_1_1_, contactdat1_.lastname as lastnam10_1_1_, contactdat1_.middlename as middlen11_1_1_, contactdat1_.mobile as mobile12_1_1_, contactdat1_.photo as photo13_1_1_, contactdat1_.work as work14_1_1_ from address_in_groups contacts0_ inner join addressbook contactdat1_ on contacts0_.id=contactdat1_.id where contacts0_.group_id=?
Hibernate: select contacts0_.group_id as group_id2_0_0_, contacts0_.id as id1_0_0_, contactdat1_.id as id1_1_1_, contactdat1_.address as address2_1_1_, contactdat1_.bmonth as bmonth3_1_1_, contactdat1_.byear as byear4_1_1_, contactdat1_.email as email5_1_1_, contactdat1_.email2 as email6_1_1_, contactdat1_.email3 as email7_1_1_, contactdat1_.firstname as firstnam8_1_1_, contactdat1_.home as home9_1_1_, contactdat1_.lastname as lastnam10_1_1_, contactdat1_.middlename as middlen11_1_1_, contactdat1_.mobile as mobile12_1_1_, contactdat1_.photo as photo13_1_1_, contactdat1_.work as work14_1_1_ from address_in_groups contacts0_ inner join addressbook contactdat1_ on contacts0_.id=contactdat1_.id where contacts0_.group_id=?
Hibernate: select contacts0_.group_id as group_id2_0_0_, contacts0_.id as id1_0_0_, contactdat1_.id as id1_1_1_, contactdat1_.address as address2_1_1_, contactdat1_.bmonth as bmonth3_1_1_, contactdat1_.byear as byear4_1_1_, contactdat1_.email as email5_1_1_, contactdat1_.email2 as email6_1_1_, contactdat1_.email3 as email7_1_1_, contactdat1_.firstname as firstnam8_1_1_, contactdat1_.home as home9_1_1_, contactdat1_.lastname as lastnam10_1_1_, contactdat1_.middlename as middlen11_1_1_, contactdat1_.mobile as mobile12_1_1_, contactdat1_.photo as photo13_1_1_, contactdat1_.work as work14_1_1_ from address_in_groups contacts0_ inner join addressbook contactdat1_ on contacts0_.id=contactdat1_.id where contacts0_.group_id=?
Hibernate: select contacts0_.group_id as group_id2_0_0_, contacts0_.id as id1_0_0_, contactdat1_.id as id1_1_1_, contactdat1_.address as address2_1_1_, contactdat1_.bmonth as bmonth3_1_1_, contactdat1_.byear as byear4_1_1_, contactdat1_.email as email5_1_1_, contactdat1_.email2 as email6_1_1_, contactdat1_.email3 as email7_1_1_, contactdat1_.firstname as firstnam8_1_1_, contactdat1_.home as home9_1_1_, contactdat1_.lastname as lastnam10_1_1_, contactdat1_.middlename as middlen11_1_1_, contactdat1_.mobile as mobile12_1_1_, contactdat1_.photo as photo13_1_1_, contactdat1_.work as work14_1_1_ from address_in_groups contacts0_ inner join addressbook contactdat1_ on contacts0_.id=contactdat1_.id where contacts0_.group_id=?
Hibernate: select contacts0_.group_id as group_id2_0_0_, contacts0_.id as id1_0_0_, contactdat1_.id as id1_1_1_, contactdat1_.address as address2_1_1_, contactdat1_.bmonth as bmonth3_1_1_, contactdat1_.byear as byear4_1_1_, contactdat1_.email as email5_1_1_, contactdat1_.email2 as email6_1_1_, contactdat1_.email3 as email7_1_1_, contactdat1_.firstname as firstnam8_1_1_, contactdat1_.home as home9_1_1_, contactdat1_.lastname as lastnam10_1_1_, contactdat1_.middlename as middlen11_1_1_, contactdat1_.mobile as mobile12_1_1_, contactdat1_.photo as photo13_1_1_, contactdat1_.work as work14_1_1_ from address_in_groups contacts0_ inner join addressbook contactdat1_ on contacts0_.id=contactdat1_.id where contacts0_.group_id=?
Hibernate: select contacts0_.group_id as group_id2_0_0_, contacts0_.id as id1_0_0_, contactdat1_.id as id1_1_1_, contactdat1_.address as address2_1_1_, contactdat1_.bmonth as bmonth3_1_1_, contactdat1_.byear as byear4_1_1_, contactdat1_.email as email5_1_1_, contactdat1_.email2 as email6_1_1_, contactdat1_.email3 as email7_1_1_, contactdat1_.firstname as firstnam8_1_1_, contactdat1_.home as home9_1_1_, contactdat1_.lastname as lastnam10_1_1_, contactdat1_.middlename as middlen11_1_1_, contactdat1_.mobile as mobile12_1_1_, contactdat1_.photo as photo13_1_1_, contactdat1_.work as work14_1_1_ from address_in_groups contacts0_ inner join addressbook contactdat1_ on contacts0_.id=contactdat1_.id where contacts0_.group_id=?
Hibernate: select contacts0_.group_id as group_id2_0_0_, contacts0_.id as id1_0_0_, contactdat1_.id as id1_1_1_, contactdat1_.address as address2_1_1_, contactdat1_.bmonth as bmonth3_1_1_, contactdat1_.byear as byear4_1_1_, contactdat1_.email as email5_1_1_, contactdat1_.email2 as email6_1_1_, contactdat1_.email3 as email7_1_1_, contactdat1_.firstname as firstnam8_1_1_, contactdat1_.home as home9_1_1_, contactdat1_.lastname as lastnam10_1_1_, contactdat1_.middlename as middlen11_1_1_, contactdat1_.mobile as mobile12_1_1_, contactdat1_.photo as photo13_1_1_, contactdat1_.work as work14_1_1_ from address_in_groups contacts0_ inner join addressbook contactdat1_ on contacts0_.id=contactdat1_.id where contacts0_.group_id=?
Hibernate: select contacts0_.group_id as group_id2_0_0_, contacts0_.id as id1_0_0_, contactdat1_.id as id1_1_1_, contactdat1_.address as address2_1_1_, contactdat1_.bmonth as bmonth3_1_1_, contactdat1_.byear as byear4_1_1_, contactdat1_.email as email5_1_1_, contactdat1_.email2 as email6_1_1_, contactdat1_.email3 as email7_1_1_, contactdat1_.firstname as firstnam8_1_1_, contactdat1_.home as home9_1_1_, contactdat1_.lastname as lastnam10_1_1_, contactdat1_.middlename as middlen11_1_1_, contactdat1_.mobile as mobile12_1_1_, contactdat1_.photo as photo13_1_1_, contactdat1_.work as work14_1_1_ from address_in_groups contacts0_ inner join addressbook contactdat1_ on contacts0_.id=contactdat1_.id where contacts0_.group_id=?
Hibernate: select contacts0_.group_id as group_id2_0_0_, contacts0_.id as id1_0_0_, contactdat1_.id as id1_1_1_, contactdat1_.address as address2_1_1_, contactdat1_.bmonth as bmonth3_1_1_, contactdat1_.byear as byear4_1_1_, contactdat1_.email as email5_1_1_, contactdat1_.email2 as email6_1_1_, contactdat1_.email3 as email7_1_1_, contactdat1_.firstname as firstnam8_1_1_, contactdat1_.home as home9_1_1_, contactdat1_.lastname as lastnam10_1_1_, contactdat1_.middlename as middlen11_1_1_, contactdat1_.mobile as mobile12_1_1_, contactdat1_.photo as photo13_1_1_, contactdat1_.work as work14_1_1_ from address_in_groups contacts0_ inner join addressbook contactdat1_ on contacts0_.id=contactdat1_.id where contacts0_.group_id=?
Hibernate: select contacts0_.group_id as group_id2_0_0_, contacts0_.id as id1_0_0_, contactdat1_.id as id1_1_1_, contactdat1_.address as address2_1_1_, contactdat1_.bmonth as bmonth3_1_1_, contactdat1_.byear as byear4_1_1_, contactdat1_.email as email5_1_1_, contactdat1_.email2 as email6_1_1_, contactdat1_.email3 as email7_1_1_, contactdat1_.firstname as firstnam8_1_1_, contactdat1_.home as home9_1_1_, contactdat1_.lastname as lastnam10_1_1_, contactdat1_.middlename as middlen11_1_1_, contactdat1_.mobile as mobile12_1_1_, contactdat1_.photo as photo13_1_1_, contactdat1_.work as work14_1_1_ from address_in_groups contacts0_ inner join addressbook contactdat1_ on contacts0_.id=contactdat1_.id where contacts0_.group_id=?
Hibernate: select contacts0_.group_id as group_id2_0_0_, contacts0_.id as id1_0_0_, contactdat1_.id as id1_1_1_, contactdat1_.address as address2_1_1_, contactdat1_.bmonth as bmonth3_1_1_, contactdat1_.byear as byear4_1_1_, contactdat1_.email as email5_1_1_, contactdat1_.email2 as email6_1_1_, contactdat1_.email3 as email7_1_1_, contactdat1_.firstname as firstnam8_1_1_, contactdat1_.home as home9_1_1_, contactdat1_.lastname as lastnam10_1_1_, contactdat1_.middlename as middlen11_1_1_, contactdat1_.mobile as mobile12_1_1_, contactdat1_.photo as photo13_1_1_, contactdat1_.work as work14_1_1_ from address_in_groups contacts0_ inner join addressbook contactdat1_ on contacts0_.id=contactdat1_.id where contacts0_.group_id=?
Hibernate: select contacts0_.group_id as group_id2_0_0_, contacts0_.id as id1_0_0_, contactdat1_.id as id1_1_1_, contactdat1_.address as address2_1_1_, contactdat1_.bmonth as bmonth3_1_1_, contactdat1_.byear as byear4_1_1_, contactdat1_.email as email5_1_1_, contactdat1_.email2 as email6_1_1_, contactdat1_.email3 as email7_1_1_, contactdat1_.firstname as firstnam8_1_1_, contactdat1_.home as home9_1_1_, contactdat1_.lastname as lastnam10_1_1_, contactdat1_.middlename as middlen11_1_1_, contactdat1_.mobile as mobile12_1_1_, contactdat1_.photo as photo13_1_1_, contactdat1_.work as work14_1_1_ from address_in_groups contacts0_ inner join addressbook contactdat1_ on contacts0_.id=contactdat1_.id where contacts0_.group_id=?
Hibernate: select contacts0_.group_id as group_id2_0_0_, contacts0_.id as id1_0_0_, contactdat1_.id as id1_1_1_, contactdat1_.address as address2_1_1_, contactdat1_.bmonth as bmonth3_1_1_, contactdat1_.byear as byear4_1_1_, contactdat1_.email as email5_1_1_, contactdat1_.email2 as email6_1_1_, contactdat1_.email3 as email7_1_1_, contactdat1_.firstname as firstnam8_1_1_, contactdat1_.home as home9_1_1_, contactdat1_.lastname as lastnam10_1_1_, contactdat1_.middlename as middlen11_1_1_, contactdat1_.mobile as mobile12_1_1_, contactdat1_.photo as photo13_1_1_, contactdat1_.work as work14_1_1_ from address_in_groups contacts0_ inner join addressbook contactdat1_ on contacts0_.id=contactdat1_.id where contacts0_.group_id=?
Hibernate: select contacts0_.group_id as group_id2_0_0_, contacts0_.id as id1_0_0_, contactdat1_.id as id1_1_1_, contactdat1_.address as address2_1_1_, contactdat1_.bmonth as bmonth3_1_1_, contactdat1_.byear as byear4_1_1_, contactdat1_.email as email5_1_1_, contactdat1_.email2 as email6_1_1_, contactdat1_.email3 as email7_1_1_, contactdat1_.firstname as firstnam8_1_1_, contactdat1_.home as home9_1_1_, contactdat1_.lastname as lastnam10_1_1_, contactdat1_.middlename as middlen11_1_1_, contactdat1_.mobile as mobile12_1_1_, contactdat1_.photo as photo13_1_1_, contactdat1_.work as work14_1_1_ from address_in_groups contacts0_ inner join addressbook contactdat1_ on contacts0_.id=contactdat1_.id where contacts0_.group_id=?
Hibernate: select contacts0_.group_id as group_id2_0_0_, contacts0_.id as id1_0_0_, contactdat1_.id as id1_1_1_, contactdat1_.address as address2_1_1_, contactdat1_.bmonth as bmonth3_1_1_, contactdat1_.byear as byear4_1_1_, contactdat1_.email as email5_1_1_, contactdat1_.email2 as email6_1_1_, contactdat1_.email3 as email7_1_1_, contactdat1_.firstname as firstnam8_1_1_, contactdat1_.home as home9_1_1_, contactdat1_.lastname as lastnam10_1_1_, contactdat1_.middlename as middlen11_1_1_, contactdat1_.mobile as mobile12_1_1_, contactdat1_.photo as photo13_1_1_, contactdat1_.work as work14_1_1_ from address_in_groups contacts0_ inner join addressbook contactdat1_ on contacts0_.id=contactdat1_.id where contacts0_.group_id=?
Hibernate: select contacts0_.group_id as group_id2_0_0_, contacts0_.id as id1_0_0_, contactdat1_.id as id1_1_1_, contactdat1_.address as address2_1_1_, contactdat1_.bmonth as bmonth3_1_1_, contactdat1_.byear as byear4_1_1_, contactdat1_.email as email5_1_1_, contactdat1_.email2 as email6_1_1_, contactdat1_.email3 as email7_1_1_, contactdat1_.firstname as firstnam8_1_1_, contactdat1_.home as home9_1_1_, contactdat1_.lastname as lastnam10_1_1_, contactdat1_.middlename as middlen11_1_1_, contactdat1_.mobile as mobile12_1_1_, contactdat1_.photo as photo13_1_1_, contactdat1_.work as work14_1_1_ from address_in_groups contacts0_ inner join addressbook contactdat1_ on contacts0_.id=contactdat1_.id where contacts0_.group_id=?
Hibernate: select contacts0_.group_id as group_id2_0_0_, contacts0_.id as id1_0_0_, contactdat1_.id as id1_1_1_, contactdat1_.address as address2_1_1_, contactdat1_.bmonth as bmonth3_1_1_, contactdat1_.byear as byear4_1_1_, contactdat1_.email as email5_1_1_, contactdat1_.email2 as email6_1_1_, contactdat1_.email3 as email7_1_1_, contactdat1_.firstname as firstnam8_1_1_, contactdat1_.home as home9_1_1_, contactdat1_.lastname as lastnam10_1_1_, contactdat1_.middlename as middlen11_1_1_, contactdat1_.mobile as mobile12_1_1_, contactdat1_.photo as photo13_1_1_, contactdat1_.work as work14_1_1_ from address_in_groups contacts0_ inner join addressbook contactdat1_ on contacts0_.id=contactdat1_.id where contacts0_.group_id=?
Hibernate: select contacts0_.group_id as group_id2_0_0_, contacts0_.id as id1_0_0_, contactdat1_.id as id1_1_1_, contactdat1_.address as address2_1_1_, contactdat1_.bmonth as bmonth3_1_1_, contactdat1_.byear as byear4_1_1_, contactdat1_.email as email5_1_1_, contactdat1_.email2 as email6_1_1_, contactdat1_.email3 as email7_1_1_, contactdat1_.firstname as firstnam8_1_1_, contactdat1_.home as home9_1_1_, contactdat1_.lastname as lastnam10_1_1_, contactdat1_.middlename as middlen11_1_1_, contactdat1_.mobile as mobile12_1_1_, contactdat1_.photo as photo13_1_1_, contactdat1_.work as work14_1_1_ from address_in_groups contacts0_ inner join addressbook contactdat1_ on contacts0_.id=contactdat1_.id where contacts0_.group_id=?
Hibernate: select contacts0_.group_id as group_id2_0_0_, contacts0_.id as id1_0_0_, contactdat1_.id as id1_1_1_, contactdat1_.address as address2_1_1_, contactdat1_.bmonth as bmonth3_1_1_, contactdat1_.byear as byear4_1_1_, contactdat1_.email as email5_1_1_, contactdat1_.email2 as email6_1_1_, contactdat1_.email3 as email7_1_1_, contactdat1_.firstname as firstnam8_1_1_, contactdat1_.home as home9_1_1_, contactdat1_.lastname as lastnam10_1_1_, contactdat1_.middlename as middlen11_1_1_, contactdat1_.mobile as mobile12_1_1_, contactdat1_.photo as photo13_1_1_, contactdat1_.work as work14_1_1_ from address_in_groups contacts0_ inner join addressbook contactdat1_ on contacts0_.id=contactdat1_.id where contacts0_.group_id=?
Hibernate: select contacts0_.group_id as group_id2_0_0_, contacts0_.id as id1_0_0_, contactdat1_.id as id1_1_1_, contactdat1_.address as address2_1_1_, contactdat1_.bmonth as bmonth3_1_1_, contactdat1_.byear as byear4_1_1_, contactdat1_.email as email5_1_1_, contactdat1_.email2 as email6_1_1_, contactdat1_.email3 as email7_1_1_, contactdat1_.firstname as firstnam8_1_1_, contactdat1_.home as home9_1_1_, contactdat1_.lastname as lastnam10_1_1_, contactdat1_.middlename as middlen11_1_1_, contactdat1_.mobile as mobile12_1_1_, contactdat1_.photo as photo13_1_1_, contactdat1_.work as work14_1_1_ from address_in_groups contacts0_ inner join addressbook contactdat1_ on contacts0_.id=contactdat1_.id where contacts0_.group_id=?
Hibernate: select contacts0_.group_id as group_id2_0_0_, contacts0_.id as id1_0_0_, contactdat1_.id as id1_1_1_, contactdat1_.address as address2_1_1_, contactdat1_.bmonth as bmonth3_1_1_, contactdat1_.byear as byear4_1_1_, contactdat1_.email as email5_1_1_, contactdat1_.email2 as email6_1_1_, contactdat1_.email3 as email7_1_1_, contactdat1_.firstname as firstnam8_1_1_, contactdat1_.home as home9_1_1_, contactdat1_.lastname as lastnam10_1_1_, contactdat1_.middlename as middlen11_1_1_, contactdat1_.mobile as mobile12_1_1_, contactdat1_.photo as photo13_1_1_, contactdat1_.work as work14_1_1_ from address_in_groups contacts0_ inner join addressbook contactdat1_ on contacts0_.id=contactdat1_.id where contacts0_.group_id=?
Hibernate: select contacts0_.group_id as group_id2_0_0_, contacts0_.id as id1_0_0_, contactdat1_.id as id1_1_1_, contactdat1_.address as address2_1_1_, contactdat1_.bmonth as bmonth3_1_1_, contactdat1_.byear as byear4_1_1_, contactdat1_.email as email5_1_1_, contactdat1_.email2 as email6_1_1_, contactdat1_.email3 as email7_1_1_, contactdat1_.firstname as firstnam8_1_1_, contactdat1_.home as home9_1_1_, contactdat1_.lastname as lastnam10_1_1_, contactdat1_.middlename as middlen11_1_1_, contactdat1_.mobile as mobile12_1_1_, contactdat1_.photo as photo13_1_1_, contactdat1_.work as work14_1_1_ from address_in_groups contacts0_ inner join addressbook contactdat1_ on contacts0_.id=contactdat1_.id where contacts0_.group_id=?
Hibernate: select contacts0_.group_id as group_id2_0_0_, contacts0_.id as id1_0_0_, contactdat1_.id as id1_1_1_, contactdat1_.address as address2_1_1_, contactdat1_.bmonth as bmonth3_1_1_, contactdat1_.byear as byear4_1_1_, contactdat1_.email as email5_1_1_, contactdat1_.email2 as email6_1_1_, contactdat1_.email3 as email7_1_1_, contactdat1_.firstname as firstnam8_1_1_, contactdat1_.home as home9_1_1_, contactdat1_.lastname as lastnam10_1_1_, contactdat1_.middlename as middlen11_1_1_, contactdat1_.mobile as mobile12_1_1_, contactdat1_.photo as photo13_1_1_, contactdat1_.work as work14_1_1_ from address_in_groups contacts0_ inner join addressbook contactdat1_ on contacts0_.id=contactdat1_.id where contacts0_.group_id=?
Hibernate: select contacts0_.group_id as group_id2_0_0_, contacts0_.id as id1_0_0_, contactdat1_.id as id1_1_1_, contactdat1_.address as address2_1_1_, contactdat1_.bmonth as bmonth3_1_1_, contactdat1_.byear as byear4_1_1_, contactdat1_.email as email5_1_1_, contactdat1_.email2 as email6_1_1_, contactdat1_.email3 as email7_1_1_, contactdat1_.firstname as firstnam8_1_1_, contactdat1_.home as home9_1_1_, contactdat1_.lastname as lastnam10_1_1_, contactdat1_.middlename as middlen11_1_1_, contactdat1_.mobile as mobile12_1_1_, contactdat1_.photo as photo13_1_1_, contactdat1_.work as work14_1_1_ from address_in_groups contacts0_ inner join addressbook contactdat1_ on contacts0_.id=contactdat1_.id where contacts0_.group_id=?
Hibernate: select contacts0_.group_id as group_id2_0_0_, contacts0_.id as id1_0_0_, contactdat1_.id as id1_1_1_, contactdat1_.address as address2_1_1_, contactdat1_.bmonth as bmonth3_1_1_, contactdat1_.byear as byear4_1_1_, contactdat1_.email as email5_1_1_, contactdat1_.email2 as email6_1_1_, contactdat1_.email3 as email7_1_1_, contactdat1_.firstname as firstnam8_1_1_, contactdat1_.home as home9_1_1_, contactdat1_.lastname as lastnam10_1_1_, contactdat1_.middlename as middlen11_1_1_, contactdat1_.mobile as mobile12_1_1_, contactdat1_.photo as photo13_1_1_, contactdat1_.work as work14_1_1_ from address_in_groups contacts0_ inner join addressbook contactdat1_ on contacts0_.id=contactdat1_.id where contacts0_.group_id=?
Hibernate: select contacts0_.group_id as group_id2_0_0_, contacts0_.id as id1_0_0_, contactdat1_.id as id1_1_1_, contactdat1_.address as address2_1_1_, contactdat1_.bmonth as bmonth3_1_1_, contactdat1_.byear as byear4_1_1_, contactdat1_.email as email5_1_1_, contactdat1_.email2 as email6_1_1_, contactdat1_.email3 as email7_1_1_, contactdat1_.firstname as firstnam8_1_1_, contactdat1_.home as home9_1_1_, contactdat1_.lastname as lastnam10_1_1_, contactdat1_.middlename as middlen11_1_1_, contactdat1_.mobile as mobile12_1_1_, contactdat1_.photo as photo13_1_1_, contactdat1_.work as work14_1_1_ from address_in_groups contacts0_ inner join addressbook contactdat1_ on contacts0_.id=contactdat1_.id where contacts0_.group_id=?
Hibernate: select contacts0_.group_id as group_id2_0_0_, contacts0_.id as id1_0_0_, contactdat1_.id as id1_1_1_, contactdat1_.address as address2_1_1_, contactdat1_.bmonth as bmonth3_1_1_, contactdat1_.byear as byear4_1_1_, contactdat1_.email as email5_1_1_, contactdat1_.email2 as email6_1_1_, contactdat1_.email3 as email7_1_1_, contactdat1_.firstname as firstnam8_1_1_, contactdat1_.home as home9_1_1_, contactdat1_.lastname as lastnam10_1_1_, contactdat1_.middlename as middlen11_1_1_, contactdat1_.mobile as mobile12_1_1_, contactdat1_.photo as photo13_1_1_, contactdat1_.work as work14_1_1_ from address_in_groups contacts0_ inner join addressbook contactdat1_ on contacts0_.id=contactdat1_.id where contacts0_.group_id=?
Hibernate: select contacts0_.group_id as group_id2_0_0_, contacts0_.id as id1_0_0_, contactdat1_.id as id1_1_1_, contactdat1_.address as address2_1_1_, contactdat1_.bmonth as bmonth3_1_1_, contactdat1_.byear as byear4_1_1_, contactdat1_.email as email5_1_1_, contactdat1_.email2 as email6_1_1_, contactdat1_.email3 as email7_1_1_, contactdat1_.firstname as firstnam8_1_1_, contactdat1_.home as home9_1_1_, contactdat1_.lastname as lastnam10_1_1_, contactdat1_.middlename as middlen11_1_1_, contactdat1_.mobile as mobile12_1_1_, contactdat1_.photo as photo13_1_1_, contactdat1_.work as work14_1_1_ from address_in_groups contacts0_ inner join addressbook contactdat1_ on contacts0_.id=contactdat1_.id where contacts0_.group_id=?
Hibernate: select contacts0_.group_id as group_id2_0_0_, contacts0_.id as id1_0_0_, contactdat1_.id as id1_1_1_, contactdat1_.address as address2_1_1_, contactdat1_.bmonth as bmonth3_1_1_, contactdat1_.byear as byear4_1_1_, contactdat1_.email as email5_1_1_, contactdat1_.email2 as email6_1_1_, contactdat1_.email3 as email7_1_1_, contactdat1_.firstname as firstnam8_1_1_, contactdat1_.home as home9_1_1_, contactdat1_.lastname as lastnam10_1_1_, contactdat1_.middlename as middlen11_1_1_, contactdat1_.mobile as mobile12_1_1_, contactdat1_.photo as photo13_1_1_, contactdat1_.work as work14_1_1_ from address_in_groups contacts0_ inner join addressbook contactdat1_ on contacts0_.id=contactdat1_.id where contacts0_.group_id=?
Hibernate: select contacts0_.group_id as group_id2_0_0_, contacts0_.id as id1_0_0_, contactdat1_.id as id1_1_1_, contactdat1_.address as address2_1_1_, contactdat1_.bmonth as bmonth3_1_1_, contactdat1_.byear as byear4_1_1_, contactdat1_.email as email5_1_1_, contactdat1_.email2 as email6_1_1_, contactdat1_.email3 as email7_1_1_, contactdat1_.firstname as firstnam8_1_1_, contactdat1_.home as home9_1_1_, contactdat1_.lastname as lastnam10_1_1_, contactdat1_.middlename as middlen11_1_1_, contactdat1_.mobile as mobile12_1_1_, contactdat1_.photo as photo13_1_1_, contactdat1_.work as work14_1_1_ from address_in_groups contacts0_ inner join addressbook contactdat1_ on contacts0_.id=contactdat1_.id where contacts0_.group_id=?
Hibernate: select contacts0_.group_id as group_id2_0_0_, contacts0_.id as id1_0_0_, contactdat1_.id as id1_1_1_, contactdat1_.address as address2_1_1_, contactdat1_.bmonth as bmonth3_1_1_, contactdat1_.byear as byear4_1_1_, contactdat1_.email as email5_1_1_, contactdat1_.email2 as email6_1_1_, contactdat1_.email3 as email7_1_1_, contactdat1_.firstname as firstnam8_1_1_, contactdat1_.home as home9_1_1_, contactdat1_.lastname as lastnam10_1_1_, contactdat1_.middlename as middlen11_1_1_, contactdat1_.mobile as mobile12_1_1_, contactdat1_.photo as photo13_1_1_, contactdat1_.work as work14_1_1_ from address_in_groups contacts0_ inner join addressbook contactdat1_ on contacts0_.id=contactdat1_.id where contacts0_.group_id=?
22:10:54.017 [Test worker] INFO  r.s.pft.addressbook.tests.TestBase - End testtestGroupCreation
22:10:54.017 [Test worker] INFO  r.s.pft.addressbook.tests.TestBase - Start testtestGroupCreation with parameters [GroupData{id='0', name='test 8'}]
Hibernate: select groupdata0_.group_id as group_id1_2_, groupdata0_.group_footer as group_fo2_2_, groupdata0_.group_header as group_he3_2_, groupdata0_.group_name as group_na4_2_ from group_list groupdata0_
Hibernate: select contacts0_.group_id as group_id2_0_0_, contacts0_.id as id1_0_0_, contactdat1_.id as id1_1_1_, contactdat1_.address as address2_1_1_, contactdat1_.bmonth as bmonth3_1_1_, contactdat1_.byear as byear4_1_1_, contactdat1_.email as email5_1_1_, contactdat1_.email2 as email6_1_1_, contactdat1_.email3 as email7_1_1_, contactdat1_.firstname as firstnam8_1_1_, contactdat1_.home as home9_1_1_, contactdat1_.lastname as lastnam10_1_1_, contactdat1_.middlename as middlen11_1_1_, contactdat1_.mobile as mobile12_1_1_, contactdat1_.photo as photo13_1_1_, contactdat1_.work as work14_1_1_ from address_in_groups contacts0_ inner join addressbook contactdat1_ on contacts0_.id=contactdat1_.id where contacts0_.group_id=?
Hibernate: select contacts0_.group_id as group_id2_0_0_, contacts0_.id as id1_0_0_, contactdat1_.id as id1_1_1_, contactdat1_.address as address2_1_1_, contactdat1_.bmonth as bmonth3_1_1_, contactdat1_.byear as byear4_1_1_, contactdat1_.email as email5_1_1_, contactdat1_.email2 as email6_1_1_, contactdat1_.email3 as email7_1_1_, contactdat1_.firstname as firstnam8_1_1_, contactdat1_.home as home9_1_1_, contactdat1_.lastname as lastnam10_1_1_, contactdat1_.middlename as middlen11_1_1_, contactdat1_.mobile as mobile12_1_1_, contactdat1_.photo as photo13_1_1_, contactdat1_.work as work14_1_1_ from address_in_groups contacts0_ inner join addressbook contactdat1_ on contacts0_.id=contactdat1_.id where contacts0_.group_id=?
Hibernate: select contacts0_.group_id as group_id2_0_0_, contacts0_.id as id1_0_0_, contactdat1_.id as id1_1_1_, contactdat1_.address as address2_1_1_, contactdat1_.bmonth as bmonth3_1_1_, contactdat1_.byear as byear4_1_1_, contactdat1_.email as email5_1_1_, contactdat1_.email2 as email6_1_1_, contactdat1_.email3 as email7_1_1_, contactdat1_.firstname as firstnam8_1_1_, contactdat1_.home as home9_1_1_, contactdat1_.lastname as lastnam10_1_1_, contactdat1_.middlename as middlen11_1_1_, contactdat1_.mobile as mobile12_1_1_, contactdat1_.photo as photo13_1_1_, contactdat1_.work as work14_1_1_ from address_in_groups contacts0_ inner join addressbook contactdat1_ on contacts0_.id=contactdat1_.id where contacts0_.group_id=?
Hibernate: select contacts0_.group_id as group_id2_0_0_, contacts0_.id as id1_0_0_, contactdat1_.id as id1_1_1_, contactdat1_.address as address2_1_1_, contactdat1_.bmonth as bmonth3_1_1_, contactdat1_.byear as byear4_1_1_, contactdat1_.email as email5_1_1_, contactdat1_.email2 as email6_1_1_, contactdat1_.email3 as email7_1_1_, contactdat1_.firstname as firstnam8_1_1_, contactdat1_.home as home9_1_1_, contactdat1_.lastname as lastnam10_1_1_, contactdat1_.middlename as middlen11_1_1_, contactdat1_.mobile as mobile12_1_1_, contactdat1_.photo as photo13_1_1_, contactdat1_.work as work14_1_1_ from address_in_groups contacts0_ inner join addressbook contactdat1_ on contacts0_.id=contactdat1_.id where contacts0_.group_id=?
Hibernate: select contacts0_.group_id as group_id2_0_0_, contacts0_.id as id1_0_0_, contactdat1_.id as id1_1_1_, contactdat1_.address as address2_1_1_, contactdat1_.bmonth as bmonth3_1_1_, contactdat1_.byear as byear4_1_1_, contactdat1_.email as email5_1_1_, contactdat1_.email2 as email6_1_1_, contactdat1_.email3 as email7_1_1_, contactdat1_.firstname as firstnam8_1_1_, contactdat1_.home as home9_1_1_, contactdat1_.lastname as lastnam10_1_1_, contactdat1_.middlename as middlen11_1_1_, contactdat1_.mobile as mobile12_1_1_, contactdat1_.photo as photo13_1_1_, contactdat1_.work as work14_1_1_ from address_in_groups contacts0_ inner join addressbook contactdat1_ on contacts0_.id=contactdat1_.id where contacts0_.group_id=?
Hibernate: select contacts0_.group_id as group_id2_0_0_, contacts0_.id as id1_0_0_, contactdat1_.id as id1_1_1_, contactdat1_.address as address2_1_1_, contactdat1_.bmonth as bmonth3_1_1_, contactdat1_.byear as byear4_1_1_, contactdat1_.email as email5_1_1_, contactdat1_.email2 as email6_1_1_, contactdat1_.email3 as email7_1_1_, contactdat1_.firstname as firstnam8_1_1_, contactdat1_.home as home9_1_1_, contactdat1_.lastname as lastnam10_1_1_, contactdat1_.middlename as middlen11_1_1_, contactdat1_.mobile as mobile12_1_1_, contactdat1_.photo as photo13_1_1_, contactdat1_.work as work14_1_1_ from address_in_groups contacts0_ inner join addressbook contactdat1_ on contacts0_.id=contactdat1_.id where contacts0_.group_id=?
Hibernate: select contacts0_.group_id as group_id2_0_0_, contacts0_.id as id1_0_0_, contactdat1_.id as id1_1_1_, contactdat1_.address as address2_1_1_, contactdat1_.bmonth as bmonth3_1_1_, contactdat1_.byear as byear4_1_1_, contactdat1_.email as email5_1_1_, contactdat1_.email2 as email6_1_1_, contactdat1_.email3 as email7_1_1_, contactdat1_.firstname as firstnam8_1_1_, contactdat1_.home as home9_1_1_, contactdat1_.lastname as lastnam10_1_1_, contactdat1_.middlename as middlen11_1_1_, contactdat1_.mobile as mobile12_1_1_, contactdat1_.photo as photo13_1_1_, contactdat1_.work as work14_1_1_ from address_in_groups contacts0_ inner join addressbook contactdat1_ on contacts0_.id=contactdat1_.id where contacts0_.group_id=?
Hibernate: select contacts0_.group_id as group_id2_0_0_, contacts0_.id as id1_0_0_, contactdat1_.id as id1_1_1_, contactdat1_.address as address2_1_1_, contactdat1_.bmonth as bmonth3_1_1_, contactdat1_.byear as byear4_1_1_, contactdat1_.email as email5_1_1_, contactdat1_.email2 as email6_1_1_, contactdat1_.email3 as email7_1_1_, contactdat1_.firstname as firstnam8_1_1_, contactdat1_.home as home9_1_1_, contactdat1_.lastname as lastnam10_1_1_, contactdat1_.middlename as middlen11_1_1_, contactdat1_.mobile as mobile12_1_1_, contactdat1_.photo as photo13_1_1_, contactdat1_.work as work14_1_1_ from address_in_groups contacts0_ inner join addressbook contactdat1_ on contacts0_.id=contactdat1_.id where contacts0_.group_id=?
Hibernate: select contacts0_.group_id as group_id2_0_0_, contacts0_.id as id1_0_0_, contactdat1_.id as id1_1_1_, contactdat1_.address as address2_1_1_, contactdat1_.bmonth as bmonth3_1_1_, contactdat1_.byear as byear4_1_1_, contactdat1_.email as email5_1_1_, contactdat1_.email2 as email6_1_1_, contactdat1_.email3 as email7_1_1_, contactdat1_.firstname as firstnam8_1_1_, contactdat1_.home as home9_1_1_, contactdat1_.lastname as lastnam10_1_1_, contactdat1_.middlename as middlen11_1_1_, contactdat1_.mobile as mobile12_1_1_, contactdat1_.photo as photo13_1_1_, contactdat1_.work as work14_1_1_ from address_in_groups contacts0_ inner join addressbook contactdat1_ on contacts0_.id=contactdat1_.id where contacts0_.group_id=?
Hibernate: select contacts0_.group_id as group_id2_0_0_, contacts0_.id as id1_0_0_, contactdat1_.id as id1_1_1_, contactdat1_.address as address2_1_1_, contactdat1_.bmonth as bmonth3_1_1_, contactdat1_.byear as byear4_1_1_, contactdat1_.email as email5_1_1_, contactdat1_.email2 as email6_1_1_, contactdat1_.email3 as email7_1_1_, contactdat1_.firstname as firstnam8_1_1_, contactdat1_.home as home9_1_1_, contactdat1_.lastname as lastnam10_1_1_, contactdat1_.middlename as middlen11_1_1_, contactdat1_.mobile as mobile12_1_1_, contactdat1_.photo as photo13_1_1_, contactdat1_.work as work14_1_1_ from address_in_groups contacts0_ inner join addressbook contactdat1_ on contacts0_.id=contactdat1_.id where contacts0_.group_id=?
Hibernate: select contacts0_.group_id as group_id2_0_0_, contacts0_.id as id1_0_0_, contactdat1_.id as id1_1_1_, contactdat1_.address as address2_1_1_, contactdat1_.bmonth as bmonth3_1_1_, contactdat1_.byear as byear4_1_1_, contactdat1_.email as email5_1_1_, contactdat1_.email2 as email6_1_1_, contactdat1_.email3 as email7_1_1_, contactdat1_.firstname as firstnam8_1_1_, contactdat1_.home as home9_1_1_, contactdat1_.lastname as lastnam10_1_1_, contactdat1_.middlename as middlen11_1_1_, contactdat1_.mobile as mobile12_1_1_, contactdat1_.photo as photo13_1_1_, contactdat1_.work as work14_1_1_ from address_in_groups contacts0_ inner join addressbook contactdat1_ on contacts0_.id=contactdat1_.id where contacts0_.group_id=?
Hibernate: select contacts0_.group_id as group_id2_0_0_, contacts0_.id as id1_0_0_, contactdat1_.id as id1_1_1_, contactdat1_.address as address2_1_1_, contactdat1_.bmonth as bmonth3_1_1_, contactdat1_.byear as byear4_1_1_, contactdat1_.email as email5_1_1_, contactdat1_.email2 as email6_1_1_, contactdat1_.email3 as email7_1_1_, contactdat1_.firstname as firstnam8_1_1_, contactdat1_.home as home9_1_1_, contactdat1_.lastname as lastnam10_1_1_, contactdat1_.middlename as middlen11_1_1_, contactdat1_.mobile as mobile12_1_1_, contactdat1_.photo as photo13_1_1_, contactdat1_.work as work14_1_1_ from address_in_groups contacts0_ inner join addressbook contactdat1_ on contacts0_.id=contactdat1_.id where contacts0_.group_id=?
Hibernate: select contacts0_.group_id as group_id2_0_0_, contacts0_.id as id1_0_0_, contactdat1_.id as id1_1_1_, contactdat1_.address as address2_1_1_, contactdat1_.bmonth as bmonth3_1_1_, contactdat1_.byear as byear4_1_1_, contactdat1_.email as email5_1_1_, contactdat1_.email2 as email6_1_1_, contactdat1_.email3 as email7_1_1_, contactdat1_.firstname as firstnam8_1_1_, contactdat1_.home as home9_1_1_, contactdat1_.lastname as lastnam10_1_1_, contactdat1_.middlename as middlen11_1_1_, contactdat1_.mobile as mobile12_1_1_, contactdat1_.photo as photo13_1_1_, contactdat1_.work as work14_1_1_ from address_in_groups contacts0_ inner join addressbook contactdat1_ on contacts0_.id=contactdat1_.id where contacts0_.group_id=?
Hibernate: select contacts0_.group_id as group_id2_0_0_, contacts0_.id as id1_0_0_, contactdat1_.id as id1_1_1_, contactdat1_.address as address2_1_1_, contactdat1_.bmonth as bmonth3_1_1_, contactdat1_.byear as byear4_1_1_, contactdat1_.email as email5_1_1_, contactdat1_.email2 as email6_1_1_, contactdat1_.email3 as email7_1_1_, contactdat1_.firstname as firstnam8_1_1_, contactdat1_.home as home9_1_1_, contactdat1_.lastname as lastnam10_1_1_, contactdat1_.middlename as middlen11_1_1_, contactdat1_.mobile as mobile12_1_1_, contactdat1_.photo as photo13_1_1_, contactdat1_.work as work14_1_1_ from address_in_groups contacts0_ inner join addressbook contactdat1_ on contacts0_.id=contactdat1_.id where contacts0_.group_id=?
Hibernate: select contacts0_.group_id as group_id2_0_0_, contacts0_.id as id1_0_0_, contactdat1_.id as id1_1_1_, contactdat1_.address as address2_1_1_, contactdat1_.bmonth as bmonth3_1_1_, contactdat1_.byear as byear4_1_1_, contactdat1_.email as email5_1_1_, contactdat1_.email2 as email6_1_1_, contactdat1_.email3 as email7_1_1_, contactdat1_.firstname as firstnam8_1_1_, contactdat1_.home as home9_1_1_, contactdat1_.lastname as lastnam10_1_1_, contactdat1_.middlename as middlen11_1_1_, contactdat1_.mobile as mobile12_1_1_, contactdat1_.photo as photo13_1_1_, contactdat1_.work as work14_1_1_ from address_in_groups contacts0_ inner join addressbook contactdat1_ on contacts0_.id=contactdat1_.id where contacts0_.group_id=?
Hibernate: select contacts0_.group_id as group_id2_0_0_, contacts0_.id as id1_0_0_, contactdat1_.id as id1_1_1_, contactdat1_.address as address2_1_1_, contactdat1_.bmonth as bmonth3_1_1_, contactdat1_.byear as byear4_1_1_, contactdat1_.email as email5_1_1_, contactdat1_.email2 as email6_1_1_, contactdat1_.email3 as email7_1_1_, contactdat1_.firstname as firstnam8_1_1_, contactdat1_.home as home9_1_1_, contactdat1_.lastname as lastnam10_1_1_, contactdat1_.middlename as middlen11_1_1_, contactdat1_.mobile as mobile12_1_1_, contactdat1_.photo as photo13_1_1_, contactdat1_.work as work14_1_1_ from address_in_groups contacts0_ inner join addressbook contactdat1_ on contacts0_.id=contactdat1_.id where contacts0_.group_id=?
Hibernate: select contacts0_.group_id as group_id2_0_0_, contacts0_.id as id1_0_0_, contactdat1_.id as id1_1_1_, contactdat1_.address as address2_1_1_, contactdat1_.bmonth as bmonth3_1_1_, contactdat1_.byear as byear4_1_1_, contactdat1_.email as email5_1_1_, contactdat1_.email2 as email6_1_1_, contactdat1_.email3 as email7_1_1_, contactdat1_.firstname as firstnam8_1_1_, contactdat1_.home as home9_1_1_, contactdat1_.lastname as lastnam10_1_1_, contactdat1_.middlename as middlen11_1_1_, contactdat1_.mobile as mobile12_1_1_, contactdat1_.photo as photo13_1_1_, contactdat1_.work as work14_1_1_ from address_in_groups contacts0_ inner join addressbook contactdat1_ on contacts0_.id=contactdat1_.id where contacts0_.group_id=?
Hibernate: select contacts0_.group_id as group_id2_0_0_, contacts0_.id as id1_0_0_, contactdat1_.id as id1_1_1_, contactdat1_.address as address2_1_1_, contactdat1_.bmonth as bmonth3_1_1_, contactdat1_.byear as byear4_1_1_, contactdat1_.email as email5_1_1_, contactdat1_.email2 as email6_1_1_, contactdat1_.email3 as email7_1_1_, contactdat1_.firstname as firstnam8_1_1_, contactdat1_.home as home9_1_1_, contactdat1_.lastname as lastnam10_1_1_, contactdat1_.middlename as middlen11_1_1_, contactdat1_.mobile as mobile12_1_1_, contactdat1_.photo as photo13_1_1_, contactdat1_.work as work14_1_1_ from address_in_groups contacts0_ inner join addressbook contactdat1_ on contacts0_.id=contactdat1_.id where contacts0_.group_id=?
Hibernate: select contacts0_.group_id as group_id2_0_0_, contacts0_.id as id1_0_0_, contactdat1_.id as id1_1_1_, contactdat1_.address as address2_1_1_, contactdat1_.bmonth as bmonth3_1_1_, contactdat1_.byear as byear4_1_1_, contactdat1_.email as email5_1_1_, contactdat1_.email2 as email6_1_1_, contactdat1_.email3 as email7_1_1_, contactdat1_.firstname as firstnam8_1_1_, contactdat1_.home as home9_1_1_, contactdat1_.lastname as lastnam10_1_1_, contactdat1_.middlename as middlen11_1_1_, contactdat1_.mobile as mobile12_1_1_, contactdat1_.photo as photo13_1_1_, contactdat1_.work as work14_1_1_ from address_in_groups contacts0_ inner join addressbook contactdat1_ on contacts0_.id=contactdat1_.id where contacts0_.group_id=?
Hibernate: select contacts0_.group_id as group_id2_0_0_, contacts0_.id as id1_0_0_, contactdat1_.id as id1_1_1_, contactdat1_.address as address2_1_1_, contactdat1_.bmonth as bmonth3_1_1_, contactdat1_.byear as byear4_1_1_, contactdat1_.email as email5_1_1_, contactdat1_.email2 as email6_1_1_, contactdat1_.email3 as email7_1_1_, contactdat1_.firstname as firstnam8_1_1_, contactdat1_.home as home9_1_1_, contactdat1_.lastname as lastnam10_1_1_, contactdat1_.middlename as middlen11_1_1_, contactdat1_.mobile as mobile12_1_1_, contactdat1_.photo as photo13_1_1_, contactdat1_.work as work14_1_1_ from address_in_groups contacts0_ inner join addressbook contactdat1_ on contacts0_.id=contactdat1_.id where contacts0_.group_id=?
Hibernate: select contacts0_.group_id as group_id2_0_0_, contacts0_.id as id1_0_0_, contactdat1_.id as id1_1_1_, contactdat1_.address as address2_1_1_, contactdat1_.bmonth as bmonth3_1_1_, contactdat1_.byear as byear4_1_1_, contactdat1_.email as email5_1_1_, contactdat1_.email2 as email6_1_1_, contactdat1_.email3 as email7_1_1_, contactdat1_.firstname as firstnam8_1_1_, contactdat1_.home as home9_1_1_, contactdat1_.lastname as lastnam10_1_1_, contactdat1_.middlename as middlen11_1_1_, contactdat1_.mobile as mobile12_1_1_, contactdat1_.photo as photo13_1_1_, contactdat1_.work as work14_1_1_ from address_in_groups contacts0_ inner join addressbook contactdat1_ on contacts0_.id=contactdat1_.id where contacts0_.group_id=?
Hibernate: select contacts0_.group_id as group_id2_0_0_, contacts0_.id as id1_0_0_, contactdat1_.id as id1_1_1_, contactdat1_.address as address2_1_1_, contactdat1_.bmonth as bmonth3_1_1_, contactdat1_.byear as byear4_1_1_, contactdat1_.email as email5_1_1_, contactdat1_.email2 as email6_1_1_, contactdat1_.email3 as email7_1_1_, contactdat1_.firstname as firstnam8_1_1_, contactdat1_.home as home9_1_1_, contactdat1_.lastname as lastnam10_1_1_, contactdat1_.middlename as middlen11_1_1_, contactdat1_.mobile as mobile12_1_1_, contactdat1_.photo as photo13_1_1_, contactdat1_.work as work14_1_1_ from address_in_groups contacts0_ inner join addressbook contactdat1_ on contacts0_.id=contactdat1_.id where contacts0_.group_id=?
Hibernate: select contacts0_.group_id as group_id2_0_0_, contacts0_.id as id1_0_0_, contactdat1_.id as id1_1_1_, contactdat1_.address as address2_1_1_, contactdat1_.bmonth as bmonth3_1_1_, contactdat1_.byear as byear4_1_1_, contactdat1_.email as email5_1_1_, contactdat1_.email2 as email6_1_1_, contactdat1_.email3 as email7_1_1_, contactdat1_.firstname as firstnam8_1_1_, contactdat1_.home as home9_1_1_, contactdat1_.lastname as lastnam10_1_1_, contactdat1_.middlename as middlen11_1_1_, contactdat1_.mobile as mobile12_1_1_, contactdat1_.photo as photo13_1_1_, contactdat1_.work as work14_1_1_ from address_in_groups contacts0_ inner join addressbook contactdat1_ on contacts0_.id=contactdat1_.id where contacts0_.group_id=?
Hibernate: select contacts0_.group_id as group_id2_0_0_, contacts0_.id as id1_0_0_, contactdat1_.id as id1_1_1_, contactdat1_.address as address2_1_1_, contactdat1_.bmonth as bmonth3_1_1_, contactdat1_.byear as byear4_1_1_, contactdat1_.email as email5_1_1_, contactdat1_.email2 as email6_1_1_, contactdat1_.email3 as email7_1_1_, contactdat1_.firstname as firstnam8_1_1_, contactdat1_.home as home9_1_1_, contactdat1_.lastname as lastnam10_1_1_, contactdat1_.middlename as middlen11_1_1_, contactdat1_.mobile as mobile12_1_1_, contactdat1_.photo as photo13_1_1_, contactdat1_.work as work14_1_1_ from address_in_groups contacts0_ inner join addressbook contactdat1_ on contacts0_.id=contactdat1_.id where contacts0_.group_id=?
Hibernate: select contacts0_.group_id as group_id2_0_0_, contacts0_.id as id1_0_0_, contactdat1_.id as id1_1_1_, contactdat1_.address as address2_1_1_, contactdat1_.bmonth as bmonth3_1_1_, contactdat1_.byear as byear4_1_1_, contactdat1_.email as email5_1_1_, contactdat1_.email2 as email6_1_1_, contactdat1_.email3 as email7_1_1_, contactdat1_.firstname as firstnam8_1_1_, contactdat1_.home as home9_1_1_, contactdat1_.lastname as lastnam10_1_1_, contactdat1_.middlename as middlen11_1_1_, contactdat1_.mobile as mobile12_1_1_, contactdat1_.photo as photo13_1_1_, contactdat1_.work as work14_1_1_ from address_in_groups contacts0_ inner join addressbook contactdat1_ on contacts0_.id=contactdat1_.id where contacts0_.group_id=?
Hibernate: select contacts0_.group_id as group_id2_0_0_, contacts0_.id as id1_0_0_, contactdat1_.id as id1_1_1_, contactdat1_.address as address2_1_1_, contactdat1_.bmonth as bmonth3_1_1_, contactdat1_.byear as byear4_1_1_, contactdat1_.email as email5_1_1_, contactdat1_.email2 as email6_1_1_, contactdat1_.email3 as email7_1_1_, contactdat1_.firstname as firstnam8_1_1_, contactdat1_.home as home9_1_1_, contactdat1_.lastname as lastnam10_1_1_, contactdat1_.middlename as middlen11_1_1_, contactdat1_.mobile as mobile12_1_1_, contactdat1_.photo as photo13_1_1_, contactdat1_.work as work14_1_1_ from address_in_groups contacts0_ inner join addressbook contactdat1_ on contacts0_.id=contactdat1_.id where contacts0_.group_id=?
Hibernate: select contacts0_.group_id as group_id2_0_0_, contacts0_.id as id1_0_0_, contactdat1_.id as id1_1_1_, contactdat1_.address as address2_1_1_, contactdat1_.bmonth as bmonth3_1_1_, contactdat1_.byear as byear4_1_1_, contactdat1_.email as email5_1_1_, contactdat1_.email2 as email6_1_1_, contactdat1_.email3 as email7_1_1_, contactdat1_.firstname as firstnam8_1_1_, contactdat1_.home as home9_1_1_, contactdat1_.lastname as lastnam10_1_1_, contactdat1_.middlename as middlen11_1_1_, contactdat1_.mobile as mobile12_1_1_, contactdat1_.photo as photo13_1_1_, contactdat1_.work as work14_1_1_ from address_in_groups contacts0_ inner join addressbook contactdat1_ on contacts0_.id=contactdat1_.id where contacts0_.group_id=?
Hibernate: select contacts0_.group_id as group_id2_0_0_, contacts0_.id as id1_0_0_, contactdat1_.id as id1_1_1_, contactdat1_.address as address2_1_1_, contactdat1_.bmonth as bmonth3_1_1_, contactdat1_.byear as byear4_1_1_, contactdat1_.email as email5_1_1_, contactdat1_.email2 as email6_1_1_, contactdat1_.email3 as email7_1_1_, contactdat1_.firstname as firstnam8_1_1_, contactdat1_.home as home9_1_1_, contactdat1_.lastname as lastnam10_1_1_, contactdat1_.middlename as middlen11_1_1_, contactdat1_.mobile as mobile12_1_1_, contactdat1_.photo as photo13_1_1_, contactdat1_.work as work14_1_1_ from address_in_groups contacts0_ inner join addressbook contactdat1_ on contacts0_.id=contactdat1_.id where contacts0_.group_id=?
Hibernate: select contacts0_.group_id as group_id2_0_0_, contacts0_.id as id1_0_0_, contactdat1_.id as id1_1_1_, contactdat1_.address as address2_1_1_, contactdat1_.bmonth as bmonth3_1_1_, contactdat1_.byear as byear4_1_1_, contactdat1_.email as email5_1_1_, contactdat1_.email2 as email6_1_1_, contactdat1_.email3 as email7_1_1_, contactdat1_.firstname as firstnam8_1_1_, contactdat1_.home as home9_1_1_, contactdat1_.lastname as lastnam10_1_1_, contactdat1_.middlename as middlen11_1_1_, contactdat1_.mobile as mobile12_1_1_, contactdat1_.photo as photo13_1_1_, contactdat1_.work as work14_1_1_ from address_in_groups contacts0_ inner join addressbook contactdat1_ on contacts0_.id=contactdat1_.id where contacts0_.group_id=?
Hibernate: select contacts0_.group_id as group_id2_0_0_, contacts0_.id as id1_0_0_, contactdat1_.id as id1_1_1_, contactdat1_.address as address2_1_1_, contactdat1_.bmonth as bmonth3_1_1_, contactdat1_.byear as byear4_1_1_, contactdat1_.email as email5_1_1_, contactdat1_.email2 as email6_1_1_, contactdat1_.email3 as email7_1_1_, contactdat1_.firstname as firstnam8_1_1_, contactdat1_.home as home9_1_1_, contactdat1_.lastname as lastnam10_1_1_, contactdat1_.middlename as middlen11_1_1_, contactdat1_.mobile as mobile12_1_1_, contactdat1_.photo as photo13_1_1_, contactdat1_.work as work14_1_1_ from address_in_groups contacts0_ inner join addressbook contactdat1_ on contacts0_.id=contactdat1_.id where contacts0_.group_id=?
Hibernate: select contacts0_.group_id as group_id2_0_0_, contacts0_.id as id1_0_0_, contactdat1_.id as id1_1_1_, contactdat1_.address as address2_1_1_, contactdat1_.bmonth as bmonth3_1_1_, contactdat1_.byear as byear4_1_1_, contactdat1_.email as email5_1_1_, contactdat1_.email2 as email6_1_1_, contactdat1_.email3 as email7_1_1_, contactdat1_.firstname as firstnam8_1_1_, contactdat1_.home as home9_1_1_, contactdat1_.lastname as lastnam10_1_1_, contactdat1_.middlename as middlen11_1_1_, contactdat1_.mobile as mobile12_1_1_, contactdat1_.photo as photo13_1_1_, contactdat1_.work as work14_1_1_ from address_in_groups contacts0_ inner join addressbook contactdat1_ on contacts0_.id=contactdat1_.id where contacts0_.group_id=?
Hibernate: select contacts0_.group_id as group_id2_0_0_, contacts0_.id as id1_0_0_, contactdat1_.id as id1_1_1_, contactdat1_.address as address2_1_1_, contactdat1_.bmonth as bmonth3_1_1_, contactdat1_.byear as byear4_1_1_, contactdat1_.email as email5_1_1_, contactdat1_.email2 as email6_1_1_, contactdat1_.email3 as email7_1_1_, contactdat1_.firstname as firstnam8_1_1_, contactdat1_.home as home9_1_1_, contactdat1_.lastname as lastnam10_1_1_, contactdat1_.middlename as middlen11_1_1_, contactdat1_.mobile as mobile12_1_1_, contactdat1_.photo as photo13_1_1_, contactdat1_.work as work14_1_1_ from address_in_groups contacts0_ inner join addressbook contactdat1_ on contacts0_.id=contactdat1_.id where contacts0_.group_id=?
Hibernate: select contacts0_.group_id as group_id2_0_0_, contacts0_.id as id1_0_0_, contactdat1_.id as id1_1_1_, contactdat1_.address as address2_1_1_, contactdat1_.bmonth as bmonth3_1_1_, contactdat1_.byear as byear4_1_1_, contactdat1_.email as email5_1_1_, contactdat1_.email2 as email6_1_1_, contactdat1_.email3 as email7_1_1_, contactdat1_.firstname as firstnam8_1_1_, contactdat1_.home as home9_1_1_, contactdat1_.lastname as lastnam10_1_1_, contactdat1_.middlename as middlen11_1_1_, contactdat1_.mobile as mobile12_1_1_, contactdat1_.photo as photo13_1_1_, contactdat1_.work as work14_1_1_ from address_in_groups contacts0_ inner join addressbook contactdat1_ on contacts0_.id=contactdat1_.id where contacts0_.group_id=?
Hibernate: select contacts0_.group_id as group_id2_0_0_, contacts0_.id as id1_0_0_, contactdat1_.id as id1_1_1_, contactdat1_.address as address2_1_1_, contactdat1_.bmonth as bmonth3_1_1_, contactdat1_.byear as byear4_1_1_, contactdat1_.email as email5_1_1_, contactdat1_.email2 as email6_1_1_, contactdat1_.email3 as email7_1_1_, contactdat1_.firstname as firstnam8_1_1_, contactdat1_.home as home9_1_1_, contactdat1_.lastname as lastnam10_1_1_, contactdat1_.middlename as middlen11_1_1_, contactdat1_.mobile as mobile12_1_1_, contactdat1_.photo as photo13_1_1_, contactdat1_.work as work14_1_1_ from address_in_groups contacts0_ inner join addressbook contactdat1_ on contacts0_.id=contactdat1_.id where contacts0_.group_id=?
Hibernate: select contacts0_.group_id as group_id2_0_0_, contacts0_.id as id1_0_0_, contactdat1_.id as id1_1_1_, contactdat1_.address as address2_1_1_, contactdat1_.bmonth as bmonth3_1_1_, contactdat1_.byear as byear4_1_1_, contactdat1_.email as email5_1_1_, contactdat1_.email2 as email6_1_1_, contactdat1_.email3 as email7_1_1_, contactdat1_.firstname as firstnam8_1_1_, contactdat1_.home as home9_1_1_, contactdat1_.lastname as lastnam10_1_1_, contactdat1_.middlename as middlen11_1_1_, contactdat1_.mobile as mobile12_1_1_, contactdat1_.photo as photo13_1_1_, contactdat1_.work as work14_1_1_ from address_in_groups contacts0_ inner join addressbook contactdat1_ on contacts0_.id=contactdat1_.id where contacts0_.group_id=?
Hibernate: select contacts0_.group_id as group_id2_0_0_, contacts0_.id as id1_0_0_, contactdat1_.id as id1_1_1_, contactdat1_.address as address2_1_1_, contactdat1_.bmonth as bmonth3_1_1_, contactdat1_.byear as byear4_1_1_, contactdat1_.email as email5_1_1_, contactdat1_.email2 as email6_1_1_, contactdat1_.email3 as email7_1_1_, contactdat1_.firstname as firstnam8_1_1_, contactdat1_.home as home9_1_1_, contactdat1_.lastname as lastnam10_1_1_, contactdat1_.middlename as middlen11_1_1_, contactdat1_.mobile as mobile12_1_1_, contactdat1_.photo as photo13_1_1_, contactdat1_.work as work14_1_1_ from address_in_groups contacts0_ inner join addressbook contactdat1_ on contacts0_.id=contactdat1_.id where contacts0_.group_id=?
Hibernate: select contacts0_.group_id as group_id2_0_0_, contacts0_.id as id1_0_0_, contactdat1_.id as id1_1_1_, contactdat1_.address as address2_1_1_, contactdat1_.bmonth as bmonth3_1_1_, contactdat1_.byear as byear4_1_1_, contactdat1_.email as email5_1_1_, contactdat1_.email2 as email6_1_1_, contactdat1_.email3 as email7_1_1_, contactdat1_.firstname as firstnam8_1_1_, contactdat1_.home as home9_1_1_, contactdat1_.lastname as lastnam10_1_1_, contactdat1_.middlename as middlen11_1_1_, contactdat1_.mobile as mobile12_1_1_, contactdat1_.photo as photo13_1_1_, contactdat1_.work as work14_1_1_ from address_in_groups contacts0_ inner join addressbook contactdat1_ on contacts0_.id=contactdat1_.id where contacts0_.group_id=?
Hibernate: select contacts0_.group_id as group_id2_0_0_, contacts0_.id as id1_0_0_, contactdat1_.id as id1_1_1_, contactdat1_.address as address2_1_1_, contactdat1_.bmonth as bmonth3_1_1_, contactdat1_.byear as byear4_1_1_, contactdat1_.email as email5_1_1_, contactdat1_.email2 as email6_1_1_, contactdat1_.email3 as email7_1_1_, contactdat1_.firstname as firstnam8_1_1_, contactdat1_.home as home9_1_1_, contactdat1_.lastname as lastnam10_1_1_, contactdat1_.middlename as middlen11_1_1_, contactdat1_.mobile as mobile12_1_1_, contactdat1_.photo as photo13_1_1_, contactdat1_.work as work14_1_1_ from address_in_groups contacts0_ inner join addressbook contactdat1_ on contacts0_.id=contactdat1_.id where contacts0_.group_id=?
Hibernate: select contacts0_.group_id as group_id2_0_0_, contacts0_.id as id1_0_0_, contactdat1_.id as id1_1_1_, contactdat1_.address as address2_1_1_, contactdat1_.bmonth as bmonth3_1_1_, contactdat1_.byear as byear4_1_1_, contactdat1_.email as email5_1_1_, contactdat1_.email2 as email6_1_1_, contactdat1_.email3 as email7_1_1_, contactdat1_.firstname as firstnam8_1_1_, contactdat1_.home as home9_1_1_, contactdat1_.lastname as lastnam10_1_1_, contactdat1_.middlename as middlen11_1_1_, contactdat1_.mobile as mobile12_1_1_, contactdat1_.photo as photo13_1_1_, contactdat1_.work as work14_1_1_ from address_in_groups contacts0_ inner join addressbook contactdat1_ on contacts0_.id=contactdat1_.id where contacts0_.group_id=?
Hibernate: select contacts0_.group_id as group_id2_0_0_, contacts0_.id as id1_0_0_, contactdat1_.id as id1_1_1_, contactdat1_.address as address2_1_1_, contactdat1_.bmonth as bmonth3_1_1_, contactdat1_.byear as byear4_1_1_, contactdat1_.email as email5_1_1_, contactdat1_.email2 as email6_1_1_, contactdat1_.email3 as email7_1_1_, contactdat1_.firstname as firstnam8_1_1_, contactdat1_.home as home9_1_1_, contactdat1_.lastname as lastnam10_1_1_, contactdat1_.middlename as middlen11_1_1_, contactdat1_.mobile as mobile12_1_1_, contactdat1_.photo as photo13_1_1_, contactdat1_.work as work14_1_1_ from address_in_groups contacts0_ inner join addressbook contactdat1_ on contacts0_.id=contactdat1_.id where contacts0_.group_id=?
Hibernate: select contacts0_.group_id as group_id2_0_0_, contacts0_.id as id1_0_0_, contactdat1_.id as id1_1_1_, contactdat1_.address as address2_1_1_, contactdat1_.bmonth as bmonth3_1_1_, contactdat1_.byear as byear4_1_1_, contactdat1_.email as email5_1_1_, contactdat1_.email2 as email6_1_1_, contactdat1_.email3 as email7_1_1_, contactdat1_.firstname as firstnam8_1_1_, contactdat1_.home as home9_1_1_, contactdat1_.lastname as lastnam10_1_1_, contactdat1_.middlename as middlen11_1_1_, contactdat1_.mobile as mobile12_1_1_, contactdat1_.photo as photo13_1_1_, contactdat1_.work as work14_1_1_ from address_in_groups contacts0_ inner join addressbook contactdat1_ on contacts0_.id=contactdat1_.id where contacts0_.group_id=?
Hibernate: select contacts0_.group_id as group_id2_0_0_, contacts0_.id as id1_0_0_, contactdat1_.id as id1_1_1_, contactdat1_.address as address2_1_1_, contactdat1_.bmonth as bmonth3_1_1_, contactdat1_.byear as byear4_1_1_, contactdat1_.email as email5_1_1_, contactdat1_.email2 as email6_1_1_, contactdat1_.email3 as email7_1_1_, contactdat1_.firstname as firstnam8_1_1_, contactdat1_.home as home9_1_1_, contactdat1_.lastname as lastnam10_1_1_, contactdat1_.middlename as middlen11_1_1_, contactdat1_.mobile as mobile12_1_1_, contactdat1_.photo as photo13_1_1_, contactdat1_.work as work14_1_1_ from address_in_groups contacts0_ inner join addressbook contactdat1_ on contacts0_.id=contactdat1_.id where contacts0_.group_id=?
Hibernate: select contacts0_.group_id as group_id2_0_0_, contacts0_.id as id1_0_0_, contactdat1_.id as id1_1_1_, contactdat1_.address as address2_1_1_, contactdat1_.bmonth as bmonth3_1_1_, contactdat1_.byear as byear4_1_1_, contactdat1_.email as email5_1_1_, contactdat1_.email2 as email6_1_1_, contactdat1_.email3 as email7_1_1_, contactdat1_.firstname as firstnam8_1_1_, contactdat1_.home as home9_1_1_, contactdat1_.lastname as lastnam10_1_1_, contactdat1_.middlename as middlen11_1_1_, contactdat1_.mobile as mobile12_1_1_, contactdat1_.photo as photo13_1_1_, contactdat1_.work as work14_1_1_ from address_in_groups contacts0_ inner join addressbook contactdat1_ on contacts0_.id=contactdat1_.id where contacts0_.group_id=?
Hibernate: select contacts0_.group_id as group_id2_0_0_, contacts0_.id as id1_0_0_, contactdat1_.id as id1_1_1_, contactdat1_.address as address2_1_1_, contactdat1_.bmonth as bmonth3_1_1_, contactdat1_.byear as byear4_1_1_, contactdat1_.email as email5_1_1_, contactdat1_.email2 as email6_1_1_, contactdat1_.email3 as email7_1_1_, contactdat1_.firstname as firstnam8_1_1_, contactdat1_.home as home9_1_1_, contactdat1_.lastname as lastnam10_1_1_, contactdat1_.middlename as middlen11_1_1_, contactdat1_.mobile as mobile12_1_1_, contactdat1_.photo as photo13_1_1_, contactdat1_.work as work14_1_1_ from address_in_groups contacts0_ inner join addressbook contactdat1_ on contacts0_.id=contactdat1_.id where contacts0_.group_id=?
Hibernate: select contacts0_.group_id as group_id2_0_0_, contacts0_.id as id1_0_0_, contactdat1_.id as id1_1_1_, contactdat1_.address as address2_1_1_, contactdat1_.bmonth as bmonth3_1_1_, contactdat1_.byear as byear4_1_1_, contactdat1_.email as email5_1_1_, contactdat1_.email2 as email6_1_1_, contactdat1_.email3 as email7_1_1_, contactdat1_.firstname as firstnam8_1_1_, contactdat1_.home as home9_1_1_, contactdat1_.lastname as lastnam10_1_1_, contactdat1_.middlename as middlen11_1_1_, contactdat1_.mobile as mobile12_1_1_, contactdat1_.photo as photo13_1_1_, contactdat1_.work as work14_1_1_ from address_in_groups contacts0_ inner join addressbook contactdat1_ on contacts0_.id=contactdat1_.id where contacts0_.group_id=?
Hibernate: select contacts0_.group_id as group_id2_0_0_, contacts0_.id as id1_0_0_, contactdat1_.id as id1_1_1_, contactdat1_.address as address2_1_1_, contactdat1_.bmonth as bmonth3_1_1_, contactdat1_.byear as byear4_1_1_, contactdat1_.email as email5_1_1_, contactdat1_.email2 as email6_1_1_, contactdat1_.email3 as email7_1_1_, contactdat1_.firstname as firstnam8_1_1_, contactdat1_.home as home9_1_1_, contactdat1_.lastname as lastnam10_1_1_, contactdat1_.middlename as middlen11_1_1_, contactdat1_.mobile as mobile12_1_1_, contactdat1_.photo as photo13_1_1_, contactdat1_.work as work14_1_1_ from address_in_groups contacts0_ inner join addressbook contactdat1_ on contacts0_.id=contactdat1_.id where contacts0_.group_id=?
Hibernate: select contacts0_.group_id as group_id2_0_0_, contacts0_.id as id1_0_0_, contactdat1_.id as id1_1_1_, contactdat1_.address as address2_1_1_, contactdat1_.bmonth as bmonth3_1_1_, contactdat1_.byear as byear4_1_1_, contactdat1_.email as email5_1_1_, contactdat1_.email2 as email6_1_1_, contactdat1_.email3 as email7_1_1_, contactdat1_.firstname as firstnam8_1_1_, contactdat1_.home as home9_1_1_, contactdat1_.lastname as lastnam10_1_1_, contactdat1_.middlename as middlen11_1_1_, contactdat1_.mobile as mobile12_1_1_, contactdat1_.photo as photo13_1_1_, contactdat1_.work as work14_1_1_ from address_in_groups contacts0_ inner join addressbook contactdat1_ on contacts0_.id=contactdat1_.id where contacts0_.group_id=?
Hibernate: select contacts0_.group_id as group_id2_0_0_, contacts0_.id as id1_0_0_, contactdat1_.id as id1_1_1_, contactdat1_.address as address2_1_1_, contactdat1_.bmonth as bmonth3_1_1_, contactdat1_.byear as byear4_1_1_, contactdat1_.email as email5_1_1_, contactdat1_.email2 as email6_1_1_, contactdat1_.email3 as email7_1_1_, contactdat1_.firstname as firstnam8_1_1_, contactdat1_.home as home9_1_1_, contactdat1_.lastname as lastnam10_1_1_, contactdat1_.middlename as middlen11_1_1_, contactdat1_.mobile as mobile12_1_1_, contactdat1_.photo as photo13_1_1_, contactdat1_.work as work14_1_1_ from address_in_groups contacts0_ inner join addressbook contactdat1_ on contacts0_.id=contactdat1_.id where contacts0_.group_id=?
Hibernate: select contacts0_.group_id as group_id2_0_0_, contacts0_.id as id1_0_0_, contactdat1_.id as id1_1_1_, contactdat1_.address as address2_1_1_, contactdat1_.bmonth as bmonth3_1_1_, contactdat1_.byear as byear4_1_1_, contactdat1_.email as email5_1_1_, contactdat1_.email2 as email6_1_1_, contactdat1_.email3 as email7_1_1_, contactdat1_.firstname as firstnam8_1_1_, contactdat1_.home as home9_1_1_, contactdat1_.lastname as lastnam10_1_1_, contactdat1_.middlename as middlen11_1_1_, contactdat1_.mobile as mobile12_1_1_, contactdat1_.photo as photo13_1_1_, contactdat1_.work as work14_1_1_ from address_in_groups contacts0_ inner join addressbook contactdat1_ on contacts0_.id=contactdat1_.id where contacts0_.group_id=?
Hibernate: select contacts0_.group_id as group_id2_0_0_, contacts0_.id as id1_0_0_, contactdat1_.id as id1_1_1_, contactdat1_.address as address2_1_1_, contactdat1_.bmonth as bmonth3_1_1_, contactdat1_.byear as byear4_1_1_, contactdat1_.email as email5_1_1_, contactdat1_.email2 as email6_1_1_, contactdat1_.email3 as email7_1_1_, contactdat1_.firstname as firstnam8_1_1_, contactdat1_.home as home9_1_1_, contactdat1_.lastname as lastnam10_1_1_, contactdat1_.middlename as middlen11_1_1_, contactdat1_.mobile as mobile12_1_1_, contactdat1_.photo as photo13_1_1_, contactdat1_.work as work14_1_1_ from address_in_groups contacts0_ inner join addressbook contactdat1_ on contacts0_.id=contactdat1_.id where contacts0_.group_id=?
Hibernate: select contacts0_.group_id as group_id2_0_0_, contacts0_.id as id1_0_0_, contactdat1_.id as id1_1_1_, contactdat1_.address as address2_1_1_, contactdat1_.bmonth as bmonth3_1_1_, contactdat1_.byear as byear4_1_1_, contactdat1_.email as email5_1_1_, contactdat1_.email2 as email6_1_1_, contactdat1_.email3 as email7_1_1_, contactdat1_.firstname as firstnam8_1_1_, contactdat1_.home as home9_1_1_, contactdat1_.lastname as lastnam10_1_1_, contactdat1_.middlename as middlen11_1_1_, contactdat1_.mobile as mobile12_1_1_, contactdat1_.photo as photo13_1_1_, contactdat1_.work as work14_1_1_ from address_in_groups contacts0_ inner join addressbook contactdat1_ on contacts0_.id=contactdat1_.id where contacts0_.group_id=?
Hibernate: select contacts0_.group_id as group_id2_0_0_, contacts0_.id as id1_0_0_, contactdat1_.id as id1_1_1_, contactdat1_.address as address2_1_1_, contactdat1_.bmonth as bmonth3_1_1_, contactdat1_.byear as byear4_1_1_, contactdat1_.email as email5_1_1_, contactdat1_.email2 as email6_1_1_, contactdat1_.email3 as email7_1_1_, contactdat1_.firstname as firstnam8_1_1_, contactdat1_.home as home9_1_1_, contactdat1_.lastname as lastnam10_1_1_, contactdat1_.middlename as middlen11_1_1_, contactdat1_.mobile as mobile12_1_1_, contactdat1_.photo as photo13_1_1_, contactdat1_.work as work14_1_1_ from address_in_groups contacts0_ inner join addressbook contactdat1_ on contacts0_.id=contactdat1_.id where contacts0_.group_id=?
Hibernate: select contacts0_.group_id as group_id2_0_0_, contacts0_.id as id1_0_0_, contactdat1_.id as id1_1_1_, contactdat1_.address as address2_1_1_, contactdat1_.bmonth as bmonth3_1_1_, contactdat1_.byear as byear4_1_1_, contactdat1_.email as email5_1_1_, contactdat1_.email2 as email6_1_1_, contactdat1_.email3 as email7_1_1_, contactdat1_.firstname as firstnam8_1_1_, contactdat1_.home as home9_1_1_, contactdat1_.lastname as lastnam10_1_1_, contactdat1_.middlename as middlen11_1_1_, contactdat1_.mobile as mobile12_1_1_, contactdat1_.photo as photo13_1_1_, contactdat1_.work as work14_1_1_ from address_in_groups contacts0_ inner join addressbook contactdat1_ on contacts0_.id=contactdat1_.id where contacts0_.group_id=?
Hibernate: select contacts0_.group_id as group_id2_0_0_, contacts0_.id as id1_0_0_, contactdat1_.id as id1_1_1_, contactdat1_.address as address2_1_1_, contactdat1_.bmonth as bmonth3_1_1_, contactdat1_.byear as byear4_1_1_, contactdat1_.email as email5_1_1_, contactdat1_.email2 as email6_1_1_, contactdat1_.email3 as email7_1_1_, contactdat1_.firstname as firstnam8_1_1_, contactdat1_.home as home9_1_1_, contactdat1_.lastname as lastnam10_1_1_, contactdat1_.middlename as middlen11_1_1_, contactdat1_.mobile as mobile12_1_1_, contactdat1_.photo as photo13_1_1_, contactdat1_.work as work14_1_1_ from address_in_groups contacts0_ inner join addressbook contactdat1_ on contacts0_.id=contactdat1_.id where contacts0_.group_id=?
Hibernate: select contacts0_.group_id as group_id2_0_0_, contacts0_.id as id1_0_0_, contactdat1_.id as id1_1_1_, contactdat1_.address as address2_1_1_, contactdat1_.bmonth as bmonth3_1_1_, contactdat1_.byear as byear4_1_1_, contactdat1_.email as email5_1_1_, contactdat1_.email2 as email6_1_1_, contactdat1_.email3 as email7_1_1_, contactdat1_.firstname as firstnam8_1_1_, contactdat1_.home as home9_1_1_, contactdat1_.lastname as lastnam10_1_1_, contactdat1_.middlename as middlen11_1_1_, contactdat1_.mobile as mobile12_1_1_, contactdat1_.photo as photo13_1_1_, contactdat1_.work as work14_1_1_ from address_in_groups contacts0_ inner join addressbook contactdat1_ on contacts0_.id=contactdat1_.id where contacts0_.group_id=?
Hibernate: select contacts0_.group_id as group_id2_0_0_, contacts0_.id as id1_0_0_, contactdat1_.id as id1_1_1_, contactdat1_.address as address2_1_1_, contactdat1_.bmonth as bmonth3_1_1_, contactdat1_.byear as byear4_1_1_, contactdat1_.email as email5_1_1_, contactdat1_.email2 as email6_1_1_, contactdat1_.email3 as email7_1_1_, contactdat1_.firstname as firstnam8_1_1_, contactdat1_.home as home9_1_1_, contactdat1_.lastname as lastnam10_1_1_, contactdat1_.middlename as middlen11_1_1_, contactdat1_.mobile as mobile12_1_1_, contactdat1_.photo as photo13_1_1_, contactdat1_.work as work14_1_1_ from address_in_groups contacts0_ inner join addressbook contactdat1_ on contacts0_.id=contactdat1_.id where contacts0_.group_id=?
Hibernate: select contacts0_.group_id as group_id2_0_0_, contacts0_.id as id1_0_0_, contactdat1_.id as id1_1_1_, contactdat1_.address as address2_1_1_, contactdat1_.bmonth as bmonth3_1_1_, contactdat1_.byear as byear4_1_1_, contactdat1_.email as email5_1_1_, contactdat1_.email2 as email6_1_1_, contactdat1_.email3 as email7_1_1_, contactdat1_.firstname as firstnam8_1_1_, contactdat1_.home as home9_1_1_, contactdat1_.lastname as lastnam10_1_1_, contactdat1_.middlename as middlen11_1_1_, contactdat1_.mobile as mobile12_1_1_, contactdat1_.photo as photo13_1_1_, contactdat1_.work as work14_1_1_ from address_in_groups contacts0_ inner join addressbook contactdat1_ on contacts0_.id=contactdat1_.id where contacts0_.group_id=?
Hibernate: select contacts0_.group_id as group_id2_0_0_, contacts0_.id as id1_0_0_, contactdat1_.id as id1_1_1_, contactdat1_.address as address2_1_1_, contactdat1_.bmonth as bmonth3_1_1_, contactdat1_.byear as byear4_1_1_, contactdat1_.email as email5_1_1_, contactdat1_.email2 as email6_1_1_, contactdat1_.email3 as email7_1_1_, contactdat1_.firstname as firstnam8_1_1_, contactdat1_.home as home9_1_1_, contactdat1_.lastname as lastnam10_1_1_, contactdat1_.middlename as middlen11_1_1_, contactdat1_.mobile as mobile12_1_1_, contactdat1_.photo as photo13_1_1_, contactdat1_.work as work14_1_1_ from address_in_groups contacts0_ inner join addressbook contactdat1_ on contacts0_.id=contactdat1_.id where contacts0_.group_id=?
Hibernate: select contacts0_.group_id as group_id2_0_0_, contacts0_.id as id1_0_0_, contactdat1_.id as id1_1_1_, contactdat1_.address as address2_1_1_, contactdat1_.bmonth as bmonth3_1_1_, contactdat1_.byear as byear4_1_1_, contactdat1_.email as email5_1_1_, contactdat1_.email2 as email6_1_1_, contactdat1_.email3 as email7_1_1_, contactdat1_.firstname as firstnam8_1_1_, contactdat1_.home as home9_1_1_, contactdat1_.lastname as lastnam10_1_1_, contactdat1_.middlename as middlen11_1_1_, contactdat1_.mobile as mobile12_1_1_, contactdat1_.photo as photo13_1_1_, contactdat1_.work as work14_1_1_ from address_in_groups contacts0_ inner join addressbook contactdat1_ on contacts0_.id=contactdat1_.id where contacts0_.group_id=?
Hibernate: select contacts0_.group_id as group_id2_0_0_, contacts0_.id as id1_0_0_, contactdat1_.id as id1_1_1_, contactdat1_.address as address2_1_1_, contactdat1_.bmonth as bmonth3_1_1_, contactdat1_.byear as byear4_1_1_, contactdat1_.email as email5_1_1_, contactdat1_.email2 as email6_1_1_, contactdat1_.email3 as email7_1_1_, contactdat1_.firstname as firstnam8_1_1_, contactdat1_.home as home9_1_1_, contactdat1_.lastname as lastnam10_1_1_, contactdat1_.middlename as middlen11_1_1_, contactdat1_.mobile as mobile12_1_1_, contactdat1_.photo as photo13_1_1_, contactdat1_.work as work14_1_1_ from address_in_groups contacts0_ inner join addressbook contactdat1_ on contacts0_.id=contactdat1_.id where contacts0_.group_id=?
Hibernate: select contacts0_.group_id as group_id2_0_0_, contacts0_.id as id1_0_0_, contactdat1_.id as id1_1_1_, contactdat1_.address as address2_1_1_, contactdat1_.bmonth as bmonth3_1_1_, contactdat1_.byear as byear4_1_1_, contactdat1_.email as email5_1_1_, contactdat1_.email2 as email6_1_1_, contactdat1_.email3 as email7_1_1_, contactdat1_.firstname as firstnam8_1_1_, contactdat1_.home as home9_1_1_, contactdat1_.lastname as lastnam10_1_1_, contactdat1_.middlename as middlen11_1_1_, contactdat1_.mobile as mobile12_1_1_, contactdat1_.photo as photo13_1_1_, contactdat1_.work as work14_1_1_ from address_in_groups contacts0_ inner join addressbook contactdat1_ on contacts0_.id=contactdat1_.id where contacts0_.group_id=?
Hibernate: select contacts0_.group_id as group_id2_0_0_, contacts0_.id as id1_0_0_, contactdat1_.id as id1_1_1_, contactdat1_.address as address2_1_1_, contactdat1_.bmonth as bmonth3_1_1_, contactdat1_.byear as byear4_1_1_, contactdat1_.email as email5_1_1_, contactdat1_.email2 as email6_1_1_, contactdat1_.email3 as email7_1_1_, contactdat1_.firstname as firstnam8_1_1_, contactdat1_.home as home9_1_1_, contactdat1_.lastname as lastnam10_1_1_, contactdat1_.middlename as middlen11_1_1_, contactdat1_.mobile as mobile12_1_1_, contactdat1_.photo as photo13_1_1_, contactdat1_.work as work14_1_1_ from address_in_groups contacts0_ inner join addressbook contactdat1_ on contacts0_.id=contactdat1_.id where contacts0_.group_id=?
Hibernate: select contacts0_.group_id as group_id2_0_0_, contacts0_.id as id1_0_0_, contactdat1_.id as id1_1_1_, contactdat1_.address as address2_1_1_, contactdat1_.bmonth as bmonth3_1_1_, contactdat1_.byear as byear4_1_1_, contactdat1_.email as email5_1_1_, contactdat1_.email2 as email6_1_1_, contactdat1_.email3 as email7_1_1_, contactdat1_.firstname as firstnam8_1_1_, contactdat1_.home as home9_1_1_, contactdat1_.lastname as lastnam10_1_1_, contactdat1_.middlename as middlen11_1_1_, contactdat1_.mobile as mobile12_1_1_, contactdat1_.photo as photo13_1_1_, contactdat1_.work as work14_1_1_ from address_in_groups contacts0_ inner join addressbook contactdat1_ on contacts0_.id=contactdat1_.id where contacts0_.group_id=?
Hibernate: select contacts0_.group_id as group_id2_0_0_, contacts0_.id as id1_0_0_, contactdat1_.id as id1_1_1_, contactdat1_.address as address2_1_1_, contactdat1_.bmonth as bmonth3_1_1_, contactdat1_.byear as byear4_1_1_, contactdat1_.email as email5_1_1_, contactdat1_.email2 as email6_1_1_, contactdat1_.email3 as email7_1_1_, contactdat1_.firstname as firstnam8_1_1_, contactdat1_.home as home9_1_1_, contactdat1_.lastname as lastnam10_1_1_, contactdat1_.middlename as middlen11_1_1_, contactdat1_.mobile as mobile12_1_1_, contactdat1_.photo as photo13_1_1_, contactdat1_.work as work14_1_1_ from address_in_groups contacts0_ inner join addressbook contactdat1_ on contacts0_.id=contactdat1_.id where contacts0_.group_id=?
Hibernate: select contacts0_.group_id as group_id2_0_0_, contacts0_.id as id1_0_0_, contactdat1_.id as id1_1_1_, contactdat1_.address as address2_1_1_, contactdat1_.bmonth as bmonth3_1_1_, contactdat1_.byear as byear4_1_1_, contactdat1_.email as email5_1_1_, contactdat1_.email2 as email6_1_1_, contactdat1_.email3 as email7_1_1_, contactdat1_.firstname as firstnam8_1_1_, contactdat1_.home as home9_1_1_, contactdat1_.lastname as lastnam10_1_1_, contactdat1_.middlename as middlen11_1_1_, contactdat1_.mobile as mobile12_1_1_, contactdat1_.photo as photo13_1_1_, contactdat1_.work as work14_1_1_ from address_in_groups contacts0_ inner join addressbook contactdat1_ on contacts0_.id=contactdat1_.id where contacts0_.group_id=?
Hibernate: select contacts0_.group_id as group_id2_0_0_, contacts0_.id as id1_0_0_, contactdat1_.id as id1_1_1_, contactdat1_.address as address2_1_1_, contactdat1_.bmonth as bmonth3_1_1_, contactdat1_.byear as byear4_1_1_, contactdat1_.email as email5_1_1_, contactdat1_.email2 as email6_1_1_, contactdat1_.email3 as email7_1_1_, contactdat1_.firstname as firstnam8_1_1_, contactdat1_.home as home9_1_1_, contactdat1_.lastname as lastnam10_1_1_, contactdat1_.middlename as middlen11_1_1_, contactdat1_.mobile as mobile12_1_1_, contactdat1_.photo as photo13_1_1_, contactdat1_.work as work14_1_1_ from address_in_groups contacts0_ inner join addressbook contactdat1_ on contacts0_.id=contactdat1_.id where contacts0_.group_id=?
Hibernate: select contacts0_.group_id as group_id2_0_0_, contacts0_.id as id1_0_0_, contactdat1_.id as id1_1_1_, contactdat1_.address as address2_1_1_, contactdat1_.bmonth as bmonth3_1_1_, contactdat1_.byear as byear4_1_1_, contactdat1_.email as email5_1_1_, contactdat1_.email2 as email6_1_1_, contactdat1_.email3 as email7_1_1_, contactdat1_.firstname as firstnam8_1_1_, contactdat1_.home as home9_1_1_, contactdat1_.lastname as lastnam10_1_1_, contactdat1_.middlename as middlen11_1_1_, contactdat1_.mobile as mobile12_1_1_, contactdat1_.photo as photo13_1_1_, contactdat1_.work as work14_1_1_ from address_in_groups contacts0_ inner join addressbook contactdat1_ on contacts0_.id=contactdat1_.id where contacts0_.group_id=?
Hibernate: select contacts0_.group_id as group_id2_0_0_, contacts0_.id as id1_0_0_, contactdat1_.id as id1_1_1_, contactdat1_.address as address2_1_1_, contactdat1_.bmonth as bmonth3_1_1_, contactdat1_.byear as byear4_1_1_, contactdat1_.email as email5_1_1_, contactdat1_.email2 as email6_1_1_, contactdat1_.email3 as email7_1_1_, contactdat1_.firstname as firstnam8_1_1_, contactdat1_.home as home9_1_1_, contactdat1_.lastname as lastnam10_1_1_, contactdat1_.middlename as middlen11_1_1_, contactdat1_.mobile as mobile12_1_1_, contactdat1_.photo as photo13_1_1_, contactdat1_.work as work14_1_1_ from address_in_groups contacts0_ inner join addressbook contactdat1_ on contacts0_.id=contactdat1_.id where contacts0_.group_id=?
Hibernate: select contacts0_.group_id as group_id2_0_0_, contacts0_.id as id1_0_0_, contactdat1_.id as id1_1_1_, contactdat1_.address as address2_1_1_, contactdat1_.bmonth as bmonth3_1_1_, contactdat1_.byear as byear4_1_1_, contactdat1_.email as email5_1_1_, contactdat1_.email2 as email6_1_1_, contactdat1_.email3 as email7_1_1_, contactdat1_.firstname as firstnam8_1_1_, contactdat1_.home as home9_1_1_, contactdat1_.lastname as lastnam10_1_1_, contactdat1_.middlename as middlen11_1_1_, contactdat1_.mobile as mobile12_1_1_, contactdat1_.photo as photo13_1_1_, contactdat1_.work as work14_1_1_ from address_in_groups contacts0_ inner join addressbook contactdat1_ on contacts0_.id=contactdat1_.id where contacts0_.group_id=?
Hibernate: select contacts0_.group_id as group_id2_0_0_, contacts0_.id as id1_0_0_, contactdat1_.id as id1_1_1_, contactdat1_.address as address2_1_1_, contactdat1_.bmonth as bmonth3_1_1_, contactdat1_.byear as byear4_1_1_, contactdat1_.email as email5_1_1_, contactdat1_.email2 as email6_1_1_, contactdat1_.email3 as email7_1_1_, contactdat1_.firstname as firstnam8_1_1_, contactdat1_.home as home9_1_1_, contactdat1_.lastname as lastnam10_1_1_, contactdat1_.middlename as middlen11_1_1_, contactdat1_.mobile as mobile12_1_1_, contactdat1_.photo as photo13_1_1_, contactdat1_.work as work14_1_1_ from address_in_groups contacts0_ inner join addressbook contactdat1_ on contacts0_.id=contactdat1_.id where contacts0_.group_id=?
Hibernate: select contacts0_.group_id as group_id2_0_0_, contacts0_.id as id1_0_0_, contactdat1_.id as id1_1_1_, contactdat1_.address as address2_1_1_, contactdat1_.bmonth as bmonth3_1_1_, contactdat1_.byear as byear4_1_1_, contactdat1_.email as email5_1_1_, contactdat1_.email2 as email6_1_1_, contactdat1_.email3 as email7_1_1_, contactdat1_.firstname as firstnam8_1_1_, contactdat1_.home as home9_1_1_, contactdat1_.lastname as lastnam10_1_1_, contactdat1_.middlename as middlen11_1_1_, contactdat1_.mobile as mobile12_1_1_, contactdat1_.photo as photo13_1_1_, contactdat1_.work as work14_1_1_ from address_in_groups contacts0_ inner join addressbook contactdat1_ on contacts0_.id=contactdat1_.id where contacts0_.group_id=?
Hibernate: select contacts0_.group_id as group_id2_0_0_, contacts0_.id as id1_0_0_, contactdat1_.id as id1_1_1_, contactdat1_.address as address2_1_1_, contactdat1_.bmonth as bmonth3_1_1_, contactdat1_.byear as byear4_1_1_, contactdat1_.email as email5_1_1_, contactdat1_.email2 as email6_1_1_, contactdat1_.email3 as email7_1_1_, contactdat1_.firstname as firstnam8_1_1_, contactdat1_.home as home9_1_1_, contactdat1_.lastname as lastnam10_1_1_, contactdat1_.middlename as middlen11_1_1_, contactdat1_.mobile as mobile12_1_1_, contactdat1_.photo as photo13_1_1_, contactdat1_.work as work14_1_1_ from address_in_groups contacts0_ inner join addressbook contactdat1_ on contacts0_.id=contactdat1_.id where contacts0_.group_id=?
Hibernate: select contacts0_.group_id as group_id2_0_0_, contacts0_.id as id1_0_0_, contactdat1_.id as id1_1_1_, contactdat1_.address as address2_1_1_, contactdat1_.bmonth as bmonth3_1_1_, contactdat1_.byear as byear4_1_1_, contactdat1_.email as email5_1_1_, contactdat1_.email2 as email6_1_1_, contactdat1_.email3 as email7_1_1_, contactdat1_.firstname as firstnam8_1_1_, contactdat1_.home as home9_1_1_, contactdat1_.lastname as lastnam10_1_1_, contactdat1_.middlename as middlen11_1_1_, contactdat1_.mobile as mobile12_1_1_, contactdat1_.photo as photo13_1_1_, contactdat1_.work as work14_1_1_ from address_in_groups contacts0_ inner join addressbook contactdat1_ on contacts0_.id=contactdat1_.id where contacts0_.group_id=?
Hibernate: select contacts0_.group_id as group_id2_0_0_, contacts0_.id as id1_0_0_, contactdat1_.id as id1_1_1_, contactdat1_.address as address2_1_1_, contactdat1_.bmonth as bmonth3_1_1_, contactdat1_.byear as byear4_1_1_, contactdat1_.email as email5_1_1_, contactdat1_.email2 as email6_1_1_, contactdat1_.email3 as email7_1_1_, contactdat1_.firstname as firstnam8_1_1_, contactdat1_.home as home9_1_1_, contactdat1_.lastname as lastnam10_1_1_, contactdat1_.middlename as middlen11_1_1_, contactdat1_.mobile as mobile12_1_1_, contactdat1_.photo as photo13_1_1_, contactdat1_.work as work14_1_1_ from address_in_groups contacts0_ inner join addressbook contactdat1_ on contacts0_.id=contactdat1_.id where contacts0_.group_id=?
Hibernate: select groupdata0_.group_id as group_id1_2_, groupdata0_.group_footer as group_fo2_2_, groupdata0_.group_header as group_he3_2_, groupdata0_.group_name as group_na4_2_ from group_list groupdata0_
Hibernate: select contacts0_.group_id as group_id2_0_0_, contacts0_.id as id1_0_0_, contactdat1_.id as id1_1_1_, contactdat1_.address as address2_1_1_, contactdat1_.bmonth as bmonth3_1_1_, contactdat1_.byear as byear4_1_1_, contactdat1_.email as email5_1_1_, contactdat1_.email2 as email6_1_1_, contactdat1_.email3 as email7_1_1_, contactdat1_.firstname as firstnam8_1_1_, contactdat1_.home as home9_1_1_, contactdat1_.lastname as lastnam10_1_1_, contactdat1_.middlename as middlen11_1_1_, contactdat1_.mobile as mobile12_1_1_, contactdat1_.photo as photo13_1_1_, contactdat1_.work as work14_1_1_ from address_in_groups contacts0_ inner join addressbook contactdat1_ on contacts0_.id=contactdat1_.id where contacts0_.group_id=?
Hibernate: select contacts0_.group_id as group_id2_0_0_, contacts0_.id as id1_0_0_, contactdat1_.id as id1_1_1_, contactdat1_.address as address2_1_1_, contactdat1_.bmonth as bmonth3_1_1_, contactdat1_.byear as byear4_1_1_, contactdat1_.email as email5_1_1_, contactdat1_.email2 as email6_1_1_, contactdat1_.email3 as email7_1_1_, contactdat1_.firstname as firstnam8_1_1_, contactdat1_.home as home9_1_1_, contactdat1_.lastname as lastnam10_1_1_, contactdat1_.middlename as middlen11_1_1_, contactdat1_.mobile as mobile12_1_1_, contactdat1_.photo as photo13_1_1_, contactdat1_.work as work14_1_1_ from address_in_groups contacts0_ inner join addressbook contactdat1_ on contacts0_.id=contactdat1_.id where contacts0_.group_id=?
Hibernate: select contacts0_.group_id as group_id2_0_0_, contacts0_.id as id1_0_0_, contactdat1_.id as id1_1_1_, contactdat1_.address as address2_1_1_, contactdat1_.bmonth as bmonth3_1_1_, contactdat1_.byear as byear4_1_1_, contactdat1_.email as email5_1_1_, contactdat1_.email2 as email6_1_1_, contactdat1_.email3 as email7_1_1_, contactdat1_.firstname as firstnam8_1_1_, contactdat1_.home as home9_1_1_, contactdat1_.lastname as lastnam10_1_1_, contactdat1_.middlename as middlen11_1_1_, contactdat1_.mobile as mobile12_1_1_, contactdat1_.photo as photo13_1_1_, contactdat1_.work as work14_1_1_ from address_in_groups contacts0_ inner join addressbook contactdat1_ on contacts0_.id=contactdat1_.id where contacts0_.group_id=?
Hibernate: select contacts0_.group_id as group_id2_0_0_, contacts0_.id as id1_0_0_, contactdat1_.id as id1_1_1_, contactdat1_.address as address2_1_1_, contactdat1_.bmonth as bmonth3_1_1_, contactdat1_.byear as byear4_1_1_, contactdat1_.email as email5_1_1_, contactdat1_.email2 as email6_1_1_, contactdat1_.email3 as email7_1_1_, contactdat1_.firstname as firstnam8_1_1_, contactdat1_.home as home9_1_1_, contactdat1_.lastname as lastnam10_1_1_, contactdat1_.middlename as middlen11_1_1_, contactdat1_.mobile as mobile12_1_1_, contactdat1_.photo as photo13_1_1_, contactdat1_.work as work14_1_1_ from address_in_groups contacts0_ inner join addressbook contactdat1_ on contacts0_.id=contactdat1_.id where contacts0_.group_id=?
Hibernate: select contacts0_.group_id as group_id2_0_0_, contacts0_.id as id1_0_0_, contactdat1_.id as id1_1_1_, contactdat1_.address as address2_1_1_, contactdat1_.bmonth as bmonth3_1_1_, contactdat1_.byear as byear4_1_1_, contactdat1_.email as email5_1_1_, contactdat1_.email2 as email6_1_1_, contactdat1_.email3 as email7_1_1_, contactdat1_.firstname as firstnam8_1_1_, contactdat1_.home as home9_1_1_, contactdat1_.lastname as lastnam10_1_1_, contactdat1_.middlename as middlen11_1_1_, contactdat1_.mobile as mobile12_1_1_, contactdat1_.photo as photo13_1_1_, contactdat1_.work as work14_1_1_ from address_in_groups contacts0_ inner join addressbook contactdat1_ on contacts0_.id=contactdat1_.id where contacts0_.group_id=?
Hibernate: select contacts0_.group_id as group_id2_0_0_, contacts0_.id as id1_0_0_, contactdat1_.id as id1_1_1_, contactdat1_.address as address2_1_1_, contactdat1_.bmonth as bmonth3_1_1_, contactdat1_.byear as byear4_1_1_, contactdat1_.email as email5_1_1_, contactdat1_.email2 as email6_1_1_, contactdat1_.email3 as email7_1_1_, contactdat1_.firstname as firstnam8_1_1_, contactdat1_.home as home9_1_1_, contactdat1_.lastname as lastnam10_1_1_, contactdat1_.middlename as middlen11_1_1_, contactdat1_.mobile as mobile12_1_1_, contactdat1_.photo as photo13_1_1_, contactdat1_.work as work14_1_1_ from address_in_groups contacts0_ inner join addressbook contactdat1_ on contacts0_.id=contactdat1_.id where contacts0_.group_id=?
Hibernate: select contacts0_.group_id as group_id2_0_0_, contacts0_.id as id1_0_0_, contactdat1_.id as id1_1_1_, contactdat1_.address as address2_1_1_, contactdat1_.bmonth as bmonth3_1_1_, contactdat1_.byear as byear4_1_1_, contactdat1_.email as email5_1_1_, contactdat1_.email2 as email6_1_1_, contactdat1_.email3 as email7_1_1_, contactdat1_.firstname as firstnam8_1_1_, contactdat1_.home as home9_1_1_, contactdat1_.lastname as lastnam10_1_1_, contactdat1_.middlename as middlen11_1_1_, contactdat1_.mobile as mobile12_1_1_, contactdat1_.photo as photo13_1_1_, contactdat1_.work as work14_1_1_ from address_in_groups contacts0_ inner join addressbook contactdat1_ on contacts0_.id=contactdat1_.id where contacts0_.group_id=?
Hibernate: select contacts0_.group_id as group_id2_0_0_, contacts0_.id as id1_0_0_, contactdat1_.id as id1_1_1_, contactdat1_.address as address2_1_1_, contactdat1_.bmonth as bmonth3_1_1_, contactdat1_.byear as byear4_1_1_, contactdat1_.email as email5_1_1_, contactdat1_.email2 as email6_1_1_, contactdat1_.email3 as email7_1_1_, contactdat1_.firstname as firstnam8_1_1_, contactdat1_.home as home9_1_1_, contactdat1_.lastname as lastnam10_1_1_, contactdat1_.middlename as middlen11_1_1_, contactdat1_.mobile as mobile12_1_1_, contactdat1_.photo as photo13_1_1_, contactdat1_.work as work14_1_1_ from address_in_groups contacts0_ inner join addressbook contactdat1_ on contacts0_.id=contactdat1_.id where contacts0_.group_id=?
Hibernate: select contacts0_.group_id as group_id2_0_0_, contacts0_.id as id1_0_0_, contactdat1_.id as id1_1_1_, contactdat1_.address as address2_1_1_, contactdat1_.bmonth as bmonth3_1_1_, contactdat1_.byear as byear4_1_1_, contactdat1_.email as email5_1_1_, contactdat1_.email2 as email6_1_1_, contactdat1_.email3 as email7_1_1_, contactdat1_.firstname as firstnam8_1_1_, contactdat1_.home as home9_1_1_, contactdat1_.lastname as lastnam10_1_1_, contactdat1_.middlename as middlen11_1_1_, contactdat1_.mobile as mobile12_1_1_, contactdat1_.photo as photo13_1_1_, contactdat1_.work as work14_1_1_ from address_in_groups contacts0_ inner join addressbook contactdat1_ on contacts0_.id=contactdat1_.id where contacts0_.group_id=?
Hibernate: select contacts0_.group_id as group_id2_0_0_, contacts0_.id as id1_0_0_, contactdat1_.id as id1_1_1_, contactdat1_.address as address2_1_1_, contactdat1_.bmonth as bmonth3_1_1_, contactdat1_.byear as byear4_1_1_, contactdat1_.email as email5_1_1_, contactdat1_.email2 as email6_1_1_, contactdat1_.email3 as email7_1_1_, contactdat1_.firstname as firstnam8_1_1_, contactdat1_.home as home9_1_1_, contactdat1_.lastname as lastnam10_1_1_, contactdat1_.middlename as middlen11_1_1_, contactdat1_.mobile as mobile12_1_1_, contactdat1_.photo as photo13_1_1_, contactdat1_.work as work14_1_1_ from address_in_groups contacts0_ inner join addressbook contactdat1_ on contacts0_.id=contactdat1_.id where contacts0_.group_id=?
Hibernate: select contacts0_.group_id as group_id2_0_0_, contacts0_.id as id1_0_0_, contactdat1_.id as id1_1_1_, contactdat1_.address as address2_1_1_, contactdat1_.bmonth as bmonth3_1_1_, contactdat1_.byear as byear4_1_1_, contactdat1_.email as email5_1_1_, contactdat1_.email2 as email6_1_1_, contactdat1_.email3 as email7_1_1_, contactdat1_.firstname as firstnam8_1_1_, contactdat1_.home as home9_1_1_, contactdat1_.lastname as lastnam10_1_1_, contactdat1_.middlename as middlen11_1_1_, contactdat1_.mobile as mobile12_1_1_, contactdat1_.photo as photo13_1_1_, contactdat1_.work as work14_1_1_ from address_in_groups contacts0_ inner join addressbook contactdat1_ on contacts0_.id=contactdat1_.id where contacts0_.group_id=?
Hibernate: select contacts0_.group_id as group_id2_0_0_, contacts0_.id as id1_0_0_, contactdat1_.id as id1_1_1_, contactdat1_.address as address2_1_1_, contactdat1_.bmonth as bmonth3_1_1_, contactdat1_.byear as byear4_1_1_, contactdat1_.email as email5_1_1_, contactdat1_.email2 as email6_1_1_, contactdat1_.email3 as email7_1_1_, contactdat1_.firstname as firstnam8_1_1_, contactdat1_.home as home9_1_1_, contactdat1_.lastname as lastnam10_1_1_, contactdat1_.middlename as middlen11_1_1_, contactdat1_.mobile as mobile12_1_1_, contactdat1_.photo as photo13_1_1_, contactdat1_.work as work14_1_1_ from address_in_groups contacts0_ inner join addressbook contactdat1_ on contacts0_.id=contactdat1_.id where contacts0_.group_id=?
Hibernate: select contacts0_.group_id as group_id2_0_0_, contacts0_.id as id1_0_0_, contactdat1_.id as id1_1_1_, contactdat1_.address as address2_1_1_, contactdat1_.bmonth as bmonth3_1_1_, contactdat1_.byear as byear4_1_1_, contactdat1_.email as email5_1_1_, contactdat1_.email2 as email6_1_1_, contactdat1_.email3 as email7_1_1_, contactdat1_.firstname as firstnam8_1_1_, contactdat1_.home as home9_1_1_, contactdat1_.lastname as lastnam10_1_1_, contactdat1_.middlename as middlen11_1_1_, contactdat1_.mobile as mobile12_1_1_, contactdat1_.photo as photo13_1_1_, contactdat1_.work as work14_1_1_ from address_in_groups contacts0_ inner join addressbook contactdat1_ on contacts0_.id=contactdat1_.id where contacts0_.group_id=?
Hibernate: select contacts0_.group_id as group_id2_0_0_, contacts0_.id as id1_0_0_, contactdat1_.id as id1_1_1_, contactdat1_.address as address2_1_1_, contactdat1_.bmonth as bmonth3_1_1_, contactdat1_.byear as byear4_1_1_, contactdat1_.email as email5_1_1_, contactdat1_.email2 as email6_1_1_, contactdat1_.email3 as email7_1_1_, contactdat1_.firstname as firstnam8_1_1_, contactdat1_.home as home9_1_1_, contactdat1_.lastname as lastnam10_1_1_, contactdat1_.middlename as middlen11_1_1_, contactdat1_.mobile as mobile12_1_1_, contactdat1_.photo as photo13_1_1_, contactdat1_.work as work14_1_1_ from address_in_groups contacts0_ inner join addressbook contactdat1_ on contacts0_.id=contactdat1_.id where contacts0_.group_id=?
Hibernate: select contacts0_.group_id as group_id2_0_0_, contacts0_.id as id1_0_0_, contactdat1_.id as id1_1_1_, contactdat1_.address as address2_1_1_, contactdat1_.bmonth as bmonth3_1_1_, contactdat1_.byear as byear4_1_1_, contactdat1_.email as email5_1_1_, contactdat1_.email2 as email6_1_1_, contactdat1_.email3 as email7_1_1_, contactdat1_.firstname as firstnam8_1_1_, contactdat1_.home as home9_1_1_, contactdat1_.lastname as lastnam10_1_1_, contactdat1_.middlename as middlen11_1_1_, contactdat1_.mobile as mobile12_1_1_, contactdat1_.photo as photo13_1_1_, contactdat1_.work as work14_1_1_ from address_in_groups contacts0_ inner join addressbook contactdat1_ on contacts0_.id=contactdat1_.id where contacts0_.group_id=?
Hibernate: select contacts0_.group_id as group_id2_0_0_, contacts0_.id as id1_0_0_, contactdat1_.id as id1_1_1_, contactdat1_.address as address2_1_1_, contactdat1_.bmonth as bmonth3_1_1_, contactdat1_.byear as byear4_1_1_, contactdat1_.email as email5_1_1_, contactdat1_.email2 as email6_1_1_, contactdat1_.email3 as email7_1_1_, contactdat1_.firstname as firstnam8_1_1_, contactdat1_.home as home9_1_1_, contactdat1_.lastname as lastnam10_1_1_, contactdat1_.middlename as middlen11_1_1_, contactdat1_.mobile as mobile12_1_1_, contactdat1_.photo as photo13_1_1_, contactdat1_.work as work14_1_1_ from address_in_groups contacts0_ inner join addressbook contactdat1_ on contacts0_.id=contactdat1_.id where contacts0_.group_id=?
Hibernate: select contacts0_.group_id as group_id2_0_0_, contacts0_.id as id1_0_0_, contactdat1_.id as id1_1_1_, contactdat1_.address as address2_1_1_, contactdat1_.bmonth as bmonth3_1_1_, contactdat1_.byear as byear4_1_1_, contactdat1_.email as email5_1_1_, contactdat1_.email2 as email6_1_1_, contactdat1_.email3 as email7_1_1_, contactdat1_.firstname as firstnam8_1_1_, contactdat1_.home as home9_1_1_, contactdat1_.lastname as lastnam10_1_1_, contactdat1_.middlename as middlen11_1_1_, contactdat1_.mobile as mobile12_1_1_, contactdat1_.photo as photo13_1_1_, contactdat1_.work as work14_1_1_ from address_in_groups contacts0_ inner join addressbook contactdat1_ on contacts0_.id=contactdat1_.id where contacts0_.group_id=?
Hibernate: select contacts0_.group_id as group_id2_0_0_, contacts0_.id as id1_0_0_, contactdat1_.id as id1_1_1_, contactdat1_.address as address2_1_1_, contactdat1_.bmonth as bmonth3_1_1_, contactdat1_.byear as byear4_1_1_, contactdat1_.email as email5_1_1_, contactdat1_.email2 as email6_1_1_, contactdat1_.email3 as email7_1_1_, contactdat1_.firstname as firstnam8_1_1_, contactdat1_.home as home9_1_1_, contactdat1_.lastname as lastnam10_1_1_, contactdat1_.middlename as middlen11_1_1_, contactdat1_.mobile as mobile12_1_1_, contactdat1_.photo as photo13_1_1_, contactdat1_.work as work14_1_1_ from address_in_groups contacts0_ inner join addressbook contactdat1_ on contacts0_.id=contactdat1_.id where contacts0_.group_id=?
Hibernate: select contacts0_.group_id as group_id2_0_0_, contacts0_.id as id1_0_0_, contactdat1_.id as id1_1_1_, contactdat1_.address as address2_1_1_, contactdat1_.bmonth as bmonth3_1_1_, contactdat1_.byear as byear4_1_1_, contactdat1_.email as email5_1_1_, contactdat1_.email2 as email6_1_1_, contactdat1_.email3 as email7_1_1_, contactdat1_.firstname as firstnam8_1_1_, contactdat1_.home as home9_1_1_, contactdat1_.lastname as lastnam10_1_1_, contactdat1_.middlename as middlen11_1_1_, contactdat1_.mobile as mobile12_1_1_, contactdat1_.photo as photo13_1_1_, contactdat1_.work as work14_1_1_ from address_in_groups contacts0_ inner join addressbook contactdat1_ on contacts0_.id=contactdat1_.id where contacts0_.group_id=?
Hibernate: select contacts0_.group_id as group_id2_0_0_, contacts0_.id as id1_0_0_, contactdat1_.id as id1_1_1_, contactdat1_.address as address2_1_1_, contactdat1_.bmonth as bmonth3_1_1_, contactdat1_.byear as byear4_1_1_, contactdat1_.email as email5_1_1_, contactdat1_.email2 as email6_1_1_, contactdat1_.email3 as email7_1_1_, contactdat1_.firstname as firstnam8_1_1_, contactdat1_.home as home9_1_1_, contactdat1_.lastname as lastnam10_1_1_, contactdat1_.middlename as middlen11_1_1_, contactdat1_.mobile as mobile12_1_1_, contactdat1_.photo as photo13_1_1_, contactdat1_.work as work14_1_1_ from address_in_groups contacts0_ inner join addressbook contactdat1_ on contacts0_.id=contactdat1_.id where contacts0_.group_id=?
Hibernate: select contacts0_.group_id as group_id2_0_0_, contacts0_.id as id1_0_0_, contactdat1_.id as id1_1_1_, contactdat1_.address as address2_1_1_, contactdat1_.bmonth as bmonth3_1_1_, contactdat1_.byear as byear4_1_1_, contactdat1_.email as email5_1_1_, contactdat1_.email2 as email6_1_1_, contactdat1_.email3 as email7_1_1_, contactdat1_.firstname as firstnam8_1_1_, contactdat1_.home as home9_1_1_, contactdat1_.lastname as lastnam10_1_1_, contactdat1_.middlename as middlen11_1_1_, contactdat1_.mobile as mobile12_1_1_, contactdat1_.photo as photo13_1_1_, contactdat1_.work as work14_1_1_ from address_in_groups contacts0_ inner join addressbook contactdat1_ on contacts0_.id=contactdat1_.id where contacts0_.group_id=?
Hibernate: select contacts0_.group_id as group_id2_0_0_, contacts0_.id as id1_0_0_, contactdat1_.id as id1_1_1_, contactdat1_.address as address2_1_1_, contactdat1_.bmonth as bmonth3_1_1_, contactdat1_.byear as byear4_1_1_, contactdat1_.email as email5_1_1_, contactdat1_.email2 as email6_1_1_, contactdat1_.email3 as email7_1_1_, contactdat1_.firstname as firstnam8_1_1_, contactdat1_.home as home9_1_1_, contactdat1_.lastname as lastnam10_1_1_, contactdat1_.middlename as middlen11_1_1_, contactdat1_.mobile as mobile12_1_1_, contactdat1_.photo as photo13_1_1_, contactdat1_.work as work14_1_1_ from address_in_groups contacts0_ inner join addressbook contactdat1_ on contacts0_.id=contactdat1_.id where contacts0_.group_id=?
Hibernate: select contacts0_.group_id as group_id2_0_0_, contacts0_.id as id1_0_0_, contactdat1_.id as id1_1_1_, contactdat1_.address as address2_1_1_, contactdat1_.bmonth as bmonth3_1_1_, contactdat1_.byear as byear4_1_1_, contactdat1_.email as email5_1_1_, contactdat1_.email2 as email6_1_1_, contactdat1_.email3 as email7_1_1_, contactdat1_.firstname as firstnam8_1_1_, contactdat1_.home as home9_1_1_, contactdat1_.lastname as lastnam10_1_1_, contactdat1_.middlename as middlen11_1_1_, contactdat1_.mobile as mobile12_1_1_, contactdat1_.photo as photo13_1_1_, contactdat1_.work as work14_1_1_ from address_in_groups contacts0_ inner join addressbook contactdat1_ on contacts0_.id=contactdat1_.id where contacts0_.group_id=?
Hibernate: select contacts0_.group_id as group_id2_0_0_, contacts0_.id as id1_0_0_, contactdat1_.id as id1_1_1_, contactdat1_.address as address2_1_1_, contactdat1_.bmonth as bmonth3_1_1_, contactdat1_.byear as byear4_1_1_, contactdat1_.email as email5_1_1_, contactdat1_.email2 as email6_1_1_, contactdat1_.email3 as email7_1_1_, contactdat1_.firstname as firstnam8_1_1_, contactdat1_.home as home9_1_1_, contactdat1_.lastname as lastnam10_1_1_, contactdat1_.middlename as middlen11_1_1_, contactdat1_.mobile as mobile12_1_1_, contactdat1_.photo as photo13_1_1_, contactdat1_.work as work14_1_1_ from address_in_groups contacts0_ inner join addressbook contactdat1_ on contacts0_.id=contactdat1_.id where contacts0_.group_id=?
Hibernate: select contacts0_.group_id as group_id2_0_0_, contacts0_.id as id1_0_0_, contactdat1_.id as id1_1_1_, contactdat1_.address as address2_1_1_, contactdat1_.bmonth as bmonth3_1_1_, contactdat1_.byear as byear4_1_1_, contactdat1_.email as email5_1_1_, contactdat1_.email2 as email6_1_1_, contactdat1_.email3 as email7_1_1_, contactdat1_.firstname as firstnam8_1_1_, contactdat1_.home as home9_1_1_, contactdat1_.lastname as lastnam10_1_1_, contactdat1_.middlename as middlen11_1_1_, contactdat1_.mobile as mobile12_1_1_, contactdat1_.photo as photo13_1_1_, contactdat1_.work as work14_1_1_ from address_in_groups contacts0_ inner join addressbook contactdat1_ on contacts0_.id=contactdat1_.id where contacts0_.group_id=?
Hibernate: select contacts0_.group_id as group_id2_0_0_, contacts0_.id as id1_0_0_, contactdat1_.id as id1_1_1_, contactdat1_.address as address2_1_1_, contactdat1_.bmonth as bmonth3_1_1_, contactdat1_.byear as byear4_1_1_, contactdat1_.email as email5_1_1_, contactdat1_.email2 as email6_1_1_, contactdat1_.email3 as email7_1_1_, contactdat1_.firstname as firstnam8_1_1_, contactdat1_.home as home9_1_1_, contactdat1_.lastname as lastnam10_1_1_, contactdat1_.middlename as middlen11_1_1_, contactdat1_.mobile as mobile12_1_1_, contactdat1_.photo as photo13_1_1_, contactdat1_.work as work14_1_1_ from address_in_groups contacts0_ inner join addressbook contactdat1_ on contacts0_.id=contactdat1_.id where contacts0_.group_id=?
Hibernate: select contacts0_.group_id as group_id2_0_0_, contacts0_.id as id1_0_0_, contactdat1_.id as id1_1_1_, contactdat1_.address as address2_1_1_, contactdat1_.bmonth as bmonth3_1_1_, contactdat1_.byear as byear4_1_1_, contactdat1_.email as email5_1_1_, contactdat1_.email2 as email6_1_1_, contactdat1_.email3 as email7_1_1_, contactdat1_.firstname as firstnam8_1_1_, contactdat1_.home as home9_1_1_, contactdat1_.lastname as lastnam10_1_1_, contactdat1_.middlename as middlen11_1_1_, contactdat1_.mobile as mobile12_1_1_, contactdat1_.photo as photo13_1_1_, contactdat1_.work as work14_1_1_ from address_in_groups contacts0_ inner join addressbook contactdat1_ on contacts0_.id=contactdat1_.id where contacts0_.group_id=?
Hibernate: select contacts0_.group_id as group_id2_0_0_, contacts0_.id as id1_0_0_, contactdat1_.id as id1_1_1_, contactdat1_.address as address2_1_1_, contactdat1_.bmonth as bmonth3_1_1_, contactdat1_.byear as byear4_1_1_, contactdat1_.email as email5_1_1_, contactdat1_.email2 as email6_1_1_, contactdat1_.email3 as email7_1_1_, contactdat1_.firstname as firstnam8_1_1_, contactdat1_.home as home9_1_1_, contactdat1_.lastname as lastnam10_1_1_, contactdat1_.middlename as middlen11_1_1_, contactdat1_.mobile as mobile12_1_1_, contactdat1_.photo as photo13_1_1_, contactdat1_.work as work14_1_1_ from address_in_groups contacts0_ inner join addressbook contactdat1_ on contacts0_.id=contactdat1_.id where contacts0_.group_id=?
Hibernate: select contacts0_.group_id as group_id2_0_0_, contacts0_.id as id1_0_0_, contactdat1_.id as id1_1_1_, contactdat1_.address as address2_1_1_, contactdat1_.bmonth as bmonth3_1_1_, contactdat1_.byear as byear4_1_1_, contactdat1_.email as email5_1_1_, contactdat1_.email2 as email6_1_1_, contactdat1_.email3 as email7_1_1_, contactdat1_.firstname as firstnam8_1_1_, contactdat1_.home as home9_1_1_, contactdat1_.lastname as lastnam10_1_1_, contactdat1_.middlename as middlen11_1_1_, contactdat1_.mobile as mobile12_1_1_, contactdat1_.photo as photo13_1_1_, contactdat1_.work as work14_1_1_ from address_in_groups contacts0_ inner join addressbook contactdat1_ on contacts0_.id=contactdat1_.id where contacts0_.group_id=?
Hibernate: select contacts0_.group_id as group_id2_0_0_, contacts0_.id as id1_0_0_, contactdat1_.id as id1_1_1_, contactdat1_.address as address2_1_1_, contactdat1_.bmonth as bmonth3_1_1_, contactdat1_.byear as byear4_1_1_, contactdat1_.email as email5_1_1_, contactdat1_.email2 as email6_1_1_, contactdat1_.email3 as email7_1_1_, contactdat1_.firstname as firstnam8_1_1_, contactdat1_.home as home9_1_1_, contactdat1_.lastname as lastnam10_1_1_, contactdat1_.middlename as middlen11_1_1_, contactdat1_.mobile as mobile12_1_1_, contactdat1_.photo as photo13_1_1_, contactdat1_.work as work14_1_1_ from address_in_groups contacts0_ inner join addressbook contactdat1_ on contacts0_.id=contactdat1_.id where contacts0_.group_id=?
Hibernate: select contacts0_.group_id as group_id2_0_0_, contacts0_.id as id1_0_0_, contactdat1_.id as id1_1_1_, contactdat1_.address as address2_1_1_, contactdat1_.bmonth as bmonth3_1_1_, contactdat1_.byear as byear4_1_1_, contactdat1_.email as email5_1_1_, contactdat1_.email2 as email6_1_1_, contactdat1_.email3 as email7_1_1_, contactdat1_.firstname as firstnam8_1_1_, contactdat1_.home as home9_1_1_, contactdat1_.lastname as lastnam10_1_1_, contactdat1_.middlename as middlen11_1_1_, contactdat1_.mobile as mobile12_1_1_, contactdat1_.photo as photo13_1_1_, contactdat1_.work as work14_1_1_ from address_in_groups contacts0_ inner join addressbook contactdat1_ on contacts0_.id=contactdat1_.id where contacts0_.group_id=?
Hibernate: select contacts0_.group_id as group_id2_0_0_, contacts0_.id as id1_0_0_, contactdat1_.id as id1_1_1_, contactdat1_.address as address2_1_1_, contactdat1_.bmonth as bmonth3_1_1_, contactdat1_.byear as byear4_1_1_, contactdat1_.email as email5_1_1_, contactdat1_.email2 as email6_1_1_, contactdat1_.email3 as email7_1_1_, contactdat1_.firstname as firstnam8_1_1_, contactdat1_.home as home9_1_1_, contactdat1_.lastname as lastnam10_1_1_, contactdat1_.middlename as middlen11_1_1_, contactdat1_.mobile as mobile12_1_1_, contactdat1_.photo as photo13_1_1_, contactdat1_.work as work14_1_1_ from address_in_groups contacts0_ inner join addressbook contactdat1_ on contacts0_.id=contactdat1_.id where contacts0_.group_id=?
Hibernate: select contacts0_.group_id as group_id2_0_0_, contacts0_.id as id1_0_0_, contactdat1_.id as id1_1_1_, contactdat1_.address as address2_1_1_, contactdat1_.bmonth as bmonth3_1_1_, contactdat1_.byear as byear4_1_1_, contactdat1_.email as email5_1_1_, contactdat1_.email2 as email6_1_1_, contactdat1_.email3 as email7_1_1_, contactdat1_.firstname as firstnam8_1_1_, contactdat1_.home as home9_1_1_, contactdat1_.lastname as lastnam10_1_1_, contactdat1_.middlename as middlen11_1_1_, contactdat1_.mobile as mobile12_1_1_, contactdat1_.photo as photo13_1_1_, contactdat1_.work as work14_1_1_ from address_in_groups contacts0_ inner join addressbook contactdat1_ on contacts0_.id=contactdat1_.id where contacts0_.group_id=?
Hibernate: select contacts0_.group_id as group_id2_0_0_, contacts0_.id as id1_0_0_, contactdat1_.id as id1_1_1_, contactdat1_.address as address2_1_1_, contactdat1_.bmonth as bmonth3_1_1_, contactdat1_.byear as byear4_1_1_, contactdat1_.email as email5_1_1_, contactdat1_.email2 as email6_1_1_, contactdat1_.email3 as email7_1_1_, contactdat1_.firstname as firstnam8_1_1_, contactdat1_.home as home9_1_1_, contactdat1_.lastname as lastnam10_1_1_, contactdat1_.middlename as middlen11_1_1_, contactdat1_.mobile as mobile12_1_1_, contactdat1_.photo as photo13_1_1_, contactdat1_.work as work14_1_1_ from address_in_groups contacts0_ inner join addressbook contactdat1_ on contacts0_.id=contactdat1_.id where contacts0_.group_id=?
Hibernate: select contacts0_.group_id as group_id2_0_0_, contacts0_.id as id1_0_0_, contactdat1_.id as id1_1_1_, contactdat1_.address as address2_1_1_, contactdat1_.bmonth as bmonth3_1_1_, contactdat1_.byear as byear4_1_1_, contactdat1_.email as email5_1_1_, contactdat1_.email2 as email6_1_1_, contactdat1_.email3 as email7_1_1_, contactdat1_.firstname as firstnam8_1_1_, contactdat1_.home as home9_1_1_, contactdat1_.lastname as lastnam10_1_1_, contactdat1_.middlename as middlen11_1_1_, contactdat1_.mobile as mobile12_1_1_, contactdat1_.photo as photo13_1_1_, contactdat1_.work as work14_1_1_ from address_in_groups contacts0_ inner join addressbook contactdat1_ on contacts0_.id=contactdat1_.id where contacts0_.group_id=?
Hibernate: select contacts0_.group_id as group_id2_0_0_, contacts0_.id as id1_0_0_, contactdat1_.id as id1_1_1_, contactdat1_.address as address2_1_1_, contactdat1_.bmonth as bmonth3_1_1_, contactdat1_.byear as byear4_1_1_, contactdat1_.email as email5_1_1_, contactdat1_.email2 as email6_1_1_, contactdat1_.email3 as email7_1_1_, contactdat1_.firstname as firstnam8_1_1_, contactdat1_.home as home9_1_1_, contactdat1_.lastname as lastnam10_1_1_, contactdat1_.middlename as middlen11_1_1_, contactdat1_.mobile as mobile12_1_1_, contactdat1_.photo as photo13_1_1_, contactdat1_.work as work14_1_1_ from address_in_groups contacts0_ inner join addressbook contactdat1_ on contacts0_.id=contactdat1_.id where contacts0_.group_id=?
Hibernate: select contacts0_.group_id as group_id2_0_0_, contacts0_.id as id1_0_0_, contactdat1_.id as id1_1_1_, contactdat1_.address as address2_1_1_, contactdat1_.bmonth as bmonth3_1_1_, contactdat1_.byear as byear4_1_1_, contactdat1_.email as email5_1_1_, contactdat1_.email2 as email6_1_1_, contactdat1_.email3 as email7_1_1_, contactdat1_.firstname as firstnam8_1_1_, contactdat1_.home as home9_1_1_, contactdat1_.lastname as lastnam10_1_1_, contactdat1_.middlename as middlen11_1_1_, contactdat1_.mobile as mobile12_1_1_, contactdat1_.photo as photo13_1_1_, contactdat1_.work as work14_1_1_ from address_in_groups contacts0_ inner join addressbook contactdat1_ on contacts0_.id=contactdat1_.id where contacts0_.group_id=?
Hibernate: select contacts0_.group_id as group_id2_0_0_, contacts0_.id as id1_0_0_, contactdat1_.id as id1_1_1_, contactdat1_.address as address2_1_1_, contactdat1_.bmonth as bmonth3_1_1_, contactdat1_.byear as byear4_1_1_, contactdat1_.email as email5_1_1_, contactdat1_.email2 as email6_1_1_, contactdat1_.email3 as email7_1_1_, contactdat1_.firstname as firstnam8_1_1_, contactdat1_.home as home9_1_1_, contactdat1_.lastname as lastnam10_1_1_, contactdat1_.middlename as middlen11_1_1_, contactdat1_.mobile as mobile12_1_1_, contactdat1_.photo as photo13_1_1_, contactdat1_.work as work14_1_1_ from address_in_groups contacts0_ inner join addressbook contactdat1_ on contacts0_.id=contactdat1_.id where contacts0_.group_id=?
Hibernate: select contacts0_.group_id as group_id2_0_0_, contacts0_.id as id1_0_0_, contactdat1_.id as id1_1_1_, contactdat1_.address as address2_1_1_, contactdat1_.bmonth as bmonth3_1_1_, contactdat1_.byear as byear4_1_1_, contactdat1_.email as email5_1_1_, contactdat1_.email2 as email6_1_1_, contactdat1_.email3 as email7_1_1_, contactdat1_.firstname as firstnam8_1_1_, contactdat1_.home as home9_1_1_, contactdat1_.lastname as lastnam10_1_1_, contactdat1_.middlename as middlen11_1_1_, contactdat1_.mobile as mobile12_1_1_, contactdat1_.photo as photo13_1_1_, contactdat1_.work as work14_1_1_ from address_in_groups contacts0_ inner join addressbook contactdat1_ on contacts0_.id=contactdat1_.id where contacts0_.group_id=?
Hibernate: select contacts0_.group_id as group_id2_0_0_, contacts0_.id as id1_0_0_, contactdat1_.id as id1_1_1_, contactdat1_.address as address2_1_1_, contactdat1_.bmonth as bmonth3_1_1_, contactdat1_.byear as byear4_1_1_, contactdat1_.email as email5_1_1_, contactdat1_.email2 as email6_1_1_, contactdat1_.email3 as email7_1_1_, contactdat1_.firstname as firstnam8_1_1_, contactdat1_.home as home9_1_1_, contactdat1_.lastname as lastnam10_1_1_, contactdat1_.middlename as middlen11_1_1_, contactdat1_.mobile as mobile12_1_1_, contactdat1_.photo as photo13_1_1_, contactdat1_.work as work14_1_1_ from address_in_groups contacts0_ inner join addressbook contactdat1_ on contacts0_.id=contactdat1_.id where contacts0_.group_id=?
Hibernate: select contacts0_.group_id as group_id2_0_0_, contacts0_.id as id1_0_0_, contactdat1_.id as id1_1_1_, contactdat1_.address as address2_1_1_, contactdat1_.bmonth as bmonth3_1_1_, contactdat1_.byear as byear4_1_1_, contactdat1_.email as email5_1_1_, contactdat1_.email2 as email6_1_1_, contactdat1_.email3 as email7_1_1_, contactdat1_.firstname as firstnam8_1_1_, contactdat1_.home as home9_1_1_, contactdat1_.lastname as lastnam10_1_1_, contactdat1_.middlename as middlen11_1_1_, contactdat1_.mobile as mobile12_1_1_, contactdat1_.photo as photo13_1_1_, contactdat1_.work as work14_1_1_ from address_in_groups contacts0_ inner join addressbook contactdat1_ on contacts0_.id=contactdat1_.id where contacts0_.group_id=?
Hibernate: select contacts0_.group_id as group_id2_0_0_, contacts0_.id as id1_0_0_, contactdat1_.id as id1_1_1_, contactdat1_.address as address2_1_1_, contactdat1_.bmonth as bmonth3_1_1_, contactdat1_.byear as byear4_1_1_, contactdat1_.email as email5_1_1_, contactdat1_.email2 as email6_1_1_, contactdat1_.email3 as email7_1_1_, contactdat1_.firstname as firstnam8_1_1_, contactdat1_.home as home9_1_1_, contactdat1_.lastname as lastnam10_1_1_, contactdat1_.middlename as middlen11_1_1_, contactdat1_.mobile as mobile12_1_1_, contactdat1_.photo as photo13_1_1_, contactdat1_.work as work14_1_1_ from address_in_groups contacts0_ inner join addressbook contactdat1_ on contacts0_.id=contactdat1_.id where contacts0_.group_id=?
Hibernate: select contacts0_.group_id as group_id2_0_0_, contacts0_.id as id1_0_0_, contactdat1_.id as id1_1_1_, contactdat1_.address as address2_1_1_, contactdat1_.bmonth as bmonth3_1_1_, contactdat1_.byear as byear4_1_1_, contactdat1_.email as email5_1_1_, contactdat1_.email2 as email6_1_1_, contactdat1_.email3 as email7_1_1_, contactdat1_.firstname as firstnam8_1_1_, contactdat1_.home as home9_1_1_, contactdat1_.lastname as lastnam10_1_1_, contactdat1_.middlename as middlen11_1_1_, contactdat1_.mobile as mobile12_1_1_, contactdat1_.photo as photo13_1_1_, contactdat1_.work as work14_1_1_ from address_in_groups contacts0_ inner join addressbook contactdat1_ on contacts0_.id=contactdat1_.id where contacts0_.group_id=?
Hibernate: select contacts0_.group_id as group_id2_0_0_, contacts0_.id as id1_0_0_, contactdat1_.id as id1_1_1_, contactdat1_.address as address2_1_1_, contactdat1_.bmonth as bmonth3_1_1_, contactdat1_.byear as byear4_1_1_, contactdat1_.email as email5_1_1_, contactdat1_.email2 as email6_1_1_, contactdat1_.email3 as email7_1_1_, contactdat1_.firstname as firstnam8_1_1_, contactdat1_.home as home9_1_1_, contactdat1_.lastname as lastnam10_1_1_, contactdat1_.middlename as middlen11_1_1_, contactdat1_.mobile as mobile12_1_1_, contactdat1_.photo as photo13_1_1_, contactdat1_.work as work14_1_1_ from address_in_groups contacts0_ inner join addressbook contactdat1_ on contacts0_.id=contactdat1_.id where contacts0_.group_id=?
Hibernate: select contacts0_.group_id as group_id2_0_0_, contacts0_.id as id1_0_0_, contactdat1_.id as id1_1_1_, contactdat1_.address as address2_1_1_, contactdat1_.bmonth as bmonth3_1_1_, contactdat1_.byear as byear4_1_1_, contactdat1_.email as email5_1_1_, contactdat1_.email2 as email6_1_1_, contactdat1_.email3 as email7_1_1_, contactdat1_.firstname as firstnam8_1_1_, contactdat1_.home as home9_1_1_, contactdat1_.lastname as lastnam10_1_1_, contactdat1_.middlename as middlen11_1_1_, contactdat1_.mobile as mobile12_1_1_, contactdat1_.photo as photo13_1_1_, contactdat1_.work as work14_1_1_ from address_in_groups contacts0_ inner join addressbook contactdat1_ on contacts0_.id=contactdat1_.id where contacts0_.group_id=?
Hibernate: select contacts0_.group_id as group_id2_0_0_, contacts0_.id as id1_0_0_, contactdat1_.id as id1_1_1_, contactdat1_.address as address2_1_1_, contactdat1_.bmonth as bmonth3_1_1_, contactdat1_.byear as byear4_1_1_, contactdat1_.email as email5_1_1_, contactdat1_.email2 as email6_1_1_, contactdat1_.email3 as email7_1_1_, contactdat1_.firstname as firstnam8_1_1_, contactdat1_.home as home9_1_1_, contactdat1_.lastname as lastnam10_1_1_, contactdat1_.middlename as middlen11_1_1_, contactdat1_.mobile as mobile12_1_1_, contactdat1_.photo as photo13_1_1_, contactdat1_.work as work14_1_1_ from address_in_groups contacts0_ inner join addressbook contactdat1_ on contacts0_.id=contactdat1_.id where contacts0_.group_id=?
Hibernate: select contacts0_.group_id as group_id2_0_0_, contacts0_.id as id1_0_0_, contactdat1_.id as id1_1_1_, contactdat1_.address as address2_1_1_, contactdat1_.bmonth as bmonth3_1_1_, contactdat1_.byear as byear4_1_1_, contactdat1_.email as email5_1_1_, contactdat1_.email2 as email6_1_1_, contactdat1_.email3 as email7_1_1_, contactdat1_.firstname as firstnam8_1_1_, contactdat1_.home as home9_1_1_, contactdat1_.lastname as lastnam10_1_1_, contactdat1_.middlename as middlen11_1_1_, contactdat1_.mobile as mobile12_1_1_, contactdat1_.photo as photo13_1_1_, contactdat1_.work as work14_1_1_ from address_in_groups contacts0_ inner join addressbook contactdat1_ on contacts0_.id=contactdat1_.id where contacts0_.group_id=?
Hibernate: select contacts0_.group_id as group_id2_0_0_, contacts0_.id as id1_0_0_, contactdat1_.id as id1_1_1_, contactdat1_.address as address2_1_1_, contactdat1_.bmonth as bmonth3_1_1_, contactdat1_.byear as byear4_1_1_, contactdat1_.email as email5_1_1_, contactdat1_.email2 as email6_1_1_, contactdat1_.email3 as email7_1_1_, contactdat1_.firstname as firstnam8_1_1_, contactdat1_.home as home9_1_1_, contactdat1_.lastname as lastnam10_1_1_, contactdat1_.middlename as middlen11_1_1_, contactdat1_.mobile as mobile12_1_1_, contactdat1_.photo as photo13_1_1_, contactdat1_.work as work14_1_1_ from address_in_groups contacts0_ inner join addressbook contactdat1_ on contacts0_.id=contactdat1_.id where contacts0_.group_id=?
Hibernate: select contacts0_.group_id as group_id2_0_0_, contacts0_.id as id1_0_0_, contactdat1_.id as id1_1_1_, contactdat1_.address as address2_1_1_, contactdat1_.bmonth as bmonth3_1_1_, contactdat1_.byear as byear4_1_1_, contactdat1_.email as email5_1_1_, contactdat1_.email2 as email6_1_1_, contactdat1_.email3 as email7_1_1_, contactdat1_.firstname as firstnam8_1_1_, contactdat1_.home as home9_1_1_, contactdat1_.lastname as lastnam10_1_1_, contactdat1_.middlename as middlen11_1_1_, contactdat1_.mobile as mobile12_1_1_, contactdat1_.photo as photo13_1_1_, contactdat1_.work as work14_1_1_ from address_in_groups contacts0_ inner join addressbook contactdat1_ on contacts0_.id=contactdat1_.id where contacts0_.group_id=?
Hibernate: select contacts0_.group_id as group_id2_0_0_, contacts0_.id as id1_0_0_, contactdat1_.id as id1_1_1_, contactdat1_.address as address2_1_1_, contactdat1_.bmonth as bmonth3_1_1_, contactdat1_.byear as byear4_1_1_, contactdat1_.email as email5_1_1_, contactdat1_.email2 as email6_1_1_, contactdat1_.email3 as email7_1_1_, contactdat1_.firstname as firstnam8_1_1_, contactdat1_.home as home9_1_1_, contactdat1_.lastname as lastnam10_1_1_, contactdat1_.middlename as middlen11_1_1_, contactdat1_.mobile as mobile12_1_1_, contactdat1_.photo as photo13_1_1_, contactdat1_.work as work14_1_1_ from address_in_groups contacts0_ inner join addressbook contactdat1_ on contacts0_.id=contactdat1_.id where contacts0_.group_id=?
Hibernate: select contacts0_.group_id as group_id2_0_0_, contacts0_.id as id1_0_0_, contactdat1_.id as id1_1_1_, contactdat1_.address as address2_1_1_, contactdat1_.bmonth as bmonth3_1_1_, contactdat1_.byear as byear4_1_1_, contactdat1_.email as email5_1_1_, contactdat1_.email2 as email6_1_1_, contactdat1_.email3 as email7_1_1_, contactdat1_.firstname as firstnam8_1_1_, contactdat1_.home as home9_1_1_, contactdat1_.lastname as lastnam10_1_1_, contactdat1_.middlename as middlen11_1_1_, contactdat1_.mobile as mobile12_1_1_, contactdat1_.photo as photo13_1_1_, contactdat1_.work as work14_1_1_ from address_in_groups contacts0_ inner join addressbook contactdat1_ on contacts0_.id=contactdat1_.id where contacts0_.group_id=?
Hibernate: select contacts0_.group_id as group_id2_0_0_, contacts0_.id as id1_0_0_, contactdat1_.id as id1_1_1_, contactdat1_.address as address2_1_1_, contactdat1_.bmonth as bmonth3_1_1_, contactdat1_.byear as byear4_1_1_, contactdat1_.email as email5_1_1_, contactdat1_.email2 as email6_1_1_, contactdat1_.email3 as email7_1_1_, contactdat1_.firstname as firstnam8_1_1_, contactdat1_.home as home9_1_1_, contactdat1_.lastname as lastnam10_1_1_, contactdat1_.middlename as middlen11_1_1_, contactdat1_.mobile as mobile12_1_1_, contactdat1_.photo as photo13_1_1_, contactdat1_.work as work14_1_1_ from address_in_groups contacts0_ inner join addressbook contactdat1_ on contacts0_.id=contactdat1_.id where contacts0_.group_id=?
Hibernate: select contacts0_.group_id as group_id2_0_0_, contacts0_.id as id1_0_0_, contactdat1_.id as id1_1_1_, contactdat1_.address as address2_1_1_, contactdat1_.bmonth as bmonth3_1_1_, contactdat1_.byear as byear4_1_1_, contactdat1_.email as email5_1_1_, contactdat1_.email2 as email6_1_1_, contactdat1_.email3 as email7_1_1_, contactdat1_.firstname as firstnam8_1_1_, contactdat1_.home as home9_1_1_, contactdat1_.lastname as lastnam10_1_1_, contactdat1_.middlename as middlen11_1_1_, contactdat1_.mobile as mobile12_1_1_, contactdat1_.photo as photo13_1_1_, contactdat1_.work as work14_1_1_ from address_in_groups contacts0_ inner join addressbook contactdat1_ on contacts0_.id=contactdat1_.id where contacts0_.group_id=?
Hibernate: select contacts0_.group_id as group_id2_0_0_, contacts0_.id as id1_0_0_, contactdat1_.id as id1_1_1_, contactdat1_.address as address2_1_1_, contactdat1_.bmonth as bmonth3_1_1_, contactdat1_.byear as byear4_1_1_, contactdat1_.email as email5_1_1_, contactdat1_.email2 as email6_1_1_, contactdat1_.email3 as email7_1_1_, contactdat1_.firstname as firstnam8_1_1_, contactdat1_.home as home9_1_1_, contactdat1_.lastname as lastnam10_1_1_, contactdat1_.middlename as middlen11_1_1_, contactdat1_.mobile as mobile12_1_1_, contactdat1_.photo as photo13_1_1_, contactdat1_.work as work14_1_1_ from address_in_groups contacts0_ inner join addressbook contactdat1_ on contacts0_.id=contactdat1_.id where contacts0_.group_id=?
Hibernate: select contacts0_.group_id as group_id2_0_0_, contacts0_.id as id1_0_0_, contactdat1_.id as id1_1_1_, contactdat1_.address as address2_1_1_, contactdat1_.bmonth as bmonth3_1_1_, contactdat1_.byear as byear4_1_1_, contactdat1_.email as email5_1_1_, contactdat1_.email2 as email6_1_1_, contactdat1_.email3 as email7_1_1_, contactdat1_.firstname as firstnam8_1_1_, contactdat1_.home as home9_1_1_, contactdat1_.lastname as lastnam10_1_1_, contactdat1_.middlename as middlen11_1_1_, contactdat1_.mobile as mobile12_1_1_, contactdat1_.photo as photo13_1_1_, contactdat1_.work as work14_1_1_ from address_in_groups contacts0_ inner join addressbook contactdat1_ on contacts0_.id=contactdat1_.id where contacts0_.group_id=?
Hibernate: select contacts0_.group_id as group_id2_0_0_, contacts0_.id as id1_0_0_, contactdat1_.id as id1_1_1_, contactdat1_.address as address2_1_1_, contactdat1_.bmonth as bmonth3_1_1_, contactdat1_.byear as byear4_1_1_, contactdat1_.email as email5_1_1_, contactdat1_.email2 as email6_1_1_, contactdat1_.email3 as email7_1_1_, contactdat1_.firstname as firstnam8_1_1_, contactdat1_.home as home9_1_1_, contactdat1_.lastname as lastnam10_1_1_, contactdat1_.middlename as middlen11_1_1_, contactdat1_.mobile as mobile12_1_1_, contactdat1_.photo as photo13_1_1_, contactdat1_.work as work14_1_1_ from address_in_groups contacts0_ inner join addressbook contactdat1_ on contacts0_.id=contactdat1_.id where contacts0_.group_id=?
Hibernate: select contacts0_.group_id as group_id2_0_0_, contacts0_.id as id1_0_0_, contactdat1_.id as id1_1_1_, contactdat1_.address as address2_1_1_, contactdat1_.bmonth as bmonth3_1_1_, contactdat1_.byear as byear4_1_1_, contactdat1_.email as email5_1_1_, contactdat1_.email2 as email6_1_1_, contactdat1_.email3 as email7_1_1_, contactdat1_.firstname as firstnam8_1_1_, contactdat1_.home as home9_1_1_, contactdat1_.lastname as lastnam10_1_1_, contactdat1_.middlename as middlen11_1_1_, contactdat1_.mobile as mobile12_1_1_, contactdat1_.photo as photo13_1_1_, contactdat1_.work as work14_1_1_ from address_in_groups contacts0_ inner join addressbook contactdat1_ on contacts0_.id=contactdat1_.id where contacts0_.group_id=?
Hibernate: select contacts0_.group_id as group_id2_0_0_, contacts0_.id as id1_0_0_, contactdat1_.id as id1_1_1_, contactdat1_.address as address2_1_1_, contactdat1_.bmonth as bmonth3_1_1_, contactdat1_.byear as byear4_1_1_, contactdat1_.email as email5_1_1_, contactdat1_.email2 as email6_1_1_, contactdat1_.email3 as email7_1_1_, contactdat1_.firstname as firstnam8_1_1_, contactdat1_.home as home9_1_1_, contactdat1_.lastname as lastnam10_1_1_, contactdat1_.middlename as middlen11_1_1_, contactdat1_.mobile as mobile12_1_1_, contactdat1_.photo as photo13_1_1_, contactdat1_.work as work14_1_1_ from address_in_groups contacts0_ inner join addressbook contactdat1_ on contacts0_.id=contactdat1_.id where contacts0_.group_id=?
Hibernate: select contacts0_.group_id as group_id2_0_0_, contacts0_.id as id1_0_0_, contactdat1_.id as id1_1_1_, contactdat1_.address as address2_1_1_, contactdat1_.bmonth as bmonth3_1_1_, contactdat1_.byear as byear4_1_1_, contactdat1_.email as email5_1_1_, contactdat1_.email2 as email6_1_1_, contactdat1_.email3 as email7_1_1_, contactdat1_.firstname as firstnam8_1_1_, contactdat1_.home as home9_1_1_, contactdat1_.lastname as lastnam10_1_1_, contactdat1_.middlename as middlen11_1_1_, contactdat1_.mobile as mobile12_1_1_, contactdat1_.photo as photo13_1_1_, contactdat1_.work as work14_1_1_ from address_in_groups contacts0_ inner join addressbook contactdat1_ on contacts0_.id=contactdat1_.id where contacts0_.group_id=?
Hibernate: select contacts0_.group_id as group_id2_0_0_, contacts0_.id as id1_0_0_, contactdat1_.id as id1_1_1_, contactdat1_.address as address2_1_1_, contactdat1_.bmonth as bmonth3_1_1_, contactdat1_.byear as byear4_1_1_, contactdat1_.email as email5_1_1_, contactdat1_.email2 as email6_1_1_, contactdat1_.email3 as email7_1_1_, contactdat1_.firstname as firstnam8_1_1_, contactdat1_.home as home9_1_1_, contactdat1_.lastname as lastnam10_1_1_, contactdat1_.middlename as middlen11_1_1_, contactdat1_.mobile as mobile12_1_1_, contactdat1_.photo as photo13_1_1_, contactdat1_.work as work14_1_1_ from address_in_groups contacts0_ inner join addressbook contactdat1_ on contacts0_.id=contactdat1_.id where contacts0_.group_id=?
Hibernate: select contacts0_.group_id as group_id2_0_0_, contacts0_.id as id1_0_0_, contactdat1_.id as id1_1_1_, contactdat1_.address as address2_1_1_, contactdat1_.bmonth as bmonth3_1_1_, contactdat1_.byear as byear4_1_1_, contactdat1_.email as email5_1_1_, contactdat1_.email2 as email6_1_1_, contactdat1_.email3 as email7_1_1_, contactdat1_.firstname as firstnam8_1_1_, contactdat1_.home as home9_1_1_, contactdat1_.lastname as lastnam10_1_1_, contactdat1_.middlename as middlen11_1_1_, contactdat1_.mobile as mobile12_1_1_, contactdat1_.photo as photo13_1_1_, contactdat1_.work as work14_1_1_ from address_in_groups contacts0_ inner join addressbook contactdat1_ on contacts0_.id=contactdat1_.id where contacts0_.group_id=?
Hibernate: select contacts0_.group_id as group_id2_0_0_, contacts0_.id as id1_0_0_, contactdat1_.id as id1_1_1_, contactdat1_.address as address2_1_1_, contactdat1_.bmonth as bmonth3_1_1_, contactdat1_.byear as byear4_1_1_, contactdat1_.email as email5_1_1_, contactdat1_.email2 as email6_1_1_, contactdat1_.email3 as email7_1_1_, contactdat1_.firstname as firstnam8_1_1_, contactdat1_.home as home9_1_1_, contactdat1_.lastname as lastnam10_1_1_, contactdat1_.middlename as middlen11_1_1_, contactdat1_.mobile as mobile12_1_1_, contactdat1_.photo as photo13_1_1_, contactdat1_.work as work14_1_1_ from address_in_groups contacts0_ inner join addressbook contactdat1_ on contacts0_.id=contactdat1_.id where contacts0_.group_id=?
Hibernate: select contacts0_.group_id as group_id2_0_0_, contacts0_.id as id1_0_0_, contactdat1_.id as id1_1_1_, contactdat1_.address as address2_1_1_, contactdat1_.bmonth as bmonth3_1_1_, contactdat1_.byear as byear4_1_1_, contactdat1_.email as email5_1_1_, contactdat1_.email2 as email6_1_1_, contactdat1_.email3 as email7_1_1_, contactdat1_.firstname as firstnam8_1_1_, contactdat1_.home as home9_1_1_, contactdat1_.lastname as lastnam10_1_1_, contactdat1_.middlename as middlen11_1_1_, contactdat1_.mobile as mobile12_1_1_, contactdat1_.photo as photo13_1_1_, contactdat1_.work as work14_1_1_ from address_in_groups contacts0_ inner join addressbook contactdat1_ on contacts0_.id=contactdat1_.id where contacts0_.group_id=?
Hibernate: select contacts0_.group_id as group_id2_0_0_, contacts0_.id as id1_0_0_, contactdat1_.id as id1_1_1_, contactdat1_.address as address2_1_1_, contactdat1_.bmonth as bmonth3_1_1_, contactdat1_.byear as byear4_1_1_, contactdat1_.email as email5_1_1_, contactdat1_.email2 as email6_1_1_, contactdat1_.email3 as email7_1_1_, contactdat1_.firstname as firstnam8_1_1_, contactdat1_.home as home9_1_1_, contactdat1_.lastname as lastnam10_1_1_, contactdat1_.middlename as middlen11_1_1_, contactdat1_.mobile as mobile12_1_1_, contactdat1_.photo as photo13_1_1_, contactdat1_.work as work14_1_1_ from address_in_groups contacts0_ inner join addressbook contactdat1_ on contacts0_.id=contactdat1_.id where contacts0_.group_id=?
Hibernate: select contacts0_.group_id as group_id2_0_0_, contacts0_.id as id1_0_0_, contactdat1_.id as id1_1_1_, contactdat1_.address as address2_1_1_, contactdat1_.bmonth as bmonth3_1_1_, contactdat1_.byear as byear4_1_1_, contactdat1_.email as email5_1_1_, contactdat1_.email2 as email6_1_1_, contactdat1_.email3 as email7_1_1_, contactdat1_.firstname as firstnam8_1_1_, contactdat1_.home as home9_1_1_, contactdat1_.lastname as lastnam10_1_1_, contactdat1_.middlename as middlen11_1_1_, contactdat1_.mobile as mobile12_1_1_, contactdat1_.photo as photo13_1_1_, contactdat1_.work as work14_1_1_ from address_in_groups contacts0_ inner join addressbook contactdat1_ on contacts0_.id=contactdat1_.id where contacts0_.group_id=?
Hibernate: select contacts0_.group_id as group_id2_0_0_, contacts0_.id as id1_0_0_, contactdat1_.id as id1_1_1_, contactdat1_.address as address2_1_1_, contactdat1_.bmonth as bmonth3_1_1_, contactdat1_.byear as byear4_1_1_, contactdat1_.email as email5_1_1_, contactdat1_.email2 as email6_1_1_, contactdat1_.email3 as email7_1_1_, contactdat1_.firstname as firstnam8_1_1_, contactdat1_.home as home9_1_1_, contactdat1_.lastname as lastnam10_1_1_, contactdat1_.middlename as middlen11_1_1_, contactdat1_.mobile as mobile12_1_1_, contactdat1_.photo as photo13_1_1_, contactdat1_.work as work14_1_1_ from address_in_groups contacts0_ inner join addressbook contactdat1_ on contacts0_.id=contactdat1_.id where contacts0_.group_id=?
Hibernate: select contacts0_.group_id as group_id2_0_0_, contacts0_.id as id1_0_0_, contactdat1_.id as id1_1_1_, contactdat1_.address as address2_1_1_, contactdat1_.bmonth as bmonth3_1_1_, contactdat1_.byear as byear4_1_1_, contactdat1_.email as email5_1_1_, contactdat1_.email2 as email6_1_1_, contactdat1_.email3 as email7_1_1_, contactdat1_.firstname as firstnam8_1_1_, contactdat1_.home as home9_1_1_, contactdat1_.lastname as lastnam10_1_1_, contactdat1_.middlename as middlen11_1_1_, contactdat1_.mobile as mobile12_1_1_, contactdat1_.photo as photo13_1_1_, contactdat1_.work as work14_1_1_ from address_in_groups contacts0_ inner join addressbook contactdat1_ on contacts0_.id=contactdat1_.id where contacts0_.group_id=?
Hibernate: select contacts0_.group_id as group_id2_0_0_, contacts0_.id as id1_0_0_, contactdat1_.id as id1_1_1_, contactdat1_.address as address2_1_1_, contactdat1_.bmonth as bmonth3_1_1_, contactdat1_.byear as byear4_1_1_, contactdat1_.email as email5_1_1_, contactdat1_.email2 as email6_1_1_, contactdat1_.email3 as email7_1_1_, contactdat1_.firstname as firstnam8_1_1_, contactdat1_.home as home9_1_1_, contactdat1_.lastname as lastnam10_1_1_, contactdat1_.middlename as middlen11_1_1_, contactdat1_.mobile as mobile12_1_1_, contactdat1_.photo as photo13_1_1_, contactdat1_.work as work14_1_1_ from address_in_groups contacts0_ inner join addressbook contactdat1_ on contacts0_.id=contactdat1_.id where contacts0_.group_id=?
Hibernate: select contacts0_.group_id as group_id2_0_0_, contacts0_.id as id1_0_0_, contactdat1_.id as id1_1_1_, contactdat1_.address as address2_1_1_, contactdat1_.bmonth as bmonth3_1_1_, contactdat1_.byear as byear4_1_1_, contactdat1_.email as email5_1_1_, contactdat1_.email2 as email6_1_1_, contactdat1_.email3 as email7_1_1_, contactdat1_.firstname as firstnam8_1_1_, contactdat1_.home as home9_1_1_, contactdat1_.lastname as lastnam10_1_1_, contactdat1_.middlename as middlen11_1_1_, contactdat1_.mobile as mobile12_1_1_, contactdat1_.photo as photo13_1_1_, contactdat1_.work as work14_1_1_ from address_in_groups contacts0_ inner join addressbook contactdat1_ on contacts0_.id=contactdat1_.id where contacts0_.group_id=?
Hibernate: select contacts0_.group_id as group_id2_0_0_, contacts0_.id as id1_0_0_, contactdat1_.id as id1_1_1_, contactdat1_.address as address2_1_1_, contactdat1_.bmonth as bmonth3_1_1_, contactdat1_.byear as byear4_1_1_, contactdat1_.email as email5_1_1_, contactdat1_.email2 as email6_1_1_, contactdat1_.email3 as email7_1_1_, contactdat1_.firstname as firstnam8_1_1_, contactdat1_.home as home9_1_1_, contactdat1_.lastname as lastnam10_1_1_, contactdat1_.middlename as middlen11_1_1_, contactdat1_.mobile as mobile12_1_1_, contactdat1_.photo as photo13_1_1_, contactdat1_.work as work14_1_1_ from address_in_groups contacts0_ inner join addressbook contactdat1_ on contacts0_.id=contactdat1_.id where contacts0_.group_id=?
Hibernate: select contacts0_.group_id as group_id2_0_0_, contacts0_.id as id1_0_0_, contactdat1_.id as id1_1_1_, contactdat1_.address as address2_1_1_, contactdat1_.bmonth as bmonth3_1_1_, contactdat1_.byear as byear4_1_1_, contactdat1_.email as email5_1_1_, contactdat1_.email2 as email6_1_1_, contactdat1_.email3 as email7_1_1_, contactdat1_.firstname as firstnam8_1_1_, contactdat1_.home as home9_1_1_, contactdat1_.lastname as lastnam10_1_1_, contactdat1_.middlename as middlen11_1_1_, contactdat1_.mobile as mobile12_1_1_, contactdat1_.photo as photo13_1_1_, contactdat1_.work as work14_1_1_ from address_in_groups contacts0_ inner join addressbook contactdat1_ on contacts0_.id=contactdat1_.id where contacts0_.group_id=?
Hibernate: select contacts0_.group_id as group_id2_0_0_, contacts0_.id as id1_0_0_, contactdat1_.id as id1_1_1_, contactdat1_.address as address2_1_1_, contactdat1_.bmonth as bmonth3_1_1_, contactdat1_.byear as byear4_1_1_, contactdat1_.email as email5_1_1_, contactdat1_.email2 as email6_1_1_, contactdat1_.email3 as email7_1_1_, contactdat1_.firstname as firstnam8_1_1_, contactdat1_.home as home9_1_1_, contactdat1_.lastname as lastnam10_1_1_, contactdat1_.middlename as middlen11_1_1_, contactdat1_.mobile as mobile12_1_1_, contactdat1_.photo as photo13_1_1_, contactdat1_.work as work14_1_1_ from address_in_groups contacts0_ inner join addressbook contactdat1_ on contacts0_.id=contactdat1_.id where contacts0_.group_id=?
Hibernate: select contacts0_.group_id as group_id2_0_0_, contacts0_.id as id1_0_0_, contactdat1_.id as id1_1_1_, contactdat1_.address as address2_1_1_, contactdat1_.bmonth as bmonth3_1_1_, contactdat1_.byear as byear4_1_1_, contactdat1_.email as email5_1_1_, contactdat1_.email2 as email6_1_1_, contactdat1_.email3 as email7_1_1_, contactdat1_.firstname as firstnam8_1_1_, contactdat1_.home as home9_1_1_, contactdat1_.lastname as lastnam10_1_1_, contactdat1_.middlename as middlen11_1_1_, contactdat1_.mobile as mobile12_1_1_, contactdat1_.photo as photo13_1_1_, contactdat1_.work as work14_1_1_ from address_in_groups contacts0_ inner join addressbook contactdat1_ on contacts0_.id=contactdat1_.id where contacts0_.group_id=?
Hibernate: select contacts0_.group_id as group_id2_0_0_, contacts0_.id as id1_0_0_, contactdat1_.id as id1_1_1_, contactdat1_.address as address2_1_1_, contactdat1_.bmonth as bmonth3_1_1_, contactdat1_.byear as byear4_1_1_, contactdat1_.email as email5_1_1_, contactdat1_.email2 as email6_1_1_, contactdat1_.email3 as email7_1_1_, contactdat1_.firstname as firstnam8_1_1_, contactdat1_.home as home9_1_1_, contactdat1_.lastname as lastnam10_1_1_, contactdat1_.middlename as middlen11_1_1_, contactdat1_.mobile as mobile12_1_1_, contactdat1_.photo as photo13_1_1_, contactdat1_.work as work14_1_1_ from address_in_groups contacts0_ inner join addressbook contactdat1_ on contacts0_.id=contactdat1_.id where contacts0_.group_id=?
Hibernate: select contacts0_.group_id as group_id2_0_0_, contacts0_.id as id1_0_0_, contactdat1_.id as id1_1_1_, contactdat1_.address as address2_1_1_, contactdat1_.bmonth as bmonth3_1_1_, contactdat1_.byear as byear4_1_1_, contactdat1_.email as email5_1_1_, contactdat1_.email2 as email6_1_1_, contactdat1_.email3 as email7_1_1_, contactdat1_.firstname as firstnam8_1_1_, contactdat1_.home as home9_1_1_, contactdat1_.lastname as lastnam10_1_1_, contactdat1_.middlename as middlen11_1_1_, contactdat1_.mobile as mobile12_1_1_, contactdat1_.photo as photo13_1_1_, contactdat1_.work as work14_1_1_ from address_in_groups contacts0_ inner join addressbook contactdat1_ on contacts0_.id=contactdat1_.id where contacts0_.group_id=?
22:10:55.721 [Test worker] INFO  r.s.pft.addressbook.tests.TestBase - End testtestGroupCreation
22:10:55.724 [Test worker] INFO  r.s.pft.addressbook.tests.TestBase - Start testtestGroupCreation with parameters [GroupData{id='0', name='test 9'}]
Hibernate: select groupdata0_.group_id as group_id1_2_, groupdata0_.group_footer as group_fo2_2_, groupdata0_.group_header as group_he3_2_, groupdata0_.group_name as group_na4_2_ from group_list groupdata0_
Hibernate: select contacts0_.group_id as group_id2_0_0_, contacts0_.id as id1_0_0_, contactdat1_.id as id1_1_1_, contactdat1_.address as address2_1_1_, contactdat1_.bmonth as bmonth3_1_1_, contactdat1_.byear as byear4_1_1_, contactdat1_.email as email5_1_1_, contactdat1_.email2 as email6_1_1_, contactdat1_.email3 as email7_1_1_, contactdat1_.firstname as firstnam8_1_1_, contactdat1_.home as home9_1_1_, contactdat1_.lastname as lastnam10_1_1_, contactdat1_.middlename as middlen11_1_1_, contactdat1_.mobile as mobile12_1_1_, contactdat1_.photo as photo13_1_1_, contactdat1_.work as work14_1_1_ from address_in_groups contacts0_ inner join addressbook contactdat1_ on contacts0_.id=contactdat1_.id where contacts0_.group_id=?
Hibernate: select contacts0_.group_id as group_id2_0_0_, contacts0_.id as id1_0_0_, contactdat1_.id as id1_1_1_, contactdat1_.address as address2_1_1_, contactdat1_.bmonth as bmonth3_1_1_, contactdat1_.byear as byear4_1_1_, contactdat1_.email as email5_1_1_, contactdat1_.email2 as email6_1_1_, contactdat1_.email3 as email7_1_1_, contactdat1_.firstname as firstnam8_1_1_, contactdat1_.home as home9_1_1_, contactdat1_.lastname as lastnam10_1_1_, contactdat1_.middlename as middlen11_1_1_, contactdat1_.mobile as mobile12_1_1_, contactdat1_.photo as photo13_1_1_, contactdat1_.work as work14_1_1_ from address_in_groups contacts0_ inner join addressbook contactdat1_ on contacts0_.id=contactdat1_.id where contacts0_.group_id=?
Hibernate: select contacts0_.group_id as group_id2_0_0_, contacts0_.id as id1_0_0_, contactdat1_.id as id1_1_1_, contactdat1_.address as address2_1_1_, contactdat1_.bmonth as bmonth3_1_1_, contactdat1_.byear as byear4_1_1_, contactdat1_.email as email5_1_1_, contactdat1_.email2 as email6_1_1_, contactdat1_.email3 as email7_1_1_, contactdat1_.firstname as firstnam8_1_1_, contactdat1_.home as home9_1_1_, contactdat1_.lastname as lastnam10_1_1_, contactdat1_.middlename as middlen11_1_1_, contactdat1_.mobile as mobile12_1_1_, contactdat1_.photo as photo13_1_1_, contactdat1_.work as work14_1_1_ from address_in_groups contacts0_ inner join addressbook contactdat1_ on contacts0_.id=contactdat1_.id where contacts0_.group_id=?
Hibernate: select contacts0_.group_id as group_id2_0_0_, contacts0_.id as id1_0_0_, contactdat1_.id as id1_1_1_, contactdat1_.address as address2_1_1_, contactdat1_.bmonth as bmonth3_1_1_, contactdat1_.byear as byear4_1_1_, contactdat1_.email as email5_1_1_, contactdat1_.email2 as email6_1_1_, contactdat1_.email3 as email7_1_1_, contactdat1_.firstname as firstnam8_1_1_, contactdat1_.home as home9_1_1_, contactdat1_.lastname as lastnam10_1_1_, contactdat1_.middlename as middlen11_1_1_, contactdat1_.mobile as mobile12_1_1_, contactdat1_.photo as photo13_1_1_, contactdat1_.work as work14_1_1_ from address_in_groups contacts0_ inner join addressbook contactdat1_ on contacts0_.id=contactdat1_.id where contacts0_.group_id=?
Hibernate: select contacts0_.group_id as group_id2_0_0_, contacts0_.id as id1_0_0_, contactdat1_.id as id1_1_1_, contactdat1_.address as address2_1_1_, contactdat1_.bmonth as bmonth3_1_1_, contactdat1_.byear as byear4_1_1_, contactdat1_.email as email5_1_1_, contactdat1_.email2 as email6_1_1_, contactdat1_.email3 as email7_1_1_, contactdat1_.firstname as firstnam8_1_1_, contactdat1_.home as home9_1_1_, contactdat1_.lastname as lastnam10_1_1_, contactdat1_.middlename as middlen11_1_1_, contactdat1_.mobile as mobile12_1_1_, contactdat1_.photo as photo13_1_1_, contactdat1_.work as work14_1_1_ from address_in_groups contacts0_ inner join addressbook contactdat1_ on contacts0_.id=contactdat1_.id where contacts0_.group_id=?
Hibernate: select contacts0_.group_id as group_id2_0_0_, contacts0_.id as id1_0_0_, contactdat1_.id as id1_1_1_, contactdat1_.address as address2_1_1_, contactdat1_.bmonth as bmonth3_1_1_, contactdat1_.byear as byear4_1_1_, contactdat1_.email as email5_1_1_, contactdat1_.email2 as email6_1_1_, contactdat1_.email3 as email7_1_1_, contactdat1_.firstname as firstnam8_1_1_, contactdat1_.home as home9_1_1_, contactdat1_.lastname as lastnam10_1_1_, contactdat1_.middlename as middlen11_1_1_, contactdat1_.mobile as mobile12_1_1_, contactdat1_.photo as photo13_1_1_, contactdat1_.work as work14_1_1_ from address_in_groups contacts0_ inner join addressbook contactdat1_ on contacts0_.id=contactdat1_.id where contacts0_.group_id=?
Hibernate: select contacts0_.group_id as group_id2_0_0_, contacts0_.id as id1_0_0_, contactdat1_.id as id1_1_1_, contactdat1_.address as address2_1_1_, contactdat1_.bmonth as bmonth3_1_1_, contactdat1_.byear as byear4_1_1_, contactdat1_.email as email5_1_1_, contactdat1_.email2 as email6_1_1_, contactdat1_.email3 as email7_1_1_, contactdat1_.firstname as firstnam8_1_1_, contactdat1_.home as home9_1_1_, contactdat1_.lastname as lastnam10_1_1_, contactdat1_.middlename as middlen11_1_1_, contactdat1_.mobile as mobile12_1_1_, contactdat1_.photo as photo13_1_1_, contactdat1_.work as work14_1_1_ from address_in_groups contacts0_ inner join addressbook contactdat1_ on contacts0_.id=contactdat1_.id where contacts0_.group_id=?
Hibernate: select contacts0_.group_id as group_id2_0_0_, contacts0_.id as id1_0_0_, contactdat1_.id as id1_1_1_, contactdat1_.address as address2_1_1_, contactdat1_.bmonth as bmonth3_1_1_, contactdat1_.byear as byear4_1_1_, contactdat1_.email as email5_1_1_, contactdat1_.email2 as email6_1_1_, contactdat1_.email3 as email7_1_1_, contactdat1_.firstname as firstnam8_1_1_, contactdat1_.home as home9_1_1_, contactdat1_.lastname as lastnam10_1_1_, contactdat1_.middlename as middlen11_1_1_, contactdat1_.mobile as mobile12_1_1_, contactdat1_.photo as photo13_1_1_, contactdat1_.work as work14_1_1_ from address_in_groups contacts0_ inner join addressbook contactdat1_ on contacts0_.id=contactdat1_.id where contacts0_.group_id=?
Hibernate: select contacts0_.group_id as group_id2_0_0_, contacts0_.id as id1_0_0_, contactdat1_.id as id1_1_1_, contactdat1_.address as address2_1_1_, contactdat1_.bmonth as bmonth3_1_1_, contactdat1_.byear as byear4_1_1_, contactdat1_.email as email5_1_1_, contactdat1_.email2 as email6_1_1_, contactdat1_.email3 as email7_1_1_, contactdat1_.firstname as firstnam8_1_1_, contactdat1_.home as home9_1_1_, contactdat1_.lastname as lastnam10_1_1_, contactdat1_.middlename as middlen11_1_1_, contactdat1_.mobile as mobile12_1_1_, contactdat1_.photo as photo13_1_1_, contactdat1_.work as work14_1_1_ from address_in_groups contacts0_ inner join addressbook contactdat1_ on contacts0_.id=contactdat1_.id where contacts0_.group_id=?
Hibernate: select contacts0_.group_id as group_id2_0_0_, contacts0_.id as id1_0_0_, contactdat1_.id as id1_1_1_, contactdat1_.address as address2_1_1_, contactdat1_.bmonth as bmonth3_1_1_, contactdat1_.byear as byear4_1_1_, contactdat1_.email as email5_1_1_, contactdat1_.email2 as email6_1_1_, contactdat1_.email3 as email7_1_1_, contactdat1_.firstname as firstnam8_1_1_, contactdat1_.home as home9_1_1_, contactdat1_.lastname as lastnam10_1_1_, contactdat1_.middlename as middlen11_1_1_, contactdat1_.mobile as mobile12_1_1_, contactdat1_.photo as photo13_1_1_, contactdat1_.work as work14_1_1_ from address_in_groups contacts0_ inner join addressbook contactdat1_ on contacts0_.id=contactdat1_.id where contacts0_.group_id=?
Hibernate: select contacts0_.group_id as group_id2_0_0_, contacts0_.id as id1_0_0_, contactdat1_.id as id1_1_1_, contactdat1_.address as address2_1_1_, contactdat1_.bmonth as bmonth3_1_1_, contactdat1_.byear as byear4_1_1_, contactdat1_.email as email5_1_1_, contactdat1_.email2 as email6_1_1_, contactdat1_.email3 as email7_1_1_, contactdat1_.firstname as firstnam8_1_1_, contactdat1_.home as home9_1_1_, contactdat1_.lastname as lastnam10_1_1_, contactdat1_.middlename as middlen11_1_1_, contactdat1_.mobile as mobile12_1_1_, contactdat1_.photo as photo13_1_1_, contactdat1_.work as work14_1_1_ from address_in_groups contacts0_ inner join addressbook contactdat1_ on contacts0_.id=contactdat1_.id where contacts0_.group_id=?
Hibernate: select contacts0_.group_id as group_id2_0_0_, contacts0_.id as id1_0_0_, contactdat1_.id as id1_1_1_, contactdat1_.address as address2_1_1_, contactdat1_.bmonth as bmonth3_1_1_, contactdat1_.byear as byear4_1_1_, contactdat1_.email as email5_1_1_, contactdat1_.email2 as email6_1_1_, contactdat1_.email3 as email7_1_1_, contactdat1_.firstname as firstnam8_1_1_, contactdat1_.home as home9_1_1_, contactdat1_.lastname as lastnam10_1_1_, contactdat1_.middlename as middlen11_1_1_, contactdat1_.mobile as mobile12_1_1_, contactdat1_.photo as photo13_1_1_, contactdat1_.work as work14_1_1_ from address_in_groups contacts0_ inner join addressbook contactdat1_ on contacts0_.id=contactdat1_.id where contacts0_.group_id=?
Hibernate: select contacts0_.group_id as group_id2_0_0_, contacts0_.id as id1_0_0_, contactdat1_.id as id1_1_1_, contactdat1_.address as address2_1_1_, contactdat1_.bmonth as bmonth3_1_1_, contactdat1_.byear as byear4_1_1_, contactdat1_.email as email5_1_1_, contactdat1_.email2 as email6_1_1_, contactdat1_.email3 as email7_1_1_, contactdat1_.firstname as firstnam8_1_1_, contactdat1_.home as home9_1_1_, contactdat1_.lastname as lastnam10_1_1_, contactdat1_.middlename as middlen11_1_1_, contactdat1_.mobile as mobile12_1_1_, contactdat1_.photo as photo13_1_1_, contactdat1_.work as work14_1_1_ from address_in_groups contacts0_ inner join addressbook contactdat1_ on contacts0_.id=contactdat1_.id where contacts0_.group_id=?
Hibernate: select contacts0_.group_id as group_id2_0_0_, contacts0_.id as id1_0_0_, contactdat1_.id as id1_1_1_, contactdat1_.address as address2_1_1_, contactdat1_.bmonth as bmonth3_1_1_, contactdat1_.byear as byear4_1_1_, contactdat1_.email as email5_1_1_, contactdat1_.email2 as email6_1_1_, contactdat1_.email3 as email7_1_1_, contactdat1_.firstname as firstnam8_1_1_, contactdat1_.home as home9_1_1_, contactdat1_.lastname as lastnam10_1_1_, contactdat1_.middlename as middlen11_1_1_, contactdat1_.mobile as mobile12_1_1_, contactdat1_.photo as photo13_1_1_, contactdat1_.work as work14_1_1_ from address_in_groups contacts0_ inner join addressbook contactdat1_ on contacts0_.id=contactdat1_.id where contacts0_.group_id=?
Hibernate: select contacts0_.group_id as group_id2_0_0_, contacts0_.id as id1_0_0_, contactdat1_.id as id1_1_1_, contactdat1_.address as address2_1_1_, contactdat1_.bmonth as bmonth3_1_1_, contactdat1_.byear as byear4_1_1_, contactdat1_.email as email5_1_1_, contactdat1_.email2 as email6_1_1_, contactdat1_.email3 as email7_1_1_, contactdat1_.firstname as firstnam8_1_1_, contactdat1_.home as home9_1_1_, contactdat1_.lastname as lastnam10_1_1_, contactdat1_.middlename as middlen11_1_1_, contactdat1_.mobile as mobile12_1_1_, contactdat1_.photo as photo13_1_1_, contactdat1_.work as work14_1_1_ from address_in_groups contacts0_ inner join addressbook contactdat1_ on contacts0_.id=contactdat1_.id where contacts0_.group_id=?
Hibernate: select contacts0_.group_id as group_id2_0_0_, contacts0_.id as id1_0_0_, contactdat1_.id as id1_1_1_, contactdat1_.address as address2_1_1_, contactdat1_.bmonth as bmonth3_1_1_, contactdat1_.byear as byear4_1_1_, contactdat1_.email as email5_1_1_, contactdat1_.email2 as email6_1_1_, contactdat1_.email3 as email7_1_1_, contactdat1_.firstname as firstnam8_1_1_, contactdat1_.home as home9_1_1_, contactdat1_.lastname as lastnam10_1_1_, contactdat1_.middlename as middlen11_1_1_, contactdat1_.mobile as mobile12_1_1_, contactdat1_.photo as photo13_1_1_, contactdat1_.work as work14_1_1_ from address_in_groups contacts0_ inner join addressbook contactdat1_ on contacts0_.id=contactdat1_.id where contacts0_.group_id=?
Hibernate: select contacts0_.group_id as group_id2_0_0_, contacts0_.id as id1_0_0_, contactdat1_.id as id1_1_1_, contactdat1_.address as address2_1_1_, contactdat1_.bmonth as bmonth3_1_1_, contactdat1_.byear as byear4_1_1_, contactdat1_.email as email5_1_1_, contactdat1_.email2 as email6_1_1_, contactdat1_.email3 as email7_1_1_, contactdat1_.firstname as firstnam8_1_1_, contactdat1_.home as home9_1_1_, contactdat1_.lastname as lastnam10_1_1_, contactdat1_.middlename as middlen11_1_1_, contactdat1_.mobile as mobile12_1_1_, contactdat1_.photo as photo13_1_1_, contactdat1_.work as work14_1_1_ from address_in_groups contacts0_ inner join addressbook contactdat1_ on contacts0_.id=contactdat1_.id where contacts0_.group_id=?
Hibernate: select contacts0_.group_id as group_id2_0_0_, contacts0_.id as id1_0_0_, contactdat1_.id as id1_1_1_, contactdat1_.address as address2_1_1_, contactdat1_.bmonth as bmonth3_1_1_, contactdat1_.byear as byear4_1_1_, contactdat1_.email as email5_1_1_, contactdat1_.email2 as email6_1_1_, contactdat1_.email3 as email7_1_1_, contactdat1_.firstname as firstnam8_1_1_, contactdat1_.home as home9_1_1_, contactdat1_.lastname as lastnam10_1_1_, contactdat1_.middlename as middlen11_1_1_, contactdat1_.mobile as mobile12_1_1_, contactdat1_.photo as photo13_1_1_, contactdat1_.work as work14_1_1_ from address_in_groups contacts0_ inner join addressbook contactdat1_ on contacts0_.id=contactdat1_.id where contacts0_.group_id=?
Hibernate: select contacts0_.group_id as group_id2_0_0_, contacts0_.id as id1_0_0_, contactdat1_.id as id1_1_1_, contactdat1_.address as address2_1_1_, contactdat1_.bmonth as bmonth3_1_1_, contactdat1_.byear as byear4_1_1_, contactdat1_.email as email5_1_1_, contactdat1_.email2 as email6_1_1_, contactdat1_.email3 as email7_1_1_, contactdat1_.firstname as firstnam8_1_1_, contactdat1_.home as home9_1_1_, contactdat1_.lastname as lastnam10_1_1_, contactdat1_.middlename as middlen11_1_1_, contactdat1_.mobile as mobile12_1_1_, contactdat1_.photo as photo13_1_1_, contactdat1_.work as work14_1_1_ from address_in_groups contacts0_ inner join addressbook contactdat1_ on contacts0_.id=contactdat1_.id where contacts0_.group_id=?
Hibernate: select contacts0_.group_id as group_id2_0_0_, contacts0_.id as id1_0_0_, contactdat1_.id as id1_1_1_, contactdat1_.address as address2_1_1_, contactdat1_.bmonth as bmonth3_1_1_, contactdat1_.byear as byear4_1_1_, contactdat1_.email as email5_1_1_, contactdat1_.email2 as email6_1_1_, contactdat1_.email3 as email7_1_1_, contactdat1_.firstname as firstnam8_1_1_, contactdat1_.home as home9_1_1_, contactdat1_.lastname as lastnam10_1_1_, contactdat1_.middlename as middlen11_1_1_, contactdat1_.mobile as mobile12_1_1_, contactdat1_.photo as photo13_1_1_, contactdat1_.work as work14_1_1_ from address_in_groups contacts0_ inner join addressbook contactdat1_ on contacts0_.id=contactdat1_.id where contacts0_.group_id=?
Hibernate: select contacts0_.group_id as group_id2_0_0_, contacts0_.id as id1_0_0_, contactdat1_.id as id1_1_1_, contactdat1_.address as address2_1_1_, contactdat1_.bmonth as bmonth3_1_1_, contactdat1_.byear as byear4_1_1_, contactdat1_.email as email5_1_1_, contactdat1_.email2 as email6_1_1_, contactdat1_.email3 as email7_1_1_, contactdat1_.firstname as firstnam8_1_1_, contactdat1_.home as home9_1_1_, contactdat1_.lastname as lastnam10_1_1_, contactdat1_.middlename as middlen11_1_1_, contactdat1_.mobile as mobile12_1_1_, contactdat1_.photo as photo13_1_1_, contactdat1_.work as work14_1_1_ from address_in_groups contacts0_ inner join addressbook contactdat1_ on contacts0_.id=contactdat1_.id where contacts0_.group_id=?
Hibernate: select contacts0_.group_id as group_id2_0_0_, contacts0_.id as id1_0_0_, contactdat1_.id as id1_1_1_, contactdat1_.address as address2_1_1_, contactdat1_.bmonth as bmonth3_1_1_, contactdat1_.byear as byear4_1_1_, contactdat1_.email as email5_1_1_, contactdat1_.email2 as email6_1_1_, contactdat1_.email3 as email7_1_1_, contactdat1_.firstname as firstnam8_1_1_, contactdat1_.home as home9_1_1_, contactdat1_.lastname as lastnam10_1_1_, contactdat1_.middlename as middlen11_1_1_, contactdat1_.mobile as mobile12_1_1_, contactdat1_.photo as photo13_1_1_, contactdat1_.work as work14_1_1_ from address_in_groups contacts0_ inner join addressbook contactdat1_ on contacts0_.id=contactdat1_.id where contacts0_.group_id=?
Hibernate: select contacts0_.group_id as group_id2_0_0_, contacts0_.id as id1_0_0_, contactdat1_.id as id1_1_1_, contactdat1_.address as address2_1_1_, contactdat1_.bmonth as bmonth3_1_1_, contactdat1_.byear as byear4_1_1_, contactdat1_.email as email5_1_1_, contactdat1_.email2 as email6_1_1_, contactdat1_.email3 as email7_1_1_, contactdat1_.firstname as firstnam8_1_1_, contactdat1_.home as home9_1_1_, contactdat1_.lastname as lastnam10_1_1_, contactdat1_.middlename as middlen11_1_1_, contactdat1_.mobile as mobile12_1_1_, contactdat1_.photo as photo13_1_1_, contactdat1_.work as work14_1_1_ from address_in_groups contacts0_ inner join addressbook contactdat1_ on contacts0_.id=contactdat1_.id where contacts0_.group_id=?
Hibernate: select contacts0_.group_id as group_id2_0_0_, contacts0_.id as id1_0_0_, contactdat1_.id as id1_1_1_, contactdat1_.address as address2_1_1_, contactdat1_.bmonth as bmonth3_1_1_, contactdat1_.byear as byear4_1_1_, contactdat1_.email as email5_1_1_, contactdat1_.email2 as email6_1_1_, contactdat1_.email3 as email7_1_1_, contactdat1_.firstname as firstnam8_1_1_, contactdat1_.home as home9_1_1_, contactdat1_.lastname as lastnam10_1_1_, contactdat1_.middlename as middlen11_1_1_, contactdat1_.mobile as mobile12_1_1_, contactdat1_.photo as photo13_1_1_, contactdat1_.work as work14_1_1_ from address_in_groups contacts0_ inner join addressbook contactdat1_ on contacts0_.id=contactdat1_.id where contacts0_.group_id=?
Hibernate: select contacts0_.group_id as group_id2_0_0_, contacts0_.id as id1_0_0_, contactdat1_.id as id1_1_1_, contactdat1_.address as address2_1_1_, contactdat1_.bmonth as bmonth3_1_1_, contactdat1_.byear as byear4_1_1_, contactdat1_.email as email5_1_1_, contactdat1_.email2 as email6_1_1_, contactdat1_.email3 as email7_1_1_, contactdat1_.firstname as firstnam8_1_1_, contactdat1_.home as home9_1_1_, contactdat1_.lastname as lastnam10_1_1_, contactdat1_.middlename as middlen11_1_1_, contactdat1_.mobile as mobile12_1_1_, contactdat1_.photo as photo13_1_1_, contactdat1_.work as work14_1_1_ from address_in_groups contacts0_ inner join addressbook contactdat1_ on contacts0_.id=contactdat1_.id where contacts0_.group_id=?
Hibernate: select contacts0_.group_id as group_id2_0_0_, contacts0_.id as id1_0_0_, contactdat1_.id as id1_1_1_, contactdat1_.address as address2_1_1_, contactdat1_.bmonth as bmonth3_1_1_, contactdat1_.byear as byear4_1_1_, contactdat1_.email as email5_1_1_, contactdat1_.email2 as email6_1_1_, contactdat1_.email3 as email7_1_1_, contactdat1_.firstname as firstnam8_1_1_, contactdat1_.home as home9_1_1_, contactdat1_.lastname as lastnam10_1_1_, contactdat1_.middlename as middlen11_1_1_, contactdat1_.mobile as mobile12_1_1_, contactdat1_.photo as photo13_1_1_, contactdat1_.work as work14_1_1_ from address_in_groups contacts0_ inner join addressbook contactdat1_ on contacts0_.id=contactdat1_.id where contacts0_.group_id=?
Hibernate: select contacts0_.group_id as group_id2_0_0_, contacts0_.id as id1_0_0_, contactdat1_.id as id1_1_1_, contactdat1_.address as address2_1_1_, contactdat1_.bmonth as bmonth3_1_1_, contactdat1_.byear as byear4_1_1_, contactdat1_.email as email5_1_1_, contactdat1_.email2 as email6_1_1_, contactdat1_.email3 as email7_1_1_, contactdat1_.firstname as firstnam8_1_1_, contactdat1_.home as home9_1_1_, contactdat1_.lastname as lastnam10_1_1_, contactdat1_.middlename as middlen11_1_1_, contactdat1_.mobile as mobile12_1_1_, contactdat1_.photo as photo13_1_1_, contactdat1_.work as work14_1_1_ from address_in_groups contacts0_ inner join addressbook contactdat1_ on contacts0_.id=contactdat1_.id where contacts0_.group_id=?
Hibernate: select contacts0_.group_id as group_id2_0_0_, contacts0_.id as id1_0_0_, contactdat1_.id as id1_1_1_, contactdat1_.address as address2_1_1_, contactdat1_.bmonth as bmonth3_1_1_, contactdat1_.byear as byear4_1_1_, contactdat1_.email as email5_1_1_, contactdat1_.email2 as email6_1_1_, contactdat1_.email3 as email7_1_1_, contactdat1_.firstname as firstnam8_1_1_, contactdat1_.home as home9_1_1_, contactdat1_.lastname as lastnam10_1_1_, contactdat1_.middlename as middlen11_1_1_, contactdat1_.mobile as mobile12_1_1_, contactdat1_.photo as photo13_1_1_, contactdat1_.work as work14_1_1_ from address_in_groups contacts0_ inner join addressbook contactdat1_ on contacts0_.id=contactdat1_.id where contacts0_.group_id=?
Hibernate: select contacts0_.group_id as group_id2_0_0_, contacts0_.id as id1_0_0_, contactdat1_.id as id1_1_1_, contactdat1_.address as address2_1_1_, contactdat1_.bmonth as bmonth3_1_1_, contactdat1_.byear as byear4_1_1_, contactdat1_.email as email5_1_1_, contactdat1_.email2 as email6_1_1_, contactdat1_.email3 as email7_1_1_, contactdat1_.firstname as firstnam8_1_1_, contactdat1_.home as home9_1_1_, contactdat1_.lastname as lastnam10_1_1_, contactdat1_.middlename as middlen11_1_1_, contactdat1_.mobile as mobile12_1_1_, contactdat1_.photo as photo13_1_1_, contactdat1_.work as work14_1_1_ from address_in_groups contacts0_ inner join addressbook contactdat1_ on contacts0_.id=contactdat1_.id where contacts0_.group_id=?
Hibernate: select contacts0_.group_id as group_id2_0_0_, contacts0_.id as id1_0_0_, contactdat1_.id as id1_1_1_, contactdat1_.address as address2_1_1_, contactdat1_.bmonth as bmonth3_1_1_, contactdat1_.byear as byear4_1_1_, contactdat1_.email as email5_1_1_, contactdat1_.email2 as email6_1_1_, contactdat1_.email3 as email7_1_1_, contactdat1_.firstname as firstnam8_1_1_, contactdat1_.home as home9_1_1_, contactdat1_.lastname as lastnam10_1_1_, contactdat1_.middlename as middlen11_1_1_, contactdat1_.mobile as mobile12_1_1_, contactdat1_.photo as photo13_1_1_, contactdat1_.work as work14_1_1_ from address_in_groups contacts0_ inner join addressbook contactdat1_ on contacts0_.id=contactdat1_.id where contacts0_.group_id=?
Hibernate: select contacts0_.group_id as group_id2_0_0_, contacts0_.id as id1_0_0_, contactdat1_.id as id1_1_1_, contactdat1_.address as address2_1_1_, contactdat1_.bmonth as bmonth3_1_1_, contactdat1_.byear as byear4_1_1_, contactdat1_.email as email5_1_1_, contactdat1_.email2 as email6_1_1_, contactdat1_.email3 as email7_1_1_, contactdat1_.firstname as firstnam8_1_1_, contactdat1_.home as home9_1_1_, contactdat1_.lastname as lastnam10_1_1_, contactdat1_.middlename as middlen11_1_1_, contactdat1_.mobile as mobile12_1_1_, contactdat1_.photo as photo13_1_1_, contactdat1_.work as work14_1_1_ from address_in_groups contacts0_ inner join addressbook contactdat1_ on contacts0_.id=contactdat1_.id where contacts0_.group_id=?
Hibernate: select contacts0_.group_id as group_id2_0_0_, contacts0_.id as id1_0_0_, contactdat1_.id as id1_1_1_, contactdat1_.address as address2_1_1_, contactdat1_.bmonth as bmonth3_1_1_, contactdat1_.byear as byear4_1_1_, contactdat1_.email as email5_1_1_, contactdat1_.email2 as email6_1_1_, contactdat1_.email3 as email7_1_1_, contactdat1_.firstname as firstnam8_1_1_, contactdat1_.home as home9_1_1_, contactdat1_.lastname as lastnam10_1_1_, contactdat1_.middlename as middlen11_1_1_, contactdat1_.mobile as mobile12_1_1_, contactdat1_.photo as photo13_1_1_, contactdat1_.work as work14_1_1_ from address_in_groups contacts0_ inner join addressbook contactdat1_ on contacts0_.id=contactdat1_.id where contacts0_.group_id=?
Hibernate: select contacts0_.group_id as group_id2_0_0_, contacts0_.id as id1_0_0_, contactdat1_.id as id1_1_1_, contactdat1_.address as address2_1_1_, contactdat1_.bmonth as bmonth3_1_1_, contactdat1_.byear as byear4_1_1_, contactdat1_.email as email5_1_1_, contactdat1_.email2 as email6_1_1_, contactdat1_.email3 as email7_1_1_, contactdat1_.firstname as firstnam8_1_1_, contactdat1_.home as home9_1_1_, contactdat1_.lastname as lastnam10_1_1_, contactdat1_.middlename as middlen11_1_1_, contactdat1_.mobile as mobile12_1_1_, contactdat1_.photo as photo13_1_1_, contactdat1_.work as work14_1_1_ from address_in_groups contacts0_ inner join addressbook contactdat1_ on contacts0_.id=contactdat1_.id where contacts0_.group_id=?
Hibernate: select contacts0_.group_id as group_id2_0_0_, contacts0_.id as id1_0_0_, contactdat1_.id as id1_1_1_, contactdat1_.address as address2_1_1_, contactdat1_.bmonth as bmonth3_1_1_, contactdat1_.byear as byear4_1_1_, contactdat1_.email as email5_1_1_, contactdat1_.email2 as email6_1_1_, contactdat1_.email3 as email7_1_1_, contactdat1_.firstname as firstnam8_1_1_, contactdat1_.home as home9_1_1_, contactdat1_.lastname as lastnam10_1_1_, contactdat1_.middlename as middlen11_1_1_, contactdat1_.mobile as mobile12_1_1_, contactdat1_.photo as photo13_1_1_, contactdat1_.work as work14_1_1_ from address_in_groups contacts0_ inner join addressbook contactdat1_ on contacts0_.id=contactdat1_.id where contacts0_.group_id=?
Hibernate: select contacts0_.group_id as group_id2_0_0_, contacts0_.id as id1_0_0_, contactdat1_.id as id1_1_1_, contactdat1_.address as address2_1_1_, contactdat1_.bmonth as bmonth3_1_1_, contactdat1_.byear as byear4_1_1_, contactdat1_.email as email5_1_1_, contactdat1_.email2 as email6_1_1_, contactdat1_.email3 as email7_1_1_, contactdat1_.firstname as firstnam8_1_1_, contactdat1_.home as home9_1_1_, contactdat1_.lastname as lastnam10_1_1_, contactdat1_.middlename as middlen11_1_1_, contactdat1_.mobile as mobile12_1_1_, contactdat1_.photo as photo13_1_1_, contactdat1_.work as work14_1_1_ from address_in_groups contacts0_ inner join addressbook contactdat1_ on contacts0_.id=contactdat1_.id where contacts0_.group_id=?
Hibernate: select contacts0_.group_id as group_id2_0_0_, contacts0_.id as id1_0_0_, contactdat1_.id as id1_1_1_, contactdat1_.address as address2_1_1_, contactdat1_.bmonth as bmonth3_1_1_, contactdat1_.byear as byear4_1_1_, contactdat1_.email as email5_1_1_, contactdat1_.email2 as email6_1_1_, contactdat1_.email3 as email7_1_1_, contactdat1_.firstname as firstnam8_1_1_, contactdat1_.home as home9_1_1_, contactdat1_.lastname as lastnam10_1_1_, contactdat1_.middlename as middlen11_1_1_, contactdat1_.mobile as mobile12_1_1_, contactdat1_.photo as photo13_1_1_, contactdat1_.work as work14_1_1_ from address_in_groups contacts0_ inner join addressbook contactdat1_ on contacts0_.id=contactdat1_.id where contacts0_.group_id=?
Hibernate: select contacts0_.group_id as group_id2_0_0_, contacts0_.id as id1_0_0_, contactdat1_.id as id1_1_1_, contactdat1_.address as address2_1_1_, contactdat1_.bmonth as bmonth3_1_1_, contactdat1_.byear as byear4_1_1_, contactdat1_.email as email5_1_1_, contactdat1_.email2 as email6_1_1_, contactdat1_.email3 as email7_1_1_, contactdat1_.firstname as firstnam8_1_1_, contactdat1_.home as home9_1_1_, contactdat1_.lastname as lastnam10_1_1_, contactdat1_.middlename as middlen11_1_1_, contactdat1_.mobile as mobile12_1_1_, contactdat1_.photo as photo13_1_1_, contactdat1_.work as work14_1_1_ from address_in_groups contacts0_ inner join addressbook contactdat1_ on contacts0_.id=contactdat1_.id where contacts0_.group_id=?
Hibernate: select contacts0_.group_id as group_id2_0_0_, contacts0_.id as id1_0_0_, contactdat1_.id as id1_1_1_, contactdat1_.address as address2_1_1_, contactdat1_.bmonth as bmonth3_1_1_, contactdat1_.byear as byear4_1_1_, contactdat1_.email as email5_1_1_, contactdat1_.email2 as email6_1_1_, contactdat1_.email3 as email7_1_1_, contactdat1_.firstname as firstnam8_1_1_, contactdat1_.home as home9_1_1_, contactdat1_.lastname as lastnam10_1_1_, contactdat1_.middlename as middlen11_1_1_, contactdat1_.mobile as mobile12_1_1_, contactdat1_.photo as photo13_1_1_, contactdat1_.work as work14_1_1_ from address_in_groups contacts0_ inner join addressbook contactdat1_ on contacts0_.id=contactdat1_.id where contacts0_.group_id=?
Hibernate: select contacts0_.group_id as group_id2_0_0_, contacts0_.id as id1_0_0_, contactdat1_.id as id1_1_1_, contactdat1_.address as address2_1_1_, contactdat1_.bmonth as bmonth3_1_1_, contactdat1_.byear as byear4_1_1_, contactdat1_.email as email5_1_1_, contactdat1_.email2 as email6_1_1_, contactdat1_.email3 as email7_1_1_, contactdat1_.firstname as firstnam8_1_1_, contactdat1_.home as home9_1_1_, contactdat1_.lastname as lastnam10_1_1_, contactdat1_.middlename as middlen11_1_1_, contactdat1_.mobile as mobile12_1_1_, contactdat1_.photo as photo13_1_1_, contactdat1_.work as work14_1_1_ from address_in_groups contacts0_ inner join addressbook contactdat1_ on contacts0_.id=contactdat1_.id where contacts0_.group_id=?
Hibernate: select contacts0_.group_id as group_id2_0_0_, contacts0_.id as id1_0_0_, contactdat1_.id as id1_1_1_, contactdat1_.address as address2_1_1_, contactdat1_.bmonth as bmonth3_1_1_, contactdat1_.byear as byear4_1_1_, contactdat1_.email as email5_1_1_, contactdat1_.email2 as email6_1_1_, contactdat1_.email3 as email7_1_1_, contactdat1_.firstname as firstnam8_1_1_, contactdat1_.home as home9_1_1_, contactdat1_.lastname as lastnam10_1_1_, contactdat1_.middlename as middlen11_1_1_, contactdat1_.mobile as mobile12_1_1_, contactdat1_.photo as photo13_1_1_, contactdat1_.work as work14_1_1_ from address_in_groups contacts0_ inner join addressbook contactdat1_ on contacts0_.id=contactdat1_.id where contacts0_.group_id=?
Hibernate: select contacts0_.group_id as group_id2_0_0_, contacts0_.id as id1_0_0_, contactdat1_.id as id1_1_1_, contactdat1_.address as address2_1_1_, contactdat1_.bmonth as bmonth3_1_1_, contactdat1_.byear as byear4_1_1_, contactdat1_.email as email5_1_1_, contactdat1_.email2 as email6_1_1_, contactdat1_.email3 as email7_1_1_, contactdat1_.firstname as firstnam8_1_1_, contactdat1_.home as home9_1_1_, contactdat1_.lastname as lastnam10_1_1_, contactdat1_.middlename as middlen11_1_1_, contactdat1_.mobile as mobile12_1_1_, contactdat1_.photo as photo13_1_1_, contactdat1_.work as work14_1_1_ from address_in_groups contacts0_ inner join addressbook contactdat1_ on contacts0_.id=contactdat1_.id where contacts0_.group_id=?
Hibernate: select contacts0_.group_id as group_id2_0_0_, contacts0_.id as id1_0_0_, contactdat1_.id as id1_1_1_, contactdat1_.address as address2_1_1_, contactdat1_.bmonth as bmonth3_1_1_, contactdat1_.byear as byear4_1_1_, contactdat1_.email as email5_1_1_, contactdat1_.email2 as email6_1_1_, contactdat1_.email3 as email7_1_1_, contactdat1_.firstname as firstnam8_1_1_, contactdat1_.home as home9_1_1_, contactdat1_.lastname as lastnam10_1_1_, contactdat1_.middlename as middlen11_1_1_, contactdat1_.mobile as mobile12_1_1_, contactdat1_.photo as photo13_1_1_, contactdat1_.work as work14_1_1_ from address_in_groups contacts0_ inner join addressbook contactdat1_ on contacts0_.id=contactdat1_.id where contacts0_.group_id=?
Hibernate: select contacts0_.group_id as group_id2_0_0_, contacts0_.id as id1_0_0_, contactdat1_.id as id1_1_1_, contactdat1_.address as address2_1_1_, contactdat1_.bmonth as bmonth3_1_1_, contactdat1_.byear as byear4_1_1_, contactdat1_.email as email5_1_1_, contactdat1_.email2 as email6_1_1_, contactdat1_.email3 as email7_1_1_, contactdat1_.firstname as firstnam8_1_1_, contactdat1_.home as home9_1_1_, contactdat1_.lastname as lastnam10_1_1_, contactdat1_.middlename as middlen11_1_1_, contactdat1_.mobile as mobile12_1_1_, contactdat1_.photo as photo13_1_1_, contactdat1_.work as work14_1_1_ from address_in_groups contacts0_ inner join addressbook contactdat1_ on contacts0_.id=contactdat1_.id where contacts0_.group_id=?
Hibernate: select contacts0_.group_id as group_id2_0_0_, contacts0_.id as id1_0_0_, contactdat1_.id as id1_1_1_, contactdat1_.address as address2_1_1_, contactdat1_.bmonth as bmonth3_1_1_, contactdat1_.byear as byear4_1_1_, contactdat1_.email as email5_1_1_, contactdat1_.email2 as email6_1_1_, contactdat1_.email3 as email7_1_1_, contactdat1_.firstname as firstnam8_1_1_, contactdat1_.home as home9_1_1_, contactdat1_.lastname as lastnam10_1_1_, contactdat1_.middlename as middlen11_1_1_, contactdat1_.mobile as mobile12_1_1_, contactdat1_.photo as photo13_1_1_, contactdat1_.work as work14_1_1_ from address_in_groups contacts0_ inner join addressbook contactdat1_ on contacts0_.id=contactdat1_.id where contacts0_.group_id=?
Hibernate: select contacts0_.group_id as group_id2_0_0_, contacts0_.id as id1_0_0_, contactdat1_.id as id1_1_1_, contactdat1_.address as address2_1_1_, contactdat1_.bmonth as bmonth3_1_1_, contactdat1_.byear as byear4_1_1_, contactdat1_.email as email5_1_1_, contactdat1_.email2 as email6_1_1_, contactdat1_.email3 as email7_1_1_, contactdat1_.firstname as firstnam8_1_1_, contactdat1_.home as home9_1_1_, contactdat1_.lastname as lastnam10_1_1_, contactdat1_.middlename as middlen11_1_1_, contactdat1_.mobile as mobile12_1_1_, contactdat1_.photo as photo13_1_1_, contactdat1_.work as work14_1_1_ from address_in_groups contacts0_ inner join addressbook contactdat1_ on contacts0_.id=contactdat1_.id where contacts0_.group_id=?
Hibernate: select contacts0_.group_id as group_id2_0_0_, contacts0_.id as id1_0_0_, contactdat1_.id as id1_1_1_, contactdat1_.address as address2_1_1_, contactdat1_.bmonth as bmonth3_1_1_, contactdat1_.byear as byear4_1_1_, contactdat1_.email as email5_1_1_, contactdat1_.email2 as email6_1_1_, contactdat1_.email3 as email7_1_1_, contactdat1_.firstname as firstnam8_1_1_, contactdat1_.home as home9_1_1_, contactdat1_.lastname as lastnam10_1_1_, contactdat1_.middlename as middlen11_1_1_, contactdat1_.mobile as mobile12_1_1_, contactdat1_.photo as photo13_1_1_, contactdat1_.work as work14_1_1_ from address_in_groups contacts0_ inner join addressbook contactdat1_ on contacts0_.id=contactdat1_.id where contacts0_.group_id=?
Hibernate: select contacts0_.group_id as group_id2_0_0_, contacts0_.id as id1_0_0_, contactdat1_.id as id1_1_1_, contactdat1_.address as address2_1_1_, contactdat1_.bmonth as bmonth3_1_1_, contactdat1_.byear as byear4_1_1_, contactdat1_.email as email5_1_1_, contactdat1_.email2 as email6_1_1_, contactdat1_.email3 as email7_1_1_, contactdat1_.firstname as firstnam8_1_1_, contactdat1_.home as home9_1_1_, contactdat1_.lastname as lastnam10_1_1_, contactdat1_.middlename as middlen11_1_1_, contactdat1_.mobile as mobile12_1_1_, contactdat1_.photo as photo13_1_1_, contactdat1_.work as work14_1_1_ from address_in_groups contacts0_ inner join addressbook contactdat1_ on contacts0_.id=contactdat1_.id where contacts0_.group_id=?
Hibernate: select contacts0_.group_id as group_id2_0_0_, contacts0_.id as id1_0_0_, contactdat1_.id as id1_1_1_, contactdat1_.address as address2_1_1_, contactdat1_.bmonth as bmonth3_1_1_, contactdat1_.byear as byear4_1_1_, contactdat1_.email as email5_1_1_, contactdat1_.email2 as email6_1_1_, contactdat1_.email3 as email7_1_1_, contactdat1_.firstname as firstnam8_1_1_, contactdat1_.home as home9_1_1_, contactdat1_.lastname as lastnam10_1_1_, contactdat1_.middlename as middlen11_1_1_, contactdat1_.mobile as mobile12_1_1_, contactdat1_.photo as photo13_1_1_, contactdat1_.work as work14_1_1_ from address_in_groups contacts0_ inner join addressbook contactdat1_ on contacts0_.id=contactdat1_.id where contacts0_.group_id=?
Hibernate: select contacts0_.group_id as group_id2_0_0_, contacts0_.id as id1_0_0_, contactdat1_.id as id1_1_1_, contactdat1_.address as address2_1_1_, contactdat1_.bmonth as bmonth3_1_1_, contactdat1_.byear as byear4_1_1_, contactdat1_.email as email5_1_1_, contactdat1_.email2 as email6_1_1_, contactdat1_.email3 as email7_1_1_, contactdat1_.firstname as firstnam8_1_1_, contactdat1_.home as home9_1_1_, contactdat1_.lastname as lastnam10_1_1_, contactdat1_.middlename as middlen11_1_1_, contactdat1_.mobile as mobile12_1_1_, contactdat1_.photo as photo13_1_1_, contactdat1_.work as work14_1_1_ from address_in_groups contacts0_ inner join addressbook contactdat1_ on contacts0_.id=contactdat1_.id where contacts0_.group_id=?
Hibernate: select contacts0_.group_id as group_id2_0_0_, contacts0_.id as id1_0_0_, contactdat1_.id as id1_1_1_, contactdat1_.address as address2_1_1_, contactdat1_.bmonth as bmonth3_1_1_, contactdat1_.byear as byear4_1_1_, contactdat1_.email as email5_1_1_, contactdat1_.email2 as email6_1_1_, contactdat1_.email3 as email7_1_1_, contactdat1_.firstname as firstnam8_1_1_, contactdat1_.home as home9_1_1_, contactdat1_.lastname as lastnam10_1_1_, contactdat1_.middlename as middlen11_1_1_, contactdat1_.mobile as mobile12_1_1_, contactdat1_.photo as photo13_1_1_, contactdat1_.work as work14_1_1_ from address_in_groups contacts0_ inner join addressbook contactdat1_ on contacts0_.id=contactdat1_.id where contacts0_.group_id=?
Hibernate: select contacts0_.group_id as group_id2_0_0_, contacts0_.id as id1_0_0_, contactdat1_.id as id1_1_1_, contactdat1_.address as address2_1_1_, contactdat1_.bmonth as bmonth3_1_1_, contactdat1_.byear as byear4_1_1_, contactdat1_.email as email5_1_1_, contactdat1_.email2 as email6_1_1_, contactdat1_.email3 as email7_1_1_, contactdat1_.firstname as firstnam8_1_1_, contactdat1_.home as home9_1_1_, contactdat1_.lastname as lastnam10_1_1_, contactdat1_.middlename as middlen11_1_1_, contactdat1_.mobile as mobile12_1_1_, contactdat1_.photo as photo13_1_1_, contactdat1_.work as work14_1_1_ from address_in_groups contacts0_ inner join addressbook contactdat1_ on contacts0_.id=contactdat1_.id where contacts0_.group_id=?
Hibernate: select contacts0_.group_id as group_id2_0_0_, contacts0_.id as id1_0_0_, contactdat1_.id as id1_1_1_, contactdat1_.address as address2_1_1_, contactdat1_.bmonth as bmonth3_1_1_, contactdat1_.byear as byear4_1_1_, contactdat1_.email as email5_1_1_, contactdat1_.email2 as email6_1_1_, contactdat1_.email3 as email7_1_1_, contactdat1_.firstname as firstnam8_1_1_, contactdat1_.home as home9_1_1_, contactdat1_.lastname as lastnam10_1_1_, contactdat1_.middlename as middlen11_1_1_, contactdat1_.mobile as mobile12_1_1_, contactdat1_.photo as photo13_1_1_, contactdat1_.work as work14_1_1_ from address_in_groups contacts0_ inner join addressbook contactdat1_ on contacts0_.id=contactdat1_.id where contacts0_.group_id=?
Hibernate: select contacts0_.group_id as group_id2_0_0_, contacts0_.id as id1_0_0_, contactdat1_.id as id1_1_1_, contactdat1_.address as address2_1_1_, contactdat1_.bmonth as bmonth3_1_1_, contactdat1_.byear as byear4_1_1_, contactdat1_.email as email5_1_1_, contactdat1_.email2 as email6_1_1_, contactdat1_.email3 as email7_1_1_, contactdat1_.firstname as firstnam8_1_1_, contactdat1_.home as home9_1_1_, contactdat1_.lastname as lastnam10_1_1_, contactdat1_.middlename as middlen11_1_1_, contactdat1_.mobile as mobile12_1_1_, contactdat1_.photo as photo13_1_1_, contactdat1_.work as work14_1_1_ from address_in_groups contacts0_ inner join addressbook contactdat1_ on contacts0_.id=contactdat1_.id where contacts0_.group_id=?
Hibernate: select contacts0_.group_id as group_id2_0_0_, contacts0_.id as id1_0_0_, contactdat1_.id as id1_1_1_, contactdat1_.address as address2_1_1_, contactdat1_.bmonth as bmonth3_1_1_, contactdat1_.byear as byear4_1_1_, contactdat1_.email as email5_1_1_, contactdat1_.email2 as email6_1_1_, contactdat1_.email3 as email7_1_1_, contactdat1_.firstname as firstnam8_1_1_, contactdat1_.home as home9_1_1_, contactdat1_.lastname as lastnam10_1_1_, contactdat1_.middlename as middlen11_1_1_, contactdat1_.mobile as mobile12_1_1_, contactdat1_.photo as photo13_1_1_, contactdat1_.work as work14_1_1_ from address_in_groups contacts0_ inner join addressbook contactdat1_ on contacts0_.id=contactdat1_.id where contacts0_.group_id=?
Hibernate: select contacts0_.group_id as group_id2_0_0_, contacts0_.id as id1_0_0_, contactdat1_.id as id1_1_1_, contactdat1_.address as address2_1_1_, contactdat1_.bmonth as bmonth3_1_1_, contactdat1_.byear as byear4_1_1_, contactdat1_.email as email5_1_1_, contactdat1_.email2 as email6_1_1_, contactdat1_.email3 as email7_1_1_, contactdat1_.firstname as firstnam8_1_1_, contactdat1_.home as home9_1_1_, contactdat1_.lastname as lastnam10_1_1_, contactdat1_.middlename as middlen11_1_1_, contactdat1_.mobile as mobile12_1_1_, contactdat1_.photo as photo13_1_1_, contactdat1_.work as work14_1_1_ from address_in_groups contacts0_ inner join addressbook contactdat1_ on contacts0_.id=contactdat1_.id where contacts0_.group_id=?
Hibernate: select contacts0_.group_id as group_id2_0_0_, contacts0_.id as id1_0_0_, contactdat1_.id as id1_1_1_, contactdat1_.address as address2_1_1_, contactdat1_.bmonth as bmonth3_1_1_, contactdat1_.byear as byear4_1_1_, contactdat1_.email as email5_1_1_, contactdat1_.email2 as email6_1_1_, contactdat1_.email3 as email7_1_1_, contactdat1_.firstname as firstnam8_1_1_, contactdat1_.home as home9_1_1_, contactdat1_.lastname as lastnam10_1_1_, contactdat1_.middlename as middlen11_1_1_, contactdat1_.mobile as mobile12_1_1_, contactdat1_.photo as photo13_1_1_, contactdat1_.work as work14_1_1_ from address_in_groups contacts0_ inner join addressbook contactdat1_ on contacts0_.id=contactdat1_.id where contacts0_.group_id=?
Hibernate: select contacts0_.group_id as group_id2_0_0_, contacts0_.id as id1_0_0_, contactdat1_.id as id1_1_1_, contactdat1_.address as address2_1_1_, contactdat1_.bmonth as bmonth3_1_1_, contactdat1_.byear as byear4_1_1_, contactdat1_.email as email5_1_1_, contactdat1_.email2 as email6_1_1_, contactdat1_.email3 as email7_1_1_, contactdat1_.firstname as firstnam8_1_1_, contactdat1_.home as home9_1_1_, contactdat1_.lastname as lastnam10_1_1_, contactdat1_.middlename as middlen11_1_1_, contactdat1_.mobile as mobile12_1_1_, contactdat1_.photo as photo13_1_1_, contactdat1_.work as work14_1_1_ from address_in_groups contacts0_ inner join addressbook contactdat1_ on contacts0_.id=contactdat1_.id where contacts0_.group_id=?
Hibernate: select contacts0_.group_id as group_id2_0_0_, contacts0_.id as id1_0_0_, contactdat1_.id as id1_1_1_, contactdat1_.address as address2_1_1_, contactdat1_.bmonth as bmonth3_1_1_, contactdat1_.byear as byear4_1_1_, contactdat1_.email as email5_1_1_, contactdat1_.email2 as email6_1_1_, contactdat1_.email3 as email7_1_1_, contactdat1_.firstname as firstnam8_1_1_, contactdat1_.home as home9_1_1_, contactdat1_.lastname as lastnam10_1_1_, contactdat1_.middlename as middlen11_1_1_, contactdat1_.mobile as mobile12_1_1_, contactdat1_.photo as photo13_1_1_, contactdat1_.work as work14_1_1_ from address_in_groups contacts0_ inner join addressbook contactdat1_ on contacts0_.id=contactdat1_.id where contacts0_.group_id=?
Hibernate: select contacts0_.group_id as group_id2_0_0_, contacts0_.id as id1_0_0_, contactdat1_.id as id1_1_1_, contactdat1_.address as address2_1_1_, contactdat1_.bmonth as bmonth3_1_1_, contactdat1_.byear as byear4_1_1_, contactdat1_.email as email5_1_1_, contactdat1_.email2 as email6_1_1_, contactdat1_.email3 as email7_1_1_, contactdat1_.firstname as firstnam8_1_1_, contactdat1_.home as home9_1_1_, contactdat1_.lastname as lastnam10_1_1_, contactdat1_.middlename as middlen11_1_1_, contactdat1_.mobile as mobile12_1_1_, contactdat1_.photo as photo13_1_1_, contactdat1_.work as work14_1_1_ from address_in_groups contacts0_ inner join addressbook contactdat1_ on contacts0_.id=contactdat1_.id where contacts0_.group_id=?
Hibernate: select contacts0_.group_id as group_id2_0_0_, contacts0_.id as id1_0_0_, contactdat1_.id as id1_1_1_, contactdat1_.address as address2_1_1_, contactdat1_.bmonth as bmonth3_1_1_, contactdat1_.byear as byear4_1_1_, contactdat1_.email as email5_1_1_, contactdat1_.email2 as email6_1_1_, contactdat1_.email3 as email7_1_1_, contactdat1_.firstname as firstnam8_1_1_, contactdat1_.home as home9_1_1_, contactdat1_.lastname as lastnam10_1_1_, contactdat1_.middlename as middlen11_1_1_, contactdat1_.mobile as mobile12_1_1_, contactdat1_.photo as photo13_1_1_, contactdat1_.work as work14_1_1_ from address_in_groups contacts0_ inner join addressbook contactdat1_ on contacts0_.id=contactdat1_.id where contacts0_.group_id=?
Hibernate: select contacts0_.group_id as group_id2_0_0_, contacts0_.id as id1_0_0_, contactdat1_.id as id1_1_1_, contactdat1_.address as address2_1_1_, contactdat1_.bmonth as bmonth3_1_1_, contactdat1_.byear as byear4_1_1_, contactdat1_.email as email5_1_1_, contactdat1_.email2 as email6_1_1_, contactdat1_.email3 as email7_1_1_, contactdat1_.firstname as firstnam8_1_1_, contactdat1_.home as home9_1_1_, contactdat1_.lastname as lastnam10_1_1_, contactdat1_.middlename as middlen11_1_1_, contactdat1_.mobile as mobile12_1_1_, contactdat1_.photo as photo13_1_1_, contactdat1_.work as work14_1_1_ from address_in_groups contacts0_ inner join addressbook contactdat1_ on contacts0_.id=contactdat1_.id where contacts0_.group_id=?
Hibernate: select contacts0_.group_id as group_id2_0_0_, contacts0_.id as id1_0_0_, contactdat1_.id as id1_1_1_, contactdat1_.address as address2_1_1_, contactdat1_.bmonth as bmonth3_1_1_, contactdat1_.byear as byear4_1_1_, contactdat1_.email as email5_1_1_, contactdat1_.email2 as email6_1_1_, contactdat1_.email3 as email7_1_1_, contactdat1_.firstname as firstnam8_1_1_, contactdat1_.home as home9_1_1_, contactdat1_.lastname as lastnam10_1_1_, contactdat1_.middlename as middlen11_1_1_, contactdat1_.mobile as mobile12_1_1_, contactdat1_.photo as photo13_1_1_, contactdat1_.work as work14_1_1_ from address_in_groups contacts0_ inner join addressbook contactdat1_ on contacts0_.id=contactdat1_.id where contacts0_.group_id=?
Hibernate: select contacts0_.group_id as group_id2_0_0_, contacts0_.id as id1_0_0_, contactdat1_.id as id1_1_1_, contactdat1_.address as address2_1_1_, contactdat1_.bmonth as bmonth3_1_1_, contactdat1_.byear as byear4_1_1_, contactdat1_.email as email5_1_1_, contactdat1_.email2 as email6_1_1_, contactdat1_.email3 as email7_1_1_, contactdat1_.firstname as firstnam8_1_1_, contactdat1_.home as home9_1_1_, contactdat1_.lastname as lastnam10_1_1_, contactdat1_.middlename as middlen11_1_1_, contactdat1_.mobile as mobile12_1_1_, contactdat1_.photo as photo13_1_1_, contactdat1_.work as work14_1_1_ from address_in_groups contacts0_ inner join addressbook contactdat1_ on contacts0_.id=contactdat1_.id where contacts0_.group_id=?
Hibernate: select contacts0_.group_id as group_id2_0_0_, contacts0_.id as id1_0_0_, contactdat1_.id as id1_1_1_, contactdat1_.address as address2_1_1_, contactdat1_.bmonth as bmonth3_1_1_, contactdat1_.byear as byear4_1_1_, contactdat1_.email as email5_1_1_, contactdat1_.email2 as email6_1_1_, contactdat1_.email3 as email7_1_1_, contactdat1_.firstname as firstnam8_1_1_, contactdat1_.home as home9_1_1_, contactdat1_.lastname as lastnam10_1_1_, contactdat1_.middlename as middlen11_1_1_, contactdat1_.mobile as mobile12_1_1_, contactdat1_.photo as photo13_1_1_, contactdat1_.work as work14_1_1_ from address_in_groups contacts0_ inner join addressbook contactdat1_ on contacts0_.id=contactdat1_.id where contacts0_.group_id=?
Hibernate: select contacts0_.group_id as group_id2_0_0_, contacts0_.id as id1_0_0_, contactdat1_.id as id1_1_1_, contactdat1_.address as address2_1_1_, contactdat1_.bmonth as bmonth3_1_1_, contactdat1_.byear as byear4_1_1_, contactdat1_.email as email5_1_1_, contactdat1_.email2 as email6_1_1_, contactdat1_.email3 as email7_1_1_, contactdat1_.firstname as firstnam8_1_1_, contactdat1_.home as home9_1_1_, contactdat1_.lastname as lastnam10_1_1_, contactdat1_.middlename as middlen11_1_1_, contactdat1_.mobile as mobile12_1_1_, contactdat1_.photo as photo13_1_1_, contactdat1_.work as work14_1_1_ from address_in_groups contacts0_ inner join addressbook contactdat1_ on contacts0_.id=contactdat1_.id where contacts0_.group_id=?
Hibernate: select contacts0_.group_id as group_id2_0_0_, contacts0_.id as id1_0_0_, contactdat1_.id as id1_1_1_, contactdat1_.address as address2_1_1_, contactdat1_.bmonth as bmonth3_1_1_, contactdat1_.byear as byear4_1_1_, contactdat1_.email as email5_1_1_, contactdat1_.email2 as email6_1_1_, contactdat1_.email3 as email7_1_1_, contactdat1_.firstname as firstnam8_1_1_, contactdat1_.home as home9_1_1_, contactdat1_.lastname as lastnam10_1_1_, contactdat1_.middlename as middlen11_1_1_, contactdat1_.mobile as mobile12_1_1_, contactdat1_.photo as photo13_1_1_, contactdat1_.work as work14_1_1_ from address_in_groups contacts0_ inner join addressbook contactdat1_ on contacts0_.id=contactdat1_.id where contacts0_.group_id=?
Hibernate: select contacts0_.group_id as group_id2_0_0_, contacts0_.id as id1_0_0_, contactdat1_.id as id1_1_1_, contactdat1_.address as address2_1_1_, contactdat1_.bmonth as bmonth3_1_1_, contactdat1_.byear as byear4_1_1_, contactdat1_.email as email5_1_1_, contactdat1_.email2 as email6_1_1_, contactdat1_.email3 as email7_1_1_, contactdat1_.firstname as firstnam8_1_1_, contactdat1_.home as home9_1_1_, contactdat1_.lastname as lastnam10_1_1_, contactdat1_.middlename as middlen11_1_1_, contactdat1_.mobile as mobile12_1_1_, contactdat1_.photo as photo13_1_1_, contactdat1_.work as work14_1_1_ from address_in_groups contacts0_ inner join addressbook contactdat1_ on contacts0_.id=contactdat1_.id where contacts0_.group_id=?
Hibernate: select contacts0_.group_id as group_id2_0_0_, contacts0_.id as id1_0_0_, contactdat1_.id as id1_1_1_, contactdat1_.address as address2_1_1_, contactdat1_.bmonth as bmonth3_1_1_, contactdat1_.byear as byear4_1_1_, contactdat1_.email as email5_1_1_, contactdat1_.email2 as email6_1_1_, contactdat1_.email3 as email7_1_1_, contactdat1_.firstname as firstnam8_1_1_, contactdat1_.home as home9_1_1_, contactdat1_.lastname as lastnam10_1_1_, contactdat1_.middlename as middlen11_1_1_, contactdat1_.mobile as mobile12_1_1_, contactdat1_.photo as photo13_1_1_, contactdat1_.work as work14_1_1_ from address_in_groups contacts0_ inner join addressbook contactdat1_ on contacts0_.id=contactdat1_.id where contacts0_.group_id=?
Hibernate: select contacts0_.group_id as group_id2_0_0_, contacts0_.id as id1_0_0_, contactdat1_.id as id1_1_1_, contactdat1_.address as address2_1_1_, contactdat1_.bmonth as bmonth3_1_1_, contactdat1_.byear as byear4_1_1_, contactdat1_.email as email5_1_1_, contactdat1_.email2 as email6_1_1_, contactdat1_.email3 as email7_1_1_, contactdat1_.firstname as firstnam8_1_1_, contactdat1_.home as home9_1_1_, contactdat1_.lastname as lastnam10_1_1_, contactdat1_.middlename as middlen11_1_1_, contactdat1_.mobile as mobile12_1_1_, contactdat1_.photo as photo13_1_1_, contactdat1_.work as work14_1_1_ from address_in_groups contacts0_ inner join addressbook contactdat1_ on contacts0_.id=contactdat1_.id where contacts0_.group_id=?
Hibernate: select contacts0_.group_id as group_id2_0_0_, contacts0_.id as id1_0_0_, contactdat1_.id as id1_1_1_, contactdat1_.address as address2_1_1_, contactdat1_.bmonth as bmonth3_1_1_, contactdat1_.byear as byear4_1_1_, contactdat1_.email as email5_1_1_, contactdat1_.email2 as email6_1_1_, contactdat1_.email3 as email7_1_1_, contactdat1_.firstname as firstnam8_1_1_, contactdat1_.home as home9_1_1_, contactdat1_.lastname as lastnam10_1_1_, contactdat1_.middlename as middlen11_1_1_, contactdat1_.mobile as mobile12_1_1_, contactdat1_.photo as photo13_1_1_, contactdat1_.work as work14_1_1_ from address_in_groups contacts0_ inner join addressbook contactdat1_ on contacts0_.id=contactdat1_.id where contacts0_.group_id=?
Hibernate: select contacts0_.group_id as group_id2_0_0_, contacts0_.id as id1_0_0_, contactdat1_.id as id1_1_1_, contactdat1_.address as address2_1_1_, contactdat1_.bmonth as bmonth3_1_1_, contactdat1_.byear as byear4_1_1_, contactdat1_.email as email5_1_1_, contactdat1_.email2 as email6_1_1_, contactdat1_.email3 as email7_1_1_, contactdat1_.firstname as firstnam8_1_1_, contactdat1_.home as home9_1_1_, contactdat1_.lastname as lastnam10_1_1_, contactdat1_.middlename as middlen11_1_1_, contactdat1_.mobile as mobile12_1_1_, contactdat1_.photo as photo13_1_1_, contactdat1_.work as work14_1_1_ from address_in_groups contacts0_ inner join addressbook contactdat1_ on contacts0_.id=contactdat1_.id where contacts0_.group_id=?
Hibernate: select contacts0_.group_id as group_id2_0_0_, contacts0_.id as id1_0_0_, contactdat1_.id as id1_1_1_, contactdat1_.address as address2_1_1_, contactdat1_.bmonth as bmonth3_1_1_, contactdat1_.byear as byear4_1_1_, contactdat1_.email as email5_1_1_, contactdat1_.email2 as email6_1_1_, contactdat1_.email3 as email7_1_1_, contactdat1_.firstname as firstnam8_1_1_, contactdat1_.home as home9_1_1_, contactdat1_.lastname as lastnam10_1_1_, contactdat1_.middlename as middlen11_1_1_, contactdat1_.mobile as mobile12_1_1_, contactdat1_.photo as photo13_1_1_, contactdat1_.work as work14_1_1_ from address_in_groups contacts0_ inner join addressbook contactdat1_ on contacts0_.id=contactdat1_.id where contacts0_.group_id=?
Hibernate: select contacts0_.group_id as group_id2_0_0_, contacts0_.id as id1_0_0_, contactdat1_.id as id1_1_1_, contactdat1_.address as address2_1_1_, contactdat1_.bmonth as bmonth3_1_1_, contactdat1_.byear as byear4_1_1_, contactdat1_.email as email5_1_1_, contactdat1_.email2 as email6_1_1_, contactdat1_.email3 as email7_1_1_, contactdat1_.firstname as firstnam8_1_1_, contactdat1_.home as home9_1_1_, contactdat1_.lastname as lastnam10_1_1_, contactdat1_.middlename as middlen11_1_1_, contactdat1_.mobile as mobile12_1_1_, contactdat1_.photo as photo13_1_1_, contactdat1_.work as work14_1_1_ from address_in_groups contacts0_ inner join addressbook contactdat1_ on contacts0_.id=contactdat1_.id where contacts0_.group_id=?
Hibernate: select contacts0_.group_id as group_id2_0_0_, contacts0_.id as id1_0_0_, contactdat1_.id as id1_1_1_, contactdat1_.address as address2_1_1_, contactdat1_.bmonth as bmonth3_1_1_, contactdat1_.byear as byear4_1_1_, contactdat1_.email as email5_1_1_, contactdat1_.email2 as email6_1_1_, contactdat1_.email3 as email7_1_1_, contactdat1_.firstname as firstnam8_1_1_, contactdat1_.home as home9_1_1_, contactdat1_.lastname as lastnam10_1_1_, contactdat1_.middlename as middlen11_1_1_, contactdat1_.mobile as mobile12_1_1_, contactdat1_.photo as photo13_1_1_, contactdat1_.work as work14_1_1_ from address_in_groups contacts0_ inner join addressbook contactdat1_ on contacts0_.id=contactdat1_.id where contacts0_.group_id=?
Hibernate: select contacts0_.group_id as group_id2_0_0_, contacts0_.id as id1_0_0_, contactdat1_.id as id1_1_1_, contactdat1_.address as address2_1_1_, contactdat1_.bmonth as bmonth3_1_1_, contactdat1_.byear as byear4_1_1_, contactdat1_.email as email5_1_1_, contactdat1_.email2 as email6_1_1_, contactdat1_.email3 as email7_1_1_, contactdat1_.firstname as firstnam8_1_1_, contactdat1_.home as home9_1_1_, contactdat1_.lastname as lastnam10_1_1_, contactdat1_.middlename as middlen11_1_1_, contactdat1_.mobile as mobile12_1_1_, contactdat1_.photo as photo13_1_1_, contactdat1_.work as work14_1_1_ from address_in_groups contacts0_ inner join addressbook contactdat1_ on contacts0_.id=contactdat1_.id where contacts0_.group_id=?
Hibernate: select groupdata0_.group_id as group_id1_2_, groupdata0_.group_footer as group_fo2_2_, groupdata0_.group_header as group_he3_2_, groupdata0_.group_name as group_na4_2_ from group_list groupdata0_
Hibernate: select contacts0_.group_id as group_id2_0_0_, contacts0_.id as id1_0_0_, contactdat1_.id as id1_1_1_, contactdat1_.address as address2_1_1_, contactdat1_.bmonth as bmonth3_1_1_, contactdat1_.byear as byear4_1_1_, contactdat1_.email as email5_1_1_, contactdat1_.email2 as email6_1_1_, contactdat1_.email3 as email7_1_1_, contactdat1_.firstname as firstnam8_1_1_, contactdat1_.home as home9_1_1_, contactdat1_.lastname as lastnam10_1_1_, contactdat1_.middlename as middlen11_1_1_, contactdat1_.mobile as mobile12_1_1_, contactdat1_.photo as photo13_1_1_, contactdat1_.work as work14_1_1_ from address_in_groups contacts0_ inner join addressbook contactdat1_ on contacts0_.id=contactdat1_.id where contacts0_.group_id=?
Hibernate: select contacts0_.group_id as group_id2_0_0_, contacts0_.id as id1_0_0_, contactdat1_.id as id1_1_1_, contactdat1_.address as address2_1_1_, contactdat1_.bmonth as bmonth3_1_1_, contactdat1_.byear as byear4_1_1_, contactdat1_.email as email5_1_1_, contactdat1_.email2 as email6_1_1_, contactdat1_.email3 as email7_1_1_, contactdat1_.firstname as firstnam8_1_1_, contactdat1_.home as home9_1_1_, contactdat1_.lastname as lastnam10_1_1_, contactdat1_.middlename as middlen11_1_1_, contactdat1_.mobile as mobile12_1_1_, contactdat1_.photo as photo13_1_1_, contactdat1_.work as work14_1_1_ from address_in_groups contacts0_ inner join addressbook contactdat1_ on contacts0_.id=contactdat1_.id where contacts0_.group_id=?
Hibernate: select contacts0_.group_id as group_id2_0_0_, contacts0_.id as id1_0_0_, contactdat1_.id as id1_1_1_, contactdat1_.address as address2_1_1_, contactdat1_.bmonth as bmonth3_1_1_, contactdat1_.byear as byear4_1_1_, contactdat1_.email as email5_1_1_, contactdat1_.email2 as email6_1_1_, contactdat1_.email3 as email7_1_1_, contactdat1_.firstname as firstnam8_1_1_, contactdat1_.home as home9_1_1_, contactdat1_.lastname as lastnam10_1_1_, contactdat1_.middlename as middlen11_1_1_, contactdat1_.mobile as mobile12_1_1_, contactdat1_.photo as photo13_1_1_, contactdat1_.work as work14_1_1_ from address_in_groups contacts0_ inner join addressbook contactdat1_ on contacts0_.id=contactdat1_.id where contacts0_.group_id=?
Hibernate: select contacts0_.group_id as group_id2_0_0_, contacts0_.id as id1_0_0_, contactdat1_.id as id1_1_1_, contactdat1_.address as address2_1_1_, contactdat1_.bmonth as bmonth3_1_1_, contactdat1_.byear as byear4_1_1_, contactdat1_.email as email5_1_1_, contactdat1_.email2 as email6_1_1_, contactdat1_.email3 as email7_1_1_, contactdat1_.firstname as firstnam8_1_1_, contactdat1_.home as home9_1_1_, contactdat1_.lastname as lastnam10_1_1_, contactdat1_.middlename as middlen11_1_1_, contactdat1_.mobile as mobile12_1_1_, contactdat1_.photo as photo13_1_1_, contactdat1_.work as work14_1_1_ from address_in_groups contacts0_ inner join addressbook contactdat1_ on contacts0_.id=contactdat1_.id where contacts0_.group_id=?
Hibernate: select contacts0_.group_id as group_id2_0_0_, contacts0_.id as id1_0_0_, contactdat1_.id as id1_1_1_, contactdat1_.address as address2_1_1_, contactdat1_.bmonth as bmonth3_1_1_, contactdat1_.byear as byear4_1_1_, contactdat1_.email as email5_1_1_, contactdat1_.email2 as email6_1_1_, contactdat1_.email3 as email7_1_1_, contactdat1_.firstname as firstnam8_1_1_, contactdat1_.home as home9_1_1_, contactdat1_.lastname as lastnam10_1_1_, contactdat1_.middlename as middlen11_1_1_, contactdat1_.mobile as mobile12_1_1_, contactdat1_.photo as photo13_1_1_, contactdat1_.work as work14_1_1_ from address_in_groups contacts0_ inner join addressbook contactdat1_ on contacts0_.id=contactdat1_.id where contacts0_.group_id=?
Hibernate: select contacts0_.group_id as group_id2_0_0_, contacts0_.id as id1_0_0_, contactdat1_.id as id1_1_1_, contactdat1_.address as address2_1_1_, contactdat1_.bmonth as bmonth3_1_1_, contactdat1_.byear as byear4_1_1_, contactdat1_.email as email5_1_1_, contactdat1_.email2 as email6_1_1_, contactdat1_.email3 as email7_1_1_, contactdat1_.firstname as firstnam8_1_1_, contactdat1_.home as home9_1_1_, contactdat1_.lastname as lastnam10_1_1_, contactdat1_.middlename as middlen11_1_1_, contactdat1_.mobile as mobile12_1_1_, contactdat1_.photo as photo13_1_1_, contactdat1_.work as work14_1_1_ from address_in_groups contacts0_ inner join addressbook contactdat1_ on contacts0_.id=contactdat1_.id where contacts0_.group_id=?
Hibernate: select contacts0_.group_id as group_id2_0_0_, contacts0_.id as id1_0_0_, contactdat1_.id as id1_1_1_, contactdat1_.address as address2_1_1_, contactdat1_.bmonth as bmonth3_1_1_, contactdat1_.byear as byear4_1_1_, contactdat1_.email as email5_1_1_, contactdat1_.email2 as email6_1_1_, contactdat1_.email3 as email7_1_1_, contactdat1_.firstname as firstnam8_1_1_, contactdat1_.home as home9_1_1_, contactdat1_.lastname as lastnam10_1_1_, contactdat1_.middlename as middlen11_1_1_, contactdat1_.mobile as mobile12_1_1_, contactdat1_.photo as photo13_1_1_, contactdat1_.work as work14_1_1_ from address_in_groups contacts0_ inner join addressbook contactdat1_ on contacts0_.id=contactdat1_.id where contacts0_.group_id=?
Hibernate: select contacts0_.group_id as group_id2_0_0_, contacts0_.id as id1_0_0_, contactdat1_.id as id1_1_1_, contactdat1_.address as address2_1_1_, contactdat1_.bmonth as bmonth3_1_1_, contactdat1_.byear as byear4_1_1_, contactdat1_.email as email5_1_1_, contactdat1_.email2 as email6_1_1_, contactdat1_.email3 as email7_1_1_, contactdat1_.firstname as firstnam8_1_1_, contactdat1_.home as home9_1_1_, contactdat1_.lastname as lastnam10_1_1_, contactdat1_.middlename as middlen11_1_1_, contactdat1_.mobile as mobile12_1_1_, contactdat1_.photo as photo13_1_1_, contactdat1_.work as work14_1_1_ from address_in_groups contacts0_ inner join addressbook contactdat1_ on contacts0_.id=contactdat1_.id where contacts0_.group_id=?
Hibernate: select contacts0_.group_id as group_id2_0_0_, contacts0_.id as id1_0_0_, contactdat1_.id as id1_1_1_, contactdat1_.address as address2_1_1_, contactdat1_.bmonth as bmonth3_1_1_, contactdat1_.byear as byear4_1_1_, contactdat1_.email as email5_1_1_, contactdat1_.email2 as email6_1_1_, contactdat1_.email3 as email7_1_1_, contactdat1_.firstname as firstnam8_1_1_, contactdat1_.home as home9_1_1_, contactdat1_.lastname as lastnam10_1_1_, contactdat1_.middlename as middlen11_1_1_, contactdat1_.mobile as mobile12_1_1_, contactdat1_.photo as photo13_1_1_, contactdat1_.work as work14_1_1_ from address_in_groups contacts0_ inner join addressbook contactdat1_ on contacts0_.id=contactdat1_.id where contacts0_.group_id=?
Hibernate: select contacts0_.group_id as group_id2_0_0_, contacts0_.id as id1_0_0_, contactdat1_.id as id1_1_1_, contactdat1_.address as address2_1_1_, contactdat1_.bmonth as bmonth3_1_1_, contactdat1_.byear as byear4_1_1_, contactdat1_.email as email5_1_1_, contactdat1_.email2 as email6_1_1_, contactdat1_.email3 as email7_1_1_, contactdat1_.firstname as firstnam8_1_1_, contactdat1_.home as home9_1_1_, contactdat1_.lastname as lastnam10_1_1_, contactdat1_.middlename as middlen11_1_1_, contactdat1_.mobile as mobile12_1_1_, contactdat1_.photo as photo13_1_1_, contactdat1_.work as work14_1_1_ from address_in_groups contacts0_ inner join addressbook contactdat1_ on contacts0_.id=contactdat1_.id where contacts0_.group_id=?
Hibernate: select contacts0_.group_id as group_id2_0_0_, contacts0_.id as id1_0_0_, contactdat1_.id as id1_1_1_, contactdat1_.address as address2_1_1_, contactdat1_.bmonth as bmonth3_1_1_, contactdat1_.byear as byear4_1_1_, contactdat1_.email as email5_1_1_, contactdat1_.email2 as email6_1_1_, contactdat1_.email3 as email7_1_1_, contactdat1_.firstname as firstnam8_1_1_, contactdat1_.home as home9_1_1_, contactdat1_.lastname as lastnam10_1_1_, contactdat1_.middlename as middlen11_1_1_, contactdat1_.mobile as mobile12_1_1_, contactdat1_.photo as photo13_1_1_, contactdat1_.work as work14_1_1_ from address_in_groups contacts0_ inner join addressbook contactdat1_ on contacts0_.id=contactdat1_.id where contacts0_.group_id=?
Hibernate: select contacts0_.group_id as group_id2_0_0_, contacts0_.id as id1_0_0_, contactdat1_.id as id1_1_1_, contactdat1_.address as address2_1_1_, contactdat1_.bmonth as bmonth3_1_1_, contactdat1_.byear as byear4_1_1_, contactdat1_.email as email5_1_1_, contactdat1_.email2 as email6_1_1_, contactdat1_.email3 as email7_1_1_, contactdat1_.firstname as firstnam8_1_1_, contactdat1_.home as home9_1_1_, contactdat1_.lastname as lastnam10_1_1_, contactdat1_.middlename as middlen11_1_1_, contactdat1_.mobile as mobile12_1_1_, contactdat1_.photo as photo13_1_1_, contactdat1_.work as work14_1_1_ from address_in_groups contacts0_ inner join addressbook contactdat1_ on contacts0_.id=contactdat1_.id where contacts0_.group_id=?
Hibernate: select contacts0_.group_id as group_id2_0_0_, contacts0_.id as id1_0_0_, contactdat1_.id as id1_1_1_, contactdat1_.address as address2_1_1_, contactdat1_.bmonth as bmonth3_1_1_, contactdat1_.byear as byear4_1_1_, contactdat1_.email as email5_1_1_, contactdat1_.email2 as email6_1_1_, contactdat1_.email3 as email7_1_1_, contactdat1_.firstname as firstnam8_1_1_, contactdat1_.home as home9_1_1_, contactdat1_.lastname as lastnam10_1_1_, contactdat1_.middlename as middlen11_1_1_, contactdat1_.mobile as mobile12_1_1_, contactdat1_.photo as photo13_1_1_, contactdat1_.work as work14_1_1_ from address_in_groups contacts0_ inner join addressbook contactdat1_ on contacts0_.id=contactdat1_.id where contacts0_.group_id=?
Hibernate: select contacts0_.group_id as group_id2_0_0_, contacts0_.id as id1_0_0_, contactdat1_.id as id1_1_1_, contactdat1_.address as address2_1_1_, contactdat1_.bmonth as bmonth3_1_1_, contactdat1_.byear as byear4_1_1_, contactdat1_.email as email5_1_1_, contactdat1_.email2 as email6_1_1_, contactdat1_.email3 as email7_1_1_, contactdat1_.firstname as firstnam8_1_1_, contactdat1_.home as home9_1_1_, contactdat1_.lastname as lastnam10_1_1_, contactdat1_.middlename as middlen11_1_1_, contactdat1_.mobile as mobile12_1_1_, contactdat1_.photo as photo13_1_1_, contactdat1_.work as work14_1_1_ from address_in_groups contacts0_ inner join addressbook contactdat1_ on contacts0_.id=contactdat1_.id where contacts0_.group_id=?
Hibernate: select contacts0_.group_id as group_id2_0_0_, contacts0_.id as id1_0_0_, contactdat1_.id as id1_1_1_, contactdat1_.address as address2_1_1_, contactdat1_.bmonth as bmonth3_1_1_, contactdat1_.byear as byear4_1_1_, contactdat1_.email as email5_1_1_, contactdat1_.email2 as email6_1_1_, contactdat1_.email3 as email7_1_1_, contactdat1_.firstname as firstnam8_1_1_, contactdat1_.home as home9_1_1_, contactdat1_.lastname as lastnam10_1_1_, contactdat1_.middlename as middlen11_1_1_, contactdat1_.mobile as mobile12_1_1_, contactdat1_.photo as photo13_1_1_, contactdat1_.work as work14_1_1_ from address_in_groups contacts0_ inner join addressbook contactdat1_ on contacts0_.id=contactdat1_.id where contacts0_.group_id=?
Hibernate: select contacts0_.group_id as group_id2_0_0_, contacts0_.id as id1_0_0_, contactdat1_.id as id1_1_1_, contactdat1_.address as address2_1_1_, contactdat1_.bmonth as bmonth3_1_1_, contactdat1_.byear as byear4_1_1_, contactdat1_.email as email5_1_1_, contactdat1_.email2 as email6_1_1_, contactdat1_.email3 as email7_1_1_, contactdat1_.firstname as firstnam8_1_1_, contactdat1_.home as home9_1_1_, contactdat1_.lastname as lastnam10_1_1_, contactdat1_.middlename as middlen11_1_1_, contactdat1_.mobile as mobile12_1_1_, contactdat1_.photo as photo13_1_1_, contactdat1_.work as work14_1_1_ from address_in_groups contacts0_ inner join addressbook contactdat1_ on contacts0_.id=contactdat1_.id where contacts0_.group_id=?
Hibernate: select contacts0_.group_id as group_id2_0_0_, contacts0_.id as id1_0_0_, contactdat1_.id as id1_1_1_, contactdat1_.address as address2_1_1_, contactdat1_.bmonth as bmonth3_1_1_, contactdat1_.byear as byear4_1_1_, contactdat1_.email as email5_1_1_, contactdat1_.email2 as email6_1_1_, contactdat1_.email3 as email7_1_1_, contactdat1_.firstname as firstnam8_1_1_, contactdat1_.home as home9_1_1_, contactdat1_.lastname as lastnam10_1_1_, contactdat1_.middlename as middlen11_1_1_, contactdat1_.mobile as mobile12_1_1_, contactdat1_.photo as photo13_1_1_, contactdat1_.work as work14_1_1_ from address_in_groups contacts0_ inner join addressbook contactdat1_ on contacts0_.id=contactdat1_.id where contacts0_.group_id=?
Hibernate: select contacts0_.group_id as group_id2_0_0_, contacts0_.id as id1_0_0_, contactdat1_.id as id1_1_1_, contactdat1_.address as address2_1_1_, contactdat1_.bmonth as bmonth3_1_1_, contactdat1_.byear as byear4_1_1_, contactdat1_.email as email5_1_1_, contactdat1_.email2 as email6_1_1_, contactdat1_.email3 as email7_1_1_, contactdat1_.firstname as firstnam8_1_1_, contactdat1_.home as home9_1_1_, contactdat1_.lastname as lastnam10_1_1_, contactdat1_.middlename as middlen11_1_1_, contactdat1_.mobile as mobile12_1_1_, contactdat1_.photo as photo13_1_1_, contactdat1_.work as work14_1_1_ from address_in_groups contacts0_ inner join addressbook contactdat1_ on contacts0_.id=contactdat1_.id where contacts0_.group_id=?
Hibernate: select contacts0_.group_id as group_id2_0_0_, contacts0_.id as id1_0_0_, contactdat1_.id as id1_1_1_, contactdat1_.address as address2_1_1_, contactdat1_.bmonth as bmonth3_1_1_, contactdat1_.byear as byear4_1_1_, contactdat1_.email as email5_1_1_, contactdat1_.email2 as email6_1_1_, contactdat1_.email3 as email7_1_1_, contactdat1_.firstname as firstnam8_1_1_, contactdat1_.home as home9_1_1_, contactdat1_.lastname as lastnam10_1_1_, contactdat1_.middlename as middlen11_1_1_, contactdat1_.mobile as mobile12_1_1_, contactdat1_.photo as photo13_1_1_, contactdat1_.work as work14_1_1_ from address_in_groups contacts0_ inner join addressbook contactdat1_ on contacts0_.id=contactdat1_.id where contacts0_.group_id=?
Hibernate: select contacts0_.group_id as group_id2_0_0_, contacts0_.id as id1_0_0_, contactdat1_.id as id1_1_1_, contactdat1_.address as address2_1_1_, contactdat1_.bmonth as bmonth3_1_1_, contactdat1_.byear as byear4_1_1_, contactdat1_.email as email5_1_1_, contactdat1_.email2 as email6_1_1_, contactdat1_.email3 as email7_1_1_, contactdat1_.firstname as firstnam8_1_1_, contactdat1_.home as home9_1_1_, contactdat1_.lastname as lastnam10_1_1_, contactdat1_.middlename as middlen11_1_1_, contactdat1_.mobile as mobile12_1_1_, contactdat1_.photo as photo13_1_1_, contactdat1_.work as work14_1_1_ from address_in_groups contacts0_ inner join addressbook contactdat1_ on contacts0_.id=contactdat1_.id where contacts0_.group_id=?
Hibernate: select contacts0_.group_id as group_id2_0_0_, contacts0_.id as id1_0_0_, contactdat1_.id as id1_1_1_, contactdat1_.address as address2_1_1_, contactdat1_.bmonth as bmonth3_1_1_, contactdat1_.byear as byear4_1_1_, contactdat1_.email as email5_1_1_, contactdat1_.email2 as email6_1_1_, contactdat1_.email3 as email7_1_1_, contactdat1_.firstname as firstnam8_1_1_, contactdat1_.home as home9_1_1_, contactdat1_.lastname as lastnam10_1_1_, contactdat1_.middlename as middlen11_1_1_, contactdat1_.mobile as mobile12_1_1_, contactdat1_.photo as photo13_1_1_, contactdat1_.work as work14_1_1_ from address_in_groups contacts0_ inner join addressbook contactdat1_ on contacts0_.id=contactdat1_.id where contacts0_.group_id=?
Hibernate: select contacts0_.group_id as group_id2_0_0_, contacts0_.id as id1_0_0_, contactdat1_.id as id1_1_1_, contactdat1_.address as address2_1_1_, contactdat1_.bmonth as bmonth3_1_1_, contactdat1_.byear as byear4_1_1_, contactdat1_.email as email5_1_1_, contactdat1_.email2 as email6_1_1_, contactdat1_.email3 as email7_1_1_, contactdat1_.firstname as firstnam8_1_1_, contactdat1_.home as home9_1_1_, contactdat1_.lastname as lastnam10_1_1_, contactdat1_.middlename as middlen11_1_1_, contactdat1_.mobile as mobile12_1_1_, contactdat1_.photo as photo13_1_1_, contactdat1_.work as work14_1_1_ from address_in_groups contacts0_ inner join addressbook contactdat1_ on contacts0_.id=contactdat1_.id where contacts0_.group_id=?
Hibernate: select contacts0_.group_id as group_id2_0_0_, contacts0_.id as id1_0_0_, contactdat1_.id as id1_1_1_, contactdat1_.address as address2_1_1_, contactdat1_.bmonth as bmonth3_1_1_, contactdat1_.byear as byear4_1_1_, contactdat1_.email as email5_1_1_, contactdat1_.email2 as email6_1_1_, contactdat1_.email3 as email7_1_1_, contactdat1_.firstname as firstnam8_1_1_, contactdat1_.home as home9_1_1_, contactdat1_.lastname as lastnam10_1_1_, contactdat1_.middlename as middlen11_1_1_, contactdat1_.mobile as mobile12_1_1_, contactdat1_.photo as photo13_1_1_, contactdat1_.work as work14_1_1_ from address_in_groups contacts0_ inner join addressbook contactdat1_ on contacts0_.id=contactdat1_.id where contacts0_.group_id=?
Hibernate: select contacts0_.group_id as group_id2_0_0_, contacts0_.id as id1_0_0_, contactdat1_.id as id1_1_1_, contactdat1_.address as address2_1_1_, contactdat1_.bmonth as bmonth3_1_1_, contactdat1_.byear as byear4_1_1_, contactdat1_.email as email5_1_1_, contactdat1_.email2 as email6_1_1_, contactdat1_.email3 as email7_1_1_, contactdat1_.firstname as firstnam8_1_1_, contactdat1_.home as home9_1_1_, contactdat1_.lastname as lastnam10_1_1_, contactdat1_.middlename as middlen11_1_1_, contactdat1_.mobile as mobile12_1_1_, contactdat1_.photo as photo13_1_1_, contactdat1_.work as work14_1_1_ from address_in_groups contacts0_ inner join addressbook contactdat1_ on contacts0_.id=contactdat1_.id where contacts0_.group_id=?
Hibernate: select contacts0_.group_id as group_id2_0_0_, contacts0_.id as id1_0_0_, contactdat1_.id as id1_1_1_, contactdat1_.address as address2_1_1_, contactdat1_.bmonth as bmonth3_1_1_, contactdat1_.byear as byear4_1_1_, contactdat1_.email as email5_1_1_, contactdat1_.email2 as email6_1_1_, contactdat1_.email3 as email7_1_1_, contactdat1_.firstname as firstnam8_1_1_, contactdat1_.home as home9_1_1_, contactdat1_.lastname as lastnam10_1_1_, contactdat1_.middlename as middlen11_1_1_, contactdat1_.mobile as mobile12_1_1_, contactdat1_.photo as photo13_1_1_, contactdat1_.work as work14_1_1_ from address_in_groups contacts0_ inner join addressbook contactdat1_ on contacts0_.id=contactdat1_.id where contacts0_.group_id=?
Hibernate: select contacts0_.group_id as group_id2_0_0_, contacts0_.id as id1_0_0_, contactdat1_.id as id1_1_1_, contactdat1_.address as address2_1_1_, contactdat1_.bmonth as bmonth3_1_1_, contactdat1_.byear as byear4_1_1_, contactdat1_.email as email5_1_1_, contactdat1_.email2 as email6_1_1_, contactdat1_.email3 as email7_1_1_, contactdat1_.firstname as firstnam8_1_1_, contactdat1_.home as home9_1_1_, contactdat1_.lastname as lastnam10_1_1_, contactdat1_.middlename as middlen11_1_1_, contactdat1_.mobile as mobile12_1_1_, contactdat1_.photo as photo13_1_1_, contactdat1_.work as work14_1_1_ from address_in_groups contacts0_ inner join addressbook contactdat1_ on contacts0_.id=contactdat1_.id where contacts0_.group_id=?
Hibernate: select contacts0_.group_id as group_id2_0_0_, contacts0_.id as id1_0_0_, contactdat1_.id as id1_1_1_, contactdat1_.address as address2_1_1_, contactdat1_.bmonth as bmonth3_1_1_, contactdat1_.byear as byear4_1_1_, contactdat1_.email as email5_1_1_, contactdat1_.email2 as email6_1_1_, contactdat1_.email3 as email7_1_1_, contactdat1_.firstname as firstnam8_1_1_, contactdat1_.home as home9_1_1_, contactdat1_.lastname as lastnam10_1_1_, contactdat1_.middlename as middlen11_1_1_, contactdat1_.mobile as mobile12_1_1_, contactdat1_.photo as photo13_1_1_, contactdat1_.work as work14_1_1_ from address_in_groups contacts0_ inner join addressbook contactdat1_ on contacts0_.id=contactdat1_.id where contacts0_.group_id=?
Hibernate: select contacts0_.group_id as group_id2_0_0_, contacts0_.id as id1_0_0_, contactdat1_.id as id1_1_1_, contactdat1_.address as address2_1_1_, contactdat1_.bmonth as bmonth3_1_1_, contactdat1_.byear as byear4_1_1_, contactdat1_.email as email5_1_1_, contactdat1_.email2 as email6_1_1_, contactdat1_.email3 as email7_1_1_, contactdat1_.firstname as firstnam8_1_1_, contactdat1_.home as home9_1_1_, contactdat1_.lastname as lastnam10_1_1_, contactdat1_.middlename as middlen11_1_1_, contactdat1_.mobile as mobile12_1_1_, contactdat1_.photo as photo13_1_1_, contactdat1_.work as work14_1_1_ from address_in_groups contacts0_ inner join addressbook contactdat1_ on contacts0_.id=contactdat1_.id where contacts0_.group_id=?
Hibernate: select contacts0_.group_id as group_id2_0_0_, contacts0_.id as id1_0_0_, contactdat1_.id as id1_1_1_, contactdat1_.address as address2_1_1_, contactdat1_.bmonth as bmonth3_1_1_, contactdat1_.byear as byear4_1_1_, contactdat1_.email as email5_1_1_, contactdat1_.email2 as email6_1_1_, contactdat1_.email3 as email7_1_1_, contactdat1_.firstname as firstnam8_1_1_, contactdat1_.home as home9_1_1_, contactdat1_.lastname as lastnam10_1_1_, contactdat1_.middlename as middlen11_1_1_, contactdat1_.mobile as mobile12_1_1_, contactdat1_.photo as photo13_1_1_, contactdat1_.work as work14_1_1_ from address_in_groups contacts0_ inner join addressbook contactdat1_ on contacts0_.id=contactdat1_.id where contacts0_.group_id=?
Hibernate: select contacts0_.group_id as group_id2_0_0_, contacts0_.id as id1_0_0_, contactdat1_.id as id1_1_1_, contactdat1_.address as address2_1_1_, contactdat1_.bmonth as bmonth3_1_1_, contactdat1_.byear as byear4_1_1_, contactdat1_.email as email5_1_1_, contactdat1_.email2 as email6_1_1_, contactdat1_.email3 as email7_1_1_, contactdat1_.firstname as firstnam8_1_1_, contactdat1_.home as home9_1_1_, contactdat1_.lastname as lastnam10_1_1_, contactdat1_.middlename as middlen11_1_1_, contactdat1_.mobile as mobile12_1_1_, contactdat1_.photo as photo13_1_1_, contactdat1_.work as work14_1_1_ from address_in_groups contacts0_ inner join addressbook contactdat1_ on contacts0_.id=contactdat1_.id where contacts0_.group_id=?
Hibernate: select contacts0_.group_id as group_id2_0_0_, contacts0_.id as id1_0_0_, contactdat1_.id as id1_1_1_, contactdat1_.address as address2_1_1_, contactdat1_.bmonth as bmonth3_1_1_, contactdat1_.byear as byear4_1_1_, contactdat1_.email as email5_1_1_, contactdat1_.email2 as email6_1_1_, contactdat1_.email3 as email7_1_1_, contactdat1_.firstname as firstnam8_1_1_, contactdat1_.home as home9_1_1_, contactdat1_.lastname as lastnam10_1_1_, contactdat1_.middlename as middlen11_1_1_, contactdat1_.mobile as mobile12_1_1_, contactdat1_.photo as photo13_1_1_, contactdat1_.work as work14_1_1_ from address_in_groups contacts0_ inner join addressbook contactdat1_ on contacts0_.id=contactdat1_.id where contacts0_.group_id=?
Hibernate: select contacts0_.group_id as group_id2_0_0_, contacts0_.id as id1_0_0_, contactdat1_.id as id1_1_1_, contactdat1_.address as address2_1_1_, contactdat1_.bmonth as bmonth3_1_1_, contactdat1_.byear as byear4_1_1_, contactdat1_.email as email5_1_1_, contactdat1_.email2 as email6_1_1_, contactdat1_.email3 as email7_1_1_, contactdat1_.firstname as firstnam8_1_1_, contactdat1_.home as home9_1_1_, contactdat1_.lastname as lastnam10_1_1_, contactdat1_.middlename as middlen11_1_1_, contactdat1_.mobile as mobile12_1_1_, contactdat1_.photo as photo13_1_1_, contactdat1_.work as work14_1_1_ from address_in_groups contacts0_ inner join addressbook contactdat1_ on contacts0_.id=contactdat1_.id where contacts0_.group_id=?
Hibernate: select contacts0_.group_id as group_id2_0_0_, contacts0_.id as id1_0_0_, contactdat1_.id as id1_1_1_, contactdat1_.address as address2_1_1_, contactdat1_.bmonth as bmonth3_1_1_, contactdat1_.byear as byear4_1_1_, contactdat1_.email as email5_1_1_, contactdat1_.email2 as email6_1_1_, contactdat1_.email3 as email7_1_1_, contactdat1_.firstname as firstnam8_1_1_, contactdat1_.home as home9_1_1_, contactdat1_.lastname as lastnam10_1_1_, contactdat1_.middlename as middlen11_1_1_, contactdat1_.mobile as mobile12_1_1_, contactdat1_.photo as photo13_1_1_, contactdat1_.work as work14_1_1_ from address_in_groups contacts0_ inner join addressbook contactdat1_ on contacts0_.id=contactdat1_.id where contacts0_.group_id=?
Hibernate: select contacts0_.group_id as group_id2_0_0_, contacts0_.id as id1_0_0_, contactdat1_.id as id1_1_1_, contactdat1_.address as address2_1_1_, contactdat1_.bmonth as bmonth3_1_1_, contactdat1_.byear as byear4_1_1_, contactdat1_.email as email5_1_1_, contactdat1_.email2 as email6_1_1_, contactdat1_.email3 as email7_1_1_, contactdat1_.firstname as firstnam8_1_1_, contactdat1_.home as home9_1_1_, contactdat1_.lastname as lastnam10_1_1_, contactdat1_.middlename as middlen11_1_1_, contactdat1_.mobile as mobile12_1_1_, contactdat1_.photo as photo13_1_1_, contactdat1_.work as work14_1_1_ from address_in_groups contacts0_ inner join addressbook contactdat1_ on contacts0_.id=contactdat1_.id where contacts0_.group_id=?
Hibernate: select contacts0_.group_id as group_id2_0_0_, contacts0_.id as id1_0_0_, contactdat1_.id as id1_1_1_, contactdat1_.address as address2_1_1_, contactdat1_.bmonth as bmonth3_1_1_, contactdat1_.byear as byear4_1_1_, contactdat1_.email as email5_1_1_, contactdat1_.email2 as email6_1_1_, contactdat1_.email3 as email7_1_1_, contactdat1_.firstname as firstnam8_1_1_, contactdat1_.home as home9_1_1_, contactdat1_.lastname as lastnam10_1_1_, contactdat1_.middlename as middlen11_1_1_, contactdat1_.mobile as mobile12_1_1_, contactdat1_.photo as photo13_1_1_, contactdat1_.work as work14_1_1_ from address_in_groups contacts0_ inner join addressbook contactdat1_ on contacts0_.id=contactdat1_.id where contacts0_.group_id=?
Hibernate: select contacts0_.group_id as group_id2_0_0_, contacts0_.id as id1_0_0_, contactdat1_.id as id1_1_1_, contactdat1_.address as address2_1_1_, contactdat1_.bmonth as bmonth3_1_1_, contactdat1_.byear as byear4_1_1_, contactdat1_.email as email5_1_1_, contactdat1_.email2 as email6_1_1_, contactdat1_.email3 as email7_1_1_, contactdat1_.firstname as firstnam8_1_1_, contactdat1_.home as home9_1_1_, contactdat1_.lastname as lastnam10_1_1_, contactdat1_.middlename as middlen11_1_1_, contactdat1_.mobile as mobile12_1_1_, contactdat1_.photo as photo13_1_1_, contactdat1_.work as work14_1_1_ from address_in_groups contacts0_ inner join addressbook contactdat1_ on contacts0_.id=contactdat1_.id where contacts0_.group_id=?
Hibernate: select contacts0_.group_id as group_id2_0_0_, contacts0_.id as id1_0_0_, contactdat1_.id as id1_1_1_, contactdat1_.address as address2_1_1_, contactdat1_.bmonth as bmonth3_1_1_, contactdat1_.byear as byear4_1_1_, contactdat1_.email as email5_1_1_, contactdat1_.email2 as email6_1_1_, contactdat1_.email3 as email7_1_1_, contactdat1_.firstname as firstnam8_1_1_, contactdat1_.home as home9_1_1_, contactdat1_.lastname as lastnam10_1_1_, contactdat1_.middlename as middlen11_1_1_, contactdat1_.mobile as mobile12_1_1_, contactdat1_.photo as photo13_1_1_, contactdat1_.work as work14_1_1_ from address_in_groups contacts0_ inner join addressbook contactdat1_ on contacts0_.id=contactdat1_.id where contacts0_.group_id=?
Hibernate: select contacts0_.group_id as group_id2_0_0_, contacts0_.id as id1_0_0_, contactdat1_.id as id1_1_1_, contactdat1_.address as address2_1_1_, contactdat1_.bmonth as bmonth3_1_1_, contactdat1_.byear as byear4_1_1_, contactdat1_.email as email5_1_1_, contactdat1_.email2 as email6_1_1_, contactdat1_.email3 as email7_1_1_, contactdat1_.firstname as firstnam8_1_1_, contactdat1_.home as home9_1_1_, contactdat1_.lastname as lastnam10_1_1_, contactdat1_.middlename as middlen11_1_1_, contactdat1_.mobile as mobile12_1_1_, contactdat1_.photo as photo13_1_1_, contactdat1_.work as work14_1_1_ from address_in_groups contacts0_ inner join addressbook contactdat1_ on contacts0_.id=contactdat1_.id where contacts0_.group_id=?
Hibernate: select contacts0_.group_id as group_id2_0_0_, contacts0_.id as id1_0_0_, contactdat1_.id as id1_1_1_, contactdat1_.address as address2_1_1_, contactdat1_.bmonth as bmonth3_1_1_, contactdat1_.byear as byear4_1_1_, contactdat1_.email as email5_1_1_, contactdat1_.email2 as email6_1_1_, contactdat1_.email3 as email7_1_1_, contactdat1_.firstname as firstnam8_1_1_, contactdat1_.home as home9_1_1_, contactdat1_.lastname as lastnam10_1_1_, contactdat1_.middlename as middlen11_1_1_, contactdat1_.mobile as mobile12_1_1_, contactdat1_.photo as photo13_1_1_, contactdat1_.work as work14_1_1_ from address_in_groups contacts0_ inner join addressbook contactdat1_ on contacts0_.id=contactdat1_.id where contacts0_.group_id=?
Hibernate: select contacts0_.group_id as group_id2_0_0_, contacts0_.id as id1_0_0_, contactdat1_.id as id1_1_1_, contactdat1_.address as address2_1_1_, contactdat1_.bmonth as bmonth3_1_1_, contactdat1_.byear as byear4_1_1_, contactdat1_.email as email5_1_1_, contactdat1_.email2 as email6_1_1_, contactdat1_.email3 as email7_1_1_, contactdat1_.firstname as firstnam8_1_1_, contactdat1_.home as home9_1_1_, contactdat1_.lastname as lastnam10_1_1_, contactdat1_.middlename as middlen11_1_1_, contactdat1_.mobile as mobile12_1_1_, contactdat1_.photo as photo13_1_1_, contactdat1_.work as work14_1_1_ from address_in_groups contacts0_ inner join addressbook contactdat1_ on contacts0_.id=contactdat1_.id where contacts0_.group_id=?
Hibernate: select contacts0_.group_id as group_id2_0_0_, contacts0_.id as id1_0_0_, contactdat1_.id as id1_1_1_, contactdat1_.address as address2_1_1_, contactdat1_.bmonth as bmonth3_1_1_, contactdat1_.byear as byear4_1_1_, contactdat1_.email as email5_1_1_, contactdat1_.email2 as email6_1_1_, contactdat1_.email3 as email7_1_1_, contactdat1_.firstname as firstnam8_1_1_, contactdat1_.home as home9_1_1_, contactdat1_.lastname as lastnam10_1_1_, contactdat1_.middlename as middlen11_1_1_, contactdat1_.mobile as mobile12_1_1_, contactdat1_.photo as photo13_1_1_, contactdat1_.work as work14_1_1_ from address_in_groups contacts0_ inner join addressbook contactdat1_ on contacts0_.id=contactdat1_.id where contacts0_.group_id=?
Hibernate: select contacts0_.group_id as group_id2_0_0_, contacts0_.id as id1_0_0_, contactdat1_.id as id1_1_1_, contactdat1_.address as address2_1_1_, contactdat1_.bmonth as bmonth3_1_1_, contactdat1_.byear as byear4_1_1_, contactdat1_.email as email5_1_1_, contactdat1_.email2 as email6_1_1_, contactdat1_.email3 as email7_1_1_, contactdat1_.firstname as firstnam8_1_1_, contactdat1_.home as home9_1_1_, contactdat1_.lastname as lastnam10_1_1_, contactdat1_.middlename as middlen11_1_1_, contactdat1_.mobile as mobile12_1_1_, contactdat1_.photo as photo13_1_1_, contactdat1_.work as work14_1_1_ from address_in_groups contacts0_ inner join addressbook contactdat1_ on contacts0_.id=contactdat1_.id where contacts0_.group_id=?
Hibernate: select contacts0_.group_id as group_id2_0_0_, contacts0_.id as id1_0_0_, contactdat1_.id as id1_1_1_, contactdat1_.address as address2_1_1_, contactdat1_.bmonth as bmonth3_1_1_, contactdat1_.byear as byear4_1_1_, contactdat1_.email as email5_1_1_, contactdat1_.email2 as email6_1_1_, contactdat1_.email3 as email7_1_1_, contactdat1_.firstname as firstnam8_1_1_, contactdat1_.home as home9_1_1_, contactdat1_.lastname as lastnam10_1_1_, contactdat1_.middlename as middlen11_1_1_, contactdat1_.mobile as mobile12_1_1_, contactdat1_.photo as photo13_1_1_, contactdat1_.work as work14_1_1_ from address_in_groups contacts0_ inner join addressbook contactdat1_ on contacts0_.id=contactdat1_.id where contacts0_.group_id=?
Hibernate: select contacts0_.group_id as group_id2_0_0_, contacts0_.id as id1_0_0_, contactdat1_.id as id1_1_1_, contactdat1_.address as address2_1_1_, contactdat1_.bmonth as bmonth3_1_1_, contactdat1_.byear as byear4_1_1_, contactdat1_.email as email5_1_1_, contactdat1_.email2 as email6_1_1_, contactdat1_.email3 as email7_1_1_, contactdat1_.firstname as firstnam8_1_1_, contactdat1_.home as home9_1_1_, contactdat1_.lastname as lastnam10_1_1_, contactdat1_.middlename as middlen11_1_1_, contactdat1_.mobile as mobile12_1_1_, contactdat1_.photo as photo13_1_1_, contactdat1_.work as work14_1_1_ from address_in_groups contacts0_ inner join addressbook contactdat1_ on contacts0_.id=contactdat1_.id where contacts0_.group_id=?
Hibernate: select contacts0_.group_id as group_id2_0_0_, contacts0_.id as id1_0_0_, contactdat1_.id as id1_1_1_, contactdat1_.address as address2_1_1_, contactdat1_.bmonth as bmonth3_1_1_, contactdat1_.byear as byear4_1_1_, contactdat1_.email as email5_1_1_, contactdat1_.email2 as email6_1_1_, contactdat1_.email3 as email7_1_1_, contactdat1_.firstname as firstnam8_1_1_, contactdat1_.home as home9_1_1_, contactdat1_.lastname as lastnam10_1_1_, contactdat1_.middlename as middlen11_1_1_, contactdat1_.mobile as mobile12_1_1_, contactdat1_.photo as photo13_1_1_, contactdat1_.work as work14_1_1_ from address_in_groups contacts0_ inner join addressbook contactdat1_ on contacts0_.id=contactdat1_.id where contacts0_.group_id=?
Hibernate: select contacts0_.group_id as group_id2_0_0_, contacts0_.id as id1_0_0_, contactdat1_.id as id1_1_1_, contactdat1_.address as address2_1_1_, contactdat1_.bmonth as bmonth3_1_1_, contactdat1_.byear as byear4_1_1_, contactdat1_.email as email5_1_1_, contactdat1_.email2 as email6_1_1_, contactdat1_.email3 as email7_1_1_, contactdat1_.firstname as firstnam8_1_1_, contactdat1_.home as home9_1_1_, contactdat1_.lastname as lastnam10_1_1_, contactdat1_.middlename as middlen11_1_1_, contactdat1_.mobile as mobile12_1_1_, contactdat1_.photo as photo13_1_1_, contactdat1_.work as work14_1_1_ from address_in_groups contacts0_ inner join addressbook contactdat1_ on contacts0_.id=contactdat1_.id where contacts0_.group_id=?
Hibernate: select contacts0_.group_id as group_id2_0_0_, contacts0_.id as id1_0_0_, contactdat1_.id as id1_1_1_, contactdat1_.address as address2_1_1_, contactdat1_.bmonth as bmonth3_1_1_, contactdat1_.byear as byear4_1_1_, contactdat1_.email as email5_1_1_, contactdat1_.email2 as email6_1_1_, contactdat1_.email3 as email7_1_1_, contactdat1_.firstname as firstnam8_1_1_, contactdat1_.home as home9_1_1_, contactdat1_.lastname as lastnam10_1_1_, contactdat1_.middlename as middlen11_1_1_, contactdat1_.mobile as mobile12_1_1_, contactdat1_.photo as photo13_1_1_, contactdat1_.work as work14_1_1_ from address_in_groups contacts0_ inner join addressbook contactdat1_ on contacts0_.id=contactdat1_.id where contacts0_.group_id=?
Hibernate: select contacts0_.group_id as group_id2_0_0_, contacts0_.id as id1_0_0_, contactdat1_.id as id1_1_1_, contactdat1_.address as address2_1_1_, contactdat1_.bmonth as bmonth3_1_1_, contactdat1_.byear as byear4_1_1_, contactdat1_.email as email5_1_1_, contactdat1_.email2 as email6_1_1_, contactdat1_.email3 as email7_1_1_, contactdat1_.firstname as firstnam8_1_1_, contactdat1_.home as home9_1_1_, contactdat1_.lastname as lastnam10_1_1_, contactdat1_.middlename as middlen11_1_1_, contactdat1_.mobile as mobile12_1_1_, contactdat1_.photo as photo13_1_1_, contactdat1_.work as work14_1_1_ from address_in_groups contacts0_ inner join addressbook contactdat1_ on contacts0_.id=contactdat1_.id where contacts0_.group_id=?
Hibernate: select contacts0_.group_id as group_id2_0_0_, contacts0_.id as id1_0_0_, contactdat1_.id as id1_1_1_, contactdat1_.address as address2_1_1_, contactdat1_.bmonth as bmonth3_1_1_, contactdat1_.byear as byear4_1_1_, contactdat1_.email as email5_1_1_, contactdat1_.email2 as email6_1_1_, contactdat1_.email3 as email7_1_1_, contactdat1_.firstname as firstnam8_1_1_, contactdat1_.home as home9_1_1_, contactdat1_.lastname as lastnam10_1_1_, contactdat1_.middlename as middlen11_1_1_, contactdat1_.mobile as mobile12_1_1_, contactdat1_.photo as photo13_1_1_, contactdat1_.work as work14_1_1_ from address_in_groups contacts0_ inner join addressbook contactdat1_ on contacts0_.id=contactdat1_.id where contacts0_.group_id=?
Hibernate: select contacts0_.group_id as group_id2_0_0_, contacts0_.id as id1_0_0_, contactdat1_.id as id1_1_1_, contactdat1_.address as address2_1_1_, contactdat1_.bmonth as bmonth3_1_1_, contactdat1_.byear as byear4_1_1_, contactdat1_.email as email5_1_1_, contactdat1_.email2 as email6_1_1_, contactdat1_.email3 as email7_1_1_, contactdat1_.firstname as firstnam8_1_1_, contactdat1_.home as home9_1_1_, contactdat1_.lastname as lastnam10_1_1_, contactdat1_.middlename as middlen11_1_1_, contactdat1_.mobile as mobile12_1_1_, contactdat1_.photo as photo13_1_1_, contactdat1_.work as work14_1_1_ from address_in_groups contacts0_ inner join addressbook contactdat1_ on contacts0_.id=contactdat1_.id where contacts0_.group_id=?
Hibernate: select contacts0_.group_id as group_id2_0_0_, contacts0_.id as id1_0_0_, contactdat1_.id as id1_1_1_, contactdat1_.address as address2_1_1_, contactdat1_.bmonth as bmonth3_1_1_, contactdat1_.byear as byear4_1_1_, contactdat1_.email as email5_1_1_, contactdat1_.email2 as email6_1_1_, contactdat1_.email3 as email7_1_1_, contactdat1_.firstname as firstnam8_1_1_, contactdat1_.home as home9_1_1_, contactdat1_.lastname as lastnam10_1_1_, contactdat1_.middlename as middlen11_1_1_, contactdat1_.mobile as mobile12_1_1_, contactdat1_.photo as photo13_1_1_, contactdat1_.work as work14_1_1_ from address_in_groups contacts0_ inner join addressbook contactdat1_ on contacts0_.id=contactdat1_.id where contacts0_.group_id=?
Hibernate: select contacts0_.group_id as group_id2_0_0_, contacts0_.id as id1_0_0_, contactdat1_.id as id1_1_1_, contactdat1_.address as address2_1_1_, contactdat1_.bmonth as bmonth3_1_1_, contactdat1_.byear as byear4_1_1_, contactdat1_.email as email5_1_1_, contactdat1_.email2 as email6_1_1_, contactdat1_.email3 as email7_1_1_, contactdat1_.firstname as firstnam8_1_1_, contactdat1_.home as home9_1_1_, contactdat1_.lastname as lastnam10_1_1_, contactdat1_.middlename as middlen11_1_1_, contactdat1_.mobile as mobile12_1_1_, contactdat1_.photo as photo13_1_1_, contactdat1_.work as work14_1_1_ from address_in_groups contacts0_ inner join addressbook contactdat1_ on contacts0_.id=contactdat1_.id where contacts0_.group_id=?
Hibernate: select contacts0_.group_id as group_id2_0_0_, contacts0_.id as id1_0_0_, contactdat1_.id as id1_1_1_, contactdat1_.address as address2_1_1_, contactdat1_.bmonth as bmonth3_1_1_, contactdat1_.byear as byear4_1_1_, contactdat1_.email as email5_1_1_, contactdat1_.email2 as email6_1_1_, contactdat1_.email3 as email7_1_1_, contactdat1_.firstname as firstnam8_1_1_, contactdat1_.home as home9_1_1_, contactdat1_.lastname as lastnam10_1_1_, contactdat1_.middlename as middlen11_1_1_, contactdat1_.mobile as mobile12_1_1_, contactdat1_.photo as photo13_1_1_, contactdat1_.work as work14_1_1_ from address_in_groups contacts0_ inner join addressbook contactdat1_ on contacts0_.id=contactdat1_.id where contacts0_.group_id=?
Hibernate: select contacts0_.group_id as group_id2_0_0_, contacts0_.id as id1_0_0_, contactdat1_.id as id1_1_1_, contactdat1_.address as address2_1_1_, contactdat1_.bmonth as bmonth3_1_1_, contactdat1_.byear as byear4_1_1_, contactdat1_.email as email5_1_1_, contactdat1_.email2 as email6_1_1_, contactdat1_.email3 as email7_1_1_, contactdat1_.firstname as firstnam8_1_1_, contactdat1_.home as home9_1_1_, contactdat1_.lastname as lastnam10_1_1_, contactdat1_.middlename as middlen11_1_1_, contactdat1_.mobile as mobile12_1_1_, contactdat1_.photo as photo13_1_1_, contactdat1_.work as work14_1_1_ from address_in_groups contacts0_ inner join addressbook contactdat1_ on contacts0_.id=contactdat1_.id where contacts0_.group_id=?
Hibernate: select contacts0_.group_id as group_id2_0_0_, contacts0_.id as id1_0_0_, contactdat1_.id as id1_1_1_, contactdat1_.address as address2_1_1_, contactdat1_.bmonth as bmonth3_1_1_, contactdat1_.byear as byear4_1_1_, contactdat1_.email as email5_1_1_, contactdat1_.email2 as email6_1_1_, contactdat1_.email3 as email7_1_1_, contactdat1_.firstname as firstnam8_1_1_, contactdat1_.home as home9_1_1_, contactdat1_.lastname as lastnam10_1_1_, contactdat1_.middlename as middlen11_1_1_, contactdat1_.mobile as mobile12_1_1_, contactdat1_.photo as photo13_1_1_, contactdat1_.work as work14_1_1_ from address_in_groups contacts0_ inner join addressbook contactdat1_ on contacts0_.id=contactdat1_.id where contacts0_.group_id=?
Hibernate: select contacts0_.group_id as group_id2_0_0_, contacts0_.id as id1_0_0_, contactdat1_.id as id1_1_1_, contactdat1_.address as address2_1_1_, contactdat1_.bmonth as bmonth3_1_1_, contactdat1_.byear as byear4_1_1_, contactdat1_.email as email5_1_1_, contactdat1_.email2 as email6_1_1_, contactdat1_.email3 as email7_1_1_, contactdat1_.firstname as firstnam8_1_1_, contactdat1_.home as home9_1_1_, contactdat1_.lastname as lastnam10_1_1_, contactdat1_.middlename as middlen11_1_1_, contactdat1_.mobile as mobile12_1_1_, contactdat1_.photo as photo13_1_1_, contactdat1_.work as work14_1_1_ from address_in_groups contacts0_ inner join addressbook contactdat1_ on contacts0_.id=contactdat1_.id where contacts0_.group_id=?
Hibernate: select contacts0_.group_id as group_id2_0_0_, contacts0_.id as id1_0_0_, contactdat1_.id as id1_1_1_, contactdat1_.address as address2_1_1_, contactdat1_.bmonth as bmonth3_1_1_, contactdat1_.byear as byear4_1_1_, contactdat1_.email as email5_1_1_, contactdat1_.email2 as email6_1_1_, contactdat1_.email3 as email7_1_1_, contactdat1_.firstname as firstnam8_1_1_, contactdat1_.home as home9_1_1_, contactdat1_.lastname as lastnam10_1_1_, contactdat1_.middlename as middlen11_1_1_, contactdat1_.mobile as mobile12_1_1_, contactdat1_.photo as photo13_1_1_, contactdat1_.work as work14_1_1_ from address_in_groups contacts0_ inner join addressbook contactdat1_ on contacts0_.id=contactdat1_.id where contacts0_.group_id=?
Hibernate: select contacts0_.group_id as group_id2_0_0_, contacts0_.id as id1_0_0_, contactdat1_.id as id1_1_1_, contactdat1_.address as address2_1_1_, contactdat1_.bmonth as bmonth3_1_1_, contactdat1_.byear as byear4_1_1_, contactdat1_.email as email5_1_1_, contactdat1_.email2 as email6_1_1_, contactdat1_.email3 as email7_1_1_, contactdat1_.firstname as firstnam8_1_1_, contactdat1_.home as home9_1_1_, contactdat1_.lastname as lastnam10_1_1_, contactdat1_.middlename as middlen11_1_1_, contactdat1_.mobile as mobile12_1_1_, contactdat1_.photo as photo13_1_1_, contactdat1_.work as work14_1_1_ from address_in_groups contacts0_ inner join addressbook contactdat1_ on contacts0_.id=contactdat1_.id where contacts0_.group_id=?
Hibernate: select contacts0_.group_id as group_id2_0_0_, contacts0_.id as id1_0_0_, contactdat1_.id as id1_1_1_, contactdat1_.address as address2_1_1_, contactdat1_.bmonth as bmonth3_1_1_, contactdat1_.byear as byear4_1_1_, contactdat1_.email as email5_1_1_, contactdat1_.email2 as email6_1_1_, contactdat1_.email3 as email7_1_1_, contactdat1_.firstname as firstnam8_1_1_, contactdat1_.home as home9_1_1_, contactdat1_.lastname as lastnam10_1_1_, contactdat1_.middlename as middlen11_1_1_, contactdat1_.mobile as mobile12_1_1_, contactdat1_.photo as photo13_1_1_, contactdat1_.work as work14_1_1_ from address_in_groups contacts0_ inner join addressbook contactdat1_ on contacts0_.id=contactdat1_.id where contacts0_.group_id=?
Hibernate: select contacts0_.group_id as group_id2_0_0_, contacts0_.id as id1_0_0_, contactdat1_.id as id1_1_1_, contactdat1_.address as address2_1_1_, contactdat1_.bmonth as bmonth3_1_1_, contactdat1_.byear as byear4_1_1_, contactdat1_.email as email5_1_1_, contactdat1_.email2 as email6_1_1_, contactdat1_.email3 as email7_1_1_, contactdat1_.firstname as firstnam8_1_1_, contactdat1_.home as home9_1_1_, contactdat1_.lastname as lastnam10_1_1_, contactdat1_.middlename as middlen11_1_1_, contactdat1_.mobile as mobile12_1_1_, contactdat1_.photo as photo13_1_1_, contactdat1_.work as work14_1_1_ from address_in_groups contacts0_ inner join addressbook contactdat1_ on contacts0_.id=contactdat1_.id where contacts0_.group_id=?
Hibernate: select contacts0_.group_id as group_id2_0_0_, contacts0_.id as id1_0_0_, contactdat1_.id as id1_1_1_, contactdat1_.address as address2_1_1_, contactdat1_.bmonth as bmonth3_1_1_, contactdat1_.byear as byear4_1_1_, contactdat1_.email as email5_1_1_, contactdat1_.email2 as email6_1_1_, contactdat1_.email3 as email7_1_1_, contactdat1_.firstname as firstnam8_1_1_, contactdat1_.home as home9_1_1_, contactdat1_.lastname as lastnam10_1_1_, contactdat1_.middlename as middlen11_1_1_, contactdat1_.mobile as mobile12_1_1_, contactdat1_.photo as photo13_1_1_, contactdat1_.work as work14_1_1_ from address_in_groups contacts0_ inner join addressbook contactdat1_ on contacts0_.id=contactdat1_.id where contacts0_.group_id=?
Hibernate: select contacts0_.group_id as group_id2_0_0_, contacts0_.id as id1_0_0_, contactdat1_.id as id1_1_1_, contactdat1_.address as address2_1_1_, contactdat1_.bmonth as bmonth3_1_1_, contactdat1_.byear as byear4_1_1_, contactdat1_.email as email5_1_1_, contactdat1_.email2 as email6_1_1_, contactdat1_.email3 as email7_1_1_, contactdat1_.firstname as firstnam8_1_1_, contactdat1_.home as home9_1_1_, contactdat1_.lastname as lastnam10_1_1_, contactdat1_.middlename as middlen11_1_1_, contactdat1_.mobile as mobile12_1_1_, contactdat1_.photo as photo13_1_1_, contactdat1_.work as work14_1_1_ from address_in_groups contacts0_ inner join addressbook contactdat1_ on contacts0_.id=contactdat1_.id where contacts0_.group_id=?
Hibernate: select contacts0_.group_id as group_id2_0_0_, contacts0_.id as id1_0_0_, contactdat1_.id as id1_1_1_, contactdat1_.address as address2_1_1_, contactdat1_.bmonth as bmonth3_1_1_, contactdat1_.byear as byear4_1_1_, contactdat1_.email as email5_1_1_, contactdat1_.email2 as email6_1_1_, contactdat1_.email3 as email7_1_1_, contactdat1_.firstname as firstnam8_1_1_, contactdat1_.home as home9_1_1_, contactdat1_.lastname as lastnam10_1_1_, contactdat1_.middlename as middlen11_1_1_, contactdat1_.mobile as mobile12_1_1_, contactdat1_.photo as photo13_1_1_, contactdat1_.work as work14_1_1_ from address_in_groups contacts0_ inner join addressbook contactdat1_ on contacts0_.id=contactdat1_.id where contacts0_.group_id=?
Hibernate: select contacts0_.group_id as group_id2_0_0_, contacts0_.id as id1_0_0_, contactdat1_.id as id1_1_1_, contactdat1_.address as address2_1_1_, contactdat1_.bmonth as bmonth3_1_1_, contactdat1_.byear as byear4_1_1_, contactdat1_.email as email5_1_1_, contactdat1_.email2 as email6_1_1_, contactdat1_.email3 as email7_1_1_, contactdat1_.firstname as firstnam8_1_1_, contactdat1_.home as home9_1_1_, contactdat1_.lastname as lastnam10_1_1_, contactdat1_.middlename as middlen11_1_1_, contactdat1_.mobile as mobile12_1_1_, contactdat1_.photo as photo13_1_1_, contactdat1_.work as work14_1_1_ from address_in_groups contacts0_ inner join addressbook contactdat1_ on contacts0_.id=contactdat1_.id where contacts0_.group_id=?
Hibernate: select contacts0_.group_id as group_id2_0_0_, contacts0_.id as id1_0_0_, contactdat1_.id as id1_1_1_, contactdat1_.address as address2_1_1_, contactdat1_.bmonth as bmonth3_1_1_, contactdat1_.byear as byear4_1_1_, contactdat1_.email as email5_1_1_, contactdat1_.email2 as email6_1_1_, contactdat1_.email3 as email7_1_1_, contactdat1_.firstname as firstnam8_1_1_, contactdat1_.home as home9_1_1_, contactdat1_.lastname as lastnam10_1_1_, contactdat1_.middlename as middlen11_1_1_, contactdat1_.mobile as mobile12_1_1_, contactdat1_.photo as photo13_1_1_, contactdat1_.work as work14_1_1_ from address_in_groups contacts0_ inner join addressbook contactdat1_ on contacts0_.id=contactdat1_.id where contacts0_.group_id=?
Hibernate: select contacts0_.group_id as group_id2_0_0_, contacts0_.id as id1_0_0_, contactdat1_.id as id1_1_1_, contactdat1_.address as address2_1_1_, contactdat1_.bmonth as bmonth3_1_1_, contactdat1_.byear as byear4_1_1_, contactdat1_.email as email5_1_1_, contactdat1_.email2 as email6_1_1_, contactdat1_.email3 as email7_1_1_, contactdat1_.firstname as firstnam8_1_1_, contactdat1_.home as home9_1_1_, contactdat1_.lastname as lastnam10_1_1_, contactdat1_.middlename as middlen11_1_1_, contactdat1_.mobile as mobile12_1_1_, contactdat1_.photo as photo13_1_1_, contactdat1_.work as work14_1_1_ from address_in_groups contacts0_ inner join addressbook contactdat1_ on contacts0_.id=contactdat1_.id where contacts0_.group_id=?
Hibernate: select contacts0_.group_id as group_id2_0_0_, contacts0_.id as id1_0_0_, contactdat1_.id as id1_1_1_, contactdat1_.address as address2_1_1_, contactdat1_.bmonth as bmonth3_1_1_, contactdat1_.byear as byear4_1_1_, contactdat1_.email as email5_1_1_, contactdat1_.email2 as email6_1_1_, contactdat1_.email3 as email7_1_1_, contactdat1_.firstname as firstnam8_1_1_, contactdat1_.home as home9_1_1_, contactdat1_.lastname as lastnam10_1_1_, contactdat1_.middlename as middlen11_1_1_, contactdat1_.mobile as mobile12_1_1_, contactdat1_.photo as photo13_1_1_, contactdat1_.work as work14_1_1_ from address_in_groups contacts0_ inner join addressbook contactdat1_ on contacts0_.id=contactdat1_.id where contacts0_.group_id=?
Hibernate: select contacts0_.group_id as group_id2_0_0_, contacts0_.id as id1_0_0_, contactdat1_.id as id1_1_1_, contactdat1_.address as address2_1_1_, contactdat1_.bmonth as bmonth3_1_1_, contactdat1_.byear as byear4_1_1_, contactdat1_.email as email5_1_1_, contactdat1_.email2 as email6_1_1_, contactdat1_.email3 as email7_1_1_, contactdat1_.firstname as firstnam8_1_1_, contactdat1_.home as home9_1_1_, contactdat1_.lastname as lastnam10_1_1_, contactdat1_.middlename as middlen11_1_1_, contactdat1_.mobile as mobile12_1_1_, contactdat1_.photo as photo13_1_1_, contactdat1_.work as work14_1_1_ from address_in_groups contacts0_ inner join addressbook contactdat1_ on contacts0_.id=contactdat1_.id where contacts0_.group_id=?
Hibernate: select contacts0_.group_id as group_id2_0_0_, contacts0_.id as id1_0_0_, contactdat1_.id as id1_1_1_, contactdat1_.address as address2_1_1_, contactdat1_.bmonth as bmonth3_1_1_, contactdat1_.byear as byear4_1_1_, contactdat1_.email as email5_1_1_, contactdat1_.email2 as email6_1_1_, contactdat1_.email3 as email7_1_1_, contactdat1_.firstname as firstnam8_1_1_, contactdat1_.home as home9_1_1_, contactdat1_.lastname as lastnam10_1_1_, contactdat1_.middlename as middlen11_1_1_, contactdat1_.mobile as mobile12_1_1_, contactdat1_.photo as photo13_1_1_, contactdat1_.work as work14_1_1_ from address_in_groups contacts0_ inner join addressbook contactdat1_ on contacts0_.id=contactdat1_.id where contacts0_.group_id=?
Hibernate: select contacts0_.group_id as group_id2_0_0_, contacts0_.id as id1_0_0_, contactdat1_.id as id1_1_1_, contactdat1_.address as address2_1_1_, contactdat1_.bmonth as bmonth3_1_1_, contactdat1_.byear as byear4_1_1_, contactdat1_.email as email5_1_1_, contactdat1_.email2 as email6_1_1_, contactdat1_.email3 as email7_1_1_, contactdat1_.firstname as firstnam8_1_1_, contactdat1_.home as home9_1_1_, contactdat1_.lastname as lastnam10_1_1_, contactdat1_.middlename as middlen11_1_1_, contactdat1_.mobile as mobile12_1_1_, contactdat1_.photo as photo13_1_1_, contactdat1_.work as work14_1_1_ from address_in_groups contacts0_ inner join addressbook contactdat1_ on contacts0_.id=contactdat1_.id where contacts0_.group_id=?
Hibernate: select contacts0_.group_id as group_id2_0_0_, contacts0_.id as id1_0_0_, contactdat1_.id as id1_1_1_, contactdat1_.address as address2_1_1_, contactdat1_.bmonth as bmonth3_1_1_, contactdat1_.byear as byear4_1_1_, contactdat1_.email as email5_1_1_, contactdat1_.email2 as email6_1_1_, contactdat1_.email3 as email7_1_1_, contactdat1_.firstname as firstnam8_1_1_, contactdat1_.home as home9_1_1_, contactdat1_.lastname as lastnam10_1_1_, contactdat1_.middlename as middlen11_1_1_, contactdat1_.mobile as mobile12_1_1_, contactdat1_.photo as photo13_1_1_, contactdat1_.work as work14_1_1_ from address_in_groups contacts0_ inner join addressbook contactdat1_ on contacts0_.id=contactdat1_.id where contacts0_.group_id=?
Hibernate: select contacts0_.group_id as group_id2_0_0_, contacts0_.id as id1_0_0_, contactdat1_.id as id1_1_1_, contactdat1_.address as address2_1_1_, contactdat1_.bmonth as bmonth3_1_1_, contactdat1_.byear as byear4_1_1_, contactdat1_.email as email5_1_1_, contactdat1_.email2 as email6_1_1_, contactdat1_.email3 as email7_1_1_, contactdat1_.firstname as firstnam8_1_1_, contactdat1_.home as home9_1_1_, contactdat1_.lastname as lastnam10_1_1_, contactdat1_.middlename as middlen11_1_1_, contactdat1_.mobile as mobile12_1_1_, contactdat1_.photo as photo13_1_1_, contactdat1_.work as work14_1_1_ from address_in_groups contacts0_ inner join addressbook contactdat1_ on contacts0_.id=contactdat1_.id where contacts0_.group_id=?
Hibernate: select contacts0_.group_id as group_id2_0_0_, contacts0_.id as id1_0_0_, contactdat1_.id as id1_1_1_, contactdat1_.address as address2_1_1_, contactdat1_.bmonth as bmonth3_1_1_, contactdat1_.byear as byear4_1_1_, contactdat1_.email as email5_1_1_, contactdat1_.email2 as email6_1_1_, contactdat1_.email3 as email7_1_1_, contactdat1_.firstname as firstnam8_1_1_, contactdat1_.home as home9_1_1_, contactdat1_.lastname as lastnam10_1_1_, contactdat1_.middlename as middlen11_1_1_, contactdat1_.mobile as mobile12_1_1_, contactdat1_.photo as photo13_1_1_, contactdat1_.work as work14_1_1_ from address_in_groups contacts0_ inner join addressbook contactdat1_ on contacts0_.id=contactdat1_.id where contacts0_.group_id=?
Hibernate: select contacts0_.group_id as group_id2_0_0_, contacts0_.id as id1_0_0_, contactdat1_.id as id1_1_1_, contactdat1_.address as address2_1_1_, contactdat1_.bmonth as bmonth3_1_1_, contactdat1_.byear as byear4_1_1_, contactdat1_.email as email5_1_1_, contactdat1_.email2 as email6_1_1_, contactdat1_.email3 as email7_1_1_, contactdat1_.firstname as firstnam8_1_1_, contactdat1_.home as home9_1_1_, contactdat1_.lastname as lastnam10_1_1_, contactdat1_.middlename as middlen11_1_1_, contactdat1_.mobile as mobile12_1_1_, contactdat1_.photo as photo13_1_1_, contactdat1_.work as work14_1_1_ from address_in_groups contacts0_ inner join addressbook contactdat1_ on contacts0_.id=contactdat1_.id where contacts0_.group_id=?
Hibernate: select contacts0_.group_id as group_id2_0_0_, contacts0_.id as id1_0_0_, contactdat1_.id as id1_1_1_, contactdat1_.address as address2_1_1_, contactdat1_.bmonth as bmonth3_1_1_, contactdat1_.byear as byear4_1_1_, contactdat1_.email as email5_1_1_, contactdat1_.email2 as email6_1_1_, contactdat1_.email3 as email7_1_1_, contactdat1_.firstname as firstnam8_1_1_, contactdat1_.home as home9_1_1_, contactdat1_.lastname as lastnam10_1_1_, contactdat1_.middlename as middlen11_1_1_, contactdat1_.mobile as mobile12_1_1_, contactdat1_.photo as photo13_1_1_, contactdat1_.work as work14_1_1_ from address_in_groups contacts0_ inner join addressbook contactdat1_ on contacts0_.id=contactdat1_.id where contacts0_.group_id=?
Hibernate: select contacts0_.group_id as group_id2_0_0_, contacts0_.id as id1_0_0_, contactdat1_.id as id1_1_1_, contactdat1_.address as address2_1_1_, contactdat1_.bmonth as bmonth3_1_1_, contactdat1_.byear as byear4_1_1_, contactdat1_.email as email5_1_1_, contactdat1_.email2 as email6_1_1_, contactdat1_.email3 as email7_1_1_, contactdat1_.firstname as firstnam8_1_1_, contactdat1_.home as home9_1_1_, contactdat1_.lastname as lastnam10_1_1_, contactdat1_.middlename as middlen11_1_1_, contactdat1_.mobile as mobile12_1_1_, contactdat1_.photo as photo13_1_1_, contactdat1_.work as work14_1_1_ from address_in_groups contacts0_ inner join addressbook contactdat1_ on contacts0_.id=contactdat1_.id where contacts0_.group_id=?
22:10:57.377 [Test worker] INFO  r.s.pft.addressbook.tests.TestBase - End testtestGroupCreation
]]></system-out>
  <system-err><![CDATA[]]></system-err>
</testsuite>
