<?xml version="1.0" encoding="UTF-8"?>
<testsuite name="ru.neisenbug.GoogleTest" tests="1" skipped="0" failures="1" errors="0" timestamp="2020-11-04T16:24:24" hostname="WIN-NSFR499DEQ9" time="20.845">
  <properties/>
  <testcase name="userCanOpen" classname="ru.neisenbug.GoogleTest" time="20.845">
    <failure message="List size mismatch: expected: = 10, actual: 11, collection: .result&#13;&#10;Elements: [&#13;&#10;&#9;&lt;div class=&quot;result results_links_deep highlight_d result--url-above-snippet&quot; data-domain=&quot;selenide.org&quot; data-hostname=&quot;selenide.org&quot; data-nir=&quot;1&quot; id=&quot;r1-0&quot;&gt;Released Selenide 5.0.1&#10;https://selenide.org/2018/11/07/selenide-5.0.1/&#10;Selenide download statistics. Downloads count continues growing. We crossed the line 40800 downloads per month! Conferences. If you haven't been yet, I recommend to go to Heisenbug conference in Moscow (December 2019). It's a really great conference. Believe me, I have been there last year. Andrei Solntsev. selenide.org&lt;/div&gt;,&#13;&#10;&#9;&lt;div class=&quot;result results_links_deep highlight_d result--url-above-snippet&quot; data-domain=&quot;selenide.org&quot; data-hostname=&quot;selenide.org&quot; data-nir=&quot;1&quot; id=&quot;r1-1&quot;&gt;Released Selenide 3.8&#10;https://selenide.org/2016/08/06/selenide-3.8/&#10;New cool conference in Saint-Petersburg: Heisenbug - looks promising, I am going to speak there; New cool article from Uncle Bob: The Churn; What is a true hardcode; True page objects; For dessert. And for dessert - a fresh joke about Chuck Norris: Chuck Norris does not use Selenide. Chuck Norris writes tests in pure Selenium webdriver.&lt;/div&gt;,&#13;&#10;&#9;&lt;div class=&quot;result results_links_deep highlight_d result--url-above-snippet&quot; data-domain=&quot;heisenbug-moscow.ru&quot; data-hostname=&quot;heisenbug-moscow.ru&quot; data-nir=&quot;1&quot; id=&quot;r1-2&quot;&gt;Heisenbug 2020 Moscow Talks&#10;https://heisenbug-moscow.ru/en/2020/msk/talks/&#10;Workshop: How to start your automation project from scratch (with God's help and Selenide) Воркшоп для автоматизаторов, которые хотят научиться использовать Selenide или начать новый проект, либо переписать существующий проект на Selenide.&lt;/div&gt;,&#13;&#10;&#9;&lt;div class=&quot;result results_links_deep highlight_d result--url-above-snippet&quot; data-domain=&quot;www.youtube.com&quot; data-hostname=&quot;www.youtube.com&quot; data-nir=&quot;1&quot; id=&quot;r1-3&quot;&gt;Selenide: лаконичные и стабильные UI тесты на Java - YouTube&#10;https://www.youtube.com/watch?v=MTHhflyh8Ck&#10;Selenide: лаконичные и стабильные UI тесты на Java Alexei Barantsev. ... Heisenbug 2,795 views. 49:22. Visual Basic .Net : Search in Access Database ...&lt;/div&gt;,&#13;&#10;&#9;&lt;div class=&quot;result results_links_deep highlight_d result--url-above-snippet&quot; data-domain=&quot;2019.heisenbug-moscow.ru&quot; data-hostname=&quot;2019.heisenbug-moscow.ru&quot; data-nir=&quot;1&quot; id=&quot;r1-4&quot;&gt;Program Heisenbug 2019 Moscow&#10;https://2019.heisenbug-moscow.ru/en/schedule/&#10;Heisenbug 2019 Moscow conference program. Get ready, will burn Introduction to technology For practicing engineers Hardcore. Really hard and demanding talk, you'll understand only if you're an experienced engineer&lt;/div&gt;,&#13;&#10;&#9;&lt;div class=&quot;result results_links_deep highlight_d result--url-above-snippet&quot; data-domain=&quot;heisenbug-piter.ru&quot; data-hostname=&quot;heisenbug-piter.ru&quot; data-nir=&quot;1&quot; id=&quot;r1-5&quot;&gt;Speakers Heisenbug 2020 Piter&#10;https://heisenbug-piter.ru/en/2020/spb/people/&#10;Working in IT since 2007, started with WAP-sites for first mobile phones with internet. Stanislav was backend, frontend developer, product manager.&lt;/div&gt;,&#13;&#10;&#9;&lt;div class=&quot;result results_links_deep highlight_d result--url-above-snippet&quot; data-domain=&quot;heisenbug-piter.ru&quot; data-hostname=&quot;heisenbug-piter.ru&quot; data-nir=&quot;1&quot; id=&quot;r1-6&quot;&gt;Heisenbug Piter Talks&#10;https://heisenbug-piter.ru/en/2020/spb/talks/&#10;Android functional testing: Scaling the mountain. This talk covers a number of the things team tried with particular reference to the Android infrastructure, and problems Tim worked around while working towards the solution they have now, where the team can run 1500 tests in 30-40 minutes, more than 100,000 tests per day, providing support for multiple versions and configurations of Android ...&lt;/div&gt;,&#13;&#10;&#9;&lt;div class=&quot;result results_links_deep highlight_d result--url-above-snippet&quot; data-domain=&quot;itchallenges.me&quot; data-hostname=&quot;itchallenges.me&quot; data-nir=&quot;1&quot; id=&quot;r1-7&quot;&gt;IT Challenges #3 - Open European Championship for Web and ...&#10;https://itchallenges.me/jury&#10;He consults about quality assurance, test automation and about how to keep calm and be a good tester. He is a developer of Selenide, and the founder and moderator of Radio QA podcast. Alexei is a passionate speaker who talked at many QA conferences, including SQA Days, Selenium Camp, Selenium Conference, Heisenbug, CodeFest, QA Fest.&lt;/div&gt;,&#13;&#10;&#9;&lt;div class=&quot;result results_links_deep highlight_d result--url-above-snippet&quot; data-domain=&quot;2017.heisenbug-moscow.ru&quot; data-hostname=&quot;2017.heisenbug-moscow.ru&quot; data-nir=&quot;1&quot; id=&quot;r1-8&quot;&gt;Heisenbug 2017 Moscow. December 8-9, 2017. Moscow.&#10;https://2017.heisenbug-moscow.ru/en/&#10;Heisenbug 2017 Moscow was a large technical conference, which brought together more than 500 professionals in the field of quality assurance. These professionals were testers, programmers developing tests for their code, engineers in automated and load testing, and team leads willing to improve testing efficiency in their projects.&lt;/div&gt;,&#13;&#10;&#9;&lt;div class=&quot;result results_links_deep highlight_d result--url-above-snippet&quot; data-domain=&quot;seleniumcamp.com&quot; data-hostname=&quot;seleniumcamp.com&quot; data-nir=&quot;1&quot; id=&quot;r1-9&quot;&gt;QA Livecoding Battle &quot;Typed Element Framework (JDI) VS ...&#10;https://seleniumcamp.com/talk/qa-livecoding-battle-typed-element-framework-jdi-vs-untyped-elements-framework-selenide/&#10;Alexei and Roman have delivered a sound theoretical battle earlier at Heisenbug-2016 Conference in Moscow. But were everything said just words? ... Selenide, commenting their actions. The audience will decide with their votes which of the concept was better. Alexei Vinogradov Self-employed Consultant, Germany.&lt;/div&gt;,&#13;&#10;&#9;&lt;div class=&quot;result result--more&quot; id=&quot;rld-1&quot;&gt;Больше Результатов&lt;/div&gt;&#13;&#10;]&#13;&#10;Screenshot: file:/C:/Users/User/java_b16_oberemok/heisenbug3treck/build/reports/tests/1604507084675.0.png&#13;&#10;Page source: file:/C:/Users/User/java_b16_oberemok/heisenbug3treck/build/reports/tests/1604507084675.0.html&#13;&#10;Timeout: 9 s." type="com.codeborne.selenide.ex.ListSizeMismatch">List size mismatch: expected: = 10, actual: 11, collection: .result
Elements: [
	&lt;div class=&quot;result results_links_deep highlight_d result--url-above-snippet&quot; data-domain=&quot;selenide.org&quot; data-hostname=&quot;selenide.org&quot; data-nir=&quot;1&quot; id=&quot;r1-0&quot;&gt;Released Selenide 5.0.1
https://selenide.org/2018/11/07/selenide-5.0.1/
Selenide download statistics. Downloads count continues growing. We crossed the line 40800 downloads per month! Conferences. If you haven't been yet, I recommend to go to Heisenbug conference in Moscow (December 2019). It's a really great conference. Believe me, I have been there last year. Andrei Solntsev. selenide.org&lt;/div&gt;,
	&lt;div class=&quot;result results_links_deep highlight_d result--url-above-snippet&quot; data-domain=&quot;selenide.org&quot; data-hostname=&quot;selenide.org&quot; data-nir=&quot;1&quot; id=&quot;r1-1&quot;&gt;Released Selenide 3.8
https://selenide.org/2016/08/06/selenide-3.8/
New cool conference in Saint-Petersburg: Heisenbug - looks promising, I am going to speak there; New cool article from Uncle Bob: The Churn; What is a true hardcode; True page objects; For dessert. And for dessert - a fresh joke about Chuck Norris: Chuck Norris does not use Selenide. Chuck Norris writes tests in pure Selenium webdriver.&lt;/div&gt;,
	&lt;div class=&quot;result results_links_deep highlight_d result--url-above-snippet&quot; data-domain=&quot;heisenbug-moscow.ru&quot; data-hostname=&quot;heisenbug-moscow.ru&quot; data-nir=&quot;1&quot; id=&quot;r1-2&quot;&gt;Heisenbug 2020 Moscow Talks
https://heisenbug-moscow.ru/en/2020/msk/talks/
Workshop: How to start your automation project from scratch (with God's help and Selenide) Воркшоп для автоматизаторов, которые хотят научиться использовать Selenide или начать новый проект, либо переписать существующий проект на Selenide.&lt;/div&gt;,
	&lt;div class=&quot;result results_links_deep highlight_d result--url-above-snippet&quot; data-domain=&quot;www.youtube.com&quot; data-hostname=&quot;www.youtube.com&quot; data-nir=&quot;1&quot; id=&quot;r1-3&quot;&gt;Selenide: лаконичные и стабильные UI тесты на Java - YouTube
https://www.youtube.com/watch?v=MTHhflyh8Ck
Selenide: лаконичные и стабильные UI тесты на Java Alexei Barantsev. ... Heisenbug 2,795 views. 49:22. Visual Basic .Net : Search in Access Database ...&lt;/div&gt;,
	&lt;div class=&quot;result results_links_deep highlight_d result--url-above-snippet&quot; data-domain=&quot;2019.heisenbug-moscow.ru&quot; data-hostname=&quot;2019.heisenbug-moscow.ru&quot; data-nir=&quot;1&quot; id=&quot;r1-4&quot;&gt;Program Heisenbug 2019 Moscow
https://2019.heisenbug-moscow.ru/en/schedule/
Heisenbug 2019 Moscow conference program. Get ready, will burn Introduction to technology For practicing engineers Hardcore. Really hard and demanding talk, you'll understand only if you're an experienced engineer&lt;/div&gt;,
	&lt;div class=&quot;result results_links_deep highlight_d result--url-above-snippet&quot; data-domain=&quot;heisenbug-piter.ru&quot; data-hostname=&quot;heisenbug-piter.ru&quot; data-nir=&quot;1&quot; id=&quot;r1-5&quot;&gt;Speakers Heisenbug 2020 Piter
https://heisenbug-piter.ru/en/2020/spb/people/
Working in IT since 2007, started with WAP-sites for first mobile phones with internet. Stanislav was backend, frontend developer, product manager.&lt;/div&gt;,
	&lt;div class=&quot;result results_links_deep highlight_d result--url-above-snippet&quot; data-domain=&quot;heisenbug-piter.ru&quot; data-hostname=&quot;heisenbug-piter.ru&quot; data-nir=&quot;1&quot; id=&quot;r1-6&quot;&gt;Heisenbug Piter Talks
https://heisenbug-piter.ru/en/2020/spb/talks/
Android functional testing: Scaling the mountain. This talk covers a number of the things team tried with particular reference to the Android infrastructure, and problems Tim worked around while working towards the solution they have now, where the team can run 1500 tests in 30-40 minutes, more than 100,000 tests per day, providing support for multiple versions and configurations of Android ...&lt;/div&gt;,
	&lt;div class=&quot;result results_links_deep highlight_d result--url-above-snippet&quot; data-domain=&quot;itchallenges.me&quot; data-hostname=&quot;itchallenges.me&quot; data-nir=&quot;1&quot; id=&quot;r1-7&quot;&gt;IT Challenges #3 - Open European Championship for Web and ...
https://itchallenges.me/jury
He consults about quality assurance, test automation and about how to keep calm and be a good tester. He is a developer of Selenide, and the founder and moderator of Radio QA podcast. Alexei is a passionate speaker who talked at many QA conferences, including SQA Days, Selenium Camp, Selenium Conference, Heisenbug, CodeFest, QA Fest.&lt;/div&gt;,
	&lt;div class=&quot;result results_links_deep highlight_d result--url-above-snippet&quot; data-domain=&quot;2017.heisenbug-moscow.ru&quot; data-hostname=&quot;2017.heisenbug-moscow.ru&quot; data-nir=&quot;1&quot; id=&quot;r1-8&quot;&gt;Heisenbug 2017 Moscow. December 8-9, 2017. Moscow.
https://2017.heisenbug-moscow.ru/en/
Heisenbug 2017 Moscow was a large technical conference, which brought together more than 500 professionals in the field of quality assurance. These professionals were testers, programmers developing tests for their code, engineers in automated and load testing, and team leads willing to improve testing efficiency in their projects.&lt;/div&gt;,
	&lt;div class=&quot;result results_links_deep highlight_d result--url-above-snippet&quot; data-domain=&quot;seleniumcamp.com&quot; data-hostname=&quot;seleniumcamp.com&quot; data-nir=&quot;1&quot; id=&quot;r1-9&quot;&gt;QA Livecoding Battle &quot;Typed Element Framework (JDI) VS ...
https://seleniumcamp.com/talk/qa-livecoding-battle-typed-element-framework-jdi-vs-untyped-elements-framework-selenide/
Alexei and Roman have delivered a sound theoretical battle earlier at Heisenbug-2016 Conference in Moscow. But were everything said just words? ... Selenide, commenting their actions. The audience will decide with their votes which of the concept was better. Alexei Vinogradov Self-employed Consultant, Germany.&lt;/div&gt;,
	&lt;div class=&quot;result result--more&quot; id=&quot;rld-1&quot;&gt;Больше Результатов&lt;/div&gt;
]
Screenshot: file:/C:/Users/User/java_b16_oberemok/heisenbug3treck/build/reports/tests/1604507084675.0.png
Page source: file:/C:/Users/User/java_b16_oberemok/heisenbug3treck/build/reports/tests/1604507084675.0.html
Timeout: 9 s.
	at com.codeborne.selenide.collections.ListSize.fail(ListSize.java:32)
	at com.codeborne.selenide.ElementsCollection.waitUntil(ElementsCollection.java:177)
	at com.codeborne.selenide.ElementsCollection.should(ElementsCollection.java:122)
	at com.codeborne.selenide.ElementsCollection.shouldHave(ElementsCollection.java:99)
	at ru.neisenbug.GoogleTest.userCanOpen(GoogleTest.java:24)
	at sun.reflect.NativeMethodAccessorImpl.invoke0(Native Method)
	at sun.reflect.NativeMethodAccessorImpl.invoke(NativeMethodAccessorImpl.java:62)
	at sun.reflect.DelegatingMethodAccessorImpl.invoke(DelegatingMethodAccessorImpl.java:43)
	at java.lang.reflect.Method.invoke(Method.java:498)
	at org.junit.runners.model.FrameworkMethod$1.runReflectiveCall(FrameworkMethod.java:59)
	at org.junit.internal.runners.model.ReflectiveCallable.run(ReflectiveCallable.java:12)
	at org.junit.runners.model.FrameworkMethod.invokeExplosively(FrameworkMethod.java:56)
	at org.junit.internal.runners.statements.InvokeMethod.evaluate(InvokeMethod.java:17)
	at org.junit.runners.ParentRunner$3.evaluate(ParentRunner.java:306)
	at org.junit.runners.BlockJUnit4ClassRunner$1.evaluate(BlockJUnit4ClassRunner.java:100)
	at org.junit.runners.ParentRunner.runLeaf(ParentRunner.java:366)
	at org.junit.runners.BlockJUnit4ClassRunner.runChild(BlockJUnit4ClassRunner.java:103)
	at org.junit.runners.BlockJUnit4ClassRunner.runChild(BlockJUnit4ClassRunner.java:63)
	at org.junit.runners.ParentRunner$4.run(ParentRunner.java:331)
	at org.junit.runners.ParentRunner$1.schedule(ParentRunner.java:79)
	at org.junit.runners.ParentRunner.runChildren(ParentRunner.java:329)
	at org.junit.runners.ParentRunner.access$100(ParentRunner.java:66)
	at org.junit.runners.ParentRunner$2.evaluate(ParentRunner.java:293)
	at org.junit.runners.ParentRunner$3.evaluate(ParentRunner.java:306)
	at org.junit.runners.ParentRunner.run(ParentRunner.java:413)
	at org.gradle.api.internal.tasks.testing.junit.JUnitTestClassExecutor.runTestClass(JUnitTestClassExecutor.java:110)
	at org.gradle.api.internal.tasks.testing.junit.JUnitTestClassExecutor.execute(JUnitTestClassExecutor.java:58)
	at org.gradle.api.internal.tasks.testing.junit.JUnitTestClassExecutor.execute(JUnitTestClassExecutor.java:38)
	at org.gradle.api.internal.tasks.testing.junit.AbstractJUnitTestClassProcessor.processTestClass(AbstractJUnitTestClassProcessor.java:62)
	at org.gradle.api.internal.tasks.testing.SuiteTestClassProcessor.processTestClass(SuiteTestClassProcessor.java:51)
	at sun.reflect.NativeMethodAccessorImpl.invoke0(Native Method)
	at sun.reflect.NativeMethodAccessorImpl.invoke(NativeMethodAccessorImpl.java:62)
	at sun.reflect.DelegatingMethodAccessorImpl.invoke(DelegatingMethodAccessorImpl.java:43)
	at java.lang.reflect.Method.invoke(Method.java:498)
	at org.gradle.internal.dispatch.ReflectionDispatch.dispatch(ReflectionDispatch.java:36)
	at org.gradle.internal.dispatch.ReflectionDispatch.dispatch(ReflectionDispatch.java:24)
	at org.gradle.internal.dispatch.ContextClassLoaderDispatch.dispatch(ContextClassLoaderDispatch.java:33)
	at org.gradle.internal.dispatch.ProxyDispatchAdapter$DispatchingInvocationHandler.invoke(ProxyDispatchAdapter.java:94)
	at com.sun.proxy.$Proxy2.processTestClass(Unknown Source)
	at org.gradle.api.internal.tasks.testing.worker.TestWorker.processTestClass(TestWorker.java:118)
	at sun.reflect.NativeMethodAccessorImpl.invoke0(Native Method)
	at sun.reflect.NativeMethodAccessorImpl.invoke(NativeMethodAccessorImpl.java:62)
	at sun.reflect.DelegatingMethodAccessorImpl.invoke(DelegatingMethodAccessorImpl.java:43)
	at java.lang.reflect.Method.invoke(Method.java:498)
	at org.gradle.internal.dispatch.ReflectionDispatch.dispatch(ReflectionDispatch.java:36)
	at org.gradle.internal.dispatch.ReflectionDispatch.dispatch(ReflectionDispatch.java:24)
	at org.gradle.internal.remote.internal.hub.MessageHubBackedObjectConnection$DispatchWrapper.dispatch(MessageHubBackedObjectConnection.java:182)
	at org.gradle.internal.remote.internal.hub.MessageHubBackedObjectConnection$DispatchWrapper.dispatch(MessageHubBackedObjectConnection.java:164)
	at org.gradle.internal.remote.internal.hub.MessageHub$Handler.run(MessageHub.java:412)
	at org.gradle.internal.concurrent.ExecutorPolicy$CatchAndRecordFailures.onExecute(ExecutorPolicy.java:64)
	at org.gradle.internal.concurrent.ManagedExecutorImpl$1.run(ManagedExecutorImpl.java:48)
	at java.util.concurrent.ThreadPoolExecutor.runWorker(ThreadPoolExecutor.java:1149)
	at java.util.concurrent.ThreadPoolExecutor$Worker.run(ThreadPoolExecutor.java:624)
	at org.gradle.internal.concurrent.ThreadFactoryImpl$ManagedThreadRunnable.run(ThreadFactoryImpl.java:56)
	at java.lang.Thread.run(Thread.java:748)
</failure>
  </testcase>
  <system-out><![CDATA[]]></system-out>
  <system-err><![CDATA[[Test worker] INFO com.codeborne.selenide.impl.WebDriverThreadLocalContainer - No webdriver is bound to current thread: 12 - let's create a new webdriver
[Test worker] INFO com.codeborne.selenide.impl.FileHelper - Creating folder: C:\Users\User\java_b16_oberemok\heisenbug3treck\build\downloads\1604507064461_6316_12
[Test worker] INFO io.github.bonigarcia.wdm.WebDriverManager - Using chromedriver 86.0.4240.22 (resolved driver for Chrome 86)
[Test worker] INFO io.github.bonigarcia.wdm.WebDriverManager - Exporting webdriver.chrome.driver as C:\Users\User\.cache\selenium\chromedriver\win32\86.0.4240.22\chromedriver.exe
[Test worker] INFO com.codeborne.selenide.webdriver.AbstractDriverFactory - Write webdriver logs to: C:\Users\User\java_b16_oberemok\heisenbug3treck\build\reports\tests\webdriver.1604507065241_6316_12.log
Starting ChromeDriver 86.0.4240.22 (398b0743353ff36fb1b82468f63a3a93b4e2e89e-refs/branch-heads/4240@{#378}) on port 44861
Only local connections are allowed.
Please see https://chromedriver.chromium.org/security-considerations for suggestions on keeping ChromeDriver safe.
ChromeDriver was started successfully.
ноя 04, 2020 7:24:28 PM org.openqa.selenium.remote.ProtocolHandshake createSession
INFO: Detected dialect: W3C
[Test worker] INFO com.codeborne.selenide.webdriver.BrowserResizer - Set browser size to 1366x768
[Test worker] INFO com.codeborne.selenide.webdriver.WebDriverFactory - BrowserName=chrome Version=86.0.4240.183 Platform=WINDOWS
[Test worker] INFO com.codeborne.selenide.webdriver.WebDriverFactory - Selenide v. 5.15.1
[Test worker] INFO com.codeborne.selenide.webdriver.WebDriverFactory - Selenium WebDriver v. 3.141.59 build time: 2018-11-14T08:17:03
[Test worker] INFO com.codeborne.selenide.drivercommands.CreateDriverCommand - Create webdriver in current thread 12: ChromeDriver -> ChromeDriver: chrome on WINDOWS (7805205cfe1b7c3239e98c7e51d60a5c)
]]></system-err>
</testsuite>
